[2025-02-08T21:02:39.287+0000] {processor.py:186} INFO - Started process (PID=719) to work on /opt/airflow/dags/transaction_facts_generator.py
[2025-02-08T21:02:39.288+0000] {processor.py:914} INFO - Processing file /opt/airflow/dags/transaction_facts_generator.py for tasks to queue
[2025-02-08T21:02:39.289+0000] {logging_mixin.py:190} INFO - [2025-02-08T21:02:39.289+0000] {dagbag.py:588} INFO - Filling up the DagBag from /opt/airflow/dags/transaction_facts_generator.py
[2025-02-08T21:02:39.310+0000] {logging_mixin.py:190} INFO - [2025-02-08T21:02:39.305+0000] {dagbag.py:387} ERROR - Failed to import: /opt/airflow/dags/transaction_facts_generator.py
Traceback (most recent call last):
  File "/home/airflow/.local/lib/python3.12/site-packages/airflow/models/dagbag.py", line 383, in parse
    loader.exec_module(new_module)
  File "<frozen importlib._bootstrap_external>", line 995, in exec_module
  File "<frozen importlib._bootstrap>", line 488, in _call_with_frames_removed
  File "/opt/airflow/dags/transaction_facts_generator.py", line 4, in <module>
    from kafka_operator import KafkaProduceOperator
ImportError: cannot import name 'KafkaProduceOperator' from 'kafka_operator' (/opt/airflow/plugins/kafka_operator.py)
[2025-02-08T21:02:39.311+0000] {processor.py:927} WARNING - No viable dags retrieved from /opt/airflow/dags/transaction_facts_generator.py
[2025-02-08T21:02:39.330+0000] {processor.py:208} INFO - Processing /opt/airflow/dags/transaction_facts_generator.py took 0.049 seconds
[2025-02-08T21:03:10.066+0000] {processor.py:186} INFO - Started process (PID=748) to work on /opt/airflow/dags/transaction_facts_generator.py
[2025-02-08T21:03:10.066+0000] {processor.py:914} INFO - Processing file /opt/airflow/dags/transaction_facts_generator.py for tasks to queue
[2025-02-08T21:03:10.068+0000] {logging_mixin.py:190} INFO - [2025-02-08T21:03:10.067+0000] {dagbag.py:588} INFO - Filling up the DagBag from /opt/airflow/dags/transaction_facts_generator.py
[2025-02-08T21:03:10.079+0000] {logging_mixin.py:190} INFO - [2025-02-08T21:03:10.077+0000] {dagbag.py:387} ERROR - Failed to import: /opt/airflow/dags/transaction_facts_generator.py
Traceback (most recent call last):
  File "/home/airflow/.local/lib/python3.12/site-packages/airflow/models/dagbag.py", line 383, in parse
    loader.exec_module(new_module)
  File "<frozen importlib._bootstrap_external>", line 995, in exec_module
  File "<frozen importlib._bootstrap>", line 488, in _call_with_frames_removed
  File "/opt/airflow/dags/transaction_facts_generator.py", line 4, in <module>
    from kafka_operator import KafkaProduceOperator
ImportError: cannot import name 'KafkaProduceOperator' from 'kafka_operator' (/opt/airflow/plugins/kafka_operator.py)
[2025-02-08T21:03:10.080+0000] {processor.py:927} WARNING - No viable dags retrieved from /opt/airflow/dags/transaction_facts_generator.py
[2025-02-08T21:03:10.097+0000] {processor.py:208} INFO - Processing /opt/airflow/dags/transaction_facts_generator.py took 0.037 seconds
[2025-02-08T21:03:40.632+0000] {processor.py:186} INFO - Started process (PID=777) to work on /opt/airflow/dags/transaction_facts_generator.py
[2025-02-08T21:03:40.633+0000] {processor.py:914} INFO - Processing file /opt/airflow/dags/transaction_facts_generator.py for tasks to queue
[2025-02-08T21:03:40.634+0000] {logging_mixin.py:190} INFO - [2025-02-08T21:03:40.634+0000] {dagbag.py:588} INFO - Filling up the DagBag from /opt/airflow/dags/transaction_facts_generator.py
[2025-02-08T21:03:40.647+0000] {logging_mixin.py:190} INFO - [2025-02-08T21:03:40.643+0000] {dagbag.py:387} ERROR - Failed to import: /opt/airflow/dags/transaction_facts_generator.py
Traceback (most recent call last):
  File "/home/airflow/.local/lib/python3.12/site-packages/airflow/models/dagbag.py", line 383, in parse
    loader.exec_module(new_module)
  File "<frozen importlib._bootstrap_external>", line 995, in exec_module
  File "<frozen importlib._bootstrap>", line 488, in _call_with_frames_removed
  File "/opt/airflow/dags/transaction_facts_generator.py", line 4, in <module>
    from kafka_operator import KafkaProduceOperator
ImportError: cannot import name 'KafkaProduceOperator' from 'kafka_operator' (/opt/airflow/plugins/kafka_operator.py)
[2025-02-08T21:03:40.649+0000] {processor.py:927} WARNING - No viable dags retrieved from /opt/airflow/dags/transaction_facts_generator.py
[2025-02-08T21:03:40.669+0000] {processor.py:208} INFO - Processing /opt/airflow/dags/transaction_facts_generator.py took 0.044 seconds
[2025-02-08T21:04:11.181+0000] {processor.py:186} INFO - Started process (PID=806) to work on /opt/airflow/dags/transaction_facts_generator.py
[2025-02-08T21:04:11.181+0000] {processor.py:914} INFO - Processing file /opt/airflow/dags/transaction_facts_generator.py for tasks to queue
[2025-02-08T21:04:11.182+0000] {logging_mixin.py:190} INFO - [2025-02-08T21:04:11.182+0000] {dagbag.py:588} INFO - Filling up the DagBag from /opt/airflow/dags/transaction_facts_generator.py
[2025-02-08T21:04:11.194+0000] {logging_mixin.py:190} INFO - [2025-02-08T21:04:11.190+0000] {dagbag.py:387} ERROR - Failed to import: /opt/airflow/dags/transaction_facts_generator.py
Traceback (most recent call last):
  File "/home/airflow/.local/lib/python3.12/site-packages/airflow/models/dagbag.py", line 383, in parse
    loader.exec_module(new_module)
  File "<frozen importlib._bootstrap_external>", line 995, in exec_module
  File "<frozen importlib._bootstrap>", line 488, in _call_with_frames_removed
  File "/opt/airflow/dags/transaction_facts_generator.py", line 4, in <module>
    from kafka_operator import KafkaProduceOperator
ImportError: cannot import name 'KafkaProduceOperator' from 'kafka_operator' (/opt/airflow/plugins/kafka_operator.py)
[2025-02-08T21:04:11.195+0000] {processor.py:927} WARNING - No viable dags retrieved from /opt/airflow/dags/transaction_facts_generator.py
[2025-02-08T21:04:11.210+0000] {processor.py:208} INFO - Processing /opt/airflow/dags/transaction_facts_generator.py took 0.035 seconds
[2025-02-08T21:04:41.767+0000] {processor.py:186} INFO - Started process (PID=835) to work on /opt/airflow/dags/transaction_facts_generator.py
[2025-02-08T21:04:41.768+0000] {processor.py:914} INFO - Processing file /opt/airflow/dags/transaction_facts_generator.py for tasks to queue
[2025-02-08T21:04:41.769+0000] {logging_mixin.py:190} INFO - [2025-02-08T21:04:41.768+0000] {dagbag.py:588} INFO - Filling up the DagBag from /opt/airflow/dags/transaction_facts_generator.py
[2025-02-08T21:04:41.777+0000] {logging_mixin.py:190} INFO - [2025-02-08T21:04:41.775+0000] {dagbag.py:387} ERROR - Failed to import: /opt/airflow/dags/transaction_facts_generator.py
Traceback (most recent call last):
  File "/home/airflow/.local/lib/python3.12/site-packages/airflow/models/dagbag.py", line 383, in parse
    loader.exec_module(new_module)
  File "<frozen importlib._bootstrap_external>", line 995, in exec_module
  File "<frozen importlib._bootstrap>", line 488, in _call_with_frames_removed
  File "/opt/airflow/dags/transaction_facts_generator.py", line 4, in <module>
    from kafka_operator import KafkaProduceOperator
ImportError: cannot import name 'KafkaProduceOperator' from 'kafka_operator' (/opt/airflow/plugins/kafka_operator.py)
[2025-02-08T21:04:41.778+0000] {processor.py:927} WARNING - No viable dags retrieved from /opt/airflow/dags/transaction_facts_generator.py
[2025-02-08T21:04:41.795+0000] {processor.py:208} INFO - Processing /opt/airflow/dags/transaction_facts_generator.py took 0.033 seconds
[2025-02-08T21:05:12.336+0000] {processor.py:186} INFO - Started process (PID=864) to work on /opt/airflow/dags/transaction_facts_generator.py
[2025-02-08T21:05:12.337+0000] {processor.py:914} INFO - Processing file /opt/airflow/dags/transaction_facts_generator.py for tasks to queue
[2025-02-08T21:05:12.338+0000] {logging_mixin.py:190} INFO - [2025-02-08T21:05:12.338+0000] {dagbag.py:588} INFO - Filling up the DagBag from /opt/airflow/dags/transaction_facts_generator.py
[2025-02-08T21:05:12.348+0000] {logging_mixin.py:190} INFO - [2025-02-08T21:05:12.345+0000] {dagbag.py:387} ERROR - Failed to import: /opt/airflow/dags/transaction_facts_generator.py
Traceback (most recent call last):
  File "/home/airflow/.local/lib/python3.12/site-packages/airflow/models/dagbag.py", line 383, in parse
    loader.exec_module(new_module)
  File "<frozen importlib._bootstrap_external>", line 995, in exec_module
  File "<frozen importlib._bootstrap>", line 488, in _call_with_frames_removed
  File "/opt/airflow/dags/transaction_facts_generator.py", line 4, in <module>
    from kafka_operator import KafkaProduceOperator
ImportError: cannot import name 'KafkaProduceOperator' from 'kafka_operator' (/opt/airflow/plugins/kafka_operator.py)
[2025-02-08T21:05:12.349+0000] {processor.py:927} WARNING - No viable dags retrieved from /opt/airflow/dags/transaction_facts_generator.py
[2025-02-08T21:05:12.367+0000] {processor.py:208} INFO - Processing /opt/airflow/dags/transaction_facts_generator.py took 0.036 seconds
[2025-02-08T21:05:42.899+0000] {processor.py:186} INFO - Started process (PID=893) to work on /opt/airflow/dags/transaction_facts_generator.py
[2025-02-08T21:05:42.900+0000] {processor.py:914} INFO - Processing file /opt/airflow/dags/transaction_facts_generator.py for tasks to queue
[2025-02-08T21:05:42.901+0000] {logging_mixin.py:190} INFO - [2025-02-08T21:05:42.900+0000] {dagbag.py:588} INFO - Filling up the DagBag from /opt/airflow/dags/transaction_facts_generator.py
[2025-02-08T21:05:42.912+0000] {logging_mixin.py:190} INFO - [2025-02-08T21:05:42.909+0000] {dagbag.py:387} ERROR - Failed to import: /opt/airflow/dags/transaction_facts_generator.py
Traceback (most recent call last):
  File "/home/airflow/.local/lib/python3.12/site-packages/airflow/models/dagbag.py", line 383, in parse
    loader.exec_module(new_module)
  File "<frozen importlib._bootstrap_external>", line 995, in exec_module
  File "<frozen importlib._bootstrap>", line 488, in _call_with_frames_removed
  File "/opt/airflow/dags/transaction_facts_generator.py", line 4, in <module>
    from kafka_operator import KafkaProduceOperator
ImportError: cannot import name 'KafkaProduceOperator' from 'kafka_operator' (/opt/airflow/plugins/kafka_operator.py)
[2025-02-08T21:05:42.913+0000] {processor.py:927} WARNING - No viable dags retrieved from /opt/airflow/dags/transaction_facts_generator.py
[2025-02-08T21:05:42.932+0000] {processor.py:208} INFO - Processing /opt/airflow/dags/transaction_facts_generator.py took 0.038 seconds
[2025-02-08T21:06:13.448+0000] {processor.py:186} INFO - Started process (PID=922) to work on /opt/airflow/dags/transaction_facts_generator.py
[2025-02-08T21:06:13.449+0000] {processor.py:914} INFO - Processing file /opt/airflow/dags/transaction_facts_generator.py for tasks to queue
[2025-02-08T21:06:13.450+0000] {logging_mixin.py:190} INFO - [2025-02-08T21:06:13.450+0000] {dagbag.py:588} INFO - Filling up the DagBag from /opt/airflow/dags/transaction_facts_generator.py
[2025-02-08T21:06:13.459+0000] {logging_mixin.py:190} INFO - [2025-02-08T21:06:13.457+0000] {dagbag.py:387} ERROR - Failed to import: /opt/airflow/dags/transaction_facts_generator.py
Traceback (most recent call last):
  File "/home/airflow/.local/lib/python3.12/site-packages/airflow/models/dagbag.py", line 383, in parse
    loader.exec_module(new_module)
  File "<frozen importlib._bootstrap_external>", line 995, in exec_module
  File "<frozen importlib._bootstrap>", line 488, in _call_with_frames_removed
  File "/opt/airflow/dags/transaction_facts_generator.py", line 4, in <module>
    from kafka_operator import KafkaProduceOperator
ImportError: cannot import name 'KafkaProduceOperator' from 'kafka_operator' (/opt/airflow/plugins/kafka_operator.py)
[2025-02-08T21:06:13.460+0000] {processor.py:927} WARNING - No viable dags retrieved from /opt/airflow/dags/transaction_facts_generator.py
[2025-02-08T21:06:13.478+0000] {processor.py:208} INFO - Processing /opt/airflow/dags/transaction_facts_generator.py took 0.035 seconds
[2025-02-08T21:06:44.042+0000] {processor.py:186} INFO - Started process (PID=951) to work on /opt/airflow/dags/transaction_facts_generator.py
[2025-02-08T21:06:44.045+0000] {processor.py:914} INFO - Processing file /opt/airflow/dags/transaction_facts_generator.py for tasks to queue
[2025-02-08T21:06:44.046+0000] {logging_mixin.py:190} INFO - [2025-02-08T21:06:44.046+0000] {dagbag.py:588} INFO - Filling up the DagBag from /opt/airflow/dags/transaction_facts_generator.py
[2025-02-08T21:06:44.058+0000] {logging_mixin.py:190} INFO - [2025-02-08T21:06:44.055+0000] {dagbag.py:387} ERROR - Failed to import: /opt/airflow/dags/transaction_facts_generator.py
Traceback (most recent call last):
  File "/home/airflow/.local/lib/python3.12/site-packages/airflow/models/dagbag.py", line 383, in parse
    loader.exec_module(new_module)
  File "<frozen importlib._bootstrap_external>", line 995, in exec_module
  File "<frozen importlib._bootstrap>", line 488, in _call_with_frames_removed
  File "/opt/airflow/dags/transaction_facts_generator.py", line 4, in <module>
    from kafka_operator import KafkaProduceOperator
ImportError: cannot import name 'KafkaProduceOperator' from 'kafka_operator' (/opt/airflow/plugins/kafka_operator.py)
[2025-02-08T21:06:44.059+0000] {processor.py:927} WARNING - No viable dags retrieved from /opt/airflow/dags/transaction_facts_generator.py
[2025-02-08T21:06:44.074+0000] {processor.py:208} INFO - Processing /opt/airflow/dags/transaction_facts_generator.py took 0.038 seconds
[2025-02-08T21:07:14.680+0000] {processor.py:186} INFO - Started process (PID=980) to work on /opt/airflow/dags/transaction_facts_generator.py
[2025-02-08T21:07:14.681+0000] {processor.py:914} INFO - Processing file /opt/airflow/dags/transaction_facts_generator.py for tasks to queue
[2025-02-08T21:07:14.683+0000] {logging_mixin.py:190} INFO - [2025-02-08T21:07:14.682+0000] {dagbag.py:588} INFO - Filling up the DagBag from /opt/airflow/dags/transaction_facts_generator.py
[2025-02-08T21:07:14.693+0000] {logging_mixin.py:190} INFO - [2025-02-08T21:07:14.691+0000] {dagbag.py:387} ERROR - Failed to import: /opt/airflow/dags/transaction_facts_generator.py
Traceback (most recent call last):
  File "/home/airflow/.local/lib/python3.12/site-packages/airflow/models/dagbag.py", line 383, in parse
    loader.exec_module(new_module)
  File "<frozen importlib._bootstrap_external>", line 995, in exec_module
  File "<frozen importlib._bootstrap>", line 488, in _call_with_frames_removed
  File "/opt/airflow/dags/transaction_facts_generator.py", line 4, in <module>
    from kafka_operator import KafkaProduceOperator
ImportError: cannot import name 'KafkaProduceOperator' from 'kafka_operator' (/opt/airflow/plugins/kafka_operator.py)
[2025-02-08T21:07:14.694+0000] {processor.py:927} WARNING - No viable dags retrieved from /opt/airflow/dags/transaction_facts_generator.py
[2025-02-08T21:07:14.711+0000] {processor.py:208} INFO - Processing /opt/airflow/dags/transaction_facts_generator.py took 0.036 seconds
[2025-02-08T21:07:45.294+0000] {processor.py:186} INFO - Started process (PID=1009) to work on /opt/airflow/dags/transaction_facts_generator.py
[2025-02-08T21:07:45.295+0000] {processor.py:914} INFO - Processing file /opt/airflow/dags/transaction_facts_generator.py for tasks to queue
[2025-02-08T21:07:45.296+0000] {logging_mixin.py:190} INFO - [2025-02-08T21:07:45.296+0000] {dagbag.py:588} INFO - Filling up the DagBag from /opt/airflow/dags/transaction_facts_generator.py
[2025-02-08T21:07:45.307+0000] {logging_mixin.py:190} INFO - [2025-02-08T21:07:45.304+0000] {dagbag.py:387} ERROR - Failed to import: /opt/airflow/dags/transaction_facts_generator.py
Traceback (most recent call last):
  File "/home/airflow/.local/lib/python3.12/site-packages/airflow/models/dagbag.py", line 383, in parse
    loader.exec_module(new_module)
  File "<frozen importlib._bootstrap_external>", line 995, in exec_module
  File "<frozen importlib._bootstrap>", line 488, in _call_with_frames_removed
  File "/opt/airflow/dags/transaction_facts_generator.py", line 4, in <module>
    from kafka_operator import KafkaProduceOperator
ImportError: cannot import name 'KafkaProduceOperator' from 'kafka_operator' (/opt/airflow/plugins/kafka_operator.py)
[2025-02-08T21:07:45.309+0000] {processor.py:927} WARNING - No viable dags retrieved from /opt/airflow/dags/transaction_facts_generator.py
[2025-02-08T21:07:45.328+0000] {processor.py:208} INFO - Processing /opt/airflow/dags/transaction_facts_generator.py took 0.039 seconds
[2025-02-08T21:08:15.867+0000] {processor.py:186} INFO - Started process (PID=1038) to work on /opt/airflow/dags/transaction_facts_generator.py
[2025-02-08T21:08:15.868+0000] {processor.py:914} INFO - Processing file /opt/airflow/dags/transaction_facts_generator.py for tasks to queue
[2025-02-08T21:08:15.869+0000] {logging_mixin.py:190} INFO - [2025-02-08T21:08:15.869+0000] {dagbag.py:588} INFO - Filling up the DagBag from /opt/airflow/dags/transaction_facts_generator.py
[2025-02-08T21:08:15.879+0000] {logging_mixin.py:190} INFO - [2025-02-08T21:08:15.876+0000] {dagbag.py:387} ERROR - Failed to import: /opt/airflow/dags/transaction_facts_generator.py
Traceback (most recent call last):
  File "/home/airflow/.local/lib/python3.12/site-packages/airflow/models/dagbag.py", line 383, in parse
    loader.exec_module(new_module)
  File "<frozen importlib._bootstrap_external>", line 995, in exec_module
  File "<frozen importlib._bootstrap>", line 488, in _call_with_frames_removed
  File "/opt/airflow/dags/transaction_facts_generator.py", line 4, in <module>
    from kafka_operator import KafkaProduceOperator
ImportError: cannot import name 'KafkaProduceOperator' from 'kafka_operator' (/opt/airflow/plugins/kafka_operator.py)
[2025-02-08T21:08:15.880+0000] {processor.py:927} WARNING - No viable dags retrieved from /opt/airflow/dags/transaction_facts_generator.py
[2025-02-08T21:08:15.897+0000] {processor.py:208} INFO - Processing /opt/airflow/dags/transaction_facts_generator.py took 0.035 seconds
[2025-02-08T21:08:46.462+0000] {processor.py:186} INFO - Started process (PID=1067) to work on /opt/airflow/dags/transaction_facts_generator.py
[2025-02-08T21:08:46.464+0000] {processor.py:914} INFO - Processing file /opt/airflow/dags/transaction_facts_generator.py for tasks to queue
[2025-02-08T21:08:46.465+0000] {logging_mixin.py:190} INFO - [2025-02-08T21:08:46.464+0000] {dagbag.py:588} INFO - Filling up the DagBag from /opt/airflow/dags/transaction_facts_generator.py
[2025-02-08T21:08:46.475+0000] {logging_mixin.py:190} INFO - [2025-02-08T21:08:46.473+0000] {dagbag.py:387} ERROR - Failed to import: /opt/airflow/dags/transaction_facts_generator.py
Traceback (most recent call last):
  File "/home/airflow/.local/lib/python3.12/site-packages/airflow/models/dagbag.py", line 383, in parse
    loader.exec_module(new_module)
  File "<frozen importlib._bootstrap_external>", line 995, in exec_module
  File "<frozen importlib._bootstrap>", line 488, in _call_with_frames_removed
  File "/opt/airflow/dags/transaction_facts_generator.py", line 4, in <module>
    from kafka_operator import KafkaProduceOperator
ImportError: cannot import name 'KafkaProduceOperator' from 'kafka_operator' (/opt/airflow/plugins/kafka_operator.py)
[2025-02-08T21:08:46.476+0000] {processor.py:927} WARNING - No viable dags retrieved from /opt/airflow/dags/transaction_facts_generator.py
[2025-02-08T21:08:46.492+0000] {processor.py:208} INFO - Processing /opt/airflow/dags/transaction_facts_generator.py took 0.035 seconds
[2025-02-08T21:09:17.009+0000] {processor.py:186} INFO - Started process (PID=1096) to work on /opt/airflow/dags/transaction_facts_generator.py
[2025-02-08T21:09:17.010+0000] {processor.py:914} INFO - Processing file /opt/airflow/dags/transaction_facts_generator.py for tasks to queue
[2025-02-08T21:09:17.011+0000] {logging_mixin.py:190} INFO - [2025-02-08T21:09:17.010+0000] {dagbag.py:588} INFO - Filling up the DagBag from /opt/airflow/dags/transaction_facts_generator.py
[2025-02-08T21:09:17.020+0000] {logging_mixin.py:190} INFO - [2025-02-08T21:09:17.017+0000] {dagbag.py:387} ERROR - Failed to import: /opt/airflow/dags/transaction_facts_generator.py
Traceback (most recent call last):
  File "/home/airflow/.local/lib/python3.12/site-packages/airflow/models/dagbag.py", line 383, in parse
    loader.exec_module(new_module)
  File "<frozen importlib._bootstrap_external>", line 995, in exec_module
  File "<frozen importlib._bootstrap>", line 488, in _call_with_frames_removed
  File "/opt/airflow/dags/transaction_facts_generator.py", line 4, in <module>
    from kafka_operator import KafkaProduceOperator
ImportError: cannot import name 'KafkaProduceOperator' from 'kafka_operator' (/opt/airflow/plugins/kafka_operator.py)
[2025-02-08T21:09:17.022+0000] {processor.py:927} WARNING - No viable dags retrieved from /opt/airflow/dags/transaction_facts_generator.py
[2025-02-08T21:09:17.039+0000] {processor.py:208} INFO - Processing /opt/airflow/dags/transaction_facts_generator.py took 0.035 seconds
[2025-02-08T21:09:47.553+0000] {processor.py:186} INFO - Started process (PID=1125) to work on /opt/airflow/dags/transaction_facts_generator.py
[2025-02-08T21:09:47.554+0000] {processor.py:914} INFO - Processing file /opt/airflow/dags/transaction_facts_generator.py for tasks to queue
[2025-02-08T21:09:47.555+0000] {logging_mixin.py:190} INFO - [2025-02-08T21:09:47.555+0000] {dagbag.py:588} INFO - Filling up the DagBag from /opt/airflow/dags/transaction_facts_generator.py
[2025-02-08T21:09:47.575+0000] {logging_mixin.py:190} INFO - [2025-02-08T21:09:47.572+0000] {dagbag.py:387} ERROR - Failed to import: /opt/airflow/dags/transaction_facts_generator.py
Traceback (most recent call last):
  File "/home/airflow/.local/lib/python3.12/site-packages/airflow/models/dagbag.py", line 383, in parse
    loader.exec_module(new_module)
  File "<frozen importlib._bootstrap_external>", line 995, in exec_module
  File "<frozen importlib._bootstrap>", line 488, in _call_with_frames_removed
  File "/opt/airflow/dags/transaction_facts_generator.py", line 4, in <module>
    from kafka_operator import KafkaProduceOperator
ImportError: cannot import name 'KafkaProduceOperator' from 'kafka_operator' (/opt/airflow/plugins/kafka_operator.py)
[2025-02-08T21:09:47.576+0000] {processor.py:927} WARNING - No viable dags retrieved from /opt/airflow/dags/transaction_facts_generator.py
[2025-02-08T21:09:47.591+0000] {processor.py:208} INFO - Processing /opt/airflow/dags/transaction_facts_generator.py took 0.044 seconds
[2025-02-08T21:10:18.113+0000] {processor.py:186} INFO - Started process (PID=1154) to work on /opt/airflow/dags/transaction_facts_generator.py
[2025-02-08T21:10:18.114+0000] {processor.py:914} INFO - Processing file /opt/airflow/dags/transaction_facts_generator.py for tasks to queue
[2025-02-08T21:10:18.115+0000] {logging_mixin.py:190} INFO - [2025-02-08T21:10:18.115+0000] {dagbag.py:588} INFO - Filling up the DagBag from /opt/airflow/dags/transaction_facts_generator.py
[2025-02-08T21:10:18.125+0000] {logging_mixin.py:190} INFO - [2025-02-08T21:10:18.122+0000] {dagbag.py:387} ERROR - Failed to import: /opt/airflow/dags/transaction_facts_generator.py
Traceback (most recent call last):
  File "/home/airflow/.local/lib/python3.12/site-packages/airflow/models/dagbag.py", line 383, in parse
    loader.exec_module(new_module)
  File "<frozen importlib._bootstrap_external>", line 995, in exec_module
  File "<frozen importlib._bootstrap>", line 488, in _call_with_frames_removed
  File "/opt/airflow/dags/transaction_facts_generator.py", line 4, in <module>
    from kafka_operator import KafkaProduceOperator
ImportError: cannot import name 'KafkaProduceOperator' from 'kafka_operator' (/opt/airflow/plugins/kafka_operator.py)
[2025-02-08T21:10:18.126+0000] {processor.py:927} WARNING - No viable dags retrieved from /opt/airflow/dags/transaction_facts_generator.py
[2025-02-08T21:10:18.141+0000] {processor.py:208} INFO - Processing /opt/airflow/dags/transaction_facts_generator.py took 0.034 seconds
[2025-02-08T21:10:48.674+0000] {processor.py:186} INFO - Started process (PID=1183) to work on /opt/airflow/dags/transaction_facts_generator.py
[2025-02-08T21:10:48.675+0000] {processor.py:914} INFO - Processing file /opt/airflow/dags/transaction_facts_generator.py for tasks to queue
[2025-02-08T21:10:48.677+0000] {logging_mixin.py:190} INFO - [2025-02-08T21:10:48.676+0000] {dagbag.py:588} INFO - Filling up the DagBag from /opt/airflow/dags/transaction_facts_generator.py
[2025-02-08T21:10:48.686+0000] {logging_mixin.py:190} INFO - [2025-02-08T21:10:48.684+0000] {dagbag.py:387} ERROR - Failed to import: /opt/airflow/dags/transaction_facts_generator.py
Traceback (most recent call last):
  File "/home/airflow/.local/lib/python3.12/site-packages/airflow/models/dagbag.py", line 383, in parse
    loader.exec_module(new_module)
  File "<frozen importlib._bootstrap_external>", line 995, in exec_module
  File "<frozen importlib._bootstrap>", line 488, in _call_with_frames_removed
  File "/opt/airflow/dags/transaction_facts_generator.py", line 4, in <module>
    from kafka_operator import KafkaProduceOperator
ImportError: cannot import name 'KafkaProduceOperator' from 'kafka_operator' (/opt/airflow/plugins/kafka_operator.py)
[2025-02-08T21:10:48.687+0000] {processor.py:927} WARNING - No viable dags retrieved from /opt/airflow/dags/transaction_facts_generator.py
[2025-02-08T21:10:48.705+0000] {processor.py:208} INFO - Processing /opt/airflow/dags/transaction_facts_generator.py took 0.036 seconds
[2025-02-08T21:11:19.224+0000] {processor.py:186} INFO - Started process (PID=1212) to work on /opt/airflow/dags/transaction_facts_generator.py
[2025-02-08T21:11:19.225+0000] {processor.py:914} INFO - Processing file /opt/airflow/dags/transaction_facts_generator.py for tasks to queue
[2025-02-08T21:11:19.226+0000] {logging_mixin.py:190} INFO - [2025-02-08T21:11:19.226+0000] {dagbag.py:588} INFO - Filling up the DagBag from /opt/airflow/dags/transaction_facts_generator.py
[2025-02-08T21:11:19.237+0000] {logging_mixin.py:190} INFO - [2025-02-08T21:11:19.234+0000] {dagbag.py:387} ERROR - Failed to import: /opt/airflow/dags/transaction_facts_generator.py
Traceback (most recent call last):
  File "/home/airflow/.local/lib/python3.12/site-packages/airflow/models/dagbag.py", line 383, in parse
    loader.exec_module(new_module)
  File "<frozen importlib._bootstrap_external>", line 995, in exec_module
  File "<frozen importlib._bootstrap>", line 488, in _call_with_frames_removed
  File "/opt/airflow/dags/transaction_facts_generator.py", line 4, in <module>
    from kafka_operator import KafkaProduceOperator
ImportError: cannot import name 'KafkaProduceOperator' from 'kafka_operator' (/opt/airflow/plugins/kafka_operator.py)
[2025-02-08T21:11:19.238+0000] {processor.py:927} WARNING - No viable dags retrieved from /opt/airflow/dags/transaction_facts_generator.py
[2025-02-08T21:11:19.256+0000] {processor.py:208} INFO - Processing /opt/airflow/dags/transaction_facts_generator.py took 0.038 seconds
[2025-02-08T21:11:49.776+0000] {processor.py:186} INFO - Started process (PID=1241) to work on /opt/airflow/dags/transaction_facts_generator.py
[2025-02-08T21:11:49.777+0000] {processor.py:914} INFO - Processing file /opt/airflow/dags/transaction_facts_generator.py for tasks to queue
[2025-02-08T21:11:49.778+0000] {logging_mixin.py:190} INFO - [2025-02-08T21:11:49.778+0000] {dagbag.py:588} INFO - Filling up the DagBag from /opt/airflow/dags/transaction_facts_generator.py
[2025-02-08T21:11:49.788+0000] {logging_mixin.py:190} INFO - [2025-02-08T21:11:49.785+0000] {dagbag.py:387} ERROR - Failed to import: /opt/airflow/dags/transaction_facts_generator.py
Traceback (most recent call last):
  File "/home/airflow/.local/lib/python3.12/site-packages/airflow/models/dagbag.py", line 383, in parse
    loader.exec_module(new_module)
  File "<frozen importlib._bootstrap_external>", line 995, in exec_module
  File "<frozen importlib._bootstrap>", line 488, in _call_with_frames_removed
  File "/opt/airflow/dags/transaction_facts_generator.py", line 4, in <module>
    from kafka_operator import KafkaProduceOperator
ImportError: cannot import name 'KafkaProduceOperator' from 'kafka_operator' (/opt/airflow/plugins/kafka_operator.py)
[2025-02-08T21:11:49.789+0000] {processor.py:927} WARNING - No viable dags retrieved from /opt/airflow/dags/transaction_facts_generator.py
[2025-02-08T21:11:49.804+0000] {processor.py:208} INFO - Processing /opt/airflow/dags/transaction_facts_generator.py took 0.033 seconds
[2025-02-08T21:12:20.333+0000] {processor.py:186} INFO - Started process (PID=1270) to work on /opt/airflow/dags/transaction_facts_generator.py
[2025-02-08T21:12:20.334+0000] {processor.py:914} INFO - Processing file /opt/airflow/dags/transaction_facts_generator.py for tasks to queue
[2025-02-08T21:12:20.335+0000] {logging_mixin.py:190} INFO - [2025-02-08T21:12:20.335+0000] {dagbag.py:588} INFO - Filling up the DagBag from /opt/airflow/dags/transaction_facts_generator.py
[2025-02-08T21:12:20.343+0000] {logging_mixin.py:190} INFO - [2025-02-08T21:12:20.341+0000] {dagbag.py:387} ERROR - Failed to import: /opt/airflow/dags/transaction_facts_generator.py
Traceback (most recent call last):
  File "/home/airflow/.local/lib/python3.12/site-packages/airflow/models/dagbag.py", line 383, in parse
    loader.exec_module(new_module)
  File "<frozen importlib._bootstrap_external>", line 995, in exec_module
  File "<frozen importlib._bootstrap>", line 488, in _call_with_frames_removed
  File "/opt/airflow/dags/transaction_facts_generator.py", line 4, in <module>
    from kafka_operator import KafkaProduceOperator
ImportError: cannot import name 'KafkaProduceOperator' from 'kafka_operator' (/opt/airflow/plugins/kafka_operator.py)
[2025-02-08T21:12:20.345+0000] {processor.py:927} WARNING - No viable dags retrieved from /opt/airflow/dags/transaction_facts_generator.py
[2025-02-08T21:12:20.363+0000] {processor.py:208} INFO - Processing /opt/airflow/dags/transaction_facts_generator.py took 0.034 seconds
[2025-02-08T21:12:50.953+0000] {processor.py:186} INFO - Started process (PID=1299) to work on /opt/airflow/dags/transaction_facts_generator.py
[2025-02-08T21:12:50.954+0000] {processor.py:914} INFO - Processing file /opt/airflow/dags/transaction_facts_generator.py for tasks to queue
[2025-02-08T21:12:50.955+0000] {logging_mixin.py:190} INFO - [2025-02-08T21:12:50.955+0000] {dagbag.py:588} INFO - Filling up the DagBag from /opt/airflow/dags/transaction_facts_generator.py
[2025-02-08T21:12:50.965+0000] {logging_mixin.py:190} INFO - [2025-02-08T21:12:50.962+0000] {dagbag.py:387} ERROR - Failed to import: /opt/airflow/dags/transaction_facts_generator.py
Traceback (most recent call last):
  File "/home/airflow/.local/lib/python3.12/site-packages/airflow/models/dagbag.py", line 383, in parse
    loader.exec_module(new_module)
  File "<frozen importlib._bootstrap_external>", line 995, in exec_module
  File "<frozen importlib._bootstrap>", line 488, in _call_with_frames_removed
  File "/opt/airflow/dags/transaction_facts_generator.py", line 4, in <module>
    from kafka_operator import KafkaProduceOperator
ImportError: cannot import name 'KafkaProduceOperator' from 'kafka_operator' (/opt/airflow/plugins/kafka_operator.py)
[2025-02-08T21:12:50.965+0000] {processor.py:927} WARNING - No viable dags retrieved from /opt/airflow/dags/transaction_facts_generator.py
[2025-02-08T21:12:50.982+0000] {processor.py:208} INFO - Processing /opt/airflow/dags/transaction_facts_generator.py took 0.034 seconds
[2025-02-08T21:13:21.674+0000] {processor.py:186} INFO - Started process (PID=1328) to work on /opt/airflow/dags/transaction_facts_generator.py
[2025-02-08T21:13:21.675+0000] {processor.py:914} INFO - Processing file /opt/airflow/dags/transaction_facts_generator.py for tasks to queue
[2025-02-08T21:13:21.676+0000] {logging_mixin.py:190} INFO - [2025-02-08T21:13:21.676+0000] {dagbag.py:588} INFO - Filling up the DagBag from /opt/airflow/dags/transaction_facts_generator.py
[2025-02-08T21:13:21.685+0000] {logging_mixin.py:190} INFO - [2025-02-08T21:13:21.683+0000] {dagbag.py:387} ERROR - Failed to import: /opt/airflow/dags/transaction_facts_generator.py
Traceback (most recent call last):
  File "/home/airflow/.local/lib/python3.12/site-packages/airflow/models/dagbag.py", line 383, in parse
    loader.exec_module(new_module)
  File "<frozen importlib._bootstrap_external>", line 995, in exec_module
  File "<frozen importlib._bootstrap>", line 488, in _call_with_frames_removed
  File "/opt/airflow/dags/transaction_facts_generator.py", line 4, in <module>
    from kafka_operator import KafkaProduceOperator
ImportError: cannot import name 'KafkaProduceOperator' from 'kafka_operator' (/opt/airflow/plugins/kafka_operator.py)
[2025-02-08T21:13:21.686+0000] {processor.py:927} WARNING - No viable dags retrieved from /opt/airflow/dags/transaction_facts_generator.py
[2025-02-08T21:13:21.703+0000] {processor.py:208} INFO - Processing /opt/airflow/dags/transaction_facts_generator.py took 0.034 seconds
[2025-02-08T21:13:52.257+0000] {processor.py:186} INFO - Started process (PID=1357) to work on /opt/airflow/dags/transaction_facts_generator.py
[2025-02-08T21:13:52.258+0000] {processor.py:914} INFO - Processing file /opt/airflow/dags/transaction_facts_generator.py for tasks to queue
[2025-02-08T21:13:52.259+0000] {logging_mixin.py:190} INFO - [2025-02-08T21:13:52.259+0000] {dagbag.py:588} INFO - Filling up the DagBag from /opt/airflow/dags/transaction_facts_generator.py
[2025-02-08T21:13:52.272+0000] {logging_mixin.py:190} INFO - [2025-02-08T21:13:52.268+0000] {dagbag.py:387} ERROR - Failed to import: /opt/airflow/dags/transaction_facts_generator.py
Traceback (most recent call last):
  File "/home/airflow/.local/lib/python3.12/site-packages/airflow/models/dagbag.py", line 383, in parse
    loader.exec_module(new_module)
  File "<frozen importlib._bootstrap_external>", line 995, in exec_module
  File "<frozen importlib._bootstrap>", line 488, in _call_with_frames_removed
  File "/opt/airflow/dags/transaction_facts_generator.py", line 4, in <module>
    from kafka_operator import KafkaProduceOperator
ImportError: cannot import name 'KafkaProduceOperator' from 'kafka_operator' (/opt/airflow/plugins/kafka_operator.py)
[2025-02-08T21:13:52.274+0000] {processor.py:927} WARNING - No viable dags retrieved from /opt/airflow/dags/transaction_facts_generator.py
[2025-02-08T21:13:52.294+0000] {processor.py:208} INFO - Processing /opt/airflow/dags/transaction_facts_generator.py took 0.042 seconds
[2025-02-08T21:14:22.821+0000] {processor.py:186} INFO - Started process (PID=1386) to work on /opt/airflow/dags/transaction_facts_generator.py
[2025-02-08T21:14:22.822+0000] {processor.py:914} INFO - Processing file /opt/airflow/dags/transaction_facts_generator.py for tasks to queue
[2025-02-08T21:14:22.823+0000] {logging_mixin.py:190} INFO - [2025-02-08T21:14:22.823+0000] {dagbag.py:588} INFO - Filling up the DagBag from /opt/airflow/dags/transaction_facts_generator.py
[2025-02-08T21:14:22.833+0000] {logging_mixin.py:190} INFO - [2025-02-08T21:14:22.831+0000] {dagbag.py:387} ERROR - Failed to import: /opt/airflow/dags/transaction_facts_generator.py
Traceback (most recent call last):
  File "/home/airflow/.local/lib/python3.12/site-packages/airflow/models/dagbag.py", line 383, in parse
    loader.exec_module(new_module)
  File "<frozen importlib._bootstrap_external>", line 995, in exec_module
  File "<frozen importlib._bootstrap>", line 488, in _call_with_frames_removed
  File "/opt/airflow/dags/transaction_facts_generator.py", line 4, in <module>
    from kafka_operator import KafkaProduceOperator
ImportError: cannot import name 'KafkaProduceOperator' from 'kafka_operator' (/opt/airflow/plugins/kafka_operator.py)
[2025-02-08T21:14:22.834+0000] {processor.py:927} WARNING - No viable dags retrieved from /opt/airflow/dags/transaction_facts_generator.py
[2025-02-08T21:14:22.850+0000] {processor.py:208} INFO - Processing /opt/airflow/dags/transaction_facts_generator.py took 0.036 seconds
[2025-02-08T21:14:53.371+0000] {processor.py:186} INFO - Started process (PID=1415) to work on /opt/airflow/dags/transaction_facts_generator.py
[2025-02-08T21:14:53.371+0000] {processor.py:914} INFO - Processing file /opt/airflow/dags/transaction_facts_generator.py for tasks to queue
[2025-02-08T21:14:53.372+0000] {logging_mixin.py:190} INFO - [2025-02-08T21:14:53.372+0000] {dagbag.py:588} INFO - Filling up the DagBag from /opt/airflow/dags/transaction_facts_generator.py
[2025-02-08T21:14:53.381+0000] {logging_mixin.py:190} INFO - [2025-02-08T21:14:53.379+0000] {dagbag.py:387} ERROR - Failed to import: /opt/airflow/dags/transaction_facts_generator.py
Traceback (most recent call last):
  File "/home/airflow/.local/lib/python3.12/site-packages/airflow/models/dagbag.py", line 383, in parse
    loader.exec_module(new_module)
  File "<frozen importlib._bootstrap_external>", line 995, in exec_module
  File "<frozen importlib._bootstrap>", line 488, in _call_with_frames_removed
  File "/opt/airflow/dags/transaction_facts_generator.py", line 4, in <module>
    from kafka_operator import KafkaProduceOperator
ImportError: cannot import name 'KafkaProduceOperator' from 'kafka_operator' (/opt/airflow/plugins/kafka_operator.py)
[2025-02-08T21:14:53.383+0000] {processor.py:927} WARNING - No viable dags retrieved from /opt/airflow/dags/transaction_facts_generator.py
[2025-02-08T21:14:53.399+0000] {processor.py:208} INFO - Processing /opt/airflow/dags/transaction_facts_generator.py took 0.033 seconds
[2025-02-08T21:15:23.918+0000] {processor.py:186} INFO - Started process (PID=1444) to work on /opt/airflow/dags/transaction_facts_generator.py
[2025-02-08T21:15:23.918+0000] {processor.py:914} INFO - Processing file /opt/airflow/dags/transaction_facts_generator.py for tasks to queue
[2025-02-08T21:15:23.920+0000] {logging_mixin.py:190} INFO - [2025-02-08T21:15:23.919+0000] {dagbag.py:588} INFO - Filling up the DagBag from /opt/airflow/dags/transaction_facts_generator.py
[2025-02-08T21:15:23.930+0000] {logging_mixin.py:190} INFO - [2025-02-08T21:15:23.927+0000] {dagbag.py:387} ERROR - Failed to import: /opt/airflow/dags/transaction_facts_generator.py
Traceback (most recent call last):
  File "/home/airflow/.local/lib/python3.12/site-packages/airflow/models/dagbag.py", line 383, in parse
    loader.exec_module(new_module)
  File "<frozen importlib._bootstrap_external>", line 995, in exec_module
  File "<frozen importlib._bootstrap>", line 488, in _call_with_frames_removed
  File "/opt/airflow/dags/transaction_facts_generator.py", line 4, in <module>
    from kafka_operator import KafkaProduceOperator
ImportError: cannot import name 'KafkaProduceOperator' from 'kafka_operator' (/opt/airflow/plugins/kafka_operator.py)
[2025-02-08T21:15:23.931+0000] {processor.py:927} WARNING - No viable dags retrieved from /opt/airflow/dags/transaction_facts_generator.py
[2025-02-08T21:15:23.948+0000] {processor.py:208} INFO - Processing /opt/airflow/dags/transaction_facts_generator.py took 0.035 seconds
[2025-02-08T21:15:54.448+0000] {processor.py:186} INFO - Started process (PID=1473) to work on /opt/airflow/dags/transaction_facts_generator.py
[2025-02-08T21:15:54.449+0000] {processor.py:914} INFO - Processing file /opt/airflow/dags/transaction_facts_generator.py for tasks to queue
[2025-02-08T21:15:54.450+0000] {logging_mixin.py:190} INFO - [2025-02-08T21:15:54.450+0000] {dagbag.py:588} INFO - Filling up the DagBag from /opt/airflow/dags/transaction_facts_generator.py
[2025-02-08T21:15:54.461+0000] {logging_mixin.py:190} INFO - [2025-02-08T21:15:54.458+0000] {dagbag.py:387} ERROR - Failed to import: /opt/airflow/dags/transaction_facts_generator.py
Traceback (most recent call last):
  File "/home/airflow/.local/lib/python3.12/site-packages/airflow/models/dagbag.py", line 383, in parse
    loader.exec_module(new_module)
  File "<frozen importlib._bootstrap_external>", line 995, in exec_module
  File "<frozen importlib._bootstrap>", line 488, in _call_with_frames_removed
  File "/opt/airflow/dags/transaction_facts_generator.py", line 4, in <module>
    from kafka_operator import KafkaProduceOperator
ImportError: cannot import name 'KafkaProduceOperator' from 'kafka_operator' (/opt/airflow/plugins/kafka_operator.py)
[2025-02-08T21:15:54.462+0000] {processor.py:927} WARNING - No viable dags retrieved from /opt/airflow/dags/transaction_facts_generator.py
[2025-02-08T21:15:54.483+0000] {processor.py:208} INFO - Processing /opt/airflow/dags/transaction_facts_generator.py took 0.040 seconds
[2025-02-08T21:16:25.133+0000] {processor.py:186} INFO - Started process (PID=1502) to work on /opt/airflow/dags/transaction_facts_generator.py
[2025-02-08T21:16:25.134+0000] {processor.py:914} INFO - Processing file /opt/airflow/dags/transaction_facts_generator.py for tasks to queue
[2025-02-08T21:16:25.135+0000] {logging_mixin.py:190} INFO - [2025-02-08T21:16:25.135+0000] {dagbag.py:588} INFO - Filling up the DagBag from /opt/airflow/dags/transaction_facts_generator.py
[2025-02-08T21:16:25.145+0000] {logging_mixin.py:190} INFO - [2025-02-08T21:16:25.143+0000] {dagbag.py:387} ERROR - Failed to import: /opt/airflow/dags/transaction_facts_generator.py
Traceback (most recent call last):
  File "/home/airflow/.local/lib/python3.12/site-packages/airflow/models/dagbag.py", line 383, in parse
    loader.exec_module(new_module)
  File "<frozen importlib._bootstrap_external>", line 995, in exec_module
  File "<frozen importlib._bootstrap>", line 488, in _call_with_frames_removed
  File "/opt/airflow/dags/transaction_facts_generator.py", line 4, in <module>
    from kafka_operator import KafkaProduceOperator
ImportError: cannot import name 'KafkaProduceOperator' from 'kafka_operator' (/opt/airflow/plugins/kafka_operator.py)
[2025-02-08T21:16:25.146+0000] {processor.py:927} WARNING - No viable dags retrieved from /opt/airflow/dags/transaction_facts_generator.py
[2025-02-08T21:16:25.165+0000] {processor.py:208} INFO - Processing /opt/airflow/dags/transaction_facts_generator.py took 0.037 seconds
[2025-02-08T21:16:55.672+0000] {processor.py:186} INFO - Started process (PID=1531) to work on /opt/airflow/dags/transaction_facts_generator.py
[2025-02-08T21:16:55.673+0000] {processor.py:914} INFO - Processing file /opt/airflow/dags/transaction_facts_generator.py for tasks to queue
[2025-02-08T21:16:55.674+0000] {logging_mixin.py:190} INFO - [2025-02-08T21:16:55.674+0000] {dagbag.py:588} INFO - Filling up the DagBag from /opt/airflow/dags/transaction_facts_generator.py
[2025-02-08T21:16:55.684+0000] {logging_mixin.py:190} INFO - [2025-02-08T21:16:55.681+0000] {dagbag.py:387} ERROR - Failed to import: /opt/airflow/dags/transaction_facts_generator.py
Traceback (most recent call last):
  File "/home/airflow/.local/lib/python3.12/site-packages/airflow/models/dagbag.py", line 383, in parse
    loader.exec_module(new_module)
  File "<frozen importlib._bootstrap_external>", line 995, in exec_module
  File "<frozen importlib._bootstrap>", line 488, in _call_with_frames_removed
  File "/opt/airflow/dags/transaction_facts_generator.py", line 4, in <module>
    from kafka_operator import KafkaProduceOperator
ImportError: cannot import name 'KafkaProduceOperator' from 'kafka_operator' (/opt/airflow/plugins/kafka_operator.py)
[2025-02-08T21:16:55.684+0000] {processor.py:927} WARNING - No viable dags retrieved from /opt/airflow/dags/transaction_facts_generator.py
[2025-02-08T21:16:55.703+0000] {processor.py:208} INFO - Processing /opt/airflow/dags/transaction_facts_generator.py took 0.036 seconds
[2025-02-08T21:17:26.209+0000] {processor.py:186} INFO - Started process (PID=1560) to work on /opt/airflow/dags/transaction_facts_generator.py
[2025-02-08T21:17:26.211+0000] {processor.py:914} INFO - Processing file /opt/airflow/dags/transaction_facts_generator.py for tasks to queue
[2025-02-08T21:17:26.212+0000] {logging_mixin.py:190} INFO - [2025-02-08T21:17:26.212+0000] {dagbag.py:588} INFO - Filling up the DagBag from /opt/airflow/dags/transaction_facts_generator.py
[2025-02-08T21:17:26.225+0000] {logging_mixin.py:190} INFO - [2025-02-08T21:17:26.221+0000] {dagbag.py:387} ERROR - Failed to import: /opt/airflow/dags/transaction_facts_generator.py
Traceback (most recent call last):
  File "/home/airflow/.local/lib/python3.12/site-packages/airflow/models/dagbag.py", line 383, in parse
    loader.exec_module(new_module)
  File "<frozen importlib._bootstrap_external>", line 995, in exec_module
  File "<frozen importlib._bootstrap>", line 488, in _call_with_frames_removed
  File "/opt/airflow/dags/transaction_facts_generator.py", line 4, in <module>
    from kafka_operator import KafkaProduceOperator
ImportError: cannot import name 'KafkaProduceOperator' from 'kafka_operator' (/opt/airflow/plugins/kafka_operator.py)
[2025-02-08T21:17:26.227+0000] {processor.py:927} WARNING - No viable dags retrieved from /opt/airflow/dags/transaction_facts_generator.py
[2025-02-08T21:17:26.245+0000] {processor.py:208} INFO - Processing /opt/airflow/dags/transaction_facts_generator.py took 0.041 seconds
[2025-02-08T21:17:56.825+0000] {processor.py:186} INFO - Started process (PID=1589) to work on /opt/airflow/dags/transaction_facts_generator.py
[2025-02-08T21:17:56.826+0000] {processor.py:914} INFO - Processing file /opt/airflow/dags/transaction_facts_generator.py for tasks to queue
[2025-02-08T21:17:56.827+0000] {logging_mixin.py:190} INFO - [2025-02-08T21:17:56.826+0000] {dagbag.py:588} INFO - Filling up the DagBag from /opt/airflow/dags/transaction_facts_generator.py
[2025-02-08T21:17:56.837+0000] {logging_mixin.py:190} INFO - [2025-02-08T21:17:56.834+0000] {dagbag.py:387} ERROR - Failed to import: /opt/airflow/dags/transaction_facts_generator.py
Traceback (most recent call last):
  File "/home/airflow/.local/lib/python3.12/site-packages/airflow/models/dagbag.py", line 383, in parse
    loader.exec_module(new_module)
  File "<frozen importlib._bootstrap_external>", line 995, in exec_module
  File "<frozen importlib._bootstrap>", line 488, in _call_with_frames_removed
  File "/opt/airflow/dags/transaction_facts_generator.py", line 4, in <module>
    from kafka_operator import KafkaProduceOperator
ImportError: cannot import name 'KafkaProduceOperator' from 'kafka_operator' (/opt/airflow/plugins/kafka_operator.py)
[2025-02-08T21:17:56.838+0000] {processor.py:927} WARNING - No viable dags retrieved from /opt/airflow/dags/transaction_facts_generator.py
[2025-02-08T21:17:56.853+0000] {processor.py:208} INFO - Processing /opt/airflow/dags/transaction_facts_generator.py took 0.033 seconds
[2025-02-08T21:18:27.444+0000] {processor.py:186} INFO - Started process (PID=1618) to work on /opt/airflow/dags/transaction_facts_generator.py
[2025-02-08T21:18:27.445+0000] {processor.py:914} INFO - Processing file /opt/airflow/dags/transaction_facts_generator.py for tasks to queue
[2025-02-08T21:18:27.446+0000] {logging_mixin.py:190} INFO - [2025-02-08T21:18:27.446+0000] {dagbag.py:588} INFO - Filling up the DagBag from /opt/airflow/dags/transaction_facts_generator.py
[2025-02-08T21:18:27.457+0000] {logging_mixin.py:190} INFO - [2025-02-08T21:18:27.455+0000] {dagbag.py:387} ERROR - Failed to import: /opt/airflow/dags/transaction_facts_generator.py
Traceback (most recent call last):
  File "/home/airflow/.local/lib/python3.12/site-packages/airflow/models/dagbag.py", line 383, in parse
    loader.exec_module(new_module)
  File "<frozen importlib._bootstrap_external>", line 995, in exec_module
  File "<frozen importlib._bootstrap>", line 488, in _call_with_frames_removed
  File "/opt/airflow/dags/transaction_facts_generator.py", line 4, in <module>
    from kafka_operator import KafkaProduceOperator
ImportError: cannot import name 'KafkaProduceOperator' from 'kafka_operator' (/opt/airflow/plugins/kafka_operator.py)
[2025-02-08T21:18:27.458+0000] {processor.py:927} WARNING - No viable dags retrieved from /opt/airflow/dags/transaction_facts_generator.py
[2025-02-08T21:18:27.477+0000] {processor.py:208} INFO - Processing /opt/airflow/dags/transaction_facts_generator.py took 0.039 seconds
[2025-02-08T21:18:58.023+0000] {processor.py:186} INFO - Started process (PID=1647) to work on /opt/airflow/dags/transaction_facts_generator.py
[2025-02-08T21:18:58.024+0000] {processor.py:914} INFO - Processing file /opt/airflow/dags/transaction_facts_generator.py for tasks to queue
[2025-02-08T21:18:58.025+0000] {logging_mixin.py:190} INFO - [2025-02-08T21:18:58.025+0000] {dagbag.py:588} INFO - Filling up the DagBag from /opt/airflow/dags/transaction_facts_generator.py
[2025-02-08T21:18:58.036+0000] {logging_mixin.py:190} INFO - [2025-02-08T21:18:58.033+0000] {dagbag.py:387} ERROR - Failed to import: /opt/airflow/dags/transaction_facts_generator.py
Traceback (most recent call last):
  File "/home/airflow/.local/lib/python3.12/site-packages/airflow/models/dagbag.py", line 383, in parse
    loader.exec_module(new_module)
  File "<frozen importlib._bootstrap_external>", line 995, in exec_module
  File "<frozen importlib._bootstrap>", line 488, in _call_with_frames_removed
  File "/opt/airflow/dags/transaction_facts_generator.py", line 4, in <module>
    from kafka_operator import KafkaProduceOperator
ImportError: cannot import name 'KafkaProduceOperator' from 'kafka_operator' (/opt/airflow/plugins/kafka_operator.py)
[2025-02-08T21:18:58.037+0000] {processor.py:927} WARNING - No viable dags retrieved from /opt/airflow/dags/transaction_facts_generator.py
[2025-02-08T21:18:58.055+0000] {processor.py:208} INFO - Processing /opt/airflow/dags/transaction_facts_generator.py took 0.038 seconds
[2025-02-08T21:19:28.580+0000] {processor.py:186} INFO - Started process (PID=1676) to work on /opt/airflow/dags/transaction_facts_generator.py
[2025-02-08T21:19:28.581+0000] {processor.py:914} INFO - Processing file /opt/airflow/dags/transaction_facts_generator.py for tasks to queue
[2025-02-08T21:19:28.582+0000] {logging_mixin.py:190} INFO - [2025-02-08T21:19:28.581+0000] {dagbag.py:588} INFO - Filling up the DagBag from /opt/airflow/dags/transaction_facts_generator.py
[2025-02-08T21:19:28.591+0000] {logging_mixin.py:190} INFO - [2025-02-08T21:19:28.588+0000] {dagbag.py:387} ERROR - Failed to import: /opt/airflow/dags/transaction_facts_generator.py
Traceback (most recent call last):
  File "/home/airflow/.local/lib/python3.12/site-packages/airflow/models/dagbag.py", line 383, in parse
    loader.exec_module(new_module)
  File "<frozen importlib._bootstrap_external>", line 995, in exec_module
  File "<frozen importlib._bootstrap>", line 488, in _call_with_frames_removed
  File "/opt/airflow/dags/transaction_facts_generator.py", line 4, in <module>
    from kafka_operator import KafkaProduceOperator
ImportError: cannot import name 'KafkaProduceOperator' from 'kafka_operator' (/opt/airflow/plugins/kafka_operator.py)
[2025-02-08T21:19:28.593+0000] {processor.py:927} WARNING - No viable dags retrieved from /opt/airflow/dags/transaction_facts_generator.py
[2025-02-08T21:19:28.610+0000] {processor.py:208} INFO - Processing /opt/airflow/dags/transaction_facts_generator.py took 0.035 seconds
[2025-02-08T21:19:59.150+0000] {processor.py:186} INFO - Started process (PID=1705) to work on /opt/airflow/dags/transaction_facts_generator.py
[2025-02-08T21:19:59.151+0000] {processor.py:914} INFO - Processing file /opt/airflow/dags/transaction_facts_generator.py for tasks to queue
[2025-02-08T21:19:59.152+0000] {logging_mixin.py:190} INFO - [2025-02-08T21:19:59.152+0000] {dagbag.py:588} INFO - Filling up the DagBag from /opt/airflow/dags/transaction_facts_generator.py
[2025-02-08T21:19:59.163+0000] {logging_mixin.py:190} INFO - [2025-02-08T21:19:59.160+0000] {dagbag.py:387} ERROR - Failed to import: /opt/airflow/dags/transaction_facts_generator.py
Traceback (most recent call last):
  File "/home/airflow/.local/lib/python3.12/site-packages/airflow/models/dagbag.py", line 383, in parse
    loader.exec_module(new_module)
  File "<frozen importlib._bootstrap_external>", line 995, in exec_module
  File "<frozen importlib._bootstrap>", line 488, in _call_with_frames_removed
  File "/opt/airflow/dags/transaction_facts_generator.py", line 4, in <module>
    from kafka_operator import KafkaProduceOperator
ImportError: cannot import name 'KafkaProduceOperator' from 'kafka_operator' (/opt/airflow/plugins/kafka_operator.py)
[2025-02-08T21:19:59.164+0000] {processor.py:927} WARNING - No viable dags retrieved from /opt/airflow/dags/transaction_facts_generator.py
[2025-02-08T21:19:59.184+0000] {processor.py:208} INFO - Processing /opt/airflow/dags/transaction_facts_generator.py took 0.039 seconds
[2025-02-08T21:20:29.722+0000] {processor.py:186} INFO - Started process (PID=1734) to work on /opt/airflow/dags/transaction_facts_generator.py
[2025-02-08T21:20:29.723+0000] {processor.py:914} INFO - Processing file /opt/airflow/dags/transaction_facts_generator.py for tasks to queue
[2025-02-08T21:20:29.725+0000] {logging_mixin.py:190} INFO - [2025-02-08T21:20:29.724+0000] {dagbag.py:588} INFO - Filling up the DagBag from /opt/airflow/dags/transaction_facts_generator.py
[2025-02-08T21:20:29.734+0000] {logging_mixin.py:190} INFO - [2025-02-08T21:20:29.732+0000] {dagbag.py:387} ERROR - Failed to import: /opt/airflow/dags/transaction_facts_generator.py
Traceback (most recent call last):
  File "/home/airflow/.local/lib/python3.12/site-packages/airflow/models/dagbag.py", line 383, in parse
    loader.exec_module(new_module)
  File "<frozen importlib._bootstrap_external>", line 995, in exec_module
  File "<frozen importlib._bootstrap>", line 488, in _call_with_frames_removed
  File "/opt/airflow/dags/transaction_facts_generator.py", line 4, in <module>
    from kafka_operator import KafkaProduceOperator
ImportError: cannot import name 'KafkaProduceOperator' from 'kafka_operator' (/opt/airflow/plugins/kafka_operator.py)
[2025-02-08T21:20:29.735+0000] {processor.py:927} WARNING - No viable dags retrieved from /opt/airflow/dags/transaction_facts_generator.py
[2025-02-08T21:20:29.752+0000] {processor.py:208} INFO - Processing /opt/airflow/dags/transaction_facts_generator.py took 0.035 seconds
[2025-02-08T21:21:00.289+0000] {processor.py:186} INFO - Started process (PID=1763) to work on /opt/airflow/dags/transaction_facts_generator.py
[2025-02-08T21:21:00.290+0000] {processor.py:914} INFO - Processing file /opt/airflow/dags/transaction_facts_generator.py for tasks to queue
[2025-02-08T21:21:00.291+0000] {logging_mixin.py:190} INFO - [2025-02-08T21:21:00.291+0000] {dagbag.py:588} INFO - Filling up the DagBag from /opt/airflow/dags/transaction_facts_generator.py
[2025-02-08T21:21:00.300+0000] {logging_mixin.py:190} INFO - [2025-02-08T21:21:00.298+0000] {dagbag.py:387} ERROR - Failed to import: /opt/airflow/dags/transaction_facts_generator.py
Traceback (most recent call last):
  File "/home/airflow/.local/lib/python3.12/site-packages/airflow/models/dagbag.py", line 383, in parse
    loader.exec_module(new_module)
  File "<frozen importlib._bootstrap_external>", line 995, in exec_module
  File "<frozen importlib._bootstrap>", line 488, in _call_with_frames_removed
  File "/opt/airflow/dags/transaction_facts_generator.py", line 4, in <module>
    from kafka_operator import KafkaProduceOperator
ImportError: cannot import name 'KafkaProduceOperator' from 'kafka_operator' (/opt/airflow/plugins/kafka_operator.py)
[2025-02-08T21:21:00.301+0000] {processor.py:927} WARNING - No viable dags retrieved from /opt/airflow/dags/transaction_facts_generator.py
[2025-02-08T21:21:00.318+0000] {processor.py:208} INFO - Processing /opt/airflow/dags/transaction_facts_generator.py took 0.034 seconds
[2025-02-08T21:21:30.867+0000] {processor.py:186} INFO - Started process (PID=1792) to work on /opt/airflow/dags/transaction_facts_generator.py
[2025-02-08T21:21:30.868+0000] {processor.py:914} INFO - Processing file /opt/airflow/dags/transaction_facts_generator.py for tasks to queue
[2025-02-08T21:21:30.869+0000] {logging_mixin.py:190} INFO - [2025-02-08T21:21:30.869+0000] {dagbag.py:588} INFO - Filling up the DagBag from /opt/airflow/dags/transaction_facts_generator.py
[2025-02-08T21:21:30.879+0000] {logging_mixin.py:190} INFO - [2025-02-08T21:21:30.877+0000] {dagbag.py:387} ERROR - Failed to import: /opt/airflow/dags/transaction_facts_generator.py
Traceback (most recent call last):
  File "/home/airflow/.local/lib/python3.12/site-packages/airflow/models/dagbag.py", line 383, in parse
    loader.exec_module(new_module)
  File "<frozen importlib._bootstrap_external>", line 995, in exec_module
  File "<frozen importlib._bootstrap>", line 488, in _call_with_frames_removed
  File "/opt/airflow/dags/transaction_facts_generator.py", line 4, in <module>
    from kafka_operator import KafkaProduceOperator
ImportError: cannot import name 'KafkaProduceOperator' from 'kafka_operator' (/opt/airflow/plugins/kafka_operator.py)
[2025-02-08T21:21:30.880+0000] {processor.py:927} WARNING - No viable dags retrieved from /opt/airflow/dags/transaction_facts_generator.py
[2025-02-08T21:21:30.898+0000] {processor.py:208} INFO - Processing /opt/airflow/dags/transaction_facts_generator.py took 0.038 seconds
[2025-02-08T21:22:01.398+0000] {processor.py:186} INFO - Started process (PID=1821) to work on /opt/airflow/dags/transaction_facts_generator.py
[2025-02-08T21:22:01.398+0000] {processor.py:914} INFO - Processing file /opt/airflow/dags/transaction_facts_generator.py for tasks to queue
[2025-02-08T21:22:01.400+0000] {logging_mixin.py:190} INFO - [2025-02-08T21:22:01.399+0000] {dagbag.py:588} INFO - Filling up the DagBag from /opt/airflow/dags/transaction_facts_generator.py
[2025-02-08T21:22:01.409+0000] {logging_mixin.py:190} INFO - [2025-02-08T21:22:01.406+0000] {dagbag.py:387} ERROR - Failed to import: /opt/airflow/dags/transaction_facts_generator.py
Traceback (most recent call last):
  File "/home/airflow/.local/lib/python3.12/site-packages/airflow/models/dagbag.py", line 383, in parse
    loader.exec_module(new_module)
  File "<frozen importlib._bootstrap_external>", line 995, in exec_module
  File "<frozen importlib._bootstrap>", line 488, in _call_with_frames_removed
  File "/opt/airflow/dags/transaction_facts_generator.py", line 4, in <module>
    from kafka_operator import KafkaProduceOperator
ImportError: cannot import name 'KafkaProduceOperator' from 'kafka_operator' (/opt/airflow/plugins/kafka_operator.py)
[2025-02-08T21:22:01.410+0000] {processor.py:927} WARNING - No viable dags retrieved from /opt/airflow/dags/transaction_facts_generator.py
[2025-02-08T21:22:01.428+0000] {processor.py:208} INFO - Processing /opt/airflow/dags/transaction_facts_generator.py took 0.035 seconds
[2025-02-08T21:22:31.962+0000] {processor.py:186} INFO - Started process (PID=1850) to work on /opt/airflow/dags/transaction_facts_generator.py
[2025-02-08T21:22:31.963+0000] {processor.py:914} INFO - Processing file /opt/airflow/dags/transaction_facts_generator.py for tasks to queue
[2025-02-08T21:22:31.964+0000] {logging_mixin.py:190} INFO - [2025-02-08T21:22:31.964+0000] {dagbag.py:588} INFO - Filling up the DagBag from /opt/airflow/dags/transaction_facts_generator.py
[2025-02-08T21:22:31.975+0000] {logging_mixin.py:190} INFO - [2025-02-08T21:22:31.972+0000] {dagbag.py:387} ERROR - Failed to import: /opt/airflow/dags/transaction_facts_generator.py
Traceback (most recent call last):
  File "/home/airflow/.local/lib/python3.12/site-packages/airflow/models/dagbag.py", line 383, in parse
    loader.exec_module(new_module)
  File "<frozen importlib._bootstrap_external>", line 995, in exec_module
  File "<frozen importlib._bootstrap>", line 488, in _call_with_frames_removed
  File "/opt/airflow/dags/transaction_facts_generator.py", line 4, in <module>
    from kafka_operator import KafkaProduceOperator
ImportError: cannot import name 'KafkaProduceOperator' from 'kafka_operator' (/opt/airflow/plugins/kafka_operator.py)
[2025-02-08T21:22:31.976+0000] {processor.py:927} WARNING - No viable dags retrieved from /opt/airflow/dags/transaction_facts_generator.py
[2025-02-08T21:22:31.993+0000] {processor.py:208} INFO - Processing /opt/airflow/dags/transaction_facts_generator.py took 0.036 seconds
[2025-02-08T21:23:02.704+0000] {processor.py:186} INFO - Started process (PID=1879) to work on /opt/airflow/dags/transaction_facts_generator.py
[2025-02-08T21:23:02.705+0000] {processor.py:914} INFO - Processing file /opt/airflow/dags/transaction_facts_generator.py for tasks to queue
[2025-02-08T21:23:02.707+0000] {logging_mixin.py:190} INFO - [2025-02-08T21:23:02.706+0000] {dagbag.py:588} INFO - Filling up the DagBag from /opt/airflow/dags/transaction_facts_generator.py
[2025-02-08T21:23:02.721+0000] {logging_mixin.py:190} INFO - [2025-02-08T21:23:02.716+0000] {dagbag.py:387} ERROR - Failed to import: /opt/airflow/dags/transaction_facts_generator.py
Traceback (most recent call last):
  File "/home/airflow/.local/lib/python3.12/site-packages/airflow/models/dagbag.py", line 383, in parse
    loader.exec_module(new_module)
  File "<frozen importlib._bootstrap_external>", line 995, in exec_module
  File "<frozen importlib._bootstrap>", line 488, in _call_with_frames_removed
  File "/opt/airflow/dags/transaction_facts_generator.py", line 4, in <module>
    from kafka_operator import KafkaProduceOperator
ImportError: cannot import name 'KafkaProduceOperator' from 'kafka_operator' (/opt/airflow/plugins/kafka_operator.py)
[2025-02-08T21:23:02.723+0000] {processor.py:927} WARNING - No viable dags retrieved from /opt/airflow/dags/transaction_facts_generator.py
[2025-02-08T21:23:02.744+0000] {processor.py:208} INFO - Processing /opt/airflow/dags/transaction_facts_generator.py took 0.045 seconds
[2025-02-08T21:23:33.295+0000] {processor.py:186} INFO - Started process (PID=1908) to work on /opt/airflow/dags/transaction_facts_generator.py
[2025-02-08T21:23:33.296+0000] {processor.py:914} INFO - Processing file /opt/airflow/dags/transaction_facts_generator.py for tasks to queue
[2025-02-08T21:23:33.298+0000] {logging_mixin.py:190} INFO - [2025-02-08T21:23:33.297+0000] {dagbag.py:588} INFO - Filling up the DagBag from /opt/airflow/dags/transaction_facts_generator.py
[2025-02-08T21:23:33.307+0000] {logging_mixin.py:190} INFO - [2025-02-08T21:23:33.305+0000] {dagbag.py:387} ERROR - Failed to import: /opt/airflow/dags/transaction_facts_generator.py
Traceback (most recent call last):
  File "/home/airflow/.local/lib/python3.12/site-packages/airflow/models/dagbag.py", line 383, in parse
    loader.exec_module(new_module)
  File "<frozen importlib._bootstrap_external>", line 995, in exec_module
  File "<frozen importlib._bootstrap>", line 488, in _call_with_frames_removed
  File "/opt/airflow/dags/transaction_facts_generator.py", line 4, in <module>
    from kafka_operator import KafkaProduceOperator
ImportError: cannot import name 'KafkaProduceOperator' from 'kafka_operator' (/opt/airflow/plugins/kafka_operator.py)
[2025-02-08T21:23:33.308+0000] {processor.py:927} WARNING - No viable dags retrieved from /opt/airflow/dags/transaction_facts_generator.py
[2025-02-08T21:23:33.326+0000] {processor.py:208} INFO - Processing /opt/airflow/dags/transaction_facts_generator.py took 0.036 seconds
[2025-02-08T21:24:03.870+0000] {processor.py:186} INFO - Started process (PID=1943) to work on /opt/airflow/dags/transaction_facts_generator.py
[2025-02-08T21:24:03.871+0000] {processor.py:914} INFO - Processing file /opt/airflow/dags/transaction_facts_generator.py for tasks to queue
[2025-02-08T21:24:03.872+0000] {logging_mixin.py:190} INFO - [2025-02-08T21:24:03.871+0000] {dagbag.py:588} INFO - Filling up the DagBag from /opt/airflow/dags/transaction_facts_generator.py
[2025-02-08T21:24:03.881+0000] {logging_mixin.py:190} INFO - [2025-02-08T21:24:03.878+0000] {dagbag.py:387} ERROR - Failed to import: /opt/airflow/dags/transaction_facts_generator.py
Traceback (most recent call last):
  File "/home/airflow/.local/lib/python3.12/site-packages/airflow/models/dagbag.py", line 383, in parse
    loader.exec_module(new_module)
  File "<frozen importlib._bootstrap_external>", line 995, in exec_module
  File "<frozen importlib._bootstrap>", line 488, in _call_with_frames_removed
  File "/opt/airflow/dags/transaction_facts_generator.py", line 4, in <module>
    from kafka_operator import KafkaProduceOperator
ImportError: cannot import name 'KafkaProduceOperator' from 'kafka_operator' (/opt/airflow/plugins/kafka_operator.py)
[2025-02-08T21:24:03.882+0000] {processor.py:927} WARNING - No viable dags retrieved from /opt/airflow/dags/transaction_facts_generator.py
[2025-02-08T21:24:03.899+0000] {processor.py:208} INFO - Processing /opt/airflow/dags/transaction_facts_generator.py took 0.035 seconds
[2025-02-08T21:24:34.413+0000] {processor.py:186} INFO - Started process (PID=1972) to work on /opt/airflow/dags/transaction_facts_generator.py
[2025-02-08T21:24:34.414+0000] {processor.py:914} INFO - Processing file /opt/airflow/dags/transaction_facts_generator.py for tasks to queue
[2025-02-08T21:24:34.415+0000] {logging_mixin.py:190} INFO - [2025-02-08T21:24:34.415+0000] {dagbag.py:588} INFO - Filling up the DagBag from /opt/airflow/dags/transaction_facts_generator.py
[2025-02-08T21:24:34.424+0000] {logging_mixin.py:190} INFO - [2025-02-08T21:24:34.422+0000] {dagbag.py:387} ERROR - Failed to import: /opt/airflow/dags/transaction_facts_generator.py
Traceback (most recent call last):
  File "/home/airflow/.local/lib/python3.12/site-packages/airflow/models/dagbag.py", line 383, in parse
    loader.exec_module(new_module)
  File "<frozen importlib._bootstrap_external>", line 995, in exec_module
  File "<frozen importlib._bootstrap>", line 488, in _call_with_frames_removed
  File "/opt/airflow/dags/transaction_facts_generator.py", line 4, in <module>
    from kafka_operator import KafkaProduceOperator
ImportError: cannot import name 'KafkaProduceOperator' from 'kafka_operator' (/opt/airflow/plugins/kafka_operator.py)
[2025-02-08T21:24:34.425+0000] {processor.py:927} WARNING - No viable dags retrieved from /opt/airflow/dags/transaction_facts_generator.py
[2025-02-08T21:24:34.440+0000] {processor.py:208} INFO - Processing /opt/airflow/dags/transaction_facts_generator.py took 0.033 seconds
[2025-02-08T21:25:04.490+0000] {processor.py:186} INFO - Started process (PID=2001) to work on /opt/airflow/dags/transaction_facts_generator.py
[2025-02-08T21:25:04.492+0000] {processor.py:914} INFO - Processing file /opt/airflow/dags/transaction_facts_generator.py for tasks to queue
[2025-02-08T21:25:04.495+0000] {logging_mixin.py:190} INFO - [2025-02-08T21:25:04.494+0000] {dagbag.py:588} INFO - Filling up the DagBag from /opt/airflow/dags/transaction_facts_generator.py
[2025-02-08T21:25:04.546+0000] {logging_mixin.py:190} INFO - [2025-02-08T21:25:04.538+0000] {dagbag.py:387} ERROR - Failed to import: /opt/airflow/dags/transaction_facts_generator.py
Traceback (most recent call last):
  File "/home/airflow/.local/lib/python3.12/site-packages/airflow/models/dagbag.py", line 383, in parse
    loader.exec_module(new_module)
  File "<frozen importlib._bootstrap_external>", line 995, in exec_module
  File "<frozen importlib._bootstrap>", line 488, in _call_with_frames_removed
  File "/opt/airflow/dags/transaction_facts_generator.py", line 4, in <module>
    from kafka_operator import KafkaProduceOperator
ImportError: cannot import name 'KafkaProduceOperator' from 'kafka_operator' (/opt/airflow/plugins/kafka_operator.py)
[2025-02-08T21:25:04.549+0000] {processor.py:927} WARNING - No viable dags retrieved from /opt/airflow/dags/transaction_facts_generator.py
[2025-02-08T21:25:04.573+0000] {processor.py:208} INFO - Processing /opt/airflow/dags/transaction_facts_generator.py took 0.092 seconds
[2025-02-08T21:25:35.020+0000] {processor.py:186} INFO - Started process (PID=2030) to work on /opt/airflow/dags/transaction_facts_generator.py
[2025-02-08T21:25:35.021+0000] {processor.py:914} INFO - Processing file /opt/airflow/dags/transaction_facts_generator.py for tasks to queue
[2025-02-08T21:25:35.022+0000] {logging_mixin.py:190} INFO - [2025-02-08T21:25:35.021+0000] {dagbag.py:588} INFO - Filling up the DagBag from /opt/airflow/dags/transaction_facts_generator.py
[2025-02-08T21:25:35.030+0000] {logging_mixin.py:190} INFO - [2025-02-08T21:25:35.028+0000] {dagbag.py:387} ERROR - Failed to import: /opt/airflow/dags/transaction_facts_generator.py
Traceback (most recent call last):
  File "/home/airflow/.local/lib/python3.12/site-packages/airflow/models/dagbag.py", line 383, in parse
    loader.exec_module(new_module)
  File "<frozen importlib._bootstrap_external>", line 995, in exec_module
  File "<frozen importlib._bootstrap>", line 488, in _call_with_frames_removed
  File "/opt/airflow/dags/transaction_facts_generator.py", line 4, in <module>
    from kafka_operator import KafkaProduceOperator
ImportError: cannot import name 'KafkaProduceOperator' from 'kafka_operator' (/opt/airflow/plugins/kafka_operator.py)
[2025-02-08T21:25:35.032+0000] {processor.py:927} WARNING - No viable dags retrieved from /opt/airflow/dags/transaction_facts_generator.py
[2025-02-08T21:25:35.049+0000] {processor.py:208} INFO - Processing /opt/airflow/dags/transaction_facts_generator.py took 0.034 seconds
