[2025-02-08T19:02:13.784+0000] {local_task_job_runner.py:123} INFO - ::group::Pre task execution logs
[2025-02-08T19:02:13.800+0000] {taskinstance.py:2612} INFO - Dependencies all met for dep_context=non-requeueable deps ti=<TaskInstance: customer_dim_generator.generate_customer_dim_data scheduled__2024-10-23T00:00:00+00:00 [queued]>
[2025-02-08T19:02:13.808+0000] {taskinstance.py:2612} INFO - Dependencies all met for dep_context=requeueable deps ti=<TaskInstance: customer_dim_generator.generate_customer_dim_data scheduled__2024-10-23T00:00:00+00:00 [queued]>
[2025-02-08T19:02:13.809+0000] {taskinstance.py:2865} INFO - Starting attempt 1 of 1
[2025-02-08T19:02:13.833+0000] {taskinstance.py:2888} INFO - Executing <Task(PythonOperator): generate_customer_dim_data> on 2024-10-23 00:00:00+00:00
[2025-02-08T19:02:13.847+0000] {standard_task_runner.py:104} INFO - Running: ['***', 'tasks', 'run', 'customer_dim_generator', 'generate_customer_dim_data', 'scheduled__2024-10-23T00:00:00+00:00', '--job-id', '188', '--raw', '--subdir', 'DAGS_FOLDER/customer_dim_gen.py', '--cfg-path', '/tmp/tmp5vld_jlq']
[2025-02-08T19:02:13.851+0000] {standard_task_runner.py:105} INFO - Job 188: Subtask generate_customer_dim_data
[2025-02-08T19:02:13.852+0000] {logging_mixin.py:190} WARNING - /home/***/.local/lib/python3.12/site-packages/***/task/task_runner/standard_task_runner.py:70 DeprecationWarning: This process (pid=1294) is multi-threaded, use of fork() may lead to deadlocks in the child.
[2025-02-08T19:02:13.854+0000] {standard_task_runner.py:72} INFO - Started process 1317 to run task
[2025-02-08T19:02:13.918+0000] {task_command.py:467} INFO - Running <TaskInstance: customer_dim_generator.generate_customer_dim_data scheduled__2024-10-23T00:00:00+00:00 [running]> on host 2c1cd59afcc0
[2025-02-08T19:02:14.055+0000] {taskinstance.py:3131} INFO - Exporting env vars: AIRFLOW_CTX_DAG_OWNER='Saleh' AIRFLOW_CTX_DAG_ID='customer_dim_generator' AIRFLOW_CTX_TASK_ID='generate_customer_dim_data' AIRFLOW_CTX_EXECUTION_DATE='2024-10-23T00:00:00+00:00' AIRFLOW_CTX_TRY_NUMBER='1' AIRFLOW_CTX_DAG_RUN_ID='scheduled__2024-10-23T00:00:00+00:00'
[2025-02-08T19:02:14.061+0000] {taskinstance.py:731} INFO - ::endgroup::
[2025-02-08T19:02:14.089+0000] {logging_mixin.py:190} INFO - CSV file './customer_dim_large_data.csv' with 100 rows has been generated successfully.
[2025-02-08T19:02:14.091+0000] {python.py:240} INFO - Done. Returned value was: None
[2025-02-08T19:02:14.104+0000] {taskinstance.py:340} INFO - ::group::Post task execution logs
[2025-02-08T19:02:14.105+0000] {taskinstance.py:352} INFO - Marking task as SUCCESS. dag_id=customer_dim_generator, task_id=generate_customer_dim_data, run_id=scheduled__2024-10-23T00:00:00+00:00, execution_date=20241023T000000, start_date=20250208T190213, end_date=20250208T190214
[2025-02-08T19:02:14.194+0000] {local_task_job_runner.py:266} INFO - Task exited with return code 0
[2025-02-08T19:02:14.223+0000] {taskinstance.py:3900} INFO - 0 downstream tasks scheduled from follow-on schedule check
[2025-02-08T19:02:14.232+0000] {local_task_job_runner.py:245} INFO - ::endgroup::
[2025-02-08T20:39:50.995+0000] {local_task_job_runner.py:123} INFO - ::group::Pre task execution logs
[2025-02-08T20:39:51.010+0000] {taskinstance.py:2612} INFO - Dependencies all met for dep_context=non-requeueable deps ti=<TaskInstance: customer_dim_generator.generate_customer_dim_data scheduled__2024-10-23T00:00:00+00:00 [queued]>
[2025-02-08T20:39:51.020+0000] {taskinstance.py:2612} INFO - Dependencies all met for dep_context=requeueable deps ti=<TaskInstance: customer_dim_generator.generate_customer_dim_data scheduled__2024-10-23T00:00:00+00:00 [queued]>
[2025-02-08T20:39:51.020+0000] {taskinstance.py:2865} INFO - Starting attempt 1 of 1
[2025-02-08T20:39:51.036+0000] {taskinstance.py:2888} INFO - Executing <Task(PythonOperator): generate_customer_dim_data> on 2024-10-23 00:00:00+00:00
[2025-02-08T20:39:51.045+0000] {logging_mixin.py:190} WARNING - /home/***/.local/lib/python3.12/site-packages/***/task/task_runner/standard_task_runner.py:70 DeprecationWarning: This process (pid=789) is multi-threaded, use of fork() may lead to deadlocks in the child.
[2025-02-08T20:39:51.047+0000] {standard_task_runner.py:72} INFO - Started process 802 to run task
[2025-02-08T20:39:51.046+0000] {standard_task_runner.py:104} INFO - Running: ['***', 'tasks', 'run', 'customer_dim_generator', 'generate_customer_dim_data', 'scheduled__2024-10-23T00:00:00+00:00', '--job-id', '51', '--raw', '--subdir', 'DAGS_FOLDER/customer_dim_gen.py', '--cfg-path', '/tmp/tmpmif95yrc']
[2025-02-08T20:39:51.049+0000] {standard_task_runner.py:105} INFO - Job 51: Subtask generate_customer_dim_data
[2025-02-08T20:39:51.111+0000] {task_command.py:467} INFO - Running <TaskInstance: customer_dim_generator.generate_customer_dim_data scheduled__2024-10-23T00:00:00+00:00 [running]> on host 7e959c1a2a8b
[2025-02-08T20:39:51.209+0000] {taskinstance.py:3131} INFO - Exporting env vars: AIRFLOW_CTX_DAG_OWNER='Saleh' AIRFLOW_CTX_DAG_ID='customer_dim_generator' AIRFLOW_CTX_TASK_ID='generate_customer_dim_data' AIRFLOW_CTX_EXECUTION_DATE='2024-10-23T00:00:00+00:00' AIRFLOW_CTX_TRY_NUMBER='1' AIRFLOW_CTX_DAG_RUN_ID='scheduled__2024-10-23T00:00:00+00:00'
[2025-02-08T20:39:51.210+0000] {taskinstance.py:731} INFO - ::endgroup::
[2025-02-08T20:39:51.235+0000] {logging_mixin.py:190} INFO - CSV file './customer_dim_large_data.csv' with 100 rows has been generated successfully.
[2025-02-08T20:39:51.236+0000] {python.py:240} INFO - Done. Returned value was: None
[2025-02-08T20:39:51.259+0000] {taskinstance.py:340} INFO - ::group::Post task execution logs
[2025-02-08T20:39:51.260+0000] {taskinstance.py:352} INFO - Marking task as SUCCESS. dag_id=customer_dim_generator, task_id=generate_customer_dim_data, run_id=scheduled__2024-10-23T00:00:00+00:00, execution_date=20241023T000000, start_date=20250208T203951, end_date=20250208T203951
[2025-02-08T20:39:51.342+0000] {local_task_job_runner.py:266} INFO - Task exited with return code 0
[2025-02-08T20:39:51.354+0000] {local_task_job_runner.py:245} INFO - ::endgroup::
[2025-02-08T20:42:52.169+0000] {local_task_job_runner.py:123} INFO - ::group::Pre task execution logs
[2025-02-08T20:42:52.186+0000] {taskinstance.py:2612} INFO - Dependencies all met for dep_context=non-requeueable deps ti=<TaskInstance: customer_dim_generator.generate_customer_dim_data scheduled__2024-10-23T00:00:00+00:00 [queued]>
[2025-02-08T20:42:52.193+0000] {taskinstance.py:2612} INFO - Dependencies all met for dep_context=requeueable deps ti=<TaskInstance: customer_dim_generator.generate_customer_dim_data scheduled__2024-10-23T00:00:00+00:00 [queued]>
[2025-02-08T20:42:52.194+0000] {taskinstance.py:2865} INFO - Starting attempt 1 of 1
[2025-02-08T20:42:52.417+0000] {taskinstance.py:2888} INFO - Executing <Task(PythonOperator): generate_customer_dim_data> on 2024-10-23 00:00:00+00:00
[2025-02-08T20:42:52.425+0000] {logging_mixin.py:190} WARNING - /home/***/.local/lib/python3.12/site-packages/***/task/task_runner/standard_task_runner.py:70 DeprecationWarning: This process (pid=441) is multi-threaded, use of fork() may lead to deadlocks in the child.
[2025-02-08T20:42:52.427+0000] {standard_task_runner.py:72} INFO - Started process 469 to run task
[2025-02-08T20:42:52.426+0000] {standard_task_runner.py:104} INFO - Running: ['***', 'tasks', 'run', 'customer_dim_generator', 'generate_customer_dim_data', 'scheduled__2024-10-23T00:00:00+00:00', '--job-id', '421', '--raw', '--subdir', 'DAGS_FOLDER/customer_dim_gen.py', '--cfg-path', '/tmp/tmpzt4fbxhe']
[2025-02-08T20:42:52.428+0000] {standard_task_runner.py:105} INFO - Job 421: Subtask generate_customer_dim_data
[2025-02-08T20:42:52.481+0000] {task_command.py:467} INFO - Running <TaskInstance: customer_dim_generator.generate_customer_dim_data scheduled__2024-10-23T00:00:00+00:00 [running]> on host 86932746817d
[2025-02-08T20:42:52.567+0000] {taskinstance.py:3131} INFO - Exporting env vars: AIRFLOW_CTX_DAG_OWNER='Saleh' AIRFLOW_CTX_DAG_ID='customer_dim_generator' AIRFLOW_CTX_TASK_ID='generate_customer_dim_data' AIRFLOW_CTX_EXECUTION_DATE='2024-10-23T00:00:00+00:00' AIRFLOW_CTX_TRY_NUMBER='1' AIRFLOW_CTX_DAG_RUN_ID='scheduled__2024-10-23T00:00:00+00:00'
[2025-02-08T20:42:52.569+0000] {taskinstance.py:731} INFO - ::endgroup::
[2025-02-08T20:42:52.589+0000] {logging_mixin.py:190} INFO - CSV file './customer_dim_large_data.csv' with 100 rows has been generated successfully.
[2025-02-08T20:42:52.590+0000] {python.py:240} INFO - Done. Returned value was: None
[2025-02-08T20:42:52.599+0000] {taskinstance.py:340} INFO - ::group::Post task execution logs
[2025-02-08T20:42:52.599+0000] {taskinstance.py:352} INFO - Marking task as SUCCESS. dag_id=customer_dim_generator, task_id=generate_customer_dim_data, run_id=scheduled__2024-10-23T00:00:00+00:00, execution_date=20241023T000000, start_date=20250208T204252, end_date=20250208T204252
[2025-02-08T20:42:52.643+0000] {local_task_job_runner.py:266} INFO - Task exited with return code 0
[2025-02-08T20:42:52.659+0000] {taskinstance.py:3900} INFO - 0 downstream tasks scheduled from follow-on schedule check
[2025-02-08T20:42:52.663+0000] {local_task_job_runner.py:245} INFO - ::endgroup::
