[2025-02-08T19:03:40.611+0000] {local_task_job_runner.py:123} INFO - ::group::Pre task execution logs
[2025-02-08T19:03:40.624+0000] {taskinstance.py:2612} INFO - Dependencies all met for dep_context=non-requeueable deps ti=<TaskInstance: branch_dim_gen.generate_branch_dim_data scheduled__2025-02-05T00:00:00+00:00 [queued]>
[2025-02-08T19:03:40.631+0000] {taskinstance.py:2612} INFO - Dependencies all met for dep_context=requeueable deps ti=<TaskInstance: branch_dim_gen.generate_branch_dim_data scheduled__2025-02-05T00:00:00+00:00 [queued]>
[2025-02-08T19:03:40.632+0000] {taskinstance.py:2865} INFO - Starting attempt 1 of 1
[2025-02-08T19:03:40.642+0000] {taskinstance.py:2888} INFO - Executing <Task(PythonOperator): generate_branch_dim_data> on 2025-02-05 00:00:00+00:00
[2025-02-08T19:03:40.650+0000] {logging_mixin.py:190} WARNING - /home/***/.local/lib/python3.12/site-packages/***/task/task_runner/standard_task_runner.py:70 DeprecationWarning: This process (pid=2303) is multi-threaded, use of fork() may lead to deadlocks in the child.
[2025-02-08T19:03:40.651+0000] {standard_task_runner.py:72} INFO - Started process 2313 to run task
[2025-02-08T19:03:40.650+0000] {standard_task_runner.py:104} INFO - Running: ['***', 'tasks', 'run', 'branch_dim_gen', 'generate_branch_dim_data', 'scheduled__2025-02-05T00:00:00+00:00', '--job-id', '424', '--raw', '--subdir', 'DAGS_FOLDER/brnach_dim_gen.py', '--cfg-path', '/tmp/tmponujjy5g']
[2025-02-08T19:03:40.652+0000] {standard_task_runner.py:105} INFO - Job 424: Subtask generate_branch_dim_data
[2025-02-08T19:03:40.686+0000] {task_command.py:467} INFO - Running <TaskInstance: branch_dim_gen.generate_branch_dim_data scheduled__2025-02-05T00:00:00+00:00 [running]> on host 2c1cd59afcc0
[2025-02-08T19:03:40.753+0000] {taskinstance.py:3131} INFO - Exporting env vars: AIRFLOW_CTX_DAG_OWNER='Saleh' AIRFLOW_CTX_DAG_ID='branch_dim_gen' AIRFLOW_CTX_TASK_ID='generate_branch_dim_data' AIRFLOW_CTX_EXECUTION_DATE='2025-02-05T00:00:00+00:00' AIRFLOW_CTX_TRY_NUMBER='1' AIRFLOW_CTX_DAG_RUN_ID='scheduled__2025-02-05T00:00:00+00:00'
[2025-02-08T19:03:40.753+0000] {taskinstance.py:731} INFO - ::endgroup::
[2025-02-08T19:03:40.772+0000] {logging_mixin.py:190} INFO - CSV file './branch_dim_large_data.csv' with 50 rows has been generated successfully.
[2025-02-08T19:03:40.773+0000] {python.py:240} INFO - Done. Returned value was: None
[2025-02-08T19:03:40.780+0000] {taskinstance.py:340} INFO - ::group::Post task execution logs
[2025-02-08T19:03:40.780+0000] {taskinstance.py:352} INFO - Marking task as SUCCESS. dag_id=branch_dim_gen, task_id=generate_branch_dim_data, run_id=scheduled__2025-02-05T00:00:00+00:00, execution_date=20250205T000000, start_date=20250208T190340, end_date=20250208T190340
[2025-02-08T19:03:40.825+0000] {local_task_job_runner.py:266} INFO - Task exited with return code 0
[2025-02-08T19:03:40.838+0000] {taskinstance.py:3900} INFO - 0 downstream tasks scheduled from follow-on schedule check
[2025-02-08T19:03:40.840+0000] {local_task_job_runner.py:245} INFO - ::endgroup::
[2025-02-08T20:42:44.758+0000] {local_task_job_runner.py:123} INFO - ::group::Pre task execution logs
[2025-02-08T20:42:44.776+0000] {taskinstance.py:2612} INFO - Dependencies all met for dep_context=non-requeueable deps ti=<TaskInstance: branch_dim_gen.generate_branch_dim_data scheduled__2025-02-05T00:00:00+00:00 [queued]>
[2025-02-08T20:42:44.788+0000] {taskinstance.py:2612} INFO - Dependencies all met for dep_context=requeueable deps ti=<TaskInstance: branch_dim_gen.generate_branch_dim_data scheduled__2025-02-05T00:00:00+00:00 [queued]>
[2025-02-08T20:42:44.789+0000] {taskinstance.py:2865} INFO - Starting attempt 1 of 1
[2025-02-08T20:42:44.805+0000] {taskinstance.py:2888} INFO - Executing <Task(PythonOperator): generate_branch_dim_data> on 2025-02-05 00:00:00+00:00
[2025-02-08T20:42:44.815+0000] {logging_mixin.py:190} WARNING - /home/***/.local/lib/python3.12/site-packages/***/task/task_runner/standard_task_runner.py:70 DeprecationWarning: This process (pid=343) is multi-threaded, use of fork() may lead to deadlocks in the child.
[2025-02-08T20:42:44.816+0000] {standard_task_runner.py:72} INFO - Started process 360 to run task
[2025-02-08T20:42:44.814+0000] {standard_task_runner.py:104} INFO - Running: ['***', 'tasks', 'run', 'branch_dim_gen', 'generate_branch_dim_data', 'scheduled__2025-02-05T00:00:00+00:00', '--job-id', '398', '--raw', '--subdir', 'DAGS_FOLDER/brnach_dim_gen.py', '--cfg-path', '/tmp/tmp8zhak88k']
[2025-02-08T20:42:44.817+0000] {standard_task_runner.py:105} INFO - Job 398: Subtask generate_branch_dim_data
[2025-02-08T20:42:44.877+0000] {task_command.py:467} INFO - Running <TaskInstance: branch_dim_gen.generate_branch_dim_data scheduled__2025-02-05T00:00:00+00:00 [running]> on host 86932746817d
[2025-02-08T20:42:45.020+0000] {taskinstance.py:3131} INFO - Exporting env vars: AIRFLOW_CTX_DAG_OWNER='Saleh' AIRFLOW_CTX_DAG_ID='branch_dim_gen' AIRFLOW_CTX_TASK_ID='generate_branch_dim_data' AIRFLOW_CTX_EXECUTION_DATE='2025-02-05T00:00:00+00:00' AIRFLOW_CTX_TRY_NUMBER='1' AIRFLOW_CTX_DAG_RUN_ID='scheduled__2025-02-05T00:00:00+00:00'
[2025-02-08T20:42:45.029+0000] {taskinstance.py:731} INFO - ::endgroup::
[2025-02-08T20:42:45.080+0000] {logging_mixin.py:190} INFO - CSV file './branch_dim_large_data.csv' with 50 rows has been generated successfully.
[2025-02-08T20:42:45.081+0000] {python.py:240} INFO - Done. Returned value was: None
[2025-02-08T20:42:45.103+0000] {taskinstance.py:340} INFO - ::group::Post task execution logs
[2025-02-08T20:42:45.106+0000] {taskinstance.py:352} INFO - Marking task as SUCCESS. dag_id=branch_dim_gen, task_id=generate_branch_dim_data, run_id=scheduled__2025-02-05T00:00:00+00:00, execution_date=20250205T000000, start_date=20250208T204244, end_date=20250208T204245
[2025-02-08T20:42:45.153+0000] {local_task_job_runner.py:266} INFO - Task exited with return code 0
[2025-02-08T20:42:45.176+0000] {taskinstance.py:3900} INFO - 0 downstream tasks scheduled from follow-on schedule check
[2025-02-08T20:42:45.184+0000] {local_task_job_runner.py:245} INFO - ::endgroup::
