[2025-02-08T19:02:51.621+0000] {local_task_job_runner.py:123} INFO - ::group::Pre task execution logs
[2025-02-08T19:02:51.635+0000] {taskinstance.py:2612} INFO - Dependencies all met for dep_context=non-requeueable deps ti=<TaskInstance: branch_dim_gen.generate_branch_dim_data scheduled__2024-11-22T00:00:00+00:00 [queued]>
[2025-02-08T19:02:51.644+0000] {taskinstance.py:2612} INFO - Dependencies all met for dep_context=requeueable deps ti=<TaskInstance: branch_dim_gen.generate_branch_dim_data scheduled__2024-11-22T00:00:00+00:00 [queued]>
[2025-02-08T19:02:51.645+0000] {taskinstance.py:2865} INFO - Starting attempt 1 of 1
[2025-02-08T19:02:51.657+0000] {taskinstance.py:2888} INFO - Executing <Task(PythonOperator): generate_branch_dim_data> on 2024-11-22 00:00:00+00:00
[2025-02-08T19:02:51.665+0000] {logging_mixin.py:190} WARNING - /home/***/.local/lib/python3.12/site-packages/***/task/task_runner/standard_task_runner.py:70 DeprecationWarning: This process (pid=1746) is multi-threaded, use of fork() may lead to deadlocks in the child.
[2025-02-08T19:02:51.666+0000] {standard_task_runner.py:72} INFO - Started process 1763 to run task
[2025-02-08T19:02:51.666+0000] {standard_task_runner.py:104} INFO - Running: ['***', 'tasks', 'run', 'branch_dim_gen', 'generate_branch_dim_data', 'scheduled__2024-11-22T00:00:00+00:00', '--job-id', '294', '--raw', '--subdir', 'DAGS_FOLDER/brnach_dim_gen.py', '--cfg-path', '/tmp/tmpikznnx75']
[2025-02-08T19:02:51.670+0000] {standard_task_runner.py:105} INFO - Job 294: Subtask generate_branch_dim_data
[2025-02-08T19:02:51.714+0000] {task_command.py:467} INFO - Running <TaskInstance: branch_dim_gen.generate_branch_dim_data scheduled__2024-11-22T00:00:00+00:00 [running]> on host 2c1cd59afcc0
[2025-02-08T19:02:51.786+0000] {taskinstance.py:3131} INFO - Exporting env vars: AIRFLOW_CTX_DAG_OWNER='Saleh' AIRFLOW_CTX_DAG_ID='branch_dim_gen' AIRFLOW_CTX_TASK_ID='generate_branch_dim_data' AIRFLOW_CTX_EXECUTION_DATE='2024-11-22T00:00:00+00:00' AIRFLOW_CTX_TRY_NUMBER='1' AIRFLOW_CTX_DAG_RUN_ID='scheduled__2024-11-22T00:00:00+00:00'
[2025-02-08T19:02:51.787+0000] {taskinstance.py:731} INFO - ::endgroup::
[2025-02-08T19:02:51.803+0000] {logging_mixin.py:190} INFO - CSV file './branch_dim_large_data.csv' with 50 rows has been generated successfully.
[2025-02-08T19:02:51.804+0000] {python.py:240} INFO - Done. Returned value was: None
[2025-02-08T19:02:51.811+0000] {taskinstance.py:340} INFO - ::group::Post task execution logs
[2025-02-08T19:02:51.812+0000] {taskinstance.py:352} INFO - Marking task as SUCCESS. dag_id=branch_dim_gen, task_id=generate_branch_dim_data, run_id=scheduled__2024-11-22T00:00:00+00:00, execution_date=20241122T000000, start_date=20250208T190251, end_date=20250208T190251
[2025-02-08T19:02:51.842+0000] {local_task_job_runner.py:266} INFO - Task exited with return code 0
[2025-02-08T19:02:51.856+0000] {taskinstance.py:3900} INFO - 0 downstream tasks scheduled from follow-on schedule check
[2025-02-08T19:02:51.858+0000] {local_task_job_runner.py:245} INFO - ::endgroup::
[2025-02-08T20:40:37.002+0000] {local_task_job_runner.py:123} INFO - ::group::Pre task execution logs
[2025-02-08T20:40:37.030+0000] {taskinstance.py:2612} INFO - Dependencies all met for dep_context=non-requeueable deps ti=<TaskInstance: branch_dim_gen.generate_branch_dim_data scheduled__2024-11-22T00:00:00+00:00 [queued]>
[2025-02-08T20:40:37.038+0000] {taskinstance.py:2612} INFO - Dependencies all met for dep_context=requeueable deps ti=<TaskInstance: branch_dim_gen.generate_branch_dim_data scheduled__2024-11-22T00:00:00+00:00 [queued]>
[2025-02-08T20:40:37.039+0000] {taskinstance.py:2865} INFO - Starting attempt 1 of 1
[2025-02-08T20:40:37.200+0000] {taskinstance.py:2888} INFO - Executing <Task(PythonOperator): generate_branch_dim_data> on 2024-11-22 00:00:00+00:00
[2025-02-08T20:40:37.210+0000] {logging_mixin.py:190} WARNING - /home/***/.local/lib/python3.12/site-packages/***/task/task_runner/standard_task_runner.py:70 DeprecationWarning: This process (pid=1456) is multi-threaded, use of fork() may lead to deadlocks in the child.
[2025-02-08T20:40:37.212+0000] {standard_task_runner.py:72} INFO - Started process 1490 to run task
[2025-02-08T20:40:37.211+0000] {standard_task_runner.py:104} INFO - Running: ['***', 'tasks', 'run', 'branch_dim_gen', 'generate_branch_dim_data', 'scheduled__2024-11-22T00:00:00+00:00', '--job-id', '212', '--raw', '--subdir', 'DAGS_FOLDER/brnach_dim_gen.py', '--cfg-path', '/tmp/tmp61z35an3']
[2025-02-08T20:40:37.213+0000] {standard_task_runner.py:105} INFO - Job 212: Subtask generate_branch_dim_data
[2025-02-08T20:40:37.286+0000] {task_command.py:467} INFO - Running <TaskInstance: branch_dim_gen.generate_branch_dim_data scheduled__2024-11-22T00:00:00+00:00 [running]> on host 7e959c1a2a8b
[2025-02-08T20:40:37.411+0000] {taskinstance.py:3131} INFO - Exporting env vars: AIRFLOW_CTX_DAG_OWNER='Saleh' AIRFLOW_CTX_DAG_ID='branch_dim_gen' AIRFLOW_CTX_TASK_ID='generate_branch_dim_data' AIRFLOW_CTX_EXECUTION_DATE='2024-11-22T00:00:00+00:00' AIRFLOW_CTX_TRY_NUMBER='1' AIRFLOW_CTX_DAG_RUN_ID='scheduled__2024-11-22T00:00:00+00:00'
[2025-02-08T20:40:37.416+0000] {taskinstance.py:731} INFO - ::endgroup::
[2025-02-08T20:40:37.447+0000] {logging_mixin.py:190} INFO - CSV file './branch_dim_large_data.csv' with 50 rows has been generated successfully.
[2025-02-08T20:40:37.448+0000] {python.py:240} INFO - Done. Returned value was: None
[2025-02-08T20:40:37.464+0000] {taskinstance.py:340} INFO - ::group::Post task execution logs
[2025-02-08T20:40:37.465+0000] {taskinstance.py:352} INFO - Marking task as SUCCESS. dag_id=branch_dim_gen, task_id=generate_branch_dim_data, run_id=scheduled__2024-11-22T00:00:00+00:00, execution_date=20241122T000000, start_date=20250208T204037, end_date=20250208T204037
[2025-02-08T20:40:37.524+0000] {local_task_job_runner.py:266} INFO - Task exited with return code 0
[2025-02-08T20:40:37.541+0000] {taskinstance.py:3900} INFO - 0 downstream tasks scheduled from follow-on schedule check
[2025-02-08T20:40:37.543+0000] {local_task_job_runner.py:245} INFO - ::endgroup::
