[2025-02-08T19:03:08.246+0000] {local_task_job_runner.py:123} INFO - ::group::Pre task execution logs
[2025-02-08T19:03:08.264+0000] {taskinstance.py:2612} INFO - Dependencies all met for dep_context=non-requeueable deps ti=<TaskInstance: branch_dim_gen.generate_branch_dim_data scheduled__2024-12-16T00:00:00+00:00 [queued]>
[2025-02-08T19:03:08.279+0000] {taskinstance.py:2612} INFO - Dependencies all met for dep_context=requeueable deps ti=<TaskInstance: branch_dim_gen.generate_branch_dim_data scheduled__2024-12-16T00:00:00+00:00 [queued]>
[2025-02-08T19:03:08.279+0000] {taskinstance.py:2865} INFO - Starting attempt 1 of 1
[2025-02-08T19:03:08.427+0000] {taskinstance.py:2888} INFO - Executing <Task(PythonOperator): generate_branch_dim_data> on 2024-12-16 00:00:00+00:00
[2025-02-08T19:03:08.438+0000] {logging_mixin.py:190} WARNING - /home/***/.local/lib/python3.12/site-packages/***/task/task_runner/standard_task_runner.py:70 DeprecationWarning: This process (pid=1940) is multi-threaded, use of fork() may lead to deadlocks in the child.
[2025-02-08T19:03:08.440+0000] {standard_task_runner.py:72} INFO - Started process 1968 to run task
[2025-02-08T19:03:08.442+0000] {standard_task_runner.py:104} INFO - Running: ['***', 'tasks', 'run', 'branch_dim_gen', 'generate_branch_dim_data', 'scheduled__2024-12-16T00:00:00+00:00', '--job-id', '342', '--raw', '--subdir', 'DAGS_FOLDER/brnach_dim_gen.py', '--cfg-path', '/tmp/tmp_71210wn']
[2025-02-08T19:03:08.445+0000] {standard_task_runner.py:105} INFO - Job 342: Subtask generate_branch_dim_data
[2025-02-08T19:03:08.496+0000] {task_command.py:467} INFO - Running <TaskInstance: branch_dim_gen.generate_branch_dim_data scheduled__2024-12-16T00:00:00+00:00 [running]> on host 2c1cd59afcc0
[2025-02-08T19:03:08.593+0000] {taskinstance.py:3131} INFO - Exporting env vars: AIRFLOW_CTX_DAG_OWNER='Saleh' AIRFLOW_CTX_DAG_ID='branch_dim_gen' AIRFLOW_CTX_TASK_ID='generate_branch_dim_data' AIRFLOW_CTX_EXECUTION_DATE='2024-12-16T00:00:00+00:00' AIRFLOW_CTX_TRY_NUMBER='1' AIRFLOW_CTX_DAG_RUN_ID='scheduled__2024-12-16T00:00:00+00:00'
[2025-02-08T19:03:08.594+0000] {taskinstance.py:731} INFO - ::endgroup::
[2025-02-08T19:03:08.619+0000] {logging_mixin.py:190} INFO - CSV file './branch_dim_large_data.csv' with 50 rows has been generated successfully.
[2025-02-08T19:03:08.621+0000] {python.py:240} INFO - Done. Returned value was: None
[2025-02-08T19:03:08.630+0000] {taskinstance.py:340} INFO - ::group::Post task execution logs
[2025-02-08T19:03:08.631+0000] {taskinstance.py:352} INFO - Marking task as SUCCESS. dag_id=branch_dim_gen, task_id=generate_branch_dim_data, run_id=scheduled__2024-12-16T00:00:00+00:00, execution_date=20241216T000000, start_date=20250208T190308, end_date=20250208T190308
[2025-02-08T19:03:08.663+0000] {local_task_job_runner.py:266} INFO - Task exited with return code 0
[2025-02-08T19:03:08.672+0000] {local_task_job_runner.py:245} INFO - ::endgroup::
[2025-02-08T20:40:56.763+0000] {local_task_job_runner.py:123} INFO - ::group::Pre task execution logs
[2025-02-08T20:40:56.783+0000] {taskinstance.py:2612} INFO - Dependencies all met for dep_context=non-requeueable deps ti=<TaskInstance: branch_dim_gen.generate_branch_dim_data scheduled__2024-12-16T00:00:00+00:00 [queued]>
[2025-02-08T20:40:56.793+0000] {taskinstance.py:2612} INFO - Dependencies all met for dep_context=requeueable deps ti=<TaskInstance: branch_dim_gen.generate_branch_dim_data scheduled__2024-12-16T00:00:00+00:00 [queued]>
[2025-02-08T20:40:56.794+0000] {taskinstance.py:2865} INFO - Starting attempt 1 of 1
[2025-02-08T20:40:56.809+0000] {taskinstance.py:2888} INFO - Executing <Task(PythonOperator): generate_branch_dim_data> on 2024-12-16 00:00:00+00:00
[2025-02-08T20:40:56.819+0000] {logging_mixin.py:190} WARNING - /home/***/.local/lib/python3.12/site-packages/***/task/task_runner/standard_task_runner.py:70 DeprecationWarning: This process (pid=1768) is multi-threaded, use of fork() may lead to deadlocks in the child.
[2025-02-08T20:40:56.819+0000] {standard_task_runner.py:104} INFO - Running: ['***', 'tasks', 'run', 'branch_dim_gen', 'generate_branch_dim_data', 'scheduled__2024-12-16T00:00:00+00:00', '--job-id', '285', '--raw', '--subdir', 'DAGS_FOLDER/brnach_dim_gen.py', '--cfg-path', '/tmp/tmpu_mt62ji']
[2025-02-08T20:40:56.821+0000] {standard_task_runner.py:72} INFO - Started process 1798 to run task
[2025-02-08T20:40:56.821+0000] {standard_task_runner.py:105} INFO - Job 285: Subtask generate_branch_dim_data
[2025-02-08T20:40:56.865+0000] {task_command.py:467} INFO - Running <TaskInstance: branch_dim_gen.generate_branch_dim_data scheduled__2024-12-16T00:00:00+00:00 [running]> on host 7e959c1a2a8b
[2025-02-08T20:40:56.966+0000] {taskinstance.py:3131} INFO - Exporting env vars: AIRFLOW_CTX_DAG_OWNER='Saleh' AIRFLOW_CTX_DAG_ID='branch_dim_gen' AIRFLOW_CTX_TASK_ID='generate_branch_dim_data' AIRFLOW_CTX_EXECUTION_DATE='2024-12-16T00:00:00+00:00' AIRFLOW_CTX_TRY_NUMBER='1' AIRFLOW_CTX_DAG_RUN_ID='scheduled__2024-12-16T00:00:00+00:00'
[2025-02-08T20:40:56.967+0000] {taskinstance.py:731} INFO - ::endgroup::
[2025-02-08T20:40:56.989+0000] {logging_mixin.py:190} INFO - CSV file './branch_dim_large_data.csv' with 50 rows has been generated successfully.
[2025-02-08T20:40:56.989+0000] {python.py:240} INFO - Done. Returned value was: None
[2025-02-08T20:40:56.998+0000] {taskinstance.py:340} INFO - ::group::Post task execution logs
[2025-02-08T20:40:56.998+0000] {taskinstance.py:352} INFO - Marking task as SUCCESS. dag_id=branch_dim_gen, task_id=generate_branch_dim_data, run_id=scheduled__2024-12-16T00:00:00+00:00, execution_date=20241216T000000, start_date=20250208T204056, end_date=20250208T204056
[2025-02-08T20:40:57.036+0000] {local_task_job_runner.py:266} INFO - Task exited with return code 0
[2025-02-08T20:40:57.044+0000] {local_task_job_runner.py:245} INFO - ::endgroup::
