[2025-02-08T19:01:06.404+0000] {local_task_job_runner.py:123} INFO - ::group::Pre task execution logs
[2025-02-08T19:01:06.418+0000] {taskinstance.py:2612} INFO - Dependencies all met for dep_context=non-requeueable deps ti=<TaskInstance: account_dim_gen.generate_account_dim_data scheduled__2025-01-12T00:00:00+00:00 [queued]>
[2025-02-08T19:01:06.425+0000] {taskinstance.py:2612} INFO - Dependencies all met for dep_context=requeueable deps ti=<TaskInstance: account_dim_gen.generate_account_dim_data scheduled__2025-01-12T00:00:00+00:00 [queued]>
[2025-02-08T19:01:06.426+0000] {taskinstance.py:2865} INFO - Starting attempt 1 of 1
[2025-02-08T19:01:06.438+0000] {taskinstance.py:2888} INFO - Executing <Task(PythonOperator): generate_account_dim_data> on 2025-01-12 00:00:00+00:00
[2025-02-08T19:01:06.447+0000] {logging_mixin.py:190} WARNING - /home/***/.local/lib/python3.12/site-packages/***/task/task_runner/standard_task_runner.py:70 DeprecationWarning: This process (pid=993) is multi-threaded, use of fork() may lead to deadlocks in the child.
[2025-02-08T19:01:06.448+0000] {standard_task_runner.py:72} INFO - Started process 1011 to run task
[2025-02-08T19:01:06.448+0000] {standard_task_runner.py:104} INFO - Running: ['***', 'tasks', 'run', 'account_dim_gen', 'generate_account_dim_data', 'scheduled__2025-01-12T00:00:00+00:00', '--job-id', '128', '--raw', '--subdir', 'DAGS_FOLDER/account_dim_gen.py', '--cfg-path', '/tmp/tmpm4rr3m0l']
[2025-02-08T19:01:06.450+0000] {standard_task_runner.py:105} INFO - Job 128: Subtask generate_account_dim_data
[2025-02-08T19:01:06.485+0000] {task_command.py:467} INFO - Running <TaskInstance: account_dim_gen.generate_account_dim_data scheduled__2025-01-12T00:00:00+00:00 [running]> on host 2c1cd59afcc0
[2025-02-08T19:01:06.556+0000] {taskinstance.py:3131} INFO - Exporting env vars: AIRFLOW_CTX_DAG_OWNER='Saleh' AIRFLOW_CTX_DAG_ID='account_dim_gen' AIRFLOW_CTX_TASK_ID='generate_account_dim_data' AIRFLOW_CTX_EXECUTION_DATE='2025-01-12T00:00:00+00:00' AIRFLOW_CTX_TRY_NUMBER='1' AIRFLOW_CTX_DAG_RUN_ID='scheduled__2025-01-12T00:00:00+00:00'
[2025-02-08T19:01:06.558+0000] {taskinstance.py:731} INFO - ::endgroup::
[2025-02-08T19:01:06.574+0000] {logging_mixin.py:190} INFO - CSV file ./account_dim_large_data.csv with 50 row has been generated successfully!
[2025-02-08T19:01:06.574+0000] {python.py:240} INFO - Done. Returned value was: None
[2025-02-08T19:01:06.581+0000] {taskinstance.py:340} INFO - ::group::Post task execution logs
[2025-02-08T19:01:06.582+0000] {taskinstance.py:352} INFO - Marking task as SUCCESS. dag_id=account_dim_gen, task_id=generate_account_dim_data, run_id=scheduled__2025-01-12T00:00:00+00:00, execution_date=20250112T000000, start_date=20250208T190106, end_date=20250208T190106
[2025-02-08T19:01:06.623+0000] {local_task_job_runner.py:266} INFO - Task exited with return code 0
[2025-02-08T19:01:06.637+0000] {taskinstance.py:3900} INFO - 0 downstream tasks scheduled from follow-on schedule check
[2025-02-08T19:01:06.639+0000] {local_task_job_runner.py:245} INFO - ::endgroup::
[2025-02-08T20:41:19.597+0000] {local_task_job_runner.py:123} INFO - ::group::Pre task execution logs
[2025-02-08T20:41:19.608+0000] {taskinstance.py:2612} INFO - Dependencies all met for dep_context=non-requeueable deps ti=<TaskInstance: account_dim_gen.generate_account_dim_data scheduled__2025-01-12T00:00:00+00:00 [queued]>
[2025-02-08T20:41:19.615+0000] {taskinstance.py:2612} INFO - Dependencies all met for dep_context=requeueable deps ti=<TaskInstance: account_dim_gen.generate_account_dim_data scheduled__2025-01-12T00:00:00+00:00 [queued]>
[2025-02-08T20:41:19.615+0000] {taskinstance.py:2865} INFO - Starting attempt 1 of 1
[2025-02-08T20:41:19.626+0000] {taskinstance.py:2888} INFO - Executing <Task(PythonOperator): generate_account_dim_data> on 2025-01-12 00:00:00+00:00
[2025-02-08T20:41:19.635+0000] {logging_mixin.py:190} WARNING - /home/***/.local/lib/python3.12/site-packages/***/task/task_runner/standard_task_runner.py:70 DeprecationWarning: This process (pid=2081) is multi-threaded, use of fork() may lead to deadlocks in the child.
[2025-02-08T20:41:19.636+0000] {standard_task_runner.py:72} INFO - Started process 2084 to run task
[2025-02-08T20:41:19.635+0000] {standard_task_runner.py:104} INFO - Running: ['***', 'tasks', 'run', 'account_dim_gen', 'generate_account_dim_data', 'scheduled__2025-01-12T00:00:00+00:00', '--job-id', '352', '--raw', '--subdir', 'DAGS_FOLDER/account_dim_gen.py', '--cfg-path', '/tmp/tmpydpjz7fl']
[2025-02-08T20:41:19.637+0000] {standard_task_runner.py:105} INFO - Job 352: Subtask generate_account_dim_data
[2025-02-08T20:41:19.672+0000] {task_command.py:467} INFO - Running <TaskInstance: account_dim_gen.generate_account_dim_data scheduled__2025-01-12T00:00:00+00:00 [running]> on host 7e959c1a2a8b
[2025-02-08T20:41:19.735+0000] {taskinstance.py:3131} INFO - Exporting env vars: AIRFLOW_CTX_DAG_OWNER='Saleh' AIRFLOW_CTX_DAG_ID='account_dim_gen' AIRFLOW_CTX_TASK_ID='generate_account_dim_data' AIRFLOW_CTX_EXECUTION_DATE='2025-01-12T00:00:00+00:00' AIRFLOW_CTX_TRY_NUMBER='1' AIRFLOW_CTX_DAG_RUN_ID='scheduled__2025-01-12T00:00:00+00:00'
[2025-02-08T20:41:19.736+0000] {taskinstance.py:731} INFO - ::endgroup::
[2025-02-08T20:41:19.753+0000] {logging_mixin.py:190} INFO - CSV file ./account_dim_large_data.csv with 50 row has been generated successfully!
[2025-02-08T20:41:19.753+0000] {python.py:240} INFO - Done. Returned value was: None
[2025-02-08T20:41:19.760+0000] {taskinstance.py:340} INFO - ::group::Post task execution logs
[2025-02-08T20:41:19.761+0000] {taskinstance.py:352} INFO - Marking task as SUCCESS. dag_id=account_dim_gen, task_id=generate_account_dim_data, run_id=scheduled__2025-01-12T00:00:00+00:00, execution_date=20250112T000000, start_date=20250208T204119, end_date=20250208T204119
[2025-02-08T20:41:19.810+0000] {local_task_job_runner.py:266} INFO - Task exited with return code 0
[2025-02-08T20:41:19.823+0000] {taskinstance.py:3900} INFO - 0 downstream tasks scheduled from follow-on schedule check
[2025-02-08T20:41:19.825+0000] {local_task_job_runner.py:245} INFO - ::endgroup::
