[2025-02-08T19:02:14.829+0000] {local_task_job_runner.py:123} INFO - ::group::Pre task execution logs
[2025-02-08T19:02:14.847+0000] {taskinstance.py:2612} INFO - Dependencies all met for dep_context=non-requeueable deps ti=<TaskInstance: customer_dim_generator.generate_customer_dim_data scheduled__2024-10-26T00:00:00+00:00 [queued]>
[2025-02-08T19:02:14.856+0000] {taskinstance.py:2612} INFO - Dependencies all met for dep_context=requeueable deps ti=<TaskInstance: customer_dim_generator.generate_customer_dim_data scheduled__2024-10-26T00:00:00+00:00 [queued]>
[2025-02-08T19:02:14.859+0000] {taskinstance.py:2865} INFO - Starting attempt 1 of 1
[2025-02-08T19:02:14.882+0000] {taskinstance.py:2888} INFO - Executing <Task(PythonOperator): generate_customer_dim_data> on 2024-10-26 00:00:00+00:00
[2025-02-08T19:02:14.891+0000] {logging_mixin.py:190} WARNING - /home/***/.local/lib/python3.12/site-packages/***/task/task_runner/standard_task_runner.py:70 DeprecationWarning: This process (pid=1314) is multi-threaded, use of fork() may lead to deadlocks in the child.
[2025-02-08T19:02:14.892+0000] {standard_task_runner.py:72} INFO - Started process 1339 to run task
[2025-02-08T19:02:14.892+0000] {standard_task_runner.py:104} INFO - Running: ['***', 'tasks', 'run', 'customer_dim_generator', 'generate_customer_dim_data', 'scheduled__2024-10-26T00:00:00+00:00', '--job-id', '195', '--raw', '--subdir', 'DAGS_FOLDER/customer_dim_gen.py', '--cfg-path', '/tmp/tmp9_jp_kej']
[2025-02-08T19:02:14.894+0000] {standard_task_runner.py:105} INFO - Job 195: Subtask generate_customer_dim_data
[2025-02-08T19:02:14.949+0000] {task_command.py:467} INFO - Running <TaskInstance: customer_dim_generator.generate_customer_dim_data scheduled__2024-10-26T00:00:00+00:00 [running]> on host 2c1cd59afcc0
[2025-02-08T19:02:15.052+0000] {taskinstance.py:3131} INFO - Exporting env vars: AIRFLOW_CTX_DAG_OWNER='Saleh' AIRFLOW_CTX_DAG_ID='customer_dim_generator' AIRFLOW_CTX_TASK_ID='generate_customer_dim_data' AIRFLOW_CTX_EXECUTION_DATE='2024-10-26T00:00:00+00:00' AIRFLOW_CTX_TRY_NUMBER='1' AIRFLOW_CTX_DAG_RUN_ID='scheduled__2024-10-26T00:00:00+00:00'
[2025-02-08T19:02:15.056+0000] {taskinstance.py:731} INFO - ::endgroup::
[2025-02-08T19:02:15.080+0000] {logging_mixin.py:190} INFO - CSV file './customer_dim_large_data.csv' with 100 rows has been generated successfully.
[2025-02-08T19:02:15.080+0000] {python.py:240} INFO - Done. Returned value was: None
[2025-02-08T19:02:15.092+0000] {taskinstance.py:340} INFO - ::group::Post task execution logs
[2025-02-08T19:02:15.094+0000] {taskinstance.py:352} INFO - Marking task as SUCCESS. dag_id=customer_dim_generator, task_id=generate_customer_dim_data, run_id=scheduled__2024-10-26T00:00:00+00:00, execution_date=20241026T000000, start_date=20250208T190214, end_date=20250208T190215
[2025-02-08T19:02:15.151+0000] {local_task_job_runner.py:266} INFO - Task exited with return code 0
[2025-02-08T19:02:15.164+0000] {local_task_job_runner.py:245} INFO - ::endgroup::
[2025-02-08T20:39:52.096+0000] {local_task_job_runner.py:123} INFO - ::group::Pre task execution logs
[2025-02-08T20:39:52.115+0000] {taskinstance.py:2612} INFO - Dependencies all met for dep_context=non-requeueable deps ti=<TaskInstance: customer_dim_generator.generate_customer_dim_data scheduled__2024-10-26T00:00:00+00:00 [queued]>
[2025-02-08T20:39:52.145+0000] {taskinstance.py:2612} INFO - Dependencies all met for dep_context=requeueable deps ti=<TaskInstance: customer_dim_generator.generate_customer_dim_data scheduled__2024-10-26T00:00:00+00:00 [queued]>
[2025-02-08T20:39:52.147+0000] {taskinstance.py:2865} INFO - Starting attempt 1 of 1
[2025-02-08T20:39:52.169+0000] {taskinstance.py:2888} INFO - Executing <Task(PythonOperator): generate_customer_dim_data> on 2024-10-26 00:00:00+00:00
[2025-02-08T20:39:52.187+0000] {logging_mixin.py:190} WARNING - /home/***/.local/lib/python3.12/site-packages/***/task/task_runner/standard_task_runner.py:70 DeprecationWarning: This process (pid=811) is multi-threaded, use of fork() may lead to deadlocks in the child.
[2025-02-08T20:39:52.190+0000] {standard_task_runner.py:72} INFO - Started process 839 to run task
[2025-02-08T20:39:52.186+0000] {standard_task_runner.py:104} INFO - Running: ['***', 'tasks', 'run', 'customer_dim_generator', 'generate_customer_dim_data', 'scheduled__2024-10-26T00:00:00+00:00', '--job-id', '59', '--raw', '--subdir', 'DAGS_FOLDER/customer_dim_gen.py', '--cfg-path', '/tmp/tmpo6jqr42u']
[2025-02-08T20:39:52.199+0000] {standard_task_runner.py:105} INFO - Job 59: Subtask generate_customer_dim_data
[2025-02-08T20:39:52.332+0000] {task_command.py:467} INFO - Running <TaskInstance: customer_dim_generator.generate_customer_dim_data scheduled__2024-10-26T00:00:00+00:00 [running]> on host 7e959c1a2a8b
[2025-02-08T20:39:52.435+0000] {taskinstance.py:3131} INFO - Exporting env vars: AIRFLOW_CTX_DAG_OWNER='Saleh' AIRFLOW_CTX_DAG_ID='customer_dim_generator' AIRFLOW_CTX_TASK_ID='generate_customer_dim_data' AIRFLOW_CTX_EXECUTION_DATE='2024-10-26T00:00:00+00:00' AIRFLOW_CTX_TRY_NUMBER='1' AIRFLOW_CTX_DAG_RUN_ID='scheduled__2024-10-26T00:00:00+00:00'
[2025-02-08T20:39:52.438+0000] {taskinstance.py:731} INFO - ::endgroup::
[2025-02-08T20:39:52.467+0000] {logging_mixin.py:190} INFO - CSV file './customer_dim_large_data.csv' with 100 rows has been generated successfully.
[2025-02-08T20:39:52.468+0000] {python.py:240} INFO - Done. Returned value was: None
[2025-02-08T20:39:52.479+0000] {taskinstance.py:340} INFO - ::group::Post task execution logs
[2025-02-08T20:39:52.480+0000] {taskinstance.py:352} INFO - Marking task as SUCCESS. dag_id=customer_dim_generator, task_id=generate_customer_dim_data, run_id=scheduled__2024-10-26T00:00:00+00:00, execution_date=20241026T000000, start_date=20250208T203952, end_date=20250208T203952
[2025-02-08T20:39:52.551+0000] {local_task_job_runner.py:266} INFO - Task exited with return code 0
[2025-02-08T20:39:52.566+0000] {local_task_job_runner.py:245} INFO - ::endgroup::
[2025-02-08T20:42:52.907+0000] {local_task_job_runner.py:123} INFO - ::group::Pre task execution logs
[2025-02-08T20:42:52.921+0000] {taskinstance.py:2612} INFO - Dependencies all met for dep_context=non-requeueable deps ti=<TaskInstance: customer_dim_generator.generate_customer_dim_data scheduled__2024-10-26T00:00:00+00:00 [queued]>
[2025-02-08T20:42:52.927+0000] {taskinstance.py:2612} INFO - Dependencies all met for dep_context=requeueable deps ti=<TaskInstance: customer_dim_generator.generate_customer_dim_data scheduled__2024-10-26T00:00:00+00:00 [queued]>
[2025-02-08T20:42:52.928+0000] {taskinstance.py:2865} INFO - Starting attempt 1 of 1
[2025-02-08T20:42:52.944+0000] {taskinstance.py:2888} INFO - Executing <Task(PythonOperator): generate_customer_dim_data> on 2024-10-26 00:00:00+00:00
[2025-02-08T20:42:52.952+0000] {logging_mixin.py:190} WARNING - /home/***/.local/lib/python3.12/site-packages/***/task/task_runner/standard_task_runner.py:70 DeprecationWarning: This process (pid=465) is multi-threaded, use of fork() may lead to deadlocks in the child.
[2025-02-08T20:42:52.953+0000] {standard_task_runner.py:72} INFO - Started process 477 to run task
[2025-02-08T20:42:52.953+0000] {standard_task_runner.py:104} INFO - Running: ['***', 'tasks', 'run', 'customer_dim_generator', 'generate_customer_dim_data', 'scheduled__2024-10-26T00:00:00+00:00', '--job-id', '424', '--raw', '--subdir', 'DAGS_FOLDER/customer_dim_gen.py', '--cfg-path', '/tmp/tmp0nyxlta8']
[2025-02-08T20:42:52.955+0000] {standard_task_runner.py:105} INFO - Job 424: Subtask generate_customer_dim_data
[2025-02-08T20:42:52.998+0000] {task_command.py:467} INFO - Running <TaskInstance: customer_dim_generator.generate_customer_dim_data scheduled__2024-10-26T00:00:00+00:00 [running]> on host 86932746817d
[2025-02-08T20:42:53.084+0000] {taskinstance.py:3131} INFO - Exporting env vars: AIRFLOW_CTX_DAG_OWNER='Saleh' AIRFLOW_CTX_DAG_ID='customer_dim_generator' AIRFLOW_CTX_TASK_ID='generate_customer_dim_data' AIRFLOW_CTX_EXECUTION_DATE='2024-10-26T00:00:00+00:00' AIRFLOW_CTX_TRY_NUMBER='1' AIRFLOW_CTX_DAG_RUN_ID='scheduled__2024-10-26T00:00:00+00:00'
[2025-02-08T20:42:53.085+0000] {taskinstance.py:731} INFO - ::endgroup::
[2025-02-08T20:42:53.100+0000] {logging_mixin.py:190} INFO - CSV file './customer_dim_large_data.csv' with 100 rows has been generated successfully.
[2025-02-08T20:42:53.101+0000] {python.py:240} INFO - Done. Returned value was: None
[2025-02-08T20:42:53.107+0000] {taskinstance.py:340} INFO - ::group::Post task execution logs
[2025-02-08T20:42:53.108+0000] {taskinstance.py:352} INFO - Marking task as SUCCESS. dag_id=customer_dim_generator, task_id=generate_customer_dim_data, run_id=scheduled__2024-10-26T00:00:00+00:00, execution_date=20241026T000000, start_date=20250208T204252, end_date=20250208T204253
[2025-02-08T20:42:53.168+0000] {local_task_job_runner.py:266} INFO - Task exited with return code 0
[2025-02-08T20:42:53.180+0000] {taskinstance.py:3900} INFO - 0 downstream tasks scheduled from follow-on schedule check
[2025-02-08T20:42:53.192+0000] {local_task_job_runner.py:245} INFO - ::endgroup::
