[2025-02-08T19:02:56.951+0000] {local_task_job_runner.py:123} INFO - ::group::Pre task execution logs
[2025-02-08T19:02:56.973+0000] {taskinstance.py:2612} INFO - Dependencies all met for dep_context=non-requeueable deps ti=<TaskInstance: branch_dim_gen.generate_branch_dim_data scheduled__2024-11-25T00:00:00+00:00 [queued]>
[2025-02-08T19:02:56.984+0000] {taskinstance.py:2612} INFO - Dependencies all met for dep_context=requeueable deps ti=<TaskInstance: branch_dim_gen.generate_branch_dim_data scheduled__2024-11-25T00:00:00+00:00 [queued]>
[2025-02-08T19:02:56.985+0000] {taskinstance.py:2865} INFO - Starting attempt 1 of 1
[2025-02-08T19:02:56.999+0000] {taskinstance.py:2888} INFO - Executing <Task(PythonOperator): generate_branch_dim_data> on 2024-11-25 00:00:00+00:00
[2025-02-08T19:02:57.020+0000] {logging_mixin.py:190} WARNING - /home/***/.local/lib/python3.12/site-packages/***/task/task_runner/standard_task_runner.py:70 DeprecationWarning: This process (pid=1775) is multi-threaded, use of fork() may lead to deadlocks in the child.
[2025-02-08T19:02:57.022+0000] {standard_task_runner.py:72} INFO - Started process 1801 to run task
[2025-02-08T19:02:57.021+0000] {standard_task_runner.py:104} INFO - Running: ['***', 'tasks', 'run', 'branch_dim_gen', 'generate_branch_dim_data', 'scheduled__2024-11-25T00:00:00+00:00', '--job-id', '301', '--raw', '--subdir', 'DAGS_FOLDER/brnach_dim_gen.py', '--cfg-path', '/tmp/tmp6mfm79eq']
[2025-02-08T19:02:57.024+0000] {standard_task_runner.py:105} INFO - Job 301: Subtask generate_branch_dim_data
[2025-02-08T19:02:57.104+0000] {task_command.py:467} INFO - Running <TaskInstance: branch_dim_gen.generate_branch_dim_data scheduled__2024-11-25T00:00:00+00:00 [running]> on host 2c1cd59afcc0
[2025-02-08T19:02:57.206+0000] {taskinstance.py:3131} INFO - Exporting env vars: AIRFLOW_CTX_DAG_OWNER='Saleh' AIRFLOW_CTX_DAG_ID='branch_dim_gen' AIRFLOW_CTX_TASK_ID='generate_branch_dim_data' AIRFLOW_CTX_EXECUTION_DATE='2024-11-25T00:00:00+00:00' AIRFLOW_CTX_TRY_NUMBER='1' AIRFLOW_CTX_DAG_RUN_ID='scheduled__2024-11-25T00:00:00+00:00'
[2025-02-08T19:02:57.208+0000] {taskinstance.py:731} INFO - ::endgroup::
[2025-02-08T19:02:57.242+0000] {logging_mixin.py:190} INFO - CSV file './branch_dim_large_data.csv' with 50 rows has been generated successfully.
[2025-02-08T19:02:57.243+0000] {python.py:240} INFO - Done. Returned value was: None
[2025-02-08T19:02:57.254+0000] {taskinstance.py:340} INFO - ::group::Post task execution logs
[2025-02-08T19:02:57.255+0000] {taskinstance.py:352} INFO - Marking task as SUCCESS. dag_id=branch_dim_gen, task_id=generate_branch_dim_data, run_id=scheduled__2024-11-25T00:00:00+00:00, execution_date=20241125T000000, start_date=20250208T190256, end_date=20250208T190257
[2025-02-08T19:02:57.276+0000] {local_task_job_runner.py:266} INFO - Task exited with return code 0
[2025-02-08T19:02:57.295+0000] {taskinstance.py:3900} INFO - 0 downstream tasks scheduled from follow-on schedule check
[2025-02-08T19:02:57.298+0000] {local_task_job_runner.py:245} INFO - ::endgroup::
[2025-02-08T20:40:41.779+0000] {local_task_job_runner.py:123} INFO - ::group::Pre task execution logs
[2025-02-08T20:40:41.799+0000] {taskinstance.py:2612} INFO - Dependencies all met for dep_context=non-requeueable deps ti=<TaskInstance: branch_dim_gen.generate_branch_dim_data scheduled__2024-11-25T00:00:00+00:00 [queued]>
[2025-02-08T20:40:41.811+0000] {taskinstance.py:2612} INFO - Dependencies all met for dep_context=requeueable deps ti=<TaskInstance: branch_dim_gen.generate_branch_dim_data scheduled__2024-11-25T00:00:00+00:00 [queued]>
[2025-02-08T20:40:41.812+0000] {taskinstance.py:2865} INFO - Starting attempt 1 of 1
[2025-02-08T20:40:41.838+0000] {taskinstance.py:2888} INFO - Executing <Task(PythonOperator): generate_branch_dim_data> on 2024-11-25 00:00:00+00:00
[2025-02-08T20:40:41.849+0000] {logging_mixin.py:190} WARNING - /home/***/.local/lib/python3.12/site-packages/***/task/task_runner/standard_task_runner.py:70 DeprecationWarning: This process (pid=1520) is multi-threaded, use of fork() may lead to deadlocks in the child.
[2025-02-08T20:40:41.850+0000] {standard_task_runner.py:72} INFO - Started process 1544 to run task
[2025-02-08T20:40:41.854+0000] {standard_task_runner.py:104} INFO - Running: ['***', 'tasks', 'run', 'branch_dim_gen', 'generate_branch_dim_data', 'scheduled__2024-11-25T00:00:00+00:00', '--job-id', '223', '--raw', '--subdir', 'DAGS_FOLDER/brnach_dim_gen.py', '--cfg-path', '/tmp/tmp9iwp0lxe']
[2025-02-08T20:40:41.858+0000] {standard_task_runner.py:105} INFO - Job 223: Subtask generate_branch_dim_data
[2025-02-08T20:40:41.926+0000] {task_command.py:467} INFO - Running <TaskInstance: branch_dim_gen.generate_branch_dim_data scheduled__2024-11-25T00:00:00+00:00 [running]> on host 7e959c1a2a8b
[2025-02-08T20:40:42.033+0000] {taskinstance.py:3131} INFO - Exporting env vars: AIRFLOW_CTX_DAG_OWNER='Saleh' AIRFLOW_CTX_DAG_ID='branch_dim_gen' AIRFLOW_CTX_TASK_ID='generate_branch_dim_data' AIRFLOW_CTX_EXECUTION_DATE='2024-11-25T00:00:00+00:00' AIRFLOW_CTX_TRY_NUMBER='1' AIRFLOW_CTX_DAG_RUN_ID='scheduled__2024-11-25T00:00:00+00:00'
[2025-02-08T20:40:42.035+0000] {taskinstance.py:731} INFO - ::endgroup::
[2025-02-08T20:40:42.060+0000] {logging_mixin.py:190} INFO - CSV file './branch_dim_large_data.csv' with 50 rows has been generated successfully.
[2025-02-08T20:40:42.061+0000] {python.py:240} INFO - Done. Returned value was: None
[2025-02-08T20:40:42.088+0000] {taskinstance.py:340} INFO - ::group::Post task execution logs
[2025-02-08T20:40:42.089+0000] {taskinstance.py:352} INFO - Marking task as SUCCESS. dag_id=branch_dim_gen, task_id=generate_branch_dim_data, run_id=scheduled__2024-11-25T00:00:00+00:00, execution_date=20241125T000000, start_date=20250208T204041, end_date=20250208T204042
[2025-02-08T20:40:42.163+0000] {local_task_job_runner.py:266} INFO - Task exited with return code 0
[2025-02-08T20:40:42.172+0000] {local_task_job_runner.py:245} INFO - ::endgroup::
