[2025-02-08T19:02:06.621+0000] {local_task_job_runner.py:123} INFO - ::group::Pre task execution logs
[2025-02-08T19:02:06.641+0000] {taskinstance.py:2612} INFO - Dependencies all met for dep_context=non-requeueable deps ti=<TaskInstance: customer_dim_generator.generate_customer_dim_data scheduled__2024-10-15T00:00:00+00:00 [queued]>
[2025-02-08T19:02:06.660+0000] {taskinstance.py:2612} INFO - Dependencies all met for dep_context=requeueable deps ti=<TaskInstance: customer_dim_generator.generate_customer_dim_data scheduled__2024-10-15T00:00:00+00:00 [queued]>
[2025-02-08T19:02:06.662+0000] {taskinstance.py:2865} INFO - Starting attempt 1 of 1
[2025-02-08T19:02:06.692+0000] {taskinstance.py:2888} INFO - Executing <Task(PythonOperator): generate_customer_dim_data> on 2024-10-15 00:00:00+00:00
[2025-02-08T19:02:06.705+0000] {standard_task_runner.py:104} INFO - Running: ['***', 'tasks', 'run', 'customer_dim_generator', 'generate_customer_dim_data', 'scheduled__2024-10-15T00:00:00+00:00', '--job-id', '178', '--raw', '--subdir', 'DAGS_FOLDER/customer_dim_gen.py', '--cfg-path', '/tmp/tmpzt1mlcqn']
[2025-02-08T19:02:06.708+0000] {standard_task_runner.py:105} INFO - Job 178: Subtask generate_customer_dim_data
[2025-02-08T19:02:06.711+0000] {logging_mixin.py:190} WARNING - /home/***/.local/lib/python3.12/site-packages/***/task/task_runner/standard_task_runner.py:70 DeprecationWarning: This process (pid=1193) is multi-threaded, use of fork() may lead to deadlocks in the child.
[2025-02-08T19:02:06.713+0000] {standard_task_runner.py:72} INFO - Started process 1260 to run task
[2025-02-08T19:02:06.806+0000] {task_command.py:467} INFO - Running <TaskInstance: customer_dim_generator.generate_customer_dim_data scheduled__2024-10-15T00:00:00+00:00 [running]> on host 2c1cd59afcc0
[2025-02-08T19:02:06.948+0000] {taskinstance.py:3131} INFO - Exporting env vars: AIRFLOW_CTX_DAG_OWNER='Saleh' AIRFLOW_CTX_DAG_ID='customer_dim_generator' AIRFLOW_CTX_TASK_ID='generate_customer_dim_data' AIRFLOW_CTX_EXECUTION_DATE='2024-10-15T00:00:00+00:00' AIRFLOW_CTX_TRY_NUMBER='1' AIRFLOW_CTX_DAG_RUN_ID='scheduled__2024-10-15T00:00:00+00:00'
[2025-02-08T19:02:06.949+0000] {taskinstance.py:731} INFO - ::endgroup::
[2025-02-08T19:02:06.976+0000] {logging_mixin.py:190} INFO - CSV file './customer_dim_large_data.csv' with 100 rows has been generated successfully.
[2025-02-08T19:02:06.976+0000] {python.py:240} INFO - Done. Returned value was: None
[2025-02-08T19:02:06.998+0000] {taskinstance.py:340} INFO - ::group::Post task execution logs
[2025-02-08T19:02:06.999+0000] {taskinstance.py:352} INFO - Marking task as SUCCESS. dag_id=customer_dim_generator, task_id=generate_customer_dim_data, run_id=scheduled__2024-10-15T00:00:00+00:00, execution_date=20241015T000000, start_date=20250208T190206, end_date=20250208T190206
[2025-02-08T19:02:07.063+0000] {local_task_job_runner.py:266} INFO - Task exited with return code 0
[2025-02-08T19:02:07.083+0000] {taskinstance.py:3900} INFO - 0 downstream tasks scheduled from follow-on schedule check
[2025-02-08T19:02:07.086+0000] {local_task_job_runner.py:245} INFO - ::endgroup::
[2025-02-08T20:39:38.066+0000] {local_task_job_runner.py:123} INFO - ::group::Pre task execution logs
[2025-02-08T20:39:38.103+0000] {taskinstance.py:2612} INFO - Dependencies all met for dep_context=non-requeueable deps ti=<TaskInstance: customer_dim_generator.generate_customer_dim_data scheduled__2024-10-15T00:00:00+00:00 [queued]>
[2025-02-08T20:39:38.120+0000] {taskinstance.py:2612} INFO - Dependencies all met for dep_context=requeueable deps ti=<TaskInstance: customer_dim_generator.generate_customer_dim_data scheduled__2024-10-15T00:00:00+00:00 [queued]>
[2025-02-08T20:39:38.121+0000] {taskinstance.py:2865} INFO - Starting attempt 1 of 1
[2025-02-08T20:39:38.158+0000] {taskinstance.py:2888} INFO - Executing <Task(PythonOperator): generate_customer_dim_data> on 2024-10-15 00:00:00+00:00
[2025-02-08T20:39:38.197+0000] {logging_mixin.py:190} WARNING - /home/***/.local/lib/python3.12/site-packages/***/task/task_runner/standard_task_runner.py:70 DeprecationWarning: This process (pid=615) is multi-threaded, use of fork() may lead to deadlocks in the child.
[2025-02-08T20:39:38.201+0000] {standard_task_runner.py:72} INFO - Started process 649 to run task
[2025-02-08T20:39:38.207+0000] {standard_task_runner.py:104} INFO - Running: ['***', 'tasks', 'run', 'customer_dim_generator', 'generate_customer_dim_data', 'scheduled__2024-10-15T00:00:00+00:00', '--job-id', '2', '--raw', '--subdir', 'DAGS_FOLDER/customer_dim_gen.py', '--cfg-path', '/tmp/tmpc0bi4670']
[2025-02-08T20:39:38.222+0000] {standard_task_runner.py:105} INFO - Job 2: Subtask generate_customer_dim_data
[2025-02-08T20:39:38.461+0000] {task_command.py:467} INFO - Running <TaskInstance: customer_dim_generator.generate_customer_dim_data scheduled__2024-10-15T00:00:00+00:00 [running]> on host 7e959c1a2a8b
[2025-02-08T20:39:39.324+0000] {taskinstance.py:3131} INFO - Exporting env vars: AIRFLOW_CTX_DAG_OWNER='Saleh' AIRFLOW_CTX_DAG_ID='customer_dim_generator' AIRFLOW_CTX_TASK_ID='generate_customer_dim_data' AIRFLOW_CTX_EXECUTION_DATE='2024-10-15T00:00:00+00:00' AIRFLOW_CTX_TRY_NUMBER='1' AIRFLOW_CTX_DAG_RUN_ID='scheduled__2024-10-15T00:00:00+00:00'
[2025-02-08T20:39:39.327+0000] {taskinstance.py:731} INFO - ::endgroup::
[2025-02-08T20:39:40.570+0000] {logging_mixin.py:190} INFO - CSV file './customer_dim_large_data.csv' with 100 rows has been generated successfully.
[2025-02-08T20:39:40.571+0000] {python.py:240} INFO - Done. Returned value was: None
[2025-02-08T20:39:40.585+0000] {taskinstance.py:340} INFO - ::group::Post task execution logs
[2025-02-08T20:39:40.585+0000] {taskinstance.py:352} INFO - Marking task as SUCCESS. dag_id=customer_dim_generator, task_id=generate_customer_dim_data, run_id=scheduled__2024-10-15T00:00:00+00:00, execution_date=20241015T000000, start_date=20250208T203938, end_date=20250208T203940
[2025-02-08T20:39:40.830+0000] {local_task_job_runner.py:266} INFO - Task exited with return code 0
[2025-02-08T20:39:40.891+0000] {taskinstance.py:3900} INFO - 0 downstream tasks scheduled from follow-on schedule check
[2025-02-08T20:39:40.926+0000] {local_task_job_runner.py:245} INFO - ::endgroup::
[2025-02-08T20:42:46.471+0000] {local_task_job_runner.py:123} INFO - ::group::Pre task execution logs
[2025-02-08T20:42:46.484+0000] {taskinstance.py:2612} INFO - Dependencies all met for dep_context=non-requeueable deps ti=<TaskInstance: customer_dim_generator.generate_customer_dim_data scheduled__2024-10-15T00:00:00+00:00 [queued]>
[2025-02-08T20:42:46.490+0000] {taskinstance.py:2612} INFO - Dependencies all met for dep_context=requeueable deps ti=<TaskInstance: customer_dim_generator.generate_customer_dim_data scheduled__2024-10-15T00:00:00+00:00 [queued]>
[2025-02-08T20:42:46.491+0000] {taskinstance.py:2865} INFO - Starting attempt 1 of 1
[2025-02-08T20:42:46.502+0000] {taskinstance.py:2888} INFO - Executing <Task(PythonOperator): generate_customer_dim_data> on 2024-10-15 00:00:00+00:00
[2025-02-08T20:42:46.509+0000] {logging_mixin.py:190} WARNING - /home/***/.local/lib/python3.12/site-packages/***/task/task_runner/standard_task_runner.py:70 DeprecationWarning: This process (pid=396) is multi-threaded, use of fork() may lead to deadlocks in the child.
[2025-02-08T20:42:46.511+0000] {standard_task_runner.py:72} INFO - Started process 408 to run task
[2025-02-08T20:42:46.510+0000] {standard_task_runner.py:104} INFO - Running: ['***', 'tasks', 'run', 'customer_dim_generator', 'generate_customer_dim_data', 'scheduled__2024-10-15T00:00:00+00:00', '--job-id', '413', '--raw', '--subdir', 'DAGS_FOLDER/customer_dim_gen.py', '--cfg-path', '/tmp/tmpj37wwau0']
[2025-02-08T20:42:46.512+0000] {standard_task_runner.py:105} INFO - Job 413: Subtask generate_customer_dim_data
[2025-02-08T20:42:46.545+0000] {task_command.py:467} INFO - Running <TaskInstance: customer_dim_generator.generate_customer_dim_data scheduled__2024-10-15T00:00:00+00:00 [running]> on host 86932746817d
[2025-02-08T20:42:46.610+0000] {taskinstance.py:3131} INFO - Exporting env vars: AIRFLOW_CTX_DAG_OWNER='Saleh' AIRFLOW_CTX_DAG_ID='customer_dim_generator' AIRFLOW_CTX_TASK_ID='generate_customer_dim_data' AIRFLOW_CTX_EXECUTION_DATE='2024-10-15T00:00:00+00:00' AIRFLOW_CTX_TRY_NUMBER='1' AIRFLOW_CTX_DAG_RUN_ID='scheduled__2024-10-15T00:00:00+00:00'
[2025-02-08T20:42:46.611+0000] {taskinstance.py:731} INFO - ::endgroup::
[2025-02-08T20:42:46.630+0000] {logging_mixin.py:190} INFO - CSV file './customer_dim_large_data.csv' with 100 rows has been generated successfully.
[2025-02-08T20:42:46.630+0000] {python.py:240} INFO - Done. Returned value was: None
[2025-02-08T20:42:46.637+0000] {taskinstance.py:340} INFO - ::group::Post task execution logs
[2025-02-08T20:42:46.638+0000] {taskinstance.py:352} INFO - Marking task as SUCCESS. dag_id=customer_dim_generator, task_id=generate_customer_dim_data, run_id=scheduled__2024-10-15T00:00:00+00:00, execution_date=20241015T000000, start_date=20250208T204246, end_date=20250208T204246
[2025-02-08T20:42:46.684+0000] {local_task_job_runner.py:266} INFO - Task exited with return code 0
[2025-02-08T20:42:46.698+0000] {taskinstance.py:3900} INFO - 0 downstream tasks scheduled from follow-on schedule check
[2025-02-08T20:42:46.701+0000] {local_task_job_runner.py:245} INFO - ::endgroup::
