[2025-02-08T19:02:15.604+0000] {local_task_job_runner.py:123} INFO - ::group::Pre task execution logs
[2025-02-08T19:02:15.620+0000] {taskinstance.py:2612} INFO - Dependencies all met for dep_context=non-requeueable deps ti=<TaskInstance: branch_dim_gen.generate_branch_dim_data scheduled__2024-10-06T00:00:00+00:00 [queued]>
[2025-02-08T19:02:15.628+0000] {taskinstance.py:2612} INFO - Dependencies all met for dep_context=requeueable deps ti=<TaskInstance: branch_dim_gen.generate_branch_dim_data scheduled__2024-10-06T00:00:00+00:00 [queued]>
[2025-02-08T19:02:15.629+0000] {taskinstance.py:2865} INFO - Starting attempt 1 of 1
[2025-02-08T19:02:15.651+0000] {taskinstance.py:2888} INFO - Executing <Task(PythonOperator): generate_branch_dim_data> on 2024-10-06 00:00:00+00:00
[2025-02-08T19:02:15.660+0000] {logging_mixin.py:190} WARNING - /home/***/.local/lib/python3.12/site-packages/***/task/task_runner/standard_task_runner.py:70 DeprecationWarning: This process (pid=1343) is multi-threaded, use of fork() may lead to deadlocks in the child.
[2025-02-08T19:02:15.661+0000] {standard_task_runner.py:72} INFO - Started process 1355 to run task
[2025-02-08T19:02:15.661+0000] {standard_task_runner.py:104} INFO - Running: ['***', 'tasks', 'run', 'branch_dim_gen', 'generate_branch_dim_data', 'scheduled__2024-10-06T00:00:00+00:00', '--job-id', '200', '--raw', '--subdir', 'DAGS_FOLDER/brnach_dim_gen.py', '--cfg-path', '/tmp/tmpwaelw6u3']
[2025-02-08T19:02:15.663+0000] {standard_task_runner.py:105} INFO - Job 200: Subtask generate_branch_dim_data
[2025-02-08T19:02:15.719+0000] {task_command.py:467} INFO - Running <TaskInstance: branch_dim_gen.generate_branch_dim_data scheduled__2024-10-06T00:00:00+00:00 [running]> on host 2c1cd59afcc0
[2025-02-08T19:02:15.793+0000] {taskinstance.py:3131} INFO - Exporting env vars: AIRFLOW_CTX_DAG_OWNER='Saleh' AIRFLOW_CTX_DAG_ID='branch_dim_gen' AIRFLOW_CTX_TASK_ID='generate_branch_dim_data' AIRFLOW_CTX_EXECUTION_DATE='2024-10-06T00:00:00+00:00' AIRFLOW_CTX_TRY_NUMBER='1' AIRFLOW_CTX_DAG_RUN_ID='scheduled__2024-10-06T00:00:00+00:00'
[2025-02-08T19:02:15.794+0000] {taskinstance.py:731} INFO - ::endgroup::
[2025-02-08T19:02:15.812+0000] {logging_mixin.py:190} INFO - CSV file './branch_dim_large_data.csv' with 50 rows has been generated successfully.
[2025-02-08T19:02:15.813+0000] {python.py:240} INFO - Done. Returned value was: None
[2025-02-08T19:02:15.820+0000] {taskinstance.py:340} INFO - ::group::Post task execution logs
[2025-02-08T19:02:15.821+0000] {taskinstance.py:352} INFO - Marking task as SUCCESS. dag_id=branch_dim_gen, task_id=generate_branch_dim_data, run_id=scheduled__2024-10-06T00:00:00+00:00, execution_date=20241006T000000, start_date=20250208T190215, end_date=20250208T190215
[2025-02-08T19:02:15.876+0000] {local_task_job_runner.py:266} INFO - Task exited with return code 0
[2025-02-08T19:02:15.890+0000] {taskinstance.py:3900} INFO - 0 downstream tasks scheduled from follow-on schedule check
[2025-02-08T19:02:15.901+0000] {local_task_job_runner.py:245} INFO - ::endgroup::
[2025-02-08T20:39:53.732+0000] {local_task_job_runner.py:123} INFO - ::group::Pre task execution logs
[2025-02-08T20:39:53.758+0000] {taskinstance.py:2612} INFO - Dependencies all met for dep_context=non-requeueable deps ti=<TaskInstance: branch_dim_gen.generate_branch_dim_data scheduled__2024-10-06T00:00:00+00:00 [queued]>
[2025-02-08T20:39:53.767+0000] {taskinstance.py:2612} INFO - Dependencies all met for dep_context=requeueable deps ti=<TaskInstance: branch_dim_gen.generate_branch_dim_data scheduled__2024-10-06T00:00:00+00:00 [queued]>
[2025-02-08T20:39:53.768+0000] {taskinstance.py:2865} INFO - Starting attempt 1 of 1
[2025-02-08T20:39:53.782+0000] {taskinstance.py:2888} INFO - Executing <Task(PythonOperator): generate_branch_dim_data> on 2024-10-06 00:00:00+00:00
[2025-02-08T20:39:53.792+0000] {logging_mixin.py:190} WARNING - /home/***/.local/lib/python3.12/site-packages/***/task/task_runner/standard_task_runner.py:70 DeprecationWarning: This process (pid=857) is multi-threaded, use of fork() may lead to deadlocks in the child.
[2025-02-08T20:39:53.793+0000] {standard_task_runner.py:72} INFO - Started process 879 to run task
[2025-02-08T20:39:53.793+0000] {standard_task_runner.py:104} INFO - Running: ['***', 'tasks', 'run', 'branch_dim_gen', 'generate_branch_dim_data', 'scheduled__2024-10-06T00:00:00+00:00', '--job-id', '72', '--raw', '--subdir', 'DAGS_FOLDER/brnach_dim_gen.py', '--cfg-path', '/tmp/tmptx9cgjpm']
[2025-02-08T20:39:53.795+0000] {standard_task_runner.py:105} INFO - Job 72: Subtask generate_branch_dim_data
[2025-02-08T20:39:53.839+0000] {task_command.py:467} INFO - Running <TaskInstance: branch_dim_gen.generate_branch_dim_data scheduled__2024-10-06T00:00:00+00:00 [running]> on host 7e959c1a2a8b
[2025-02-08T20:39:53.920+0000] {taskinstance.py:3131} INFO - Exporting env vars: AIRFLOW_CTX_DAG_OWNER='Saleh' AIRFLOW_CTX_DAG_ID='branch_dim_gen' AIRFLOW_CTX_TASK_ID='generate_branch_dim_data' AIRFLOW_CTX_EXECUTION_DATE='2024-10-06T00:00:00+00:00' AIRFLOW_CTX_TRY_NUMBER='1' AIRFLOW_CTX_DAG_RUN_ID='scheduled__2024-10-06T00:00:00+00:00'
[2025-02-08T20:39:53.921+0000] {taskinstance.py:731} INFO - ::endgroup::
[2025-02-08T20:39:53.940+0000] {logging_mixin.py:190} INFO - CSV file './branch_dim_large_data.csv' with 50 rows has been generated successfully.
[2025-02-08T20:39:53.940+0000] {python.py:240} INFO - Done. Returned value was: None
[2025-02-08T20:39:53.956+0000] {taskinstance.py:340} INFO - ::group::Post task execution logs
[2025-02-08T20:39:53.956+0000] {taskinstance.py:352} INFO - Marking task as SUCCESS. dag_id=branch_dim_gen, task_id=generate_branch_dim_data, run_id=scheduled__2024-10-06T00:00:00+00:00, execution_date=20241006T000000, start_date=20250208T203953, end_date=20250208T203953
[2025-02-08T20:39:54.009+0000] {local_task_job_runner.py:266} INFO - Task exited with return code 0
[2025-02-08T20:39:54.023+0000] {taskinstance.py:3900} INFO - 0 downstream tasks scheduled from follow-on schedule check
[2025-02-08T20:39:54.025+0000] {local_task_job_runner.py:245} INFO - ::endgroup::
