[2025-02-08T19:02:07.360+0000] {local_task_job_runner.py:123} INFO - ::group::Pre task execution logs
[2025-02-08T19:02:07.374+0000] {taskinstance.py:2612} INFO - Dependencies all met for dep_context=non-requeueable deps ti=<TaskInstance: branch_dim_gen.generate_branch_dim_data scheduled__2024-09-25T00:00:00+00:00 [queued]>
[2025-02-08T19:02:07.383+0000] {taskinstance.py:2612} INFO - Dependencies all met for dep_context=requeueable deps ti=<TaskInstance: branch_dim_gen.generate_branch_dim_data scheduled__2024-09-25T00:00:00+00:00 [queued]>
[2025-02-08T19:02:07.384+0000] {taskinstance.py:2865} INFO - Starting attempt 1 of 1
[2025-02-08T19:02:07.396+0000] {taskinstance.py:2888} INFO - Executing <Task(PythonOperator): generate_branch_dim_data> on 2024-09-25 00:00:00+00:00
[2025-02-08T19:02:07.404+0000] {logging_mixin.py:190} WARNING - /home/***/.local/lib/python3.12/site-packages/***/task/task_runner/standard_task_runner.py:70 DeprecationWarning: This process (pid=1242) is multi-threaded, use of fork() may lead to deadlocks in the child.
[2025-02-08T19:02:07.405+0000] {standard_task_runner.py:72} INFO - Started process 1271 to run task
[2025-02-08T19:02:07.405+0000] {standard_task_runner.py:104} INFO - Running: ['***', 'tasks', 'run', 'branch_dim_gen', 'generate_branch_dim_data', 'scheduled__2024-09-25T00:00:00+00:00', '--job-id', '182', '--raw', '--subdir', 'DAGS_FOLDER/brnach_dim_gen.py', '--cfg-path', '/tmp/tmp3dxb0hoy']
[2025-02-08T19:02:07.406+0000] {standard_task_runner.py:105} INFO - Job 182: Subtask generate_branch_dim_data
[2025-02-08T19:02:07.448+0000] {task_command.py:467} INFO - Running <TaskInstance: branch_dim_gen.generate_branch_dim_data scheduled__2024-09-25T00:00:00+00:00 [running]> on host 2c1cd59afcc0
[2025-02-08T19:02:07.528+0000] {taskinstance.py:3131} INFO - Exporting env vars: AIRFLOW_CTX_DAG_OWNER='Saleh' AIRFLOW_CTX_DAG_ID='branch_dim_gen' AIRFLOW_CTX_TASK_ID='generate_branch_dim_data' AIRFLOW_CTX_EXECUTION_DATE='2024-09-25T00:00:00+00:00' AIRFLOW_CTX_TRY_NUMBER='1' AIRFLOW_CTX_DAG_RUN_ID='scheduled__2024-09-25T00:00:00+00:00'
[2025-02-08T19:02:07.529+0000] {taskinstance.py:731} INFO - ::endgroup::
[2025-02-08T19:02:07.547+0000] {logging_mixin.py:190} INFO - CSV file './branch_dim_large_data.csv' with 50 rows has been generated successfully.
[2025-02-08T19:02:07.547+0000] {python.py:240} INFO - Done. Returned value was: None
[2025-02-08T19:02:07.554+0000] {taskinstance.py:340} INFO - ::group::Post task execution logs
[2025-02-08T19:02:07.555+0000] {taskinstance.py:352} INFO - Marking task as SUCCESS. dag_id=branch_dim_gen, task_id=generate_branch_dim_data, run_id=scheduled__2024-09-25T00:00:00+00:00, execution_date=20240925T000000, start_date=20250208T190207, end_date=20250208T190207
[2025-02-08T19:02:07.580+0000] {local_task_job_runner.py:266} INFO - Task exited with return code 0
[2025-02-08T19:02:07.594+0000] {taskinstance.py:3900} INFO - 0 downstream tasks scheduled from follow-on schedule check
[2025-02-08T19:02:07.596+0000] {local_task_job_runner.py:245} INFO - ::endgroup::
[2025-02-08T20:39:45.029+0000] {local_task_job_runner.py:123} INFO - ::group::Pre task execution logs
[2025-02-08T20:39:45.056+0000] {taskinstance.py:2612} INFO - Dependencies all met for dep_context=non-requeueable deps ti=<TaskInstance: branch_dim_gen.generate_branch_dim_data scheduled__2024-09-25T00:00:00+00:00 [queued]>
[2025-02-08T20:39:45.077+0000] {taskinstance.py:2612} INFO - Dependencies all met for dep_context=requeueable deps ti=<TaskInstance: branch_dim_gen.generate_branch_dim_data scheduled__2024-09-25T00:00:00+00:00 [queued]>
[2025-02-08T20:39:45.078+0000] {taskinstance.py:2865} INFO - Starting attempt 1 of 1
[2025-02-08T20:39:45.095+0000] {taskinstance.py:2888} INFO - Executing <Task(PythonOperator): generate_branch_dim_data> on 2024-09-25 00:00:00+00:00
[2025-02-08T20:39:45.110+0000] {logging_mixin.py:190} WARNING - /home/***/.local/lib/python3.12/site-packages/***/task/task_runner/standard_task_runner.py:70 DeprecationWarning: This process (pid=721) is multi-threaded, use of fork() may lead to deadlocks in the child.
[2025-02-08T20:39:45.110+0000] {standard_task_runner.py:104} INFO - Running: ['***', 'tasks', 'run', 'branch_dim_gen', 'generate_branch_dim_data', 'scheduled__2024-09-25T00:00:00+00:00', '--job-id', '45', '--raw', '--subdir', 'DAGS_FOLDER/brnach_dim_gen.py', '--cfg-path', '/tmp/tmpuvzqa3w6']
[2025-02-08T20:39:45.114+0000] {standard_task_runner.py:72} INFO - Started process 775 to run task
[2025-02-08T20:39:45.114+0000] {standard_task_runner.py:105} INFO - Job 45: Subtask generate_branch_dim_data
[2025-02-08T20:39:45.180+0000] {task_command.py:467} INFO - Running <TaskInstance: branch_dim_gen.generate_branch_dim_data scheduled__2024-09-25T00:00:00+00:00 [running]> on host 7e959c1a2a8b
[2025-02-08T20:39:45.292+0000] {taskinstance.py:3131} INFO - Exporting env vars: AIRFLOW_CTX_DAG_OWNER='Saleh' AIRFLOW_CTX_DAG_ID='branch_dim_gen' AIRFLOW_CTX_TASK_ID='generate_branch_dim_data' AIRFLOW_CTX_EXECUTION_DATE='2024-09-25T00:00:00+00:00' AIRFLOW_CTX_TRY_NUMBER='1' AIRFLOW_CTX_DAG_RUN_ID='scheduled__2024-09-25T00:00:00+00:00'
[2025-02-08T20:39:45.296+0000] {taskinstance.py:731} INFO - ::endgroup::
[2025-02-08T20:39:45.334+0000] {logging_mixin.py:190} INFO - CSV file './branch_dim_large_data.csv' with 50 rows has been generated successfully.
[2025-02-08T20:39:45.335+0000] {python.py:240} INFO - Done. Returned value was: None
[2025-02-08T20:39:45.349+0000] {taskinstance.py:340} INFO - ::group::Post task execution logs
[2025-02-08T20:39:45.349+0000] {taskinstance.py:352} INFO - Marking task as SUCCESS. dag_id=branch_dim_gen, task_id=generate_branch_dim_data, run_id=scheduled__2024-09-25T00:00:00+00:00, execution_date=20240925T000000, start_date=20250208T203945, end_date=20250208T203945
[2025-02-08T20:39:45.378+0000] {local_task_job_runner.py:266} INFO - Task exited with return code 0
[2025-02-08T20:39:45.395+0000] {taskinstance.py:3900} INFO - 0 downstream tasks scheduled from follow-on schedule check
[2025-02-08T20:39:45.399+0000] {local_task_job_runner.py:245} INFO - ::endgroup::
