[2025-02-08T19:00:32.108+0000] {local_task_job_runner.py:123} INFO - ::group::Pre task execution logs
[2025-02-08T19:00:32.126+0000] {taskinstance.py:2612} INFO - Dependencies all met for dep_context=non-requeueable deps ti=<TaskInstance: account_dim_gen.generate_account_dim_data scheduled__2024-11-15T00:00:00+00:00 [queued]>
[2025-02-08T19:00:32.136+0000] {taskinstance.py:2612} INFO - Dependencies all met for dep_context=requeueable deps ti=<TaskInstance: account_dim_gen.generate_account_dim_data scheduled__2024-11-15T00:00:00+00:00 [queued]>
[2025-02-08T19:00:32.137+0000] {taskinstance.py:2865} INFO - Starting attempt 1 of 1
[2025-02-08T19:00:32.150+0000] {taskinstance.py:2888} INFO - Executing <Task(PythonOperator): generate_account_dim_data> on 2024-11-15 00:00:00+00:00
[2025-02-08T19:00:32.159+0000] {logging_mixin.py:190} WARNING - /home/***/.local/lib/python3.12/site-packages/***/task/task_runner/standard_task_runner.py:70 DeprecationWarning: This process (pid=739) is multi-threaded, use of fork() may lead to deadlocks in the child.
[2025-02-08T19:00:32.160+0000] {standard_task_runner.py:72} INFO - Started process 751 to run task
[2025-02-08T19:00:32.159+0000] {standard_task_runner.py:104} INFO - Running: ['***', 'tasks', 'run', 'account_dim_gen', 'generate_account_dim_data', 'scheduled__2024-11-15T00:00:00+00:00', '--job-id', '70', '--raw', '--subdir', 'DAGS_FOLDER/account_dim_gen.py', '--cfg-path', '/tmp/tmpznjwd4h_']
[2025-02-08T19:00:32.161+0000] {standard_task_runner.py:105} INFO - Job 70: Subtask generate_account_dim_data
[2025-02-08T19:00:32.203+0000] {task_command.py:467} INFO - Running <TaskInstance: account_dim_gen.generate_account_dim_data scheduled__2024-11-15T00:00:00+00:00 [running]> on host 2c1cd59afcc0
[2025-02-08T19:00:32.282+0000] {taskinstance.py:3131} INFO - Exporting env vars: AIRFLOW_CTX_DAG_OWNER='Saleh' AIRFLOW_CTX_DAG_ID='account_dim_gen' AIRFLOW_CTX_TASK_ID='generate_account_dim_data' AIRFLOW_CTX_EXECUTION_DATE='2024-11-15T00:00:00+00:00' AIRFLOW_CTX_TRY_NUMBER='1' AIRFLOW_CTX_DAG_RUN_ID='scheduled__2024-11-15T00:00:00+00:00'
[2025-02-08T19:00:32.283+0000] {taskinstance.py:731} INFO - ::endgroup::
[2025-02-08T19:00:32.305+0000] {logging_mixin.py:190} INFO - CSV file ./account_dim_large_data.csv with 50 row has been generated successfully!
[2025-02-08T19:00:32.306+0000] {python.py:240} INFO - Done. Returned value was: None
[2025-02-08T19:00:32.315+0000] {taskinstance.py:340} INFO - ::group::Post task execution logs
[2025-02-08T19:00:32.315+0000] {taskinstance.py:352} INFO - Marking task as SUCCESS. dag_id=account_dim_gen, task_id=generate_account_dim_data, run_id=scheduled__2024-11-15T00:00:00+00:00, execution_date=20241115T000000, start_date=20250208T190032, end_date=20250208T190032
[2025-02-08T19:00:32.334+0000] {local_task_job_runner.py:266} INFO - Task exited with return code 0
[2025-02-08T19:00:32.348+0000] {taskinstance.py:3900} INFO - 0 downstream tasks scheduled from follow-on schedule check
[2025-02-08T19:00:32.350+0000] {local_task_job_runner.py:245} INFO - ::endgroup::
[2025-02-08T20:40:30.987+0000] {local_task_job_runner.py:123} INFO - ::group::Pre task execution logs
[2025-02-08T20:40:31.002+0000] {taskinstance.py:2612} INFO - Dependencies all met for dep_context=non-requeueable deps ti=<TaskInstance: account_dim_gen.generate_account_dim_data scheduled__2024-11-15T00:00:00+00:00 [queued]>
[2025-02-08T20:40:31.013+0000] {taskinstance.py:2612} INFO - Dependencies all met for dep_context=requeueable deps ti=<TaskInstance: account_dim_gen.generate_account_dim_data scheduled__2024-11-15T00:00:00+00:00 [queued]>
[2025-02-08T20:40:31.013+0000] {taskinstance.py:2865} INFO - Starting attempt 1 of 1
[2025-02-08T20:40:31.030+0000] {taskinstance.py:2888} INFO - Executing <Task(PythonOperator): generate_account_dim_data> on 2024-11-15 00:00:00+00:00
[2025-02-08T20:40:31.044+0000] {standard_task_runner.py:104} INFO - Running: ['***', 'tasks', 'run', 'account_dim_gen', 'generate_account_dim_data', 'scheduled__2024-11-15T00:00:00+00:00', '--job-id', '190', '--raw', '--subdir', 'DAGS_FOLDER/account_dim_gen.py', '--cfg-path', '/tmp/tmpkuqw7iwe']
[2025-02-08T20:40:31.047+0000] {standard_task_runner.py:105} INFO - Job 190: Subtask generate_account_dim_data
[2025-02-08T20:40:31.048+0000] {logging_mixin.py:190} WARNING - /home/***/.local/lib/python3.12/site-packages/***/task/task_runner/standard_task_runner.py:70 DeprecationWarning: This process (pid=1361) is multi-threaded, use of fork() may lead to deadlocks in the child.
[2025-02-08T20:40:31.049+0000] {standard_task_runner.py:72} INFO - Started process 1392 to run task
[2025-02-08T20:40:31.110+0000] {task_command.py:467} INFO - Running <TaskInstance: account_dim_gen.generate_account_dim_data scheduled__2024-11-15T00:00:00+00:00 [running]> on host 7e959c1a2a8b
[2025-02-08T20:40:31.236+0000] {taskinstance.py:3131} INFO - Exporting env vars: AIRFLOW_CTX_DAG_OWNER='Saleh' AIRFLOW_CTX_DAG_ID='account_dim_gen' AIRFLOW_CTX_TASK_ID='generate_account_dim_data' AIRFLOW_CTX_EXECUTION_DATE='2024-11-15T00:00:00+00:00' AIRFLOW_CTX_TRY_NUMBER='1' AIRFLOW_CTX_DAG_RUN_ID='scheduled__2024-11-15T00:00:00+00:00'
[2025-02-08T20:40:31.239+0000] {taskinstance.py:731} INFO - ::endgroup::
[2025-02-08T20:40:31.273+0000] {logging_mixin.py:190} INFO - CSV file ./account_dim_large_data.csv with 50 row has been generated successfully!
[2025-02-08T20:40:31.277+0000] {python.py:240} INFO - Done. Returned value was: None
[2025-02-08T20:40:31.295+0000] {taskinstance.py:340} INFO - ::group::Post task execution logs
[2025-02-08T20:40:31.296+0000] {taskinstance.py:352} INFO - Marking task as SUCCESS. dag_id=account_dim_gen, task_id=generate_account_dim_data, run_id=scheduled__2024-11-15T00:00:00+00:00, execution_date=20241115T000000, start_date=20250208T204031, end_date=20250208T204031
[2025-02-08T20:40:31.349+0000] {local_task_job_runner.py:266} INFO - Task exited with return code 0
[2025-02-08T20:40:31.370+0000] {taskinstance.py:3900} INFO - 0 downstream tasks scheduled from follow-on schedule check
[2025-02-08T20:40:31.375+0000] {local_task_job_runner.py:245} INFO - ::endgroup::
