[2025-02-08T19:02:37.316+0000] {local_task_job_runner.py:123} INFO - ::group::Pre task execution logs
[2025-02-08T19:02:37.334+0000] {taskinstance.py:2612} INFO - Dependencies all met for dep_context=non-requeueable deps ti=<TaskInstance: branch_dim_gen.generate_branch_dim_data scheduled__2024-10-31T00:00:00+00:00 [queued]>
[2025-02-08T19:02:37.343+0000] {taskinstance.py:2612} INFO - Dependencies all met for dep_context=requeueable deps ti=<TaskInstance: branch_dim_gen.generate_branch_dim_data scheduled__2024-10-31T00:00:00+00:00 [queued]>
[2025-02-08T19:02:37.344+0000] {taskinstance.py:2865} INFO - Starting attempt 1 of 1
[2025-02-08T19:02:37.361+0000] {taskinstance.py:2888} INFO - Executing <Task(PythonOperator): generate_branch_dim_data> on 2024-10-31 00:00:00+00:00
[2025-02-08T19:02:37.371+0000] {logging_mixin.py:190} WARNING - /home/***/.local/lib/python3.12/site-packages/***/task/task_runner/standard_task_runner.py:70 DeprecationWarning: This process (pid=1543) is multi-threaded, use of fork() may lead to deadlocks in the child.
[2025-02-08T19:02:37.372+0000] {standard_task_runner.py:72} INFO - Started process 1573 to run task
[2025-02-08T19:02:37.371+0000] {standard_task_runner.py:104} INFO - Running: ['***', 'tasks', 'run', 'branch_dim_gen', 'generate_branch_dim_data', 'scheduled__2024-10-31T00:00:00+00:00', '--job-id', '250', '--raw', '--subdir', 'DAGS_FOLDER/brnach_dim_gen.py', '--cfg-path', '/tmp/tmpcrkx_hdy']
[2025-02-08T19:02:37.373+0000] {standard_task_runner.py:105} INFO - Job 250: Subtask generate_branch_dim_data
[2025-02-08T19:02:37.421+0000] {task_command.py:467} INFO - Running <TaskInstance: branch_dim_gen.generate_branch_dim_data scheduled__2024-10-31T00:00:00+00:00 [running]> on host 2c1cd59afcc0
[2025-02-08T19:02:37.512+0000] {taskinstance.py:3131} INFO - Exporting env vars: AIRFLOW_CTX_DAG_OWNER='Saleh' AIRFLOW_CTX_DAG_ID='branch_dim_gen' AIRFLOW_CTX_TASK_ID='generate_branch_dim_data' AIRFLOW_CTX_EXECUTION_DATE='2024-10-31T00:00:00+00:00' AIRFLOW_CTX_TRY_NUMBER='1' AIRFLOW_CTX_DAG_RUN_ID='scheduled__2024-10-31T00:00:00+00:00'
[2025-02-08T19:02:37.513+0000] {taskinstance.py:731} INFO - ::endgroup::
[2025-02-08T19:02:37.535+0000] {logging_mixin.py:190} INFO - CSV file './branch_dim_large_data.csv' with 50 rows has been generated successfully.
[2025-02-08T19:02:37.536+0000] {python.py:240} INFO - Done. Returned value was: None
[2025-02-08T19:02:37.550+0000] {taskinstance.py:340} INFO - ::group::Post task execution logs
[2025-02-08T19:02:37.552+0000] {taskinstance.py:352} INFO - Marking task as SUCCESS. dag_id=branch_dim_gen, task_id=generate_branch_dim_data, run_id=scheduled__2024-10-31T00:00:00+00:00, execution_date=20241031T000000, start_date=20250208T190237, end_date=20250208T190237
[2025-02-08T19:02:37.588+0000] {local_task_job_runner.py:266} INFO - Task exited with return code 0
[2025-02-08T19:02:37.613+0000] {taskinstance.py:3900} INFO - 0 downstream tasks scheduled from follow-on schedule check
[2025-02-08T19:02:37.618+0000] {local_task_job_runner.py:245} INFO - ::endgroup::
[2025-02-08T20:40:21.146+0000] {local_task_job_runner.py:123} INFO - ::group::Pre task execution logs
[2025-02-08T20:40:21.173+0000] {taskinstance.py:2612} INFO - Dependencies all met for dep_context=non-requeueable deps ti=<TaskInstance: branch_dim_gen.generate_branch_dim_data scheduled__2024-10-31T00:00:00+00:00 [queued]>
[2025-02-08T20:40:21.182+0000] {taskinstance.py:2612} INFO - Dependencies all met for dep_context=requeueable deps ti=<TaskInstance: branch_dim_gen.generate_branch_dim_data scheduled__2024-10-31T00:00:00+00:00 [queued]>
[2025-02-08T20:40:21.194+0000] {taskinstance.py:2865} INFO - Starting attempt 1 of 1
[2025-02-08T20:40:21.238+0000] {taskinstance.py:2888} INFO - Executing <Task(PythonOperator): generate_branch_dim_data> on 2024-10-31 00:00:00+00:00
[2025-02-08T20:40:21.281+0000] {logging_mixin.py:190} WARNING - /home/***/.local/lib/python3.12/site-packages/***/task/task_runner/standard_task_runner.py:70 DeprecationWarning: This process (pid=1198) is multi-threaded, use of fork() may lead to deadlocks in the child.
[2025-02-08T20:40:21.280+0000] {standard_task_runner.py:104} INFO - Running: ['***', 'tasks', 'run', 'branch_dim_gen', 'generate_branch_dim_data', 'scheduled__2024-10-31T00:00:00+00:00', '--job-id', '147', '--raw', '--subdir', 'DAGS_FOLDER/brnach_dim_gen.py', '--cfg-path', '/tmp/tmptmxjt7cr']
[2025-02-08T20:40:21.283+0000] {standard_task_runner.py:72} INFO - Started process 1220 to run task
[2025-02-08T20:40:21.283+0000] {standard_task_runner.py:105} INFO - Job 147: Subtask generate_branch_dim_data
[2025-02-08T20:40:21.348+0000] {task_command.py:467} INFO - Running <TaskInstance: branch_dim_gen.generate_branch_dim_data scheduled__2024-10-31T00:00:00+00:00 [running]> on host 7e959c1a2a8b
[2025-02-08T20:40:21.455+0000] {taskinstance.py:3131} INFO - Exporting env vars: AIRFLOW_CTX_DAG_OWNER='Saleh' AIRFLOW_CTX_DAG_ID='branch_dim_gen' AIRFLOW_CTX_TASK_ID='generate_branch_dim_data' AIRFLOW_CTX_EXECUTION_DATE='2024-10-31T00:00:00+00:00' AIRFLOW_CTX_TRY_NUMBER='1' AIRFLOW_CTX_DAG_RUN_ID='scheduled__2024-10-31T00:00:00+00:00'
[2025-02-08T20:40:21.458+0000] {taskinstance.py:731} INFO - ::endgroup::
[2025-02-08T20:40:21.490+0000] {logging_mixin.py:190} INFO - CSV file './branch_dim_large_data.csv' with 50 rows has been generated successfully.
[2025-02-08T20:40:21.491+0000] {python.py:240} INFO - Done. Returned value was: None
[2025-02-08T20:40:21.503+0000] {taskinstance.py:340} INFO - ::group::Post task execution logs
[2025-02-08T20:40:21.504+0000] {taskinstance.py:352} INFO - Marking task as SUCCESS. dag_id=branch_dim_gen, task_id=generate_branch_dim_data, run_id=scheduled__2024-10-31T00:00:00+00:00, execution_date=20241031T000000, start_date=20250208T204021, end_date=20250208T204021
[2025-02-08T20:40:21.554+0000] {local_task_job_runner.py:266} INFO - Task exited with return code 0
[2025-02-08T20:40:21.584+0000] {taskinstance.py:3900} INFO - 0 downstream tasks scheduled from follow-on schedule check
[2025-02-08T20:40:21.590+0000] {local_task_job_runner.py:245} INFO - ::endgroup::
