[2025-02-08T19:01:54.888+0000] {local_task_job_runner.py:123} INFO - ::group::Pre task execution logs
[2025-02-08T19:01:54.901+0000] {taskinstance.py:2612} INFO - Dependencies all met for dep_context=non-requeueable deps ti=<TaskInstance: branch_dim_gen.generate_branch_dim_data scheduled__2024-09-15T00:00:00+00:00 [queued]>
[2025-02-08T19:01:54.906+0000] {taskinstance.py:2612} INFO - Dependencies all met for dep_context=requeueable deps ti=<TaskInstance: branch_dim_gen.generate_branch_dim_data scheduled__2024-09-15T00:00:00+00:00 [queued]>
[2025-02-08T19:01:54.910+0000] {taskinstance.py:2865} INFO - Starting attempt 1 of 1
[2025-02-08T19:01:55.143+0000] {taskinstance.py:2888} INFO - Executing <Task(PythonOperator): generate_branch_dim_data> on 2024-09-15 00:00:00+00:00
[2025-02-08T19:01:55.150+0000] {logging_mixin.py:190} WARNING - /home/***/.local/lib/python3.12/site-packages/***/task/task_runner/standard_task_runner.py:70 DeprecationWarning: This process (pid=1153) is multi-threaded, use of fork() may lead to deadlocks in the child.
[2025-02-08T19:01:55.151+0000] {standard_task_runner.py:72} INFO - Started process 1160 to run task
[2025-02-08T19:01:55.150+0000] {standard_task_runner.py:104} INFO - Running: ['***', 'tasks', 'run', 'branch_dim_gen', 'generate_branch_dim_data', 'scheduled__2024-09-15T00:00:00+00:00', '--job-id', '155', '--raw', '--subdir', 'DAGS_FOLDER/brnach_dim_gen.py', '--cfg-path', '/tmp/tmpwz9nd30c']
[2025-02-08T19:01:55.152+0000] {standard_task_runner.py:105} INFO - Job 155: Subtask generate_branch_dim_data
[2025-02-08T19:01:56.571+0000] {task_command.py:467} INFO - Running <TaskInstance: branch_dim_gen.generate_branch_dim_data scheduled__2024-09-15T00:00:00+00:00 [running]> on host 2c1cd59afcc0
[2025-02-08T19:01:57.608+0000] {taskinstance.py:3131} INFO - Exporting env vars: AIRFLOW_CTX_DAG_OWNER='Saleh' AIRFLOW_CTX_DAG_ID='branch_dim_gen' AIRFLOW_CTX_TASK_ID='generate_branch_dim_data' AIRFLOW_CTX_EXECUTION_DATE='2024-09-15T00:00:00+00:00' AIRFLOW_CTX_TRY_NUMBER='1' AIRFLOW_CTX_DAG_RUN_ID='scheduled__2024-09-15T00:00:00+00:00'
[2025-02-08T19:01:57.687+0000] {taskinstance.py:731} INFO - ::endgroup::
[2025-02-08T19:01:58.297+0000] {logging_mixin.py:190} INFO - CSV file './branch_dim_large_data.csv' with 50 rows has been generated successfully.
[2025-02-08T19:01:58.342+0000] {python.py:240} INFO - Done. Returned value was: None
[2025-02-08T19:01:58.490+0000] {taskinstance.py:340} INFO - ::group::Post task execution logs
[2025-02-08T19:01:58.490+0000] {taskinstance.py:352} INFO - Marking task as SUCCESS. dag_id=branch_dim_gen, task_id=generate_branch_dim_data, run_id=scheduled__2024-09-15T00:00:00+00:00, execution_date=20240915T000000, start_date=20250208T190154, end_date=20250208T190158
[2025-02-08T19:01:58.773+0000] {local_task_job_runner.py:266} INFO - Task exited with return code 0
[2025-02-08T19:01:58.786+0000] {taskinstance.py:3900} INFO - 0 downstream tasks scheduled from follow-on schedule check
[2025-02-08T19:01:58.904+0000] {local_task_job_runner.py:245} INFO - ::endgroup::
[2025-02-08T20:39:38.102+0000] {local_task_job_runner.py:123} INFO - ::group::Pre task execution logs
[2025-02-08T20:39:38.171+0000] {taskinstance.py:2612} INFO - Dependencies all met for dep_context=non-requeueable deps ti=<TaskInstance: branch_dim_gen.generate_branch_dim_data scheduled__2024-09-15T00:00:00+00:00 [queued]>
[2025-02-08T20:39:38.197+0000] {taskinstance.py:2612} INFO - Dependencies all met for dep_context=requeueable deps ti=<TaskInstance: branch_dim_gen.generate_branch_dim_data scheduled__2024-09-15T00:00:00+00:00 [queued]>
[2025-02-08T20:39:38.200+0000] {taskinstance.py:2865} INFO - Starting attempt 1 of 1
[2025-02-08T20:39:38.269+0000] {taskinstance.py:2888} INFO - Executing <Task(PythonOperator): generate_branch_dim_data> on 2024-09-15 00:00:00+00:00
[2025-02-08T20:39:38.324+0000] {standard_task_runner.py:104} INFO - Running: ['***', 'tasks', 'run', 'branch_dim_gen', 'generate_branch_dim_data', 'scheduled__2024-09-15T00:00:00+00:00', '--job-id', '21', '--raw', '--subdir', 'DAGS_FOLDER/brnach_dim_gen.py', '--cfg-path', '/tmp/tmp8a0jsl6o']
[2025-02-08T20:39:38.327+0000] {logging_mixin.py:190} WARNING - /home/***/.local/lib/python3.12/site-packages/***/task/task_runner/standard_task_runner.py:70 DeprecationWarning: This process (pid=565) is multi-threaded, use of fork() may lead to deadlocks in the child.
[2025-02-08T20:39:38.337+0000] {standard_task_runner.py:72} INFO - Started process 680 to run task
[2025-02-08T20:39:38.336+0000] {standard_task_runner.py:105} INFO - Job 21: Subtask generate_branch_dim_data
[2025-02-08T20:39:38.540+0000] {task_command.py:467} INFO - Running <TaskInstance: branch_dim_gen.generate_branch_dim_data scheduled__2024-09-15T00:00:00+00:00 [running]> on host 7e959c1a2a8b
[2025-02-08T20:39:39.151+0000] {taskinstance.py:3131} INFO - Exporting env vars: AIRFLOW_CTX_DAG_OWNER='Saleh' AIRFLOW_CTX_DAG_ID='branch_dim_gen' AIRFLOW_CTX_TASK_ID='generate_branch_dim_data' AIRFLOW_CTX_EXECUTION_DATE='2024-09-15T00:00:00+00:00' AIRFLOW_CTX_TRY_NUMBER='1' AIRFLOW_CTX_DAG_RUN_ID='scheduled__2024-09-15T00:00:00+00:00'
[2025-02-08T20:39:39.158+0000] {taskinstance.py:731} INFO - ::endgroup::
[2025-02-08T20:39:40.517+0000] {logging_mixin.py:190} INFO - CSV file './branch_dim_large_data.csv' with 50 rows has been generated successfully.
[2025-02-08T20:39:40.518+0000] {python.py:240} INFO - Done. Returned value was: None
[2025-02-08T20:39:40.531+0000] {taskinstance.py:340} INFO - ::group::Post task execution logs
[2025-02-08T20:39:40.531+0000] {taskinstance.py:352} INFO - Marking task as SUCCESS. dag_id=branch_dim_gen, task_id=generate_branch_dim_data, run_id=scheduled__2024-09-15T00:00:00+00:00, execution_date=20240915T000000, start_date=20250208T203938, end_date=20250208T203940
[2025-02-08T20:39:40.830+0000] {local_task_job_runner.py:266} INFO - Task exited with return code 0
[2025-02-08T20:39:40.870+0000] {taskinstance.py:3900} INFO - 0 downstream tasks scheduled from follow-on schedule check
[2025-02-08T20:39:40.888+0000] {local_task_job_runner.py:245} INFO - ::endgroup::
