[2025-02-08T19:01:12.131+0000] {local_task_job_runner.py:123} INFO - ::group::Pre task execution logs
[2025-02-08T19:01:12.148+0000] {taskinstance.py:2612} INFO - Dependencies all met for dep_context=non-requeueable deps ti=<TaskInstance: account_dim_gen.generate_account_dim_data scheduled__2025-01-21T00:00:00+00:00 [queued]>
[2025-02-08T19:01:12.161+0000] {taskinstance.py:2612} INFO - Dependencies all met for dep_context=requeueable deps ti=<TaskInstance: account_dim_gen.generate_account_dim_data scheduled__2025-01-21T00:00:00+00:00 [queued]>
[2025-02-08T19:01:12.163+0000] {taskinstance.py:2865} INFO - Starting attempt 1 of 1
[2025-02-08T19:01:12.179+0000] {taskinstance.py:2888} INFO - Executing <Task(PythonOperator): generate_account_dim_data> on 2025-01-21 00:00:00+00:00
[2025-02-08T19:01:12.186+0000] {logging_mixin.py:190} WARNING - /home/***/.local/lib/python3.12/site-packages/***/task/task_runner/standard_task_runner.py:70 DeprecationWarning: This process (pid=1041) is multi-threaded, use of fork() may lead to deadlocks in the child.
[2025-02-08T19:01:12.187+0000] {standard_task_runner.py:72} INFO - Started process 1062 to run task
[2025-02-08T19:01:12.187+0000] {standard_task_runner.py:104} INFO - Running: ['***', 'tasks', 'run', 'account_dim_gen', 'generate_account_dim_data', 'scheduled__2025-01-21T00:00:00+00:00', '--job-id', '137', '--raw', '--subdir', 'DAGS_FOLDER/account_dim_gen.py', '--cfg-path', '/tmp/tmpbyltczv7']
[2025-02-08T19:01:12.189+0000] {standard_task_runner.py:105} INFO - Job 137: Subtask generate_account_dim_data
[2025-02-08T19:01:12.254+0000] {task_command.py:467} INFO - Running <TaskInstance: account_dim_gen.generate_account_dim_data scheduled__2025-01-21T00:00:00+00:00 [running]> on host 2c1cd59afcc0
[2025-02-08T19:01:12.342+0000] {taskinstance.py:3131} INFO - Exporting env vars: AIRFLOW_CTX_DAG_OWNER='Saleh' AIRFLOW_CTX_DAG_ID='account_dim_gen' AIRFLOW_CTX_TASK_ID='generate_account_dim_data' AIRFLOW_CTX_EXECUTION_DATE='2025-01-21T00:00:00+00:00' AIRFLOW_CTX_TRY_NUMBER='1' AIRFLOW_CTX_DAG_RUN_ID='scheduled__2025-01-21T00:00:00+00:00'
[2025-02-08T19:01:12.343+0000] {taskinstance.py:731} INFO - ::endgroup::
[2025-02-08T19:01:12.366+0000] {logging_mixin.py:190} INFO - CSV file ./account_dim_large_data.csv with 50 row has been generated successfully!
[2025-02-08T19:01:12.367+0000] {python.py:240} INFO - Done. Returned value was: None
[2025-02-08T19:01:12.376+0000] {taskinstance.py:340} INFO - ::group::Post task execution logs
[2025-02-08T19:01:12.377+0000] {taskinstance.py:352} INFO - Marking task as SUCCESS. dag_id=account_dim_gen, task_id=generate_account_dim_data, run_id=scheduled__2025-01-21T00:00:00+00:00, execution_date=20250121T000000, start_date=20250208T190112, end_date=20250208T190112
[2025-02-08T19:01:12.404+0000] {local_task_job_runner.py:266} INFO - Task exited with return code 0
[2025-02-08T19:01:12.420+0000] {taskinstance.py:3900} INFO - 0 downstream tasks scheduled from follow-on schedule check
[2025-02-08T19:01:12.422+0000] {local_task_job_runner.py:245} INFO - ::endgroup::
[2025-02-08T20:42:28.191+0000] {local_task_job_runner.py:123} INFO - ::group::Pre task execution logs
[2025-02-08T20:42:28.206+0000] {taskinstance.py:2612} INFO - Dependencies all met for dep_context=non-requeueable deps ti=<TaskInstance: account_dim_gen.generate_account_dim_data scheduled__2025-01-21T00:00:00+00:00 [queued]>
[2025-02-08T20:42:28.216+0000] {taskinstance.py:2612} INFO - Dependencies all met for dep_context=requeueable deps ti=<TaskInstance: account_dim_gen.generate_account_dim_data scheduled__2025-01-21T00:00:00+00:00 [queued]>
[2025-02-08T20:42:28.217+0000] {taskinstance.py:2865} INFO - Starting attempt 1 of 1
[2025-02-08T20:42:28.229+0000] {taskinstance.py:2888} INFO - Executing <Task(PythonOperator): generate_account_dim_data> on 2025-01-21 00:00:00+00:00
[2025-02-08T20:42:28.238+0000] {standard_task_runner.py:104} INFO - Running: ['***', 'tasks', 'run', 'account_dim_gen', 'generate_account_dim_data', 'scheduled__2025-01-21T00:00:00+00:00', '--job-id', '372', '--raw', '--subdir', 'DAGS_FOLDER/account_dim_gen.py', '--cfg-path', '/tmp/tmp4ltjhrdu']
[2025-02-08T20:42:28.240+0000] {standard_task_runner.py:105} INFO - Job 372: Subtask generate_account_dim_data
[2025-02-08T20:42:28.241+0000] {logging_mixin.py:190} WARNING - /home/***/.local/lib/python3.12/site-packages/***/task/task_runner/standard_task_runner.py:70 DeprecationWarning: This process (pid=232) is multi-threaded, use of fork() may lead to deadlocks in the child.
[2025-02-08T20:42:28.242+0000] {standard_task_runner.py:72} INFO - Started process 237 to run task
[2025-02-08T20:42:28.275+0000] {task_command.py:467} INFO - Running <TaskInstance: account_dim_gen.generate_account_dim_data scheduled__2025-01-21T00:00:00+00:00 [running]> on host 86932746817d
[2025-02-08T20:42:28.340+0000] {taskinstance.py:3131} INFO - Exporting env vars: AIRFLOW_CTX_DAG_OWNER='Saleh' AIRFLOW_CTX_DAG_ID='account_dim_gen' AIRFLOW_CTX_TASK_ID='generate_account_dim_data' AIRFLOW_CTX_EXECUTION_DATE='2025-01-21T00:00:00+00:00' AIRFLOW_CTX_TRY_NUMBER='1' AIRFLOW_CTX_DAG_RUN_ID='scheduled__2025-01-21T00:00:00+00:00'
[2025-02-08T20:42:28.341+0000] {taskinstance.py:731} INFO - ::endgroup::
[2025-02-08T20:42:28.356+0000] {logging_mixin.py:190} INFO - CSV file ./account_dim_large_data.csv with 50 row has been generated successfully!
[2025-02-08T20:42:28.357+0000] {python.py:240} INFO - Done. Returned value was: None
[2025-02-08T20:42:28.364+0000] {taskinstance.py:340} INFO - ::group::Post task execution logs
[2025-02-08T20:42:28.364+0000] {taskinstance.py:352} INFO - Marking task as SUCCESS. dag_id=account_dim_gen, task_id=generate_account_dim_data, run_id=scheduled__2025-01-21T00:00:00+00:00, execution_date=20250121T000000, start_date=20250208T204228, end_date=20250208T204228
[2025-02-08T20:42:28.416+0000] {local_task_job_runner.py:266} INFO - Task exited with return code 0
[2025-02-08T20:42:28.429+0000] {taskinstance.py:3900} INFO - 0 downstream tasks scheduled from follow-on schedule check
[2025-02-08T20:42:28.431+0000] {local_task_job_runner.py:245} INFO - ::endgroup::
