[2025-02-08T19:03:21.751+0000] {local_task_job_runner.py:123} INFO - ::group::Pre task execution logs
[2025-02-08T19:03:21.771+0000] {taskinstance.py:2612} INFO - Dependencies all met for dep_context=non-requeueable deps ti=<TaskInstance: customer_dim_generator.generate_customer_dim_data scheduled__2025-01-29T00:00:00+00:00 [queued]>
[2025-02-08T19:03:21.781+0000] {taskinstance.py:2612} INFO - Dependencies all met for dep_context=requeueable deps ti=<TaskInstance: customer_dim_generator.generate_customer_dim_data scheduled__2025-01-29T00:00:00+00:00 [queued]>
[2025-02-08T19:03:21.782+0000] {taskinstance.py:2865} INFO - Starting attempt 1 of 1
[2025-02-08T19:03:21.808+0000] {taskinstance.py:2888} INFO - Executing <Task(PythonOperator): generate_customer_dim_data> on 2025-01-29 00:00:00+00:00
[2025-02-08T19:03:21.821+0000] {logging_mixin.py:190} WARNING - /home/***/.local/lib/python3.12/site-packages/***/task/task_runner/standard_task_runner.py:70 DeprecationWarning: This process (pid=2126) is multi-threaded, use of fork() may lead to deadlocks in the child.
[2025-02-08T19:03:21.822+0000] {standard_task_runner.py:72} INFO - Started process 2157 to run task
[2025-02-08T19:03:21.823+0000] {standard_task_runner.py:104} INFO - Running: ['***', 'tasks', 'run', 'customer_dim_generator', 'generate_customer_dim_data', 'scheduled__2025-01-29T00:00:00+00:00', '--job-id', '385', '--raw', '--subdir', 'DAGS_FOLDER/customer_dim_gen.py', '--cfg-path', '/tmp/tmp31mnv8x0']
[2025-02-08T19:03:21.826+0000] {standard_task_runner.py:105} INFO - Job 385: Subtask generate_customer_dim_data
[2025-02-08T19:03:21.887+0000] {task_command.py:467} INFO - Running <TaskInstance: customer_dim_generator.generate_customer_dim_data scheduled__2025-01-29T00:00:00+00:00 [running]> on host 2c1cd59afcc0
[2025-02-08T19:03:22.016+0000] {taskinstance.py:3131} INFO - Exporting env vars: AIRFLOW_CTX_DAG_OWNER='Saleh' AIRFLOW_CTX_DAG_ID='customer_dim_generator' AIRFLOW_CTX_TASK_ID='generate_customer_dim_data' AIRFLOW_CTX_EXECUTION_DATE='2025-01-29T00:00:00+00:00' AIRFLOW_CTX_TRY_NUMBER='1' AIRFLOW_CTX_DAG_RUN_ID='scheduled__2025-01-29T00:00:00+00:00'
[2025-02-08T19:03:22.017+0000] {taskinstance.py:731} INFO - ::endgroup::
[2025-02-08T19:03:22.046+0000] {logging_mixin.py:190} INFO - CSV file './customer_dim_large_data.csv' with 100 rows has been generated successfully.
[2025-02-08T19:03:22.047+0000] {python.py:240} INFO - Done. Returned value was: None
[2025-02-08T19:03:22.055+0000] {taskinstance.py:340} INFO - ::group::Post task execution logs
[2025-02-08T19:03:22.056+0000] {taskinstance.py:352} INFO - Marking task as SUCCESS. dag_id=customer_dim_generator, task_id=generate_customer_dim_data, run_id=scheduled__2025-01-29T00:00:00+00:00, execution_date=20250129T000000, start_date=20250208T190321, end_date=20250208T190322
[2025-02-08T19:03:22.125+0000] {local_task_job_runner.py:266} INFO - Task exited with return code 0
[2025-02-08T19:03:22.134+0000] {local_task_job_runner.py:245} INFO - ::endgroup::
[2025-02-08T20:43:49.306+0000] {local_task_job_runner.py:123} INFO - ::group::Pre task execution logs
[2025-02-08T20:43:49.328+0000] {taskinstance.py:2612} INFO - Dependencies all met for dep_context=non-requeueable deps ti=<TaskInstance: customer_dim_generator.generate_customer_dim_data scheduled__2025-01-29T00:00:00+00:00 [queued]>
[2025-02-08T20:43:49.340+0000] {taskinstance.py:2612} INFO - Dependencies all met for dep_context=requeueable deps ti=<TaskInstance: customer_dim_generator.generate_customer_dim_data scheduled__2025-01-29T00:00:00+00:00 [queued]>
[2025-02-08T20:43:49.345+0000] {taskinstance.py:2865} INFO - Starting attempt 1 of 1
[2025-02-08T20:43:49.386+0000] {taskinstance.py:2888} INFO - Executing <Task(PythonOperator): generate_customer_dim_data> on 2025-01-29 00:00:00+00:00
[2025-02-08T20:43:49.399+0000] {logging_mixin.py:190} WARNING - /home/***/.local/lib/python3.12/site-packages/***/task/task_runner/standard_task_runner.py:70 DeprecationWarning: This process (pid=880) is multi-threaded, use of fork() may lead to deadlocks in the child.
[2025-02-08T20:43:49.397+0000] {standard_task_runner.py:104} INFO - Running: ['***', 'tasks', 'run', 'customer_dim_generator', 'generate_customer_dim_data', 'scheduled__2025-01-29T00:00:00+00:00', '--job-id', '519', '--raw', '--subdir', 'DAGS_FOLDER/customer_dim_gen.py', '--cfg-path', '/tmp/tmpollz4fuy']
[2025-02-08T20:43:49.400+0000] {standard_task_runner.py:72} INFO - Started process 894 to run task
[2025-02-08T20:43:49.400+0000] {standard_task_runner.py:105} INFO - Job 519: Subtask generate_customer_dim_data
[2025-02-08T20:43:49.447+0000] {task_command.py:467} INFO - Running <TaskInstance: customer_dim_generator.generate_customer_dim_data scheduled__2025-01-29T00:00:00+00:00 [running]> on host 86932746817d
[2025-02-08T20:43:49.531+0000] {taskinstance.py:3131} INFO - Exporting env vars: AIRFLOW_CTX_DAG_OWNER='Saleh' AIRFLOW_CTX_DAG_ID='customer_dim_generator' AIRFLOW_CTX_TASK_ID='generate_customer_dim_data' AIRFLOW_CTX_EXECUTION_DATE='2025-01-29T00:00:00+00:00' AIRFLOW_CTX_TRY_NUMBER='1' AIRFLOW_CTX_DAG_RUN_ID='scheduled__2025-01-29T00:00:00+00:00'
[2025-02-08T20:43:49.533+0000] {taskinstance.py:731} INFO - ::endgroup::
[2025-02-08T20:43:49.553+0000] {logging_mixin.py:190} INFO - CSV file './customer_dim_large_data.csv' with 100 rows has been generated successfully.
[2025-02-08T20:43:49.553+0000] {python.py:240} INFO - Done. Returned value was: None
[2025-02-08T20:43:49.562+0000] {taskinstance.py:340} INFO - ::group::Post task execution logs
[2025-02-08T20:43:49.562+0000] {taskinstance.py:352} INFO - Marking task as SUCCESS. dag_id=customer_dim_generator, task_id=generate_customer_dim_data, run_id=scheduled__2025-01-29T00:00:00+00:00, execution_date=20250129T000000, start_date=20250208T204349, end_date=20250208T204349
[2025-02-08T20:43:49.619+0000] {local_task_job_runner.py:266} INFO - Task exited with return code 0
[2025-02-08T20:43:49.633+0000] {taskinstance.py:3900} INFO - 0 downstream tasks scheduled from follow-on schedule check
[2025-02-08T20:43:49.635+0000] {local_task_job_runner.py:245} INFO - ::endgroup::
