[2025-02-08T19:02:37.813+0000] {local_task_job_runner.py:123} INFO - ::group::Pre task execution logs
[2025-02-08T19:02:37.845+0000] {taskinstance.py:2612} INFO - Dependencies all met for dep_context=non-requeueable deps ti=<TaskInstance: customer_dim_generator.generate_customer_dim_data scheduled__2024-11-24T00:00:00+00:00 [queued]>
[2025-02-08T19:02:37.860+0000] {taskinstance.py:2612} INFO - Dependencies all met for dep_context=requeueable deps ti=<TaskInstance: customer_dim_generator.generate_customer_dim_data scheduled__2024-11-24T00:00:00+00:00 [queued]>
[2025-02-08T19:02:37.861+0000] {taskinstance.py:2865} INFO - Starting attempt 1 of 1
[2025-02-08T19:02:37.883+0000] {taskinstance.py:2888} INFO - Executing <Task(PythonOperator): generate_customer_dim_data> on 2024-11-24 00:00:00+00:00
[2025-02-08T19:02:37.892+0000] {logging_mixin.py:190} WARNING - /home/***/.local/lib/python3.12/site-packages/***/task/task_runner/standard_task_runner.py:70 DeprecationWarning: This process (pid=1564) is multi-threaded, use of fork() may lead to deadlocks in the child.
[2025-02-08T19:02:37.893+0000] {standard_task_runner.py:104} INFO - Running: ['***', 'tasks', 'run', 'customer_dim_generator', 'generate_customer_dim_data', 'scheduled__2024-11-24T00:00:00+00:00', '--job-id', '253', '--raw', '--subdir', 'DAGS_FOLDER/customer_dim_gen.py', '--cfg-path', '/tmp/tmpkymwgtml']
[2025-02-08T19:02:37.896+0000] {standard_task_runner.py:72} INFO - Started process 1590 to run task
[2025-02-08T19:02:37.896+0000] {standard_task_runner.py:105} INFO - Job 253: Subtask generate_customer_dim_data
[2025-02-08T19:02:37.962+0000] {task_command.py:467} INFO - Running <TaskInstance: customer_dim_generator.generate_customer_dim_data scheduled__2024-11-24T00:00:00+00:00 [running]> on host 2c1cd59afcc0
[2025-02-08T19:02:38.050+0000] {taskinstance.py:3131} INFO - Exporting env vars: AIRFLOW_CTX_DAG_OWNER='Saleh' AIRFLOW_CTX_DAG_ID='customer_dim_generator' AIRFLOW_CTX_TASK_ID='generate_customer_dim_data' AIRFLOW_CTX_EXECUTION_DATE='2024-11-24T00:00:00+00:00' AIRFLOW_CTX_TRY_NUMBER='1' AIRFLOW_CTX_DAG_RUN_ID='scheduled__2024-11-24T00:00:00+00:00'
[2025-02-08T19:02:38.051+0000] {taskinstance.py:731} INFO - ::endgroup::
[2025-02-08T19:02:38.074+0000] {logging_mixin.py:190} INFO - CSV file './customer_dim_large_data.csv' with 100 rows has been generated successfully.
[2025-02-08T19:02:38.075+0000] {python.py:240} INFO - Done. Returned value was: None
[2025-02-08T19:02:38.086+0000] {taskinstance.py:340} INFO - ::group::Post task execution logs
[2025-02-08T19:02:38.087+0000] {taskinstance.py:352} INFO - Marking task as SUCCESS. dag_id=customer_dim_generator, task_id=generate_customer_dim_data, run_id=scheduled__2024-11-24T00:00:00+00:00, execution_date=20241124T000000, start_date=20250208T190237, end_date=20250208T190238
[2025-02-08T19:02:38.117+0000] {local_task_job_runner.py:266} INFO - Task exited with return code 0
[2025-02-08T19:02:38.133+0000] {taskinstance.py:3900} INFO - 0 downstream tasks scheduled from follow-on schedule check
[2025-02-08T19:02:38.136+0000] {local_task_job_runner.py:245} INFO - ::endgroup::
[2025-02-08T20:40:21.147+0000] {local_task_job_runner.py:123} INFO - ::group::Pre task execution logs
[2025-02-08T20:40:21.165+0000] {taskinstance.py:2612} INFO - Dependencies all met for dep_context=non-requeueable deps ti=<TaskInstance: customer_dim_generator.generate_customer_dim_data scheduled__2024-11-24T00:00:00+00:00 [queued]>
[2025-02-08T20:40:21.187+0000] {taskinstance.py:2612} INFO - Dependencies all met for dep_context=requeueable deps ti=<TaskInstance: customer_dim_generator.generate_customer_dim_data scheduled__2024-11-24T00:00:00+00:00 [queued]>
[2025-02-08T20:40:21.193+0000] {taskinstance.py:2865} INFO - Starting attempt 1 of 1
[2025-02-08T20:40:21.495+0000] {taskinstance.py:2888} INFO - Executing <Task(PythonOperator): generate_customer_dim_data> on 2024-11-24 00:00:00+00:00
[2025-02-08T20:40:21.508+0000] {logging_mixin.py:190} WARNING - /home/***/.local/lib/python3.12/site-packages/***/task/task_runner/standard_task_runner.py:70 DeprecationWarning: This process (pid=1199) is multi-threaded, use of fork() may lead to deadlocks in the child.
[2025-02-08T20:40:21.517+0000] {standard_task_runner.py:72} INFO - Started process 1227 to run task
[2025-02-08T20:40:21.511+0000] {standard_task_runner.py:104} INFO - Running: ['***', 'tasks', 'run', 'customer_dim_generator', 'generate_customer_dim_data', 'scheduled__2024-11-24T00:00:00+00:00', '--job-id', '146', '--raw', '--subdir', 'DAGS_FOLDER/customer_dim_gen.py', '--cfg-path', '/tmp/tmpvoqbilkz']
[2025-02-08T20:40:21.518+0000] {standard_task_runner.py:105} INFO - Job 146: Subtask generate_customer_dim_data
[2025-02-08T20:40:21.673+0000] {task_command.py:467} INFO - Running <TaskInstance: customer_dim_generator.generate_customer_dim_data scheduled__2024-11-24T00:00:00+00:00 [running]> on host 7e959c1a2a8b
[2025-02-08T20:40:22.005+0000] {taskinstance.py:3131} INFO - Exporting env vars: AIRFLOW_CTX_DAG_OWNER='Saleh' AIRFLOW_CTX_DAG_ID='customer_dim_generator' AIRFLOW_CTX_TASK_ID='generate_customer_dim_data' AIRFLOW_CTX_EXECUTION_DATE='2024-11-24T00:00:00+00:00' AIRFLOW_CTX_TRY_NUMBER='1' AIRFLOW_CTX_DAG_RUN_ID='scheduled__2024-11-24T00:00:00+00:00'
[2025-02-08T20:40:22.008+0000] {taskinstance.py:731} INFO - ::endgroup::
[2025-02-08T20:40:22.081+0000] {logging_mixin.py:190} INFO - CSV file './customer_dim_large_data.csv' with 100 rows has been generated successfully.
[2025-02-08T20:40:22.081+0000] {python.py:240} INFO - Done. Returned value was: None
[2025-02-08T20:40:22.093+0000] {taskinstance.py:340} INFO - ::group::Post task execution logs
[2025-02-08T20:40:22.095+0000] {taskinstance.py:352} INFO - Marking task as SUCCESS. dag_id=customer_dim_generator, task_id=generate_customer_dim_data, run_id=scheduled__2024-11-24T00:00:00+00:00, execution_date=20241124T000000, start_date=20250208T204021, end_date=20250208T204022
[2025-02-08T20:40:22.157+0000] {local_task_job_runner.py:266} INFO - Task exited with return code 0
[2025-02-08T20:40:22.215+0000] {taskinstance.py:3900} INFO - 0 downstream tasks scheduled from follow-on schedule check
[2025-02-08T20:40:22.224+0000] {local_task_job_runner.py:245} INFO - ::endgroup::
[2025-02-08T20:43:11.818+0000] {local_task_job_runner.py:123} INFO - ::group::Pre task execution logs
[2025-02-08T20:43:11.835+0000] {taskinstance.py:2612} INFO - Dependencies all met for dep_context=non-requeueable deps ti=<TaskInstance: customer_dim_generator.generate_customer_dim_data scheduled__2024-11-24T00:00:00+00:00 [queued]>
[2025-02-08T20:43:11.843+0000] {taskinstance.py:2612} INFO - Dependencies all met for dep_context=requeueable deps ti=<TaskInstance: customer_dim_generator.generate_customer_dim_data scheduled__2024-11-24T00:00:00+00:00 [queued]>
[2025-02-08T20:43:11.843+0000] {taskinstance.py:2865} INFO - Starting attempt 1 of 1
[2025-02-08T20:43:11.856+0000] {taskinstance.py:2888} INFO - Executing <Task(PythonOperator): generate_customer_dim_data> on 2024-11-24 00:00:00+00:00
[2025-02-08T20:43:11.865+0000] {logging_mixin.py:190} WARNING - /home/***/.local/lib/python3.12/site-packages/***/task/task_runner/standard_task_runner.py:70 DeprecationWarning: This process (pid=589) is multi-threaded, use of fork() may lead to deadlocks in the child.
[2025-02-08T20:43:11.866+0000] {standard_task_runner.py:72} INFO - Started process 605 to run task
[2025-02-08T20:43:11.866+0000] {standard_task_runner.py:104} INFO - Running: ['***', 'tasks', 'run', 'customer_dim_generator', 'generate_customer_dim_data', 'scheduled__2024-11-24T00:00:00+00:00', '--job-id', '453', '--raw', '--subdir', 'DAGS_FOLDER/customer_dim_gen.py', '--cfg-path', '/tmp/tmp6x76yirg']
[2025-02-08T20:43:11.868+0000] {standard_task_runner.py:105} INFO - Job 453: Subtask generate_customer_dim_data
[2025-02-08T20:43:11.916+0000] {task_command.py:467} INFO - Running <TaskInstance: customer_dim_generator.generate_customer_dim_data scheduled__2024-11-24T00:00:00+00:00 [running]> on host 86932746817d
[2025-02-08T20:43:11.993+0000] {taskinstance.py:3131} INFO - Exporting env vars: AIRFLOW_CTX_DAG_OWNER='Saleh' AIRFLOW_CTX_DAG_ID='customer_dim_generator' AIRFLOW_CTX_TASK_ID='generate_customer_dim_data' AIRFLOW_CTX_EXECUTION_DATE='2024-11-24T00:00:00+00:00' AIRFLOW_CTX_TRY_NUMBER='1' AIRFLOW_CTX_DAG_RUN_ID='scheduled__2024-11-24T00:00:00+00:00'
[2025-02-08T20:43:11.994+0000] {taskinstance.py:731} INFO - ::endgroup::
[2025-02-08T20:43:12.014+0000] {logging_mixin.py:190} INFO - CSV file './customer_dim_large_data.csv' with 100 rows has been generated successfully.
[2025-02-08T20:43:12.014+0000] {python.py:240} INFO - Done. Returned value was: None
[2025-02-08T20:43:12.022+0000] {taskinstance.py:340} INFO - ::group::Post task execution logs
[2025-02-08T20:43:12.022+0000] {taskinstance.py:352} INFO - Marking task as SUCCESS. dag_id=customer_dim_generator, task_id=generate_customer_dim_data, run_id=scheduled__2024-11-24T00:00:00+00:00, execution_date=20241124T000000, start_date=20250208T204311, end_date=20250208T204312
[2025-02-08T20:43:12.041+0000] {local_task_job_runner.py:266} INFO - Task exited with return code 0
[2025-02-08T20:43:12.057+0000] {taskinstance.py:3900} INFO - 0 downstream tasks scheduled from follow-on schedule check
[2025-02-08T20:43:12.060+0000] {local_task_job_runner.py:245} INFO - ::endgroup::
