[2025-02-08T19:03:21.306+0000] {local_task_job_runner.py:123} INFO - ::group::Pre task execution logs
[2025-02-08T19:03:21.323+0000] {taskinstance.py:2612} INFO - Dependencies all met for dep_context=non-requeueable deps ti=<TaskInstance: customer_dim_generator.generate_customer_dim_data scheduled__2025-01-27T00:00:00+00:00 [queued]>
[2025-02-08T19:03:21.332+0000] {taskinstance.py:2612} INFO - Dependencies all met for dep_context=requeueable deps ti=<TaskInstance: customer_dim_generator.generate_customer_dim_data scheduled__2025-01-27T00:00:00+00:00 [queued]>
[2025-02-08T19:03:21.339+0000] {taskinstance.py:2865} INFO - Starting attempt 1 of 1
[2025-02-08T19:03:21.449+0000] {taskinstance.py:2888} INFO - Executing <Task(PythonOperator): generate_customer_dim_data> on 2025-01-27 00:00:00+00:00
[2025-02-08T19:03:21.457+0000] {logging_mixin.py:190} WARNING - /home/***/.local/lib/python3.12/site-packages/***/task/task_runner/standard_task_runner.py:70 DeprecationWarning: This process (pid=2115) is multi-threaded, use of fork() may lead to deadlocks in the child.
[2025-02-08T19:03:21.461+0000] {standard_task_runner.py:72} INFO - Started process 2141 to run task
[2025-02-08T19:03:21.464+0000] {standard_task_runner.py:104} INFO - Running: ['***', 'tasks', 'run', 'customer_dim_generator', 'generate_customer_dim_data', 'scheduled__2025-01-27T00:00:00+00:00', '--job-id', '380', '--raw', '--subdir', 'DAGS_FOLDER/customer_dim_gen.py', '--cfg-path', '/tmp/tmpil8048rq']
[2025-02-08T19:03:21.467+0000] {standard_task_runner.py:105} INFO - Job 380: Subtask generate_customer_dim_data
[2025-02-08T19:03:21.538+0000] {task_command.py:467} INFO - Running <TaskInstance: customer_dim_generator.generate_customer_dim_data scheduled__2025-01-27T00:00:00+00:00 [running]> on host 2c1cd59afcc0
[2025-02-08T19:03:21.625+0000] {taskinstance.py:3131} INFO - Exporting env vars: AIRFLOW_CTX_DAG_OWNER='Saleh' AIRFLOW_CTX_DAG_ID='customer_dim_generator' AIRFLOW_CTX_TASK_ID='generate_customer_dim_data' AIRFLOW_CTX_EXECUTION_DATE='2025-01-27T00:00:00+00:00' AIRFLOW_CTX_TRY_NUMBER='1' AIRFLOW_CTX_DAG_RUN_ID='scheduled__2025-01-27T00:00:00+00:00'
[2025-02-08T19:03:21.626+0000] {taskinstance.py:731} INFO - ::endgroup::
[2025-02-08T19:03:21.647+0000] {logging_mixin.py:190} INFO - CSV file './customer_dim_large_data.csv' with 100 rows has been generated successfully.
[2025-02-08T19:03:21.647+0000] {python.py:240} INFO - Done. Returned value was: None
[2025-02-08T19:03:21.655+0000] {taskinstance.py:340} INFO - ::group::Post task execution logs
[2025-02-08T19:03:21.656+0000] {taskinstance.py:352} INFO - Marking task as SUCCESS. dag_id=customer_dim_generator, task_id=generate_customer_dim_data, run_id=scheduled__2025-01-27T00:00:00+00:00, execution_date=20250127T000000, start_date=20250208T190321, end_date=20250208T190321
[2025-02-08T19:03:21.681+0000] {local_task_job_runner.py:266} INFO - Task exited with return code 0
[2025-02-08T19:03:21.690+0000] {local_task_job_runner.py:245} INFO - ::endgroup::
[2025-02-08T20:43:48.885+0000] {local_task_job_runner.py:123} INFO - ::group::Pre task execution logs
[2025-02-08T20:43:48.904+0000] {taskinstance.py:2612} INFO - Dependencies all met for dep_context=non-requeueable deps ti=<TaskInstance: customer_dim_generator.generate_customer_dim_data scheduled__2025-01-27T00:00:00+00:00 [queued]>
[2025-02-08T20:43:48.913+0000] {taskinstance.py:2612} INFO - Dependencies all met for dep_context=requeueable deps ti=<TaskInstance: customer_dim_generator.generate_customer_dim_data scheduled__2025-01-27T00:00:00+00:00 [queued]>
[2025-02-08T20:43:48.913+0000] {taskinstance.py:2865} INFO - Starting attempt 1 of 1
[2025-02-08T20:43:48.928+0000] {taskinstance.py:2888} INFO - Executing <Task(PythonOperator): generate_customer_dim_data> on 2025-01-27 00:00:00+00:00
[2025-02-08T20:43:48.937+0000] {standard_task_runner.py:104} INFO - Running: ['***', 'tasks', 'run', 'customer_dim_generator', 'generate_customer_dim_data', 'scheduled__2025-01-27T00:00:00+00:00', '--job-id', '517', '--raw', '--subdir', 'DAGS_FOLDER/customer_dim_gen.py', '--cfg-path', '/tmp/tmp79cabey7']
[2025-02-08T20:43:48.939+0000] {logging_mixin.py:190} WARNING - /home/***/.local/lib/python3.12/site-packages/***/task/task_runner/standard_task_runner.py:70 DeprecationWarning: This process (pid=868) is multi-threaded, use of fork() may lead to deadlocks in the child.
[2025-02-08T20:43:48.940+0000] {standard_task_runner.py:105} INFO - Job 517: Subtask generate_customer_dim_data
[2025-02-08T20:43:48.940+0000] {standard_task_runner.py:72} INFO - Started process 888 to run task
[2025-02-08T20:43:48.994+0000] {task_command.py:467} INFO - Running <TaskInstance: customer_dim_generator.generate_customer_dim_data scheduled__2025-01-27T00:00:00+00:00 [running]> on host 86932746817d
[2025-02-08T20:43:49.110+0000] {taskinstance.py:3131} INFO - Exporting env vars: AIRFLOW_CTX_DAG_OWNER='Saleh' AIRFLOW_CTX_DAG_ID='customer_dim_generator' AIRFLOW_CTX_TASK_ID='generate_customer_dim_data' AIRFLOW_CTX_EXECUTION_DATE='2025-01-27T00:00:00+00:00' AIRFLOW_CTX_TRY_NUMBER='1' AIRFLOW_CTX_DAG_RUN_ID='scheduled__2025-01-27T00:00:00+00:00'
[2025-02-08T20:43:49.112+0000] {taskinstance.py:731} INFO - ::endgroup::
[2025-02-08T20:43:49.136+0000] {logging_mixin.py:190} INFO - CSV file './customer_dim_large_data.csv' with 100 rows has been generated successfully.
[2025-02-08T20:43:49.137+0000] {python.py:240} INFO - Done. Returned value was: None
[2025-02-08T20:43:49.148+0000] {taskinstance.py:340} INFO - ::group::Post task execution logs
[2025-02-08T20:43:49.151+0000] {taskinstance.py:352} INFO - Marking task as SUCCESS. dag_id=customer_dim_generator, task_id=generate_customer_dim_data, run_id=scheduled__2025-01-27T00:00:00+00:00, execution_date=20250127T000000, start_date=20250208T204348, end_date=20250208T204349
[2025-02-08T20:43:49.195+0000] {local_task_job_runner.py:266} INFO - Task exited with return code 0
[2025-02-08T20:43:49.213+0000] {taskinstance.py:3900} INFO - 0 downstream tasks scheduled from follow-on schedule check
[2025-02-08T20:43:49.216+0000] {local_task_job_runner.py:245} INFO - ::endgroup::
