[2025-02-08T19:02:51.744+0000] {local_task_job_runner.py:123} INFO - ::group::Pre task execution logs
[2025-02-08T19:02:51.759+0000] {taskinstance.py:2612} INFO - Dependencies all met for dep_context=non-requeueable deps ti=<TaskInstance: customer_dim_generator.generate_customer_dim_data scheduled__2024-12-15T00:00:00+00:00 [queued]>
[2025-02-08T19:02:51.766+0000] {taskinstance.py:2612} INFO - Dependencies all met for dep_context=requeueable deps ti=<TaskInstance: customer_dim_generator.generate_customer_dim_data scheduled__2024-12-15T00:00:00+00:00 [queued]>
[2025-02-08T19:02:51.766+0000] {taskinstance.py:2865} INFO - Starting attempt 1 of 1
[2025-02-08T19:02:51.776+0000] {taskinstance.py:2888} INFO - Executing <Task(PythonOperator): generate_customer_dim_data> on 2024-12-15 00:00:00+00:00
[2025-02-08T19:02:51.786+0000] {logging_mixin.py:190} WARNING - /home/***/.local/lib/python3.12/site-packages/***/task/task_runner/standard_task_runner.py:70 DeprecationWarning: This process (pid=1754) is multi-threaded, use of fork() may lead to deadlocks in the child.
[2025-02-08T19:02:51.785+0000] {standard_task_runner.py:104} INFO - Running: ['***', 'tasks', 'run', 'customer_dim_generator', 'generate_customer_dim_data', 'scheduled__2024-12-15T00:00:00+00:00', '--job-id', '296', '--raw', '--subdir', 'DAGS_FOLDER/customer_dim_gen.py', '--cfg-path', '/tmp/tmpj51xeuv5']
[2025-02-08T19:02:51.787+0000] {standard_task_runner.py:72} INFO - Started process 1766 to run task
[2025-02-08T19:02:51.787+0000] {standard_task_runner.py:105} INFO - Job 296: Subtask generate_customer_dim_data
[2025-02-08T19:02:51.829+0000] {task_command.py:467} INFO - Running <TaskInstance: customer_dim_generator.generate_customer_dim_data scheduled__2024-12-15T00:00:00+00:00 [running]> on host 2c1cd59afcc0
[2025-02-08T19:02:51.898+0000] {taskinstance.py:3131} INFO - Exporting env vars: AIRFLOW_CTX_DAG_OWNER='Saleh' AIRFLOW_CTX_DAG_ID='customer_dim_generator' AIRFLOW_CTX_TASK_ID='generate_customer_dim_data' AIRFLOW_CTX_EXECUTION_DATE='2024-12-15T00:00:00+00:00' AIRFLOW_CTX_TRY_NUMBER='1' AIRFLOW_CTX_DAG_RUN_ID='scheduled__2024-12-15T00:00:00+00:00'
[2025-02-08T19:02:51.899+0000] {taskinstance.py:731} INFO - ::endgroup::
[2025-02-08T19:02:51.915+0000] {logging_mixin.py:190} INFO - CSV file './customer_dim_large_data.csv' with 100 rows has been generated successfully.
[2025-02-08T19:02:51.915+0000] {python.py:240} INFO - Done. Returned value was: None
[2025-02-08T19:02:51.922+0000] {taskinstance.py:340} INFO - ::group::Post task execution logs
[2025-02-08T19:02:51.923+0000] {taskinstance.py:352} INFO - Marking task as SUCCESS. dag_id=customer_dim_generator, task_id=generate_customer_dim_data, run_id=scheduled__2024-12-15T00:00:00+00:00, execution_date=20241215T000000, start_date=20250208T190251, end_date=20250208T190251
[2025-02-08T19:02:51.961+0000] {local_task_job_runner.py:266} INFO - Task exited with return code 0
[2025-02-08T19:02:51.976+0000] {taskinstance.py:3900} INFO - 0 downstream tasks scheduled from follow-on schedule check
[2025-02-08T19:02:51.978+0000] {local_task_job_runner.py:245} INFO - ::endgroup::
[2025-02-08T20:40:36.551+0000] {local_task_job_runner.py:123} INFO - ::group::Pre task execution logs
[2025-02-08T20:40:36.578+0000] {taskinstance.py:2612} INFO - Dependencies all met for dep_context=non-requeueable deps ti=<TaskInstance: customer_dim_generator.generate_customer_dim_data scheduled__2024-12-15T00:00:00+00:00 [queued]>
[2025-02-08T20:40:36.607+0000] {taskinstance.py:2612} INFO - Dependencies all met for dep_context=requeueable deps ti=<TaskInstance: customer_dim_generator.generate_customer_dim_data scheduled__2024-12-15T00:00:00+00:00 [queued]>
[2025-02-08T20:40:36.608+0000] {taskinstance.py:2865} INFO - Starting attempt 1 of 1
[2025-02-08T20:40:36.643+0000] {taskinstance.py:2888} INFO - Executing <Task(PythonOperator): generate_customer_dim_data> on 2024-12-15 00:00:00+00:00
[2025-02-08T20:40:36.663+0000] {logging_mixin.py:190} WARNING - /home/***/.local/lib/python3.12/site-packages/***/task/task_runner/standard_task_runner.py:70 DeprecationWarning: This process (pid=1440) is multi-threaded, use of fork() may lead to deadlocks in the child.
[2025-02-08T20:40:36.664+0000] {standard_task_runner.py:72} INFO - Started process 1471 to run task
[2025-02-08T20:40:36.663+0000] {standard_task_runner.py:104} INFO - Running: ['***', 'tasks', 'run', 'customer_dim_generator', 'generate_customer_dim_data', 'scheduled__2024-12-15T00:00:00+00:00', '--job-id', '209', '--raw', '--subdir', 'DAGS_FOLDER/customer_dim_gen.py', '--cfg-path', '/tmp/tmpf3r6crmf']
[2025-02-08T20:40:36.668+0000] {standard_task_runner.py:105} INFO - Job 209: Subtask generate_customer_dim_data
[2025-02-08T20:40:36.740+0000] {task_command.py:467} INFO - Running <TaskInstance: customer_dim_generator.generate_customer_dim_data scheduled__2024-12-15T00:00:00+00:00 [running]> on host 7e959c1a2a8b
[2025-02-08T20:40:36.860+0000] {taskinstance.py:3131} INFO - Exporting env vars: AIRFLOW_CTX_DAG_OWNER='Saleh' AIRFLOW_CTX_DAG_ID='customer_dim_generator' AIRFLOW_CTX_TASK_ID='generate_customer_dim_data' AIRFLOW_CTX_EXECUTION_DATE='2024-12-15T00:00:00+00:00' AIRFLOW_CTX_TRY_NUMBER='1' AIRFLOW_CTX_DAG_RUN_ID='scheduled__2024-12-15T00:00:00+00:00'
[2025-02-08T20:40:36.861+0000] {taskinstance.py:731} INFO - ::endgroup::
[2025-02-08T20:40:36.882+0000] {logging_mixin.py:190} INFO - CSV file './customer_dim_large_data.csv' with 100 rows has been generated successfully.
[2025-02-08T20:40:36.882+0000] {python.py:240} INFO - Done. Returned value was: None
[2025-02-08T20:40:36.892+0000] {taskinstance.py:340} INFO - ::group::Post task execution logs
[2025-02-08T20:40:36.893+0000] {taskinstance.py:352} INFO - Marking task as SUCCESS. dag_id=customer_dim_generator, task_id=generate_customer_dim_data, run_id=scheduled__2024-12-15T00:00:00+00:00, execution_date=20241215T000000, start_date=20250208T204036, end_date=20250208T204036
[2025-02-08T20:40:36.922+0000] {local_task_job_runner.py:266} INFO - Task exited with return code 0
[2025-02-08T20:40:36.954+0000] {taskinstance.py:3900} INFO - 0 downstream tasks scheduled from follow-on schedule check
[2025-02-08T20:40:36.964+0000] {local_task_job_runner.py:245} INFO - ::endgroup::
[2025-02-08T20:43:24.822+0000] {local_task_job_runner.py:123} INFO - ::group::Pre task execution logs
[2025-02-08T20:43:24.841+0000] {taskinstance.py:2612} INFO - Dependencies all met for dep_context=non-requeueable deps ti=<TaskInstance: customer_dim_generator.generate_customer_dim_data scheduled__2024-12-15T00:00:00+00:00 [queued]>
[2025-02-08T20:43:24.849+0000] {taskinstance.py:2612} INFO - Dependencies all met for dep_context=requeueable deps ti=<TaskInstance: customer_dim_generator.generate_customer_dim_data scheduled__2024-12-15T00:00:00+00:00 [queued]>
[2025-02-08T20:43:24.850+0000] {taskinstance.py:2865} INFO - Starting attempt 1 of 1
[2025-02-08T20:43:24.863+0000] {taskinstance.py:2888} INFO - Executing <Task(PythonOperator): generate_customer_dim_data> on 2024-12-15 00:00:00+00:00
[2025-02-08T20:43:24.872+0000] {logging_mixin.py:190} WARNING - /home/***/.local/lib/python3.12/site-packages/***/task/task_runner/standard_task_runner.py:70 DeprecationWarning: This process (pid=702) is multi-threaded, use of fork() may lead to deadlocks in the child.
[2025-02-08T20:43:24.873+0000] {standard_task_runner.py:72} INFO - Started process 715 to run task
[2025-02-08T20:43:24.872+0000] {standard_task_runner.py:104} INFO - Running: ['***', 'tasks', 'run', 'customer_dim_generator', 'generate_customer_dim_data', 'scheduled__2024-12-15T00:00:00+00:00', '--job-id', '474', '--raw', '--subdir', 'DAGS_FOLDER/customer_dim_gen.py', '--cfg-path', '/tmp/tmp8w38ikyx']
[2025-02-08T20:43:24.874+0000] {standard_task_runner.py:105} INFO - Job 474: Subtask generate_customer_dim_data
[2025-02-08T20:43:24.926+0000] {task_command.py:467} INFO - Running <TaskInstance: customer_dim_generator.generate_customer_dim_data scheduled__2024-12-15T00:00:00+00:00 [running]> on host 86932746817d
[2025-02-08T20:43:25.027+0000] {taskinstance.py:3131} INFO - Exporting env vars: AIRFLOW_CTX_DAG_OWNER='Saleh' AIRFLOW_CTX_DAG_ID='customer_dim_generator' AIRFLOW_CTX_TASK_ID='generate_customer_dim_data' AIRFLOW_CTX_EXECUTION_DATE='2024-12-15T00:00:00+00:00' AIRFLOW_CTX_TRY_NUMBER='1' AIRFLOW_CTX_DAG_RUN_ID='scheduled__2024-12-15T00:00:00+00:00'
[2025-02-08T20:43:25.029+0000] {taskinstance.py:731} INFO - ::endgroup::
[2025-02-08T20:43:25.049+0000] {logging_mixin.py:190} INFO - CSV file './customer_dim_large_data.csv' with 100 rows has been generated successfully.
[2025-02-08T20:43:25.050+0000] {python.py:240} INFO - Done. Returned value was: None
[2025-02-08T20:43:25.058+0000] {taskinstance.py:340} INFO - ::group::Post task execution logs
[2025-02-08T20:43:25.059+0000] {taskinstance.py:352} INFO - Marking task as SUCCESS. dag_id=customer_dim_generator, task_id=generate_customer_dim_data, run_id=scheduled__2024-12-15T00:00:00+00:00, execution_date=20241215T000000, start_date=20250208T204324, end_date=20250208T204325
[2025-02-08T20:43:25.128+0000] {local_task_job_runner.py:266} INFO - Task exited with return code 0
[2025-02-08T20:43:25.144+0000] {taskinstance.py:3900} INFO - 0 downstream tasks scheduled from follow-on schedule check
[2025-02-08T20:43:25.147+0000] {local_task_job_runner.py:245} INFO - ::endgroup::
