[2025-02-08T19:00:18.464+0000] {local_task_job_runner.py:123} INFO - ::group::Pre task execution logs
[2025-02-08T19:00:18.476+0000] {taskinstance.py:2612} INFO - Dependencies all met for dep_context=non-requeueable deps ti=<TaskInstance: account_dim_gen.generate_account_dim_data scheduled__2024-10-18T00:00:00+00:00 [queued]>
[2025-02-08T19:00:18.484+0000] {taskinstance.py:2612} INFO - Dependencies all met for dep_context=requeueable deps ti=<TaskInstance: account_dim_gen.generate_account_dim_data scheduled__2024-10-18T00:00:00+00:00 [queued]>
[2025-02-08T19:00:18.489+0000] {taskinstance.py:2865} INFO - Starting attempt 1 of 1
[2025-02-08T19:00:18.525+0000] {taskinstance.py:2888} INFO - Executing <Task(PythonOperator): generate_account_dim_data> on 2024-10-18 00:00:00+00:00
[2025-02-08T19:00:18.534+0000] {logging_mixin.py:190} WARNING - /home/***/.local/lib/python3.12/site-packages/***/task/task_runner/standard_task_runner.py:70 DeprecationWarning: This process (pid=621) is multi-threaded, use of fork() may lead to deadlocks in the child.
[2025-02-08T19:00:18.535+0000] {standard_task_runner.py:72} INFO - Started process 637 to run task
[2025-02-08T19:00:18.534+0000] {standard_task_runner.py:104} INFO - Running: ['***', 'tasks', 'run', 'account_dim_gen', 'generate_account_dim_data', 'scheduled__2024-10-18T00:00:00+00:00', '--job-id', '42', '--raw', '--subdir', 'DAGS_FOLDER/account_dim_gen.py', '--cfg-path', '/tmp/tmpyy85h734']
[2025-02-08T19:00:18.536+0000] {standard_task_runner.py:105} INFO - Job 42: Subtask generate_account_dim_data
[2025-02-08T19:00:18.702+0000] {task_command.py:467} INFO - Running <TaskInstance: account_dim_gen.generate_account_dim_data scheduled__2024-10-18T00:00:00+00:00 [running]> on host 2c1cd59afcc0
[2025-02-08T19:00:18.831+0000] {taskinstance.py:3131} INFO - Exporting env vars: AIRFLOW_CTX_DAG_OWNER='Saleh' AIRFLOW_CTX_DAG_ID='account_dim_gen' AIRFLOW_CTX_TASK_ID='generate_account_dim_data' AIRFLOW_CTX_EXECUTION_DATE='2024-10-18T00:00:00+00:00' AIRFLOW_CTX_TRY_NUMBER='1' AIRFLOW_CTX_DAG_RUN_ID='scheduled__2024-10-18T00:00:00+00:00'
[2025-02-08T19:00:18.832+0000] {taskinstance.py:731} INFO - ::endgroup::
[2025-02-08T19:00:18.850+0000] {logging_mixin.py:190} INFO - CSV file ./account_dim_large_data.csv with 50 row has been generated successfully!
[2025-02-08T19:00:18.850+0000] {python.py:240} INFO - Done. Returned value was: None
[2025-02-08T19:00:18.859+0000] {taskinstance.py:340} INFO - ::group::Post task execution logs
[2025-02-08T19:00:18.859+0000] {taskinstance.py:352} INFO - Marking task as SUCCESS. dag_id=account_dim_gen, task_id=generate_account_dim_data, run_id=scheduled__2024-10-18T00:00:00+00:00, execution_date=20241018T000000, start_date=20250208T190018, end_date=20250208T190018
[2025-02-08T19:00:18.950+0000] {local_task_job_runner.py:266} INFO - Task exited with return code 0
[2025-02-08T19:00:18.965+0000] {taskinstance.py:3900} INFO - 0 downstream tasks scheduled from follow-on schedule check
[2025-02-08T19:00:18.967+0000] {local_task_job_runner.py:245} INFO - ::endgroup::
[2025-02-08T20:40:06.202+0000] {local_task_job_runner.py:123} INFO - ::group::Pre task execution logs
[2025-02-08T20:40:06.249+0000] {taskinstance.py:2612} INFO - Dependencies all met for dep_context=non-requeueable deps ti=<TaskInstance: account_dim_gen.generate_account_dim_data scheduled__2024-10-18T00:00:00+00:00 [queued]>
[2025-02-08T20:40:06.261+0000] {taskinstance.py:2612} INFO - Dependencies all met for dep_context=requeueable deps ti=<TaskInstance: account_dim_gen.generate_account_dim_data scheduled__2024-10-18T00:00:00+00:00 [queued]>
[2025-02-08T20:40:06.262+0000] {taskinstance.py:2865} INFO - Starting attempt 1 of 1
[2025-02-08T20:40:06.525+0000] {taskinstance.py:2888} INFO - Executing <Task(PythonOperator): generate_account_dim_data> on 2024-10-18 00:00:00+00:00
[2025-02-08T20:40:06.536+0000] {logging_mixin.py:190} WARNING - /home/***/.local/lib/python3.12/site-packages/***/task/task_runner/standard_task_runner.py:70 DeprecationWarning: This process (pid=988) is multi-threaded, use of fork() may lead to deadlocks in the child.
[2025-02-08T20:40:06.537+0000] {standard_task_runner.py:72} INFO - Started process 1021 to run task
[2025-02-08T20:40:06.541+0000] {standard_task_runner.py:104} INFO - Running: ['***', 'tasks', 'run', 'account_dim_gen', 'generate_account_dim_data', 'scheduled__2024-10-18T00:00:00+00:00', '--job-id', '103', '--raw', '--subdir', 'DAGS_FOLDER/account_dim_gen.py', '--cfg-path', '/tmp/tmpb3md5obr']
[2025-02-08T20:40:06.545+0000] {standard_task_runner.py:105} INFO - Job 103: Subtask generate_account_dim_data
[2025-02-08T20:40:06.639+0000] {task_command.py:467} INFO - Running <TaskInstance: account_dim_gen.generate_account_dim_data scheduled__2024-10-18T00:00:00+00:00 [running]> on host 7e959c1a2a8b
[2025-02-08T20:40:06.838+0000] {taskinstance.py:3131} INFO - Exporting env vars: AIRFLOW_CTX_DAG_OWNER='Saleh' AIRFLOW_CTX_DAG_ID='account_dim_gen' AIRFLOW_CTX_TASK_ID='generate_account_dim_data' AIRFLOW_CTX_EXECUTION_DATE='2024-10-18T00:00:00+00:00' AIRFLOW_CTX_TRY_NUMBER='1' AIRFLOW_CTX_DAG_RUN_ID='scheduled__2024-10-18T00:00:00+00:00'
[2025-02-08T20:40:06.854+0000] {taskinstance.py:731} INFO - ::endgroup::
[2025-02-08T20:40:06.884+0000] {logging_mixin.py:190} INFO - CSV file ./account_dim_large_data.csv with 50 row has been generated successfully!
[2025-02-08T20:40:06.885+0000] {python.py:240} INFO - Done. Returned value was: None
[2025-02-08T20:40:06.917+0000] {taskinstance.py:340} INFO - ::group::Post task execution logs
[2025-02-08T20:40:06.918+0000] {taskinstance.py:352} INFO - Marking task as SUCCESS. dag_id=account_dim_gen, task_id=generate_account_dim_data, run_id=scheduled__2024-10-18T00:00:00+00:00, execution_date=20241018T000000, start_date=20250208T204006, end_date=20250208T204006
[2025-02-08T20:40:07.000+0000] {local_task_job_runner.py:266} INFO - Task exited with return code 0
[2025-02-08T20:40:07.025+0000] {local_task_job_runner.py:245} INFO - ::endgroup::
