[2025-02-08T19:03:40.776+0000] {local_task_job_runner.py:123} INFO - ::group::Pre task execution logs
[2025-02-08T19:03:40.787+0000] {taskinstance.py:2612} INFO - Dependencies all met for dep_context=non-requeueable deps ti=<TaskInstance: branch_dim_gen.generate_branch_dim_data scheduled__2025-02-07T00:00:00+00:00 [queued]>
[2025-02-08T19:03:40.795+0000] {taskinstance.py:2612} INFO - Dependencies all met for dep_context=requeueable deps ti=<TaskInstance: branch_dim_gen.generate_branch_dim_data scheduled__2025-02-07T00:00:00+00:00 [queued]>
[2025-02-08T19:03:40.796+0000] {taskinstance.py:2865} INFO - Starting attempt 1 of 1
[2025-02-08T19:03:40.806+0000] {taskinstance.py:2888} INFO - Executing <Task(PythonOperator): generate_branch_dim_data> on 2025-02-07 00:00:00+00:00
[2025-02-08T19:03:40.812+0000] {logging_mixin.py:190} WARNING - /home/***/.local/lib/python3.12/site-packages/***/task/task_runner/standard_task_runner.py:70 DeprecationWarning: This process (pid=2307) is multi-threaded, use of fork() may lead to deadlocks in the child.
[2025-02-08T19:03:40.813+0000] {standard_task_runner.py:72} INFO - Started process 2317 to run task
[2025-02-08T19:03:40.813+0000] {standard_task_runner.py:104} INFO - Running: ['***', 'tasks', 'run', 'branch_dim_gen', 'generate_branch_dim_data', 'scheduled__2025-02-07T00:00:00+00:00', '--job-id', '426', '--raw', '--subdir', 'DAGS_FOLDER/brnach_dim_gen.py', '--cfg-path', '/tmp/tmpd4fx9die']
[2025-02-08T19:03:40.814+0000] {standard_task_runner.py:105} INFO - Job 426: Subtask generate_branch_dim_data
[2025-02-08T19:03:40.850+0000] {task_command.py:467} INFO - Running <TaskInstance: branch_dim_gen.generate_branch_dim_data scheduled__2025-02-07T00:00:00+00:00 [running]> on host 2c1cd59afcc0
[2025-02-08T19:03:40.910+0000] {taskinstance.py:3131} INFO - Exporting env vars: AIRFLOW_CTX_DAG_OWNER='Saleh' AIRFLOW_CTX_DAG_ID='branch_dim_gen' AIRFLOW_CTX_TASK_ID='generate_branch_dim_data' AIRFLOW_CTX_EXECUTION_DATE='2025-02-07T00:00:00+00:00' AIRFLOW_CTX_TRY_NUMBER='1' AIRFLOW_CTX_DAG_RUN_ID='scheduled__2025-02-07T00:00:00+00:00'
[2025-02-08T19:03:40.911+0000] {taskinstance.py:731} INFO - ::endgroup::
[2025-02-08T19:03:40.926+0000] {logging_mixin.py:190} INFO - CSV file './branch_dim_large_data.csv' with 50 rows has been generated successfully.
[2025-02-08T19:03:40.927+0000] {python.py:240} INFO - Done. Returned value was: None
[2025-02-08T19:03:40.933+0000] {taskinstance.py:340} INFO - ::group::Post task execution logs
[2025-02-08T19:03:40.933+0000] {taskinstance.py:352} INFO - Marking task as SUCCESS. dag_id=branch_dim_gen, task_id=generate_branch_dim_data, run_id=scheduled__2025-02-07T00:00:00+00:00, execution_date=20250207T000000, start_date=20250208T190340, end_date=20250208T190340
[2025-02-08T19:03:40.987+0000] {local_task_job_runner.py:266} INFO - Task exited with return code 0
[2025-02-08T19:03:40.999+0000] {taskinstance.py:3900} INFO - 0 downstream tasks scheduled from follow-on schedule check
[2025-02-08T19:03:41.001+0000] {local_task_job_runner.py:245} INFO - ::endgroup::
[2025-02-08T20:42:45.652+0000] {local_task_job_runner.py:123} INFO - ::group::Pre task execution logs
[2025-02-08T20:42:45.671+0000] {taskinstance.py:2612} INFO - Dependencies all met for dep_context=non-requeueable deps ti=<TaskInstance: branch_dim_gen.generate_branch_dim_data scheduled__2025-02-07T00:00:00+00:00 [queued]>
[2025-02-08T20:42:45.681+0000] {taskinstance.py:2612} INFO - Dependencies all met for dep_context=requeueable deps ti=<TaskInstance: branch_dim_gen.generate_branch_dim_data scheduled__2025-02-07T00:00:00+00:00 [queued]>
[2025-02-08T20:42:45.682+0000] {taskinstance.py:2865} INFO - Starting attempt 1 of 1
[2025-02-08T20:42:45.697+0000] {taskinstance.py:2888} INFO - Executing <Task(PythonOperator): generate_branch_dim_data> on 2025-02-07 00:00:00+00:00
[2025-02-08T20:42:45.708+0000] {logging_mixin.py:190} WARNING - /home/***/.local/lib/python3.12/site-packages/***/task/task_runner/standard_task_runner.py:70 DeprecationWarning: This process (pid=364) is multi-threaded, use of fork() may lead to deadlocks in the child.
[2025-02-08T20:42:45.710+0000] {standard_task_runner.py:72} INFO - Started process 391 to run task
[2025-02-08T20:42:45.709+0000] {standard_task_runner.py:104} INFO - Running: ['***', 'tasks', 'run', 'branch_dim_gen', 'generate_branch_dim_data', 'scheduled__2025-02-07T00:00:00+00:00', '--job-id', '406', '--raw', '--subdir', 'DAGS_FOLDER/brnach_dim_gen.py', '--cfg-path', '/tmp/tmp29wp3jm1']
[2025-02-08T20:42:45.712+0000] {standard_task_runner.py:105} INFO - Job 406: Subtask generate_branch_dim_data
[2025-02-08T20:42:45.791+0000] {task_command.py:467} INFO - Running <TaskInstance: branch_dim_gen.generate_branch_dim_data scheduled__2025-02-07T00:00:00+00:00 [running]> on host 86932746817d
[2025-02-08T20:42:45.885+0000] {taskinstance.py:3131} INFO - Exporting env vars: AIRFLOW_CTX_DAG_OWNER='Saleh' AIRFLOW_CTX_DAG_ID='branch_dim_gen' AIRFLOW_CTX_TASK_ID='generate_branch_dim_data' AIRFLOW_CTX_EXECUTION_DATE='2025-02-07T00:00:00+00:00' AIRFLOW_CTX_TRY_NUMBER='1' AIRFLOW_CTX_DAG_RUN_ID='scheduled__2025-02-07T00:00:00+00:00'
[2025-02-08T20:42:45.887+0000] {taskinstance.py:731} INFO - ::endgroup::
[2025-02-08T20:42:45.913+0000] {logging_mixin.py:190} INFO - CSV file './branch_dim_large_data.csv' with 50 rows has been generated successfully.
[2025-02-08T20:42:45.914+0000] {python.py:240} INFO - Done. Returned value was: None
[2025-02-08T20:42:45.926+0000] {taskinstance.py:340} INFO - ::group::Post task execution logs
[2025-02-08T20:42:45.926+0000] {taskinstance.py:352} INFO - Marking task as SUCCESS. dag_id=branch_dim_gen, task_id=generate_branch_dim_data, run_id=scheduled__2025-02-07T00:00:00+00:00, execution_date=20250207T000000, start_date=20250208T204245, end_date=20250208T204245
[2025-02-08T20:42:46.055+0000] {local_task_job_runner.py:266} INFO - Task exited with return code 0
[2025-02-08T20:42:46.072+0000] {taskinstance.py:3900} INFO - 0 downstream tasks scheduled from follow-on schedule check
[2025-02-08T20:42:46.074+0000] {local_task_job_runner.py:245} INFO - ::endgroup::
