[2025-02-08T19:02:38.295+0000] {local_task_job_runner.py:123} INFO - ::group::Pre task execution logs
[2025-02-08T19:02:38.309+0000] {taskinstance.py:2612} INFO - Dependencies all met for dep_context=non-requeueable deps ti=<TaskInstance: customer_dim_generator.generate_customer_dim_data scheduled__2024-11-26T00:00:00+00:00 [queued]>
[2025-02-08T19:02:38.317+0000] {taskinstance.py:2612} INFO - Dependencies all met for dep_context=requeueable deps ti=<TaskInstance: customer_dim_generator.generate_customer_dim_data scheduled__2024-11-26T00:00:00+00:00 [queued]>
[2025-02-08T19:02:38.318+0000] {taskinstance.py:2865} INFO - Starting attempt 1 of 1
[2025-02-08T19:02:38.330+0000] {taskinstance.py:2888} INFO - Executing <Task(PythonOperator): generate_customer_dim_data> on 2024-11-26 00:00:00+00:00
[2025-02-08T19:02:38.342+0000] {logging_mixin.py:190} WARNING - /home/***/.local/lib/python3.12/site-packages/***/task/task_runner/standard_task_runner.py:70 DeprecationWarning: This process (pid=1581) is multi-threaded, use of fork() may lead to deadlocks in the child.
[2025-02-08T19:02:38.343+0000] {standard_task_runner.py:72} INFO - Started process 1597 to run task
[2025-02-08T19:02:38.342+0000] {standard_task_runner.py:104} INFO - Running: ['***', 'tasks', 'run', 'customer_dim_generator', 'generate_customer_dim_data', 'scheduled__2024-11-26T00:00:00+00:00', '--job-id', '257', '--raw', '--subdir', 'DAGS_FOLDER/customer_dim_gen.py', '--cfg-path', '/tmp/tmpy14tajw8']
[2025-02-08T19:02:38.344+0000] {standard_task_runner.py:105} INFO - Job 257: Subtask generate_customer_dim_data
[2025-02-08T19:02:38.380+0000] {task_command.py:467} INFO - Running <TaskInstance: customer_dim_generator.generate_customer_dim_data scheduled__2024-11-26T00:00:00+00:00 [running]> on host 2c1cd59afcc0
[2025-02-08T19:02:38.446+0000] {taskinstance.py:3131} INFO - Exporting env vars: AIRFLOW_CTX_DAG_OWNER='Saleh' AIRFLOW_CTX_DAG_ID='customer_dim_generator' AIRFLOW_CTX_TASK_ID='generate_customer_dim_data' AIRFLOW_CTX_EXECUTION_DATE='2024-11-26T00:00:00+00:00' AIRFLOW_CTX_TRY_NUMBER='1' AIRFLOW_CTX_DAG_RUN_ID='scheduled__2024-11-26T00:00:00+00:00'
[2025-02-08T19:02:38.447+0000] {taskinstance.py:731} INFO - ::endgroup::
[2025-02-08T19:02:38.465+0000] {logging_mixin.py:190} INFO - CSV file './customer_dim_large_data.csv' with 100 rows has been generated successfully.
[2025-02-08T19:02:38.465+0000] {python.py:240} INFO - Done. Returned value was: None
[2025-02-08T19:02:38.474+0000] {taskinstance.py:340} INFO - ::group::Post task execution logs
[2025-02-08T19:02:38.475+0000] {taskinstance.py:352} INFO - Marking task as SUCCESS. dag_id=customer_dim_generator, task_id=generate_customer_dim_data, run_id=scheduled__2024-11-26T00:00:00+00:00, execution_date=20241126T000000, start_date=20250208T190238, end_date=20250208T190238
[2025-02-08T19:02:38.517+0000] {local_task_job_runner.py:266} INFO - Task exited with return code 0
[2025-02-08T19:02:38.531+0000] {taskinstance.py:3900} INFO - 0 downstream tasks scheduled from follow-on schedule check
[2025-02-08T19:02:38.533+0000] {local_task_job_runner.py:245} INFO - ::endgroup::
[2025-02-08T20:40:21.970+0000] {local_task_job_runner.py:123} INFO - ::group::Pre task execution logs
[2025-02-08T20:40:22.003+0000] {taskinstance.py:2612} INFO - Dependencies all met for dep_context=non-requeueable deps ti=<TaskInstance: customer_dim_generator.generate_customer_dim_data scheduled__2024-11-26T00:00:00+00:00 [queued]>
[2025-02-08T20:40:22.020+0000] {taskinstance.py:2612} INFO - Dependencies all met for dep_context=requeueable deps ti=<TaskInstance: customer_dim_generator.generate_customer_dim_data scheduled__2024-11-26T00:00:00+00:00 [queued]>
[2025-02-08T20:40:22.021+0000] {taskinstance.py:2865} INFO - Starting attempt 1 of 1
[2025-02-08T20:40:22.056+0000] {taskinstance.py:2888} INFO - Executing <Task(PythonOperator): generate_customer_dim_data> on 2024-11-26 00:00:00+00:00
[2025-02-08T20:40:22.075+0000] {logging_mixin.py:190} WARNING - /home/***/.local/lib/python3.12/site-packages/***/task/task_runner/standard_task_runner.py:70 DeprecationWarning: This process (pid=1212) is multi-threaded, use of fork() may lead to deadlocks in the child.
[2025-02-08T20:40:22.079+0000] {standard_task_runner.py:72} INFO - Started process 1242 to run task
[2025-02-08T20:40:22.081+0000] {standard_task_runner.py:104} INFO - Running: ['***', 'tasks', 'run', 'customer_dim_generator', 'generate_customer_dim_data', 'scheduled__2024-11-26T00:00:00+00:00', '--job-id', '153', '--raw', '--subdir', 'DAGS_FOLDER/customer_dim_gen.py', '--cfg-path', '/tmp/tmp27g6oro3']
[2025-02-08T20:40:22.085+0000] {standard_task_runner.py:105} INFO - Job 153: Subtask generate_customer_dim_data
[2025-02-08T20:40:22.231+0000] {task_command.py:467} INFO - Running <TaskInstance: customer_dim_generator.generate_customer_dim_data scheduled__2024-11-26T00:00:00+00:00 [running]> on host 7e959c1a2a8b
[2025-02-08T20:40:22.436+0000] {taskinstance.py:3131} INFO - Exporting env vars: AIRFLOW_CTX_DAG_OWNER='Saleh' AIRFLOW_CTX_DAG_ID='customer_dim_generator' AIRFLOW_CTX_TASK_ID='generate_customer_dim_data' AIRFLOW_CTX_EXECUTION_DATE='2024-11-26T00:00:00+00:00' AIRFLOW_CTX_TRY_NUMBER='1' AIRFLOW_CTX_DAG_RUN_ID='scheduled__2024-11-26T00:00:00+00:00'
[2025-02-08T20:40:22.440+0000] {taskinstance.py:731} INFO - ::endgroup::
[2025-02-08T20:40:22.470+0000] {logging_mixin.py:190} INFO - CSV file './customer_dim_large_data.csv' with 100 rows has been generated successfully.
[2025-02-08T20:40:22.471+0000] {python.py:240} INFO - Done. Returned value was: None
[2025-02-08T20:40:22.483+0000] {taskinstance.py:340} INFO - ::group::Post task execution logs
[2025-02-08T20:40:22.486+0000] {taskinstance.py:352} INFO - Marking task as SUCCESS. dag_id=customer_dim_generator, task_id=generate_customer_dim_data, run_id=scheduled__2024-11-26T00:00:00+00:00, execution_date=20241126T000000, start_date=20250208T204022, end_date=20250208T204022
[2025-02-08T20:40:22.518+0000] {local_task_job_runner.py:266} INFO - Task exited with return code 0
[2025-02-08T20:40:22.543+0000] {local_task_job_runner.py:245} INFO - ::endgroup::
[2025-02-08T20:43:12.048+0000] {local_task_job_runner.py:123} INFO - ::group::Pre task execution logs
[2025-02-08T20:43:12.069+0000] {taskinstance.py:2612} INFO - Dependencies all met for dep_context=non-requeueable deps ti=<TaskInstance: customer_dim_generator.generate_customer_dim_data scheduled__2024-11-26T00:00:00+00:00 [queued]>
[2025-02-08T20:43:12.077+0000] {taskinstance.py:2612} INFO - Dependencies all met for dep_context=requeueable deps ti=<TaskInstance: customer_dim_generator.generate_customer_dim_data scheduled__2024-11-26T00:00:00+00:00 [queued]>
[2025-02-08T20:43:12.078+0000] {taskinstance.py:2865} INFO - Starting attempt 1 of 1
[2025-02-08T20:43:12.172+0000] {taskinstance.py:2888} INFO - Executing <Task(PythonOperator): generate_customer_dim_data> on 2024-11-26 00:00:00+00:00
[2025-02-08T20:43:12.181+0000] {logging_mixin.py:190} WARNING - /home/***/.local/lib/python3.12/site-packages/***/task/task_runner/standard_task_runner.py:70 DeprecationWarning: This process (pid=593) is multi-threaded, use of fork() may lead to deadlocks in the child.
[2025-02-08T20:43:12.182+0000] {standard_task_runner.py:72} INFO - Started process 613 to run task
[2025-02-08T20:43:12.181+0000] {standard_task_runner.py:104} INFO - Running: ['***', 'tasks', 'run', 'customer_dim_generator', 'generate_customer_dim_data', 'scheduled__2024-11-26T00:00:00+00:00', '--job-id', '455', '--raw', '--subdir', 'DAGS_FOLDER/customer_dim_gen.py', '--cfg-path', '/tmp/tmpeedc47y6']
[2025-02-08T20:43:12.183+0000] {standard_task_runner.py:105} INFO - Job 455: Subtask generate_customer_dim_data
[2025-02-08T20:43:12.229+0000] {task_command.py:467} INFO - Running <TaskInstance: customer_dim_generator.generate_customer_dim_data scheduled__2024-11-26T00:00:00+00:00 [running]> on host 86932746817d
[2025-02-08T20:43:12.322+0000] {taskinstance.py:3131} INFO - Exporting env vars: AIRFLOW_CTX_DAG_OWNER='Saleh' AIRFLOW_CTX_DAG_ID='customer_dim_generator' AIRFLOW_CTX_TASK_ID='generate_customer_dim_data' AIRFLOW_CTX_EXECUTION_DATE='2024-11-26T00:00:00+00:00' AIRFLOW_CTX_TRY_NUMBER='1' AIRFLOW_CTX_DAG_RUN_ID='scheduled__2024-11-26T00:00:00+00:00'
[2025-02-08T20:43:12.324+0000] {taskinstance.py:731} INFO - ::endgroup::
[2025-02-08T20:43:12.353+0000] {logging_mixin.py:190} INFO - CSV file './customer_dim_large_data.csv' with 100 rows has been generated successfully.
[2025-02-08T20:43:12.355+0000] {python.py:240} INFO - Done. Returned value was: None
[2025-02-08T20:43:12.364+0000] {taskinstance.py:340} INFO - ::group::Post task execution logs
[2025-02-08T20:43:12.365+0000] {taskinstance.py:352} INFO - Marking task as SUCCESS. dag_id=customer_dim_generator, task_id=generate_customer_dim_data, run_id=scheduled__2024-11-26T00:00:00+00:00, execution_date=20241126T000000, start_date=20250208T204312, end_date=20250208T204312
[2025-02-08T20:43:12.397+0000] {local_task_job_runner.py:266} INFO - Task exited with return code 0
[2025-02-08T20:43:12.406+0000] {local_task_job_runner.py:245} INFO - ::endgroup::
