[2025-02-08T19:03:34.127+0000] {local_task_job_runner.py:123} INFO - ::group::Pre task execution logs
[2025-02-08T19:03:34.145+0000] {taskinstance.py:2612} INFO - Dependencies all met for dep_context=non-requeueable deps ti=<TaskInstance: branch_dim_gen.generate_branch_dim_data scheduled__2025-01-29T00:00:00+00:00 [queued]>
[2025-02-08T19:03:34.154+0000] {taskinstance.py:2612} INFO - Dependencies all met for dep_context=requeueable deps ti=<TaskInstance: branch_dim_gen.generate_branch_dim_data scheduled__2025-01-29T00:00:00+00:00 [queued]>
[2025-02-08T19:03:34.155+0000] {taskinstance.py:2865} INFO - Starting attempt 1 of 1
[2025-02-08T19:03:34.189+0000] {taskinstance.py:2888} INFO - Executing <Task(PythonOperator): generate_branch_dim_data> on 2025-01-29 00:00:00+00:00
[2025-02-08T19:03:34.199+0000] {logging_mixin.py:190} WARNING - /home/***/.local/lib/python3.12/site-packages/***/task/task_runner/standard_task_runner.py:70 DeprecationWarning: This process (pid=2263) is multi-threaded, use of fork() may lead to deadlocks in the child.
[2025-02-08T19:03:34.200+0000] {standard_task_runner.py:72} INFO - Started process 2283 to run task
[2025-02-08T19:03:34.199+0000] {standard_task_runner.py:104} INFO - Running: ['***', 'tasks', 'run', 'branch_dim_gen', 'generate_branch_dim_data', 'scheduled__2025-01-29T00:00:00+00:00', '--job-id', '417', '--raw', '--subdir', 'DAGS_FOLDER/brnach_dim_gen.py', '--cfg-path', '/tmp/tmp5p0nn1ap']
[2025-02-08T19:03:34.201+0000] {standard_task_runner.py:105} INFO - Job 417: Subtask generate_branch_dim_data
[2025-02-08T19:03:34.243+0000] {task_command.py:467} INFO - Running <TaskInstance: branch_dim_gen.generate_branch_dim_data scheduled__2025-01-29T00:00:00+00:00 [running]> on host 2c1cd59afcc0
[2025-02-08T19:03:34.321+0000] {taskinstance.py:3131} INFO - Exporting env vars: AIRFLOW_CTX_DAG_OWNER='Saleh' AIRFLOW_CTX_DAG_ID='branch_dim_gen' AIRFLOW_CTX_TASK_ID='generate_branch_dim_data' AIRFLOW_CTX_EXECUTION_DATE='2025-01-29T00:00:00+00:00' AIRFLOW_CTX_TRY_NUMBER='1' AIRFLOW_CTX_DAG_RUN_ID='scheduled__2025-01-29T00:00:00+00:00'
[2025-02-08T19:03:34.323+0000] {taskinstance.py:731} INFO - ::endgroup::
[2025-02-08T19:03:34.340+0000] {logging_mixin.py:190} INFO - CSV file './branch_dim_large_data.csv' with 50 rows has been generated successfully.
[2025-02-08T19:03:34.341+0000] {python.py:240} INFO - Done. Returned value was: None
[2025-02-08T19:03:34.349+0000] {taskinstance.py:340} INFO - ::group::Post task execution logs
[2025-02-08T19:03:34.350+0000] {taskinstance.py:352} INFO - Marking task as SUCCESS. dag_id=branch_dim_gen, task_id=generate_branch_dim_data, run_id=scheduled__2025-01-29T00:00:00+00:00, execution_date=20250129T000000, start_date=20250208T190334, end_date=20250208T190334
[2025-02-08T19:03:34.374+0000] {local_task_job_runner.py:266} INFO - Task exited with return code 0
[2025-02-08T19:03:34.389+0000] {taskinstance.py:3900} INFO - 0 downstream tasks scheduled from follow-on schedule check
[2025-02-08T19:03:34.391+0000] {local_task_job_runner.py:245} INFO - ::endgroup::
[2025-02-08T20:42:36.130+0000] {local_task_job_runner.py:123} INFO - ::group::Pre task execution logs
[2025-02-08T20:42:36.144+0000] {taskinstance.py:2612} INFO - Dependencies all met for dep_context=non-requeueable deps ti=<TaskInstance: branch_dim_gen.generate_branch_dim_data scheduled__2025-01-29T00:00:00+00:00 [queued]>
[2025-02-08T20:42:36.153+0000] {taskinstance.py:2612} INFO - Dependencies all met for dep_context=requeueable deps ti=<TaskInstance: branch_dim_gen.generate_branch_dim_data scheduled__2025-01-29T00:00:00+00:00 [queued]>
[2025-02-08T20:42:36.154+0000] {taskinstance.py:2865} INFO - Starting attempt 1 of 1
[2025-02-08T20:42:36.166+0000] {taskinstance.py:2888} INFO - Executing <Task(PythonOperator): generate_branch_dim_data> on 2025-01-29 00:00:00+00:00
[2025-02-08T20:42:36.174+0000] {standard_task_runner.py:104} INFO - Running: ['***', 'tasks', 'run', 'branch_dim_gen', 'generate_branch_dim_data', 'scheduled__2025-01-29T00:00:00+00:00', '--job-id', '384', '--raw', '--subdir', 'DAGS_FOLDER/brnach_dim_gen.py', '--cfg-path', '/tmp/tmpm51suko7']
[2025-02-08T20:42:36.177+0000] {standard_task_runner.py:105} INFO - Job 384: Subtask generate_branch_dim_data
[2025-02-08T20:42:36.178+0000] {logging_mixin.py:190} WARNING - /home/***/.local/lib/python3.12/site-packages/***/task/task_runner/standard_task_runner.py:70 DeprecationWarning: This process (pid=280) is multi-threaded, use of fork() may lead to deadlocks in the child.
[2025-02-08T20:42:36.178+0000] {standard_task_runner.py:72} INFO - Started process 294 to run task
[2025-02-08T20:42:36.216+0000] {task_command.py:467} INFO - Running <TaskInstance: branch_dim_gen.generate_branch_dim_data scheduled__2025-01-29T00:00:00+00:00 [running]> on host 86932746817d
[2025-02-08T20:42:36.291+0000] {taskinstance.py:3131} INFO - Exporting env vars: AIRFLOW_CTX_DAG_OWNER='Saleh' AIRFLOW_CTX_DAG_ID='branch_dim_gen' AIRFLOW_CTX_TASK_ID='generate_branch_dim_data' AIRFLOW_CTX_EXECUTION_DATE='2025-01-29T00:00:00+00:00' AIRFLOW_CTX_TRY_NUMBER='1' AIRFLOW_CTX_DAG_RUN_ID='scheduled__2025-01-29T00:00:00+00:00'
[2025-02-08T20:42:36.293+0000] {taskinstance.py:731} INFO - ::endgroup::
[2025-02-08T20:42:36.316+0000] {logging_mixin.py:190} INFO - CSV file './branch_dim_large_data.csv' with 50 rows has been generated successfully.
[2025-02-08T20:42:36.317+0000] {python.py:240} INFO - Done. Returned value was: None
[2025-02-08T20:42:36.325+0000] {taskinstance.py:340} INFO - ::group::Post task execution logs
[2025-02-08T20:42:36.325+0000] {taskinstance.py:352} INFO - Marking task as SUCCESS. dag_id=branch_dim_gen, task_id=generate_branch_dim_data, run_id=scheduled__2025-01-29T00:00:00+00:00, execution_date=20250129T000000, start_date=20250208T204236, end_date=20250208T204236
[2025-02-08T20:42:36.353+0000] {local_task_job_runner.py:266} INFO - Task exited with return code 0
[2025-02-08T20:42:36.369+0000] {taskinstance.py:3900} INFO - 0 downstream tasks scheduled from follow-on schedule check
[2025-02-08T20:42:36.371+0000] {local_task_job_runner.py:245} INFO - ::endgroup::
