[2025-02-08T19:01:19.273+0000] {local_task_job_runner.py:123} INFO - ::group::Pre task execution logs
[2025-02-08T19:01:19.287+0000] {taskinstance.py:2612} INFO - Dependencies all met for dep_context=non-requeueable deps ti=<TaskInstance: account_dim_gen.generate_account_dim_data scheduled__2025-02-04T00:00:00+00:00 [queued]>
[2025-02-08T19:01:19.296+0000] {taskinstance.py:2612} INFO - Dependencies all met for dep_context=requeueable deps ti=<TaskInstance: account_dim_gen.generate_account_dim_data scheduled__2025-02-04T00:00:00+00:00 [queued]>
[2025-02-08T19:01:19.296+0000] {taskinstance.py:2865} INFO - Starting attempt 1 of 1
[2025-02-08T19:01:19.308+0000] {taskinstance.py:2888} INFO - Executing <Task(PythonOperator): generate_account_dim_data> on 2025-02-04 00:00:00+00:00
[2025-02-08T19:01:19.315+0000] {logging_mixin.py:190} WARNING - /home/***/.local/lib/python3.12/site-packages/***/task/task_runner/standard_task_runner.py:70 DeprecationWarning: This process (pid=1101) is multi-threaded, use of fork() may lead to deadlocks in the child.
[2025-02-08T19:01:19.316+0000] {standard_task_runner.py:72} INFO - Started process 1121 to run task
[2025-02-08T19:01:19.315+0000] {standard_task_runner.py:104} INFO - Running: ['***', 'tasks', 'run', 'account_dim_gen', 'generate_account_dim_data', 'scheduled__2025-02-04T00:00:00+00:00', '--job-id', '151', '--raw', '--subdir', 'DAGS_FOLDER/account_dim_gen.py', '--cfg-path', '/tmp/tmpw7o0ugdg']
[2025-02-08T19:01:19.317+0000] {standard_task_runner.py:105} INFO - Job 151: Subtask generate_account_dim_data
[2025-02-08T19:01:19.354+0000] {task_command.py:467} INFO - Running <TaskInstance: account_dim_gen.generate_account_dim_data scheduled__2025-02-04T00:00:00+00:00 [running]> on host 2c1cd59afcc0
[2025-02-08T19:01:19.428+0000] {taskinstance.py:3131} INFO - Exporting env vars: AIRFLOW_CTX_DAG_OWNER='Saleh' AIRFLOW_CTX_DAG_ID='account_dim_gen' AIRFLOW_CTX_TASK_ID='generate_account_dim_data' AIRFLOW_CTX_EXECUTION_DATE='2025-02-04T00:00:00+00:00' AIRFLOW_CTX_TRY_NUMBER='1' AIRFLOW_CTX_DAG_RUN_ID='scheduled__2025-02-04T00:00:00+00:00'
[2025-02-08T19:01:19.429+0000] {taskinstance.py:731} INFO - ::endgroup::
[2025-02-08T19:01:19.444+0000] {logging_mixin.py:190} INFO - CSV file ./account_dim_large_data.csv with 50 row has been generated successfully!
[2025-02-08T19:01:19.444+0000] {python.py:240} INFO - Done. Returned value was: None
[2025-02-08T19:01:19.451+0000] {taskinstance.py:340} INFO - ::group::Post task execution logs
[2025-02-08T19:01:19.451+0000] {taskinstance.py:352} INFO - Marking task as SUCCESS. dag_id=account_dim_gen, task_id=generate_account_dim_data, run_id=scheduled__2025-02-04T00:00:00+00:00, execution_date=20250204T000000, start_date=20250208T190119, end_date=20250208T190119
[2025-02-08T19:01:19.491+0000] {local_task_job_runner.py:266} INFO - Task exited with return code 0
[2025-02-08T19:01:19.503+0000] {taskinstance.py:3900} INFO - 0 downstream tasks scheduled from follow-on schedule check
[2025-02-08T19:01:19.505+0000] {local_task_job_runner.py:245} INFO - ::endgroup::
[2025-02-08T20:42:45.388+0000] {local_task_job_runner.py:123} INFO - ::group::Pre task execution logs
[2025-02-08T20:42:45.409+0000] {taskinstance.py:2612} INFO - Dependencies all met for dep_context=non-requeueable deps ti=<TaskInstance: account_dim_gen.generate_account_dim_data scheduled__2025-02-04T00:00:00+00:00 [queued]>
[2025-02-08T20:42:45.424+0000] {taskinstance.py:2612} INFO - Dependencies all met for dep_context=requeueable deps ti=<TaskInstance: account_dim_gen.generate_account_dim_data scheduled__2025-02-04T00:00:00+00:00 [queued]>
[2025-02-08T20:42:45.425+0000] {taskinstance.py:2865} INFO - Starting attempt 1 of 1
[2025-02-08T20:42:45.448+0000] {taskinstance.py:2888} INFO - Executing <Task(PythonOperator): generate_account_dim_data> on 2025-02-04 00:00:00+00:00
[2025-02-08T20:42:45.458+0000] {logging_mixin.py:190} WARNING - /home/***/.local/lib/python3.12/site-packages/***/task/task_runner/standard_task_runner.py:70 DeprecationWarning: This process (pid=353) is multi-threaded, use of fork() may lead to deadlocks in the child.
[2025-02-08T20:42:45.459+0000] {standard_task_runner.py:72} INFO - Started process 381 to run task
[2025-02-08T20:42:45.461+0000] {standard_task_runner.py:104} INFO - Running: ['***', 'tasks', 'run', 'account_dim_gen', 'generate_account_dim_data', 'scheduled__2025-02-04T00:00:00+00:00', '--job-id', '403', '--raw', '--subdir', 'DAGS_FOLDER/account_dim_gen.py', '--cfg-path', '/tmp/tmpp7o0n4g8']
[2025-02-08T20:42:45.464+0000] {standard_task_runner.py:105} INFO - Job 403: Subtask generate_account_dim_data
[2025-02-08T20:42:45.544+0000] {task_command.py:467} INFO - Running <TaskInstance: account_dim_gen.generate_account_dim_data scheduled__2025-02-04T00:00:00+00:00 [running]> on host 86932746817d
[2025-02-08T20:42:45.651+0000] {taskinstance.py:3131} INFO - Exporting env vars: AIRFLOW_CTX_DAG_OWNER='Saleh' AIRFLOW_CTX_DAG_ID='account_dim_gen' AIRFLOW_CTX_TASK_ID='generate_account_dim_data' AIRFLOW_CTX_EXECUTION_DATE='2025-02-04T00:00:00+00:00' AIRFLOW_CTX_TRY_NUMBER='1' AIRFLOW_CTX_DAG_RUN_ID='scheduled__2025-02-04T00:00:00+00:00'
[2025-02-08T20:42:45.652+0000] {taskinstance.py:731} INFO - ::endgroup::
[2025-02-08T20:42:45.675+0000] {logging_mixin.py:190} INFO - CSV file ./account_dim_large_data.csv with 50 row has been generated successfully!
[2025-02-08T20:42:45.676+0000] {python.py:240} INFO - Done. Returned value was: None
[2025-02-08T20:42:45.689+0000] {taskinstance.py:340} INFO - ::group::Post task execution logs
[2025-02-08T20:42:45.689+0000] {taskinstance.py:352} INFO - Marking task as SUCCESS. dag_id=account_dim_gen, task_id=generate_account_dim_data, run_id=scheduled__2025-02-04T00:00:00+00:00, execution_date=20250204T000000, start_date=20250208T204245, end_date=20250208T204245
[2025-02-08T20:42:45.717+0000] {local_task_job_runner.py:266} INFO - Task exited with return code 0
[2025-02-08T20:42:45.737+0000] {taskinstance.py:3900} INFO - 0 downstream tasks scheduled from follow-on schedule check
[2025-02-08T20:42:45.744+0000] {local_task_job_runner.py:245} INFO - ::endgroup::
