[2025-02-08T19:03:09.669+0000] {local_task_job_runner.py:123} INFO - ::group::Pre task execution logs
[2025-02-08T19:03:09.683+0000] {taskinstance.py:2612} INFO - Dependencies all met for dep_context=non-requeueable deps ti=<TaskInstance: branch_dim_gen.generate_branch_dim_data scheduled__2024-12-22T00:00:00+00:00 [queued]>
[2025-02-08T19:03:09.690+0000] {taskinstance.py:2612} INFO - Dependencies all met for dep_context=requeueable deps ti=<TaskInstance: branch_dim_gen.generate_branch_dim_data scheduled__2024-12-22T00:00:00+00:00 [queued]>
[2025-02-08T19:03:09.691+0000] {taskinstance.py:2865} INFO - Starting attempt 1 of 1
[2025-02-08T19:03:09.703+0000] {taskinstance.py:2888} INFO - Executing <Task(PythonOperator): generate_branch_dim_data> on 2024-12-22 00:00:00+00:00
[2025-02-08T19:03:09.711+0000] {logging_mixin.py:190} WARNING - /home/***/.local/lib/python3.12/site-packages/***/task/task_runner/standard_task_runner.py:70 DeprecationWarning: This process (pid=1987) is multi-threaded, use of fork() may lead to deadlocks in the child.
[2025-02-08T19:03:09.712+0000] {standard_task_runner.py:72} INFO - Started process 2005 to run task
[2025-02-08T19:03:09.712+0000] {standard_task_runner.py:104} INFO - Running: ['***', 'tasks', 'run', 'branch_dim_gen', 'generate_branch_dim_data', 'scheduled__2024-12-22T00:00:00+00:00', '--job-id', '354', '--raw', '--subdir', 'DAGS_FOLDER/brnach_dim_gen.py', '--cfg-path', '/tmp/tmpznc1ce_2']
[2025-02-08T19:03:09.713+0000] {standard_task_runner.py:105} INFO - Job 354: Subtask generate_branch_dim_data
[2025-02-08T19:03:09.748+0000] {task_command.py:467} INFO - Running <TaskInstance: branch_dim_gen.generate_branch_dim_data scheduled__2024-12-22T00:00:00+00:00 [running]> on host 2c1cd59afcc0
[2025-02-08T19:03:09.813+0000] {taskinstance.py:3131} INFO - Exporting env vars: AIRFLOW_CTX_DAG_OWNER='Saleh' AIRFLOW_CTX_DAG_ID='branch_dim_gen' AIRFLOW_CTX_TASK_ID='generate_branch_dim_data' AIRFLOW_CTX_EXECUTION_DATE='2024-12-22T00:00:00+00:00' AIRFLOW_CTX_TRY_NUMBER='1' AIRFLOW_CTX_DAG_RUN_ID='scheduled__2024-12-22T00:00:00+00:00'
[2025-02-08T19:03:09.814+0000] {taskinstance.py:731} INFO - ::endgroup::
[2025-02-08T19:03:09.829+0000] {logging_mixin.py:190} INFO - CSV file './branch_dim_large_data.csv' with 50 rows has been generated successfully.
[2025-02-08T19:03:09.829+0000] {python.py:240} INFO - Done. Returned value was: None
[2025-02-08T19:03:09.836+0000] {taskinstance.py:340} INFO - ::group::Post task execution logs
[2025-02-08T19:03:09.837+0000] {taskinstance.py:352} INFO - Marking task as SUCCESS. dag_id=branch_dim_gen, task_id=generate_branch_dim_data, run_id=scheduled__2024-12-22T00:00:00+00:00, execution_date=20241222T000000, start_date=20250208T190309, end_date=20250208T190309
[2025-02-08T19:03:09.887+0000] {local_task_job_runner.py:266} INFO - Task exited with return code 0
[2025-02-08T19:03:09.899+0000] {taskinstance.py:3900} INFO - 0 downstream tasks scheduled from follow-on schedule check
[2025-02-08T19:03:09.901+0000] {local_task_job_runner.py:245} INFO - ::endgroup::
[2025-02-08T20:41:00.891+0000] {local_task_job_runner.py:123} INFO - ::group::Pre task execution logs
[2025-02-08T20:41:00.911+0000] {taskinstance.py:2612} INFO - Dependencies all met for dep_context=non-requeueable deps ti=<TaskInstance: branch_dim_gen.generate_branch_dim_data scheduled__2024-12-22T00:00:00+00:00 [queued]>
[2025-02-08T20:41:00.923+0000] {taskinstance.py:2612} INFO - Dependencies all met for dep_context=requeueable deps ti=<TaskInstance: branch_dim_gen.generate_branch_dim_data scheduled__2024-12-22T00:00:00+00:00 [queued]>
[2025-02-08T20:41:00.925+0000] {taskinstance.py:2865} INFO - Starting attempt 1 of 1
[2025-02-08T20:41:00.946+0000] {taskinstance.py:2888} INFO - Executing <Task(PythonOperator): generate_branch_dim_data> on 2024-12-22 00:00:00+00:00
[2025-02-08T20:41:00.963+0000] {logging_mixin.py:190} WARNING - /home/***/.local/lib/python3.12/site-packages/***/task/task_runner/standard_task_runner.py:70 DeprecationWarning: This process (pid=1847) is multi-threaded, use of fork() may lead to deadlocks in the child.
[2025-02-08T20:41:00.965+0000] {standard_task_runner.py:72} INFO - Started process 1873 to run task
[2025-02-08T20:41:00.964+0000] {standard_task_runner.py:104} INFO - Running: ['***', 'tasks', 'run', 'branch_dim_gen', 'generate_branch_dim_data', 'scheduled__2024-12-22T00:00:00+00:00', '--job-id', '300', '--raw', '--subdir', 'DAGS_FOLDER/brnach_dim_gen.py', '--cfg-path', '/tmp/tmpjv8hstjn']
[2025-02-08T20:41:00.977+0000] {standard_task_runner.py:105} INFO - Job 300: Subtask generate_branch_dim_data
[2025-02-08T20:41:01.095+0000] {task_command.py:467} INFO - Running <TaskInstance: branch_dim_gen.generate_branch_dim_data scheduled__2024-12-22T00:00:00+00:00 [running]> on host 7e959c1a2a8b
[2025-02-08T20:41:01.270+0000] {taskinstance.py:3131} INFO - Exporting env vars: AIRFLOW_CTX_DAG_OWNER='Saleh' AIRFLOW_CTX_DAG_ID='branch_dim_gen' AIRFLOW_CTX_TASK_ID='generate_branch_dim_data' AIRFLOW_CTX_EXECUTION_DATE='2024-12-22T00:00:00+00:00' AIRFLOW_CTX_TRY_NUMBER='1' AIRFLOW_CTX_DAG_RUN_ID='scheduled__2024-12-22T00:00:00+00:00'
[2025-02-08T20:41:01.274+0000] {taskinstance.py:731} INFO - ::endgroup::
[2025-02-08T20:41:01.308+0000] {logging_mixin.py:190} INFO - CSV file './branch_dim_large_data.csv' with 50 rows has been generated successfully.
[2025-02-08T20:41:01.322+0000] {python.py:240} INFO - Done. Returned value was: None
[2025-02-08T20:41:01.332+0000] {taskinstance.py:340} INFO - ::group::Post task execution logs
[2025-02-08T20:41:01.333+0000] {taskinstance.py:352} INFO - Marking task as SUCCESS. dag_id=branch_dim_gen, task_id=generate_branch_dim_data, run_id=scheduled__2024-12-22T00:00:00+00:00, execution_date=20241222T000000, start_date=20250208T204100, end_date=20250208T204101
[2025-02-08T20:41:01.397+0000] {local_task_job_runner.py:266} INFO - Task exited with return code 0
[2025-02-08T20:41:01.462+0000] {taskinstance.py:3900} INFO - 0 downstream tasks scheduled from follow-on schedule check
[2025-02-08T20:41:01.465+0000] {local_task_job_runner.py:245} INFO - ::endgroup::
