[2025-02-08T19:00:02.235+0000] {local_task_job_runner.py:123} INFO - ::group::Pre task execution logs
[2025-02-08T19:00:02.263+0000] {taskinstance.py:2612} INFO - Dependencies all met for dep_context=non-requeueable deps ti=<TaskInstance: account_dim_gen.generate_account_dim_data scheduled__2024-09-29T00:00:00+00:00 [queued]>
[2025-02-08T19:00:02.278+0000] {taskinstance.py:2612} INFO - Dependencies all met for dep_context=requeueable deps ti=<TaskInstance: account_dim_gen.generate_account_dim_data scheduled__2024-09-29T00:00:00+00:00 [queued]>
[2025-02-08T19:00:02.279+0000] {taskinstance.py:2865} INFO - Starting attempt 1 of 1
[2025-02-08T19:00:02.298+0000] {taskinstance.py:2888} INFO - Executing <Task(PythonOperator): generate_account_dim_data> on 2024-09-29 00:00:00+00:00
[2025-02-08T19:00:02.352+0000] {standard_task_runner.py:104} INFO - Running: ['***', 'tasks', 'run', 'account_dim_gen', 'generate_account_dim_data', 'scheduled__2024-09-29T00:00:00+00:00', '--job-id', '20', '--raw', '--subdir', 'DAGS_FOLDER/account_dim_gen.py', '--cfg-path', '/tmp/tmpx_jiifvh']
[2025-02-08T19:00:02.357+0000] {standard_task_runner.py:105} INFO - Job 20: Subtask generate_account_dim_data
[2025-02-08T19:00:02.361+0000] {logging_mixin.py:190} WARNING - /home/***/.local/lib/python3.12/site-packages/***/task/task_runner/standard_task_runner.py:70 DeprecationWarning: This process (pid=507) is multi-threaded, use of fork() may lead to deadlocks in the child.
[2025-02-08T19:00:02.364+0000] {standard_task_runner.py:72} INFO - Started process 527 to run task
[2025-02-08T19:00:02.599+0000] {task_command.py:467} INFO - Running <TaskInstance: account_dim_gen.generate_account_dim_data scheduled__2024-09-29T00:00:00+00:00 [running]> on host 2c1cd59afcc0
[2025-02-08T19:00:02.820+0000] {taskinstance.py:3131} INFO - Exporting env vars: AIRFLOW_CTX_DAG_OWNER='Saleh' AIRFLOW_CTX_DAG_ID='account_dim_gen' AIRFLOW_CTX_TASK_ID='generate_account_dim_data' AIRFLOW_CTX_EXECUTION_DATE='2024-09-29T00:00:00+00:00' AIRFLOW_CTX_TRY_NUMBER='1' AIRFLOW_CTX_DAG_RUN_ID='scheduled__2024-09-29T00:00:00+00:00'
[2025-02-08T19:00:02.824+0000] {taskinstance.py:731} INFO - ::endgroup::
[2025-02-08T19:00:02.892+0000] {logging_mixin.py:190} INFO - CSV file ./account_dim_large_data.csv with 50 row has been generated successfully!
[2025-02-08T19:00:02.892+0000] {python.py:240} INFO - Done. Returned value was: None
[2025-02-08T19:00:02.914+0000] {taskinstance.py:340} INFO - ::group::Post task execution logs
[2025-02-08T19:00:02.914+0000] {taskinstance.py:352} INFO - Marking task as SUCCESS. dag_id=account_dim_gen, task_id=generate_account_dim_data, run_id=scheduled__2024-09-29T00:00:00+00:00, execution_date=20240929T000000, start_date=20250208T190002, end_date=20250208T190002
[2025-02-08T19:00:02.943+0000] {local_task_job_runner.py:266} INFO - Task exited with return code 0
[2025-02-08T19:00:02.961+0000] {taskinstance.py:3900} INFO - 0 downstream tasks scheduled from follow-on schedule check
[2025-02-08T19:00:02.964+0000] {local_task_job_runner.py:245} INFO - ::endgroup::
[2025-02-08T20:39:44.552+0000] {local_task_job_runner.py:123} INFO - ::group::Pre task execution logs
[2025-02-08T20:39:44.586+0000] {taskinstance.py:2612} INFO - Dependencies all met for dep_context=non-requeueable deps ti=<TaskInstance: account_dim_gen.generate_account_dim_data scheduled__2024-09-29T00:00:00+00:00 [queued]>
[2025-02-08T20:39:44.596+0000] {taskinstance.py:2612} INFO - Dependencies all met for dep_context=requeueable deps ti=<TaskInstance: account_dim_gen.generate_account_dim_data scheduled__2024-09-29T00:00:00+00:00 [queued]>
[2025-02-08T20:39:44.597+0000] {taskinstance.py:2865} INFO - Starting attempt 1 of 1
[2025-02-08T20:39:44.617+0000] {taskinstance.py:2888} INFO - Executing <Task(PythonOperator): generate_account_dim_data> on 2024-09-29 00:00:00+00:00
[2025-02-08T20:39:44.630+0000] {logging_mixin.py:190} WARNING - /home/***/.local/lib/python3.12/site-packages/***/task/task_runner/standard_task_runner.py:70 DeprecationWarning: This process (pid=728) is multi-threaded, use of fork() may lead to deadlocks in the child.
[2025-02-08T20:39:44.631+0000] {standard_task_runner.py:72} INFO - Started process 753 to run task
[2025-02-08T20:39:44.630+0000] {standard_task_runner.py:104} INFO - Running: ['***', 'tasks', 'run', 'account_dim_gen', 'generate_account_dim_data', 'scheduled__2024-09-29T00:00:00+00:00', '--job-id', '35', '--raw', '--subdir', 'DAGS_FOLDER/account_dim_gen.py', '--cfg-path', '/tmp/tmp1vbjm04w']
[2025-02-08T20:39:44.632+0000] {standard_task_runner.py:105} INFO - Job 35: Subtask generate_account_dim_data
[2025-02-08T20:39:44.710+0000] {task_command.py:467} INFO - Running <TaskInstance: account_dim_gen.generate_account_dim_data scheduled__2024-09-29T00:00:00+00:00 [running]> on host 7e959c1a2a8b
[2025-02-08T20:39:44.889+0000] {taskinstance.py:3131} INFO - Exporting env vars: AIRFLOW_CTX_DAG_OWNER='Saleh' AIRFLOW_CTX_DAG_ID='account_dim_gen' AIRFLOW_CTX_TASK_ID='generate_account_dim_data' AIRFLOW_CTX_EXECUTION_DATE='2024-09-29T00:00:00+00:00' AIRFLOW_CTX_TRY_NUMBER='1' AIRFLOW_CTX_DAG_RUN_ID='scheduled__2024-09-29T00:00:00+00:00'
[2025-02-08T20:39:44.894+0000] {taskinstance.py:731} INFO - ::endgroup::
[2025-02-08T20:39:44.934+0000] {logging_mixin.py:190} INFO - CSV file ./account_dim_large_data.csv with 50 row has been generated successfully!
[2025-02-08T20:39:44.951+0000] {python.py:240} INFO - Done. Returned value was: None
[2025-02-08T20:39:44.969+0000] {taskinstance.py:340} INFO - ::group::Post task execution logs
[2025-02-08T20:39:44.970+0000] {taskinstance.py:352} INFO - Marking task as SUCCESS. dag_id=account_dim_gen, task_id=generate_account_dim_data, run_id=scheduled__2024-09-29T00:00:00+00:00, execution_date=20240929T000000, start_date=20250208T203944, end_date=20250208T203944
[2025-02-08T20:39:45.010+0000] {local_task_job_runner.py:266} INFO - Task exited with return code 0
[2025-02-08T20:39:45.037+0000] {taskinstance.py:3900} INFO - 0 downstream tasks scheduled from follow-on schedule check
[2025-02-08T20:39:45.056+0000] {local_task_job_runner.py:245} INFO - ::endgroup::
