[2025-02-08T19:02:37.311+0000] {local_task_job_runner.py:123} INFO - ::group::Pre task execution logs
[2025-02-08T19:02:37.330+0000] {taskinstance.py:2612} INFO - Dependencies all met for dep_context=non-requeueable deps ti=<TaskInstance: customer_dim_generator.generate_customer_dim_data scheduled__2024-11-22T00:00:00+00:00 [queued]>
[2025-02-08T19:02:37.339+0000] {taskinstance.py:2612} INFO - Dependencies all met for dep_context=requeueable deps ti=<TaskInstance: customer_dim_generator.generate_customer_dim_data scheduled__2024-11-22T00:00:00+00:00 [queued]>
[2025-02-08T19:02:37.340+0000] {taskinstance.py:2865} INFO - Starting attempt 1 of 1
[2025-02-08T19:02:37.361+0000] {taskinstance.py:2888} INFO - Executing <Task(PythonOperator): generate_customer_dim_data> on 2024-11-22 00:00:00+00:00
[2025-02-08T19:02:37.372+0000] {logging_mixin.py:190} WARNING - /home/***/.local/lib/python3.12/site-packages/***/task/task_runner/standard_task_runner.py:70 DeprecationWarning: This process (pid=1544) is multi-threaded, use of fork() may lead to deadlocks in the child.
[2025-02-08T19:02:37.373+0000] {standard_task_runner.py:72} INFO - Started process 1574 to run task
[2025-02-08T19:02:37.372+0000] {standard_task_runner.py:104} INFO - Running: ['***', 'tasks', 'run', 'customer_dim_generator', 'generate_customer_dim_data', 'scheduled__2024-11-22T00:00:00+00:00', '--job-id', '249', '--raw', '--subdir', 'DAGS_FOLDER/customer_dim_gen.py', '--cfg-path', '/tmp/tmprn94646u']
[2025-02-08T19:02:37.375+0000] {standard_task_runner.py:105} INFO - Job 249: Subtask generate_customer_dim_data
[2025-02-08T19:02:37.428+0000] {task_command.py:467} INFO - Running <TaskInstance: customer_dim_generator.generate_customer_dim_data scheduled__2024-11-22T00:00:00+00:00 [running]> on host 2c1cd59afcc0
[2025-02-08T19:02:37.533+0000] {taskinstance.py:3131} INFO - Exporting env vars: AIRFLOW_CTX_DAG_OWNER='Saleh' AIRFLOW_CTX_DAG_ID='customer_dim_generator' AIRFLOW_CTX_TASK_ID='generate_customer_dim_data' AIRFLOW_CTX_EXECUTION_DATE='2024-11-22T00:00:00+00:00' AIRFLOW_CTX_TRY_NUMBER='1' AIRFLOW_CTX_DAG_RUN_ID='scheduled__2024-11-22T00:00:00+00:00'
[2025-02-08T19:02:37.535+0000] {taskinstance.py:731} INFO - ::endgroup::
[2025-02-08T19:02:37.563+0000] {logging_mixin.py:190} INFO - CSV file './customer_dim_large_data.csv' with 100 rows has been generated successfully.
[2025-02-08T19:02:37.563+0000] {python.py:240} INFO - Done. Returned value was: None
[2025-02-08T19:02:37.575+0000] {taskinstance.py:340} INFO - ::group::Post task execution logs
[2025-02-08T19:02:37.576+0000] {taskinstance.py:352} INFO - Marking task as SUCCESS. dag_id=customer_dim_generator, task_id=generate_customer_dim_data, run_id=scheduled__2024-11-22T00:00:00+00:00, execution_date=20241122T000000, start_date=20250208T190237, end_date=20250208T190237
[2025-02-08T19:02:37.634+0000] {local_task_job_runner.py:266} INFO - Task exited with return code 0
[2025-02-08T19:02:37.661+0000] {taskinstance.py:3900} INFO - 0 downstream tasks scheduled from follow-on schedule check
[2025-02-08T19:02:37.663+0000] {local_task_job_runner.py:245} INFO - ::endgroup::
[2025-02-08T20:40:16.118+0000] {local_task_job_runner.py:123} INFO - ::group::Pre task execution logs
[2025-02-08T20:40:16.166+0000] {taskinstance.py:2612} INFO - Dependencies all met for dep_context=non-requeueable deps ti=<TaskInstance: customer_dim_generator.generate_customer_dim_data scheduled__2024-11-22T00:00:00+00:00 [queued]>
[2025-02-08T20:40:16.184+0000] {taskinstance.py:2612} INFO - Dependencies all met for dep_context=requeueable deps ti=<TaskInstance: customer_dim_generator.generate_customer_dim_data scheduled__2024-11-22T00:00:00+00:00 [queued]>
[2025-02-08T20:40:16.185+0000] {taskinstance.py:2865} INFO - Starting attempt 1 of 1
[2025-02-08T20:40:16.204+0000] {taskinstance.py:2888} INFO - Executing <Task(PythonOperator): generate_customer_dim_data> on 2024-11-22 00:00:00+00:00
[2025-02-08T20:40:16.217+0000] {standard_task_runner.py:104} INFO - Running: ['***', 'tasks', 'run', 'customer_dim_generator', 'generate_customer_dim_data', 'scheduled__2024-11-22T00:00:00+00:00', '--job-id', '139', '--raw', '--subdir', 'DAGS_FOLDER/customer_dim_gen.py', '--cfg-path', '/tmp/tmp4_jvvc7i']
[2025-02-08T20:40:16.220+0000] {logging_mixin.py:190} WARNING - /home/***/.local/lib/python3.12/site-packages/***/task/task_runner/standard_task_runner.py:70 DeprecationWarning: This process (pid=1156) is multi-threaded, use of fork() may lead to deadlocks in the child.
[2025-02-08T20:40:16.224+0000] {standard_task_runner.py:72} INFO - Started process 1184 to run task
[2025-02-08T20:40:16.223+0000] {standard_task_runner.py:105} INFO - Job 139: Subtask generate_customer_dim_data
[2025-02-08T20:40:16.311+0000] {task_command.py:467} INFO - Running <TaskInstance: customer_dim_generator.generate_customer_dim_data scheduled__2024-11-22T00:00:00+00:00 [running]> on host 7e959c1a2a8b
[2025-02-08T20:40:16.426+0000] {taskinstance.py:3131} INFO - Exporting env vars: AIRFLOW_CTX_DAG_OWNER='Saleh' AIRFLOW_CTX_DAG_ID='customer_dim_generator' AIRFLOW_CTX_TASK_ID='generate_customer_dim_data' AIRFLOW_CTX_EXECUTION_DATE='2024-11-22T00:00:00+00:00' AIRFLOW_CTX_TRY_NUMBER='1' AIRFLOW_CTX_DAG_RUN_ID='scheduled__2024-11-22T00:00:00+00:00'
[2025-02-08T20:40:16.428+0000] {taskinstance.py:731} INFO - ::endgroup::
[2025-02-08T20:40:16.458+0000] {logging_mixin.py:190} INFO - CSV file './customer_dim_large_data.csv' with 100 rows has been generated successfully.
[2025-02-08T20:40:16.459+0000] {python.py:240} INFO - Done. Returned value was: None
[2025-02-08T20:40:16.469+0000] {taskinstance.py:340} INFO - ::group::Post task execution logs
[2025-02-08T20:40:16.469+0000] {taskinstance.py:352} INFO - Marking task as SUCCESS. dag_id=customer_dim_generator, task_id=generate_customer_dim_data, run_id=scheduled__2024-11-22T00:00:00+00:00, execution_date=20241122T000000, start_date=20250208T204016, end_date=20250208T204016
[2025-02-08T20:40:16.529+0000] {local_task_job_runner.py:266} INFO - Task exited with return code 0
[2025-02-08T20:40:16.550+0000] {taskinstance.py:3900} INFO - 0 downstream tasks scheduled from follow-on schedule check
[2025-02-08T20:40:16.554+0000] {local_task_job_runner.py:245} INFO - ::endgroup::
[2025-02-08T20:43:11.641+0000] {local_task_job_runner.py:123} INFO - ::group::Pre task execution logs
[2025-02-08T20:43:11.657+0000] {taskinstance.py:2612} INFO - Dependencies all met for dep_context=non-requeueable deps ti=<TaskInstance: customer_dim_generator.generate_customer_dim_data scheduled__2024-11-22T00:00:00+00:00 [queued]>
[2025-02-08T20:43:11.665+0000] {taskinstance.py:2612} INFO - Dependencies all met for dep_context=requeueable deps ti=<TaskInstance: customer_dim_generator.generate_customer_dim_data scheduled__2024-11-22T00:00:00+00:00 [queued]>
[2025-02-08T20:43:11.666+0000] {taskinstance.py:2865} INFO - Starting attempt 1 of 1
[2025-02-08T20:43:11.703+0000] {taskinstance.py:2888} INFO - Executing <Task(PythonOperator): generate_customer_dim_data> on 2024-11-22 00:00:00+00:00
[2025-02-08T20:43:11.711+0000] {logging_mixin.py:190} WARNING - /home/***/.local/lib/python3.12/site-packages/***/task/task_runner/standard_task_runner.py:70 DeprecationWarning: This process (pid=585) is multi-threaded, use of fork() may lead to deadlocks in the child.
[2025-02-08T20:43:11.711+0000] {standard_task_runner.py:104} INFO - Running: ['***', 'tasks', 'run', 'customer_dim_generator', 'generate_customer_dim_data', 'scheduled__2024-11-22T00:00:00+00:00', '--job-id', '451', '--raw', '--subdir', 'DAGS_FOLDER/customer_dim_gen.py', '--cfg-path', '/tmp/tmpu4ehnvwm']
[2025-02-08T20:43:11.713+0000] {standard_task_runner.py:72} INFO - Started process 599 to run task
[2025-02-08T20:43:11.714+0000] {standard_task_runner.py:105} INFO - Job 451: Subtask generate_customer_dim_data
[2025-02-08T20:43:11.757+0000] {task_command.py:467} INFO - Running <TaskInstance: customer_dim_generator.generate_customer_dim_data scheduled__2024-11-22T00:00:00+00:00 [running]> on host 86932746817d
[2025-02-08T20:43:11.840+0000] {taskinstance.py:3131} INFO - Exporting env vars: AIRFLOW_CTX_DAG_OWNER='Saleh' AIRFLOW_CTX_DAG_ID='customer_dim_generator' AIRFLOW_CTX_TASK_ID='generate_customer_dim_data' AIRFLOW_CTX_EXECUTION_DATE='2024-11-22T00:00:00+00:00' AIRFLOW_CTX_TRY_NUMBER='1' AIRFLOW_CTX_DAG_RUN_ID='scheduled__2024-11-22T00:00:00+00:00'
[2025-02-08T20:43:11.841+0000] {taskinstance.py:731} INFO - ::endgroup::
[2025-02-08T20:43:11.862+0000] {logging_mixin.py:190} INFO - CSV file './customer_dim_large_data.csv' with 100 rows has been generated successfully.
[2025-02-08T20:43:11.863+0000] {python.py:240} INFO - Done. Returned value was: None
[2025-02-08T20:43:11.871+0000] {taskinstance.py:340} INFO - ::group::Post task execution logs
[2025-02-08T20:43:11.872+0000] {taskinstance.py:352} INFO - Marking task as SUCCESS. dag_id=customer_dim_generator, task_id=generate_customer_dim_data, run_id=scheduled__2024-11-22T00:00:00+00:00, execution_date=20241122T000000, start_date=20250208T204311, end_date=20250208T204311
[2025-02-08T20:43:11.931+0000] {local_task_job_runner.py:266} INFO - Task exited with return code 0
[2025-02-08T20:43:11.940+0000] {local_task_job_runner.py:245} INFO - ::endgroup::
