[2025-02-08T19:03:15.987+0000] {local_task_job_runner.py:123} INFO - ::group::Pre task execution logs
[2025-02-08T19:03:16.005+0000] {taskinstance.py:2612} INFO - Dependencies all met for dep_context=non-requeueable deps ti=<TaskInstance: branch_dim_gen.generate_branch_dim_data scheduled__2024-12-29T00:00:00+00:00 [queued]>
[2025-02-08T19:03:16.015+0000] {taskinstance.py:2612} INFO - Dependencies all met for dep_context=requeueable deps ti=<TaskInstance: branch_dim_gen.generate_branch_dim_data scheduled__2024-12-29T00:00:00+00:00 [queued]>
[2025-02-08T19:03:16.016+0000] {taskinstance.py:2865} INFO - Starting attempt 1 of 1
[2025-02-08T19:03:16.039+0000] {taskinstance.py:2888} INFO - Executing <Task(PythonOperator): generate_branch_dim_data> on 2024-12-29 00:00:00+00:00
[2025-02-08T19:03:16.050+0000] {logging_mixin.py:190} WARNING - /home/***/.local/lib/python3.12/site-packages/***/task/task_runner/standard_task_runner.py:70 DeprecationWarning: This process (pid=2059) is multi-threaded, use of fork() may lead to deadlocks in the child.
[2025-02-08T19:03:16.052+0000] {standard_task_runner.py:72} INFO - Started process 2083 to run task
[2025-02-08T19:03:16.050+0000] {standard_task_runner.py:104} INFO - Running: ['***', 'tasks', 'run', 'branch_dim_gen', 'generate_branch_dim_data', 'scheduled__2024-12-29T00:00:00+00:00', '--job-id', '368', '--raw', '--subdir', 'DAGS_FOLDER/brnach_dim_gen.py', '--cfg-path', '/tmp/tmp_rpipo3s']
[2025-02-08T19:03:16.053+0000] {standard_task_runner.py:105} INFO - Job 368: Subtask generate_branch_dim_data
[2025-02-08T19:03:16.111+0000] {task_command.py:467} INFO - Running <TaskInstance: branch_dim_gen.generate_branch_dim_data scheduled__2024-12-29T00:00:00+00:00 [running]> on host 2c1cd59afcc0
[2025-02-08T19:03:16.209+0000] {taskinstance.py:3131} INFO - Exporting env vars: AIRFLOW_CTX_DAG_OWNER='Saleh' AIRFLOW_CTX_DAG_ID='branch_dim_gen' AIRFLOW_CTX_TASK_ID='generate_branch_dim_data' AIRFLOW_CTX_EXECUTION_DATE='2024-12-29T00:00:00+00:00' AIRFLOW_CTX_TRY_NUMBER='1' AIRFLOW_CTX_DAG_RUN_ID='scheduled__2024-12-29T00:00:00+00:00'
[2025-02-08T19:03:16.210+0000] {taskinstance.py:731} INFO - ::endgroup::
[2025-02-08T19:03:16.232+0000] {logging_mixin.py:190} INFO - CSV file './branch_dim_large_data.csv' with 50 rows has been generated successfully.
[2025-02-08T19:03:16.234+0000] {python.py:240} INFO - Done. Returned value was: None
[2025-02-08T19:03:16.242+0000] {taskinstance.py:340} INFO - ::group::Post task execution logs
[2025-02-08T19:03:16.243+0000] {taskinstance.py:352} INFO - Marking task as SUCCESS. dag_id=branch_dim_gen, task_id=generate_branch_dim_data, run_id=scheduled__2024-12-29T00:00:00+00:00, execution_date=20241229T000000, start_date=20250208T190316, end_date=20250208T190316
[2025-02-08T19:03:16.268+0000] {local_task_job_runner.py:266} INFO - Task exited with return code 0
[2025-02-08T19:03:16.285+0000] {taskinstance.py:3900} INFO - 0 downstream tasks scheduled from follow-on schedule check
[2025-02-08T19:03:16.291+0000] {local_task_job_runner.py:245} INFO - ::endgroup::
[2025-02-08T20:41:03.588+0000] {local_task_job_runner.py:123} INFO - ::group::Pre task execution logs
[2025-02-08T20:41:03.604+0000] {taskinstance.py:2612} INFO - Dependencies all met for dep_context=non-requeueable deps ti=<TaskInstance: branch_dim_gen.generate_branch_dim_data scheduled__2024-12-29T00:00:00+00:00 [queued]>
[2025-02-08T20:41:03.612+0000] {taskinstance.py:2612} INFO - Dependencies all met for dep_context=requeueable deps ti=<TaskInstance: branch_dim_gen.generate_branch_dim_data scheduled__2024-12-29T00:00:00+00:00 [queued]>
[2025-02-08T20:41:03.613+0000] {taskinstance.py:2865} INFO - Starting attempt 1 of 1
[2025-02-08T20:41:03.629+0000] {taskinstance.py:2888} INFO - Executing <Task(PythonOperator): generate_branch_dim_data> on 2024-12-29 00:00:00+00:00
[2025-02-08T20:41:03.640+0000] {logging_mixin.py:190} WARNING - /home/***/.local/lib/python3.12/site-packages/***/task/task_runner/standard_task_runner.py:70 DeprecationWarning: This process (pid=1922) is multi-threaded, use of fork() may lead to deadlocks in the child.
[2025-02-08T20:41:03.641+0000] {standard_task_runner.py:72} INFO - Started process 1938 to run task
[2025-02-08T20:41:03.640+0000] {standard_task_runner.py:104} INFO - Running: ['***', 'tasks', 'run', 'branch_dim_gen', 'generate_branch_dim_data', 'scheduled__2024-12-29T00:00:00+00:00', '--job-id', '320', '--raw', '--subdir', 'DAGS_FOLDER/brnach_dim_gen.py', '--cfg-path', '/tmp/tmpvhrxbs5z']
[2025-02-08T20:41:03.644+0000] {standard_task_runner.py:105} INFO - Job 320: Subtask generate_branch_dim_data
[2025-02-08T20:41:03.686+0000] {task_command.py:467} INFO - Running <TaskInstance: branch_dim_gen.generate_branch_dim_data scheduled__2024-12-29T00:00:00+00:00 [running]> on host 7e959c1a2a8b
[2025-02-08T20:41:03.760+0000] {taskinstance.py:3131} INFO - Exporting env vars: AIRFLOW_CTX_DAG_OWNER='Saleh' AIRFLOW_CTX_DAG_ID='branch_dim_gen' AIRFLOW_CTX_TASK_ID='generate_branch_dim_data' AIRFLOW_CTX_EXECUTION_DATE='2024-12-29T00:00:00+00:00' AIRFLOW_CTX_TRY_NUMBER='1' AIRFLOW_CTX_DAG_RUN_ID='scheduled__2024-12-29T00:00:00+00:00'
[2025-02-08T20:41:03.761+0000] {taskinstance.py:731} INFO - ::endgroup::
[2025-02-08T20:41:03.781+0000] {logging_mixin.py:190} INFO - CSV file './branch_dim_large_data.csv' with 50 rows has been generated successfully.
[2025-02-08T20:41:03.782+0000] {python.py:240} INFO - Done. Returned value was: None
[2025-02-08T20:41:03.790+0000] {taskinstance.py:340} INFO - ::group::Post task execution logs
[2025-02-08T20:41:03.791+0000] {taskinstance.py:352} INFO - Marking task as SUCCESS. dag_id=branch_dim_gen, task_id=generate_branch_dim_data, run_id=scheduled__2024-12-29T00:00:00+00:00, execution_date=20241229T000000, start_date=20250208T204103, end_date=20250208T204103
[2025-02-08T20:41:03.816+0000] {local_task_job_runner.py:266} INFO - Task exited with return code 0
[2025-02-08T20:41:03.830+0000] {taskinstance.py:3900} INFO - 0 downstream tasks scheduled from follow-on schedule check
[2025-02-08T20:41:03.832+0000] {local_task_job_runner.py:245} INFO - ::endgroup::
