[2025-02-08T19:03:09.442+0000] {local_task_job_runner.py:123} INFO - ::group::Pre task execution logs
[2025-02-08T19:03:09.457+0000] {taskinstance.py:2612} INFO - Dependencies all met for dep_context=non-requeueable deps ti=<TaskInstance: branch_dim_gen.generate_branch_dim_data scheduled__2024-12-21T00:00:00+00:00 [queued]>
[2025-02-08T19:03:09.464+0000] {taskinstance.py:2612} INFO - Dependencies all met for dep_context=requeueable deps ti=<TaskInstance: branch_dim_gen.generate_branch_dim_data scheduled__2024-12-21T00:00:00+00:00 [queued]>
[2025-02-08T19:03:09.464+0000] {taskinstance.py:2865} INFO - Starting attempt 1 of 1
[2025-02-08T19:03:09.478+0000] {taskinstance.py:2888} INFO - Executing <Task(PythonOperator): generate_branch_dim_data> on 2024-12-21 00:00:00+00:00
[2025-02-08T19:03:09.488+0000] {logging_mixin.py:190} WARNING - /home/***/.local/lib/python3.12/site-packages/***/task/task_runner/standard_task_runner.py:70 DeprecationWarning: This process (pid=1981) is multi-threaded, use of fork() may lead to deadlocks in the child.
[2025-02-08T19:03:09.489+0000] {standard_task_runner.py:72} INFO - Started process 1999 to run task
[2025-02-08T19:03:09.488+0000] {standard_task_runner.py:104} INFO - Running: ['***', 'tasks', 'run', 'branch_dim_gen', 'generate_branch_dim_data', 'scheduled__2024-12-21T00:00:00+00:00', '--job-id', '351', '--raw', '--subdir', 'DAGS_FOLDER/brnach_dim_gen.py', '--cfg-path', '/tmp/tmp0v0v3ejq']
[2025-02-08T19:03:09.490+0000] {standard_task_runner.py:105} INFO - Job 351: Subtask generate_branch_dim_data
[2025-02-08T19:03:09.531+0000] {task_command.py:467} INFO - Running <TaskInstance: branch_dim_gen.generate_branch_dim_data scheduled__2024-12-21T00:00:00+00:00 [running]> on host 2c1cd59afcc0
[2025-02-08T19:03:09.610+0000] {taskinstance.py:3131} INFO - Exporting env vars: AIRFLOW_CTX_DAG_OWNER='Saleh' AIRFLOW_CTX_DAG_ID='branch_dim_gen' AIRFLOW_CTX_TASK_ID='generate_branch_dim_data' AIRFLOW_CTX_EXECUTION_DATE='2024-12-21T00:00:00+00:00' AIRFLOW_CTX_TRY_NUMBER='1' AIRFLOW_CTX_DAG_RUN_ID='scheduled__2024-12-21T00:00:00+00:00'
[2025-02-08T19:03:09.612+0000] {taskinstance.py:731} INFO - ::endgroup::
[2025-02-08T19:03:09.632+0000] {logging_mixin.py:190} INFO - CSV file './branch_dim_large_data.csv' with 50 rows has been generated successfully.
[2025-02-08T19:03:09.632+0000] {python.py:240} INFO - Done. Returned value was: None
[2025-02-08T19:03:09.640+0000] {taskinstance.py:340} INFO - ::group::Post task execution logs
[2025-02-08T19:03:09.641+0000] {taskinstance.py:352} INFO - Marking task as SUCCESS. dag_id=branch_dim_gen, task_id=generate_branch_dim_data, run_id=scheduled__2024-12-21T00:00:00+00:00, execution_date=20241221T000000, start_date=20250208T190309, end_date=20250208T190309
[2025-02-08T19:03:09.663+0000] {local_task_job_runner.py:266} INFO - Task exited with return code 0
[2025-02-08T19:03:09.677+0000] {taskinstance.py:3900} INFO - 0 downstream tasks scheduled from follow-on schedule check
[2025-02-08T19:03:09.679+0000] {local_task_job_runner.py:245} INFO - ::endgroup::
[2025-02-08T20:40:58.014+0000] {local_task_job_runner.py:123} INFO - ::group::Pre task execution logs
[2025-02-08T20:40:58.027+0000] {taskinstance.py:2612} INFO - Dependencies all met for dep_context=non-requeueable deps ti=<TaskInstance: branch_dim_gen.generate_branch_dim_data scheduled__2024-12-21T00:00:00+00:00 [queued]>
[2025-02-08T20:40:58.034+0000] {taskinstance.py:2612} INFO - Dependencies all met for dep_context=requeueable deps ti=<TaskInstance: branch_dim_gen.generate_branch_dim_data scheduled__2024-12-21T00:00:00+00:00 [queued]>
[2025-02-08T20:40:58.034+0000] {taskinstance.py:2865} INFO - Starting attempt 1 of 1
[2025-02-08T20:40:58.045+0000] {taskinstance.py:2888} INFO - Executing <Task(PythonOperator): generate_branch_dim_data> on 2024-12-21 00:00:00+00:00
[2025-02-08T20:40:58.055+0000] {logging_mixin.py:190} WARNING - /home/***/.local/lib/python3.12/site-packages/***/task/task_runner/standard_task_runner.py:70 DeprecationWarning: This process (pid=1816) is multi-threaded, use of fork() may lead to deadlocks in the child.
[2025-02-08T20:40:58.054+0000] {standard_task_runner.py:104} INFO - Running: ['***', 'tasks', 'run', 'branch_dim_gen', 'generate_branch_dim_data', 'scheduled__2024-12-21T00:00:00+00:00', '--job-id', '296', '--raw', '--subdir', 'DAGS_FOLDER/brnach_dim_gen.py', '--cfg-path', '/tmp/tmpu0nhif4c']
[2025-02-08T20:40:58.056+0000] {standard_task_runner.py:72} INFO - Started process 1840 to run task
[2025-02-08T20:40:58.056+0000] {standard_task_runner.py:105} INFO - Job 296: Subtask generate_branch_dim_data
[2025-02-08T20:40:58.094+0000] {task_command.py:467} INFO - Running <TaskInstance: branch_dim_gen.generate_branch_dim_data scheduled__2024-12-21T00:00:00+00:00 [running]> on host 7e959c1a2a8b
[2025-02-08T20:40:58.156+0000] {taskinstance.py:3131} INFO - Exporting env vars: AIRFLOW_CTX_DAG_OWNER='Saleh' AIRFLOW_CTX_DAG_ID='branch_dim_gen' AIRFLOW_CTX_TASK_ID='generate_branch_dim_data' AIRFLOW_CTX_EXECUTION_DATE='2024-12-21T00:00:00+00:00' AIRFLOW_CTX_TRY_NUMBER='1' AIRFLOW_CTX_DAG_RUN_ID='scheduled__2024-12-21T00:00:00+00:00'
[2025-02-08T20:40:58.157+0000] {taskinstance.py:731} INFO - ::endgroup::
[2025-02-08T20:40:58.175+0000] {logging_mixin.py:190} INFO - CSV file './branch_dim_large_data.csv' with 50 rows has been generated successfully.
[2025-02-08T20:40:58.176+0000] {python.py:240} INFO - Done. Returned value was: None
[2025-02-08T20:40:58.182+0000] {taskinstance.py:340} INFO - ::group::Post task execution logs
[2025-02-08T20:40:58.182+0000] {taskinstance.py:352} INFO - Marking task as SUCCESS. dag_id=branch_dim_gen, task_id=generate_branch_dim_data, run_id=scheduled__2024-12-21T00:00:00+00:00, execution_date=20241221T000000, start_date=20250208T204058, end_date=20250208T204058
[2025-02-08T20:40:58.231+0000] {local_task_job_runner.py:266} INFO - Task exited with return code 0
[2025-02-08T20:40:58.243+0000] {taskinstance.py:3900} INFO - 0 downstream tasks scheduled from follow-on schedule check
[2025-02-08T20:40:58.245+0000] {local_task_job_runner.py:245} INFO - ::endgroup::
