[2025-02-08T19:03:02.076+0000] {local_task_job_runner.py:123} INFO - ::group::Pre task execution logs
[2025-02-08T19:03:02.093+0000] {taskinstance.py:2612} INFO - Dependencies all met for dep_context=non-requeueable deps ti=<TaskInstance: customer_dim_generator.generate_customer_dim_data scheduled__2025-01-01T00:00:00+00:00 [queued]>
[2025-02-08T19:03:02.104+0000] {taskinstance.py:2612} INFO - Dependencies all met for dep_context=requeueable deps ti=<TaskInstance: customer_dim_generator.generate_customer_dim_data scheduled__2025-01-01T00:00:00+00:00 [queued]>
[2025-02-08T19:03:02.105+0000] {taskinstance.py:2865} INFO - Starting attempt 1 of 1
[2025-02-08T19:03:02.121+0000] {taskinstance.py:2888} INFO - Executing <Task(PythonOperator): generate_customer_dim_data> on 2025-01-01 00:00:00+00:00
[2025-02-08T19:03:02.132+0000] {logging_mixin.py:190} WARNING - /home/***/.local/lib/python3.12/site-packages/***/task/task_runner/standard_task_runner.py:70 DeprecationWarning: This process (pid=1882) is multi-threaded, use of fork() may lead to deadlocks in the child.
[2025-02-08T19:03:02.133+0000] {standard_task_runner.py:72} INFO - Started process 1905 to run task
[2025-02-08T19:03:02.132+0000] {standard_task_runner.py:104} INFO - Running: ['***', 'tasks', 'run', 'customer_dim_generator', 'generate_customer_dim_data', 'scheduled__2025-01-01T00:00:00+00:00', '--job-id', '328', '--raw', '--subdir', 'DAGS_FOLDER/customer_dim_gen.py', '--cfg-path', '/tmp/tmp7ggmoguv']
[2025-02-08T19:03:02.134+0000] {standard_task_runner.py:105} INFO - Job 328: Subtask generate_customer_dim_data
[2025-02-08T19:03:02.188+0000] {task_command.py:467} INFO - Running <TaskInstance: customer_dim_generator.generate_customer_dim_data scheduled__2025-01-01T00:00:00+00:00 [running]> on host 2c1cd59afcc0
[2025-02-08T19:03:02.278+0000] {taskinstance.py:3131} INFO - Exporting env vars: AIRFLOW_CTX_DAG_OWNER='Saleh' AIRFLOW_CTX_DAG_ID='customer_dim_generator' AIRFLOW_CTX_TASK_ID='generate_customer_dim_data' AIRFLOW_CTX_EXECUTION_DATE='2025-01-01T00:00:00+00:00' AIRFLOW_CTX_TRY_NUMBER='1' AIRFLOW_CTX_DAG_RUN_ID='scheduled__2025-01-01T00:00:00+00:00'
[2025-02-08T19:03:02.279+0000] {taskinstance.py:731} INFO - ::endgroup::
[2025-02-08T19:03:02.302+0000] {logging_mixin.py:190} INFO - CSV file './customer_dim_large_data.csv' with 100 rows has been generated successfully.
[2025-02-08T19:03:02.302+0000] {python.py:240} INFO - Done. Returned value was: None
[2025-02-08T19:03:02.311+0000] {taskinstance.py:340} INFO - ::group::Post task execution logs
[2025-02-08T19:03:02.312+0000] {taskinstance.py:352} INFO - Marking task as SUCCESS. dag_id=customer_dim_generator, task_id=generate_customer_dim_data, run_id=scheduled__2025-01-01T00:00:00+00:00, execution_date=20250101T000000, start_date=20250208T190302, end_date=20250208T190302
[2025-02-08T19:03:02.350+0000] {local_task_job_runner.py:266} INFO - Task exited with return code 0
[2025-02-08T19:03:02.363+0000] {taskinstance.py:3900} INFO - 0 downstream tasks scheduled from follow-on schedule check
[2025-02-08T19:03:02.365+0000] {local_task_job_runner.py:245} INFO - ::endgroup::
[2025-02-08T20:40:48.804+0000] {local_task_job_runner.py:123} INFO - ::group::Pre task execution logs
[2025-02-08T20:40:48.843+0000] {taskinstance.py:2612} INFO - Dependencies all met for dep_context=non-requeueable deps ti=<TaskInstance: customer_dim_generator.generate_customer_dim_data scheduled__2025-01-01T00:00:00+00:00 [queued]>
[2025-02-08T20:40:48.853+0000] {taskinstance.py:2612} INFO - Dependencies all met for dep_context=requeueable deps ti=<TaskInstance: customer_dim_generator.generate_customer_dim_data scheduled__2025-01-01T00:00:00+00:00 [queued]>
[2025-02-08T20:40:48.853+0000] {taskinstance.py:2865} INFO - Starting attempt 1 of 1
[2025-02-08T20:40:48.880+0000] {taskinstance.py:2888} INFO - Executing <Task(PythonOperator): generate_customer_dim_data> on 2025-01-01 00:00:00+00:00
[2025-02-08T20:40:48.893+0000] {logging_mixin.py:190} WARNING - /home/***/.local/lib/python3.12/site-packages/***/task/task_runner/standard_task_runner.py:70 DeprecationWarning: This process (pid=1656) is multi-threaded, use of fork() may lead to deadlocks in the child.
[2025-02-08T20:40:48.893+0000] {standard_task_runner.py:104} INFO - Running: ['***', 'tasks', 'run', 'customer_dim_generator', 'generate_customer_dim_data', 'scheduled__2025-01-01T00:00:00+00:00', '--job-id', '257', '--raw', '--subdir', 'DAGS_FOLDER/customer_dim_gen.py', '--cfg-path', '/tmp/tmp2vfy0hsj']
[2025-02-08T20:40:48.895+0000] {standard_task_runner.py:72} INFO - Started process 1689 to run task
[2025-02-08T20:40:48.896+0000] {standard_task_runner.py:105} INFO - Job 257: Subtask generate_customer_dim_data
[2025-02-08T20:40:48.953+0000] {task_command.py:467} INFO - Running <TaskInstance: customer_dim_generator.generate_customer_dim_data scheduled__2025-01-01T00:00:00+00:00 [running]> on host 7e959c1a2a8b
[2025-02-08T20:40:49.053+0000] {taskinstance.py:3131} INFO - Exporting env vars: AIRFLOW_CTX_DAG_OWNER='Saleh' AIRFLOW_CTX_DAG_ID='customer_dim_generator' AIRFLOW_CTX_TASK_ID='generate_customer_dim_data' AIRFLOW_CTX_EXECUTION_DATE='2025-01-01T00:00:00+00:00' AIRFLOW_CTX_TRY_NUMBER='1' AIRFLOW_CTX_DAG_RUN_ID='scheduled__2025-01-01T00:00:00+00:00'
[2025-02-08T20:40:49.055+0000] {taskinstance.py:731} INFO - ::endgroup::
[2025-02-08T20:40:49.094+0000] {logging_mixin.py:190} INFO - CSV file './customer_dim_large_data.csv' with 100 rows has been generated successfully.
[2025-02-08T20:40:49.096+0000] {python.py:240} INFO - Done. Returned value was: None
[2025-02-08T20:40:49.112+0000] {taskinstance.py:340} INFO - ::group::Post task execution logs
[2025-02-08T20:40:49.116+0000] {taskinstance.py:352} INFO - Marking task as SUCCESS. dag_id=customer_dim_generator, task_id=generate_customer_dim_data, run_id=scheduled__2025-01-01T00:00:00+00:00, execution_date=20250101T000000, start_date=20250208T204048, end_date=20250208T204049
[2025-02-08T20:40:49.200+0000] {local_task_job_runner.py:266} INFO - Task exited with return code 0
[2025-02-08T20:40:49.216+0000] {local_task_job_runner.py:245} INFO - ::endgroup::
[2025-02-08T20:43:32.280+0000] {local_task_job_runner.py:123} INFO - ::group::Pre task execution logs
[2025-02-08T20:43:32.297+0000] {taskinstance.py:2612} INFO - Dependencies all met for dep_context=non-requeueable deps ti=<TaskInstance: customer_dim_generator.generate_customer_dim_data scheduled__2025-01-01T00:00:00+00:00 [queued]>
[2025-02-08T20:43:32.308+0000] {taskinstance.py:2612} INFO - Dependencies all met for dep_context=requeueable deps ti=<TaskInstance: customer_dim_generator.generate_customer_dim_data scheduled__2025-01-01T00:00:00+00:00 [queued]>
[2025-02-08T20:43:32.308+0000] {taskinstance.py:2865} INFO - Starting attempt 1 of 1
[2025-02-08T20:43:32.366+0000] {taskinstance.py:2888} INFO - Executing <Task(PythonOperator): generate_customer_dim_data> on 2025-01-01 00:00:00+00:00
[2025-02-08T20:43:32.374+0000] {logging_mixin.py:190} WARNING - /home/***/.local/lib/python3.12/site-packages/***/task/task_runner/standard_task_runner.py:70 DeprecationWarning: This process (pid=760) is multi-threaded, use of fork() may lead to deadlocks in the child.
[2025-02-08T20:43:32.376+0000] {standard_task_runner.py:72} INFO - Started process 780 to run task
[2025-02-08T20:43:32.374+0000] {standard_task_runner.py:104} INFO - Running: ['***', 'tasks', 'run', 'customer_dim_generator', 'generate_customer_dim_data', 'scheduled__2025-01-01T00:00:00+00:00', '--job-id', '491', '--raw', '--subdir', 'DAGS_FOLDER/customer_dim_gen.py', '--cfg-path', '/tmp/tmpwnua56kp']
[2025-02-08T20:43:32.377+0000] {standard_task_runner.py:105} INFO - Job 491: Subtask generate_customer_dim_data
[2025-02-08T20:43:32.420+0000] {task_command.py:467} INFO - Running <TaskInstance: customer_dim_generator.generate_customer_dim_data scheduled__2025-01-01T00:00:00+00:00 [running]> on host 86932746817d
[2025-02-08T20:43:32.504+0000] {taskinstance.py:3131} INFO - Exporting env vars: AIRFLOW_CTX_DAG_OWNER='Saleh' AIRFLOW_CTX_DAG_ID='customer_dim_generator' AIRFLOW_CTX_TASK_ID='generate_customer_dim_data' AIRFLOW_CTX_EXECUTION_DATE='2025-01-01T00:00:00+00:00' AIRFLOW_CTX_TRY_NUMBER='1' AIRFLOW_CTX_DAG_RUN_ID='scheduled__2025-01-01T00:00:00+00:00'
[2025-02-08T20:43:32.506+0000] {taskinstance.py:731} INFO - ::endgroup::
[2025-02-08T20:43:32.529+0000] {logging_mixin.py:190} INFO - CSV file './customer_dim_large_data.csv' with 100 rows has been generated successfully.
[2025-02-08T20:43:32.530+0000] {python.py:240} INFO - Done. Returned value was: None
[2025-02-08T20:43:32.538+0000] {taskinstance.py:340} INFO - ::group::Post task execution logs
[2025-02-08T20:43:32.539+0000] {taskinstance.py:352} INFO - Marking task as SUCCESS. dag_id=customer_dim_generator, task_id=generate_customer_dim_data, run_id=scheduled__2025-01-01T00:00:00+00:00, execution_date=20250101T000000, start_date=20250208T204332, end_date=20250208T204332
[2025-02-08T20:43:32.590+0000] {local_task_job_runner.py:266} INFO - Task exited with return code 0
[2025-02-08T20:43:32.599+0000] {local_task_job_runner.py:245} INFO - ::endgroup::
