[2025-02-08T19:02:28.781+0000] {local_task_job_runner.py:123} INFO - ::group::Pre task execution logs
[2025-02-08T19:02:28.804+0000] {taskinstance.py:2612} INFO - Dependencies all met for dep_context=non-requeueable deps ti=<TaskInstance: branch_dim_gen.generate_branch_dim_data scheduled__2024-10-19T00:00:00+00:00 [queued]>
[2025-02-08T19:02:28.819+0000] {taskinstance.py:2612} INFO - Dependencies all met for dep_context=requeueable deps ti=<TaskInstance: branch_dim_gen.generate_branch_dim_data scheduled__2024-10-19T00:00:00+00:00 [queued]>
[2025-02-08T19:02:28.821+0000] {taskinstance.py:2865} INFO - Starting attempt 1 of 1
[2025-02-08T19:02:29.054+0000] {taskinstance.py:2888} INFO - Executing <Task(PythonOperator): generate_branch_dim_data> on 2024-10-19 00:00:00+00:00
[2025-02-08T19:02:29.063+0000] {logging_mixin.py:190} WARNING - /home/***/.local/lib/python3.12/site-packages/***/task/task_runner/standard_task_runner.py:70 DeprecationWarning: This process (pid=1449) is multi-threaded, use of fork() may lead to deadlocks in the child.
[2025-02-08T19:02:29.064+0000] {standard_task_runner.py:72} INFO - Started process 1478 to run task
[2025-02-08T19:02:29.063+0000] {standard_task_runner.py:104} INFO - Running: ['***', 'tasks', 'run', 'branch_dim_gen', 'generate_branch_dim_data', 'scheduled__2024-10-19T00:00:00+00:00', '--job-id', '226', '--raw', '--subdir', 'DAGS_FOLDER/brnach_dim_gen.py', '--cfg-path', '/tmp/tmpkr7fxqnr']
[2025-02-08T19:02:29.069+0000] {standard_task_runner.py:105} INFO - Job 226: Subtask generate_branch_dim_data
[2025-02-08T19:02:29.238+0000] {task_command.py:467} INFO - Running <TaskInstance: branch_dim_gen.generate_branch_dim_data scheduled__2024-10-19T00:00:00+00:00 [running]> on host 2c1cd59afcc0
[2025-02-08T19:02:29.398+0000] {taskinstance.py:3131} INFO - Exporting env vars: AIRFLOW_CTX_DAG_OWNER='Saleh' AIRFLOW_CTX_DAG_ID='branch_dim_gen' AIRFLOW_CTX_TASK_ID='generate_branch_dim_data' AIRFLOW_CTX_EXECUTION_DATE='2024-10-19T00:00:00+00:00' AIRFLOW_CTX_TRY_NUMBER='1' AIRFLOW_CTX_DAG_RUN_ID='scheduled__2024-10-19T00:00:00+00:00'
[2025-02-08T19:02:29.401+0000] {taskinstance.py:731} INFO - ::endgroup::
[2025-02-08T19:02:29.513+0000] {logging_mixin.py:190} INFO - CSV file './branch_dim_large_data.csv' with 50 rows has been generated successfully.
[2025-02-08T19:02:29.514+0000] {python.py:240} INFO - Done. Returned value was: None
[2025-02-08T19:02:29.543+0000] {taskinstance.py:340} INFO - ::group::Post task execution logs
[2025-02-08T19:02:29.570+0000] {taskinstance.py:352} INFO - Marking task as SUCCESS. dag_id=branch_dim_gen, task_id=generate_branch_dim_data, run_id=scheduled__2024-10-19T00:00:00+00:00, execution_date=20241019T000000, start_date=20250208T190228, end_date=20250208T190229
[2025-02-08T19:02:29.718+0000] {local_task_job_runner.py:266} INFO - Task exited with return code 0
[2025-02-08T19:02:29.760+0000] {taskinstance.py:3900} INFO - 0 downstream tasks scheduled from follow-on schedule check
[2025-02-08T19:02:29.765+0000] {local_task_job_runner.py:245} INFO - ::endgroup::
[2025-02-08T20:40:07.676+0000] {local_task_job_runner.py:123} INFO - ::group::Pre task execution logs
[2025-02-08T20:40:07.705+0000] {taskinstance.py:2612} INFO - Dependencies all met for dep_context=non-requeueable deps ti=<TaskInstance: branch_dim_gen.generate_branch_dim_data scheduled__2024-10-19T00:00:00+00:00 [queued]>
[2025-02-08T20:40:07.734+0000] {taskinstance.py:2612} INFO - Dependencies all met for dep_context=requeueable deps ti=<TaskInstance: branch_dim_gen.generate_branch_dim_data scheduled__2024-10-19T00:00:00+00:00 [queued]>
[2025-02-08T20:40:07.735+0000] {taskinstance.py:2865} INFO - Starting attempt 1 of 1
[2025-02-08T20:40:07.753+0000] {taskinstance.py:2888} INFO - Executing <Task(PythonOperator): generate_branch_dim_data> on 2024-10-19 00:00:00+00:00
[2025-02-08T20:40:07.766+0000] {logging_mixin.py:190} WARNING - /home/***/.local/lib/python3.12/site-packages/***/task/task_runner/standard_task_runner.py:70 DeprecationWarning: This process (pid=1023) is multi-threaded, use of fork() may lead to deadlocks in the child.
[2025-02-08T20:40:07.768+0000] {standard_task_runner.py:72} INFO - Started process 1050 to run task
[2025-02-08T20:40:07.778+0000] {standard_task_runner.py:104} INFO - Running: ['***', 'tasks', 'run', 'branch_dim_gen', 'generate_branch_dim_data', 'scheduled__2024-10-19T00:00:00+00:00', '--job-id', '111', '--raw', '--subdir', 'DAGS_FOLDER/brnach_dim_gen.py', '--cfg-path', '/tmp/tmpjoal5ooo']
[2025-02-08T20:40:07.784+0000] {standard_task_runner.py:105} INFO - Job 111: Subtask generate_branch_dim_data
[2025-02-08T20:40:07.873+0000] {task_command.py:467} INFO - Running <TaskInstance: branch_dim_gen.generate_branch_dim_data scheduled__2024-10-19T00:00:00+00:00 [running]> on host 7e959c1a2a8b
[2025-02-08T20:40:08.069+0000] {taskinstance.py:3131} INFO - Exporting env vars: AIRFLOW_CTX_DAG_OWNER='Saleh' AIRFLOW_CTX_DAG_ID='branch_dim_gen' AIRFLOW_CTX_TASK_ID='generate_branch_dim_data' AIRFLOW_CTX_EXECUTION_DATE='2024-10-19T00:00:00+00:00' AIRFLOW_CTX_TRY_NUMBER='1' AIRFLOW_CTX_DAG_RUN_ID='scheduled__2024-10-19T00:00:00+00:00'
[2025-02-08T20:40:08.075+0000] {taskinstance.py:731} INFO - ::endgroup::
[2025-02-08T20:40:08.120+0000] {logging_mixin.py:190} INFO - CSV file './branch_dim_large_data.csv' with 50 rows has been generated successfully.
[2025-02-08T20:40:08.123+0000] {python.py:240} INFO - Done. Returned value was: None
[2025-02-08T20:40:08.147+0000] {taskinstance.py:340} INFO - ::group::Post task execution logs
[2025-02-08T20:40:08.148+0000] {taskinstance.py:352} INFO - Marking task as SUCCESS. dag_id=branch_dim_gen, task_id=generate_branch_dim_data, run_id=scheduled__2024-10-19T00:00:00+00:00, execution_date=20241019T000000, start_date=20250208T204007, end_date=20250208T204008
[2025-02-08T20:40:08.226+0000] {local_task_job_runner.py:266} INFO - Task exited with return code 0
[2025-02-08T20:40:08.255+0000] {taskinstance.py:3900} INFO - 0 downstream tasks scheduled from follow-on schedule check
[2025-02-08T20:40:08.265+0000] {local_task_job_runner.py:245} INFO - ::endgroup::
