[2025-02-08T19:03:09.180+0000] {local_task_job_runner.py:123} INFO - ::group::Pre task execution logs
[2025-02-08T19:03:09.200+0000] {taskinstance.py:2612} INFO - Dependencies all met for dep_context=non-requeueable deps ti=<TaskInstance: branch_dim_gen.generate_branch_dim_data scheduled__2024-12-20T00:00:00+00:00 [queued]>
[2025-02-08T19:03:09.211+0000] {taskinstance.py:2612} INFO - Dependencies all met for dep_context=requeueable deps ti=<TaskInstance: branch_dim_gen.generate_branch_dim_data scheduled__2024-12-20T00:00:00+00:00 [queued]>
[2025-02-08T19:03:09.212+0000] {taskinstance.py:2865} INFO - Starting attempt 1 of 1
[2025-02-08T19:03:09.231+0000] {taskinstance.py:2888} INFO - Executing <Task(PythonOperator): generate_branch_dim_data> on 2024-12-20 00:00:00+00:00
[2025-02-08T19:03:09.243+0000] {logging_mixin.py:190} WARNING - /home/***/.local/lib/python3.12/site-packages/***/task/task_runner/standard_task_runner.py:70 DeprecationWarning: This process (pid=1972) is multi-threaded, use of fork() may lead to deadlocks in the child.
[2025-02-08T19:03:09.244+0000] {standard_task_runner.py:72} INFO - Started process 1995 to run task
[2025-02-08T19:03:09.244+0000] {standard_task_runner.py:104} INFO - Running: ['***', 'tasks', 'run', 'branch_dim_gen', 'generate_branch_dim_data', 'scheduled__2024-12-20T00:00:00+00:00', '--job-id', '349', '--raw', '--subdir', 'DAGS_FOLDER/brnach_dim_gen.py', '--cfg-path', '/tmp/tmphf32jd59']
[2025-02-08T19:03:09.246+0000] {standard_task_runner.py:105} INFO - Job 349: Subtask generate_branch_dim_data
[2025-02-08T19:03:09.293+0000] {task_command.py:467} INFO - Running <TaskInstance: branch_dim_gen.generate_branch_dim_data scheduled__2024-12-20T00:00:00+00:00 [running]> on host 2c1cd59afcc0
[2025-02-08T19:03:09.385+0000] {taskinstance.py:3131} INFO - Exporting env vars: AIRFLOW_CTX_DAG_OWNER='Saleh' AIRFLOW_CTX_DAG_ID='branch_dim_gen' AIRFLOW_CTX_TASK_ID='generate_branch_dim_data' AIRFLOW_CTX_EXECUTION_DATE='2024-12-20T00:00:00+00:00' AIRFLOW_CTX_TRY_NUMBER='1' AIRFLOW_CTX_DAG_RUN_ID='scheduled__2024-12-20T00:00:00+00:00'
[2025-02-08T19:03:09.386+0000] {taskinstance.py:731} INFO - ::endgroup::
[2025-02-08T19:03:09.406+0000] {logging_mixin.py:190} INFO - CSV file './branch_dim_large_data.csv' with 50 rows has been generated successfully.
[2025-02-08T19:03:09.407+0000] {python.py:240} INFO - Done. Returned value was: None
[2025-02-08T19:03:09.415+0000] {taskinstance.py:340} INFO - ::group::Post task execution logs
[2025-02-08T19:03:09.416+0000] {taskinstance.py:352} INFO - Marking task as SUCCESS. dag_id=branch_dim_gen, task_id=generate_branch_dim_data, run_id=scheduled__2024-12-20T00:00:00+00:00, execution_date=20241220T000000, start_date=20250208T190309, end_date=20250208T190309
[2025-02-08T19:03:09.463+0000] {local_task_job_runner.py:266} INFO - Task exited with return code 0
[2025-02-08T19:03:09.481+0000] {taskinstance.py:3900} INFO - 0 downstream tasks scheduled from follow-on schedule check
[2025-02-08T19:03:09.484+0000] {local_task_job_runner.py:245} INFO - ::endgroup::
[2025-02-08T20:40:57.826+0000] {local_task_job_runner.py:123} INFO - ::group::Pre task execution logs
[2025-02-08T20:40:57.840+0000] {taskinstance.py:2612} INFO - Dependencies all met for dep_context=non-requeueable deps ti=<TaskInstance: branch_dim_gen.generate_branch_dim_data scheduled__2024-12-20T00:00:00+00:00 [queued]>
[2025-02-08T20:40:57.849+0000] {taskinstance.py:2612} INFO - Dependencies all met for dep_context=requeueable deps ti=<TaskInstance: branch_dim_gen.generate_branch_dim_data scheduled__2024-12-20T00:00:00+00:00 [queued]>
[2025-02-08T20:40:57.849+0000] {taskinstance.py:2865} INFO - Starting attempt 1 of 1
[2025-02-08T20:40:57.862+0000] {taskinstance.py:2888} INFO - Executing <Task(PythonOperator): generate_branch_dim_data> on 2024-12-20 00:00:00+00:00
[2025-02-08T20:40:57.871+0000] {logging_mixin.py:190} WARNING - /home/***/.local/lib/python3.12/site-packages/***/task/task_runner/standard_task_runner.py:70 DeprecationWarning: This process (pid=1809) is multi-threaded, use of fork() may lead to deadlocks in the child.
[2025-02-08T20:40:57.872+0000] {standard_task_runner.py:72} INFO - Started process 1829 to run task
[2025-02-08T20:40:57.871+0000] {standard_task_runner.py:104} INFO - Running: ['***', 'tasks', 'run', 'branch_dim_gen', 'generate_branch_dim_data', 'scheduled__2024-12-20T00:00:00+00:00', '--job-id', '294', '--raw', '--subdir', 'DAGS_FOLDER/brnach_dim_gen.py', '--cfg-path', '/tmp/tmpscxadak7']
[2025-02-08T20:40:57.873+0000] {standard_task_runner.py:105} INFO - Job 294: Subtask generate_branch_dim_data
[2025-02-08T20:40:57.908+0000] {task_command.py:467} INFO - Running <TaskInstance: branch_dim_gen.generate_branch_dim_data scheduled__2024-12-20T00:00:00+00:00 [running]> on host 7e959c1a2a8b
[2025-02-08T20:40:57.972+0000] {taskinstance.py:3131} INFO - Exporting env vars: AIRFLOW_CTX_DAG_OWNER='Saleh' AIRFLOW_CTX_DAG_ID='branch_dim_gen' AIRFLOW_CTX_TASK_ID='generate_branch_dim_data' AIRFLOW_CTX_EXECUTION_DATE='2024-12-20T00:00:00+00:00' AIRFLOW_CTX_TRY_NUMBER='1' AIRFLOW_CTX_DAG_RUN_ID='scheduled__2024-12-20T00:00:00+00:00'
[2025-02-08T20:40:57.973+0000] {taskinstance.py:731} INFO - ::endgroup::
[2025-02-08T20:40:57.995+0000] {logging_mixin.py:190} INFO - CSV file './branch_dim_large_data.csv' with 50 rows has been generated successfully.
[2025-02-08T20:40:57.996+0000] {python.py:240} INFO - Done. Returned value was: None
[2025-02-08T20:40:58.003+0000] {taskinstance.py:340} INFO - ::group::Post task execution logs
[2025-02-08T20:40:58.004+0000] {taskinstance.py:352} INFO - Marking task as SUCCESS. dag_id=branch_dim_gen, task_id=generate_branch_dim_data, run_id=scheduled__2024-12-20T00:00:00+00:00, execution_date=20241220T000000, start_date=20250208T204057, end_date=20250208T204058
[2025-02-08T20:40:58.046+0000] {local_task_job_runner.py:266} INFO - Task exited with return code 0
[2025-02-08T20:40:58.059+0000] {taskinstance.py:3900} INFO - 0 downstream tasks scheduled from follow-on schedule check
[2025-02-08T20:40:58.061+0000] {local_task_job_runner.py:245} INFO - ::endgroup::
