[2025-02-08T19:00:32.239+0000] {local_task_job_runner.py:123} INFO - ::group::Pre task execution logs
[2025-02-08T19:00:32.254+0000] {taskinstance.py:2612} INFO - Dependencies all met for dep_context=non-requeueable deps ti=<TaskInstance: account_dim_gen.generate_account_dim_data scheduled__2024-11-16T00:00:00+00:00 [queued]>
[2025-02-08T19:00:32.262+0000] {taskinstance.py:2612} INFO - Dependencies all met for dep_context=requeueable deps ti=<TaskInstance: account_dim_gen.generate_account_dim_data scheduled__2024-11-16T00:00:00+00:00 [queued]>
[2025-02-08T19:00:32.263+0000] {taskinstance.py:2865} INFO - Starting attempt 1 of 1
[2025-02-08T19:00:32.275+0000] {taskinstance.py:2888} INFO - Executing <Task(PythonOperator): generate_account_dim_data> on 2024-11-16 00:00:00+00:00
[2025-02-08T19:00:32.285+0000] {logging_mixin.py:190} WARNING - /home/***/.local/lib/python3.12/site-packages/***/task/task_runner/standard_task_runner.py:70 DeprecationWarning: This process (pid=743) is multi-threaded, use of fork() may lead to deadlocks in the child.
[2025-02-08T19:00:32.287+0000] {standard_task_runner.py:72} INFO - Started process 753 to run task
[2025-02-08T19:00:32.285+0000] {standard_task_runner.py:104} INFO - Running: ['***', 'tasks', 'run', 'account_dim_gen', 'generate_account_dim_data', 'scheduled__2024-11-16T00:00:00+00:00', '--job-id', '71', '--raw', '--subdir', 'DAGS_FOLDER/account_dim_gen.py', '--cfg-path', '/tmp/tmp_td8yf0y']
[2025-02-08T19:00:32.287+0000] {standard_task_runner.py:105} INFO - Job 71: Subtask generate_account_dim_data
[2025-02-08T19:00:32.332+0000] {task_command.py:467} INFO - Running <TaskInstance: account_dim_gen.generate_account_dim_data scheduled__2024-11-16T00:00:00+00:00 [running]> on host 2c1cd59afcc0
[2025-02-08T19:00:32.411+0000] {taskinstance.py:3131} INFO - Exporting env vars: AIRFLOW_CTX_DAG_OWNER='Saleh' AIRFLOW_CTX_DAG_ID='account_dim_gen' AIRFLOW_CTX_TASK_ID='generate_account_dim_data' AIRFLOW_CTX_EXECUTION_DATE='2024-11-16T00:00:00+00:00' AIRFLOW_CTX_TRY_NUMBER='1' AIRFLOW_CTX_DAG_RUN_ID='scheduled__2024-11-16T00:00:00+00:00'
[2025-02-08T19:00:32.412+0000] {taskinstance.py:731} INFO - ::endgroup::
[2025-02-08T19:00:32.429+0000] {logging_mixin.py:190} INFO - CSV file ./account_dim_large_data.csv with 50 row has been generated successfully!
[2025-02-08T19:00:32.430+0000] {python.py:240} INFO - Done. Returned value was: None
[2025-02-08T19:00:32.439+0000] {taskinstance.py:340} INFO - ::group::Post task execution logs
[2025-02-08T19:00:32.440+0000] {taskinstance.py:352} INFO - Marking task as SUCCESS. dag_id=account_dim_gen, task_id=generate_account_dim_data, run_id=scheduled__2024-11-16T00:00:00+00:00, execution_date=20241116T000000, start_date=20250208T190032, end_date=20250208T190032
[2025-02-08T19:00:32.462+0000] {local_task_job_runner.py:266} INFO - Task exited with return code 0
[2025-02-08T19:00:32.479+0000] {taskinstance.py:3900} INFO - 0 downstream tasks scheduled from follow-on schedule check
[2025-02-08T19:00:32.482+0000] {local_task_job_runner.py:245} INFO - ::endgroup::
[2025-02-08T20:40:31.138+0000] {local_task_job_runner.py:123} INFO - ::group::Pre task execution logs
[2025-02-08T20:40:31.156+0000] {taskinstance.py:2612} INFO - Dependencies all met for dep_context=non-requeueable deps ti=<TaskInstance: account_dim_gen.generate_account_dim_data scheduled__2024-11-16T00:00:00+00:00 [queued]>
[2025-02-08T20:40:31.168+0000] {taskinstance.py:2612} INFO - Dependencies all met for dep_context=requeueable deps ti=<TaskInstance: account_dim_gen.generate_account_dim_data scheduled__2024-11-16T00:00:00+00:00 [queued]>
[2025-02-08T20:40:31.169+0000] {taskinstance.py:2865} INFO - Starting attempt 1 of 1
[2025-02-08T20:40:31.183+0000] {taskinstance.py:2888} INFO - Executing <Task(PythonOperator): generate_account_dim_data> on 2024-11-16 00:00:00+00:00
[2025-02-08T20:40:31.197+0000] {logging_mixin.py:190} WARNING - /home/***/.local/lib/python3.12/site-packages/***/task/task_runner/standard_task_runner.py:70 DeprecationWarning: This process (pid=1372) is multi-threaded, use of fork() may lead to deadlocks in the child.
[2025-02-08T20:40:31.197+0000] {standard_task_runner.py:104} INFO - Running: ['***', 'tasks', 'run', 'account_dim_gen', 'generate_account_dim_data', 'scheduled__2024-11-16T00:00:00+00:00', '--job-id', '192', '--raw', '--subdir', 'DAGS_FOLDER/account_dim_gen.py', '--cfg-path', '/tmp/tmp5s1za8uu']
[2025-02-08T20:40:31.200+0000] {standard_task_runner.py:105} INFO - Job 192: Subtask generate_account_dim_data
[2025-02-08T20:40:31.200+0000] {standard_task_runner.py:72} INFO - Started process 1399 to run task
[2025-02-08T20:40:31.252+0000] {task_command.py:467} INFO - Running <TaskInstance: account_dim_gen.generate_account_dim_data scheduled__2024-11-16T00:00:00+00:00 [running]> on host 7e959c1a2a8b
[2025-02-08T20:40:31.372+0000] {taskinstance.py:3131} INFO - Exporting env vars: AIRFLOW_CTX_DAG_OWNER='Saleh' AIRFLOW_CTX_DAG_ID='account_dim_gen' AIRFLOW_CTX_TASK_ID='generate_account_dim_data' AIRFLOW_CTX_EXECUTION_DATE='2024-11-16T00:00:00+00:00' AIRFLOW_CTX_TRY_NUMBER='1' AIRFLOW_CTX_DAG_RUN_ID='scheduled__2024-11-16T00:00:00+00:00'
[2025-02-08T20:40:31.374+0000] {taskinstance.py:731} INFO - ::endgroup::
[2025-02-08T20:40:31.417+0000] {logging_mixin.py:190} INFO - CSV file ./account_dim_large_data.csv with 50 row has been generated successfully!
[2025-02-08T20:40:31.417+0000] {python.py:240} INFO - Done. Returned value was: None
[2025-02-08T20:40:31.428+0000] {taskinstance.py:340} INFO - ::group::Post task execution logs
[2025-02-08T20:40:31.429+0000] {taskinstance.py:352} INFO - Marking task as SUCCESS. dag_id=account_dim_gen, task_id=generate_account_dim_data, run_id=scheduled__2024-11-16T00:00:00+00:00, execution_date=20241116T000000, start_date=20250208T204031, end_date=20250208T204031
[2025-02-08T20:40:31.459+0000] {local_task_job_runner.py:266} INFO - Task exited with return code 0
[2025-02-08T20:40:31.480+0000] {taskinstance.py:3900} INFO - 0 downstream tasks scheduled from follow-on schedule check
[2025-02-08T20:40:31.483+0000] {local_task_job_runner.py:245} INFO - ::endgroup::
