[2025-02-08T19:03:01.826+0000] {local_task_job_runner.py:123} INFO - ::group::Pre task execution logs
[2025-02-08T19:03:01.850+0000] {taskinstance.py:2612} INFO - Dependencies all met for dep_context=non-requeueable deps ti=<TaskInstance: customer_dim_generator.generate_customer_dim_data scheduled__2024-12-31T00:00:00+00:00 [queued]>
[2025-02-08T19:03:01.864+0000] {taskinstance.py:2612} INFO - Dependencies all met for dep_context=requeueable deps ti=<TaskInstance: customer_dim_generator.generate_customer_dim_data scheduled__2024-12-31T00:00:00+00:00 [queued]>
[2025-02-08T19:03:01.865+0000] {taskinstance.py:2865} INFO - Starting attempt 1 of 1
[2025-02-08T19:03:01.883+0000] {taskinstance.py:2888} INFO - Executing <Task(PythonOperator): generate_customer_dim_data> on 2024-12-31 00:00:00+00:00
[2025-02-08T19:03:01.900+0000] {logging_mixin.py:190} WARNING - /home/***/.local/lib/python3.12/site-packages/***/task/task_runner/standard_task_runner.py:70 DeprecationWarning: This process (pid=1874) is multi-threaded, use of fork() may lead to deadlocks in the child.
[2025-02-08T19:03:01.903+0000] {standard_task_runner.py:72} INFO - Started process 1897 to run task
[2025-02-08T19:03:01.898+0000] {standard_task_runner.py:104} INFO - Running: ['***', 'tasks', 'run', 'customer_dim_generator', 'generate_customer_dim_data', 'scheduled__2024-12-31T00:00:00+00:00', '--job-id', '326', '--raw', '--subdir', 'DAGS_FOLDER/customer_dim_gen.py', '--cfg-path', '/tmp/tmp7xvv2mnc']
[2025-02-08T19:03:01.905+0000] {standard_task_runner.py:105} INFO - Job 326: Subtask generate_customer_dim_data
[2025-02-08T19:03:01.960+0000] {task_command.py:467} INFO - Running <TaskInstance: customer_dim_generator.generate_customer_dim_data scheduled__2024-12-31T00:00:00+00:00 [running]> on host 2c1cd59afcc0
[2025-02-08T19:03:02.052+0000] {taskinstance.py:3131} INFO - Exporting env vars: AIRFLOW_CTX_DAG_OWNER='Saleh' AIRFLOW_CTX_DAG_ID='customer_dim_generator' AIRFLOW_CTX_TASK_ID='generate_customer_dim_data' AIRFLOW_CTX_EXECUTION_DATE='2024-12-31T00:00:00+00:00' AIRFLOW_CTX_TRY_NUMBER='1' AIRFLOW_CTX_DAG_RUN_ID='scheduled__2024-12-31T00:00:00+00:00'
[2025-02-08T19:03:02.054+0000] {taskinstance.py:731} INFO - ::endgroup::
[2025-02-08T19:03:02.082+0000] {logging_mixin.py:190} INFO - CSV file './customer_dim_large_data.csv' with 100 rows has been generated successfully.
[2025-02-08T19:03:02.083+0000] {python.py:240} INFO - Done. Returned value was: None
[2025-02-08T19:03:02.093+0000] {taskinstance.py:340} INFO - ::group::Post task execution logs
[2025-02-08T19:03:02.093+0000] {taskinstance.py:352} INFO - Marking task as SUCCESS. dag_id=customer_dim_generator, task_id=generate_customer_dim_data, run_id=scheduled__2024-12-31T00:00:00+00:00, execution_date=20241231T000000, start_date=20250208T190301, end_date=20250208T190302
[2025-02-08T19:03:02.128+0000] {local_task_job_runner.py:266} INFO - Task exited with return code 0
[2025-02-08T19:03:02.138+0000] {local_task_job_runner.py:245} INFO - ::endgroup::
[2025-02-08T20:40:48.512+0000] {local_task_job_runner.py:123} INFO - ::group::Pre task execution logs
[2025-02-08T20:40:48.528+0000] {taskinstance.py:2612} INFO - Dependencies all met for dep_context=non-requeueable deps ti=<TaskInstance: customer_dim_generator.generate_customer_dim_data scheduled__2024-12-31T00:00:00+00:00 [queued]>
[2025-02-08T20:40:48.537+0000] {taskinstance.py:2612} INFO - Dependencies all met for dep_context=requeueable deps ti=<TaskInstance: customer_dim_generator.generate_customer_dim_data scheduled__2024-12-31T00:00:00+00:00 [queued]>
[2025-02-08T20:40:48.538+0000] {taskinstance.py:2865} INFO - Starting attempt 1 of 1
[2025-02-08T20:40:48.556+0000] {taskinstance.py:2888} INFO - Executing <Task(PythonOperator): generate_customer_dim_data> on 2024-12-31 00:00:00+00:00
[2025-02-08T20:40:48.571+0000] {logging_mixin.py:190} WARNING - /home/***/.local/lib/python3.12/site-packages/***/task/task_runner/standard_task_runner.py:70 DeprecationWarning: This process (pid=1647) is multi-threaded, use of fork() may lead to deadlocks in the child.
[2025-02-08T20:40:48.572+0000] {standard_task_runner.py:72} INFO - Started process 1679 to run task
[2025-02-08T20:40:48.577+0000] {standard_task_runner.py:104} INFO - Running: ['***', 'tasks', 'run', 'customer_dim_generator', 'generate_customer_dim_data', 'scheduled__2024-12-31T00:00:00+00:00', '--job-id', '256', '--raw', '--subdir', 'DAGS_FOLDER/customer_dim_gen.py', '--cfg-path', '/tmp/tmptw17kac_']
[2025-02-08T20:40:48.580+0000] {standard_task_runner.py:105} INFO - Job 256: Subtask generate_customer_dim_data
[2025-02-08T20:40:48.657+0000] {task_command.py:467} INFO - Running <TaskInstance: customer_dim_generator.generate_customer_dim_data scheduled__2024-12-31T00:00:00+00:00 [running]> on host 7e959c1a2a8b
[2025-02-08T20:40:48.765+0000] {taskinstance.py:3131} INFO - Exporting env vars: AIRFLOW_CTX_DAG_OWNER='Saleh' AIRFLOW_CTX_DAG_ID='customer_dim_generator' AIRFLOW_CTX_TASK_ID='generate_customer_dim_data' AIRFLOW_CTX_EXECUTION_DATE='2024-12-31T00:00:00+00:00' AIRFLOW_CTX_TRY_NUMBER='1' AIRFLOW_CTX_DAG_RUN_ID='scheduled__2024-12-31T00:00:00+00:00'
[2025-02-08T20:40:48.766+0000] {taskinstance.py:731} INFO - ::endgroup::
[2025-02-08T20:40:48.808+0000] {logging_mixin.py:190} INFO - CSV file './customer_dim_large_data.csv' with 100 rows has been generated successfully.
[2025-02-08T20:40:48.809+0000] {python.py:240} INFO - Done. Returned value was: None
[2025-02-08T20:40:48.842+0000] {taskinstance.py:340} INFO - ::group::Post task execution logs
[2025-02-08T20:40:48.843+0000] {taskinstance.py:352} INFO - Marking task as SUCCESS. dag_id=customer_dim_generator, task_id=generate_customer_dim_data, run_id=scheduled__2024-12-31T00:00:00+00:00, execution_date=20241231T000000, start_date=20250208T204048, end_date=20250208T204048
[2025-02-08T20:40:48.875+0000] {local_task_job_runner.py:266} INFO - Task exited with return code 0
[2025-02-08T20:40:48.894+0000] {taskinstance.py:3900} INFO - 0 downstream tasks scheduled from follow-on schedule check
[2025-02-08T20:40:48.901+0000] {local_task_job_runner.py:245} INFO - ::endgroup::
[2025-02-08T20:43:32.148+0000] {local_task_job_runner.py:123} INFO - ::group::Pre task execution logs
[2025-02-08T20:43:32.165+0000] {taskinstance.py:2612} INFO - Dependencies all met for dep_context=non-requeueable deps ti=<TaskInstance: customer_dim_generator.generate_customer_dim_data scheduled__2024-12-31T00:00:00+00:00 [queued]>
[2025-02-08T20:43:32.175+0000] {taskinstance.py:2612} INFO - Dependencies all met for dep_context=requeueable deps ti=<TaskInstance: customer_dim_generator.generate_customer_dim_data scheduled__2024-12-31T00:00:00+00:00 [queued]>
[2025-02-08T20:43:32.175+0000] {taskinstance.py:2865} INFO - Starting attempt 1 of 1
[2025-02-08T20:43:32.189+0000] {taskinstance.py:2888} INFO - Executing <Task(PythonOperator): generate_customer_dim_data> on 2024-12-31 00:00:00+00:00
[2025-02-08T20:43:32.198+0000] {logging_mixin.py:190} WARNING - /home/***/.local/lib/python3.12/site-packages/***/task/task_runner/standard_task_runner.py:70 DeprecationWarning: This process (pid=758) is multi-threaded, use of fork() may lead to deadlocks in the child.
[2025-02-08T20:43:32.200+0000] {standard_task_runner.py:72} INFO - Started process 776 to run task
[2025-02-08T20:43:32.198+0000] {standard_task_runner.py:104} INFO - Running: ['***', 'tasks', 'run', 'customer_dim_generator', 'generate_customer_dim_data', 'scheduled__2024-12-31T00:00:00+00:00', '--job-id', '490', '--raw', '--subdir', 'DAGS_FOLDER/customer_dim_gen.py', '--cfg-path', '/tmp/tmp0mbzuah3']
[2025-02-08T20:43:32.201+0000] {standard_task_runner.py:105} INFO - Job 490: Subtask generate_customer_dim_data
[2025-02-08T20:43:32.247+0000] {task_command.py:467} INFO - Running <TaskInstance: customer_dim_generator.generate_customer_dim_data scheduled__2024-12-31T00:00:00+00:00 [running]> on host 86932746817d
[2025-02-08T20:43:32.332+0000] {taskinstance.py:3131} INFO - Exporting env vars: AIRFLOW_CTX_DAG_OWNER='Saleh' AIRFLOW_CTX_DAG_ID='customer_dim_generator' AIRFLOW_CTX_TASK_ID='generate_customer_dim_data' AIRFLOW_CTX_EXECUTION_DATE='2024-12-31T00:00:00+00:00' AIRFLOW_CTX_TRY_NUMBER='1' AIRFLOW_CTX_DAG_RUN_ID='scheduled__2024-12-31T00:00:00+00:00'
[2025-02-08T20:43:32.333+0000] {taskinstance.py:731} INFO - ::endgroup::
[2025-02-08T20:43:32.351+0000] {logging_mixin.py:190} INFO - CSV file './customer_dim_large_data.csv' with 100 rows has been generated successfully.
[2025-02-08T20:43:32.352+0000] {python.py:240} INFO - Done. Returned value was: None
[2025-02-08T20:43:32.360+0000] {taskinstance.py:340} INFO - ::group::Post task execution logs
[2025-02-08T20:43:32.361+0000] {taskinstance.py:352} INFO - Marking task as SUCCESS. dag_id=customer_dim_generator, task_id=generate_customer_dim_data, run_id=scheduled__2024-12-31T00:00:00+00:00, execution_date=20241231T000000, start_date=20250208T204332, end_date=20250208T204332
[2025-02-08T20:43:32.415+0000] {local_task_job_runner.py:266} INFO - Task exited with return code 0
[2025-02-08T20:43:32.425+0000] {local_task_job_runner.py:245} INFO - ::endgroup::
