[2025-02-08T19:03:33.853+0000] {local_task_job_runner.py:123} INFO - ::group::Pre task execution logs
[2025-02-08T19:03:33.869+0000] {taskinstance.py:2612} INFO - Dependencies all met for dep_context=non-requeueable deps ti=<TaskInstance: branch_dim_gen.generate_branch_dim_data scheduled__2025-01-27T00:00:00+00:00 [queued]>
[2025-02-08T19:03:33.878+0000] {taskinstance.py:2612} INFO - Dependencies all met for dep_context=requeueable deps ti=<TaskInstance: branch_dim_gen.generate_branch_dim_data scheduled__2025-01-27T00:00:00+00:00 [queued]>
[2025-02-08T19:03:33.879+0000] {taskinstance.py:2865} INFO - Starting attempt 1 of 1
[2025-02-08T19:03:33.954+0000] {taskinstance.py:2888} INFO - Executing <Task(PythonOperator): generate_branch_dim_data> on 2025-01-27 00:00:00+00:00
[2025-02-08T19:03:33.963+0000] {logging_mixin.py:190} WARNING - /home/***/.local/lib/python3.12/site-packages/***/task/task_runner/standard_task_runner.py:70 DeprecationWarning: This process (pid=2253) is multi-threaded, use of fork() may lead to deadlocks in the child.
[2025-02-08T19:03:33.964+0000] {standard_task_runner.py:72} INFO - Started process 2275 to run task
[2025-02-08T19:03:33.963+0000] {standard_task_runner.py:104} INFO - Running: ['***', 'tasks', 'run', 'branch_dim_gen', 'generate_branch_dim_data', 'scheduled__2025-01-27T00:00:00+00:00', '--job-id', '415', '--raw', '--subdir', 'DAGS_FOLDER/brnach_dim_gen.py', '--cfg-path', '/tmp/tmppfg5ja4u']
[2025-02-08T19:03:33.966+0000] {standard_task_runner.py:105} INFO - Job 415: Subtask generate_branch_dim_data
[2025-02-08T19:03:34.012+0000] {task_command.py:467} INFO - Running <TaskInstance: branch_dim_gen.generate_branch_dim_data scheduled__2025-01-27T00:00:00+00:00 [running]> on host 2c1cd59afcc0
[2025-02-08T19:03:34.088+0000] {taskinstance.py:3131} INFO - Exporting env vars: AIRFLOW_CTX_DAG_OWNER='Saleh' AIRFLOW_CTX_DAG_ID='branch_dim_gen' AIRFLOW_CTX_TASK_ID='generate_branch_dim_data' AIRFLOW_CTX_EXECUTION_DATE='2025-01-27T00:00:00+00:00' AIRFLOW_CTX_TRY_NUMBER='1' AIRFLOW_CTX_DAG_RUN_ID='scheduled__2025-01-27T00:00:00+00:00'
[2025-02-08T19:03:34.089+0000] {taskinstance.py:731} INFO - ::endgroup::
[2025-02-08T19:03:34.109+0000] {logging_mixin.py:190} INFO - CSV file './branch_dim_large_data.csv' with 50 rows has been generated successfully.
[2025-02-08T19:03:34.109+0000] {python.py:240} INFO - Done. Returned value was: None
[2025-02-08T19:03:34.117+0000] {taskinstance.py:340} INFO - ::group::Post task execution logs
[2025-02-08T19:03:34.118+0000] {taskinstance.py:352} INFO - Marking task as SUCCESS. dag_id=branch_dim_gen, task_id=generate_branch_dim_data, run_id=scheduled__2025-01-27T00:00:00+00:00, execution_date=20250127T000000, start_date=20250208T190333, end_date=20250208T190334
[2025-02-08T19:03:34.139+0000] {local_task_job_runner.py:266} INFO - Task exited with return code 0
[2025-02-08T19:03:34.156+0000] {taskinstance.py:3900} INFO - 0 downstream tasks scheduled from follow-on schedule check
[2025-02-08T19:03:34.159+0000] {local_task_job_runner.py:245} INFO - ::endgroup::
[2025-02-08T20:42:32.221+0000] {local_task_job_runner.py:123} INFO - ::group::Pre task execution logs
[2025-02-08T20:42:32.234+0000] {taskinstance.py:2612} INFO - Dependencies all met for dep_context=non-requeueable deps ti=<TaskInstance: branch_dim_gen.generate_branch_dim_data scheduled__2025-01-27T00:00:00+00:00 [queued]>
[2025-02-08T20:42:32.243+0000] {taskinstance.py:2612} INFO - Dependencies all met for dep_context=requeueable deps ti=<TaskInstance: branch_dim_gen.generate_branch_dim_data scheduled__2025-01-27T00:00:00+00:00 [queued]>
[2025-02-08T20:42:32.243+0000] {taskinstance.py:2865} INFO - Starting attempt 1 of 1
[2025-02-08T20:42:32.253+0000] {taskinstance.py:2888} INFO - Executing <Task(PythonOperator): generate_branch_dim_data> on 2025-01-27 00:00:00+00:00
[2025-02-08T20:42:32.261+0000] {standard_task_runner.py:104} INFO - Running: ['***', 'tasks', 'run', 'branch_dim_gen', 'generate_branch_dim_data', 'scheduled__2025-01-27T00:00:00+00:00', '--job-id', '379', '--raw', '--subdir', 'DAGS_FOLDER/brnach_dim_gen.py', '--cfg-path', '/tmp/tmpg6pkfbpj']
[2025-02-08T20:42:32.263+0000] {standard_task_runner.py:105} INFO - Job 379: Subtask generate_branch_dim_data
[2025-02-08T20:42:32.263+0000] {logging_mixin.py:190} WARNING - /home/***/.local/lib/python3.12/site-packages/***/task/task_runner/standard_task_runner.py:70 DeprecationWarning: This process (pid=261) is multi-threaded, use of fork() may lead to deadlocks in the child.
[2025-02-08T20:42:32.264+0000] {standard_task_runner.py:72} INFO - Started process 268 to run task
[2025-02-08T20:42:32.299+0000] {task_command.py:467} INFO - Running <TaskInstance: branch_dim_gen.generate_branch_dim_data scheduled__2025-01-27T00:00:00+00:00 [running]> on host 86932746817d
[2025-02-08T20:42:32.365+0000] {taskinstance.py:3131} INFO - Exporting env vars: AIRFLOW_CTX_DAG_OWNER='Saleh' AIRFLOW_CTX_DAG_ID='branch_dim_gen' AIRFLOW_CTX_TASK_ID='generate_branch_dim_data' AIRFLOW_CTX_EXECUTION_DATE='2025-01-27T00:00:00+00:00' AIRFLOW_CTX_TRY_NUMBER='1' AIRFLOW_CTX_DAG_RUN_ID='scheduled__2025-01-27T00:00:00+00:00'
[2025-02-08T20:42:32.365+0000] {taskinstance.py:731} INFO - ::endgroup::
[2025-02-08T20:42:32.382+0000] {logging_mixin.py:190} INFO - CSV file './branch_dim_large_data.csv' with 50 rows has been generated successfully.
[2025-02-08T20:42:32.383+0000] {python.py:240} INFO - Done. Returned value was: None
[2025-02-08T20:42:32.390+0000] {taskinstance.py:340} INFO - ::group::Post task execution logs
[2025-02-08T20:42:32.391+0000] {taskinstance.py:352} INFO - Marking task as SUCCESS. dag_id=branch_dim_gen, task_id=generate_branch_dim_data, run_id=scheduled__2025-01-27T00:00:00+00:00, execution_date=20250127T000000, start_date=20250208T204232, end_date=20250208T204232
[2025-02-08T20:42:32.438+0000] {local_task_job_runner.py:266} INFO - Task exited with return code 0
[2025-02-08T20:42:32.450+0000] {taskinstance.py:3900} INFO - 0 downstream tasks scheduled from follow-on schedule check
[2025-02-08T20:42:32.452+0000] {local_task_job_runner.py:245} INFO - ::endgroup::
