[2025-02-08T19:03:27.283+0000] {local_task_job_runner.py:123} INFO - ::group::Pre task execution logs
[2025-02-08T19:03:27.300+0000] {taskinstance.py:2612} INFO - Dependencies all met for dep_context=non-requeueable deps ti=<TaskInstance: branch_dim_gen.generate_branch_dim_data scheduled__2025-01-11T00:00:00+00:00 [queued]>
[2025-02-08T19:03:27.311+0000] {taskinstance.py:2612} INFO - Dependencies all met for dep_context=requeueable deps ti=<TaskInstance: branch_dim_gen.generate_branch_dim_data scheduled__2025-01-11T00:00:00+00:00 [queued]>
[2025-02-08T19:03:27.312+0000] {taskinstance.py:2865} INFO - Starting attempt 1 of 1
[2025-02-08T19:03:27.330+0000] {taskinstance.py:2888} INFO - Executing <Task(PythonOperator): generate_branch_dim_data> on 2025-01-11 00:00:00+00:00
[2025-02-08T19:03:27.340+0000] {logging_mixin.py:190} WARNING - /home/***/.local/lib/python3.12/site-packages/***/task/task_runner/standard_task_runner.py:70 DeprecationWarning: This process (pid=2182) is multi-threaded, use of fork() may lead to deadlocks in the child.
[2025-02-08T19:03:27.341+0000] {standard_task_runner.py:104} INFO - Running: ['***', 'tasks', 'run', 'branch_dim_gen', 'generate_branch_dim_data', 'scheduled__2025-01-11T00:00:00+00:00', '--job-id', '394', '--raw', '--subdir', 'DAGS_FOLDER/brnach_dim_gen.py', '--cfg-path', '/tmp/tmpo7heqd14']
[2025-02-08T19:03:27.344+0000] {standard_task_runner.py:72} INFO - Started process 2204 to run task
[2025-02-08T19:03:27.344+0000] {standard_task_runner.py:105} INFO - Job 394: Subtask generate_branch_dim_data
[2025-02-08T19:03:27.392+0000] {task_command.py:467} INFO - Running <TaskInstance: branch_dim_gen.generate_branch_dim_data scheduled__2025-01-11T00:00:00+00:00 [running]> on host 2c1cd59afcc0
[2025-02-08T19:03:27.480+0000] {taskinstance.py:3131} INFO - Exporting env vars: AIRFLOW_CTX_DAG_OWNER='Saleh' AIRFLOW_CTX_DAG_ID='branch_dim_gen' AIRFLOW_CTX_TASK_ID='generate_branch_dim_data' AIRFLOW_CTX_EXECUTION_DATE='2025-01-11T00:00:00+00:00' AIRFLOW_CTX_TRY_NUMBER='1' AIRFLOW_CTX_DAG_RUN_ID='scheduled__2025-01-11T00:00:00+00:00'
[2025-02-08T19:03:27.485+0000] {taskinstance.py:731} INFO - ::endgroup::
[2025-02-08T19:03:27.513+0000] {logging_mixin.py:190} INFO - CSV file './branch_dim_large_data.csv' with 50 rows has been generated successfully.
[2025-02-08T19:03:27.514+0000] {python.py:240} INFO - Done. Returned value was: None
[2025-02-08T19:03:27.523+0000] {taskinstance.py:340} INFO - ::group::Post task execution logs
[2025-02-08T19:03:27.524+0000] {taskinstance.py:352} INFO - Marking task as SUCCESS. dag_id=branch_dim_gen, task_id=generate_branch_dim_data, run_id=scheduled__2025-01-11T00:00:00+00:00, execution_date=20250111T000000, start_date=20250208T190327, end_date=20250208T190327
[2025-02-08T19:03:27.574+0000] {local_task_job_runner.py:266} INFO - Task exited with return code 0
[2025-02-08T19:03:27.587+0000] {local_task_job_runner.py:245} INFO - ::endgroup::
[2025-02-08T20:41:13.944+0000] {local_task_job_runner.py:123} INFO - ::group::Pre task execution logs
[2025-02-08T20:41:13.957+0000] {taskinstance.py:2612} INFO - Dependencies all met for dep_context=non-requeueable deps ti=<TaskInstance: branch_dim_gen.generate_branch_dim_data scheduled__2025-01-11T00:00:00+00:00 [queued]>
[2025-02-08T20:41:13.964+0000] {taskinstance.py:2612} INFO - Dependencies all met for dep_context=requeueable deps ti=<TaskInstance: branch_dim_gen.generate_branch_dim_data scheduled__2025-01-11T00:00:00+00:00 [queued]>
[2025-02-08T20:41:13.964+0000] {taskinstance.py:2865} INFO - Starting attempt 1 of 1
[2025-02-08T20:41:13.975+0000] {taskinstance.py:2888} INFO - Executing <Task(PythonOperator): generate_branch_dim_data> on 2025-01-11 00:00:00+00:00
[2025-02-08T20:41:13.984+0000] {logging_mixin.py:190} WARNING - /home/***/.local/lib/python3.12/site-packages/***/task/task_runner/standard_task_runner.py:70 DeprecationWarning: This process (pid=2047) is multi-threaded, use of fork() may lead to deadlocks in the child.
[2025-02-08T20:41:13.985+0000] {standard_task_runner.py:72} INFO - Started process 2056 to run task
[2025-02-08T20:41:13.984+0000] {standard_task_runner.py:104} INFO - Running: ['***', 'tasks', 'run', 'branch_dim_gen', 'generate_branch_dim_data', 'scheduled__2025-01-11T00:00:00+00:00', '--job-id', '347', '--raw', '--subdir', 'DAGS_FOLDER/brnach_dim_gen.py', '--cfg-path', '/tmp/tmp_d5fr_6u']
[2025-02-08T20:41:13.986+0000] {standard_task_runner.py:105} INFO - Job 347: Subtask generate_branch_dim_data
[2025-02-08T20:41:14.023+0000] {task_command.py:467} INFO - Running <TaskInstance: branch_dim_gen.generate_branch_dim_data scheduled__2025-01-11T00:00:00+00:00 [running]> on host 7e959c1a2a8b
[2025-02-08T20:41:14.089+0000] {taskinstance.py:3131} INFO - Exporting env vars: AIRFLOW_CTX_DAG_OWNER='Saleh' AIRFLOW_CTX_DAG_ID='branch_dim_gen' AIRFLOW_CTX_TASK_ID='generate_branch_dim_data' AIRFLOW_CTX_EXECUTION_DATE='2025-01-11T00:00:00+00:00' AIRFLOW_CTX_TRY_NUMBER='1' AIRFLOW_CTX_DAG_RUN_ID='scheduled__2025-01-11T00:00:00+00:00'
[2025-02-08T20:41:14.091+0000] {taskinstance.py:731} INFO - ::endgroup::
[2025-02-08T20:41:14.109+0000] {logging_mixin.py:190} INFO - CSV file './branch_dim_large_data.csv' with 50 rows has been generated successfully.
[2025-02-08T20:41:14.110+0000] {python.py:240} INFO - Done. Returned value was: None
[2025-02-08T20:41:14.116+0000] {taskinstance.py:340} INFO - ::group::Post task execution logs
[2025-02-08T20:41:14.117+0000] {taskinstance.py:352} INFO - Marking task as SUCCESS. dag_id=branch_dim_gen, task_id=generate_branch_dim_data, run_id=scheduled__2025-01-11T00:00:00+00:00, execution_date=20250111T000000, start_date=20250208T204113, end_date=20250208T204114
[2025-02-08T20:41:14.159+0000] {local_task_job_runner.py:266} INFO - Task exited with return code 0
[2025-02-08T20:41:14.173+0000] {taskinstance.py:3900} INFO - 0 downstream tasks scheduled from follow-on schedule check
[2025-02-08T20:41:14.176+0000] {local_task_job_runner.py:245} INFO - ::endgroup::
