[2025-02-08T19:03:27.379+0000] {local_task_job_runner.py:123} INFO - ::group::Pre task execution logs
[2025-02-08T19:03:27.410+0000] {taskinstance.py:2612} INFO - Dependencies all met for dep_context=non-requeueable deps ti=<TaskInstance: customer_dim_generator.generate_customer_dim_data scheduled__2025-02-04T00:00:00+00:00 [queued]>
[2025-02-08T19:03:27.420+0000] {taskinstance.py:2612} INFO - Dependencies all met for dep_context=requeueable deps ti=<TaskInstance: customer_dim_generator.generate_customer_dim_data scheduled__2025-02-04T00:00:00+00:00 [queued]>
[2025-02-08T19:03:27.421+0000] {taskinstance.py:2865} INFO - Starting attempt 1 of 1
[2025-02-08T19:03:27.494+0000] {taskinstance.py:2888} INFO - Executing <Task(PythonOperator): generate_customer_dim_data> on 2025-02-04 00:00:00+00:00
[2025-02-08T19:03:27.503+0000] {logging_mixin.py:190} WARNING - /home/***/.local/lib/python3.12/site-packages/***/task/task_runner/standard_task_runner.py:70 DeprecationWarning: This process (pid=2186) is multi-threaded, use of fork() may lead to deadlocks in the child.
[2025-02-08T19:03:27.505+0000] {standard_task_runner.py:72} INFO - Started process 2207 to run task
[2025-02-08T19:03:27.505+0000] {standard_task_runner.py:104} INFO - Running: ['***', 'tasks', 'run', 'customer_dim_generator', 'generate_customer_dim_data', 'scheduled__2025-02-04T00:00:00+00:00', '--job-id', '397', '--raw', '--subdir', 'DAGS_FOLDER/customer_dim_gen.py', '--cfg-path', '/tmp/tmphdh1ys2b']
[2025-02-08T19:03:27.507+0000] {standard_task_runner.py:105} INFO - Job 397: Subtask generate_customer_dim_data
[2025-02-08T19:03:27.570+0000] {task_command.py:467} INFO - Running <TaskInstance: customer_dim_generator.generate_customer_dim_data scheduled__2025-02-04T00:00:00+00:00 [running]> on host 2c1cd59afcc0
[2025-02-08T19:03:27.668+0000] {taskinstance.py:3131} INFO - Exporting env vars: AIRFLOW_CTX_DAG_OWNER='Saleh' AIRFLOW_CTX_DAG_ID='customer_dim_generator' AIRFLOW_CTX_TASK_ID='generate_customer_dim_data' AIRFLOW_CTX_EXECUTION_DATE='2025-02-04T00:00:00+00:00' AIRFLOW_CTX_TRY_NUMBER='1' AIRFLOW_CTX_DAG_RUN_ID='scheduled__2025-02-04T00:00:00+00:00'
[2025-02-08T19:03:27.670+0000] {taskinstance.py:731} INFO - ::endgroup::
[2025-02-08T19:03:27.693+0000] {logging_mixin.py:190} INFO - CSV file './customer_dim_large_data.csv' with 100 rows has been generated successfully.
[2025-02-08T19:03:27.694+0000] {python.py:240} INFO - Done. Returned value was: None
[2025-02-08T19:03:27.703+0000] {taskinstance.py:340} INFO - ::group::Post task execution logs
[2025-02-08T19:03:27.704+0000] {taskinstance.py:352} INFO - Marking task as SUCCESS. dag_id=customer_dim_generator, task_id=generate_customer_dim_data, run_id=scheduled__2025-02-04T00:00:00+00:00, execution_date=20250204T000000, start_date=20250208T190327, end_date=20250208T190327
[2025-02-08T19:03:27.760+0000] {local_task_job_runner.py:266} INFO - Task exited with return code 0
[2025-02-08T19:03:27.781+0000] {taskinstance.py:3900} INFO - 0 downstream tasks scheduled from follow-on schedule check
[2025-02-08T19:03:27.784+0000] {local_task_job_runner.py:245} INFO - ::endgroup::
[2025-02-08T20:43:54.641+0000] {local_task_job_runner.py:123} INFO - ::group::Pre task execution logs
[2025-02-08T20:43:54.657+0000] {taskinstance.py:2612} INFO - Dependencies all met for dep_context=non-requeueable deps ti=<TaskInstance: customer_dim_generator.generate_customer_dim_data scheduled__2025-02-04T00:00:00+00:00 [queued]>
[2025-02-08T20:43:54.666+0000] {taskinstance.py:2612} INFO - Dependencies all met for dep_context=requeueable deps ti=<TaskInstance: customer_dim_generator.generate_customer_dim_data scheduled__2025-02-04T00:00:00+00:00 [queued]>
[2025-02-08T20:43:54.667+0000] {taskinstance.py:2865} INFO - Starting attempt 1 of 1
[2025-02-08T20:43:54.681+0000] {taskinstance.py:2888} INFO - Executing <Task(PythonOperator): generate_customer_dim_data> on 2025-02-04 00:00:00+00:00
[2025-02-08T20:43:54.688+0000] {logging_mixin.py:190} WARNING - /home/***/.local/lib/python3.12/site-packages/***/task/task_runner/standard_task_runner.py:70 DeprecationWarning: This process (pid=926) is multi-threaded, use of fork() may lead to deadlocks in the child.
[2025-02-08T20:43:54.689+0000] {standard_task_runner.py:72} INFO - Started process 943 to run task
[2025-02-08T20:43:54.688+0000] {standard_task_runner.py:104} INFO - Running: ['***', 'tasks', 'run', 'customer_dim_generator', 'generate_customer_dim_data', 'scheduled__2025-02-04T00:00:00+00:00', '--job-id', '525', '--raw', '--subdir', 'DAGS_FOLDER/customer_dim_gen.py', '--cfg-path', '/tmp/tmpr94lqvud']
[2025-02-08T20:43:54.690+0000] {standard_task_runner.py:105} INFO - Job 525: Subtask generate_customer_dim_data
[2025-02-08T20:43:54.731+0000] {task_command.py:467} INFO - Running <TaskInstance: customer_dim_generator.generate_customer_dim_data scheduled__2025-02-04T00:00:00+00:00 [running]> on host 86932746817d
[2025-02-08T20:43:54.811+0000] {taskinstance.py:3131} INFO - Exporting env vars: AIRFLOW_CTX_DAG_OWNER='Saleh' AIRFLOW_CTX_DAG_ID='customer_dim_generator' AIRFLOW_CTX_TASK_ID='generate_customer_dim_data' AIRFLOW_CTX_EXECUTION_DATE='2025-02-04T00:00:00+00:00' AIRFLOW_CTX_TRY_NUMBER='1' AIRFLOW_CTX_DAG_RUN_ID='scheduled__2025-02-04T00:00:00+00:00'
[2025-02-08T20:43:54.812+0000] {taskinstance.py:731} INFO - ::endgroup::
[2025-02-08T20:43:54.831+0000] {logging_mixin.py:190} INFO - CSV file './customer_dim_large_data.csv' with 100 rows has been generated successfully.
[2025-02-08T20:43:54.832+0000] {python.py:240} INFO - Done. Returned value was: None
[2025-02-08T20:43:54.839+0000] {taskinstance.py:340} INFO - ::group::Post task execution logs
[2025-02-08T20:43:54.840+0000] {taskinstance.py:352} INFO - Marking task as SUCCESS. dag_id=customer_dim_generator, task_id=generate_customer_dim_data, run_id=scheduled__2025-02-04T00:00:00+00:00, execution_date=20250204T000000, start_date=20250208T204354, end_date=20250208T204354
[2025-02-08T20:43:54.864+0000] {local_task_job_runner.py:266} INFO - Task exited with return code 0
[2025-02-08T20:43:54.876+0000] {taskinstance.py:3900} INFO - 0 downstream tasks scheduled from follow-on schedule check
[2025-02-08T20:43:54.878+0000] {local_task_job_runner.py:245} INFO - ::endgroup::
