[2025-02-08T19:03:16.668+0000] {local_task_job_runner.py:123} INFO - ::group::Pre task execution logs
[2025-02-08T19:03:16.683+0000] {taskinstance.py:2612} INFO - Dependencies all met for dep_context=non-requeueable deps ti=<TaskInstance: branch_dim_gen.generate_branch_dim_data scheduled__2025-01-01T00:00:00+00:00 [queued]>
[2025-02-08T19:03:16.692+0000] {taskinstance.py:2612} INFO - Dependencies all met for dep_context=requeueable deps ti=<TaskInstance: branch_dim_gen.generate_branch_dim_data scheduled__2025-01-01T00:00:00+00:00 [queued]>
[2025-02-08T19:03:16.692+0000] {taskinstance.py:2865} INFO - Starting attempt 1 of 1
[2025-02-08T19:03:16.709+0000] {taskinstance.py:2888} INFO - Executing <Task(PythonOperator): generate_branch_dim_data> on 2025-01-01 00:00:00+00:00
[2025-02-08T19:03:16.718+0000] {logging_mixin.py:190} WARNING - /home/***/.local/lib/python3.12/site-packages/***/task/task_runner/standard_task_runner.py:70 DeprecationWarning: This process (pid=2086) is multi-threaded, use of fork() may lead to deadlocks in the child.
[2025-02-08T19:03:16.719+0000] {standard_task_runner.py:72} INFO - Started process 2097 to run task
[2025-02-08T19:03:16.718+0000] {standard_task_runner.py:104} INFO - Running: ['***', 'tasks', 'run', 'branch_dim_gen', 'generate_branch_dim_data', 'scheduled__2025-01-01T00:00:00+00:00', '--job-id', '374', '--raw', '--subdir', 'DAGS_FOLDER/brnach_dim_gen.py', '--cfg-path', '/tmp/tmpu6rmxxo6']
[2025-02-08T19:03:16.720+0000] {standard_task_runner.py:105} INFO - Job 374: Subtask generate_branch_dim_data
[2025-02-08T19:03:16.762+0000] {task_command.py:467} INFO - Running <TaskInstance: branch_dim_gen.generate_branch_dim_data scheduled__2025-01-01T00:00:00+00:00 [running]> on host 2c1cd59afcc0
[2025-02-08T19:03:16.856+0000] {taskinstance.py:3131} INFO - Exporting env vars: AIRFLOW_CTX_DAG_OWNER='Saleh' AIRFLOW_CTX_DAG_ID='branch_dim_gen' AIRFLOW_CTX_TASK_ID='generate_branch_dim_data' AIRFLOW_CTX_EXECUTION_DATE='2025-01-01T00:00:00+00:00' AIRFLOW_CTX_TRY_NUMBER='1' AIRFLOW_CTX_DAG_RUN_ID='scheduled__2025-01-01T00:00:00+00:00'
[2025-02-08T19:03:16.857+0000] {taskinstance.py:731} INFO - ::endgroup::
[2025-02-08T19:03:16.873+0000] {logging_mixin.py:190} INFO - CSV file './branch_dim_large_data.csv' with 50 rows has been generated successfully.
[2025-02-08T19:03:16.873+0000] {python.py:240} INFO - Done. Returned value was: None
[2025-02-08T19:03:16.881+0000] {taskinstance.py:340} INFO - ::group::Post task execution logs
[2025-02-08T19:03:16.882+0000] {taskinstance.py:352} INFO - Marking task as SUCCESS. dag_id=branch_dim_gen, task_id=generate_branch_dim_data, run_id=scheduled__2025-01-01T00:00:00+00:00, execution_date=20250101T000000, start_date=20250208T190316, end_date=20250208T190316
[2025-02-08T19:03:16.934+0000] {local_task_job_runner.py:266} INFO - Task exited with return code 0
[2025-02-08T19:03:16.947+0000] {taskinstance.py:3900} INFO - 0 downstream tasks scheduled from follow-on schedule check
[2025-02-08T19:03:16.951+0000] {local_task_job_runner.py:245} INFO - ::endgroup::
[2025-02-08T20:41:07.778+0000] {local_task_job_runner.py:123} INFO - ::group::Pre task execution logs
[2025-02-08T20:41:07.808+0000] {taskinstance.py:2612} INFO - Dependencies all met for dep_context=non-requeueable deps ti=<TaskInstance: branch_dim_gen.generate_branch_dim_data scheduled__2025-01-01T00:00:00+00:00 [queued]>
[2025-02-08T20:41:07.831+0000] {taskinstance.py:2612} INFO - Dependencies all met for dep_context=requeueable deps ti=<TaskInstance: branch_dim_gen.generate_branch_dim_data scheduled__2025-01-01T00:00:00+00:00 [queued]>
[2025-02-08T20:41:07.831+0000] {taskinstance.py:2865} INFO - Starting attempt 1 of 1
[2025-02-08T20:41:07.881+0000] {taskinstance.py:2888} INFO - Executing <Task(PythonOperator): generate_branch_dim_data> on 2025-01-01 00:00:00+00:00
[2025-02-08T20:41:07.894+0000] {logging_mixin.py:190} WARNING - /home/***/.local/lib/python3.12/site-packages/***/task/task_runner/standard_task_runner.py:70 DeprecationWarning: This process (pid=1951) is multi-threaded, use of fork() may lead to deadlocks in the child.
[2025-02-08T20:41:07.895+0000] {standard_task_runner.py:72} INFO - Started process 1975 to run task
[2025-02-08T20:41:07.903+0000] {standard_task_runner.py:104} INFO - Running: ['***', 'tasks', 'run', 'branch_dim_gen', 'generate_branch_dim_data', 'scheduled__2025-01-01T00:00:00+00:00', '--job-id', '327', '--raw', '--subdir', 'DAGS_FOLDER/brnach_dim_gen.py', '--cfg-path', '/tmp/tmpklab6rfr']
[2025-02-08T20:41:07.907+0000] {standard_task_runner.py:105} INFO - Job 327: Subtask generate_branch_dim_data
[2025-02-08T20:41:07.986+0000] {task_command.py:467} INFO - Running <TaskInstance: branch_dim_gen.generate_branch_dim_data scheduled__2025-01-01T00:00:00+00:00 [running]> on host 7e959c1a2a8b
[2025-02-08T20:41:08.101+0000] {taskinstance.py:3131} INFO - Exporting env vars: AIRFLOW_CTX_DAG_OWNER='Saleh' AIRFLOW_CTX_DAG_ID='branch_dim_gen' AIRFLOW_CTX_TASK_ID='generate_branch_dim_data' AIRFLOW_CTX_EXECUTION_DATE='2025-01-01T00:00:00+00:00' AIRFLOW_CTX_TRY_NUMBER='1' AIRFLOW_CTX_DAG_RUN_ID='scheduled__2025-01-01T00:00:00+00:00'
[2025-02-08T20:41:08.104+0000] {taskinstance.py:731} INFO - ::endgroup::
[2025-02-08T20:41:08.132+0000] {logging_mixin.py:190} INFO - CSV file './branch_dim_large_data.csv' with 50 rows has been generated successfully.
[2025-02-08T20:41:08.135+0000] {python.py:240} INFO - Done. Returned value was: None
[2025-02-08T20:41:08.148+0000] {taskinstance.py:340} INFO - ::group::Post task execution logs
[2025-02-08T20:41:08.148+0000] {taskinstance.py:352} INFO - Marking task as SUCCESS. dag_id=branch_dim_gen, task_id=generate_branch_dim_data, run_id=scheduled__2025-01-01T00:00:00+00:00, execution_date=20250101T000000, start_date=20250208T204107, end_date=20250208T204108
[2025-02-08T20:41:08.203+0000] {local_task_job_runner.py:266} INFO - Task exited with return code 0
[2025-02-08T20:41:08.213+0000] {local_task_job_runner.py:245} INFO - ::endgroup::
