[2025-02-08T19:02:37.550+0000] {local_task_job_runner.py:123} INFO - ::group::Pre task execution logs
[2025-02-08T19:02:37.576+0000] {taskinstance.py:2612} INFO - Dependencies all met for dep_context=non-requeueable deps ti=<TaskInstance: branch_dim_gen.generate_branch_dim_data scheduled__2024-11-01T00:00:00+00:00 [queued]>
[2025-02-08T19:02:37.597+0000] {taskinstance.py:2612} INFO - Dependencies all met for dep_context=requeueable deps ti=<TaskInstance: branch_dim_gen.generate_branch_dim_data scheduled__2024-11-01T00:00:00+00:00 [queued]>
[2025-02-08T19:02:37.598+0000] {taskinstance.py:2865} INFO - Starting attempt 1 of 1
[2025-02-08T19:02:37.625+0000] {taskinstance.py:2888} INFO - Executing <Task(PythonOperator): generate_branch_dim_data> on 2024-11-01 00:00:00+00:00
[2025-02-08T19:02:37.638+0000] {logging_mixin.py:190} WARNING - /home/***/.local/lib/python3.12/site-packages/***/task/task_runner/standard_task_runner.py:70 DeprecationWarning: This process (pid=1551) is multi-threaded, use of fork() may lead to deadlocks in the child.
[2025-02-08T19:02:37.639+0000] {standard_task_runner.py:72} INFO - Started process 1583 to run task
[2025-02-08T19:02:37.646+0000] {standard_task_runner.py:104} INFO - Running: ['***', 'tasks', 'run', 'branch_dim_gen', 'generate_branch_dim_data', 'scheduled__2024-11-01T00:00:00+00:00', '--job-id', '252', '--raw', '--subdir', 'DAGS_FOLDER/brnach_dim_gen.py', '--cfg-path', '/tmp/tmpyav02b6i']
[2025-02-08T19:02:37.648+0000] {standard_task_runner.py:105} INFO - Job 252: Subtask generate_branch_dim_data
[2025-02-08T19:02:37.704+0000] {task_command.py:467} INFO - Running <TaskInstance: branch_dim_gen.generate_branch_dim_data scheduled__2024-11-01T00:00:00+00:00 [running]> on host 2c1cd59afcc0
[2025-02-08T19:02:37.803+0000] {taskinstance.py:3131} INFO - Exporting env vars: AIRFLOW_CTX_DAG_OWNER='Saleh' AIRFLOW_CTX_DAG_ID='branch_dim_gen' AIRFLOW_CTX_TASK_ID='generate_branch_dim_data' AIRFLOW_CTX_EXECUTION_DATE='2024-11-01T00:00:00+00:00' AIRFLOW_CTX_TRY_NUMBER='1' AIRFLOW_CTX_DAG_RUN_ID='scheduled__2024-11-01T00:00:00+00:00'
[2025-02-08T19:02:37.804+0000] {taskinstance.py:731} INFO - ::endgroup::
[2025-02-08T19:02:37.831+0000] {logging_mixin.py:190} INFO - CSV file './branch_dim_large_data.csv' with 50 rows has been generated successfully.
[2025-02-08T19:02:37.833+0000] {python.py:240} INFO - Done. Returned value was: None
[2025-02-08T19:02:37.845+0000] {taskinstance.py:340} INFO - ::group::Post task execution logs
[2025-02-08T19:02:37.847+0000] {taskinstance.py:352} INFO - Marking task as SUCCESS. dag_id=branch_dim_gen, task_id=generate_branch_dim_data, run_id=scheduled__2024-11-01T00:00:00+00:00, execution_date=20241101T000000, start_date=20250208T190237, end_date=20250208T190237
[2025-02-08T19:02:37.896+0000] {local_task_job_runner.py:266} INFO - Task exited with return code 0
[2025-02-08T19:02:37.907+0000] {local_task_job_runner.py:245} INFO - ::endgroup::
[2025-02-08T20:40:21.465+0000] {local_task_job_runner.py:123} INFO - ::group::Pre task execution logs
[2025-02-08T20:40:21.485+0000] {taskinstance.py:2612} INFO - Dependencies all met for dep_context=non-requeueable deps ti=<TaskInstance: branch_dim_gen.generate_branch_dim_data scheduled__2024-11-01T00:00:00+00:00 [queued]>
[2025-02-08T20:40:21.502+0000] {taskinstance.py:2612} INFO - Dependencies all met for dep_context=requeueable deps ti=<TaskInstance: branch_dim_gen.generate_branch_dim_data scheduled__2024-11-01T00:00:00+00:00 [queued]>
[2025-02-08T20:40:21.503+0000] {taskinstance.py:2865} INFO - Starting attempt 1 of 1
[2025-02-08T20:40:21.538+0000] {taskinstance.py:2888} INFO - Executing <Task(PythonOperator): generate_branch_dim_data> on 2024-11-01 00:00:00+00:00
[2025-02-08T20:40:21.560+0000] {logging_mixin.py:190} WARNING - /home/***/.local/lib/python3.12/site-packages/***/task/task_runner/standard_task_runner.py:70 DeprecationWarning: This process (pid=1205) is multi-threaded, use of fork() may lead to deadlocks in the child.
[2025-02-08T20:40:21.567+0000] {standard_task_runner.py:72} INFO - Started process 1235 to run task
[2025-02-08T20:40:21.569+0000] {standard_task_runner.py:104} INFO - Running: ['***', 'tasks', 'run', 'branch_dim_gen', 'generate_branch_dim_data', 'scheduled__2024-11-01T00:00:00+00:00', '--job-id', '151', '--raw', '--subdir', 'DAGS_FOLDER/brnach_dim_gen.py', '--cfg-path', '/tmp/tmpk0a92ztc']
[2025-02-08T20:40:21.571+0000] {standard_task_runner.py:105} INFO - Job 151: Subtask generate_branch_dim_data
[2025-02-08T20:40:21.668+0000] {task_command.py:467} INFO - Running <TaskInstance: branch_dim_gen.generate_branch_dim_data scheduled__2024-11-01T00:00:00+00:00 [running]> on host 7e959c1a2a8b
[2025-02-08T20:40:21.897+0000] {taskinstance.py:3131} INFO - Exporting env vars: AIRFLOW_CTX_DAG_OWNER='Saleh' AIRFLOW_CTX_DAG_ID='branch_dim_gen' AIRFLOW_CTX_TASK_ID='generate_branch_dim_data' AIRFLOW_CTX_EXECUTION_DATE='2024-11-01T00:00:00+00:00' AIRFLOW_CTX_TRY_NUMBER='1' AIRFLOW_CTX_DAG_RUN_ID='scheduled__2024-11-01T00:00:00+00:00'
[2025-02-08T20:40:21.903+0000] {taskinstance.py:731} INFO - ::endgroup::
[2025-02-08T20:40:21.952+0000] {logging_mixin.py:190} INFO - CSV file './branch_dim_large_data.csv' with 50 rows has been generated successfully.
[2025-02-08T20:40:21.954+0000] {python.py:240} INFO - Done. Returned value was: None
[2025-02-08T20:40:21.979+0000] {taskinstance.py:340} INFO - ::group::Post task execution logs
[2025-02-08T20:40:21.980+0000] {taskinstance.py:352} INFO - Marking task as SUCCESS. dag_id=branch_dim_gen, task_id=generate_branch_dim_data, run_id=scheduled__2024-11-01T00:00:00+00:00, execution_date=20241101T000000, start_date=20250208T204021, end_date=20250208T204021
[2025-02-08T20:40:22.049+0000] {local_task_job_runner.py:266} INFO - Task exited with return code 0
[2025-02-08T20:40:22.080+0000] {taskinstance.py:3900} INFO - 0 downstream tasks scheduled from follow-on schedule check
[2025-02-08T20:40:22.095+0000] {local_task_job_runner.py:245} INFO - ::endgroup::
