[2025-02-08T19:03:08.087+0000] {local_task_job_runner.py:123} INFO - ::group::Pre task execution logs
[2025-02-08T19:03:08.107+0000] {taskinstance.py:2612} INFO - Dependencies all met for dep_context=non-requeueable deps ti=<TaskInstance: customer_dim_generator.generate_customer_dim_data scheduled__2025-01-06T00:00:00+00:00 [queued]>
[2025-02-08T19:03:08.117+0000] {taskinstance.py:2612} INFO - Dependencies all met for dep_context=requeueable deps ti=<TaskInstance: customer_dim_generator.generate_customer_dim_data scheduled__2025-01-06T00:00:00+00:00 [queued]>
[2025-02-08T19:03:08.118+0000] {taskinstance.py:2865} INFO - Starting attempt 1 of 1
[2025-02-08T19:03:08.132+0000] {taskinstance.py:2888} INFO - Executing <Task(PythonOperator): generate_customer_dim_data> on 2025-01-06 00:00:00+00:00
[2025-02-08T19:03:08.144+0000] {logging_mixin.py:190} WARNING - /home/***/.local/lib/python3.12/site-packages/***/task/task_runner/standard_task_runner.py:70 DeprecationWarning: This process (pid=1936) is multi-threaded, use of fork() may lead to deadlocks in the child.
[2025-02-08T19:03:08.146+0000] {standard_task_runner.py:72} INFO - Started process 1959 to run task
[2025-02-08T19:03:08.154+0000] {standard_task_runner.py:104} INFO - Running: ['***', 'tasks', 'run', 'customer_dim_generator', 'generate_customer_dim_data', 'scheduled__2025-01-06T00:00:00+00:00', '--job-id', '339', '--raw', '--subdir', 'DAGS_FOLDER/customer_dim_gen.py', '--cfg-path', '/tmp/tmpb11iz7vx']
[2025-02-08T19:03:08.157+0000] {standard_task_runner.py:105} INFO - Job 339: Subtask generate_customer_dim_data
[2025-02-08T19:03:08.223+0000] {task_command.py:467} INFO - Running <TaskInstance: customer_dim_generator.generate_customer_dim_data scheduled__2025-01-06T00:00:00+00:00 [running]> on host 2c1cd59afcc0
[2025-02-08T19:03:08.345+0000] {taskinstance.py:3131} INFO - Exporting env vars: AIRFLOW_CTX_DAG_OWNER='Saleh' AIRFLOW_CTX_DAG_ID='customer_dim_generator' AIRFLOW_CTX_TASK_ID='generate_customer_dim_data' AIRFLOW_CTX_EXECUTION_DATE='2025-01-06T00:00:00+00:00' AIRFLOW_CTX_TRY_NUMBER='1' AIRFLOW_CTX_DAG_RUN_ID='scheduled__2025-01-06T00:00:00+00:00'
[2025-02-08T19:03:08.348+0000] {taskinstance.py:731} INFO - ::endgroup::
[2025-02-08T19:03:08.369+0000] {logging_mixin.py:190} INFO - CSV file './customer_dim_large_data.csv' with 100 rows has been generated successfully.
[2025-02-08T19:03:08.370+0000] {python.py:240} INFO - Done. Returned value was: None
[2025-02-08T19:03:08.379+0000] {taskinstance.py:340} INFO - ::group::Post task execution logs
[2025-02-08T19:03:08.379+0000] {taskinstance.py:352} INFO - Marking task as SUCCESS. dag_id=customer_dim_generator, task_id=generate_customer_dim_data, run_id=scheduled__2025-01-06T00:00:00+00:00, execution_date=20250106T000000, start_date=20250208T190308, end_date=20250208T190308
[2025-02-08T19:03:08.403+0000] {local_task_job_runner.py:266} INFO - Task exited with return code 0
[2025-02-08T19:03:08.411+0000] {local_task_job_runner.py:245} INFO - ::endgroup::
[2025-02-08T20:40:54.307+0000] {local_task_job_runner.py:123} INFO - ::group::Pre task execution logs
[2025-02-08T20:40:54.322+0000] {taskinstance.py:2612} INFO - Dependencies all met for dep_context=non-requeueable deps ti=<TaskInstance: customer_dim_generator.generate_customer_dim_data scheduled__2025-01-06T00:00:00+00:00 [queued]>
[2025-02-08T20:40:54.330+0000] {taskinstance.py:2612} INFO - Dependencies all met for dep_context=requeueable deps ti=<TaskInstance: customer_dim_generator.generate_customer_dim_data scheduled__2025-01-06T00:00:00+00:00 [queued]>
[2025-02-08T20:40:54.331+0000] {taskinstance.py:2865} INFO - Starting attempt 1 of 1
[2025-02-08T20:40:54.341+0000] {taskinstance.py:2888} INFO - Executing <Task(PythonOperator): generate_customer_dim_data> on 2025-01-06 00:00:00+00:00
[2025-02-08T20:40:54.352+0000] {logging_mixin.py:190} WARNING - /home/***/.local/lib/python3.12/site-packages/***/task/task_runner/standard_task_runner.py:70 DeprecationWarning: This process (pid=1740) is multi-threaded, use of fork() may lead to deadlocks in the child.
[2025-02-08T20:40:54.354+0000] {standard_task_runner.py:72} INFO - Started process 1744 to run task
[2025-02-08T20:40:54.352+0000] {standard_task_runner.py:104} INFO - Running: ['***', 'tasks', 'run', 'customer_dim_generator', 'generate_customer_dim_data', 'scheduled__2025-01-06T00:00:00+00:00', '--job-id', '273', '--raw', '--subdir', 'DAGS_FOLDER/customer_dim_gen.py', '--cfg-path', '/tmp/tmpp6q5xg30']
[2025-02-08T20:40:54.355+0000] {standard_task_runner.py:105} INFO - Job 273: Subtask generate_customer_dim_data
[2025-02-08T20:40:54.395+0000] {task_command.py:467} INFO - Running <TaskInstance: customer_dim_generator.generate_customer_dim_data scheduled__2025-01-06T00:00:00+00:00 [running]> on host 7e959c1a2a8b
[2025-02-08T20:40:54.478+0000] {taskinstance.py:3131} INFO - Exporting env vars: AIRFLOW_CTX_DAG_OWNER='Saleh' AIRFLOW_CTX_DAG_ID='customer_dim_generator' AIRFLOW_CTX_TASK_ID='generate_customer_dim_data' AIRFLOW_CTX_EXECUTION_DATE='2025-01-06T00:00:00+00:00' AIRFLOW_CTX_TRY_NUMBER='1' AIRFLOW_CTX_DAG_RUN_ID='scheduled__2025-01-06T00:00:00+00:00'
[2025-02-08T20:40:54.479+0000] {taskinstance.py:731} INFO - ::endgroup::
[2025-02-08T20:40:54.497+0000] {logging_mixin.py:190} INFO - CSV file './customer_dim_large_data.csv' with 100 rows has been generated successfully.
[2025-02-08T20:40:54.497+0000] {python.py:240} INFO - Done. Returned value was: None
[2025-02-08T20:40:54.505+0000] {taskinstance.py:340} INFO - ::group::Post task execution logs
[2025-02-08T20:40:54.506+0000] {taskinstance.py:352} INFO - Marking task as SUCCESS. dag_id=customer_dim_generator, task_id=generate_customer_dim_data, run_id=scheduled__2025-01-06T00:00:00+00:00, execution_date=20250106T000000, start_date=20250208T204054, end_date=20250208T204054
[2025-02-08T20:40:54.529+0000] {local_task_job_runner.py:266} INFO - Task exited with return code 0
[2025-02-08T20:40:54.544+0000] {taskinstance.py:3900} INFO - 0 downstream tasks scheduled from follow-on schedule check
[2025-02-08T20:40:54.546+0000] {local_task_job_runner.py:245} INFO - ::endgroup::
[2025-02-08T20:43:32.952+0000] {local_task_job_runner.py:123} INFO - ::group::Pre task execution logs
[2025-02-08T20:43:32.965+0000] {taskinstance.py:2612} INFO - Dependencies all met for dep_context=non-requeueable deps ti=<TaskInstance: customer_dim_generator.generate_customer_dim_data scheduled__2025-01-06T00:00:00+00:00 [queued]>
[2025-02-08T20:43:32.971+0000] {taskinstance.py:2612} INFO - Dependencies all met for dep_context=requeueable deps ti=<TaskInstance: customer_dim_generator.generate_customer_dim_data scheduled__2025-01-06T00:00:00+00:00 [queued]>
[2025-02-08T20:43:32.972+0000] {taskinstance.py:2865} INFO - Starting attempt 1 of 1
[2025-02-08T20:43:32.982+0000] {taskinstance.py:2888} INFO - Executing <Task(PythonOperator): generate_customer_dim_data> on 2025-01-06 00:00:00+00:00
[2025-02-08T20:43:32.989+0000] {logging_mixin.py:190} WARNING - /home/***/.local/lib/python3.12/site-packages/***/task/task_runner/standard_task_runner.py:70 DeprecationWarning: This process (pid=782) is multi-threaded, use of fork() may lead to deadlocks in the child.
[2025-02-08T20:43:32.990+0000] {standard_task_runner.py:72} INFO - Started process 794 to run task
[2025-02-08T20:43:32.989+0000] {standard_task_runner.py:104} INFO - Running: ['***', 'tasks', 'run', 'customer_dim_generator', 'generate_customer_dim_data', 'scheduled__2025-01-06T00:00:00+00:00', '--job-id', '496', '--raw', '--subdir', 'DAGS_FOLDER/customer_dim_gen.py', '--cfg-path', '/tmp/tmp7fu8poqa']
[2025-02-08T20:43:32.991+0000] {standard_task_runner.py:105} INFO - Job 496: Subtask generate_customer_dim_data
[2025-02-08T20:43:33.027+0000] {task_command.py:467} INFO - Running <TaskInstance: customer_dim_generator.generate_customer_dim_data scheduled__2025-01-06T00:00:00+00:00 [running]> on host 86932746817d
[2025-02-08T20:43:33.091+0000] {taskinstance.py:3131} INFO - Exporting env vars: AIRFLOW_CTX_DAG_OWNER='Saleh' AIRFLOW_CTX_DAG_ID='customer_dim_generator' AIRFLOW_CTX_TASK_ID='generate_customer_dim_data' AIRFLOW_CTX_EXECUTION_DATE='2025-01-06T00:00:00+00:00' AIRFLOW_CTX_TRY_NUMBER='1' AIRFLOW_CTX_DAG_RUN_ID='scheduled__2025-01-06T00:00:00+00:00'
[2025-02-08T20:43:33.092+0000] {taskinstance.py:731} INFO - ::endgroup::
[2025-02-08T20:43:33.107+0000] {logging_mixin.py:190} INFO - CSV file './customer_dim_large_data.csv' with 100 rows has been generated successfully.
[2025-02-08T20:43:33.108+0000] {python.py:240} INFO - Done. Returned value was: None
[2025-02-08T20:43:33.115+0000] {taskinstance.py:340} INFO - ::group::Post task execution logs
[2025-02-08T20:43:33.116+0000] {taskinstance.py:352} INFO - Marking task as SUCCESS. dag_id=customer_dim_generator, task_id=generate_customer_dim_data, run_id=scheduled__2025-01-06T00:00:00+00:00, execution_date=20250106T000000, start_date=20250208T204332, end_date=20250208T204333
[2025-02-08T20:43:33.164+0000] {local_task_job_runner.py:266} INFO - Task exited with return code 0
[2025-02-08T20:43:33.177+0000] {taskinstance.py:3900} INFO - 0 downstream tasks scheduled from follow-on schedule check
[2025-02-08T20:43:33.179+0000] {local_task_job_runner.py:245} INFO - ::endgroup::
