[2025-02-08T19:00:02.189+0000] {local_task_job_runner.py:123} INFO - ::group::Pre task execution logs
[2025-02-08T19:00:02.227+0000] {taskinstance.py:2612} INFO - Dependencies all met for dep_context=non-requeueable deps ti=<TaskInstance: account_dim_gen.generate_account_dim_data scheduled__2024-09-22T00:00:00+00:00 [queued]>
[2025-02-08T19:00:02.238+0000] {taskinstance.py:2612} INFO - Dependencies all met for dep_context=requeueable deps ti=<TaskInstance: account_dim_gen.generate_account_dim_data scheduled__2024-09-22T00:00:00+00:00 [queued]>
[2025-02-08T19:00:02.239+0000] {taskinstance.py:2865} INFO - Starting attempt 1 of 1
[2025-02-08T19:00:02.262+0000] {taskinstance.py:2888} INFO - Executing <Task(PythonOperator): generate_account_dim_data> on 2024-09-22 00:00:00+00:00
[2025-02-08T19:00:02.299+0000] {standard_task_runner.py:104} INFO - Running: ['***', 'tasks', 'run', 'account_dim_gen', 'generate_account_dim_data', 'scheduled__2024-09-22T00:00:00+00:00', '--job-id', '12', '--raw', '--subdir', 'DAGS_FOLDER/account_dim_gen.py', '--cfg-path', '/tmp/tmp_s40sa3k']
[2025-02-08T19:00:02.315+0000] {standard_task_runner.py:105} INFO - Job 12: Subtask generate_account_dim_data
[2025-02-08T19:00:02.318+0000] {logging_mixin.py:190} WARNING - /home/***/.local/lib/python3.12/site-packages/***/task/task_runner/standard_task_runner.py:70 DeprecationWarning: This process (pid=488) is multi-threaded, use of fork() may lead to deadlocks in the child.
[2025-02-08T19:00:02.327+0000] {standard_task_runner.py:72} INFO - Started process 517 to run task
[2025-02-08T19:00:02.556+0000] {task_command.py:467} INFO - Running <TaskInstance: account_dim_gen.generate_account_dim_data scheduled__2024-09-22T00:00:00+00:00 [running]> on host 2c1cd59afcc0
[2025-02-08T19:00:02.882+0000] {taskinstance.py:3131} INFO - Exporting env vars: AIRFLOW_CTX_DAG_OWNER='Saleh' AIRFLOW_CTX_DAG_ID='account_dim_gen' AIRFLOW_CTX_TASK_ID='generate_account_dim_data' AIRFLOW_CTX_EXECUTION_DATE='2024-09-22T00:00:00+00:00' AIRFLOW_CTX_TRY_NUMBER='1' AIRFLOW_CTX_DAG_RUN_ID='scheduled__2024-09-22T00:00:00+00:00'
[2025-02-08T19:00:02.885+0000] {taskinstance.py:731} INFO - ::endgroup::
[2025-02-08T19:00:02.936+0000] {logging_mixin.py:190} INFO - CSV file ./account_dim_large_data.csv with 50 row has been generated successfully!
[2025-02-08T19:00:02.937+0000] {python.py:240} INFO - Done. Returned value was: None
[2025-02-08T19:00:02.948+0000] {taskinstance.py:340} INFO - ::group::Post task execution logs
[2025-02-08T19:00:02.950+0000] {taskinstance.py:352} INFO - Marking task as SUCCESS. dag_id=account_dim_gen, task_id=generate_account_dim_data, run_id=scheduled__2024-09-22T00:00:00+00:00, execution_date=20240922T000000, start_date=20250208T190002, end_date=20250208T190002
[2025-02-08T19:00:03.007+0000] {local_task_job_runner.py:266} INFO - Task exited with return code 0
[2025-02-08T19:00:03.027+0000] {taskinstance.py:3900} INFO - 0 downstream tasks scheduled from follow-on schedule check
[2025-02-08T19:00:03.031+0000] {local_task_job_runner.py:245} INFO - ::endgroup::
[2025-02-08T20:39:38.074+0000] {local_task_job_runner.py:123} INFO - ::group::Pre task execution logs
[2025-02-08T20:39:38.120+0000] {taskinstance.py:2612} INFO - Dependencies all met for dep_context=non-requeueable deps ti=<TaskInstance: account_dim_gen.generate_account_dim_data scheduled__2024-09-22T00:00:00+00:00 [queued]>
[2025-02-08T20:39:38.202+0000] {taskinstance.py:2612} INFO - Dependencies all met for dep_context=requeueable deps ti=<TaskInstance: account_dim_gen.generate_account_dim_data scheduled__2024-09-22T00:00:00+00:00 [queued]>
[2025-02-08T20:39:38.210+0000] {taskinstance.py:2865} INFO - Starting attempt 1 of 1
[2025-02-08T20:39:38.316+0000] {taskinstance.py:2888} INFO - Executing <Task(PythonOperator): generate_account_dim_data> on 2024-09-22 00:00:00+00:00
[2025-02-08T20:39:38.341+0000] {logging_mixin.py:190} WARNING - /home/***/.local/lib/python3.12/site-packages/***/task/task_runner/standard_task_runner.py:70 DeprecationWarning: This process (pid=614) is multi-threaded, use of fork() may lead to deadlocks in the child.
[2025-02-08T20:39:38.350+0000] {standard_task_runner.py:72} INFO - Started process 689 to run task
[2025-02-08T20:39:38.351+0000] {standard_task_runner.py:104} INFO - Running: ['***', 'tasks', 'run', 'account_dim_gen', 'generate_account_dim_data', 'scheduled__2024-09-22T00:00:00+00:00', '--job-id', '7', '--raw', '--subdir', 'DAGS_FOLDER/account_dim_gen.py', '--cfg-path', '/tmp/tmpj0xri7pz']
[2025-02-08T20:39:38.366+0000] {standard_task_runner.py:105} INFO - Job 7: Subtask generate_account_dim_data
[2025-02-08T20:39:38.600+0000] {task_command.py:467} INFO - Running <TaskInstance: account_dim_gen.generate_account_dim_data scheduled__2024-09-22T00:00:00+00:00 [running]> on host 7e959c1a2a8b
[2025-02-08T20:39:39.324+0000] {taskinstance.py:3131} INFO - Exporting env vars: AIRFLOW_CTX_DAG_OWNER='Saleh' AIRFLOW_CTX_DAG_ID='account_dim_gen' AIRFLOW_CTX_TASK_ID='generate_account_dim_data' AIRFLOW_CTX_EXECUTION_DATE='2024-09-22T00:00:00+00:00' AIRFLOW_CTX_TRY_NUMBER='1' AIRFLOW_CTX_DAG_RUN_ID='scheduled__2024-09-22T00:00:00+00:00'
[2025-02-08T20:39:39.327+0000] {taskinstance.py:731} INFO - ::endgroup::
[2025-02-08T20:39:40.555+0000] {logging_mixin.py:190} INFO - CSV file ./account_dim_large_data.csv with 50 row has been generated successfully!
[2025-02-08T20:39:40.556+0000] {python.py:240} INFO - Done. Returned value was: None
[2025-02-08T20:39:40.569+0000] {taskinstance.py:340} INFO - ::group::Post task execution logs
[2025-02-08T20:39:40.570+0000] {taskinstance.py:352} INFO - Marking task as SUCCESS. dag_id=account_dim_gen, task_id=generate_account_dim_data, run_id=scheduled__2024-09-22T00:00:00+00:00, execution_date=20240922T000000, start_date=20250208T203938, end_date=20250208T203940
[2025-02-08T20:39:40.823+0000] {local_task_job_runner.py:266} INFO - Task exited with return code 0
[2025-02-08T20:39:40.881+0000] {taskinstance.py:3900} INFO - 0 downstream tasks scheduled from follow-on schedule check
[2025-02-08T20:39:40.912+0000] {local_task_job_runner.py:245} INFO - ::endgroup::
