[2025-02-08T19:01:11.600+0000] {local_task_job_runner.py:123} INFO - ::group::Pre task execution logs
[2025-02-08T19:01:11.617+0000] {taskinstance.py:2612} INFO - Dependencies all met for dep_context=non-requeueable deps ti=<TaskInstance: account_dim_gen.generate_account_dim_data scheduled__2025-01-16T00:00:00+00:00 [queued]>
[2025-02-08T19:01:11.627+0000] {taskinstance.py:2612} INFO - Dependencies all met for dep_context=requeueable deps ti=<TaskInstance: account_dim_gen.generate_account_dim_data scheduled__2025-01-16T00:00:00+00:00 [queued]>
[2025-02-08T19:01:11.628+0000] {taskinstance.py:2865} INFO - Starting attempt 1 of 1
[2025-02-08T19:01:11.666+0000] {taskinstance.py:2888} INFO - Executing <Task(PythonOperator): generate_account_dim_data> on 2025-01-16 00:00:00+00:00
[2025-02-08T19:01:11.675+0000] {logging_mixin.py:190} WARNING - /home/***/.local/lib/python3.12/site-packages/***/task/task_runner/standard_task_runner.py:70 DeprecationWarning: This process (pid=1031) is multi-threaded, use of fork() may lead to deadlocks in the child.
[2025-02-08T19:01:11.677+0000] {standard_task_runner.py:72} INFO - Started process 1045 to run task
[2025-02-08T19:01:11.675+0000] {standard_task_runner.py:104} INFO - Running: ['***', 'tasks', 'run', 'account_dim_gen', 'generate_account_dim_data', 'scheduled__2025-01-16T00:00:00+00:00', '--job-id', '132', '--raw', '--subdir', 'DAGS_FOLDER/account_dim_gen.py', '--cfg-path', '/tmp/tmpev9fzweg']
[2025-02-08T19:01:11.677+0000] {standard_task_runner.py:105} INFO - Job 132: Subtask generate_account_dim_data
[2025-02-08T19:01:11.723+0000] {task_command.py:467} INFO - Running <TaskInstance: account_dim_gen.generate_account_dim_data scheduled__2025-01-16T00:00:00+00:00 [running]> on host 2c1cd59afcc0
[2025-02-08T19:01:11.811+0000] {taskinstance.py:3131} INFO - Exporting env vars: AIRFLOW_CTX_DAG_OWNER='Saleh' AIRFLOW_CTX_DAG_ID='account_dim_gen' AIRFLOW_CTX_TASK_ID='generate_account_dim_data' AIRFLOW_CTX_EXECUTION_DATE='2025-01-16T00:00:00+00:00' AIRFLOW_CTX_TRY_NUMBER='1' AIRFLOW_CTX_DAG_RUN_ID='scheduled__2025-01-16T00:00:00+00:00'
[2025-02-08T19:01:11.812+0000] {taskinstance.py:731} INFO - ::endgroup::
[2025-02-08T19:01:11.835+0000] {logging_mixin.py:190} INFO - CSV file ./account_dim_large_data.csv with 50 row has been generated successfully!
[2025-02-08T19:01:11.835+0000] {python.py:240} INFO - Done. Returned value was: None
[2025-02-08T19:01:11.845+0000] {taskinstance.py:340} INFO - ::group::Post task execution logs
[2025-02-08T19:01:11.846+0000] {taskinstance.py:352} INFO - Marking task as SUCCESS. dag_id=account_dim_gen, task_id=generate_account_dim_data, run_id=scheduled__2025-01-16T00:00:00+00:00, execution_date=20250116T000000, start_date=20250208T190111, end_date=20250208T190111
[2025-02-08T19:01:11.891+0000] {local_task_job_runner.py:266} INFO - Task exited with return code 0
[2025-02-08T19:01:11.910+0000] {taskinstance.py:3900} INFO - 0 downstream tasks scheduled from follow-on schedule check
[2025-02-08T19:01:11.913+0000] {local_task_job_runner.py:245} INFO - ::endgroup::
[2025-02-08T20:42:21.012+0000] {local_task_job_runner.py:123} INFO - ::group::Pre task execution logs
[2025-02-08T20:42:21.025+0000] {taskinstance.py:2612} INFO - Dependencies all met for dep_context=non-requeueable deps ti=<TaskInstance: account_dim_gen.generate_account_dim_data scheduled__2025-01-16T00:00:00+00:00 [queued]>
[2025-02-08T20:42:21.034+0000] {taskinstance.py:2612} INFO - Dependencies all met for dep_context=requeueable deps ti=<TaskInstance: account_dim_gen.generate_account_dim_data scheduled__2025-01-16T00:00:00+00:00 [queued]>
[2025-02-08T20:42:21.034+0000] {taskinstance.py:2865} INFO - Starting attempt 1 of 1
[2025-02-08T20:42:21.045+0000] {taskinstance.py:2888} INFO - Executing <Task(PythonOperator): generate_account_dim_data> on 2025-01-16 00:00:00+00:00
[2025-02-08T20:42:21.052+0000] {standard_task_runner.py:104} INFO - Running: ['***', 'tasks', 'run', 'account_dim_gen', 'generate_account_dim_data', 'scheduled__2025-01-16T00:00:00+00:00', '--job-id', '361', '--raw', '--subdir', 'DAGS_FOLDER/account_dim_gen.py', '--cfg-path', '/tmp/tmp7d1r559n']
[2025-02-08T20:42:21.055+0000] {standard_task_runner.py:105} INFO - Job 361: Subtask generate_account_dim_data
[2025-02-08T20:42:21.055+0000] {logging_mixin.py:190} WARNING - /home/***/.local/lib/python3.12/site-packages/***/task/task_runner/standard_task_runner.py:70 DeprecationWarning: This process (pid=182) is multi-threaded, use of fork() may lead to deadlocks in the child.
[2025-02-08T20:42:21.056+0000] {standard_task_runner.py:72} INFO - Started process 194 to run task
[2025-02-08T20:42:21.092+0000] {task_command.py:467} INFO - Running <TaskInstance: account_dim_gen.generate_account_dim_data scheduled__2025-01-16T00:00:00+00:00 [running]> on host 86932746817d
[2025-02-08T20:42:21.161+0000] {taskinstance.py:3131} INFO - Exporting env vars: AIRFLOW_CTX_DAG_OWNER='Saleh' AIRFLOW_CTX_DAG_ID='account_dim_gen' AIRFLOW_CTX_TASK_ID='generate_account_dim_data' AIRFLOW_CTX_EXECUTION_DATE='2025-01-16T00:00:00+00:00' AIRFLOW_CTX_TRY_NUMBER='1' AIRFLOW_CTX_DAG_RUN_ID='scheduled__2025-01-16T00:00:00+00:00'
[2025-02-08T20:42:21.162+0000] {taskinstance.py:731} INFO - ::endgroup::
[2025-02-08T20:42:21.193+0000] {logging_mixin.py:190} INFO - CSV file ./account_dim_large_data.csv with 50 row has been generated successfully!
[2025-02-08T20:42:21.194+0000] {python.py:240} INFO - Done. Returned value was: None
[2025-02-08T20:42:21.200+0000] {taskinstance.py:340} INFO - ::group::Post task execution logs
[2025-02-08T20:42:21.201+0000] {taskinstance.py:352} INFO - Marking task as SUCCESS. dag_id=account_dim_gen, task_id=generate_account_dim_data, run_id=scheduled__2025-01-16T00:00:00+00:00, execution_date=20250116T000000, start_date=20250208T204221, end_date=20250208T204221
[2025-02-08T20:42:21.230+0000] {local_task_job_runner.py:266} INFO - Task exited with return code 0
[2025-02-08T20:42:21.243+0000] {taskinstance.py:3900} INFO - 0 downstream tasks scheduled from follow-on schedule check
[2025-02-08T20:42:21.245+0000] {local_task_job_runner.py:245} INFO - ::endgroup::
