[2025-02-08T19:02:28.252+0000] {local_task_job_runner.py:123} INFO - ::group::Pre task execution logs
[2025-02-08T19:02:28.277+0000] {taskinstance.py:2612} INFO - Dependencies all met for dep_context=non-requeueable deps ti=<TaskInstance: customer_dim_generator.generate_customer_dim_data scheduled__2024-11-08T00:00:00+00:00 [queued]>
[2025-02-08T19:02:28.287+0000] {taskinstance.py:2612} INFO - Dependencies all met for dep_context=requeueable deps ti=<TaskInstance: customer_dim_generator.generate_customer_dim_data scheduled__2024-11-08T00:00:00+00:00 [queued]>
[2025-02-08T19:02:28.288+0000] {taskinstance.py:2865} INFO - Starting attempt 1 of 1
[2025-02-08T19:02:28.385+0000] {taskinstance.py:2888} INFO - Executing <Task(PythonOperator): generate_customer_dim_data> on 2024-11-08 00:00:00+00:00
[2025-02-08T19:02:28.400+0000] {logging_mixin.py:190} WARNING - /home/***/.local/lib/python3.12/site-packages/***/task/task_runner/standard_task_runner.py:70 DeprecationWarning: This process (pid=1437) is multi-threaded, use of fork() may lead to deadlocks in the child.
[2025-02-08T19:02:28.407+0000] {standard_task_runner.py:72} INFO - Started process 1458 to run task
[2025-02-08T19:02:28.405+0000] {standard_task_runner.py:104} INFO - Running: ['***', 'tasks', 'run', 'customer_dim_generator', 'generate_customer_dim_data', 'scheduled__2024-11-08T00:00:00+00:00', '--job-id', '221', '--raw', '--subdir', 'DAGS_FOLDER/customer_dim_gen.py', '--cfg-path', '/tmp/tmpaqo6248e']
[2025-02-08T19:02:28.419+0000] {standard_task_runner.py:105} INFO - Job 221: Subtask generate_customer_dim_data
[2025-02-08T19:02:28.519+0000] {task_command.py:467} INFO - Running <TaskInstance: customer_dim_generator.generate_customer_dim_data scheduled__2024-11-08T00:00:00+00:00 [running]> on host 2c1cd59afcc0
[2025-02-08T19:02:28.648+0000] {taskinstance.py:3131} INFO - Exporting env vars: AIRFLOW_CTX_DAG_OWNER='Saleh' AIRFLOW_CTX_DAG_ID='customer_dim_generator' AIRFLOW_CTX_TASK_ID='generate_customer_dim_data' AIRFLOW_CTX_EXECUTION_DATE='2024-11-08T00:00:00+00:00' AIRFLOW_CTX_TRY_NUMBER='1' AIRFLOW_CTX_DAG_RUN_ID='scheduled__2024-11-08T00:00:00+00:00'
[2025-02-08T19:02:28.651+0000] {taskinstance.py:731} INFO - ::endgroup::
[2025-02-08T19:02:28.676+0000] {logging_mixin.py:190} INFO - CSV file './customer_dim_large_data.csv' with 100 rows has been generated successfully.
[2025-02-08T19:02:28.677+0000] {python.py:240} INFO - Done. Returned value was: None
[2025-02-08T19:02:28.717+0000] {taskinstance.py:340} INFO - ::group::Post task execution logs
[2025-02-08T19:02:28.719+0000] {taskinstance.py:352} INFO - Marking task as SUCCESS. dag_id=customer_dim_generator, task_id=generate_customer_dim_data, run_id=scheduled__2024-11-08T00:00:00+00:00, execution_date=20241108T000000, start_date=20250208T190228, end_date=20250208T190228
[2025-02-08T19:02:28.784+0000] {local_task_job_runner.py:266} INFO - Task exited with return code 0
[2025-02-08T19:02:28.826+0000] {taskinstance.py:3900} INFO - 0 downstream tasks scheduled from follow-on schedule check
[2025-02-08T19:02:28.834+0000] {local_task_job_runner.py:245} INFO - ::endgroup::
[2025-02-08T20:40:05.942+0000] {local_task_job_runner.py:123} INFO - ::group::Pre task execution logs
[2025-02-08T20:40:05.970+0000] {taskinstance.py:2612} INFO - Dependencies all met for dep_context=non-requeueable deps ti=<TaskInstance: customer_dim_generator.generate_customer_dim_data scheduled__2024-11-08T00:00:00+00:00 [queued]>
[2025-02-08T20:40:05.981+0000] {taskinstance.py:2612} INFO - Dependencies all met for dep_context=requeueable deps ti=<TaskInstance: customer_dim_generator.generate_customer_dim_data scheduled__2024-11-08T00:00:00+00:00 [queued]>
[2025-02-08T20:40:05.982+0000] {taskinstance.py:2865} INFO - Starting attempt 1 of 1
[2025-02-08T20:40:05.999+0000] {taskinstance.py:2888} INFO - Executing <Task(PythonOperator): generate_customer_dim_data> on 2024-11-08 00:00:00+00:00
[2025-02-08T20:40:06.013+0000] {logging_mixin.py:190} WARNING - /home/***/.local/lib/python3.12/site-packages/***/task/task_runner/standard_task_runner.py:70 DeprecationWarning: This process (pid=983) is multi-threaded, use of fork() may lead to deadlocks in the child.
[2025-02-08T20:40:06.014+0000] {standard_task_runner.py:72} INFO - Started process 1006 to run task
[2025-02-08T20:40:06.015+0000] {standard_task_runner.py:104} INFO - Running: ['***', 'tasks', 'run', 'customer_dim_generator', 'generate_customer_dim_data', 'scheduled__2024-11-08T00:00:00+00:00', '--job-id', '101', '--raw', '--subdir', 'DAGS_FOLDER/customer_dim_gen.py', '--cfg-path', '/tmp/tmpuxs_nhiu']
[2025-02-08T20:40:06.021+0000] {standard_task_runner.py:105} INFO - Job 101: Subtask generate_customer_dim_data
[2025-02-08T20:40:06.083+0000] {task_command.py:467} INFO - Running <TaskInstance: customer_dim_generator.generate_customer_dim_data scheduled__2024-11-08T00:00:00+00:00 [running]> on host 7e959c1a2a8b
[2025-02-08T20:40:06.219+0000] {taskinstance.py:3131} INFO - Exporting env vars: AIRFLOW_CTX_DAG_OWNER='Saleh' AIRFLOW_CTX_DAG_ID='customer_dim_generator' AIRFLOW_CTX_TASK_ID='generate_customer_dim_data' AIRFLOW_CTX_EXECUTION_DATE='2024-11-08T00:00:00+00:00' AIRFLOW_CTX_TRY_NUMBER='1' AIRFLOW_CTX_DAG_RUN_ID='scheduled__2024-11-08T00:00:00+00:00'
[2025-02-08T20:40:06.222+0000] {taskinstance.py:731} INFO - ::endgroup::
[2025-02-08T20:40:06.275+0000] {logging_mixin.py:190} INFO - CSV file './customer_dim_large_data.csv' with 100 rows has been generated successfully.
[2025-02-08T20:40:06.288+0000] {python.py:240} INFO - Done. Returned value was: None
[2025-02-08T20:40:06.332+0000] {taskinstance.py:340} INFO - ::group::Post task execution logs
[2025-02-08T20:40:06.333+0000] {taskinstance.py:352} INFO - Marking task as SUCCESS. dag_id=customer_dim_generator, task_id=generate_customer_dim_data, run_id=scheduled__2024-11-08T00:00:00+00:00, execution_date=20241108T000000, start_date=20250208T204005, end_date=20250208T204006
[2025-02-08T20:40:06.378+0000] {local_task_job_runner.py:266} INFO - Task exited with return code 0
[2025-02-08T20:40:06.400+0000] {taskinstance.py:3900} INFO - 0 downstream tasks scheduled from follow-on schedule check
[2025-02-08T20:40:06.403+0000] {local_task_job_runner.py:245} INFO - ::endgroup::
[2025-02-08T20:42:59.676+0000] {local_task_job_runner.py:123} INFO - ::group::Pre task execution logs
[2025-02-08T20:42:59.691+0000] {taskinstance.py:2612} INFO - Dependencies all met for dep_context=non-requeueable deps ti=<TaskInstance: customer_dim_generator.generate_customer_dim_data scheduled__2024-11-08T00:00:00+00:00 [queued]>
[2025-02-08T20:42:59.699+0000] {taskinstance.py:2612} INFO - Dependencies all met for dep_context=requeueable deps ti=<TaskInstance: customer_dim_generator.generate_customer_dim_data scheduled__2024-11-08T00:00:00+00:00 [queued]>
[2025-02-08T20:42:59.699+0000] {taskinstance.py:2865} INFO - Starting attempt 1 of 1
[2025-02-08T20:42:59.710+0000] {taskinstance.py:2888} INFO - Executing <Task(PythonOperator): generate_customer_dim_data> on 2024-11-08 00:00:00+00:00
[2025-02-08T20:42:59.719+0000] {logging_mixin.py:190} WARNING - /home/***/.local/lib/python3.12/site-packages/***/task/task_runner/standard_task_runner.py:70 DeprecationWarning: This process (pid=517) is multi-threaded, use of fork() may lead to deadlocks in the child.
[2025-02-08T20:42:59.720+0000] {standard_task_runner.py:72} INFO - Started process 527 to run task
[2025-02-08T20:42:59.719+0000] {standard_task_runner.py:104} INFO - Running: ['***', 'tasks', 'run', 'customer_dim_generator', 'generate_customer_dim_data', 'scheduled__2024-11-08T00:00:00+00:00', '--job-id', '437', '--raw', '--subdir', 'DAGS_FOLDER/customer_dim_gen.py', '--cfg-path', '/tmp/tmp_zkmg0dy']
[2025-02-08T20:42:59.721+0000] {standard_task_runner.py:105} INFO - Job 437: Subtask generate_customer_dim_data
[2025-02-08T20:42:59.757+0000] {task_command.py:467} INFO - Running <TaskInstance: customer_dim_generator.generate_customer_dim_data scheduled__2024-11-08T00:00:00+00:00 [running]> on host 86932746817d
[2025-02-08T20:42:59.825+0000] {taskinstance.py:3131} INFO - Exporting env vars: AIRFLOW_CTX_DAG_OWNER='Saleh' AIRFLOW_CTX_DAG_ID='customer_dim_generator' AIRFLOW_CTX_TASK_ID='generate_customer_dim_data' AIRFLOW_CTX_EXECUTION_DATE='2024-11-08T00:00:00+00:00' AIRFLOW_CTX_TRY_NUMBER='1' AIRFLOW_CTX_DAG_RUN_ID='scheduled__2024-11-08T00:00:00+00:00'
[2025-02-08T20:42:59.826+0000] {taskinstance.py:731} INFO - ::endgroup::
[2025-02-08T20:42:59.841+0000] {logging_mixin.py:190} INFO - CSV file './customer_dim_large_data.csv' with 100 rows has been generated successfully.
[2025-02-08T20:42:59.841+0000] {python.py:240} INFO - Done. Returned value was: None
[2025-02-08T20:42:59.848+0000] {taskinstance.py:340} INFO - ::group::Post task execution logs
[2025-02-08T20:42:59.848+0000] {taskinstance.py:352} INFO - Marking task as SUCCESS. dag_id=customer_dim_generator, task_id=generate_customer_dim_data, run_id=scheduled__2024-11-08T00:00:00+00:00, execution_date=20241108T000000, start_date=20250208T204259, end_date=20250208T204259
[2025-02-08T20:42:59.894+0000] {local_task_job_runner.py:266} INFO - Task exited with return code 0
[2025-02-08T20:42:59.907+0000] {taskinstance.py:3900} INFO - 0 downstream tasks scheduled from follow-on schedule check
[2025-02-08T20:42:59.909+0000] {local_task_job_runner.py:245} INFO - ::endgroup::
