[2025-02-08T19:00:11.729+0000] {local_task_job_runner.py:123} INFO - ::group::Pre task execution logs
[2025-02-08T19:00:11.740+0000] {taskinstance.py:2612} INFO - Dependencies all met for dep_context=non-requeueable deps ti=<TaskInstance: account_dim_gen.generate_account_dim_data scheduled__2024-10-08T00:00:00+00:00 [queued]>
[2025-02-08T19:00:11.748+0000] {taskinstance.py:2612} INFO - Dependencies all met for dep_context=requeueable deps ti=<TaskInstance: account_dim_gen.generate_account_dim_data scheduled__2024-10-08T00:00:00+00:00 [queued]>
[2025-02-08T19:00:11.768+0000] {taskinstance.py:2865} INFO - Starting attempt 1 of 1
[2025-02-08T19:00:11.868+0000] {taskinstance.py:2888} INFO - Executing <Task(PythonOperator): generate_account_dim_data> on 2024-10-08 00:00:00+00:00
[2025-02-08T19:00:11.879+0000] {standard_task_runner.py:104} INFO - Running: ['***', 'tasks', 'run', 'account_dim_gen', 'generate_account_dim_data', 'scheduled__2024-10-08T00:00:00+00:00', '--job-id', '32', '--raw', '--subdir', 'DAGS_FOLDER/account_dim_gen.py', '--cfg-path', '/tmp/tmpqyfw0t57']
[2025-02-08T19:00:11.881+0000] {logging_mixin.py:190} WARNING - /home/***/.local/lib/python3.12/site-packages/***/task/task_runner/standard_task_runner.py:70 DeprecationWarning: This process (pid=567) is multi-threaded, use of fork() may lead to deadlocks in the child.
[2025-02-08T19:00:11.881+0000] {standard_task_runner.py:105} INFO - Job 32: Subtask generate_account_dim_data
[2025-02-08T19:00:11.882+0000] {standard_task_runner.py:72} INFO - Started process 589 to run task
[2025-02-08T19:00:11.942+0000] {task_command.py:467} INFO - Running <TaskInstance: account_dim_gen.generate_account_dim_data scheduled__2024-10-08T00:00:00+00:00 [running]> on host 2c1cd59afcc0
[2025-02-08T19:00:12.046+0000] {taskinstance.py:3131} INFO - Exporting env vars: AIRFLOW_CTX_DAG_OWNER='Saleh' AIRFLOW_CTX_DAG_ID='account_dim_gen' AIRFLOW_CTX_TASK_ID='generate_account_dim_data' AIRFLOW_CTX_EXECUTION_DATE='2024-10-08T00:00:00+00:00' AIRFLOW_CTX_TRY_NUMBER='1' AIRFLOW_CTX_DAG_RUN_ID='scheduled__2024-10-08T00:00:00+00:00'
[2025-02-08T19:00:12.047+0000] {taskinstance.py:731} INFO - ::endgroup::
[2025-02-08T19:00:12.065+0000] {logging_mixin.py:190} INFO - CSV file ./account_dim_large_data.csv with 50 row has been generated successfully!
[2025-02-08T19:00:12.066+0000] {python.py:240} INFO - Done. Returned value was: None
[2025-02-08T19:00:12.072+0000] {taskinstance.py:340} INFO - ::group::Post task execution logs
[2025-02-08T19:00:12.073+0000] {taskinstance.py:352} INFO - Marking task as SUCCESS. dag_id=account_dim_gen, task_id=generate_account_dim_data, run_id=scheduled__2024-10-08T00:00:00+00:00, execution_date=20241008T000000, start_date=20250208T190011, end_date=20250208T190012
[2025-02-08T19:00:12.177+0000] {local_task_job_runner.py:266} INFO - Task exited with return code 0
[2025-02-08T19:00:12.184+0000] {local_task_job_runner.py:245} INFO - ::endgroup::
[2025-02-08T20:39:53.977+0000] {local_task_job_runner.py:123} INFO - ::group::Pre task execution logs
[2025-02-08T20:39:53.990+0000] {taskinstance.py:2612} INFO - Dependencies all met for dep_context=non-requeueable deps ti=<TaskInstance: account_dim_gen.generate_account_dim_data scheduled__2024-10-08T00:00:00+00:00 [queued]>
[2025-02-08T20:39:53.996+0000] {taskinstance.py:2612} INFO - Dependencies all met for dep_context=requeueable deps ti=<TaskInstance: account_dim_gen.generate_account_dim_data scheduled__2024-10-08T00:00:00+00:00 [queued]>
[2025-02-08T20:39:53.997+0000] {taskinstance.py:2865} INFO - Starting attempt 1 of 1
[2025-02-08T20:39:54.010+0000] {taskinstance.py:2888} INFO - Executing <Task(PythonOperator): generate_account_dim_data> on 2024-10-08 00:00:00+00:00
[2025-02-08T20:39:54.018+0000] {logging_mixin.py:190} WARNING - /home/***/.local/lib/python3.12/site-packages/***/task/task_runner/standard_task_runner.py:70 DeprecationWarning: This process (pid=868) is multi-threaded, use of fork() may lead to deadlocks in the child.
[2025-02-08T20:39:54.019+0000] {standard_task_runner.py:72} INFO - Started process 883 to run task
[2025-02-08T20:39:54.019+0000] {standard_task_runner.py:104} INFO - Running: ['***', 'tasks', 'run', 'account_dim_gen', 'generate_account_dim_data', 'scheduled__2024-10-08T00:00:00+00:00', '--job-id', '74', '--raw', '--subdir', 'DAGS_FOLDER/account_dim_gen.py', '--cfg-path', '/tmp/tmphtfpl4rz']
[2025-02-08T20:39:54.021+0000] {standard_task_runner.py:105} INFO - Job 74: Subtask generate_account_dim_data
[2025-02-08T20:39:54.061+0000] {task_command.py:467} INFO - Running <TaskInstance: account_dim_gen.generate_account_dim_data scheduled__2024-10-08T00:00:00+00:00 [running]> on host 7e959c1a2a8b
[2025-02-08T20:39:54.132+0000] {taskinstance.py:3131} INFO - Exporting env vars: AIRFLOW_CTX_DAG_OWNER='Saleh' AIRFLOW_CTX_DAG_ID='account_dim_gen' AIRFLOW_CTX_TASK_ID='generate_account_dim_data' AIRFLOW_CTX_EXECUTION_DATE='2024-10-08T00:00:00+00:00' AIRFLOW_CTX_TRY_NUMBER='1' AIRFLOW_CTX_DAG_RUN_ID='scheduled__2024-10-08T00:00:00+00:00'
[2025-02-08T20:39:54.134+0000] {taskinstance.py:731} INFO - ::endgroup::
[2025-02-08T20:39:54.151+0000] {logging_mixin.py:190} INFO - CSV file ./account_dim_large_data.csv with 50 row has been generated successfully!
[2025-02-08T20:39:54.152+0000] {python.py:240} INFO - Done. Returned value was: None
[2025-02-08T20:39:54.159+0000] {taskinstance.py:340} INFO - ::group::Post task execution logs
[2025-02-08T20:39:54.160+0000] {taskinstance.py:352} INFO - Marking task as SUCCESS. dag_id=account_dim_gen, task_id=generate_account_dim_data, run_id=scheduled__2024-10-08T00:00:00+00:00, execution_date=20241008T000000, start_date=20250208T203953, end_date=20250208T203954
[2025-02-08T20:39:54.194+0000] {local_task_job_runner.py:266} INFO - Task exited with return code 0
[2025-02-08T20:39:54.208+0000] {taskinstance.py:3900} INFO - 0 downstream tasks scheduled from follow-on schedule check
[2025-02-08T20:39:54.210+0000] {local_task_job_runner.py:245} INFO - ::endgroup::
