[2025-02-08T19:03:22.029+0000] {local_task_job_runner.py:123} INFO - ::group::Pre task execution logs
[2025-02-08T19:03:22.053+0000] {taskinstance.py:2612} INFO - Dependencies all met for dep_context=non-requeueable deps ti=<TaskInstance: branch_dim_gen.generate_branch_dim_data scheduled__2025-01-07T00:00:00+00:00 [queued]>
[2025-02-08T19:03:22.071+0000] {taskinstance.py:2612} INFO - Dependencies all met for dep_context=requeueable deps ti=<TaskInstance: branch_dim_gen.generate_branch_dim_data scheduled__2025-01-07T00:00:00+00:00 [queued]>
[2025-02-08T19:03:22.072+0000] {taskinstance.py:2865} INFO - Starting attempt 1 of 1
[2025-02-08T19:03:22.210+0000] {taskinstance.py:2888} INFO - Executing <Task(PythonOperator): generate_branch_dim_data> on 2025-01-07 00:00:00+00:00
[2025-02-08T19:03:22.221+0000] {logging_mixin.py:190} WARNING - /home/***/.local/lib/python3.12/site-packages/***/task/task_runner/standard_task_runner.py:70 DeprecationWarning: This process (pid=2135) is multi-threaded, use of fork() may lead to deadlocks in the child.
[2025-02-08T19:03:22.222+0000] {standard_task_runner.py:72} INFO - Started process 2166 to run task
[2025-02-08T19:03:22.225+0000] {standard_task_runner.py:104} INFO - Running: ['***', 'tasks', 'run', 'branch_dim_gen', 'generate_branch_dim_data', 'scheduled__2025-01-07T00:00:00+00:00', '--job-id', '386', '--raw', '--subdir', 'DAGS_FOLDER/brnach_dim_gen.py', '--cfg-path', '/tmp/tmp3x_4n1c5']
[2025-02-08T19:03:22.231+0000] {standard_task_runner.py:105} INFO - Job 386: Subtask generate_branch_dim_data
[2025-02-08T19:03:22.298+0000] {task_command.py:467} INFO - Running <TaskInstance: branch_dim_gen.generate_branch_dim_data scheduled__2025-01-07T00:00:00+00:00 [running]> on host 2c1cd59afcc0
[2025-02-08T19:03:22.388+0000] {taskinstance.py:3131} INFO - Exporting env vars: AIRFLOW_CTX_DAG_OWNER='Saleh' AIRFLOW_CTX_DAG_ID='branch_dim_gen' AIRFLOW_CTX_TASK_ID='generate_branch_dim_data' AIRFLOW_CTX_EXECUTION_DATE='2025-01-07T00:00:00+00:00' AIRFLOW_CTX_TRY_NUMBER='1' AIRFLOW_CTX_DAG_RUN_ID='scheduled__2025-01-07T00:00:00+00:00'
[2025-02-08T19:03:22.389+0000] {taskinstance.py:731} INFO - ::endgroup::
[2025-02-08T19:03:22.410+0000] {logging_mixin.py:190} INFO - CSV file './branch_dim_large_data.csv' with 50 rows has been generated successfully.
[2025-02-08T19:03:22.411+0000] {python.py:240} INFO - Done. Returned value was: None
[2025-02-08T19:03:22.420+0000] {taskinstance.py:340} INFO - ::group::Post task execution logs
[2025-02-08T19:03:22.420+0000] {taskinstance.py:352} INFO - Marking task as SUCCESS. dag_id=branch_dim_gen, task_id=generate_branch_dim_data, run_id=scheduled__2025-01-07T00:00:00+00:00, execution_date=20250107T000000, start_date=20250208T190322, end_date=20250208T190322
[2025-02-08T19:03:22.482+0000] {local_task_job_runner.py:266} INFO - Task exited with return code 0
[2025-02-08T19:03:22.499+0000] {taskinstance.py:3900} INFO - 0 downstream tasks scheduled from follow-on schedule check
[2025-02-08T19:03:22.501+0000] {local_task_job_runner.py:245} INFO - ::endgroup::
[2025-02-08T20:41:09.820+0000] {local_task_job_runner.py:123} INFO - ::group::Pre task execution logs
[2025-02-08T20:41:09.837+0000] {taskinstance.py:2612} INFO - Dependencies all met for dep_context=non-requeueable deps ti=<TaskInstance: branch_dim_gen.generate_branch_dim_data scheduled__2025-01-07T00:00:00+00:00 [queued]>
[2025-02-08T20:41:09.845+0000] {taskinstance.py:2612} INFO - Dependencies all met for dep_context=requeueable deps ti=<TaskInstance: branch_dim_gen.generate_branch_dim_data scheduled__2025-01-07T00:00:00+00:00 [queued]>
[2025-02-08T20:41:09.846+0000] {taskinstance.py:2865} INFO - Starting attempt 1 of 1
[2025-02-08T20:41:09.860+0000] {taskinstance.py:2888} INFO - Executing <Task(PythonOperator): generate_branch_dim_data> on 2025-01-07 00:00:00+00:00
[2025-02-08T20:41:09.874+0000] {logging_mixin.py:190} WARNING - /home/***/.local/lib/python3.12/site-packages/***/task/task_runner/standard_task_runner.py:70 DeprecationWarning: This process (pid=1996) is multi-threaded, use of fork() may lead to deadlocks in the child.
[2025-02-08T20:41:09.876+0000] {standard_task_runner.py:72} INFO - Started process 2014 to run task
[2025-02-08T20:41:09.877+0000] {standard_task_runner.py:104} INFO - Running: ['***', 'tasks', 'run', 'branch_dim_gen', 'generate_branch_dim_data', 'scheduled__2025-01-07T00:00:00+00:00', '--job-id', '338', '--raw', '--subdir', 'DAGS_FOLDER/brnach_dim_gen.py', '--cfg-path', '/tmp/tmp78e5dnym']
[2025-02-08T20:41:09.881+0000] {standard_task_runner.py:105} INFO - Job 338: Subtask generate_branch_dim_data
[2025-02-08T20:41:09.941+0000] {task_command.py:467} INFO - Running <TaskInstance: branch_dim_gen.generate_branch_dim_data scheduled__2025-01-07T00:00:00+00:00 [running]> on host 7e959c1a2a8b
[2025-02-08T20:41:10.047+0000] {taskinstance.py:3131} INFO - Exporting env vars: AIRFLOW_CTX_DAG_OWNER='Saleh' AIRFLOW_CTX_DAG_ID='branch_dim_gen' AIRFLOW_CTX_TASK_ID='generate_branch_dim_data' AIRFLOW_CTX_EXECUTION_DATE='2025-01-07T00:00:00+00:00' AIRFLOW_CTX_TRY_NUMBER='1' AIRFLOW_CTX_DAG_RUN_ID='scheduled__2025-01-07T00:00:00+00:00'
[2025-02-08T20:41:10.048+0000] {taskinstance.py:731} INFO - ::endgroup::
[2025-02-08T20:41:10.068+0000] {logging_mixin.py:190} INFO - CSV file './branch_dim_large_data.csv' with 50 rows has been generated successfully.
[2025-02-08T20:41:10.069+0000] {python.py:240} INFO - Done. Returned value was: None
[2025-02-08T20:41:10.078+0000] {taskinstance.py:340} INFO - ::group::Post task execution logs
[2025-02-08T20:41:10.079+0000] {taskinstance.py:352} INFO - Marking task as SUCCESS. dag_id=branch_dim_gen, task_id=generate_branch_dim_data, run_id=scheduled__2025-01-07T00:00:00+00:00, execution_date=20250107T000000, start_date=20250208T204109, end_date=20250208T204110
[2025-02-08T20:41:10.135+0000] {local_task_job_runner.py:266} INFO - Task exited with return code 0
[2025-02-08T20:41:10.154+0000] {taskinstance.py:3900} INFO - 0 downstream tasks scheduled from follow-on schedule check
[2025-02-08T20:41:10.159+0000] {local_task_job_runner.py:245} INFO - ::endgroup::
