[2025-02-08T19:03:20.961+0000] {local_task_job_runner.py:123} INFO - ::group::Pre task execution logs
[2025-02-08T19:03:20.978+0000] {taskinstance.py:2612} INFO - Dependencies all met for dep_context=non-requeueable deps ti=<TaskInstance: customer_dim_generator.generate_customer_dim_data scheduled__2025-01-25T00:00:00+00:00 [queued]>
[2025-02-08T19:03:20.987+0000] {taskinstance.py:2612} INFO - Dependencies all met for dep_context=requeueable deps ti=<TaskInstance: customer_dim_generator.generate_customer_dim_data scheduled__2025-01-25T00:00:00+00:00 [queued]>
[2025-02-08T19:03:20.989+0000] {taskinstance.py:2865} INFO - Starting attempt 1 of 1
[2025-02-08T19:03:21.005+0000] {taskinstance.py:2888} INFO - Executing <Task(PythonOperator): generate_customer_dim_data> on 2025-01-25 00:00:00+00:00
[2025-02-08T19:03:21.015+0000] {logging_mixin.py:190} WARNING - /home/***/.local/lib/python3.12/site-packages/***/task/task_runner/standard_task_runner.py:70 DeprecationWarning: This process (pid=2108) is multi-threaded, use of fork() may lead to deadlocks in the child.
[2025-02-08T19:03:21.017+0000] {standard_task_runner.py:72} INFO - Started process 2127 to run task
[2025-02-08T19:03:21.020+0000] {standard_task_runner.py:104} INFO - Running: ['***', 'tasks', 'run', 'customer_dim_generator', 'generate_customer_dim_data', 'scheduled__2025-01-25T00:00:00+00:00', '--job-id', '376', '--raw', '--subdir', 'DAGS_FOLDER/customer_dim_gen.py', '--cfg-path', '/tmp/tmpqps4rqjp']
[2025-02-08T19:03:21.023+0000] {standard_task_runner.py:105} INFO - Job 376: Subtask generate_customer_dim_data
[2025-02-08T19:03:21.096+0000] {task_command.py:467} INFO - Running <TaskInstance: customer_dim_generator.generate_customer_dim_data scheduled__2025-01-25T00:00:00+00:00 [running]> on host 2c1cd59afcc0
[2025-02-08T19:03:21.199+0000] {taskinstance.py:3131} INFO - Exporting env vars: AIRFLOW_CTX_DAG_OWNER='Saleh' AIRFLOW_CTX_DAG_ID='customer_dim_generator' AIRFLOW_CTX_TASK_ID='generate_customer_dim_data' AIRFLOW_CTX_EXECUTION_DATE='2025-01-25T00:00:00+00:00' AIRFLOW_CTX_TRY_NUMBER='1' AIRFLOW_CTX_DAG_RUN_ID='scheduled__2025-01-25T00:00:00+00:00'
[2025-02-08T19:03:21.203+0000] {taskinstance.py:731} INFO - ::endgroup::
[2025-02-08T19:03:21.233+0000] {logging_mixin.py:190} INFO - CSV file './customer_dim_large_data.csv' with 100 rows has been generated successfully.
[2025-02-08T19:03:21.233+0000] {python.py:240} INFO - Done. Returned value was: None
[2025-02-08T19:03:21.242+0000] {taskinstance.py:340} INFO - ::group::Post task execution logs
[2025-02-08T19:03:21.243+0000] {taskinstance.py:352} INFO - Marking task as SUCCESS. dag_id=customer_dim_generator, task_id=generate_customer_dim_data, run_id=scheduled__2025-01-25T00:00:00+00:00, execution_date=20250125T000000, start_date=20250208T190320, end_date=20250208T190321
[2025-02-08T19:03:21.281+0000] {local_task_job_runner.py:266} INFO - Task exited with return code 0
[2025-02-08T19:03:21.298+0000] {taskinstance.py:3900} INFO - 0 downstream tasks scheduled from follow-on schedule check
[2025-02-08T19:03:21.302+0000] {local_task_job_runner.py:245} INFO - ::endgroup::
[2025-02-08T20:43:48.552+0000] {local_task_job_runner.py:123} INFO - ::group::Pre task execution logs
[2025-02-08T20:43:48.570+0000] {taskinstance.py:2612} INFO - Dependencies all met for dep_context=non-requeueable deps ti=<TaskInstance: customer_dim_generator.generate_customer_dim_data scheduled__2025-01-25T00:00:00+00:00 [queued]>
[2025-02-08T20:43:48.584+0000] {taskinstance.py:2612} INFO - Dependencies all met for dep_context=requeueable deps ti=<TaskInstance: customer_dim_generator.generate_customer_dim_data scheduled__2025-01-25T00:00:00+00:00 [queued]>
[2025-02-08T20:43:48.584+0000] {taskinstance.py:2865} INFO - Starting attempt 1 of 1
[2025-02-08T20:43:48.601+0000] {taskinstance.py:2888} INFO - Executing <Task(PythonOperator): generate_customer_dim_data> on 2025-01-25 00:00:00+00:00
[2025-02-08T20:43:48.609+0000] {logging_mixin.py:190} WARNING - /home/***/.local/lib/python3.12/site-packages/***/task/task_runner/standard_task_runner.py:70 DeprecationWarning: This process (pid=862) is multi-threaded, use of fork() may lead to deadlocks in the child.
[2025-02-08T20:43:48.610+0000] {standard_task_runner.py:72} INFO - Started process 881 to run task
[2025-02-08T20:43:48.610+0000] {standard_task_runner.py:104} INFO - Running: ['***', 'tasks', 'run', 'customer_dim_generator', 'generate_customer_dim_data', 'scheduled__2025-01-25T00:00:00+00:00', '--job-id', '515', '--raw', '--subdir', 'DAGS_FOLDER/customer_dim_gen.py', '--cfg-path', '/tmp/tmpdbf6buio']
[2025-02-08T20:43:48.612+0000] {standard_task_runner.py:105} INFO - Job 515: Subtask generate_customer_dim_data
[2025-02-08T20:43:48.665+0000] {task_command.py:467} INFO - Running <TaskInstance: customer_dim_generator.generate_customer_dim_data scheduled__2025-01-25T00:00:00+00:00 [running]> on host 86932746817d
[2025-02-08T20:43:48.753+0000] {taskinstance.py:3131} INFO - Exporting env vars: AIRFLOW_CTX_DAG_OWNER='Saleh' AIRFLOW_CTX_DAG_ID='customer_dim_generator' AIRFLOW_CTX_TASK_ID='generate_customer_dim_data' AIRFLOW_CTX_EXECUTION_DATE='2025-01-25T00:00:00+00:00' AIRFLOW_CTX_TRY_NUMBER='1' AIRFLOW_CTX_DAG_RUN_ID='scheduled__2025-01-25T00:00:00+00:00'
[2025-02-08T20:43:48.755+0000] {taskinstance.py:731} INFO - ::endgroup::
[2025-02-08T20:43:48.778+0000] {logging_mixin.py:190} INFO - CSV file './customer_dim_large_data.csv' with 100 rows has been generated successfully.
[2025-02-08T20:43:48.780+0000] {python.py:240} INFO - Done. Returned value was: None
[2025-02-08T20:43:48.789+0000] {taskinstance.py:340} INFO - ::group::Post task execution logs
[2025-02-08T20:43:48.789+0000] {taskinstance.py:352} INFO - Marking task as SUCCESS. dag_id=customer_dim_generator, task_id=generate_customer_dim_data, run_id=scheduled__2025-01-25T00:00:00+00:00, execution_date=20250125T000000, start_date=20250208T204348, end_date=20250208T204348
[2025-02-08T20:43:48.830+0000] {local_task_job_runner.py:266} INFO - Task exited with return code 0
[2025-02-08T20:43:48.841+0000] {local_task_job_runner.py:245} INFO - ::endgroup::
