[2025-02-08T19:03:01.535+0000] {local_task_job_runner.py:123} INFO - ::group::Pre task execution logs
[2025-02-08T19:03:01.565+0000] {taskinstance.py:2612} INFO - Dependencies all met for dep_context=non-requeueable deps ti=<TaskInstance: customer_dim_generator.generate_customer_dim_data scheduled__2024-12-30T00:00:00+00:00 [queued]>
[2025-02-08T19:03:01.574+0000] {taskinstance.py:2612} INFO - Dependencies all met for dep_context=requeueable deps ti=<TaskInstance: customer_dim_generator.generate_customer_dim_data scheduled__2024-12-30T00:00:00+00:00 [queued]>
[2025-02-08T19:03:01.574+0000] {taskinstance.py:2865} INFO - Starting attempt 1 of 1
[2025-02-08T19:03:01.589+0000] {taskinstance.py:2888} INFO - Executing <Task(PythonOperator): generate_customer_dim_data> on 2024-12-30 00:00:00+00:00
[2025-02-08T19:03:01.597+0000] {logging_mixin.py:190} WARNING - /home/***/.local/lib/python3.12/site-packages/***/task/task_runner/standard_task_runner.py:70 DeprecationWarning: This process (pid=1862) is multi-threaded, use of fork() may lead to deadlocks in the child.
[2025-02-08T19:03:01.599+0000] {standard_task_runner.py:72} INFO - Started process 1887 to run task
[2025-02-08T19:03:01.608+0000] {standard_task_runner.py:104} INFO - Running: ['***', 'tasks', 'run', 'customer_dim_generator', 'generate_customer_dim_data', 'scheduled__2024-12-30T00:00:00+00:00', '--job-id', '324', '--raw', '--subdir', 'DAGS_FOLDER/customer_dim_gen.py', '--cfg-path', '/tmp/tmpvf64e1oy']
[2025-02-08T19:03:01.610+0000] {standard_task_runner.py:105} INFO - Job 324: Subtask generate_customer_dim_data
[2025-02-08T19:03:01.663+0000] {task_command.py:467} INFO - Running <TaskInstance: customer_dim_generator.generate_customer_dim_data scheduled__2024-12-30T00:00:00+00:00 [running]> on host 2c1cd59afcc0
[2025-02-08T19:03:01.773+0000] {taskinstance.py:3131} INFO - Exporting env vars: AIRFLOW_CTX_DAG_OWNER='Saleh' AIRFLOW_CTX_DAG_ID='customer_dim_generator' AIRFLOW_CTX_TASK_ID='generate_customer_dim_data' AIRFLOW_CTX_EXECUTION_DATE='2024-12-30T00:00:00+00:00' AIRFLOW_CTX_TRY_NUMBER='1' AIRFLOW_CTX_DAG_RUN_ID='scheduled__2024-12-30T00:00:00+00:00'
[2025-02-08T19:03:01.774+0000] {taskinstance.py:731} INFO - ::endgroup::
[2025-02-08T19:03:01.804+0000] {logging_mixin.py:190} INFO - CSV file './customer_dim_large_data.csv' with 100 rows has been generated successfully.
[2025-02-08T19:03:01.805+0000] {python.py:240} INFO - Done. Returned value was: None
[2025-02-08T19:03:01.816+0000] {taskinstance.py:340} INFO - ::group::Post task execution logs
[2025-02-08T19:03:01.817+0000] {taskinstance.py:352} INFO - Marking task as SUCCESS. dag_id=customer_dim_generator, task_id=generate_customer_dim_data, run_id=scheduled__2024-12-30T00:00:00+00:00, execution_date=20241230T000000, start_date=20250208T190301, end_date=20250208T190301
[2025-02-08T19:03:01.855+0000] {local_task_job_runner.py:266} INFO - Task exited with return code 0
[2025-02-08T19:03:01.867+0000] {local_task_job_runner.py:245} INFO - ::endgroup::
[2025-02-08T20:40:48.190+0000] {local_task_job_runner.py:123} INFO - ::group::Pre task execution logs
[2025-02-08T20:40:48.208+0000] {taskinstance.py:2612} INFO - Dependencies all met for dep_context=non-requeueable deps ti=<TaskInstance: customer_dim_generator.generate_customer_dim_data scheduled__2024-12-30T00:00:00+00:00 [queued]>
[2025-02-08T20:40:48.217+0000] {taskinstance.py:2612} INFO - Dependencies all met for dep_context=requeueable deps ti=<TaskInstance: customer_dim_generator.generate_customer_dim_data scheduled__2024-12-30T00:00:00+00:00 [queued]>
[2025-02-08T20:40:48.217+0000] {taskinstance.py:2865} INFO - Starting attempt 1 of 1
[2025-02-08T20:40:48.240+0000] {taskinstance.py:2888} INFO - Executing <Task(PythonOperator): generate_customer_dim_data> on 2024-12-30 00:00:00+00:00
[2025-02-08T20:40:48.252+0000] {logging_mixin.py:190} WARNING - /home/***/.local/lib/python3.12/site-packages/***/task/task_runner/standard_task_runner.py:70 DeprecationWarning: This process (pid=1640) is multi-threaded, use of fork() may lead to deadlocks in the child.
[2025-02-08T20:40:48.254+0000] {standard_task_runner.py:72} INFO - Started process 1662 to run task
[2025-02-08T20:40:48.252+0000] {standard_task_runner.py:104} INFO - Running: ['***', 'tasks', 'run', 'customer_dim_generator', 'generate_customer_dim_data', 'scheduled__2024-12-30T00:00:00+00:00', '--job-id', '252', '--raw', '--subdir', 'DAGS_FOLDER/customer_dim_gen.py', '--cfg-path', '/tmp/tmpyl673va7']
[2025-02-08T20:40:48.255+0000] {standard_task_runner.py:105} INFO - Job 252: Subtask generate_customer_dim_data
[2025-02-08T20:40:48.312+0000] {task_command.py:467} INFO - Running <TaskInstance: customer_dim_generator.generate_customer_dim_data scheduled__2024-12-30T00:00:00+00:00 [running]> on host 7e959c1a2a8b
[2025-02-08T20:40:48.451+0000] {taskinstance.py:3131} INFO - Exporting env vars: AIRFLOW_CTX_DAG_OWNER='Saleh' AIRFLOW_CTX_DAG_ID='customer_dim_generator' AIRFLOW_CTX_TASK_ID='generate_customer_dim_data' AIRFLOW_CTX_EXECUTION_DATE='2024-12-30T00:00:00+00:00' AIRFLOW_CTX_TRY_NUMBER='1' AIRFLOW_CTX_DAG_RUN_ID='scheduled__2024-12-30T00:00:00+00:00'
[2025-02-08T20:40:48.452+0000] {taskinstance.py:731} INFO - ::endgroup::
[2025-02-08T20:40:48.480+0000] {logging_mixin.py:190} INFO - CSV file './customer_dim_large_data.csv' with 100 rows has been generated successfully.
[2025-02-08T20:40:48.482+0000] {python.py:240} INFO - Done. Returned value was: None
[2025-02-08T20:40:48.498+0000] {taskinstance.py:340} INFO - ::group::Post task execution logs
[2025-02-08T20:40:48.499+0000] {taskinstance.py:352} INFO - Marking task as SUCCESS. dag_id=customer_dim_generator, task_id=generate_customer_dim_data, run_id=scheduled__2024-12-30T00:00:00+00:00, execution_date=20241230T000000, start_date=20250208T204048, end_date=20250208T204048
[2025-02-08T20:40:48.594+0000] {local_task_job_runner.py:266} INFO - Task exited with return code 0
[2025-02-08T20:40:48.613+0000] {local_task_job_runner.py:245} INFO - ::endgroup::
[2025-02-08T20:43:32.032+0000] {local_task_job_runner.py:123} INFO - ::group::Pre task execution logs
[2025-02-08T20:43:32.049+0000] {taskinstance.py:2612} INFO - Dependencies all met for dep_context=non-requeueable deps ti=<TaskInstance: customer_dim_generator.generate_customer_dim_data scheduled__2024-12-30T00:00:00+00:00 [queued]>
[2025-02-08T20:43:32.058+0000] {taskinstance.py:2612} INFO - Dependencies all met for dep_context=requeueable deps ti=<TaskInstance: customer_dim_generator.generate_customer_dim_data scheduled__2024-12-30T00:00:00+00:00 [queued]>
[2025-02-08T20:43:32.059+0000] {taskinstance.py:2865} INFO - Starting attempt 1 of 1
[2025-02-08T20:43:32.072+0000] {taskinstance.py:2888} INFO - Executing <Task(PythonOperator): generate_customer_dim_data> on 2024-12-30 00:00:00+00:00
[2025-02-08T20:43:32.080+0000] {logging_mixin.py:190} WARNING - /home/***/.local/lib/python3.12/site-packages/***/task/task_runner/standard_task_runner.py:70 DeprecationWarning: This process (pid=756) is multi-threaded, use of fork() may lead to deadlocks in the child.
[2025-02-08T20:43:32.081+0000] {standard_task_runner.py:72} INFO - Started process 773 to run task
[2025-02-08T20:43:32.081+0000] {standard_task_runner.py:104} INFO - Running: ['***', 'tasks', 'run', 'customer_dim_generator', 'generate_customer_dim_data', 'scheduled__2024-12-30T00:00:00+00:00', '--job-id', '489', '--raw', '--subdir', 'DAGS_FOLDER/customer_dim_gen.py', '--cfg-path', '/tmp/tmpvg6zwz4e']
[2025-02-08T20:43:32.083+0000] {standard_task_runner.py:105} INFO - Job 489: Subtask generate_customer_dim_data
[2025-02-08T20:43:32.131+0000] {task_command.py:467} INFO - Running <TaskInstance: customer_dim_generator.generate_customer_dim_data scheduled__2024-12-30T00:00:00+00:00 [running]> on host 86932746817d
[2025-02-08T20:43:32.221+0000] {taskinstance.py:3131} INFO - Exporting env vars: AIRFLOW_CTX_DAG_OWNER='Saleh' AIRFLOW_CTX_DAG_ID='customer_dim_generator' AIRFLOW_CTX_TASK_ID='generate_customer_dim_data' AIRFLOW_CTX_EXECUTION_DATE='2024-12-30T00:00:00+00:00' AIRFLOW_CTX_TRY_NUMBER='1' AIRFLOW_CTX_DAG_RUN_ID='scheduled__2024-12-30T00:00:00+00:00'
[2025-02-08T20:43:32.223+0000] {taskinstance.py:731} INFO - ::endgroup::
[2025-02-08T20:43:32.248+0000] {logging_mixin.py:190} INFO - CSV file './customer_dim_large_data.csv' with 100 rows has been generated successfully.
[2025-02-08T20:43:32.249+0000] {python.py:240} INFO - Done. Returned value was: None
[2025-02-08T20:43:32.257+0000] {taskinstance.py:340} INFO - ::group::Post task execution logs
[2025-02-08T20:43:32.257+0000] {taskinstance.py:352} INFO - Marking task as SUCCESS. dag_id=customer_dim_generator, task_id=generate_customer_dim_data, run_id=scheduled__2024-12-30T00:00:00+00:00, execution_date=20241230T000000, start_date=20250208T204332, end_date=20250208T204332
[2025-02-08T20:43:32.299+0000] {local_task_job_runner.py:266} INFO - Task exited with return code 0
[2025-02-08T20:43:32.315+0000] {taskinstance.py:3900} INFO - 0 downstream tasks scheduled from follow-on schedule check
[2025-02-08T20:43:32.317+0000] {local_task_job_runner.py:245} INFO - ::endgroup::
