[2025-02-08T19:02:22.041+0000] {local_task_job_runner.py:123} INFO - ::group::Pre task execution logs
[2025-02-08T19:02:22.056+0000] {taskinstance.py:2612} INFO - Dependencies all met for dep_context=non-requeueable deps ti=<TaskInstance: customer_dim_generator.generate_customer_dim_data scheduled__2024-11-07T00:00:00+00:00 [queued]>
[2025-02-08T19:02:22.065+0000] {taskinstance.py:2612} INFO - Dependencies all met for dep_context=requeueable deps ti=<TaskInstance: customer_dim_generator.generate_customer_dim_data scheduled__2024-11-07T00:00:00+00:00 [queued]>
[2025-02-08T19:02:22.066+0000] {taskinstance.py:2865} INFO - Starting attempt 1 of 1
[2025-02-08T19:02:22.080+0000] {taskinstance.py:2888} INFO - Executing <Task(PythonOperator): generate_customer_dim_data> on 2024-11-07 00:00:00+00:00
[2025-02-08T19:02:22.088+0000] {logging_mixin.py:190} WARNING - /home/***/.local/lib/python3.12/site-packages/***/task/task_runner/standard_task_runner.py:70 DeprecationWarning: This process (pid=1422) is multi-threaded, use of fork() may lead to deadlocks in the child.
[2025-02-08T19:02:22.089+0000] {standard_task_runner.py:72} INFO - Started process 1435 to run task
[2025-02-08T19:02:22.088+0000] {standard_task_runner.py:104} INFO - Running: ['***', 'tasks', 'run', 'customer_dim_generator', 'generate_customer_dim_data', 'scheduled__2024-11-07T00:00:00+00:00', '--job-id', '219', '--raw', '--subdir', 'DAGS_FOLDER/customer_dim_gen.py', '--cfg-path', '/tmp/tmpm19_f5yg']
[2025-02-08T19:02:22.091+0000] {standard_task_runner.py:105} INFO - Job 219: Subtask generate_customer_dim_data
[2025-02-08T19:02:22.135+0000] {task_command.py:467} INFO - Running <TaskInstance: customer_dim_generator.generate_customer_dim_data scheduled__2024-11-07T00:00:00+00:00 [running]> on host 2c1cd59afcc0
[2025-02-08T19:02:22.232+0000] {taskinstance.py:3131} INFO - Exporting env vars: AIRFLOW_CTX_DAG_OWNER='Saleh' AIRFLOW_CTX_DAG_ID='customer_dim_generator' AIRFLOW_CTX_TASK_ID='generate_customer_dim_data' AIRFLOW_CTX_EXECUTION_DATE='2024-11-07T00:00:00+00:00' AIRFLOW_CTX_TRY_NUMBER='1' AIRFLOW_CTX_DAG_RUN_ID='scheduled__2024-11-07T00:00:00+00:00'
[2025-02-08T19:02:22.233+0000] {taskinstance.py:731} INFO - ::endgroup::
[2025-02-08T19:02:22.256+0000] {logging_mixin.py:190} INFO - CSV file './customer_dim_large_data.csv' with 100 rows has been generated successfully.
[2025-02-08T19:02:22.256+0000] {python.py:240} INFO - Done. Returned value was: None
[2025-02-08T19:02:22.264+0000] {taskinstance.py:340} INFO - ::group::Post task execution logs
[2025-02-08T19:02:22.264+0000] {taskinstance.py:352} INFO - Marking task as SUCCESS. dag_id=customer_dim_generator, task_id=generate_customer_dim_data, run_id=scheduled__2024-11-07T00:00:00+00:00, execution_date=20241107T000000, start_date=20250208T190222, end_date=20250208T190222
[2025-02-08T19:02:22.305+0000] {local_task_job_runner.py:266} INFO - Task exited with return code 0
[2025-02-08T19:02:22.318+0000] {taskinstance.py:3900} INFO - 0 downstream tasks scheduled from follow-on schedule check
[2025-02-08T19:02:22.321+0000] {local_task_job_runner.py:245} INFO - ::endgroup::
[2025-02-08T20:40:05.674+0000] {local_task_job_runner.py:123} INFO - ::group::Pre task execution logs
[2025-02-08T20:40:05.705+0000] {taskinstance.py:2612} INFO - Dependencies all met for dep_context=non-requeueable deps ti=<TaskInstance: customer_dim_generator.generate_customer_dim_data scheduled__2024-11-07T00:00:00+00:00 [queued]>
[2025-02-08T20:40:05.717+0000] {taskinstance.py:2612} INFO - Dependencies all met for dep_context=requeueable deps ti=<TaskInstance: customer_dim_generator.generate_customer_dim_data scheduled__2024-11-07T00:00:00+00:00 [queued]>
[2025-02-08T20:40:05.718+0000] {taskinstance.py:2865} INFO - Starting attempt 1 of 1
[2025-02-08T20:40:05.742+0000] {taskinstance.py:2888} INFO - Executing <Task(PythonOperator): generate_customer_dim_data> on 2024-11-07 00:00:00+00:00
[2025-02-08T20:40:05.757+0000] {logging_mixin.py:190} WARNING - /home/***/.local/lib/python3.12/site-packages/***/task/task_runner/standard_task_runner.py:70 DeprecationWarning: This process (pid=977) is multi-threaded, use of fork() may lead to deadlocks in the child.
[2025-02-08T20:40:05.759+0000] {standard_task_runner.py:72} INFO - Started process 1000 to run task
[2025-02-08T20:40:05.761+0000] {standard_task_runner.py:104} INFO - Running: ['***', 'tasks', 'run', 'customer_dim_generator', 'generate_customer_dim_data', 'scheduled__2024-11-07T00:00:00+00:00', '--job-id', '98', '--raw', '--subdir', 'DAGS_FOLDER/customer_dim_gen.py', '--cfg-path', '/tmp/tmpik7bv7gy']
[2025-02-08T20:40:05.764+0000] {standard_task_runner.py:105} INFO - Job 98: Subtask generate_customer_dim_data
[2025-02-08T20:40:05.830+0000] {task_command.py:467} INFO - Running <TaskInstance: customer_dim_generator.generate_customer_dim_data scheduled__2024-11-07T00:00:00+00:00 [running]> on host 7e959c1a2a8b
[2025-02-08T20:40:05.983+0000] {taskinstance.py:3131} INFO - Exporting env vars: AIRFLOW_CTX_DAG_OWNER='Saleh' AIRFLOW_CTX_DAG_ID='customer_dim_generator' AIRFLOW_CTX_TASK_ID='generate_customer_dim_data' AIRFLOW_CTX_EXECUTION_DATE='2024-11-07T00:00:00+00:00' AIRFLOW_CTX_TRY_NUMBER='1' AIRFLOW_CTX_DAG_RUN_ID='scheduled__2024-11-07T00:00:00+00:00'
[2025-02-08T20:40:05.986+0000] {taskinstance.py:731} INFO - ::endgroup::
[2025-02-08T20:40:06.010+0000] {logging_mixin.py:190} INFO - CSV file './customer_dim_large_data.csv' with 100 rows has been generated successfully.
[2025-02-08T20:40:06.011+0000] {python.py:240} INFO - Done. Returned value was: None
[2025-02-08T20:40:06.021+0000] {taskinstance.py:340} INFO - ::group::Post task execution logs
[2025-02-08T20:40:06.023+0000] {taskinstance.py:352} INFO - Marking task as SUCCESS. dag_id=customer_dim_generator, task_id=generate_customer_dim_data, run_id=scheduled__2024-11-07T00:00:00+00:00, execution_date=20241107T000000, start_date=20250208T204005, end_date=20250208T204006
[2025-02-08T20:40:06.061+0000] {local_task_job_runner.py:266} INFO - Task exited with return code 0
[2025-02-08T20:40:06.086+0000] {taskinstance.py:3900} INFO - 0 downstream tasks scheduled from follow-on schedule check
[2025-02-08T20:40:06.090+0000] {local_task_job_runner.py:245} INFO - ::endgroup::
[2025-02-08T20:42:59.575+0000] {local_task_job_runner.py:123} INFO - ::group::Pre task execution logs
[2025-02-08T20:42:59.589+0000] {taskinstance.py:2612} INFO - Dependencies all met for dep_context=non-requeueable deps ti=<TaskInstance: customer_dim_generator.generate_customer_dim_data scheduled__2024-11-07T00:00:00+00:00 [queued]>
[2025-02-08T20:42:59.596+0000] {taskinstance.py:2612} INFO - Dependencies all met for dep_context=requeueable deps ti=<TaskInstance: customer_dim_generator.generate_customer_dim_data scheduled__2024-11-07T00:00:00+00:00 [queued]>
[2025-02-08T20:42:59.596+0000] {taskinstance.py:2865} INFO - Starting attempt 1 of 1
[2025-02-08T20:42:59.608+0000] {taskinstance.py:2888} INFO - Executing <Task(PythonOperator): generate_customer_dim_data> on 2024-11-07 00:00:00+00:00
[2025-02-08T20:42:59.617+0000] {logging_mixin.py:190} WARNING - /home/***/.local/lib/python3.12/site-packages/***/task/task_runner/standard_task_runner.py:70 DeprecationWarning: This process (pid=513) is multi-threaded, use of fork() may lead to deadlocks in the child.
[2025-02-08T20:42:59.618+0000] {standard_task_runner.py:72} INFO - Started process 525 to run task
[2025-02-08T20:42:59.616+0000] {standard_task_runner.py:104} INFO - Running: ['***', 'tasks', 'run', 'customer_dim_generator', 'generate_customer_dim_data', 'scheduled__2024-11-07T00:00:00+00:00', '--job-id', '436', '--raw', '--subdir', 'DAGS_FOLDER/customer_dim_gen.py', '--cfg-path', '/tmp/tmpbjo9gmht']
[2025-02-08T20:42:59.618+0000] {standard_task_runner.py:105} INFO - Job 436: Subtask generate_customer_dim_data
[2025-02-08T20:42:59.654+0000] {task_command.py:467} INFO - Running <TaskInstance: customer_dim_generator.generate_customer_dim_data scheduled__2024-11-07T00:00:00+00:00 [running]> on host 86932746817d
[2025-02-08T20:42:59.728+0000] {taskinstance.py:3131} INFO - Exporting env vars: AIRFLOW_CTX_DAG_OWNER='Saleh' AIRFLOW_CTX_DAG_ID='customer_dim_generator' AIRFLOW_CTX_TASK_ID='generate_customer_dim_data' AIRFLOW_CTX_EXECUTION_DATE='2024-11-07T00:00:00+00:00' AIRFLOW_CTX_TRY_NUMBER='1' AIRFLOW_CTX_DAG_RUN_ID='scheduled__2024-11-07T00:00:00+00:00'
[2025-02-08T20:42:59.730+0000] {taskinstance.py:731} INFO - ::endgroup::
[2025-02-08T20:42:59.748+0000] {logging_mixin.py:190} INFO - CSV file './customer_dim_large_data.csv' with 100 rows has been generated successfully.
[2025-02-08T20:42:59.748+0000] {python.py:240} INFO - Done. Returned value was: None
[2025-02-08T20:42:59.755+0000] {taskinstance.py:340} INFO - ::group::Post task execution logs
[2025-02-08T20:42:59.756+0000] {taskinstance.py:352} INFO - Marking task as SUCCESS. dag_id=customer_dim_generator, task_id=generate_customer_dim_data, run_id=scheduled__2024-11-07T00:00:00+00:00, execution_date=20241107T000000, start_date=20250208T204259, end_date=20250208T204259
[2025-02-08T20:42:59.792+0000] {local_task_job_runner.py:266} INFO - Task exited with return code 0
[2025-02-08T20:42:59.799+0000] {local_task_job_runner.py:245} INFO - ::endgroup::
