[2025-02-08T10:58:27.073+0000] {local_task_job_runner.py:123} INFO - ::group::Pre task execution logs
[2025-02-08T10:58:27.091+0000] {taskinstance.py:2612} INFO - Dependencies all met for dep_context=non-requeueable deps ti=<TaskInstance: example_branch_operator.branch_a scheduled__2025-02-07T00:00:00+00:00 [queued]>
[2025-02-08T10:58:27.100+0000] {taskinstance.py:2612} INFO - Dependencies all met for dep_context=requeueable deps ti=<TaskInstance: example_branch_operator.branch_a scheduled__2025-02-07T00:00:00+00:00 [queued]>
[2025-02-08T10:58:27.101+0000] {taskinstance.py:2865} INFO - Starting attempt 1 of 1
[2025-02-08T10:58:27.112+0000] {taskinstance.py:2888} INFO - Executing <Task(PythonOperator): branch_a> on 2025-02-07 00:00:00+00:00
[2025-02-08T10:58:27.120+0000] {standard_task_runner.py:104} INFO - Running: ['***', 'tasks', 'run', 'example_branch_operator', 'branch_a', 'scheduled__2025-02-07T00:00:00+00:00', '--job-id', '5', '--raw', '--subdir', '/home/***/.local/lib/python3.12/site-packages/***/example_dags/example_branch_operator.py', '--cfg-path', '/tmp/tmp81fsat1v']
[2025-02-08T10:58:27.122+0000] {standard_task_runner.py:105} INFO - Job 5: Subtask branch_a
[2025-02-08T10:58:27.122+0000] {logging_mixin.py:190} WARNING - /home/***/.local/lib/python3.12/site-packages/***/task/task_runner/standard_task_runner.py:70 DeprecationWarning: This process (pid=4238) is multi-threaded, use of fork() may lead to deadlocks in the child.
[2025-02-08T10:58:27.123+0000] {standard_task_runner.py:72} INFO - Started process 4278 to run task
[2025-02-08T10:58:27.162+0000] {task_command.py:467} INFO - Running <TaskInstance: example_branch_operator.branch_a scheduled__2025-02-07T00:00:00+00:00 [running]> on host d1b449c2efe4
[2025-02-08T10:58:27.222+0000] {taskinstance.py:3131} INFO - Exporting env vars: AIRFLOW_CTX_DAG_OWNER='***' AIRFLOW_CTX_DAG_ID='example_branch_operator' AIRFLOW_CTX_TASK_ID='branch_a' AIRFLOW_CTX_EXECUTION_DATE='2025-02-07T00:00:00+00:00' AIRFLOW_CTX_TRY_NUMBER='1' AIRFLOW_CTX_DAG_RUN_ID='scheduled__2025-02-07T00:00:00+00:00'
[2025-02-08T10:58:27.223+0000] {logging_mixin.py:190} INFO - Task instance is in running state
[2025-02-08T10:58:27.223+0000] {logging_mixin.py:190} INFO -  Previous state of the Task instance: queued
[2025-02-08T10:58:27.224+0000] {logging_mixin.py:190} INFO - Current task name:branch_a state:running start_date:2025-02-08 10:58:27.092265+00:00
[2025-02-08T10:58:27.224+0000] {logging_mixin.py:190} INFO - Dag name:example_branch_operator and current dag run status:running
[2025-02-08T10:58:27.224+0000] {taskinstance.py:731} INFO - ::endgroup::
[2025-02-08T10:58:27.225+0000] {logging_mixin.py:190} INFO - Hello World
[2025-02-08T10:58:27.225+0000] {python.py:240} INFO - Done. Returned value was: None
[2025-02-08T10:58:27.231+0000] {taskinstance.py:340} INFO - ::group::Post task execution logs
[2025-02-08T10:58:27.232+0000] {taskinstance.py:352} INFO - Marking task as SUCCESS. dag_id=example_branch_operator, task_id=branch_a, run_id=scheduled__2025-02-07T00:00:00+00:00, execution_date=20250207T000000, start_date=20250208T105827, end_date=20250208T105827
[2025-02-08T10:58:27.239+0000] {logging_mixin.py:190} INFO - Task instance in success state
[2025-02-08T10:58:27.239+0000] {logging_mixin.py:190} INFO -  Previous state of the Task instance: running
[2025-02-08T10:58:27.240+0000] {logging_mixin.py:190} INFO - Dag name:example_branch_operator queued_at:2025-02-08 10:58:24.660728+00:00
[2025-02-08T10:58:27.240+0000] {logging_mixin.py:190} INFO - Task hostname:d1b449c2efe4 operator:PythonOperator
[2025-02-08T10:58:27.257+0000] {local_task_job_runner.py:266} INFO - Task exited with return code 0
[2025-02-08T10:58:27.287+0000] {taskinstance.py:3900} INFO - 0 downstream tasks scheduled from follow-on schedule check
[2025-02-08T10:58:27.290+0000] {local_task_job_runner.py:245} INFO - ::endgroup::
