[2025-02-08T19:02:06.612+0000] {local_task_job_runner.py:123} INFO - ::group::Pre task execution logs
[2025-02-08T19:02:06.636+0000] {taskinstance.py:2612} INFO - Dependencies all met for dep_context=non-requeueable deps ti=<TaskInstance: customer_dim_generator.generate_customer_dim_data scheduled__2024-10-16T00:00:00+00:00 [queued]>
[2025-02-08T19:02:06.651+0000] {taskinstance.py:2612} INFO - Dependencies all met for dep_context=requeueable deps ti=<TaskInstance: customer_dim_generator.generate_customer_dim_data scheduled__2024-10-16T00:00:00+00:00 [queued]>
[2025-02-08T19:02:06.652+0000] {taskinstance.py:2865} INFO - Starting attempt 1 of 1
[2025-02-08T19:02:06.682+0000] {taskinstance.py:2888} INFO - Executing <Task(PythonOperator): generate_customer_dim_data> on 2024-10-16 00:00:00+00:00
[2025-02-08T19:02:06.694+0000] {logging_mixin.py:190} WARNING - /home/***/.local/lib/python3.12/site-packages/***/task/task_runner/standard_task_runner.py:70 DeprecationWarning: This process (pid=1195) is multi-threaded, use of fork() may lead to deadlocks in the child.
[2025-02-08T19:02:06.697+0000] {standard_task_runner.py:72} INFO - Started process 1258 to run task
[2025-02-08T19:02:06.698+0000] {standard_task_runner.py:104} INFO - Running: ['***', 'tasks', 'run', 'customer_dim_generator', 'generate_customer_dim_data', 'scheduled__2024-10-16T00:00:00+00:00', '--job-id', '176', '--raw', '--subdir', 'DAGS_FOLDER/customer_dim_gen.py', '--cfg-path', '/tmp/tmpvy0k1703']
[2025-02-08T19:02:06.708+0000] {standard_task_runner.py:105} INFO - Job 176: Subtask generate_customer_dim_data
[2025-02-08T19:02:06.783+0000] {task_command.py:467} INFO - Running <TaskInstance: customer_dim_generator.generate_customer_dim_data scheduled__2024-10-16T00:00:00+00:00 [running]> on host 2c1cd59afcc0
[2025-02-08T19:02:06.904+0000] {taskinstance.py:3131} INFO - Exporting env vars: AIRFLOW_CTX_DAG_OWNER='Saleh' AIRFLOW_CTX_DAG_ID='customer_dim_generator' AIRFLOW_CTX_TASK_ID='generate_customer_dim_data' AIRFLOW_CTX_EXECUTION_DATE='2024-10-16T00:00:00+00:00' AIRFLOW_CTX_TRY_NUMBER='1' AIRFLOW_CTX_DAG_RUN_ID='scheduled__2024-10-16T00:00:00+00:00'
[2025-02-08T19:02:06.906+0000] {taskinstance.py:731} INFO - ::endgroup::
[2025-02-08T19:02:06.934+0000] {logging_mixin.py:190} INFO - CSV file './customer_dim_large_data.csv' with 100 rows has been generated successfully.
[2025-02-08T19:02:06.935+0000] {python.py:240} INFO - Done. Returned value was: None
[2025-02-08T19:02:06.949+0000] {taskinstance.py:340} INFO - ::group::Post task execution logs
[2025-02-08T19:02:06.949+0000] {taskinstance.py:352} INFO - Marking task as SUCCESS. dag_id=customer_dim_generator, task_id=generate_customer_dim_data, run_id=scheduled__2024-10-16T00:00:00+00:00, execution_date=20241016T000000, start_date=20250208T190206, end_date=20250208T190206
[2025-02-08T19:02:07.000+0000] {local_task_job_runner.py:266} INFO - Task exited with return code 0
[2025-02-08T19:02:07.029+0000] {taskinstance.py:3900} INFO - 0 downstream tasks scheduled from follow-on schedule check
[2025-02-08T19:02:07.034+0000] {local_task_job_runner.py:245} INFO - ::endgroup::
[2025-02-08T20:39:38.069+0000] {local_task_job_runner.py:123} INFO - ::group::Pre task execution logs
[2025-02-08T20:39:38.103+0000] {taskinstance.py:2612} INFO - Dependencies all met for dep_context=non-requeueable deps ti=<TaskInstance: customer_dim_generator.generate_customer_dim_data scheduled__2024-10-16T00:00:00+00:00 [queued]>
[2025-02-08T20:39:38.140+0000] {taskinstance.py:2612} INFO - Dependencies all met for dep_context=requeueable deps ti=<TaskInstance: customer_dim_generator.generate_customer_dim_data scheduled__2024-10-16T00:00:00+00:00 [queued]>
[2025-02-08T20:39:38.142+0000] {taskinstance.py:2865} INFO - Starting attempt 1 of 1
[2025-02-08T20:39:38.230+0000] {taskinstance.py:2888} INFO - Executing <Task(PythonOperator): generate_customer_dim_data> on 2024-10-16 00:00:00+00:00
[2025-02-08T20:39:38.256+0000] {logging_mixin.py:190} WARNING - /home/***/.local/lib/python3.12/site-packages/***/task/task_runner/standard_task_runner.py:70 DeprecationWarning: This process (pid=628) is multi-threaded, use of fork() may lead to deadlocks in the child.
[2025-02-08T20:39:38.259+0000] {standard_task_runner.py:72} INFO - Started process 661 to run task
[2025-02-08T20:39:38.261+0000] {standard_task_runner.py:104} INFO - Running: ['***', 'tasks', 'run', 'customer_dim_generator', 'generate_customer_dim_data', 'scheduled__2024-10-16T00:00:00+00:00', '--job-id', '13', '--raw', '--subdir', 'DAGS_FOLDER/customer_dim_gen.py', '--cfg-path', '/tmp/tmpl440k56v']
[2025-02-08T20:39:38.265+0000] {standard_task_runner.py:105} INFO - Job 13: Subtask generate_customer_dim_data
[2025-02-08T20:39:38.562+0000] {task_command.py:467} INFO - Running <TaskInstance: customer_dim_generator.generate_customer_dim_data scheduled__2024-10-16T00:00:00+00:00 [running]> on host 7e959c1a2a8b
[2025-02-08T20:39:39.325+0000] {taskinstance.py:3131} INFO - Exporting env vars: AIRFLOW_CTX_DAG_OWNER='Saleh' AIRFLOW_CTX_DAG_ID='customer_dim_generator' AIRFLOW_CTX_TASK_ID='generate_customer_dim_data' AIRFLOW_CTX_EXECUTION_DATE='2024-10-16T00:00:00+00:00' AIRFLOW_CTX_TRY_NUMBER='1' AIRFLOW_CTX_DAG_RUN_ID='scheduled__2024-10-16T00:00:00+00:00'
[2025-02-08T20:39:39.327+0000] {taskinstance.py:731} INFO - ::endgroup::
[2025-02-08T20:39:40.555+0000] {logging_mixin.py:190} INFO - CSV file './customer_dim_large_data.csv' with 100 rows has been generated successfully.
[2025-02-08T20:39:40.556+0000] {python.py:240} INFO - Done. Returned value was: None
[2025-02-08T20:39:40.568+0000] {taskinstance.py:340} INFO - ::group::Post task execution logs
[2025-02-08T20:39:40.573+0000] {taskinstance.py:352} INFO - Marking task as SUCCESS. dag_id=customer_dim_generator, task_id=generate_customer_dim_data, run_id=scheduled__2024-10-16T00:00:00+00:00, execution_date=20241016T000000, start_date=20250208T203938, end_date=20250208T203940
[2025-02-08T20:39:40.809+0000] {local_task_job_runner.py:266} INFO - Task exited with return code 0
[2025-02-08T20:39:40.833+0000] {taskinstance.py:3900} INFO - 0 downstream tasks scheduled from follow-on schedule check
[2025-02-08T20:39:40.864+0000] {local_task_job_runner.py:245} INFO - ::endgroup::
[2025-02-08T20:42:51.335+0000] {local_task_job_runner.py:123} INFO - ::group::Pre task execution logs
[2025-02-08T20:42:51.353+0000] {taskinstance.py:2612} INFO - Dependencies all met for dep_context=non-requeueable deps ti=<TaskInstance: customer_dim_generator.generate_customer_dim_data scheduled__2024-10-16T00:00:00+00:00 [queued]>
[2025-02-08T20:42:51.365+0000] {taskinstance.py:2612} INFO - Dependencies all met for dep_context=requeueable deps ti=<TaskInstance: customer_dim_generator.generate_customer_dim_data scheduled__2024-10-16T00:00:00+00:00 [queued]>
[2025-02-08T20:42:51.365+0000] {taskinstance.py:2865} INFO - Starting attempt 1 of 1
[2025-02-08T20:42:51.461+0000] {taskinstance.py:2888} INFO - Executing <Task(PythonOperator): generate_customer_dim_data> on 2024-10-16 00:00:00+00:00
[2025-02-08T20:42:51.472+0000] {logging_mixin.py:190} WARNING - /home/***/.local/lib/python3.12/site-packages/***/task/task_runner/standard_task_runner.py:70 DeprecationWarning: This process (pid=415) is multi-threaded, use of fork() may lead to deadlocks in the child.
[2025-02-08T20:42:51.471+0000] {standard_task_runner.py:104} INFO - Running: ['***', 'tasks', 'run', 'customer_dim_generator', 'generate_customer_dim_data', 'scheduled__2024-10-16T00:00:00+00:00', '--job-id', '414', '--raw', '--subdir', 'DAGS_FOLDER/customer_dim_gen.py', '--cfg-path', '/tmp/tmpy2eqch8g']
[2025-02-08T20:42:51.474+0000] {standard_task_runner.py:72} INFO - Started process 438 to run task
[2025-02-08T20:42:51.474+0000] {standard_task_runner.py:105} INFO - Job 414: Subtask generate_customer_dim_data
[2025-02-08T20:42:51.529+0000] {task_command.py:467} INFO - Running <TaskInstance: customer_dim_generator.generate_customer_dim_data scheduled__2024-10-16T00:00:00+00:00 [running]> on host 86932746817d
[2025-02-08T20:42:51.637+0000] {taskinstance.py:3131} INFO - Exporting env vars: AIRFLOW_CTX_DAG_OWNER='Saleh' AIRFLOW_CTX_DAG_ID='customer_dim_generator' AIRFLOW_CTX_TASK_ID='generate_customer_dim_data' AIRFLOW_CTX_EXECUTION_DATE='2024-10-16T00:00:00+00:00' AIRFLOW_CTX_TRY_NUMBER='1' AIRFLOW_CTX_DAG_RUN_ID='scheduled__2024-10-16T00:00:00+00:00'
[2025-02-08T20:42:51.640+0000] {taskinstance.py:731} INFO - ::endgroup::
[2025-02-08T20:42:51.663+0000] {logging_mixin.py:190} INFO - CSV file './customer_dim_large_data.csv' with 100 rows has been generated successfully.
[2025-02-08T20:42:51.664+0000] {python.py:240} INFO - Done. Returned value was: None
[2025-02-08T20:42:51.673+0000] {taskinstance.py:340} INFO - ::group::Post task execution logs
[2025-02-08T20:42:51.674+0000] {taskinstance.py:352} INFO - Marking task as SUCCESS. dag_id=customer_dim_generator, task_id=generate_customer_dim_data, run_id=scheduled__2024-10-16T00:00:00+00:00, execution_date=20241016T000000, start_date=20250208T204251, end_date=20250208T204251
[2025-02-08T20:42:51.739+0000] {local_task_job_runner.py:266} INFO - Task exited with return code 0
[2025-02-08T20:42:51.757+0000] {taskinstance.py:3900} INFO - 0 downstream tasks scheduled from follow-on schedule check
[2025-02-08T20:42:51.761+0000] {local_task_job_runner.py:245} INFO - ::endgroup::
