[2025-02-08T19:03:34.421+0000] {local_task_job_runner.py:123} INFO - ::group::Pre task execution logs
[2025-02-08T19:03:34.435+0000] {taskinstance.py:2612} INFO - Dependencies all met for dep_context=non-requeueable deps ti=<TaskInstance: branch_dim_gen.generate_branch_dim_data scheduled__2025-01-31T00:00:00+00:00 [queued]>
[2025-02-08T19:03:34.443+0000] {taskinstance.py:2612} INFO - Dependencies all met for dep_context=requeueable deps ti=<TaskInstance: branch_dim_gen.generate_branch_dim_data scheduled__2025-01-31T00:00:00+00:00 [queued]>
[2025-02-08T19:03:34.443+0000] {taskinstance.py:2865} INFO - Starting attempt 1 of 1
[2025-02-08T19:03:34.454+0000] {taskinstance.py:2888} INFO - Executing <Task(PythonOperator): generate_branch_dim_data> on 2025-01-31 00:00:00+00:00
[2025-02-08T19:03:34.464+0000] {logging_mixin.py:190} WARNING - /home/***/.local/lib/python3.12/site-packages/***/task/task_runner/standard_task_runner.py:70 DeprecationWarning: This process (pid=2273) is multi-threaded, use of fork() may lead to deadlocks in the child.
[2025-02-08T19:03:34.465+0000] {standard_task_runner.py:72} INFO - Started process 2287 to run task
[2025-02-08T19:03:34.465+0000] {standard_task_runner.py:104} INFO - Running: ['***', 'tasks', 'run', 'branch_dim_gen', 'generate_branch_dim_data', 'scheduled__2025-01-31T00:00:00+00:00', '--job-id', '419', '--raw', '--subdir', 'DAGS_FOLDER/brnach_dim_gen.py', '--cfg-path', '/tmp/tmpkzbxuox6']
[2025-02-08T19:03:34.467+0000] {standard_task_runner.py:105} INFO - Job 419: Subtask generate_branch_dim_data
[2025-02-08T19:03:34.507+0000] {task_command.py:467} INFO - Running <TaskInstance: branch_dim_gen.generate_branch_dim_data scheduled__2025-01-31T00:00:00+00:00 [running]> on host 2c1cd59afcc0
[2025-02-08T19:03:34.586+0000] {taskinstance.py:3131} INFO - Exporting env vars: AIRFLOW_CTX_DAG_OWNER='Saleh' AIRFLOW_CTX_DAG_ID='branch_dim_gen' AIRFLOW_CTX_TASK_ID='generate_branch_dim_data' AIRFLOW_CTX_EXECUTION_DATE='2025-01-31T00:00:00+00:00' AIRFLOW_CTX_TRY_NUMBER='1' AIRFLOW_CTX_DAG_RUN_ID='scheduled__2025-01-31T00:00:00+00:00'
[2025-02-08T19:03:34.587+0000] {taskinstance.py:731} INFO - ::endgroup::
[2025-02-08T19:03:34.603+0000] {logging_mixin.py:190} INFO - CSV file './branch_dim_large_data.csv' with 50 rows has been generated successfully.
[2025-02-08T19:03:34.603+0000] {python.py:240} INFO - Done. Returned value was: None
[2025-02-08T19:03:34.610+0000] {taskinstance.py:340} INFO - ::group::Post task execution logs
[2025-02-08T19:03:34.611+0000] {taskinstance.py:352} INFO - Marking task as SUCCESS. dag_id=branch_dim_gen, task_id=generate_branch_dim_data, run_id=scheduled__2025-01-31T00:00:00+00:00, execution_date=20250131T000000, start_date=20250208T190334, end_date=20250208T190334
[2025-02-08T19:03:34.639+0000] {local_task_job_runner.py:266} INFO - Task exited with return code 0
[2025-02-08T19:03:34.653+0000] {taskinstance.py:3900} INFO - 0 downstream tasks scheduled from follow-on schedule check
[2025-02-08T19:03:34.655+0000] {local_task_job_runner.py:245} INFO - ::endgroup::
[2025-02-08T20:42:36.377+0000] {local_task_job_runner.py:123} INFO - ::group::Pre task execution logs
[2025-02-08T20:42:36.395+0000] {taskinstance.py:2612} INFO - Dependencies all met for dep_context=non-requeueable deps ti=<TaskInstance: branch_dim_gen.generate_branch_dim_data scheduled__2025-01-31T00:00:00+00:00 [queued]>
[2025-02-08T20:42:36.406+0000] {taskinstance.py:2612} INFO - Dependencies all met for dep_context=requeueable deps ti=<TaskInstance: branch_dim_gen.generate_branch_dim_data scheduled__2025-01-31T00:00:00+00:00 [queued]>
[2025-02-08T20:42:36.407+0000] {taskinstance.py:2865} INFO - Starting attempt 1 of 1
[2025-02-08T20:42:36.418+0000] {taskinstance.py:2888} INFO - Executing <Task(PythonOperator): generate_branch_dim_data> on 2025-01-31 00:00:00+00:00
[2025-02-08T20:42:36.426+0000] {standard_task_runner.py:104} INFO - Running: ['***', 'tasks', 'run', 'branch_dim_gen', 'generate_branch_dim_data', 'scheduled__2025-01-31T00:00:00+00:00', '--job-id', '388', '--raw', '--subdir', 'DAGS_FOLDER/brnach_dim_gen.py', '--cfg-path', '/tmp/tmpm7u0szjz']
[2025-02-08T20:42:36.429+0000] {standard_task_runner.py:105} INFO - Job 388: Subtask generate_branch_dim_data
[2025-02-08T20:42:36.431+0000] {logging_mixin.py:190} WARNING - /home/***/.local/lib/python3.12/site-packages/***/task/task_runner/standard_task_runner.py:70 DeprecationWarning: This process (pid=289) is multi-threaded, use of fork() may lead to deadlocks in the child.
[2025-02-08T20:42:36.432+0000] {standard_task_runner.py:72} INFO - Started process 300 to run task
[2025-02-08T20:42:36.466+0000] {task_command.py:467} INFO - Running <TaskInstance: branch_dim_gen.generate_branch_dim_data scheduled__2025-01-31T00:00:00+00:00 [running]> on host 86932746817d
[2025-02-08T20:42:36.542+0000] {taskinstance.py:3131} INFO - Exporting env vars: AIRFLOW_CTX_DAG_OWNER='Saleh' AIRFLOW_CTX_DAG_ID='branch_dim_gen' AIRFLOW_CTX_TASK_ID='generate_branch_dim_data' AIRFLOW_CTX_EXECUTION_DATE='2025-01-31T00:00:00+00:00' AIRFLOW_CTX_TRY_NUMBER='1' AIRFLOW_CTX_DAG_RUN_ID='scheduled__2025-01-31T00:00:00+00:00'
[2025-02-08T20:42:36.544+0000] {taskinstance.py:731} INFO - ::endgroup::
[2025-02-08T20:42:36.560+0000] {logging_mixin.py:190} INFO - CSV file './branch_dim_large_data.csv' with 50 rows has been generated successfully.
[2025-02-08T20:42:36.560+0000] {python.py:240} INFO - Done. Returned value was: None
[2025-02-08T20:42:36.567+0000] {taskinstance.py:340} INFO - ::group::Post task execution logs
[2025-02-08T20:42:36.568+0000] {taskinstance.py:352} INFO - Marking task as SUCCESS. dag_id=branch_dim_gen, task_id=generate_branch_dim_data, run_id=scheduled__2025-01-31T00:00:00+00:00, execution_date=20250131T000000, start_date=20250208T204236, end_date=20250208T204236
[2025-02-08T20:42:36.606+0000] {local_task_job_runner.py:266} INFO - Task exited with return code 0
[2025-02-08T20:42:36.621+0000] {taskinstance.py:3900} INFO - 0 downstream tasks scheduled from follow-on schedule check
[2025-02-08T20:42:36.625+0000] {local_task_job_runner.py:245} INFO - ::endgroup::
