[2025-02-08T19:01:19.382+0000] {local_task_job_runner.py:123} INFO - ::group::Pre task execution logs
[2025-02-08T19:01:19.397+0000] {taskinstance.py:2612} INFO - Dependencies all met for dep_context=non-requeueable deps ti=<TaskInstance: account_dim_gen.generate_account_dim_data scheduled__2025-02-05T00:00:00+00:00 [queued]>
[2025-02-08T19:01:19.404+0000] {taskinstance.py:2612} INFO - Dependencies all met for dep_context=requeueable deps ti=<TaskInstance: account_dim_gen.generate_account_dim_data scheduled__2025-02-05T00:00:00+00:00 [queued]>
[2025-02-08T19:01:19.405+0000] {taskinstance.py:2865} INFO - Starting attempt 1 of 1
[2025-02-08T19:01:19.416+0000] {taskinstance.py:2888} INFO - Executing <Task(PythonOperator): generate_account_dim_data> on 2025-02-05 00:00:00+00:00
[2025-02-08T19:01:19.423+0000] {logging_mixin.py:190} WARNING - /home/***/.local/lib/python3.12/site-packages/***/task/task_runner/standard_task_runner.py:70 DeprecationWarning: This process (pid=1105) is multi-threaded, use of fork() may lead to deadlocks in the child.
[2025-02-08T19:01:19.424+0000] {standard_task_runner.py:72} INFO - Started process 1123 to run task
[2025-02-08T19:01:19.423+0000] {standard_task_runner.py:104} INFO - Running: ['***', 'tasks', 'run', 'account_dim_gen', 'generate_account_dim_data', 'scheduled__2025-02-05T00:00:00+00:00', '--job-id', '152', '--raw', '--subdir', 'DAGS_FOLDER/account_dim_gen.py', '--cfg-path', '/tmp/tmpshfzsxxt']
[2025-02-08T19:01:19.425+0000] {standard_task_runner.py:105} INFO - Job 152: Subtask generate_account_dim_data
[2025-02-08T19:01:19.460+0000] {task_command.py:467} INFO - Running <TaskInstance: account_dim_gen.generate_account_dim_data scheduled__2025-02-05T00:00:00+00:00 [running]> on host 2c1cd59afcc0
[2025-02-08T19:01:19.529+0000] {taskinstance.py:3131} INFO - Exporting env vars: AIRFLOW_CTX_DAG_OWNER='Saleh' AIRFLOW_CTX_DAG_ID='account_dim_gen' AIRFLOW_CTX_TASK_ID='generate_account_dim_data' AIRFLOW_CTX_EXECUTION_DATE='2025-02-05T00:00:00+00:00' AIRFLOW_CTX_TRY_NUMBER='1' AIRFLOW_CTX_DAG_RUN_ID='scheduled__2025-02-05T00:00:00+00:00'
[2025-02-08T19:01:19.530+0000] {taskinstance.py:731} INFO - ::endgroup::
[2025-02-08T19:01:19.547+0000] {logging_mixin.py:190} INFO - CSV file ./account_dim_large_data.csv with 50 row has been generated successfully!
[2025-02-08T19:01:19.547+0000] {python.py:240} INFO - Done. Returned value was: None
[2025-02-08T19:01:19.553+0000] {taskinstance.py:340} INFO - ::group::Post task execution logs
[2025-02-08T19:01:19.554+0000] {taskinstance.py:352} INFO - Marking task as SUCCESS. dag_id=account_dim_gen, task_id=generate_account_dim_data, run_id=scheduled__2025-02-05T00:00:00+00:00, execution_date=20250205T000000, start_date=20250208T190119, end_date=20250208T190119
[2025-02-08T19:01:19.598+0000] {local_task_job_runner.py:266} INFO - Task exited with return code 0
[2025-02-08T19:01:19.612+0000] {taskinstance.py:3900} INFO - 0 downstream tasks scheduled from follow-on schedule check
[2025-02-08T19:01:19.614+0000] {local_task_job_runner.py:245} INFO - ::endgroup::
[2025-02-08T20:42:45.660+0000] {local_task_job_runner.py:123} INFO - ::group::Pre task execution logs
[2025-02-08T20:42:45.680+0000] {taskinstance.py:2612} INFO - Dependencies all met for dep_context=non-requeueable deps ti=<TaskInstance: account_dim_gen.generate_account_dim_data scheduled__2025-02-05T00:00:00+00:00 [queued]>
[2025-02-08T20:42:45.701+0000] {taskinstance.py:2612} INFO - Dependencies all met for dep_context=requeueable deps ti=<TaskInstance: account_dim_gen.generate_account_dim_data scheduled__2025-02-05T00:00:00+00:00 [queued]>
[2025-02-08T20:42:45.703+0000] {taskinstance.py:2865} INFO - Starting attempt 1 of 1
[2025-02-08T20:42:45.736+0000] {taskinstance.py:2888} INFO - Executing <Task(PythonOperator): generate_account_dim_data> on 2025-02-05 00:00:00+00:00
[2025-02-08T20:42:45.751+0000] {logging_mixin.py:190} WARNING - /home/***/.local/lib/python3.12/site-packages/***/task/task_runner/standard_task_runner.py:70 DeprecationWarning: This process (pid=363) is multi-threaded, use of fork() may lead to deadlocks in the child.
[2025-02-08T20:42:45.752+0000] {standard_task_runner.py:72} INFO - Started process 393 to run task
[2025-02-08T20:42:45.751+0000] {standard_task_runner.py:104} INFO - Running: ['***', 'tasks', 'run', 'account_dim_gen', 'generate_account_dim_data', 'scheduled__2025-02-05T00:00:00+00:00', '--job-id', '407', '--raw', '--subdir', 'DAGS_FOLDER/account_dim_gen.py', '--cfg-path', '/tmp/tmpwyn8roq7']
[2025-02-08T20:42:45.755+0000] {standard_task_runner.py:105} INFO - Job 407: Subtask generate_account_dim_data
[2025-02-08T20:42:45.816+0000] {task_command.py:467} INFO - Running <TaskInstance: account_dim_gen.generate_account_dim_data scheduled__2025-02-05T00:00:00+00:00 [running]> on host 86932746817d
[2025-02-08T20:42:45.916+0000] {taskinstance.py:3131} INFO - Exporting env vars: AIRFLOW_CTX_DAG_OWNER='Saleh' AIRFLOW_CTX_DAG_ID='account_dim_gen' AIRFLOW_CTX_TASK_ID='generate_account_dim_data' AIRFLOW_CTX_EXECUTION_DATE='2025-02-05T00:00:00+00:00' AIRFLOW_CTX_TRY_NUMBER='1' AIRFLOW_CTX_DAG_RUN_ID='scheduled__2025-02-05T00:00:00+00:00'
[2025-02-08T20:42:45.919+0000] {taskinstance.py:731} INFO - ::endgroup::
[2025-02-08T20:42:45.944+0000] {logging_mixin.py:190} INFO - CSV file ./account_dim_large_data.csv with 50 row has been generated successfully!
[2025-02-08T20:42:45.944+0000] {python.py:240} INFO - Done. Returned value was: None
[2025-02-08T20:42:45.954+0000] {taskinstance.py:340} INFO - ::group::Post task execution logs
[2025-02-08T20:42:45.954+0000] {taskinstance.py:352} INFO - Marking task as SUCCESS. dag_id=account_dim_gen, task_id=generate_account_dim_data, run_id=scheduled__2025-02-05T00:00:00+00:00, execution_date=20250205T000000, start_date=20250208T204245, end_date=20250208T204245
[2025-02-08T20:42:46.008+0000] {local_task_job_runner.py:266} INFO - Task exited with return code 0
[2025-02-08T20:42:46.018+0000] {local_task_job_runner.py:245} INFO - ::endgroup::
