[2025-02-08T19:02:49.833+0000] {local_task_job_runner.py:123} INFO - ::group::Pre task execution logs
[2025-02-08T19:02:49.859+0000] {taskinstance.py:2612} INFO - Dependencies all met for dep_context=non-requeueable deps ti=<TaskInstance: customer_dim_generator.generate_customer_dim_data scheduled__2024-12-06T00:00:00+00:00 [queued]>
[2025-02-08T19:02:49.868+0000] {taskinstance.py:2612} INFO - Dependencies all met for dep_context=requeueable deps ti=<TaskInstance: customer_dim_generator.generate_customer_dim_data scheduled__2024-12-06T00:00:00+00:00 [queued]>
[2025-02-08T19:02:49.869+0000] {taskinstance.py:2865} INFO - Starting attempt 1 of 1
[2025-02-08T19:02:49.958+0000] {taskinstance.py:2888} INFO - Executing <Task(PythonOperator): generate_customer_dim_data> on 2024-12-06 00:00:00+00:00
[2025-02-08T19:02:49.976+0000] {standard_task_runner.py:104} INFO - Running: ['***', 'tasks', 'run', 'customer_dim_generator', 'generate_customer_dim_data', 'scheduled__2024-12-06T00:00:00+00:00', '--job-id', '277', '--raw', '--subdir', 'DAGS_FOLDER/customer_dim_gen.py', '--cfg-path', '/tmp/tmpc0qrngj7']
[2025-02-08T19:02:49.974+0000] {logging_mixin.py:190} WARNING - /home/***/.local/lib/python3.12/site-packages/***/task/task_runner/standard_task_runner.py:70 DeprecationWarning: This process (pid=1690) is multi-threaded, use of fork() may lead to deadlocks in the child.
[2025-02-08T19:02:49.983+0000] {standard_task_runner.py:72} INFO - Started process 1710 to run task
[2025-02-08T19:02:49.982+0000] {standard_task_runner.py:105} INFO - Job 277: Subtask generate_customer_dim_data
[2025-02-08T19:02:50.050+0000] {task_command.py:467} INFO - Running <TaskInstance: customer_dim_generator.generate_customer_dim_data scheduled__2024-12-06T00:00:00+00:00 [running]> on host 2c1cd59afcc0
[2025-02-08T19:02:50.170+0000] {taskinstance.py:3131} INFO - Exporting env vars: AIRFLOW_CTX_DAG_OWNER='Saleh' AIRFLOW_CTX_DAG_ID='customer_dim_generator' AIRFLOW_CTX_TASK_ID='generate_customer_dim_data' AIRFLOW_CTX_EXECUTION_DATE='2024-12-06T00:00:00+00:00' AIRFLOW_CTX_TRY_NUMBER='1' AIRFLOW_CTX_DAG_RUN_ID='scheduled__2024-12-06T00:00:00+00:00'
[2025-02-08T19:02:50.172+0000] {taskinstance.py:731} INFO - ::endgroup::
[2025-02-08T19:02:50.199+0000] {logging_mixin.py:190} INFO - CSV file './customer_dim_large_data.csv' with 100 rows has been generated successfully.
[2025-02-08T19:02:50.201+0000] {python.py:240} INFO - Done. Returned value was: None
[2025-02-08T19:02:50.226+0000] {taskinstance.py:340} INFO - ::group::Post task execution logs
[2025-02-08T19:02:50.230+0000] {taskinstance.py:352} INFO - Marking task as SUCCESS. dag_id=customer_dim_generator, task_id=generate_customer_dim_data, run_id=scheduled__2024-12-06T00:00:00+00:00, execution_date=20241206T000000, start_date=20250208T190249, end_date=20250208T190250
[2025-02-08T19:02:50.288+0000] {local_task_job_runner.py:266} INFO - Task exited with return code 0
[2025-02-08T19:02:50.313+0000] {local_task_job_runner.py:245} INFO - ::endgroup::
[2025-02-08T20:40:30.060+0000] {local_task_job_runner.py:123} INFO - ::group::Pre task execution logs
[2025-02-08T20:40:30.095+0000] {taskinstance.py:2612} INFO - Dependencies all met for dep_context=non-requeueable deps ti=<TaskInstance: customer_dim_generator.generate_customer_dim_data scheduled__2024-12-06T00:00:00+00:00 [queued]>
[2025-02-08T20:40:30.114+0000] {taskinstance.py:2612} INFO - Dependencies all met for dep_context=requeueable deps ti=<TaskInstance: customer_dim_generator.generate_customer_dim_data scheduled__2024-12-06T00:00:00+00:00 [queued]>
[2025-02-08T20:40:30.125+0000] {taskinstance.py:2865} INFO - Starting attempt 1 of 1
[2025-02-08T20:40:30.145+0000] {taskinstance.py:2888} INFO - Executing <Task(PythonOperator): generate_customer_dim_data> on 2024-12-06 00:00:00+00:00
[2025-02-08T20:40:30.156+0000] {logging_mixin.py:190} WARNING - /home/***/.local/lib/python3.12/site-packages/***/task/task_runner/standard_task_runner.py:70 DeprecationWarning: This process (pid=1331) is multi-threaded, use of fork() may lead to deadlocks in the child.
[2025-02-08T20:40:30.157+0000] {standard_task_runner.py:104} INFO - Running: ['***', 'tasks', 'run', 'customer_dim_generator', 'generate_customer_dim_data', 'scheduled__2024-12-06T00:00:00+00:00', '--job-id', '182', '--raw', '--subdir', 'DAGS_FOLDER/customer_dim_gen.py', '--cfg-path', '/tmp/tmpzrk613u0']
[2025-02-08T20:40:30.159+0000] {standard_task_runner.py:105} INFO - Job 182: Subtask generate_customer_dim_data
[2025-02-08T20:40:30.159+0000] {standard_task_runner.py:72} INFO - Started process 1368 to run task
[2025-02-08T20:40:30.221+0000] {task_command.py:467} INFO - Running <TaskInstance: customer_dim_generator.generate_customer_dim_data scheduled__2024-12-06T00:00:00+00:00 [running]> on host 7e959c1a2a8b
[2025-02-08T20:40:30.381+0000] {taskinstance.py:3131} INFO - Exporting env vars: AIRFLOW_CTX_DAG_OWNER='Saleh' AIRFLOW_CTX_DAG_ID='customer_dim_generator' AIRFLOW_CTX_TASK_ID='generate_customer_dim_data' AIRFLOW_CTX_EXECUTION_DATE='2024-12-06T00:00:00+00:00' AIRFLOW_CTX_TRY_NUMBER='1' AIRFLOW_CTX_DAG_RUN_ID='scheduled__2024-12-06T00:00:00+00:00'
[2025-02-08T20:40:30.384+0000] {taskinstance.py:731} INFO - ::endgroup::
[2025-02-08T20:40:30.408+0000] {logging_mixin.py:190} INFO - CSV file './customer_dim_large_data.csv' with 100 rows has been generated successfully.
[2025-02-08T20:40:30.409+0000] {python.py:240} INFO - Done. Returned value was: None
[2025-02-08T20:40:30.418+0000] {taskinstance.py:340} INFO - ::group::Post task execution logs
[2025-02-08T20:40:30.419+0000] {taskinstance.py:352} INFO - Marking task as SUCCESS. dag_id=customer_dim_generator, task_id=generate_customer_dim_data, run_id=scheduled__2024-12-06T00:00:00+00:00, execution_date=20241206T000000, start_date=20250208T204030, end_date=20250208T204030
[2025-02-08T20:40:30.459+0000] {local_task_job_runner.py:266} INFO - Task exited with return code 0
[2025-02-08T20:40:30.472+0000] {local_task_job_runner.py:245} INFO - ::endgroup::
[2025-02-08T20:43:18.914+0000] {local_task_job_runner.py:123} INFO - ::group::Pre task execution logs
[2025-02-08T20:43:18.930+0000] {taskinstance.py:2612} INFO - Dependencies all met for dep_context=non-requeueable deps ti=<TaskInstance: customer_dim_generator.generate_customer_dim_data scheduled__2024-12-06T00:00:00+00:00 [queued]>
[2025-02-08T20:43:18.938+0000] {taskinstance.py:2612} INFO - Dependencies all met for dep_context=requeueable deps ti=<TaskInstance: customer_dim_generator.generate_customer_dim_data scheduled__2024-12-06T00:00:00+00:00 [queued]>
[2025-02-08T20:43:18.939+0000] {taskinstance.py:2865} INFO - Starting attempt 1 of 1
[2025-02-08T20:43:18.959+0000] {taskinstance.py:2888} INFO - Executing <Task(PythonOperator): generate_customer_dim_data> on 2024-12-06 00:00:00+00:00
[2025-02-08T20:43:18.969+0000] {logging_mixin.py:190} WARNING - /home/***/.local/lib/python3.12/site-packages/***/task/task_runner/standard_task_runner.py:70 DeprecationWarning: This process (pid=637) is multi-threaded, use of fork() may lead to deadlocks in the child.
[2025-02-08T20:43:18.970+0000] {standard_task_runner.py:72} INFO - Started process 654 to run task
[2025-02-08T20:43:18.969+0000] {standard_task_runner.py:104} INFO - Running: ['***', 'tasks', 'run', 'customer_dim_generator', 'generate_customer_dim_data', 'scheduled__2024-12-06T00:00:00+00:00', '--job-id', '465', '--raw', '--subdir', 'DAGS_FOLDER/customer_dim_gen.py', '--cfg-path', '/tmp/tmptliugman']
[2025-02-08T20:43:18.972+0000] {standard_task_runner.py:105} INFO - Job 465: Subtask generate_customer_dim_data
[2025-02-08T20:43:19.016+0000] {task_command.py:467} INFO - Running <TaskInstance: customer_dim_generator.generate_customer_dim_data scheduled__2024-12-06T00:00:00+00:00 [running]> on host 86932746817d
[2025-02-08T20:43:19.104+0000] {taskinstance.py:3131} INFO - Exporting env vars: AIRFLOW_CTX_DAG_OWNER='Saleh' AIRFLOW_CTX_DAG_ID='customer_dim_generator' AIRFLOW_CTX_TASK_ID='generate_customer_dim_data' AIRFLOW_CTX_EXECUTION_DATE='2024-12-06T00:00:00+00:00' AIRFLOW_CTX_TRY_NUMBER='1' AIRFLOW_CTX_DAG_RUN_ID='scheduled__2024-12-06T00:00:00+00:00'
[2025-02-08T20:43:19.105+0000] {taskinstance.py:731} INFO - ::endgroup::
[2025-02-08T20:43:19.127+0000] {logging_mixin.py:190} INFO - CSV file './customer_dim_large_data.csv' with 100 rows has been generated successfully.
[2025-02-08T20:43:19.127+0000] {python.py:240} INFO - Done. Returned value was: None
[2025-02-08T20:43:19.136+0000] {taskinstance.py:340} INFO - ::group::Post task execution logs
[2025-02-08T20:43:19.137+0000] {taskinstance.py:352} INFO - Marking task as SUCCESS. dag_id=customer_dim_generator, task_id=generate_customer_dim_data, run_id=scheduled__2024-12-06T00:00:00+00:00, execution_date=20241206T000000, start_date=20250208T204318, end_date=20250208T204319
[2025-02-08T20:43:19.268+0000] {local_task_job_runner.py:266} INFO - Task exited with return code 0
[2025-02-08T20:43:19.285+0000] {taskinstance.py:3900} INFO - 0 downstream tasks scheduled from follow-on schedule check
[2025-02-08T20:43:19.287+0000] {local_task_job_runner.py:245} INFO - ::endgroup::
