[2025-02-08T19:01:12.026+0000] {local_task_job_runner.py:123} INFO - ::group::Pre task execution logs
[2025-02-08T19:01:12.042+0000] {taskinstance.py:2612} INFO - Dependencies all met for dep_context=non-requeueable deps ti=<TaskInstance: account_dim_gen.generate_account_dim_data scheduled__2025-01-20T00:00:00+00:00 [queued]>
[2025-02-08T19:01:12.053+0000] {taskinstance.py:2612} INFO - Dependencies all met for dep_context=requeueable deps ti=<TaskInstance: account_dim_gen.generate_account_dim_data scheduled__2025-01-20T00:00:00+00:00 [queued]>
[2025-02-08T19:01:12.054+0000] {taskinstance.py:2865} INFO - Starting attempt 1 of 1
[2025-02-08T19:01:12.137+0000] {taskinstance.py:2888} INFO - Executing <Task(PythonOperator): generate_account_dim_data> on 2025-01-20 00:00:00+00:00
[2025-02-08T19:01:12.145+0000] {logging_mixin.py:190} WARNING - /home/***/.local/lib/python3.12/site-packages/***/task/task_runner/standard_task_runner.py:70 DeprecationWarning: This process (pid=1039) is multi-threaded, use of fork() may lead to deadlocks in the child.
[2025-02-08T19:01:12.144+0000] {standard_task_runner.py:104} INFO - Running: ['***', 'tasks', 'run', 'account_dim_gen', 'generate_account_dim_data', 'scheduled__2025-01-20T00:00:00+00:00', '--job-id', '136', '--raw', '--subdir', 'DAGS_FOLDER/account_dim_gen.py', '--cfg-path', '/tmp/tmpg91y3br9']
[2025-02-08T19:01:12.146+0000] {standard_task_runner.py:72} INFO - Started process 1059 to run task
[2025-02-08T19:01:12.147+0000] {standard_task_runner.py:105} INFO - Job 136: Subtask generate_account_dim_data
[2025-02-08T19:01:12.197+0000] {task_command.py:467} INFO - Running <TaskInstance: account_dim_gen.generate_account_dim_data scheduled__2025-01-20T00:00:00+00:00 [running]> on host 2c1cd59afcc0
[2025-02-08T19:01:12.299+0000] {taskinstance.py:3131} INFO - Exporting env vars: AIRFLOW_CTX_DAG_OWNER='Saleh' AIRFLOW_CTX_DAG_ID='account_dim_gen' AIRFLOW_CTX_TASK_ID='generate_account_dim_data' AIRFLOW_CTX_EXECUTION_DATE='2025-01-20T00:00:00+00:00' AIRFLOW_CTX_TRY_NUMBER='1' AIRFLOW_CTX_DAG_RUN_ID='scheduled__2025-01-20T00:00:00+00:00'
[2025-02-08T19:01:12.300+0000] {taskinstance.py:731} INFO - ::endgroup::
[2025-02-08T19:01:12.322+0000] {logging_mixin.py:190} INFO - CSV file ./account_dim_large_data.csv with 50 row has been generated successfully!
[2025-02-08T19:01:12.322+0000] {python.py:240} INFO - Done. Returned value was: None
[2025-02-08T19:01:12.331+0000] {taskinstance.py:340} INFO - ::group::Post task execution logs
[2025-02-08T19:01:12.332+0000] {taskinstance.py:352} INFO - Marking task as SUCCESS. dag_id=account_dim_gen, task_id=generate_account_dim_data, run_id=scheduled__2025-01-20T00:00:00+00:00, execution_date=20250120T000000, start_date=20250208T190112, end_date=20250208T190112
[2025-02-08T19:01:12.361+0000] {local_task_job_runner.py:266} INFO - Task exited with return code 0
[2025-02-08T19:01:12.379+0000] {taskinstance.py:3900} INFO - 0 downstream tasks scheduled from follow-on schedule check
[2025-02-08T19:01:12.382+0000] {local_task_job_runner.py:245} INFO - ::endgroup::
[2025-02-08T20:42:25.043+0000] {local_task_job_runner.py:123} INFO - ::group::Pre task execution logs
[2025-02-08T20:42:25.060+0000] {taskinstance.py:2612} INFO - Dependencies all met for dep_context=non-requeueable deps ti=<TaskInstance: account_dim_gen.generate_account_dim_data scheduled__2025-01-20T00:00:00+00:00 [queued]>
[2025-02-08T20:42:25.073+0000] {taskinstance.py:2612} INFO - Dependencies all met for dep_context=requeueable deps ti=<TaskInstance: account_dim_gen.generate_account_dim_data scheduled__2025-01-20T00:00:00+00:00 [queued]>
[2025-02-08T20:42:25.073+0000] {taskinstance.py:2865} INFO - Starting attempt 1 of 1
[2025-02-08T20:42:25.086+0000] {taskinstance.py:2888} INFO - Executing <Task(PythonOperator): generate_account_dim_data> on 2025-01-20 00:00:00+00:00
[2025-02-08T20:42:25.096+0000] {standard_task_runner.py:104} INFO - Running: ['***', 'tasks', 'run', 'account_dim_gen', 'generate_account_dim_data', 'scheduled__2025-01-20T00:00:00+00:00', '--job-id', '370', '--raw', '--subdir', 'DAGS_FOLDER/account_dim_gen.py', '--cfg-path', '/tmp/tmpp331gtjr']
[2025-02-08T20:42:25.099+0000] {standard_task_runner.py:105} INFO - Job 370: Subtask generate_account_dim_data
[2025-02-08T20:42:25.099+0000] {logging_mixin.py:190} WARNING - /home/***/.local/lib/python3.12/site-packages/***/task/task_runner/standard_task_runner.py:70 DeprecationWarning: This process (pid=220) is multi-threaded, use of fork() may lead to deadlocks in the child.
[2025-02-08T20:42:25.099+0000] {standard_task_runner.py:72} INFO - Started process 228 to run task
[2025-02-08T20:42:25.135+0000] {task_command.py:467} INFO - Running <TaskInstance: account_dim_gen.generate_account_dim_data scheduled__2025-01-20T00:00:00+00:00 [running]> on host 86932746817d
[2025-02-08T20:42:25.217+0000] {taskinstance.py:3131} INFO - Exporting env vars: AIRFLOW_CTX_DAG_OWNER='Saleh' AIRFLOW_CTX_DAG_ID='account_dim_gen' AIRFLOW_CTX_TASK_ID='generate_account_dim_data' AIRFLOW_CTX_EXECUTION_DATE='2025-01-20T00:00:00+00:00' AIRFLOW_CTX_TRY_NUMBER='1' AIRFLOW_CTX_DAG_RUN_ID='scheduled__2025-01-20T00:00:00+00:00'
[2025-02-08T20:42:25.218+0000] {taskinstance.py:731} INFO - ::endgroup::
[2025-02-08T20:42:25.237+0000] {logging_mixin.py:190} INFO - CSV file ./account_dim_large_data.csv with 50 row has been generated successfully!
[2025-02-08T20:42:25.238+0000] {python.py:240} INFO - Done. Returned value was: None
[2025-02-08T20:42:25.246+0000] {taskinstance.py:340} INFO - ::group::Post task execution logs
[2025-02-08T20:42:25.246+0000] {taskinstance.py:352} INFO - Marking task as SUCCESS. dag_id=account_dim_gen, task_id=generate_account_dim_data, run_id=scheduled__2025-01-20T00:00:00+00:00, execution_date=20250120T000000, start_date=20250208T204225, end_date=20250208T204225
[2025-02-08T20:42:25.274+0000] {local_task_job_runner.py:266} INFO - Task exited with return code 0
[2025-02-08T20:42:25.288+0000] {taskinstance.py:3900} INFO - 0 downstream tasks scheduled from follow-on schedule check
[2025-02-08T20:42:25.290+0000] {local_task_job_runner.py:245} INFO - ::endgroup::
