[2025-02-08T19:02:38.455+0000] {local_task_job_runner.py:123} INFO - ::group::Pre task execution logs
[2025-02-08T19:02:38.469+0000] {taskinstance.py:2612} INFO - Dependencies all met for dep_context=non-requeueable deps ti=<TaskInstance: customer_dim_generator.generate_customer_dim_data scheduled__2024-11-27T00:00:00+00:00 [queued]>
[2025-02-08T19:02:38.479+0000] {taskinstance.py:2612} INFO - Dependencies all met for dep_context=requeueable deps ti=<TaskInstance: customer_dim_generator.generate_customer_dim_data scheduled__2024-11-27T00:00:00+00:00 [queued]>
[2025-02-08T19:02:38.480+0000] {taskinstance.py:2865} INFO - Starting attempt 1 of 1
[2025-02-08T19:02:38.492+0000] {taskinstance.py:2888} INFO - Executing <Task(PythonOperator): generate_customer_dim_data> on 2024-11-27 00:00:00+00:00
[2025-02-08T19:02:38.500+0000] {logging_mixin.py:190} WARNING - /home/***/.local/lib/python3.12/site-packages/***/task/task_runner/standard_task_runner.py:70 DeprecationWarning: This process (pid=1587) is multi-threaded, use of fork() may lead to deadlocks in the child.
[2025-02-08T19:02:38.501+0000] {standard_task_runner.py:72} INFO - Started process 1601 to run task
[2025-02-08T19:02:38.501+0000] {standard_task_runner.py:104} INFO - Running: ['***', 'tasks', 'run', 'customer_dim_generator', 'generate_customer_dim_data', 'scheduled__2024-11-27T00:00:00+00:00', '--job-id', '259', '--raw', '--subdir', 'DAGS_FOLDER/customer_dim_gen.py', '--cfg-path', '/tmp/tmph3_0_16p']
[2025-02-08T19:02:38.503+0000] {standard_task_runner.py:105} INFO - Job 259: Subtask generate_customer_dim_data
[2025-02-08T19:02:38.541+0000] {task_command.py:467} INFO - Running <TaskInstance: customer_dim_generator.generate_customer_dim_data scheduled__2024-11-27T00:00:00+00:00 [running]> on host 2c1cd59afcc0
[2025-02-08T19:02:38.617+0000] {taskinstance.py:3131} INFO - Exporting env vars: AIRFLOW_CTX_DAG_OWNER='Saleh' AIRFLOW_CTX_DAG_ID='customer_dim_generator' AIRFLOW_CTX_TASK_ID='generate_customer_dim_data' AIRFLOW_CTX_EXECUTION_DATE='2024-11-27T00:00:00+00:00' AIRFLOW_CTX_TRY_NUMBER='1' AIRFLOW_CTX_DAG_RUN_ID='scheduled__2024-11-27T00:00:00+00:00'
[2025-02-08T19:02:38.618+0000] {taskinstance.py:731} INFO - ::endgroup::
[2025-02-08T19:02:38.638+0000] {logging_mixin.py:190} INFO - CSV file './customer_dim_large_data.csv' with 100 rows has been generated successfully.
[2025-02-08T19:02:38.638+0000] {python.py:240} INFO - Done. Returned value was: None
[2025-02-08T19:02:38.645+0000] {taskinstance.py:340} INFO - ::group::Post task execution logs
[2025-02-08T19:02:38.646+0000] {taskinstance.py:352} INFO - Marking task as SUCCESS. dag_id=customer_dim_generator, task_id=generate_customer_dim_data, run_id=scheduled__2024-11-27T00:00:00+00:00, execution_date=20241127T000000, start_date=20250208T190238, end_date=20250208T190238
[2025-02-08T19:02:38.676+0000] {local_task_job_runner.py:266} INFO - Task exited with return code 0
[2025-02-08T19:02:38.690+0000] {taskinstance.py:3900} INFO - 0 downstream tasks scheduled from follow-on schedule check
[2025-02-08T19:02:38.693+0000] {local_task_job_runner.py:245} INFO - ::endgroup::
[2025-02-08T20:40:22.373+0000] {local_task_job_runner.py:123} INFO - ::group::Pre task execution logs
[2025-02-08T20:40:22.411+0000] {taskinstance.py:2612} INFO - Dependencies all met for dep_context=non-requeueable deps ti=<TaskInstance: customer_dim_generator.generate_customer_dim_data scheduled__2024-11-27T00:00:00+00:00 [queued]>
[2025-02-08T20:40:22.425+0000] {taskinstance.py:2612} INFO - Dependencies all met for dep_context=requeueable deps ti=<TaskInstance: customer_dim_generator.generate_customer_dim_data scheduled__2024-11-27T00:00:00+00:00 [queued]>
[2025-02-08T20:40:22.426+0000] {taskinstance.py:2865} INFO - Starting attempt 1 of 1
[2025-02-08T20:40:22.471+0000] {taskinstance.py:2888} INFO - Executing <Task(PythonOperator): generate_customer_dim_data> on 2024-11-27 00:00:00+00:00
[2025-02-08T20:40:22.490+0000] {logging_mixin.py:190} WARNING - /home/***/.local/lib/python3.12/site-packages/***/task/task_runner/standard_task_runner.py:70 DeprecationWarning: This process (pid=1218) is multi-threaded, use of fork() may lead to deadlocks in the child.
[2025-02-08T20:40:22.491+0000] {standard_task_runner.py:72} INFO - Started process 1252 to run task
[2025-02-08T20:40:22.501+0000] {standard_task_runner.py:104} INFO - Running: ['***', 'tasks', 'run', 'customer_dim_generator', 'generate_customer_dim_data', 'scheduled__2024-11-27T00:00:00+00:00', '--job-id', '155', '--raw', '--subdir', 'DAGS_FOLDER/customer_dim_gen.py', '--cfg-path', '/tmp/tmpt5y52_e2']
[2025-02-08T20:40:22.504+0000] {standard_task_runner.py:105} INFO - Job 155: Subtask generate_customer_dim_data
[2025-02-08T20:40:22.634+0000] {task_command.py:467} INFO - Running <TaskInstance: customer_dim_generator.generate_customer_dim_data scheduled__2024-11-27T00:00:00+00:00 [running]> on host 7e959c1a2a8b
[2025-02-08T20:40:22.782+0000] {taskinstance.py:3131} INFO - Exporting env vars: AIRFLOW_CTX_DAG_OWNER='Saleh' AIRFLOW_CTX_DAG_ID='customer_dim_generator' AIRFLOW_CTX_TASK_ID='generate_customer_dim_data' AIRFLOW_CTX_EXECUTION_DATE='2024-11-27T00:00:00+00:00' AIRFLOW_CTX_TRY_NUMBER='1' AIRFLOW_CTX_DAG_RUN_ID='scheduled__2024-11-27T00:00:00+00:00'
[2025-02-08T20:40:22.790+0000] {taskinstance.py:731} INFO - ::endgroup::
[2025-02-08T20:40:22.842+0000] {logging_mixin.py:190} INFO - CSV file './customer_dim_large_data.csv' with 100 rows has been generated successfully.
[2025-02-08T20:40:22.843+0000] {python.py:240} INFO - Done. Returned value was: None
[2025-02-08T20:40:22.869+0000] {taskinstance.py:340} INFO - ::group::Post task execution logs
[2025-02-08T20:40:22.874+0000] {taskinstance.py:352} INFO - Marking task as SUCCESS. dag_id=customer_dim_generator, task_id=generate_customer_dim_data, run_id=scheduled__2024-11-27T00:00:00+00:00, execution_date=20241127T000000, start_date=20250208T204022, end_date=20250208T204022
[2025-02-08T20:40:22.945+0000] {local_task_job_runner.py:266} INFO - Task exited with return code 0
[2025-02-08T20:40:22.963+0000] {local_task_job_runner.py:245} INFO - ::endgroup::
[2025-02-08T20:43:12.186+0000] {local_task_job_runner.py:123} INFO - ::group::Pre task execution logs
[2025-02-08T20:43:12.203+0000] {taskinstance.py:2612} INFO - Dependencies all met for dep_context=non-requeueable deps ti=<TaskInstance: customer_dim_generator.generate_customer_dim_data scheduled__2024-11-27T00:00:00+00:00 [queued]>
[2025-02-08T20:43:12.212+0000] {taskinstance.py:2612} INFO - Dependencies all met for dep_context=requeueable deps ti=<TaskInstance: customer_dim_generator.generate_customer_dim_data scheduled__2024-11-27T00:00:00+00:00 [queued]>
[2025-02-08T20:43:12.213+0000] {taskinstance.py:2865} INFO - Starting attempt 1 of 1
[2025-02-08T20:43:12.229+0000] {taskinstance.py:2888} INFO - Executing <Task(PythonOperator): generate_customer_dim_data> on 2024-11-27 00:00:00+00:00
[2025-02-08T20:43:12.239+0000] {logging_mixin.py:190} WARNING - /home/***/.local/lib/python3.12/site-packages/***/task/task_runner/standard_task_runner.py:70 DeprecationWarning: This process (pid=595) is multi-threaded, use of fork() may lead to deadlocks in the child.
[2025-02-08T20:43:12.241+0000] {standard_task_runner.py:72} INFO - Started process 616 to run task
[2025-02-08T20:43:12.240+0000] {standard_task_runner.py:104} INFO - Running: ['***', 'tasks', 'run', 'customer_dim_generator', 'generate_customer_dim_data', 'scheduled__2024-11-27T00:00:00+00:00', '--job-id', '456', '--raw', '--subdir', 'DAGS_FOLDER/customer_dim_gen.py', '--cfg-path', '/tmp/tmpix85ibjb']
[2025-02-08T20:43:12.243+0000] {standard_task_runner.py:105} INFO - Job 456: Subtask generate_customer_dim_data
[2025-02-08T20:43:12.299+0000] {task_command.py:467} INFO - Running <TaskInstance: customer_dim_generator.generate_customer_dim_data scheduled__2024-11-27T00:00:00+00:00 [running]> on host 86932746817d
[2025-02-08T20:43:12.402+0000] {taskinstance.py:3131} INFO - Exporting env vars: AIRFLOW_CTX_DAG_OWNER='Saleh' AIRFLOW_CTX_DAG_ID='customer_dim_generator' AIRFLOW_CTX_TASK_ID='generate_customer_dim_data' AIRFLOW_CTX_EXECUTION_DATE='2024-11-27T00:00:00+00:00' AIRFLOW_CTX_TRY_NUMBER='1' AIRFLOW_CTX_DAG_RUN_ID='scheduled__2024-11-27T00:00:00+00:00'
[2025-02-08T20:43:12.404+0000] {taskinstance.py:731} INFO - ::endgroup::
[2025-02-08T20:43:12.432+0000] {logging_mixin.py:190} INFO - CSV file './customer_dim_large_data.csv' with 100 rows has been generated successfully.
[2025-02-08T20:43:12.433+0000] {python.py:240} INFO - Done. Returned value was: None
[2025-02-08T20:43:12.443+0000] {taskinstance.py:340} INFO - ::group::Post task execution logs
[2025-02-08T20:43:12.443+0000] {taskinstance.py:352} INFO - Marking task as SUCCESS. dag_id=customer_dim_generator, task_id=generate_customer_dim_data, run_id=scheduled__2024-11-27T00:00:00+00:00, execution_date=20241127T000000, start_date=20250208T204312, end_date=20250208T204312
[2025-02-08T20:43:12.461+0000] {local_task_job_runner.py:266} INFO - Task exited with return code 0
[2025-02-08T20:43:12.478+0000] {taskinstance.py:3900} INFO - 0 downstream tasks scheduled from follow-on schedule check
[2025-02-08T20:43:12.480+0000] {local_task_job_runner.py:245} INFO - ::endgroup::
