[2025-02-08T19:00:18.803+0000] {local_task_job_runner.py:123} INFO - ::group::Pre task execution logs
[2025-02-08T19:00:18.816+0000] {taskinstance.py:2612} INFO - Dependencies all met for dep_context=non-requeueable deps ti=<TaskInstance: account_dim_gen.generate_account_dim_data scheduled__2024-10-20T00:00:00+00:00 [queued]>
[2025-02-08T19:00:18.824+0000] {taskinstance.py:2612} INFO - Dependencies all met for dep_context=requeueable deps ti=<TaskInstance: account_dim_gen.generate_account_dim_data scheduled__2024-10-20T00:00:00+00:00 [queued]>
[2025-02-08T19:00:18.825+0000] {taskinstance.py:2865} INFO - Starting attempt 1 of 1
[2025-02-08T19:00:18.840+0000] {taskinstance.py:2888} INFO - Executing <Task(PythonOperator): generate_account_dim_data> on 2024-10-20 00:00:00+00:00
[2025-02-08T19:00:18.849+0000] {logging_mixin.py:190} WARNING - /home/***/.local/lib/python3.12/site-packages/***/task/task_runner/standard_task_runner.py:70 DeprecationWarning: This process (pid=629) is multi-threaded, use of fork() may lead to deadlocks in the child.
[2025-02-08T19:00:18.850+0000] {standard_task_runner.py:72} INFO - Started process 642 to run task
[2025-02-08T19:00:18.849+0000] {standard_task_runner.py:104} INFO - Running: ['***', 'tasks', 'run', 'account_dim_gen', 'generate_account_dim_data', 'scheduled__2024-10-20T00:00:00+00:00', '--job-id', '44', '--raw', '--subdir', 'DAGS_FOLDER/account_dim_gen.py', '--cfg-path', '/tmp/tmpepdqj1on']
[2025-02-08T19:00:18.851+0000] {standard_task_runner.py:105} INFO - Job 44: Subtask generate_account_dim_data
[2025-02-08T19:00:18.894+0000] {task_command.py:467} INFO - Running <TaskInstance: account_dim_gen.generate_account_dim_data scheduled__2024-10-20T00:00:00+00:00 [running]> on host 2c1cd59afcc0
[2025-02-08T19:00:18.973+0000] {taskinstance.py:3131} INFO - Exporting env vars: AIRFLOW_CTX_DAG_OWNER='Saleh' AIRFLOW_CTX_DAG_ID='account_dim_gen' AIRFLOW_CTX_TASK_ID='generate_account_dim_data' AIRFLOW_CTX_EXECUTION_DATE='2024-10-20T00:00:00+00:00' AIRFLOW_CTX_TRY_NUMBER='1' AIRFLOW_CTX_DAG_RUN_ID='scheduled__2024-10-20T00:00:00+00:00'
[2025-02-08T19:00:18.974+0000] {taskinstance.py:731} INFO - ::endgroup::
[2025-02-08T19:00:18.993+0000] {logging_mixin.py:190} INFO - CSV file ./account_dim_large_data.csv with 50 row has been generated successfully!
[2025-02-08T19:00:18.993+0000] {python.py:240} INFO - Done. Returned value was: None
[2025-02-08T19:00:19.000+0000] {taskinstance.py:340} INFO - ::group::Post task execution logs
[2025-02-08T19:00:19.001+0000] {taskinstance.py:352} INFO - Marking task as SUCCESS. dag_id=account_dim_gen, task_id=generate_account_dim_data, run_id=scheduled__2024-10-20T00:00:00+00:00, execution_date=20241020T000000, start_date=20250208T190018, end_date=20250208T190019
[2025-02-08T19:00:19.025+0000] {local_task_job_runner.py:266} INFO - Task exited with return code 0
[2025-02-08T19:00:19.038+0000] {taskinstance.py:3900} INFO - 0 downstream tasks scheduled from follow-on schedule check
[2025-02-08T19:00:19.042+0000] {local_task_job_runner.py:245} INFO - ::endgroup::
[2025-02-08T20:40:07.104+0000] {local_task_job_runner.py:123} INFO - ::group::Pre task execution logs
[2025-02-08T20:40:07.135+0000] {taskinstance.py:2612} INFO - Dependencies all met for dep_context=non-requeueable deps ti=<TaskInstance: account_dim_gen.generate_account_dim_data scheduled__2024-10-20T00:00:00+00:00 [queued]>
[2025-02-08T20:40:07.155+0000] {taskinstance.py:2612} INFO - Dependencies all met for dep_context=requeueable deps ti=<TaskInstance: account_dim_gen.generate_account_dim_data scheduled__2024-10-20T00:00:00+00:00 [queued]>
[2025-02-08T20:40:07.168+0000] {taskinstance.py:2865} INFO - Starting attempt 1 of 1
[2025-02-08T20:40:07.216+0000] {taskinstance.py:2888} INFO - Executing <Task(PythonOperator): generate_account_dim_data> on 2024-10-20 00:00:00+00:00
[2025-02-08T20:40:07.242+0000] {standard_task_runner.py:104} INFO - Running: ['***', 'tasks', 'run', 'account_dim_gen', 'generate_account_dim_data', 'scheduled__2024-10-20T00:00:00+00:00', '--job-id', '108', '--raw', '--subdir', 'DAGS_FOLDER/account_dim_gen.py', '--cfg-path', '/tmp/tmp9yh_2t3m']
[2025-02-08T20:40:07.245+0000] {standard_task_runner.py:105} INFO - Job 108: Subtask generate_account_dim_data
[2025-02-08T20:40:07.244+0000] {logging_mixin.py:190} WARNING - /home/***/.local/lib/python3.12/site-packages/***/task/task_runner/standard_task_runner.py:70 DeprecationWarning: This process (pid=1012) is multi-threaded, use of fork() may lead to deadlocks in the child.
[2025-02-08T20:40:07.248+0000] {standard_task_runner.py:72} INFO - Started process 1038 to run task
[2025-02-08T20:40:07.337+0000] {task_command.py:467} INFO - Running <TaskInstance: account_dim_gen.generate_account_dim_data scheduled__2024-10-20T00:00:00+00:00 [running]> on host 7e959c1a2a8b
[2025-02-08T20:40:07.680+0000] {taskinstance.py:3131} INFO - Exporting env vars: AIRFLOW_CTX_DAG_OWNER='Saleh' AIRFLOW_CTX_DAG_ID='account_dim_gen' AIRFLOW_CTX_TASK_ID='generate_account_dim_data' AIRFLOW_CTX_EXECUTION_DATE='2024-10-20T00:00:00+00:00' AIRFLOW_CTX_TRY_NUMBER='1' AIRFLOW_CTX_DAG_RUN_ID='scheduled__2024-10-20T00:00:00+00:00'
[2025-02-08T20:40:07.683+0000] {taskinstance.py:731} INFO - ::endgroup::
[2025-02-08T20:40:07.731+0000] {logging_mixin.py:190} INFO - CSV file ./account_dim_large_data.csv with 50 row has been generated successfully!
[2025-02-08T20:40:07.737+0000] {python.py:240} INFO - Done. Returned value was: None
[2025-02-08T20:40:07.746+0000] {taskinstance.py:340} INFO - ::group::Post task execution logs
[2025-02-08T20:40:07.747+0000] {taskinstance.py:352} INFO - Marking task as SUCCESS. dag_id=account_dim_gen, task_id=generate_account_dim_data, run_id=scheduled__2024-10-20T00:00:00+00:00, execution_date=20241020T000000, start_date=20250208T204007, end_date=20250208T204007
[2025-02-08T20:40:07.810+0000] {local_task_job_runner.py:266} INFO - Task exited with return code 0
[2025-02-08T20:40:07.849+0000] {taskinstance.py:3900} INFO - 0 downstream tasks scheduled from follow-on schedule check
[2025-02-08T20:40:07.857+0000] {local_task_job_runner.py:245} INFO - ::endgroup::
