[2025-02-08T10:51:26.082+0000] {processor.py:186} INFO - Started process (PID=418) to work on /home/airflow/.local/lib/python3.12/site-packages/airflow/example_dags/example_setup_teardown.py
[2025-02-08T10:51:26.083+0000] {processor.py:914} INFO - Processing file /home/airflow/.local/lib/python3.12/site-packages/airflow/example_dags/example_setup_teardown.py for tasks to queue
[2025-02-08T10:51:26.085+0000] {logging_mixin.py:190} INFO - [2025-02-08T10:51:26.085+0000] {dagbag.py:588} INFO - Filling up the DagBag from /home/airflow/.local/lib/python3.12/site-packages/airflow/example_dags/example_setup_teardown.py
[2025-02-08T10:51:26.092+0000] {processor.py:925} INFO - DAG(s) 'example_setup_teardown' retrieved from /home/airflow/.local/lib/python3.12/site-packages/airflow/example_dags/example_setup_teardown.py
[2025-02-08T10:51:26.183+0000] {logging_mixin.py:190} INFO - [2025-02-08T10:51:26.182+0000] {override.py:1900} INFO - Created Permission View: can delete on DAG:example_setup_teardown
[2025-02-08T10:51:26.193+0000] {logging_mixin.py:190} INFO - [2025-02-08T10:51:26.193+0000] {override.py:1900} INFO - Created Permission View: can read on DAG:example_setup_teardown
[2025-02-08T10:51:26.200+0000] {logging_mixin.py:190} INFO - [2025-02-08T10:51:26.200+0000] {override.py:1900} INFO - Created Permission View: can edit on DAG:example_setup_teardown
[2025-02-08T10:51:26.207+0000] {logging_mixin.py:190} INFO - [2025-02-08T10:51:26.207+0000] {override.py:1900} INFO - Created Permission View: can delete on DAG Run:example_setup_teardown
[2025-02-08T10:51:26.213+0000] {logging_mixin.py:190} INFO - [2025-02-08T10:51:26.213+0000] {override.py:1900} INFO - Created Permission View: can read on DAG Run:example_setup_teardown
[2025-02-08T10:51:26.219+0000] {logging_mixin.py:190} INFO - [2025-02-08T10:51:26.219+0000] {override.py:1900} INFO - Created Permission View: menu access on DAG Run:example_setup_teardown
[2025-02-08T10:51:26.225+0000] {logging_mixin.py:190} INFO - [2025-02-08T10:51:26.224+0000] {override.py:1900} INFO - Created Permission View: can create on DAG Run:example_setup_teardown
[2025-02-08T10:51:26.225+0000] {logging_mixin.py:190} INFO - [2025-02-08T10:51:26.225+0000] {dag.py:3239} INFO - Sync 1 DAGs
[2025-02-08T10:51:26.238+0000] {logging_mixin.py:190} INFO - [2025-02-08T10:51:26.238+0000] {dag.py:3262} INFO - Creating ORM DAG for example_setup_teardown
[2025-02-08T10:51:26.239+0000] {logging_mixin.py:190} INFO - [2025-02-08T10:51:26.239+0000] {dag.py:4180} INFO - Setting next_dagrun for example_setup_teardown to None, run_after=None
[2025-02-08T10:51:26.254+0000] {processor.py:208} INFO - Processing /home/airflow/.local/lib/python3.12/site-packages/airflow/example_dags/example_setup_teardown.py took 0.178 seconds
[2025-02-08T10:51:56.518+0000] {processor.py:186} INFO - Started process (PID=704) to work on /home/airflow/.local/lib/python3.12/site-packages/airflow/example_dags/example_setup_teardown.py
[2025-02-08T10:51:56.519+0000] {processor.py:914} INFO - Processing file /home/airflow/.local/lib/python3.12/site-packages/airflow/example_dags/example_setup_teardown.py for tasks to queue
[2025-02-08T10:51:56.521+0000] {logging_mixin.py:190} INFO - [2025-02-08T10:51:56.521+0000] {dagbag.py:588} INFO - Filling up the DagBag from /home/airflow/.local/lib/python3.12/site-packages/airflow/example_dags/example_setup_teardown.py
[2025-02-08T10:51:56.529+0000] {processor.py:925} INFO - DAG(s) 'example_setup_teardown' retrieved from /home/airflow/.local/lib/python3.12/site-packages/airflow/example_dags/example_setup_teardown.py
[2025-02-08T10:51:56.545+0000] {logging_mixin.py:190} INFO - [2025-02-08T10:51:56.545+0000] {dag.py:3239} INFO - Sync 1 DAGs
[2025-02-08T10:51:56.557+0000] {logging_mixin.py:190} INFO - [2025-02-08T10:51:56.557+0000] {dag.py:4180} INFO - Setting next_dagrun for example_setup_teardown to None, run_after=None
[2025-02-08T10:51:56.573+0000] {processor.py:208} INFO - Processing /home/airflow/.local/lib/python3.12/site-packages/airflow/example_dags/example_setup_teardown.py took 0.059 seconds
[2025-02-08T10:52:26.665+0000] {processor.py:186} INFO - Started process (PID=990) to work on /home/airflow/.local/lib/python3.12/site-packages/airflow/example_dags/example_setup_teardown.py
[2025-02-08T10:52:26.666+0000] {processor.py:914} INFO - Processing file /home/airflow/.local/lib/python3.12/site-packages/airflow/example_dags/example_setup_teardown.py for tasks to queue
[2025-02-08T10:52:26.667+0000] {logging_mixin.py:190} INFO - [2025-02-08T10:52:26.667+0000] {dagbag.py:588} INFO - Filling up the DagBag from /home/airflow/.local/lib/python3.12/site-packages/airflow/example_dags/example_setup_teardown.py
[2025-02-08T10:52:26.673+0000] {processor.py:925} INFO - DAG(s) 'example_setup_teardown' retrieved from /home/airflow/.local/lib/python3.12/site-packages/airflow/example_dags/example_setup_teardown.py
[2025-02-08T10:52:26.689+0000] {logging_mixin.py:190} INFO - [2025-02-08T10:52:26.689+0000] {dag.py:3239} INFO - Sync 1 DAGs
[2025-02-08T10:52:26.701+0000] {logging_mixin.py:190} INFO - [2025-02-08T10:52:26.701+0000] {dag.py:4180} INFO - Setting next_dagrun for example_setup_teardown to None, run_after=None
[2025-02-08T10:52:26.715+0000] {processor.py:208} INFO - Processing /home/airflow/.local/lib/python3.12/site-packages/airflow/example_dags/example_setup_teardown.py took 0.055 seconds
[2025-02-08T10:52:56.982+0000] {processor.py:186} INFO - Started process (PID=1278) to work on /home/airflow/.local/lib/python3.12/site-packages/airflow/example_dags/example_setup_teardown.py
[2025-02-08T10:52:56.982+0000] {processor.py:914} INFO - Processing file /home/airflow/.local/lib/python3.12/site-packages/airflow/example_dags/example_setup_teardown.py for tasks to queue
[2025-02-08T10:52:56.984+0000] {logging_mixin.py:190} INFO - [2025-02-08T10:52:56.984+0000] {dagbag.py:588} INFO - Filling up the DagBag from /home/airflow/.local/lib/python3.12/site-packages/airflow/example_dags/example_setup_teardown.py
[2025-02-08T10:52:56.991+0000] {processor.py:925} INFO - DAG(s) 'example_setup_teardown' retrieved from /home/airflow/.local/lib/python3.12/site-packages/airflow/example_dags/example_setup_teardown.py
[2025-02-08T10:52:57.008+0000] {logging_mixin.py:190} INFO - [2025-02-08T10:52:57.008+0000] {dag.py:3239} INFO - Sync 1 DAGs
[2025-02-08T10:52:57.020+0000] {logging_mixin.py:190} INFO - [2025-02-08T10:52:57.020+0000] {dag.py:4180} INFO - Setting next_dagrun for example_setup_teardown to None, run_after=None
[2025-02-08T10:52:57.037+0000] {processor.py:208} INFO - Processing /home/airflow/.local/lib/python3.12/site-packages/airflow/example_dags/example_setup_teardown.py took 0.060 seconds
[2025-02-08T10:53:27.114+0000] {processor.py:186} INFO - Started process (PID=1562) to work on /home/airflow/.local/lib/python3.12/site-packages/airflow/example_dags/example_setup_teardown.py
[2025-02-08T10:53:27.115+0000] {processor.py:914} INFO - Processing file /home/airflow/.local/lib/python3.12/site-packages/airflow/example_dags/example_setup_teardown.py for tasks to queue
[2025-02-08T10:53:27.117+0000] {logging_mixin.py:190} INFO - [2025-02-08T10:53:27.117+0000] {dagbag.py:588} INFO - Filling up the DagBag from /home/airflow/.local/lib/python3.12/site-packages/airflow/example_dags/example_setup_teardown.py
[2025-02-08T10:53:27.124+0000] {processor.py:925} INFO - DAG(s) 'example_setup_teardown' retrieved from /home/airflow/.local/lib/python3.12/site-packages/airflow/example_dags/example_setup_teardown.py
[2025-02-08T10:53:27.140+0000] {logging_mixin.py:190} INFO - [2025-02-08T10:53:27.140+0000] {dag.py:3239} INFO - Sync 1 DAGs
[2025-02-08T10:53:27.153+0000] {logging_mixin.py:190} INFO - [2025-02-08T10:53:27.153+0000] {dag.py:4180} INFO - Setting next_dagrun for example_setup_teardown to None, run_after=None
[2025-02-08T10:53:27.171+0000] {processor.py:208} INFO - Processing /home/airflow/.local/lib/python3.12/site-packages/airflow/example_dags/example_setup_teardown.py took 0.061 seconds
[2025-02-08T10:53:57.406+0000] {processor.py:186} INFO - Started process (PID=1850) to work on /home/airflow/.local/lib/python3.12/site-packages/airflow/example_dags/example_setup_teardown.py
[2025-02-08T10:53:57.407+0000] {processor.py:914} INFO - Processing file /home/airflow/.local/lib/python3.12/site-packages/airflow/example_dags/example_setup_teardown.py for tasks to queue
[2025-02-08T10:53:57.410+0000] {logging_mixin.py:190} INFO - [2025-02-08T10:53:57.409+0000] {dagbag.py:588} INFO - Filling up the DagBag from /home/airflow/.local/lib/python3.12/site-packages/airflow/example_dags/example_setup_teardown.py
[2025-02-08T10:53:57.416+0000] {processor.py:925} INFO - DAG(s) 'example_setup_teardown' retrieved from /home/airflow/.local/lib/python3.12/site-packages/airflow/example_dags/example_setup_teardown.py
[2025-02-08T10:53:57.430+0000] {logging_mixin.py:190} INFO - [2025-02-08T10:53:57.430+0000] {dag.py:3239} INFO - Sync 1 DAGs
[2025-02-08T10:53:57.442+0000] {logging_mixin.py:190} INFO - [2025-02-08T10:53:57.442+0000] {dag.py:4180} INFO - Setting next_dagrun for example_setup_teardown to None, run_after=None
[2025-02-08T10:53:57.459+0000] {processor.py:208} INFO - Processing /home/airflow/.local/lib/python3.12/site-packages/airflow/example_dags/example_setup_teardown.py took 0.057 seconds
[2025-02-08T10:54:27.594+0000] {processor.py:186} INFO - Started process (PID=2134) to work on /home/airflow/.local/lib/python3.12/site-packages/airflow/example_dags/example_setup_teardown.py
[2025-02-08T10:54:27.594+0000] {processor.py:914} INFO - Processing file /home/airflow/.local/lib/python3.12/site-packages/airflow/example_dags/example_setup_teardown.py for tasks to queue
[2025-02-08T10:54:27.596+0000] {logging_mixin.py:190} INFO - [2025-02-08T10:54:27.596+0000] {dagbag.py:588} INFO - Filling up the DagBag from /home/airflow/.local/lib/python3.12/site-packages/airflow/example_dags/example_setup_teardown.py
[2025-02-08T10:54:27.603+0000] {processor.py:925} INFO - DAG(s) 'example_setup_teardown' retrieved from /home/airflow/.local/lib/python3.12/site-packages/airflow/example_dags/example_setup_teardown.py
[2025-02-08T10:54:27.619+0000] {logging_mixin.py:190} INFO - [2025-02-08T10:54:27.619+0000] {dag.py:3239} INFO - Sync 1 DAGs
[2025-02-08T10:54:27.632+0000] {logging_mixin.py:190} INFO - [2025-02-08T10:54:27.632+0000] {dag.py:4180} INFO - Setting next_dagrun for example_setup_teardown to None, run_after=None
[2025-02-08T10:54:27.651+0000] {processor.py:208} INFO - Processing /home/airflow/.local/lib/python3.12/site-packages/airflow/example_dags/example_setup_teardown.py took 0.062 seconds
[2025-02-08T10:54:58.035+0000] {processor.py:186} INFO - Started process (PID=2421) to work on /home/airflow/.local/lib/python3.12/site-packages/airflow/example_dags/example_setup_teardown.py
[2025-02-08T10:54:58.036+0000] {processor.py:914} INFO - Processing file /home/airflow/.local/lib/python3.12/site-packages/airflow/example_dags/example_setup_teardown.py for tasks to queue
[2025-02-08T10:54:58.038+0000] {logging_mixin.py:190} INFO - [2025-02-08T10:54:58.038+0000] {dagbag.py:588} INFO - Filling up the DagBag from /home/airflow/.local/lib/python3.12/site-packages/airflow/example_dags/example_setup_teardown.py
[2025-02-08T10:54:58.045+0000] {processor.py:925} INFO - DAG(s) 'example_setup_teardown' retrieved from /home/airflow/.local/lib/python3.12/site-packages/airflow/example_dags/example_setup_teardown.py
[2025-02-08T10:54:58.062+0000] {logging_mixin.py:190} INFO - [2025-02-08T10:54:58.062+0000] {dag.py:3239} INFO - Sync 1 DAGs
[2025-02-08T10:54:58.074+0000] {logging_mixin.py:190} INFO - [2025-02-08T10:54:58.074+0000] {dag.py:4180} INFO - Setting next_dagrun for example_setup_teardown to None, run_after=None
[2025-02-08T10:54:58.092+0000] {processor.py:208} INFO - Processing /home/airflow/.local/lib/python3.12/site-packages/airflow/example_dags/example_setup_teardown.py took 0.063 seconds
[2025-02-08T10:55:28.243+0000] {processor.py:186} INFO - Started process (PID=2713) to work on /home/airflow/.local/lib/python3.12/site-packages/airflow/example_dags/example_setup_teardown.py
[2025-02-08T10:55:28.243+0000] {processor.py:914} INFO - Processing file /home/airflow/.local/lib/python3.12/site-packages/airflow/example_dags/example_setup_teardown.py for tasks to queue
[2025-02-08T10:55:28.245+0000] {logging_mixin.py:190} INFO - [2025-02-08T10:55:28.245+0000] {dagbag.py:588} INFO - Filling up the DagBag from /home/airflow/.local/lib/python3.12/site-packages/airflow/example_dags/example_setup_teardown.py
[2025-02-08T10:55:28.251+0000] {processor.py:925} INFO - DAG(s) 'example_setup_teardown' retrieved from /home/airflow/.local/lib/python3.12/site-packages/airflow/example_dags/example_setup_teardown.py
[2025-02-08T10:55:28.265+0000] {logging_mixin.py:190} INFO - [2025-02-08T10:55:28.265+0000] {dag.py:3239} INFO - Sync 1 DAGs
[2025-02-08T10:55:28.276+0000] {logging_mixin.py:190} INFO - [2025-02-08T10:55:28.276+0000] {dag.py:4180} INFO - Setting next_dagrun for example_setup_teardown to None, run_after=None
[2025-02-08T10:55:28.289+0000] {processor.py:208} INFO - Processing /home/airflow/.local/lib/python3.12/site-packages/airflow/example_dags/example_setup_teardown.py took 0.051 seconds
[2025-02-08T10:55:58.426+0000] {processor.py:186} INFO - Started process (PID=2997) to work on /home/airflow/.local/lib/python3.12/site-packages/airflow/example_dags/example_setup_teardown.py
[2025-02-08T10:55:58.427+0000] {processor.py:914} INFO - Processing file /home/airflow/.local/lib/python3.12/site-packages/airflow/example_dags/example_setup_teardown.py for tasks to queue
[2025-02-08T10:55:58.429+0000] {logging_mixin.py:190} INFO - [2025-02-08T10:55:58.428+0000] {dagbag.py:588} INFO - Filling up the DagBag from /home/airflow/.local/lib/python3.12/site-packages/airflow/example_dags/example_setup_teardown.py
[2025-02-08T10:55:58.435+0000] {processor.py:925} INFO - DAG(s) 'example_setup_teardown' retrieved from /home/airflow/.local/lib/python3.12/site-packages/airflow/example_dags/example_setup_teardown.py
[2025-02-08T10:55:58.451+0000] {logging_mixin.py:190} INFO - [2025-02-08T10:55:58.451+0000] {dag.py:3239} INFO - Sync 1 DAGs
[2025-02-08T10:55:58.464+0000] {logging_mixin.py:190} INFO - [2025-02-08T10:55:58.464+0000] {dag.py:4180} INFO - Setting next_dagrun for example_setup_teardown to None, run_after=None
[2025-02-08T10:55:58.479+0000] {processor.py:208} INFO - Processing /home/airflow/.local/lib/python3.12/site-packages/airflow/example_dags/example_setup_teardown.py took 0.058 seconds
[2025-02-08T10:56:28.620+0000] {processor.py:186} INFO - Started process (PID=3278) to work on /home/airflow/.local/lib/python3.12/site-packages/airflow/example_dags/example_setup_teardown.py
[2025-02-08T10:56:28.621+0000] {processor.py:914} INFO - Processing file /home/airflow/.local/lib/python3.12/site-packages/airflow/example_dags/example_setup_teardown.py for tasks to queue
[2025-02-08T10:56:28.623+0000] {logging_mixin.py:190} INFO - [2025-02-08T10:56:28.623+0000] {dagbag.py:588} INFO - Filling up the DagBag from /home/airflow/.local/lib/python3.12/site-packages/airflow/example_dags/example_setup_teardown.py
[2025-02-08T10:56:28.630+0000] {processor.py:925} INFO - DAG(s) 'example_setup_teardown' retrieved from /home/airflow/.local/lib/python3.12/site-packages/airflow/example_dags/example_setup_teardown.py
[2025-02-08T10:56:28.644+0000] {logging_mixin.py:190} INFO - [2025-02-08T10:56:28.644+0000] {dag.py:3239} INFO - Sync 1 DAGs
[2025-02-08T10:56:28.656+0000] {logging_mixin.py:190} INFO - [2025-02-08T10:56:28.656+0000] {dag.py:4180} INFO - Setting next_dagrun for example_setup_teardown to None, run_after=None
[2025-02-08T10:56:28.670+0000] {processor.py:208} INFO - Processing /home/airflow/.local/lib/python3.12/site-packages/airflow/example_dags/example_setup_teardown.py took 0.054 seconds
[2025-02-08T10:56:58.965+0000] {processor.py:186} INFO - Started process (PID=3566) to work on /home/airflow/.local/lib/python3.12/site-packages/airflow/example_dags/example_setup_teardown.py
[2025-02-08T10:56:58.966+0000] {processor.py:914} INFO - Processing file /home/airflow/.local/lib/python3.12/site-packages/airflow/example_dags/example_setup_teardown.py for tasks to queue
[2025-02-08T10:56:58.968+0000] {logging_mixin.py:190} INFO - [2025-02-08T10:56:58.968+0000] {dagbag.py:588} INFO - Filling up the DagBag from /home/airflow/.local/lib/python3.12/site-packages/airflow/example_dags/example_setup_teardown.py
[2025-02-08T10:56:58.975+0000] {processor.py:925} INFO - DAG(s) 'example_setup_teardown' retrieved from /home/airflow/.local/lib/python3.12/site-packages/airflow/example_dags/example_setup_teardown.py
[2025-02-08T10:56:58.993+0000] {logging_mixin.py:190} INFO - [2025-02-08T10:56:58.992+0000] {dag.py:3239} INFO - Sync 1 DAGs
[2025-02-08T10:56:59.004+0000] {logging_mixin.py:190} INFO - [2025-02-08T10:56:59.004+0000] {dag.py:4180} INFO - Setting next_dagrun for example_setup_teardown to None, run_after=None
[2025-02-08T10:56:59.021+0000] {processor.py:208} INFO - Processing /home/airflow/.local/lib/python3.12/site-packages/airflow/example_dags/example_setup_teardown.py took 0.062 seconds
[2025-02-08T10:57:29.521+0000] {processor.py:186} INFO - Started process (PID=3850) to work on /home/airflow/.local/lib/python3.12/site-packages/airflow/example_dags/example_setup_teardown.py
[2025-02-08T10:57:29.522+0000] {processor.py:914} INFO - Processing file /home/airflow/.local/lib/python3.12/site-packages/airflow/example_dags/example_setup_teardown.py for tasks to queue
[2025-02-08T10:57:29.524+0000] {logging_mixin.py:190} INFO - [2025-02-08T10:57:29.523+0000] {dagbag.py:588} INFO - Filling up the DagBag from /home/airflow/.local/lib/python3.12/site-packages/airflow/example_dags/example_setup_teardown.py
[2025-02-08T10:57:29.530+0000] {processor.py:925} INFO - DAG(s) 'example_setup_teardown' retrieved from /home/airflow/.local/lib/python3.12/site-packages/airflow/example_dags/example_setup_teardown.py
[2025-02-08T10:57:29.547+0000] {logging_mixin.py:190} INFO - [2025-02-08T10:57:29.547+0000] {dag.py:3239} INFO - Sync 1 DAGs
[2025-02-08T10:57:29.560+0000] {logging_mixin.py:190} INFO - [2025-02-08T10:57:29.560+0000] {dag.py:4180} INFO - Setting next_dagrun for example_setup_teardown to None, run_after=None
[2025-02-08T10:57:29.574+0000] {processor.py:208} INFO - Processing /home/airflow/.local/lib/python3.12/site-packages/airflow/example_dags/example_setup_teardown.py took 0.058 seconds
[2025-02-08T10:58:00.508+0000] {processor.py:186} INFO - Started process (PID=4136) to work on /home/airflow/.local/lib/python3.12/site-packages/airflow/example_dags/example_setup_teardown.py
[2025-02-08T10:58:00.508+0000] {processor.py:914} INFO - Processing file /home/airflow/.local/lib/python3.12/site-packages/airflow/example_dags/example_setup_teardown.py for tasks to queue
[2025-02-08T10:58:00.510+0000] {logging_mixin.py:190} INFO - [2025-02-08T10:58:00.510+0000] {dagbag.py:588} INFO - Filling up the DagBag from /home/airflow/.local/lib/python3.12/site-packages/airflow/example_dags/example_setup_teardown.py
[2025-02-08T10:58:00.517+0000] {processor.py:925} INFO - DAG(s) 'example_setup_teardown' retrieved from /home/airflow/.local/lib/python3.12/site-packages/airflow/example_dags/example_setup_teardown.py
[2025-02-08T10:58:00.533+0000] {logging_mixin.py:190} INFO - [2025-02-08T10:58:00.533+0000] {dag.py:3239} INFO - Sync 1 DAGs
[2025-02-08T10:58:00.545+0000] {logging_mixin.py:190} INFO - [2025-02-08T10:58:00.545+0000] {dag.py:4180} INFO - Setting next_dagrun for example_setup_teardown to None, run_after=None
[2025-02-08T10:58:00.563+0000] {processor.py:208} INFO - Processing /home/airflow/.local/lib/python3.12/site-packages/airflow/example_dags/example_setup_teardown.py took 0.060 seconds
[2025-02-08T10:58:31.172+0000] {processor.py:186} INFO - Started process (PID=4446) to work on /home/airflow/.local/lib/python3.12/site-packages/airflow/example_dags/example_setup_teardown.py
[2025-02-08T10:58:31.173+0000] {processor.py:914} INFO - Processing file /home/airflow/.local/lib/python3.12/site-packages/airflow/example_dags/example_setup_teardown.py for tasks to queue
[2025-02-08T10:58:31.176+0000] {logging_mixin.py:190} INFO - [2025-02-08T10:58:31.176+0000] {dagbag.py:588} INFO - Filling up the DagBag from /home/airflow/.local/lib/python3.12/site-packages/airflow/example_dags/example_setup_teardown.py
[2025-02-08T10:58:31.184+0000] {processor.py:925} INFO - DAG(s) 'example_setup_teardown' retrieved from /home/airflow/.local/lib/python3.12/site-packages/airflow/example_dags/example_setup_teardown.py
[2025-02-08T10:58:31.202+0000] {logging_mixin.py:190} INFO - [2025-02-08T10:58:31.202+0000] {dag.py:3239} INFO - Sync 1 DAGs
[2025-02-08T10:58:31.215+0000] {logging_mixin.py:190} INFO - [2025-02-08T10:58:31.215+0000] {dag.py:4180} INFO - Setting next_dagrun for example_setup_teardown to None, run_after=None
[2025-02-08T10:58:31.230+0000] {processor.py:208} INFO - Processing /home/airflow/.local/lib/python3.12/site-packages/airflow/example_dags/example_setup_teardown.py took 0.063 seconds
[2025-02-08T10:59:01.272+0000] {processor.py:186} INFO - Started process (PID=4909) to work on /home/airflow/.local/lib/python3.12/site-packages/airflow/example_dags/example_setup_teardown.py
[2025-02-08T10:59:01.273+0000] {processor.py:914} INFO - Processing file /home/airflow/.local/lib/python3.12/site-packages/airflow/example_dags/example_setup_teardown.py for tasks to queue
[2025-02-08T10:59:01.275+0000] {logging_mixin.py:190} INFO - [2025-02-08T10:59:01.274+0000] {dagbag.py:588} INFO - Filling up the DagBag from /home/airflow/.local/lib/python3.12/site-packages/airflow/example_dags/example_setup_teardown.py
[2025-02-08T10:59:01.281+0000] {processor.py:925} INFO - DAG(s) 'example_setup_teardown' retrieved from /home/airflow/.local/lib/python3.12/site-packages/airflow/example_dags/example_setup_teardown.py
[2025-02-08T10:59:01.296+0000] {logging_mixin.py:190} INFO - [2025-02-08T10:59:01.296+0000] {dag.py:3239} INFO - Sync 1 DAGs
[2025-02-08T10:59:01.308+0000] {logging_mixin.py:190} INFO - [2025-02-08T10:59:01.307+0000] {dag.py:4180} INFO - Setting next_dagrun for example_setup_teardown to None, run_after=None
[2025-02-08T10:59:01.321+0000] {processor.py:208} INFO - Processing /home/airflow/.local/lib/python3.12/site-packages/airflow/example_dags/example_setup_teardown.py took 0.055 seconds
[2025-02-08T11:02:01.400+0000] {processor.py:186} INFO - Started process (PID=418) to work on /home/airflow/.local/lib/python3.12/site-packages/airflow/example_dags/example_setup_teardown.py
[2025-02-08T11:02:01.400+0000] {processor.py:914} INFO - Processing file /home/airflow/.local/lib/python3.12/site-packages/airflow/example_dags/example_setup_teardown.py for tasks to queue
[2025-02-08T11:02:01.403+0000] {logging_mixin.py:190} INFO - [2025-02-08T11:02:01.403+0000] {dagbag.py:588} INFO - Filling up the DagBag from /home/airflow/.local/lib/python3.12/site-packages/airflow/example_dags/example_setup_teardown.py
[2025-02-08T11:02:01.409+0000] {processor.py:925} INFO - DAG(s) 'example_setup_teardown' retrieved from /home/airflow/.local/lib/python3.12/site-packages/airflow/example_dags/example_setup_teardown.py
[2025-02-08T11:02:01.492+0000] {logging_mixin.py:190} INFO - [2025-02-08T11:02:01.491+0000] {override.py:1900} INFO - Created Permission View: can read on DAG:example_setup_teardown
[2025-02-08T11:02:01.502+0000] {logging_mixin.py:190} INFO - [2025-02-08T11:02:01.501+0000] {override.py:1900} INFO - Created Permission View: can delete on DAG:example_setup_teardown
[2025-02-08T11:02:01.508+0000] {logging_mixin.py:190} INFO - [2025-02-08T11:02:01.508+0000] {override.py:1900} INFO - Created Permission View: can edit on DAG:example_setup_teardown
[2025-02-08T11:02:01.516+0000] {logging_mixin.py:190} INFO - [2025-02-08T11:02:01.516+0000] {override.py:1900} INFO - Created Permission View: menu access on DAG Run:example_setup_teardown
[2025-02-08T11:02:01.521+0000] {logging_mixin.py:190} INFO - [2025-02-08T11:02:01.521+0000] {override.py:1900} INFO - Created Permission View: can read on DAG Run:example_setup_teardown
[2025-02-08T11:02:01.526+0000] {logging_mixin.py:190} INFO - [2025-02-08T11:02:01.526+0000] {override.py:1900} INFO - Created Permission View: can create on DAG Run:example_setup_teardown
[2025-02-08T11:02:01.531+0000] {logging_mixin.py:190} INFO - [2025-02-08T11:02:01.531+0000] {override.py:1900} INFO - Created Permission View: can delete on DAG Run:example_setup_teardown
[2025-02-08T11:02:01.532+0000] {logging_mixin.py:190} INFO - [2025-02-08T11:02:01.532+0000] {dag.py:3239} INFO - Sync 1 DAGs
[2025-02-08T11:02:01.541+0000] {logging_mixin.py:190} INFO - [2025-02-08T11:02:01.541+0000] {dag.py:3262} INFO - Creating ORM DAG for example_setup_teardown
[2025-02-08T11:02:01.542+0000] {logging_mixin.py:190} INFO - [2025-02-08T11:02:01.541+0000] {dag.py:4180} INFO - Setting next_dagrun for example_setup_teardown to None, run_after=None
[2025-02-08T11:02:01.554+0000] {processor.py:208} INFO - Processing /home/airflow/.local/lib/python3.12/site-packages/airflow/example_dags/example_setup_teardown.py took 0.159 seconds
[2025-02-08T11:02:31.806+0000] {processor.py:186} INFO - Started process (PID=704) to work on /home/airflow/.local/lib/python3.12/site-packages/airflow/example_dags/example_setup_teardown.py
[2025-02-08T11:02:31.807+0000] {processor.py:914} INFO - Processing file /home/airflow/.local/lib/python3.12/site-packages/airflow/example_dags/example_setup_teardown.py for tasks to queue
[2025-02-08T11:02:31.809+0000] {logging_mixin.py:190} INFO - [2025-02-08T11:02:31.809+0000] {dagbag.py:588} INFO - Filling up the DagBag from /home/airflow/.local/lib/python3.12/site-packages/airflow/example_dags/example_setup_teardown.py
[2025-02-08T11:02:31.815+0000] {processor.py:925} INFO - DAG(s) 'example_setup_teardown' retrieved from /home/airflow/.local/lib/python3.12/site-packages/airflow/example_dags/example_setup_teardown.py
[2025-02-08T11:02:31.829+0000] {logging_mixin.py:190} INFO - [2025-02-08T11:02:31.829+0000] {dag.py:3239} INFO - Sync 1 DAGs
[2025-02-08T11:02:31.840+0000] {logging_mixin.py:190} INFO - [2025-02-08T11:02:31.840+0000] {dag.py:4180} INFO - Setting next_dagrun for example_setup_teardown to None, run_after=None
[2025-02-08T11:02:31.855+0000] {processor.py:208} INFO - Processing /home/airflow/.local/lib/python3.12/site-packages/airflow/example_dags/example_setup_teardown.py took 0.053 seconds
[2025-02-08T11:03:39.846+0000] {processor.py:186} INFO - Started process (PID=418) to work on /home/airflow/.local/lib/python3.12/site-packages/airflow/example_dags/example_setup_teardown.py
[2025-02-08T11:03:39.847+0000] {processor.py:914} INFO - Processing file /home/airflow/.local/lib/python3.12/site-packages/airflow/example_dags/example_setup_teardown.py for tasks to queue
[2025-02-08T11:03:39.849+0000] {logging_mixin.py:190} INFO - [2025-02-08T11:03:39.849+0000] {dagbag.py:588} INFO - Filling up the DagBag from /home/airflow/.local/lib/python3.12/site-packages/airflow/example_dags/example_setup_teardown.py
[2025-02-08T11:03:39.856+0000] {processor.py:925} INFO - DAG(s) 'example_setup_teardown' retrieved from /home/airflow/.local/lib/python3.12/site-packages/airflow/example_dags/example_setup_teardown.py
[2025-02-08T11:03:39.874+0000] {logging_mixin.py:190} INFO - [2025-02-08T11:03:39.873+0000] {dag.py:3239} INFO - Sync 1 DAGs
[2025-02-08T11:03:39.888+0000] {logging_mixin.py:190} INFO - [2025-02-08T11:03:39.888+0000] {dag.py:4180} INFO - Setting next_dagrun for example_setup_teardown to None, run_after=None
[2025-02-08T11:03:39.905+0000] {processor.py:208} INFO - Processing /home/airflow/.local/lib/python3.12/site-packages/airflow/example_dags/example_setup_teardown.py took 0.064 seconds
[2025-02-08T11:04:10.130+0000] {processor.py:186} INFO - Started process (PID=704) to work on /home/airflow/.local/lib/python3.12/site-packages/airflow/example_dags/example_setup_teardown.py
[2025-02-08T11:04:10.131+0000] {processor.py:914} INFO - Processing file /home/airflow/.local/lib/python3.12/site-packages/airflow/example_dags/example_setup_teardown.py for tasks to queue
[2025-02-08T11:04:10.134+0000] {logging_mixin.py:190} INFO - [2025-02-08T11:04:10.133+0000] {dagbag.py:588} INFO - Filling up the DagBag from /home/airflow/.local/lib/python3.12/site-packages/airflow/example_dags/example_setup_teardown.py
[2025-02-08T11:04:10.141+0000] {processor.py:925} INFO - DAG(s) 'example_setup_teardown' retrieved from /home/airflow/.local/lib/python3.12/site-packages/airflow/example_dags/example_setup_teardown.py
[2025-02-08T11:04:10.162+0000] {logging_mixin.py:190} INFO - [2025-02-08T11:04:10.161+0000] {dag.py:3239} INFO - Sync 1 DAGs
[2025-02-08T11:04:10.176+0000] {logging_mixin.py:190} INFO - [2025-02-08T11:04:10.176+0000] {dag.py:4180} INFO - Setting next_dagrun for example_setup_teardown to None, run_after=None
[2025-02-08T11:04:10.194+0000] {processor.py:208} INFO - Processing /home/airflow/.local/lib/python3.12/site-packages/airflow/example_dags/example_setup_teardown.py took 0.069 seconds
[2025-02-08T11:04:40.403+0000] {processor.py:186} INFO - Started process (PID=990) to work on /home/airflow/.local/lib/python3.12/site-packages/airflow/example_dags/example_setup_teardown.py
[2025-02-08T11:04:40.404+0000] {processor.py:914} INFO - Processing file /home/airflow/.local/lib/python3.12/site-packages/airflow/example_dags/example_setup_teardown.py for tasks to queue
[2025-02-08T11:04:40.406+0000] {logging_mixin.py:190} INFO - [2025-02-08T11:04:40.406+0000] {dagbag.py:588} INFO - Filling up the DagBag from /home/airflow/.local/lib/python3.12/site-packages/airflow/example_dags/example_setup_teardown.py
[2025-02-08T11:04:40.412+0000] {processor.py:925} INFO - DAG(s) 'example_setup_teardown' retrieved from /home/airflow/.local/lib/python3.12/site-packages/airflow/example_dags/example_setup_teardown.py
[2025-02-08T11:04:40.427+0000] {logging_mixin.py:190} INFO - [2025-02-08T11:04:40.427+0000] {dag.py:3239} INFO - Sync 1 DAGs
[2025-02-08T11:04:40.437+0000] {logging_mixin.py:190} INFO - [2025-02-08T11:04:40.437+0000] {dag.py:4180} INFO - Setting next_dagrun for example_setup_teardown to None, run_after=None
[2025-02-08T11:04:40.451+0000] {processor.py:208} INFO - Processing /home/airflow/.local/lib/python3.12/site-packages/airflow/example_dags/example_setup_teardown.py took 0.052 seconds
[2025-02-08T11:33:22.154+0000] {processor.py:186} INFO - Started process (PID=418) to work on /home/airflow/.local/lib/python3.12/site-packages/airflow/example_dags/example_setup_teardown.py
[2025-02-08T11:33:22.154+0000] {processor.py:914} INFO - Processing file /home/airflow/.local/lib/python3.12/site-packages/airflow/example_dags/example_setup_teardown.py for tasks to queue
[2025-02-08T11:33:22.157+0000] {logging_mixin.py:190} INFO - [2025-02-08T11:33:22.157+0000] {dagbag.py:588} INFO - Filling up the DagBag from /home/airflow/.local/lib/python3.12/site-packages/airflow/example_dags/example_setup_teardown.py
[2025-02-08T11:33:22.164+0000] {processor.py:925} INFO - DAG(s) 'example_setup_teardown' retrieved from /home/airflow/.local/lib/python3.12/site-packages/airflow/example_dags/example_setup_teardown.py
[2025-02-08T11:33:22.242+0000] {logging_mixin.py:190} INFO - [2025-02-08T11:33:22.242+0000] {override.py:1900} INFO - Created Permission View: can edit on DAG:example_setup_teardown
[2025-02-08T11:33:22.255+0000] {logging_mixin.py:190} INFO - [2025-02-08T11:33:22.254+0000] {override.py:1900} INFO - Created Permission View: can delete on DAG:example_setup_teardown
[2025-02-08T11:33:22.262+0000] {logging_mixin.py:190} INFO - [2025-02-08T11:33:22.262+0000] {override.py:1900} INFO - Created Permission View: can read on DAG:example_setup_teardown
[2025-02-08T11:33:22.271+0000] {logging_mixin.py:190} INFO - [2025-02-08T11:33:22.271+0000] {override.py:1900} INFO - Created Permission View: menu access on DAG Run:example_setup_teardown
[2025-02-08T11:33:22.277+0000] {logging_mixin.py:190} INFO - [2025-02-08T11:33:22.277+0000] {override.py:1900} INFO - Created Permission View: can create on DAG Run:example_setup_teardown
[2025-02-08T11:33:22.283+0000] {logging_mixin.py:190} INFO - [2025-02-08T11:33:22.282+0000] {override.py:1900} INFO - Created Permission View: can delete on DAG Run:example_setup_teardown
[2025-02-08T11:33:22.288+0000] {logging_mixin.py:190} INFO - [2025-02-08T11:33:22.288+0000] {override.py:1900} INFO - Created Permission View: can read on DAG Run:example_setup_teardown
[2025-02-08T11:33:22.289+0000] {logging_mixin.py:190} INFO - [2025-02-08T11:33:22.289+0000] {dag.py:3239} INFO - Sync 1 DAGs
[2025-02-08T11:33:22.302+0000] {logging_mixin.py:190} INFO - [2025-02-08T11:33:22.302+0000] {dag.py:3262} INFO - Creating ORM DAG for example_setup_teardown
[2025-02-08T11:33:22.303+0000] {logging_mixin.py:190} INFO - [2025-02-08T11:33:22.303+0000] {dag.py:4180} INFO - Setting next_dagrun for example_setup_teardown to None, run_after=None
[2025-02-08T11:33:22.318+0000] {processor.py:208} INFO - Processing /home/airflow/.local/lib/python3.12/site-packages/airflow/example_dags/example_setup_teardown.py took 0.170 seconds
[2025-02-08T11:33:52.769+0000] {processor.py:186} INFO - Started process (PID=704) to work on /home/airflow/.local/lib/python3.12/site-packages/airflow/example_dags/example_setup_teardown.py
[2025-02-08T11:33:52.769+0000] {processor.py:914} INFO - Processing file /home/airflow/.local/lib/python3.12/site-packages/airflow/example_dags/example_setup_teardown.py for tasks to queue
[2025-02-08T11:33:52.772+0000] {logging_mixin.py:190} INFO - [2025-02-08T11:33:52.771+0000] {dagbag.py:588} INFO - Filling up the DagBag from /home/airflow/.local/lib/python3.12/site-packages/airflow/example_dags/example_setup_teardown.py
[2025-02-08T11:33:52.780+0000] {processor.py:925} INFO - DAG(s) 'example_setup_teardown' retrieved from /home/airflow/.local/lib/python3.12/site-packages/airflow/example_dags/example_setup_teardown.py
[2025-02-08T11:33:52.797+0000] {logging_mixin.py:190} INFO - [2025-02-08T11:33:52.797+0000] {dag.py:3239} INFO - Sync 1 DAGs
[2025-02-08T11:33:52.808+0000] {logging_mixin.py:190} INFO - [2025-02-08T11:33:52.808+0000] {dag.py:4180} INFO - Setting next_dagrun for example_setup_teardown to None, run_after=None
[2025-02-08T11:33:52.827+0000] {processor.py:208} INFO - Processing /home/airflow/.local/lib/python3.12/site-packages/airflow/example_dags/example_setup_teardown.py took 0.063 seconds
[2025-02-08T11:34:22.948+0000] {processor.py:186} INFO - Started process (PID=990) to work on /home/airflow/.local/lib/python3.12/site-packages/airflow/example_dags/example_setup_teardown.py
[2025-02-08T11:34:22.948+0000] {processor.py:914} INFO - Processing file /home/airflow/.local/lib/python3.12/site-packages/airflow/example_dags/example_setup_teardown.py for tasks to queue
[2025-02-08T11:34:22.950+0000] {logging_mixin.py:190} INFO - [2025-02-08T11:34:22.950+0000] {dagbag.py:588} INFO - Filling up the DagBag from /home/airflow/.local/lib/python3.12/site-packages/airflow/example_dags/example_setup_teardown.py
[2025-02-08T11:34:22.956+0000] {processor.py:925} INFO - DAG(s) 'example_setup_teardown' retrieved from /home/airflow/.local/lib/python3.12/site-packages/airflow/example_dags/example_setup_teardown.py
[2025-02-08T11:34:22.970+0000] {logging_mixin.py:190} INFO - [2025-02-08T11:34:22.970+0000] {dag.py:3239} INFO - Sync 1 DAGs
[2025-02-08T11:34:22.980+0000] {logging_mixin.py:190} INFO - [2025-02-08T11:34:22.980+0000] {dag.py:4180} INFO - Setting next_dagrun for example_setup_teardown to None, run_after=None
[2025-02-08T11:34:22.997+0000] {processor.py:208} INFO - Processing /home/airflow/.local/lib/python3.12/site-packages/airflow/example_dags/example_setup_teardown.py took 0.054 seconds
[2025-02-08T11:34:53.021+0000] {processor.py:186} INFO - Started process (PID=1271) to work on /home/airflow/.local/lib/python3.12/site-packages/airflow/example_dags/example_setup_teardown.py
[2025-02-08T11:34:53.021+0000] {processor.py:914} INFO - Processing file /home/airflow/.local/lib/python3.12/site-packages/airflow/example_dags/example_setup_teardown.py for tasks to queue
[2025-02-08T11:34:53.023+0000] {logging_mixin.py:190} INFO - [2025-02-08T11:34:53.023+0000] {dagbag.py:588} INFO - Filling up the DagBag from /home/airflow/.local/lib/python3.12/site-packages/airflow/example_dags/example_setup_teardown.py
[2025-02-08T11:34:53.029+0000] {processor.py:925} INFO - DAG(s) 'example_setup_teardown' retrieved from /home/airflow/.local/lib/python3.12/site-packages/airflow/example_dags/example_setup_teardown.py
[2025-02-08T11:34:53.045+0000] {logging_mixin.py:190} INFO - [2025-02-08T11:34:53.044+0000] {dag.py:3239} INFO - Sync 1 DAGs
[2025-02-08T11:34:53.058+0000] {logging_mixin.py:190} INFO - [2025-02-08T11:34:53.057+0000] {dag.py:4180} INFO - Setting next_dagrun for example_setup_teardown to None, run_after=None
[2025-02-08T11:34:53.072+0000] {processor.py:208} INFO - Processing /home/airflow/.local/lib/python3.12/site-packages/airflow/example_dags/example_setup_teardown.py took 0.055 seconds
