[2025-02-08T10:51:25.719+0000] {processor.py:186} INFO - Started process (PID=403) to work on /home/airflow/.local/lib/python3.12/site-packages/airflow/example_dags/example_external_task_marker_dag.py
[2025-02-08T10:51:25.720+0000] {processor.py:914} INFO - Processing file /home/airflow/.local/lib/python3.12/site-packages/airflow/example_dags/example_external_task_marker_dag.py for tasks to queue
[2025-02-08T10:51:25.722+0000] {logging_mixin.py:190} INFO - [2025-02-08T10:51:25.722+0000] {dagbag.py:588} INFO - Filling up the DagBag from /home/airflow/.local/lib/python3.12/site-packages/airflow/example_dags/example_external_task_marker_dag.py
[2025-02-08T10:51:25.730+0000] {processor.py:925} INFO - DAG(s) 'example_external_task_marker_child', 'example_external_task_marker_parent' retrieved from /home/airflow/.local/lib/python3.12/site-packages/airflow/example_dags/example_external_task_marker_dag.py
[2025-02-08T10:51:25.817+0000] {logging_mixin.py:190} INFO - [2025-02-08T10:51:25.816+0000] {override.py:1900} INFO - Created Permission View: can delete on DAG:example_external_task_marker_child
[2025-02-08T10:51:25.825+0000] {logging_mixin.py:190} INFO - [2025-02-08T10:51:25.825+0000] {override.py:1900} INFO - Created Permission View: can read on DAG:example_external_task_marker_child
[2025-02-08T10:51:25.832+0000] {logging_mixin.py:190} INFO - [2025-02-08T10:51:25.832+0000] {override.py:1900} INFO - Created Permission View: can edit on DAG:example_external_task_marker_child
[2025-02-08T10:51:25.840+0000] {logging_mixin.py:190} INFO - [2025-02-08T10:51:25.840+0000] {override.py:1900} INFO - Created Permission View: can delete on DAG Run:example_external_task_marker_child
[2025-02-08T10:51:25.847+0000] {logging_mixin.py:190} INFO - [2025-02-08T10:51:25.847+0000] {override.py:1900} INFO - Created Permission View: can read on DAG Run:example_external_task_marker_child
[2025-02-08T10:51:25.853+0000] {logging_mixin.py:190} INFO - [2025-02-08T10:51:25.853+0000] {override.py:1900} INFO - Created Permission View: menu access on DAG Run:example_external_task_marker_child
[2025-02-08T10:51:25.859+0000] {logging_mixin.py:190} INFO - [2025-02-08T10:51:25.858+0000] {override.py:1900} INFO - Created Permission View: can create on DAG Run:example_external_task_marker_child
[2025-02-08T10:51:25.870+0000] {logging_mixin.py:190} INFO - [2025-02-08T10:51:25.870+0000] {override.py:1900} INFO - Created Permission View: can delete on DAG:example_external_task_marker_parent
[2025-02-08T10:51:25.877+0000] {logging_mixin.py:190} INFO - [2025-02-08T10:51:25.876+0000] {override.py:1900} INFO - Created Permission View: can read on DAG:example_external_task_marker_parent
[2025-02-08T10:51:25.882+0000] {logging_mixin.py:190} INFO - [2025-02-08T10:51:25.882+0000] {override.py:1900} INFO - Created Permission View: can edit on DAG:example_external_task_marker_parent
[2025-02-08T10:51:25.890+0000] {logging_mixin.py:190} INFO - [2025-02-08T10:51:25.889+0000] {override.py:1900} INFO - Created Permission View: can delete on DAG Run:example_external_task_marker_parent
[2025-02-08T10:51:25.896+0000] {logging_mixin.py:190} INFO - [2025-02-08T10:51:25.896+0000] {override.py:1900} INFO - Created Permission View: can read on DAG Run:example_external_task_marker_parent
[2025-02-08T10:51:25.902+0000] {logging_mixin.py:190} INFO - [2025-02-08T10:51:25.902+0000] {override.py:1900} INFO - Created Permission View: menu access on DAG Run:example_external_task_marker_parent
[2025-02-08T10:51:25.907+0000] {logging_mixin.py:190} INFO - [2025-02-08T10:51:25.907+0000] {override.py:1900} INFO - Created Permission View: can create on DAG Run:example_external_task_marker_parent
[2025-02-08T10:51:25.908+0000] {logging_mixin.py:190} INFO - [2025-02-08T10:51:25.908+0000] {dag.py:3239} INFO - Sync 2 DAGs
[2025-02-08T10:51:25.918+0000] {logging_mixin.py:190} INFO - [2025-02-08T10:51:25.918+0000] {dag.py:3262} INFO - Creating ORM DAG for example_external_task_marker_child
[2025-02-08T10:51:25.919+0000] {logging_mixin.py:190} INFO - [2025-02-08T10:51:25.919+0000] {dag.py:3262} INFO - Creating ORM DAG for example_external_task_marker_parent
[2025-02-08T10:51:25.920+0000] {logging_mixin.py:190} INFO - [2025-02-08T10:51:25.920+0000] {dag.py:4180} INFO - Setting next_dagrun for example_external_task_marker_child to None, run_after=None
[2025-02-08T10:51:25.920+0000] {logging_mixin.py:190} INFO - [2025-02-08T10:51:25.920+0000] {dag.py:4180} INFO - Setting next_dagrun for example_external_task_marker_parent to None, run_after=None
[2025-02-08T10:51:25.934+0000] {processor.py:208} INFO - Processing /home/airflow/.local/lib/python3.12/site-packages/airflow/example_dags/example_external_task_marker_dag.py took 0.220 seconds
[2025-02-08T10:51:56.384+0000] {processor.py:186} INFO - Started process (PID=689) to work on /home/airflow/.local/lib/python3.12/site-packages/airflow/example_dags/example_external_task_marker_dag.py
[2025-02-08T10:51:56.385+0000] {processor.py:914} INFO - Processing file /home/airflow/.local/lib/python3.12/site-packages/airflow/example_dags/example_external_task_marker_dag.py for tasks to queue
[2025-02-08T10:51:56.387+0000] {logging_mixin.py:190} INFO - [2025-02-08T10:51:56.387+0000] {dagbag.py:588} INFO - Filling up the DagBag from /home/airflow/.local/lib/python3.12/site-packages/airflow/example_dags/example_external_task_marker_dag.py
[2025-02-08T10:51:56.394+0000] {processor.py:925} INFO - DAG(s) 'example_external_task_marker_parent', 'example_external_task_marker_child' retrieved from /home/airflow/.local/lib/python3.12/site-packages/airflow/example_dags/example_external_task_marker_dag.py
[2025-02-08T10:51:56.414+0000] {logging_mixin.py:190} INFO - [2025-02-08T10:51:56.413+0000] {dag.py:3239} INFO - Sync 2 DAGs
[2025-02-08T10:51:56.427+0000] {logging_mixin.py:190} INFO - [2025-02-08T10:51:56.427+0000] {dag.py:4180} INFO - Setting next_dagrun for example_external_task_marker_child to None, run_after=None
[2025-02-08T10:51:56.431+0000] {logging_mixin.py:190} INFO - [2025-02-08T10:51:56.431+0000] {dag.py:4180} INFO - Setting next_dagrun for example_external_task_marker_parent to None, run_after=None
[2025-02-08T10:51:56.445+0000] {processor.py:208} INFO - Processing /home/airflow/.local/lib/python3.12/site-packages/airflow/example_dags/example_external_task_marker_dag.py took 0.066 seconds
[2025-02-08T10:52:26.545+0000] {processor.py:186} INFO - Started process (PID=975) to work on /home/airflow/.local/lib/python3.12/site-packages/airflow/example_dags/example_external_task_marker_dag.py
[2025-02-08T10:52:26.546+0000] {processor.py:914} INFO - Processing file /home/airflow/.local/lib/python3.12/site-packages/airflow/example_dags/example_external_task_marker_dag.py for tasks to queue
[2025-02-08T10:52:26.548+0000] {logging_mixin.py:190} INFO - [2025-02-08T10:52:26.547+0000] {dagbag.py:588} INFO - Filling up the DagBag from /home/airflow/.local/lib/python3.12/site-packages/airflow/example_dags/example_external_task_marker_dag.py
[2025-02-08T10:52:26.556+0000] {processor.py:925} INFO - DAG(s) 'example_external_task_marker_child', 'example_external_task_marker_parent' retrieved from /home/airflow/.local/lib/python3.12/site-packages/airflow/example_dags/example_external_task_marker_dag.py
[2025-02-08T10:52:26.575+0000] {logging_mixin.py:190} INFO - [2025-02-08T10:52:26.575+0000] {dag.py:3239} INFO - Sync 2 DAGs
[2025-02-08T10:52:26.588+0000] {logging_mixin.py:190} INFO - [2025-02-08T10:52:26.588+0000] {dag.py:4180} INFO - Setting next_dagrun for example_external_task_marker_child to None, run_after=None
[2025-02-08T10:52:26.591+0000] {logging_mixin.py:190} INFO - [2025-02-08T10:52:26.591+0000] {dag.py:4180} INFO - Setting next_dagrun for example_external_task_marker_parent to None, run_after=None
[2025-02-08T10:52:26.605+0000] {processor.py:208} INFO - Processing /home/airflow/.local/lib/python3.12/site-packages/airflow/example_dags/example_external_task_marker_dag.py took 0.064 seconds
[2025-02-08T10:52:56.812+0000] {processor.py:186} INFO - Started process (PID=1263) to work on /home/airflow/.local/lib/python3.12/site-packages/airflow/example_dags/example_external_task_marker_dag.py
[2025-02-08T10:52:56.813+0000] {processor.py:914} INFO - Processing file /home/airflow/.local/lib/python3.12/site-packages/airflow/example_dags/example_external_task_marker_dag.py for tasks to queue
[2025-02-08T10:52:56.815+0000] {logging_mixin.py:190} INFO - [2025-02-08T10:52:56.814+0000] {dagbag.py:588} INFO - Filling up the DagBag from /home/airflow/.local/lib/python3.12/site-packages/airflow/example_dags/example_external_task_marker_dag.py
[2025-02-08T10:52:56.821+0000] {processor.py:925} INFO - DAG(s) 'example_external_task_marker_parent', 'example_external_task_marker_child' retrieved from /home/airflow/.local/lib/python3.12/site-packages/airflow/example_dags/example_external_task_marker_dag.py
[2025-02-08T10:52:56.838+0000] {logging_mixin.py:190} INFO - [2025-02-08T10:52:56.838+0000] {dag.py:3239} INFO - Sync 2 DAGs
[2025-02-08T10:52:56.849+0000] {logging_mixin.py:190} INFO - [2025-02-08T10:52:56.849+0000] {dag.py:4180} INFO - Setting next_dagrun for example_external_task_marker_child to None, run_after=None
[2025-02-08T10:52:56.851+0000] {logging_mixin.py:190} INFO - [2025-02-08T10:52:56.851+0000] {dag.py:4180} INFO - Setting next_dagrun for example_external_task_marker_parent to None, run_after=None
[2025-02-08T10:52:56.866+0000] {processor.py:208} INFO - Processing /home/airflow/.local/lib/python3.12/site-packages/airflow/example_dags/example_external_task_marker_dag.py took 0.059 seconds
[2025-02-08T10:53:26.949+0000] {processor.py:186} INFO - Started process (PID=1547) to work on /home/airflow/.local/lib/python3.12/site-packages/airflow/example_dags/example_external_task_marker_dag.py
[2025-02-08T10:53:26.950+0000] {processor.py:914} INFO - Processing file /home/airflow/.local/lib/python3.12/site-packages/airflow/example_dags/example_external_task_marker_dag.py for tasks to queue
[2025-02-08T10:53:26.952+0000] {logging_mixin.py:190} INFO - [2025-02-08T10:53:26.952+0000] {dagbag.py:588} INFO - Filling up the DagBag from /home/airflow/.local/lib/python3.12/site-packages/airflow/example_dags/example_external_task_marker_dag.py
[2025-02-08T10:53:26.958+0000] {processor.py:925} INFO - DAG(s) 'example_external_task_marker_parent', 'example_external_task_marker_child' retrieved from /home/airflow/.local/lib/python3.12/site-packages/airflow/example_dags/example_external_task_marker_dag.py
[2025-02-08T10:53:26.976+0000] {logging_mixin.py:190} INFO - [2025-02-08T10:53:26.975+0000] {dag.py:3239} INFO - Sync 2 DAGs
[2025-02-08T10:53:26.987+0000] {logging_mixin.py:190} INFO - [2025-02-08T10:53:26.986+0000] {dag.py:4180} INFO - Setting next_dagrun for example_external_task_marker_child to None, run_after=None
[2025-02-08T10:53:26.990+0000] {logging_mixin.py:190} INFO - [2025-02-08T10:53:26.989+0000] {dag.py:4180} INFO - Setting next_dagrun for example_external_task_marker_parent to None, run_after=None
[2025-02-08T10:53:27.004+0000] {processor.py:208} INFO - Processing /home/airflow/.local/lib/python3.12/site-packages/airflow/example_dags/example_external_task_marker_dag.py took 0.060 seconds
[2025-02-08T10:53:57.257+0000] {processor.py:186} INFO - Started process (PID=1833) to work on /home/airflow/.local/lib/python3.12/site-packages/airflow/example_dags/example_external_task_marker_dag.py
[2025-02-08T10:53:57.258+0000] {processor.py:914} INFO - Processing file /home/airflow/.local/lib/python3.12/site-packages/airflow/example_dags/example_external_task_marker_dag.py for tasks to queue
[2025-02-08T10:53:57.260+0000] {logging_mixin.py:190} INFO - [2025-02-08T10:53:57.259+0000] {dagbag.py:588} INFO - Filling up the DagBag from /home/airflow/.local/lib/python3.12/site-packages/airflow/example_dags/example_external_task_marker_dag.py
[2025-02-08T10:53:57.266+0000] {processor.py:925} INFO - DAG(s) 'example_external_task_marker_child', 'example_external_task_marker_parent' retrieved from /home/airflow/.local/lib/python3.12/site-packages/airflow/example_dags/example_external_task_marker_dag.py
[2025-02-08T10:53:57.281+0000] {logging_mixin.py:190} INFO - [2025-02-08T10:53:57.281+0000] {dag.py:3239} INFO - Sync 2 DAGs
[2025-02-08T10:53:57.293+0000] {logging_mixin.py:190} INFO - [2025-02-08T10:53:57.293+0000] {dag.py:4180} INFO - Setting next_dagrun for example_external_task_marker_child to None, run_after=None
[2025-02-08T10:53:57.296+0000] {logging_mixin.py:190} INFO - [2025-02-08T10:53:57.296+0000] {dag.py:4180} INFO - Setting next_dagrun for example_external_task_marker_parent to None, run_after=None
[2025-02-08T10:53:57.309+0000] {processor.py:208} INFO - Processing /home/airflow/.local/lib/python3.12/site-packages/airflow/example_dags/example_external_task_marker_dag.py took 0.057 seconds
[2025-02-08T10:54:27.423+0000] {processor.py:186} INFO - Started process (PID=2119) to work on /home/airflow/.local/lib/python3.12/site-packages/airflow/example_dags/example_external_task_marker_dag.py
[2025-02-08T10:54:27.424+0000] {processor.py:914} INFO - Processing file /home/airflow/.local/lib/python3.12/site-packages/airflow/example_dags/example_external_task_marker_dag.py for tasks to queue
[2025-02-08T10:54:27.426+0000] {logging_mixin.py:190} INFO - [2025-02-08T10:54:27.426+0000] {dagbag.py:588} INFO - Filling up the DagBag from /home/airflow/.local/lib/python3.12/site-packages/airflow/example_dags/example_external_task_marker_dag.py
[2025-02-08T10:54:27.432+0000] {processor.py:925} INFO - DAG(s) 'example_external_task_marker_child', 'example_external_task_marker_parent' retrieved from /home/airflow/.local/lib/python3.12/site-packages/airflow/example_dags/example_external_task_marker_dag.py
[2025-02-08T10:54:27.449+0000] {logging_mixin.py:190} INFO - [2025-02-08T10:54:27.449+0000] {dag.py:3239} INFO - Sync 2 DAGs
[2025-02-08T10:54:27.461+0000] {logging_mixin.py:190} INFO - [2025-02-08T10:54:27.461+0000] {dag.py:4180} INFO - Setting next_dagrun for example_external_task_marker_child to None, run_after=None
[2025-02-08T10:54:27.464+0000] {logging_mixin.py:190} INFO - [2025-02-08T10:54:27.463+0000] {dag.py:4180} INFO - Setting next_dagrun for example_external_task_marker_parent to None, run_after=None
[2025-02-08T10:54:27.480+0000] {processor.py:208} INFO - Processing /home/airflow/.local/lib/python3.12/site-packages/airflow/example_dags/example_external_task_marker_dag.py took 0.062 seconds
[2025-02-08T10:54:57.880+0000] {processor.py:186} INFO - Started process (PID=2405) to work on /home/airflow/.local/lib/python3.12/site-packages/airflow/example_dags/example_external_task_marker_dag.py
[2025-02-08T10:54:57.881+0000] {processor.py:914} INFO - Processing file /home/airflow/.local/lib/python3.12/site-packages/airflow/example_dags/example_external_task_marker_dag.py for tasks to queue
[2025-02-08T10:54:57.882+0000] {logging_mixin.py:190} INFO - [2025-02-08T10:54:57.882+0000] {dagbag.py:588} INFO - Filling up the DagBag from /home/airflow/.local/lib/python3.12/site-packages/airflow/example_dags/example_external_task_marker_dag.py
[2025-02-08T10:54:57.888+0000] {processor.py:925} INFO - DAG(s) 'example_external_task_marker_child', 'example_external_task_marker_parent' retrieved from /home/airflow/.local/lib/python3.12/site-packages/airflow/example_dags/example_external_task_marker_dag.py
[2025-02-08T10:54:57.905+0000] {logging_mixin.py:190} INFO - [2025-02-08T10:54:57.905+0000] {dag.py:3239} INFO - Sync 2 DAGs
[2025-02-08T10:54:57.916+0000] {logging_mixin.py:190} INFO - [2025-02-08T10:54:57.916+0000] {dag.py:4180} INFO - Setting next_dagrun for example_external_task_marker_child to None, run_after=None
[2025-02-08T10:54:57.919+0000] {logging_mixin.py:190} INFO - [2025-02-08T10:54:57.919+0000] {dag.py:4180} INFO - Setting next_dagrun for example_external_task_marker_parent to None, run_after=None
[2025-02-08T10:54:57.932+0000] {processor.py:208} INFO - Processing /home/airflow/.local/lib/python3.12/site-packages/airflow/example_dags/example_external_task_marker_dag.py took 0.059 seconds
[2025-02-08T10:55:28.101+0000] {processor.py:186} INFO - Started process (PID=2692) to work on /home/airflow/.local/lib/python3.12/site-packages/airflow/example_dags/example_external_task_marker_dag.py
[2025-02-08T10:55:28.102+0000] {processor.py:914} INFO - Processing file /home/airflow/.local/lib/python3.12/site-packages/airflow/example_dags/example_external_task_marker_dag.py for tasks to queue
[2025-02-08T10:55:28.103+0000] {logging_mixin.py:190} INFO - [2025-02-08T10:55:28.103+0000] {dagbag.py:588} INFO - Filling up the DagBag from /home/airflow/.local/lib/python3.12/site-packages/airflow/example_dags/example_external_task_marker_dag.py
[2025-02-08T10:55:28.109+0000] {processor.py:925} INFO - DAG(s) 'example_external_task_marker_child', 'example_external_task_marker_parent' retrieved from /home/airflow/.local/lib/python3.12/site-packages/airflow/example_dags/example_external_task_marker_dag.py
[2025-02-08T10:55:28.125+0000] {logging_mixin.py:190} INFO - [2025-02-08T10:55:28.125+0000] {dag.py:3239} INFO - Sync 2 DAGs
[2025-02-08T10:55:28.136+0000] {logging_mixin.py:190} INFO - [2025-02-08T10:55:28.136+0000] {dag.py:4180} INFO - Setting next_dagrun for example_external_task_marker_child to None, run_after=None
[2025-02-08T10:55:28.138+0000] {logging_mixin.py:190} INFO - [2025-02-08T10:55:28.138+0000] {dag.py:4180} INFO - Setting next_dagrun for example_external_task_marker_parent to None, run_after=None
[2025-02-08T10:55:28.153+0000] {processor.py:208} INFO - Processing /home/airflow/.local/lib/python3.12/site-packages/airflow/example_dags/example_external_task_marker_dag.py took 0.056 seconds
[2025-02-08T10:55:58.193+0000] {processor.py:186} INFO - Started process (PID=2977) to work on /home/airflow/.local/lib/python3.12/site-packages/airflow/example_dags/example_external_task_marker_dag.py
[2025-02-08T10:55:58.194+0000] {processor.py:914} INFO - Processing file /home/airflow/.local/lib/python3.12/site-packages/airflow/example_dags/example_external_task_marker_dag.py for tasks to queue
[2025-02-08T10:55:58.195+0000] {logging_mixin.py:190} INFO - [2025-02-08T10:55:58.195+0000] {dagbag.py:588} INFO - Filling up the DagBag from /home/airflow/.local/lib/python3.12/site-packages/airflow/example_dags/example_external_task_marker_dag.py
[2025-02-08T10:55:58.201+0000] {processor.py:925} INFO - DAG(s) 'example_external_task_marker_parent', 'example_external_task_marker_child' retrieved from /home/airflow/.local/lib/python3.12/site-packages/airflow/example_dags/example_external_task_marker_dag.py
[2025-02-08T10:55:58.222+0000] {logging_mixin.py:190} INFO - [2025-02-08T10:55:58.221+0000] {dag.py:3239} INFO - Sync 2 DAGs
[2025-02-08T10:55:58.234+0000] {logging_mixin.py:190} INFO - [2025-02-08T10:55:58.234+0000] {dag.py:4180} INFO - Setting next_dagrun for example_external_task_marker_child to None, run_after=None
[2025-02-08T10:55:58.237+0000] {logging_mixin.py:190} INFO - [2025-02-08T10:55:58.237+0000] {dag.py:4180} INFO - Setting next_dagrun for example_external_task_marker_parent to None, run_after=None
[2025-02-08T10:55:58.253+0000] {processor.py:208} INFO - Processing /home/airflow/.local/lib/python3.12/site-packages/airflow/example_dags/example_external_task_marker_dag.py took 0.065 seconds
[2025-02-08T10:56:28.449+0000] {processor.py:186} INFO - Started process (PID=3263) to work on /home/airflow/.local/lib/python3.12/site-packages/airflow/example_dags/example_external_task_marker_dag.py
[2025-02-08T10:56:28.450+0000] {processor.py:914} INFO - Processing file /home/airflow/.local/lib/python3.12/site-packages/airflow/example_dags/example_external_task_marker_dag.py for tasks to queue
[2025-02-08T10:56:28.452+0000] {logging_mixin.py:190} INFO - [2025-02-08T10:56:28.452+0000] {dagbag.py:588} INFO - Filling up the DagBag from /home/airflow/.local/lib/python3.12/site-packages/airflow/example_dags/example_external_task_marker_dag.py
[2025-02-08T10:56:28.458+0000] {processor.py:925} INFO - DAG(s) 'example_external_task_marker_parent', 'example_external_task_marker_child' retrieved from /home/airflow/.local/lib/python3.12/site-packages/airflow/example_dags/example_external_task_marker_dag.py
[2025-02-08T10:56:28.478+0000] {logging_mixin.py:190} INFO - [2025-02-08T10:56:28.478+0000] {dag.py:3239} INFO - Sync 2 DAGs
[2025-02-08T10:56:28.493+0000] {logging_mixin.py:190} INFO - [2025-02-08T10:56:28.493+0000] {dag.py:4180} INFO - Setting next_dagrun for example_external_task_marker_child to None, run_after=None
[2025-02-08T10:56:28.497+0000] {logging_mixin.py:190} INFO - [2025-02-08T10:56:28.497+0000] {dag.py:4180} INFO - Setting next_dagrun for example_external_task_marker_parent to None, run_after=None
[2025-02-08T10:56:28.511+0000] {processor.py:208} INFO - Processing /home/airflow/.local/lib/python3.12/site-packages/airflow/example_dags/example_external_task_marker_dag.py took 0.067 seconds
[2025-02-08T10:56:58.706+0000] {processor.py:186} INFO - Started process (PID=3544) to work on /home/airflow/.local/lib/python3.12/site-packages/airflow/example_dags/example_external_task_marker_dag.py
[2025-02-08T10:56:58.707+0000] {processor.py:914} INFO - Processing file /home/airflow/.local/lib/python3.12/site-packages/airflow/example_dags/example_external_task_marker_dag.py for tasks to queue
[2025-02-08T10:56:58.709+0000] {logging_mixin.py:190} INFO - [2025-02-08T10:56:58.708+0000] {dagbag.py:588} INFO - Filling up the DagBag from /home/airflow/.local/lib/python3.12/site-packages/airflow/example_dags/example_external_task_marker_dag.py
[2025-02-08T10:56:58.717+0000] {processor.py:925} INFO - DAG(s) 'example_external_task_marker_parent', 'example_external_task_marker_child' retrieved from /home/airflow/.local/lib/python3.12/site-packages/airflow/example_dags/example_external_task_marker_dag.py
[2025-02-08T10:56:58.735+0000] {logging_mixin.py:190} INFO - [2025-02-08T10:56:58.735+0000] {dag.py:3239} INFO - Sync 2 DAGs
[2025-02-08T10:56:58.747+0000] {logging_mixin.py:190} INFO - [2025-02-08T10:56:58.746+0000] {dag.py:4180} INFO - Setting next_dagrun for example_external_task_marker_child to None, run_after=None
[2025-02-08T10:56:58.750+0000] {logging_mixin.py:190} INFO - [2025-02-08T10:56:58.750+0000] {dag.py:4180} INFO - Setting next_dagrun for example_external_task_marker_parent to None, run_after=None
[2025-02-08T10:56:58.764+0000] {processor.py:208} INFO - Processing /home/airflow/.local/lib/python3.12/site-packages/airflow/example_dags/example_external_task_marker_dag.py took 0.064 seconds
[2025-02-08T10:57:29.211+0000] {processor.py:186} INFO - Started process (PID=3832) to work on /home/airflow/.local/lib/python3.12/site-packages/airflow/example_dags/example_external_task_marker_dag.py
[2025-02-08T10:57:29.212+0000] {processor.py:914} INFO - Processing file /home/airflow/.local/lib/python3.12/site-packages/airflow/example_dags/example_external_task_marker_dag.py for tasks to queue
[2025-02-08T10:57:29.214+0000] {logging_mixin.py:190} INFO - [2025-02-08T10:57:29.214+0000] {dagbag.py:588} INFO - Filling up the DagBag from /home/airflow/.local/lib/python3.12/site-packages/airflow/example_dags/example_external_task_marker_dag.py
[2025-02-08T10:57:29.223+0000] {processor.py:925} INFO - DAG(s) 'example_external_task_marker_parent', 'example_external_task_marker_child' retrieved from /home/airflow/.local/lib/python3.12/site-packages/airflow/example_dags/example_external_task_marker_dag.py
[2025-02-08T10:57:29.245+0000] {logging_mixin.py:190} INFO - [2025-02-08T10:57:29.245+0000] {dag.py:3239} INFO - Sync 2 DAGs
[2025-02-08T10:57:29.259+0000] {logging_mixin.py:190} INFO - [2025-02-08T10:57:29.258+0000] {dag.py:4180} INFO - Setting next_dagrun for example_external_task_marker_child to None, run_after=None
[2025-02-08T10:57:29.262+0000] {logging_mixin.py:190} INFO - [2025-02-08T10:57:29.262+0000] {dag.py:4180} INFO - Setting next_dagrun for example_external_task_marker_parent to None, run_after=None
[2025-02-08T10:57:29.277+0000] {processor.py:208} INFO - Processing /home/airflow/.local/lib/python3.12/site-packages/airflow/example_dags/example_external_task_marker_dag.py took 0.071 seconds
[2025-02-08T10:57:59.343+0000] {processor.py:186} INFO - Started process (PID=4116) to work on /home/airflow/.local/lib/python3.12/site-packages/airflow/example_dags/example_external_task_marker_dag.py
[2025-02-08T10:57:59.344+0000] {processor.py:914} INFO - Processing file /home/airflow/.local/lib/python3.12/site-packages/airflow/example_dags/example_external_task_marker_dag.py for tasks to queue
[2025-02-08T10:57:59.345+0000] {logging_mixin.py:190} INFO - [2025-02-08T10:57:59.345+0000] {dagbag.py:588} INFO - Filling up the DagBag from /home/airflow/.local/lib/python3.12/site-packages/airflow/example_dags/example_external_task_marker_dag.py
[2025-02-08T10:57:59.351+0000] {processor.py:925} INFO - DAG(s) 'example_external_task_marker_child', 'example_external_task_marker_parent' retrieved from /home/airflow/.local/lib/python3.12/site-packages/airflow/example_dags/example_external_task_marker_dag.py
[2025-02-08T10:57:59.368+0000] {logging_mixin.py:190} INFO - [2025-02-08T10:57:59.368+0000] {dag.py:3239} INFO - Sync 2 DAGs
[2025-02-08T10:57:59.380+0000] {logging_mixin.py:190} INFO - [2025-02-08T10:57:59.380+0000] {dag.py:4180} INFO - Setting next_dagrun for example_external_task_marker_child to None, run_after=None
[2025-02-08T10:57:59.382+0000] {logging_mixin.py:190} INFO - [2025-02-08T10:57:59.382+0000] {dag.py:4180} INFO - Setting next_dagrun for example_external_task_marker_parent to None, run_after=None
[2025-02-08T10:57:59.394+0000] {processor.py:208} INFO - Processing /home/airflow/.local/lib/python3.12/site-packages/airflow/example_dags/example_external_task_marker_dag.py took 0.056 seconds
[2025-02-08T10:58:29.974+0000] {processor.py:186} INFO - Started process (PID=4418) to work on /home/airflow/.local/lib/python3.12/site-packages/airflow/example_dags/example_external_task_marker_dag.py
[2025-02-08T10:58:29.975+0000] {processor.py:914} INFO - Processing file /home/airflow/.local/lib/python3.12/site-packages/airflow/example_dags/example_external_task_marker_dag.py for tasks to queue
[2025-02-08T10:58:29.977+0000] {logging_mixin.py:190} INFO - [2025-02-08T10:58:29.977+0000] {dagbag.py:588} INFO - Filling up the DagBag from /home/airflow/.local/lib/python3.12/site-packages/airflow/example_dags/example_external_task_marker_dag.py
[2025-02-08T10:58:29.984+0000] {processor.py:925} INFO - DAG(s) 'example_external_task_marker_child', 'example_external_task_marker_parent' retrieved from /home/airflow/.local/lib/python3.12/site-packages/airflow/example_dags/example_external_task_marker_dag.py
[2025-02-08T10:58:30.002+0000] {logging_mixin.py:190} INFO - [2025-02-08T10:58:30.002+0000] {dag.py:3239} INFO - Sync 2 DAGs
[2025-02-08T10:58:30.016+0000] {logging_mixin.py:190} INFO - [2025-02-08T10:58:30.016+0000] {dag.py:4180} INFO - Setting next_dagrun for example_external_task_marker_child to None, run_after=None
[2025-02-08T10:58:30.019+0000] {logging_mixin.py:190} INFO - [2025-02-08T10:58:30.019+0000] {dag.py:4180} INFO - Setting next_dagrun for example_external_task_marker_parent to None, run_after=None
[2025-02-08T10:58:30.036+0000] {processor.py:208} INFO - Processing /home/airflow/.local/lib/python3.12/site-packages/airflow/example_dags/example_external_task_marker_dag.py took 0.066 seconds
[2025-02-08T10:59:00.096+0000] {processor.py:186} INFO - Started process (PID=4894) to work on /home/airflow/.local/lib/python3.12/site-packages/airflow/example_dags/example_external_task_marker_dag.py
[2025-02-08T10:59:00.097+0000] {processor.py:914} INFO - Processing file /home/airflow/.local/lib/python3.12/site-packages/airflow/example_dags/example_external_task_marker_dag.py for tasks to queue
[2025-02-08T10:59:00.099+0000] {logging_mixin.py:190} INFO - [2025-02-08T10:59:00.098+0000] {dagbag.py:588} INFO - Filling up the DagBag from /home/airflow/.local/lib/python3.12/site-packages/airflow/example_dags/example_external_task_marker_dag.py
[2025-02-08T10:59:00.105+0000] {processor.py:925} INFO - DAG(s) 'example_external_task_marker_parent', 'example_external_task_marker_child' retrieved from /home/airflow/.local/lib/python3.12/site-packages/airflow/example_dags/example_external_task_marker_dag.py
[2025-02-08T10:59:00.120+0000] {logging_mixin.py:190} INFO - [2025-02-08T10:59:00.120+0000] {dag.py:3239} INFO - Sync 2 DAGs
[2025-02-08T10:59:00.131+0000] {logging_mixin.py:190} INFO - [2025-02-08T10:59:00.131+0000] {dag.py:4180} INFO - Setting next_dagrun for example_external_task_marker_child to None, run_after=None
[2025-02-08T10:59:00.134+0000] {logging_mixin.py:190} INFO - [2025-02-08T10:59:00.134+0000] {dag.py:4180} INFO - Setting next_dagrun for example_external_task_marker_parent to None, run_after=None
[2025-02-08T10:59:00.148+0000] {processor.py:208} INFO - Processing /home/airflow/.local/lib/python3.12/site-packages/airflow/example_dags/example_external_task_marker_dag.py took 0.056 seconds
[2025-02-08T11:02:01.064+0000] {processor.py:186} INFO - Started process (PID=403) to work on /home/airflow/.local/lib/python3.12/site-packages/airflow/example_dags/example_external_task_marker_dag.py
[2025-02-08T11:02:01.065+0000] {processor.py:914} INFO - Processing file /home/airflow/.local/lib/python3.12/site-packages/airflow/example_dags/example_external_task_marker_dag.py for tasks to queue
[2025-02-08T11:02:01.068+0000] {logging_mixin.py:190} INFO - [2025-02-08T11:02:01.067+0000] {dagbag.py:588} INFO - Filling up the DagBag from /home/airflow/.local/lib/python3.12/site-packages/airflow/example_dags/example_external_task_marker_dag.py
[2025-02-08T11:02:01.075+0000] {processor.py:925} INFO - DAG(s) 'example_external_task_marker_child', 'example_external_task_marker_parent' retrieved from /home/airflow/.local/lib/python3.12/site-packages/airflow/example_dags/example_external_task_marker_dag.py
[2025-02-08T11:02:01.151+0000] {logging_mixin.py:190} INFO - [2025-02-08T11:02:01.151+0000] {override.py:1900} INFO - Created Permission View: can read on DAG:example_external_task_marker_child
[2025-02-08T11:02:01.160+0000] {logging_mixin.py:190} INFO - [2025-02-08T11:02:01.159+0000] {override.py:1900} INFO - Created Permission View: can delete on DAG:example_external_task_marker_child
[2025-02-08T11:02:01.165+0000] {logging_mixin.py:190} INFO - [2025-02-08T11:02:01.164+0000] {override.py:1900} INFO - Created Permission View: can edit on DAG:example_external_task_marker_child
[2025-02-08T11:02:01.172+0000] {logging_mixin.py:190} INFO - [2025-02-08T11:02:01.171+0000] {override.py:1900} INFO - Created Permission View: menu access on DAG Run:example_external_task_marker_child
[2025-02-08T11:02:01.181+0000] {logging_mixin.py:190} INFO - [2025-02-08T11:02:01.181+0000] {override.py:1900} INFO - Created Permission View: can read on DAG Run:example_external_task_marker_child
[2025-02-08T11:02:01.189+0000] {logging_mixin.py:190} INFO - [2025-02-08T11:02:01.189+0000] {override.py:1900} INFO - Created Permission View: can create on DAG Run:example_external_task_marker_child
[2025-02-08T11:02:01.197+0000] {logging_mixin.py:190} INFO - [2025-02-08T11:02:01.197+0000] {override.py:1900} INFO - Created Permission View: can delete on DAG Run:example_external_task_marker_child
[2025-02-08T11:02:01.210+0000] {logging_mixin.py:190} INFO - [2025-02-08T11:02:01.210+0000] {override.py:1900} INFO - Created Permission View: can read on DAG:example_external_task_marker_parent
[2025-02-08T11:02:01.215+0000] {logging_mixin.py:190} INFO - [2025-02-08T11:02:01.215+0000] {override.py:1900} INFO - Created Permission View: can delete on DAG:example_external_task_marker_parent
[2025-02-08T11:02:01.221+0000] {logging_mixin.py:190} INFO - [2025-02-08T11:02:01.221+0000] {override.py:1900} INFO - Created Permission View: can edit on DAG:example_external_task_marker_parent
[2025-02-08T11:02:01.227+0000] {logging_mixin.py:190} INFO - [2025-02-08T11:02:01.227+0000] {override.py:1900} INFO - Created Permission View: menu access on DAG Run:example_external_task_marker_parent
[2025-02-08T11:02:01.232+0000] {logging_mixin.py:190} INFO - [2025-02-08T11:02:01.232+0000] {override.py:1900} INFO - Created Permission View: can read on DAG Run:example_external_task_marker_parent
[2025-02-08T11:02:01.238+0000] {logging_mixin.py:190} INFO - [2025-02-08T11:02:01.238+0000] {override.py:1900} INFO - Created Permission View: can create on DAG Run:example_external_task_marker_parent
[2025-02-08T11:02:01.243+0000] {logging_mixin.py:190} INFO - [2025-02-08T11:02:01.243+0000] {override.py:1900} INFO - Created Permission View: can delete on DAG Run:example_external_task_marker_parent
[2025-02-08T11:02:01.244+0000] {logging_mixin.py:190} INFO - [2025-02-08T11:02:01.244+0000] {dag.py:3239} INFO - Sync 2 DAGs
[2025-02-08T11:02:01.254+0000] {logging_mixin.py:190} INFO - [2025-02-08T11:02:01.253+0000] {dag.py:3262} INFO - Creating ORM DAG for example_external_task_marker_child
[2025-02-08T11:02:01.254+0000] {logging_mixin.py:190} INFO - [2025-02-08T11:02:01.254+0000] {dag.py:3262} INFO - Creating ORM DAG for example_external_task_marker_parent
[2025-02-08T11:02:01.255+0000] {logging_mixin.py:190} INFO - [2025-02-08T11:02:01.255+0000] {dag.py:4180} INFO - Setting next_dagrun for example_external_task_marker_child to None, run_after=None
[2025-02-08T11:02:01.255+0000] {logging_mixin.py:190} INFO - [2025-02-08T11:02:01.255+0000] {dag.py:4180} INFO - Setting next_dagrun for example_external_task_marker_parent to None, run_after=None
[2025-02-08T11:02:01.268+0000] {processor.py:208} INFO - Processing /home/airflow/.local/lib/python3.12/site-packages/airflow/example_dags/example_external_task_marker_dag.py took 0.209 seconds
[2025-02-08T11:02:31.663+0000] {processor.py:186} INFO - Started process (PID=689) to work on /home/airflow/.local/lib/python3.12/site-packages/airflow/example_dags/example_external_task_marker_dag.py
[2025-02-08T11:02:31.664+0000] {processor.py:914} INFO - Processing file /home/airflow/.local/lib/python3.12/site-packages/airflow/example_dags/example_external_task_marker_dag.py for tasks to queue
[2025-02-08T11:02:31.666+0000] {logging_mixin.py:190} INFO - [2025-02-08T11:02:31.666+0000] {dagbag.py:588} INFO - Filling up the DagBag from /home/airflow/.local/lib/python3.12/site-packages/airflow/example_dags/example_external_task_marker_dag.py
[2025-02-08T11:02:31.672+0000] {processor.py:925} INFO - DAG(s) 'example_external_task_marker_parent', 'example_external_task_marker_child' retrieved from /home/airflow/.local/lib/python3.12/site-packages/airflow/example_dags/example_external_task_marker_dag.py
[2025-02-08T11:02:31.689+0000] {logging_mixin.py:190} INFO - [2025-02-08T11:02:31.688+0000] {dag.py:3239} INFO - Sync 2 DAGs
[2025-02-08T11:02:31.703+0000] {logging_mixin.py:190} INFO - [2025-02-08T11:02:31.703+0000] {dag.py:4180} INFO - Setting next_dagrun for example_external_task_marker_child to None, run_after=None
[2025-02-08T11:02:31.707+0000] {logging_mixin.py:190} INFO - [2025-02-08T11:02:31.707+0000] {dag.py:4180} INFO - Setting next_dagrun for example_external_task_marker_parent to None, run_after=None
[2025-02-08T11:02:31.724+0000] {processor.py:208} INFO - Processing /home/airflow/.local/lib/python3.12/site-packages/airflow/example_dags/example_external_task_marker_dag.py took 0.065 seconds
[2025-02-08T11:03:39.732+0000] {processor.py:186} INFO - Started process (PID=403) to work on /home/airflow/.local/lib/python3.12/site-packages/airflow/example_dags/example_external_task_marker_dag.py
[2025-02-08T11:03:39.733+0000] {processor.py:914} INFO - Processing file /home/airflow/.local/lib/python3.12/site-packages/airflow/example_dags/example_external_task_marker_dag.py for tasks to queue
[2025-02-08T11:03:39.735+0000] {logging_mixin.py:190} INFO - [2025-02-08T11:03:39.735+0000] {dagbag.py:588} INFO - Filling up the DagBag from /home/airflow/.local/lib/python3.12/site-packages/airflow/example_dags/example_external_task_marker_dag.py
[2025-02-08T11:03:39.742+0000] {processor.py:925} INFO - DAG(s) 'example_external_task_marker_child', 'example_external_task_marker_parent' retrieved from /home/airflow/.local/lib/python3.12/site-packages/airflow/example_dags/example_external_task_marker_dag.py
[2025-02-08T11:03:39.761+0000] {logging_mixin.py:190} INFO - [2025-02-08T11:03:39.761+0000] {dag.py:3239} INFO - Sync 2 DAGs
[2025-02-08T11:03:39.774+0000] {logging_mixin.py:190} INFO - [2025-02-08T11:03:39.773+0000] {dag.py:4180} INFO - Setting next_dagrun for example_external_task_marker_child to None, run_after=None
[2025-02-08T11:03:39.777+0000] {logging_mixin.py:190} INFO - [2025-02-08T11:03:39.777+0000] {dag.py:4180} INFO - Setting next_dagrun for example_external_task_marker_parent to None, run_after=None
[2025-02-08T11:03:39.790+0000] {processor.py:208} INFO - Processing /home/airflow/.local/lib/python3.12/site-packages/airflow/example_dags/example_external_task_marker_dag.py took 0.063 seconds
[2025-02-08T11:04:10.008+0000] {processor.py:186} INFO - Started process (PID=689) to work on /home/airflow/.local/lib/python3.12/site-packages/airflow/example_dags/example_external_task_marker_dag.py
[2025-02-08T11:04:10.009+0000] {processor.py:914} INFO - Processing file /home/airflow/.local/lib/python3.12/site-packages/airflow/example_dags/example_external_task_marker_dag.py for tasks to queue
[2025-02-08T11:04:10.012+0000] {logging_mixin.py:190} INFO - [2025-02-08T11:04:10.011+0000] {dagbag.py:588} INFO - Filling up the DagBag from /home/airflow/.local/lib/python3.12/site-packages/airflow/example_dags/example_external_task_marker_dag.py
[2025-02-08T11:04:10.019+0000] {processor.py:925} INFO - DAG(s) 'example_external_task_marker_parent', 'example_external_task_marker_child' retrieved from /home/airflow/.local/lib/python3.12/site-packages/airflow/example_dags/example_external_task_marker_dag.py
[2025-02-08T11:04:10.039+0000] {logging_mixin.py:190} INFO - [2025-02-08T11:04:10.038+0000] {dag.py:3239} INFO - Sync 2 DAGs
[2025-02-08T11:04:10.054+0000] {logging_mixin.py:190} INFO - [2025-02-08T11:04:10.054+0000] {dag.py:4180} INFO - Setting next_dagrun for example_external_task_marker_child to None, run_after=None
[2025-02-08T11:04:10.059+0000] {logging_mixin.py:190} INFO - [2025-02-08T11:04:10.059+0000] {dag.py:4180} INFO - Setting next_dagrun for example_external_task_marker_parent to None, run_after=None
[2025-02-08T11:04:10.078+0000] {processor.py:208} INFO - Processing /home/airflow/.local/lib/python3.12/site-packages/airflow/example_dags/example_external_task_marker_dag.py took 0.075 seconds
[2025-02-08T11:04:40.276+0000] {processor.py:186} INFO - Started process (PID=975) to work on /home/airflow/.local/lib/python3.12/site-packages/airflow/example_dags/example_external_task_marker_dag.py
[2025-02-08T11:04:40.277+0000] {processor.py:914} INFO - Processing file /home/airflow/.local/lib/python3.12/site-packages/airflow/example_dags/example_external_task_marker_dag.py for tasks to queue
[2025-02-08T11:04:40.279+0000] {logging_mixin.py:190} INFO - [2025-02-08T11:04:40.278+0000] {dagbag.py:588} INFO - Filling up the DagBag from /home/airflow/.local/lib/python3.12/site-packages/airflow/example_dags/example_external_task_marker_dag.py
[2025-02-08T11:04:40.286+0000] {processor.py:925} INFO - DAG(s) 'example_external_task_marker_parent', 'example_external_task_marker_child' retrieved from /home/airflow/.local/lib/python3.12/site-packages/airflow/example_dags/example_external_task_marker_dag.py
[2025-02-08T11:04:40.304+0000] {logging_mixin.py:190} INFO - [2025-02-08T11:04:40.304+0000] {dag.py:3239} INFO - Sync 2 DAGs
[2025-02-08T11:04:40.318+0000] {logging_mixin.py:190} INFO - [2025-02-08T11:04:40.318+0000] {dag.py:4180} INFO - Setting next_dagrun for example_external_task_marker_child to None, run_after=None
[2025-02-08T11:04:40.321+0000] {logging_mixin.py:190} INFO - [2025-02-08T11:04:40.321+0000] {dag.py:4180} INFO - Setting next_dagrun for example_external_task_marker_parent to None, run_after=None
[2025-02-08T11:04:40.334+0000] {processor.py:208} INFO - Processing /home/airflow/.local/lib/python3.12/site-packages/airflow/example_dags/example_external_task_marker_dag.py took 0.063 seconds
[2025-02-08T11:33:21.922+0000] {processor.py:186} INFO - Started process (PID=405) to work on /home/airflow/.local/lib/python3.12/site-packages/airflow/example_dags/example_external_task_marker_dag.py
[2025-02-08T11:33:21.922+0000] {processor.py:914} INFO - Processing file /home/airflow/.local/lib/python3.12/site-packages/airflow/example_dags/example_external_task_marker_dag.py for tasks to queue
[2025-02-08T11:33:21.925+0000] {logging_mixin.py:190} INFO - [2025-02-08T11:33:21.924+0000] {dagbag.py:588} INFO - Filling up the DagBag from /home/airflow/.local/lib/python3.12/site-packages/airflow/example_dags/example_external_task_marker_dag.py
[2025-02-08T11:33:21.931+0000] {processor.py:925} INFO - DAG(s) 'example_external_task_marker_parent', 'example_external_task_marker_child' retrieved from /home/airflow/.local/lib/python3.12/site-packages/airflow/example_dags/example_external_task_marker_dag.py
[2025-02-08T11:33:22.012+0000] {logging_mixin.py:190} INFO - [2025-02-08T11:33:22.012+0000] {override.py:1900} INFO - Created Permission View: can edit on DAG:example_external_task_marker_parent
[2025-02-08T11:33:22.020+0000] {logging_mixin.py:190} INFO - [2025-02-08T11:33:22.020+0000] {override.py:1900} INFO - Created Permission View: can delete on DAG:example_external_task_marker_parent
[2025-02-08T11:33:22.026+0000] {logging_mixin.py:190} INFO - [2025-02-08T11:33:22.026+0000] {override.py:1900} INFO - Created Permission View: can read on DAG:example_external_task_marker_parent
[2025-02-08T11:33:22.033+0000] {logging_mixin.py:190} INFO - [2025-02-08T11:33:22.033+0000] {override.py:1900} INFO - Created Permission View: menu access on DAG Run:example_external_task_marker_parent
[2025-02-08T11:33:22.038+0000] {logging_mixin.py:190} INFO - [2025-02-08T11:33:22.038+0000] {override.py:1900} INFO - Created Permission View: can create on DAG Run:example_external_task_marker_parent
[2025-02-08T11:33:22.044+0000] {logging_mixin.py:190} INFO - [2025-02-08T11:33:22.043+0000] {override.py:1900} INFO - Created Permission View: can delete on DAG Run:example_external_task_marker_parent
[2025-02-08T11:33:22.049+0000] {logging_mixin.py:190} INFO - [2025-02-08T11:33:22.049+0000] {override.py:1900} INFO - Created Permission View: can read on DAG Run:example_external_task_marker_parent
[2025-02-08T11:33:22.061+0000] {logging_mixin.py:190} INFO - [2025-02-08T11:33:22.061+0000] {override.py:1900} INFO - Created Permission View: can edit on DAG:example_external_task_marker_child
[2025-02-08T11:33:22.067+0000] {logging_mixin.py:190} INFO - [2025-02-08T11:33:22.066+0000] {override.py:1900} INFO - Created Permission View: can delete on DAG:example_external_task_marker_child
[2025-02-08T11:33:22.072+0000] {logging_mixin.py:190} INFO - [2025-02-08T11:33:22.072+0000] {override.py:1900} INFO - Created Permission View: can read on DAG:example_external_task_marker_child
[2025-02-08T11:33:22.079+0000] {logging_mixin.py:190} INFO - [2025-02-08T11:33:22.079+0000] {override.py:1900} INFO - Created Permission View: menu access on DAG Run:example_external_task_marker_child
[2025-02-08T11:33:22.084+0000] {logging_mixin.py:190} INFO - [2025-02-08T11:33:22.084+0000] {override.py:1900} INFO - Created Permission View: can create on DAG Run:example_external_task_marker_child
[2025-02-08T11:33:22.090+0000] {logging_mixin.py:190} INFO - [2025-02-08T11:33:22.090+0000] {override.py:1900} INFO - Created Permission View: can delete on DAG Run:example_external_task_marker_child
[2025-02-08T11:33:22.097+0000] {logging_mixin.py:190} INFO - [2025-02-08T11:33:22.097+0000] {override.py:1900} INFO - Created Permission View: can read on DAG Run:example_external_task_marker_child
[2025-02-08T11:33:22.097+0000] {logging_mixin.py:190} INFO - [2025-02-08T11:33:22.097+0000] {dag.py:3239} INFO - Sync 2 DAGs
[2025-02-08T11:33:22.108+0000] {logging_mixin.py:190} INFO - [2025-02-08T11:33:22.108+0000] {dag.py:3262} INFO - Creating ORM DAG for example_external_task_marker_parent
[2025-02-08T11:33:22.109+0000] {logging_mixin.py:190} INFO - [2025-02-08T11:33:22.109+0000] {dag.py:3262} INFO - Creating ORM DAG for example_external_task_marker_child
[2025-02-08T11:33:22.110+0000] {logging_mixin.py:190} INFO - [2025-02-08T11:33:22.109+0000] {dag.py:4180} INFO - Setting next_dagrun for example_external_task_marker_child to None, run_after=None
[2025-02-08T11:33:22.110+0000] {logging_mixin.py:190} INFO - [2025-02-08T11:33:22.110+0000] {dag.py:4180} INFO - Setting next_dagrun for example_external_task_marker_parent to None, run_after=None
[2025-02-08T11:33:22.125+0000] {processor.py:208} INFO - Processing /home/airflow/.local/lib/python3.12/site-packages/airflow/example_dags/example_external_task_marker_dag.py took 0.208 seconds
[2025-02-08T11:33:52.672+0000] {processor.py:186} INFO - Started process (PID=691) to work on /home/airflow/.local/lib/python3.12/site-packages/airflow/example_dags/example_external_task_marker_dag.py
[2025-02-08T11:33:52.672+0000] {processor.py:914} INFO - Processing file /home/airflow/.local/lib/python3.12/site-packages/airflow/example_dags/example_external_task_marker_dag.py for tasks to queue
[2025-02-08T11:33:52.675+0000] {logging_mixin.py:190} INFO - [2025-02-08T11:33:52.674+0000] {dagbag.py:588} INFO - Filling up the DagBag from /home/airflow/.local/lib/python3.12/site-packages/airflow/example_dags/example_external_task_marker_dag.py
[2025-02-08T11:33:52.681+0000] {processor.py:925} INFO - DAG(s) 'example_external_task_marker_parent', 'example_external_task_marker_child' retrieved from /home/airflow/.local/lib/python3.12/site-packages/airflow/example_dags/example_external_task_marker_dag.py
[2025-02-08T11:33:52.701+0000] {logging_mixin.py:190} INFO - [2025-02-08T11:33:52.701+0000] {dag.py:3239} INFO - Sync 2 DAGs
[2025-02-08T11:33:52.713+0000] {logging_mixin.py:190} INFO - [2025-02-08T11:33:52.713+0000] {dag.py:4180} INFO - Setting next_dagrun for example_external_task_marker_child to None, run_after=None
[2025-02-08T11:33:52.717+0000] {logging_mixin.py:190} INFO - [2025-02-08T11:33:52.717+0000] {dag.py:4180} INFO - Setting next_dagrun for example_external_task_marker_parent to None, run_after=None
[2025-02-08T11:33:52.734+0000] {processor.py:208} INFO - Processing /home/airflow/.local/lib/python3.12/site-packages/airflow/example_dags/example_external_task_marker_dag.py took 0.067 seconds
[2025-02-08T11:34:22.767+0000] {processor.py:186} INFO - Started process (PID=977) to work on /home/airflow/.local/lib/python3.12/site-packages/airflow/example_dags/example_external_task_marker_dag.py
[2025-02-08T11:34:22.768+0000] {processor.py:914} INFO - Processing file /home/airflow/.local/lib/python3.12/site-packages/airflow/example_dags/example_external_task_marker_dag.py for tasks to queue
[2025-02-08T11:34:22.770+0000] {logging_mixin.py:190} INFO - [2025-02-08T11:34:22.770+0000] {dagbag.py:588} INFO - Filling up the DagBag from /home/airflow/.local/lib/python3.12/site-packages/airflow/example_dags/example_external_task_marker_dag.py
[2025-02-08T11:34:22.776+0000] {processor.py:925} INFO - DAG(s) 'example_external_task_marker_parent', 'example_external_task_marker_child' retrieved from /home/airflow/.local/lib/python3.12/site-packages/airflow/example_dags/example_external_task_marker_dag.py
[2025-02-08T11:34:22.794+0000] {logging_mixin.py:190} INFO - [2025-02-08T11:34:22.794+0000] {dag.py:3239} INFO - Sync 2 DAGs
[2025-02-08T11:34:22.806+0000] {logging_mixin.py:190} INFO - [2025-02-08T11:34:22.806+0000] {dag.py:4180} INFO - Setting next_dagrun for example_external_task_marker_child to None, run_after=None
[2025-02-08T11:34:22.810+0000] {logging_mixin.py:190} INFO - [2025-02-08T11:34:22.810+0000] {dag.py:4180} INFO - Setting next_dagrun for example_external_task_marker_parent to None, run_after=None
[2025-02-08T11:34:22.825+0000] {processor.py:208} INFO - Processing /home/airflow/.local/lib/python3.12/site-packages/airflow/example_dags/example_external_task_marker_dag.py took 0.063 seconds
[2025-02-08T11:34:52.919+0000] {processor.py:186} INFO - Started process (PID=1261) to work on /home/airflow/.local/lib/python3.12/site-packages/airflow/example_dags/example_external_task_marker_dag.py
[2025-02-08T11:34:52.920+0000] {processor.py:914} INFO - Processing file /home/airflow/.local/lib/python3.12/site-packages/airflow/example_dags/example_external_task_marker_dag.py for tasks to queue
[2025-02-08T11:34:52.922+0000] {logging_mixin.py:190} INFO - [2025-02-08T11:34:52.921+0000] {dagbag.py:588} INFO - Filling up the DagBag from /home/airflow/.local/lib/python3.12/site-packages/airflow/example_dags/example_external_task_marker_dag.py
[2025-02-08T11:34:52.927+0000] {processor.py:925} INFO - DAG(s) 'example_external_task_marker_child', 'example_external_task_marker_parent' retrieved from /home/airflow/.local/lib/python3.12/site-packages/airflow/example_dags/example_external_task_marker_dag.py
[2025-02-08T11:34:52.945+0000] {logging_mixin.py:190} INFO - [2025-02-08T11:34:52.944+0000] {dag.py:3239} INFO - Sync 2 DAGs
[2025-02-08T11:34:52.957+0000] {logging_mixin.py:190} INFO - [2025-02-08T11:34:52.957+0000] {dag.py:4180} INFO - Setting next_dagrun for example_external_task_marker_child to None, run_after=None
[2025-02-08T11:34:52.959+0000] {logging_mixin.py:190} INFO - [2025-02-08T11:34:52.959+0000] {dag.py:4180} INFO - Setting next_dagrun for example_external_task_marker_parent to None, run_after=None
[2025-02-08T11:34:52.973+0000] {processor.py:208} INFO - Processing /home/airflow/.local/lib/python3.12/site-packages/airflow/example_dags/example_external_task_marker_dag.py took 0.059 seconds
