[2025-02-08T10:51:20.112+0000] {processor.py:186} INFO - Started process (PID=198) to work on /home/airflow/.local/lib/python3.12/site-packages/airflow/example_dags/example_subdag_operator.py
[2025-02-08T10:51:20.113+0000] {processor.py:914} INFO - Processing file /home/airflow/.local/lib/python3.12/site-packages/airflow/example_dags/example_subdag_operator.py for tasks to queue
[2025-02-08T10:51:20.115+0000] {logging_mixin.py:190} INFO - [2025-02-08T10:51:20.115+0000] {dagbag.py:588} INFO - Filling up the DagBag from /home/airflow/.local/lib/python3.12/site-packages/airflow/example_dags/example_subdag_operator.py
[2025-02-08T10:51:20.144+0000] {processor.py:925} INFO - DAG(s) 'example_subdag_operator.section-1', 'example_subdag_operator.section-2', 'example_subdag_operator' retrieved from /home/airflow/.local/lib/python3.12/site-packages/airflow/example_dags/example_subdag_operator.py
[2025-02-08T10:51:20.237+0000] {logging_mixin.py:190} INFO - [2025-02-08T10:51:20.236+0000] {override.py:1900} INFO - Created Permission View: can delete on DAG:example_subdag_operator
[2025-02-08T10:51:20.255+0000] {logging_mixin.py:190} INFO - [2025-02-08T10:51:20.255+0000] {override.py:1900} INFO - Created Permission View: can read on DAG:example_subdag_operator
[2025-02-08T10:51:20.264+0000] {logging_mixin.py:190} INFO - [2025-02-08T10:51:20.264+0000] {override.py:1900} INFO - Created Permission View: can edit on DAG:example_subdag_operator
[2025-02-08T10:51:20.274+0000] {logging_mixin.py:190} INFO - [2025-02-08T10:51:20.274+0000] {override.py:1900} INFO - Created Permission View: can delete on DAG Run:example_subdag_operator
[2025-02-08T10:51:20.290+0000] {logging_mixin.py:190} INFO - [2025-02-08T10:51:20.290+0000] {override.py:1900} INFO - Created Permission View: can read on DAG Run:example_subdag_operator
[2025-02-08T10:51:20.302+0000] {logging_mixin.py:190} INFO - [2025-02-08T10:51:20.301+0000] {override.py:1900} INFO - Created Permission View: menu access on DAG Run:example_subdag_operator
[2025-02-08T10:51:20.314+0000] {logging_mixin.py:190} INFO - [2025-02-08T10:51:20.314+0000] {override.py:1900} INFO - Created Permission View: can create on DAG Run:example_subdag_operator
[2025-02-08T10:51:20.314+0000] {logging_mixin.py:190} INFO - [2025-02-08T10:51:20.314+0000] {dag.py:3239} INFO - Sync 3 DAGs
[2025-02-08T10:51:20.325+0000] {logging_mixin.py:190} INFO - [2025-02-08T10:51:20.325+0000] {dag.py:3262} INFO - Creating ORM DAG for example_subdag_operator.section-1
[2025-02-08T10:51:20.326+0000] {logging_mixin.py:190} INFO - [2025-02-08T10:51:20.326+0000] {dag.py:3262} INFO - Creating ORM DAG for example_subdag_operator
[2025-02-08T10:51:20.327+0000] {logging_mixin.py:190} INFO - [2025-02-08T10:51:20.327+0000] {dag.py:3262} INFO - Creating ORM DAG for example_subdag_operator.section-2
[2025-02-08T10:51:20.334+0000] {logging_mixin.py:190} INFO - [2025-02-08T10:51:20.334+0000] {dag.py:4180} INFO - Setting next_dagrun for example_subdag_operator to 2022-01-01 00:00:00+00:00, run_after=2022-01-01 00:00:00+00:00
[2025-02-08T10:51:20.335+0000] {logging_mixin.py:190} INFO - [2025-02-08T10:51:20.335+0000] {dag.py:4180} INFO - Setting next_dagrun for example_subdag_operator.section-1 to None, run_after=None
[2025-02-08T10:51:20.335+0000] {logging_mixin.py:190} INFO - [2025-02-08T10:51:20.335+0000] {dag.py:4180} INFO - Setting next_dagrun for example_subdag_operator.section-2 to None, run_after=None
[2025-02-08T10:51:20.342+0000] {logging_mixin.py:190} INFO - [2025-02-08T10:51:20.342+0000] {dag.py:3239} INFO - Sync 2 DAGs
[2025-02-08T10:51:20.347+0000] {logging_mixin.py:190} INFO - [2025-02-08T10:51:20.347+0000] {dag.py:4180} INFO - Setting next_dagrun for example_subdag_operator.section-1 to None, run_after=None
[2025-02-08T10:51:20.350+0000] {logging_mixin.py:190} INFO - [2025-02-08T10:51:20.350+0000] {dag.py:4180} INFO - Setting next_dagrun for example_subdag_operator.section-2 to None, run_after=None
[2025-02-08T10:51:20.366+0000] {processor.py:208} INFO - Processing /home/airflow/.local/lib/python3.12/site-packages/airflow/example_dags/example_subdag_operator.py took 0.258 seconds
[2025-02-08T10:51:50.756+0000] {processor.py:186} INFO - Started process (PID=484) to work on /home/airflow/.local/lib/python3.12/site-packages/airflow/example_dags/example_subdag_operator.py
[2025-02-08T10:51:50.756+0000] {processor.py:914} INFO - Processing file /home/airflow/.local/lib/python3.12/site-packages/airflow/example_dags/example_subdag_operator.py for tasks to queue
[2025-02-08T10:51:50.759+0000] {logging_mixin.py:190} INFO - [2025-02-08T10:51:50.758+0000] {dagbag.py:588} INFO - Filling up the DagBag from /home/airflow/.local/lib/python3.12/site-packages/airflow/example_dags/example_subdag_operator.py
[2025-02-08T10:51:50.778+0000] {processor.py:925} INFO - DAG(s) 'example_subdag_operator.section-1', 'example_subdag_operator.section-2', 'example_subdag_operator' retrieved from /home/airflow/.local/lib/python3.12/site-packages/airflow/example_dags/example_subdag_operator.py
[2025-02-08T10:51:50.790+0000] {logging_mixin.py:190} INFO - [2025-02-08T10:51:50.789+0000] {dag.py:3239} INFO - Sync 3 DAGs
[2025-02-08T10:51:50.808+0000] {logging_mixin.py:190} INFO - [2025-02-08T10:51:50.808+0000] {dag.py:4180} INFO - Setting next_dagrun for example_subdag_operator to 2022-01-01 00:00:00+00:00, run_after=2022-01-01 00:00:00+00:00
[2025-02-08T10:51:50.811+0000] {logging_mixin.py:190} INFO - [2025-02-08T10:51:50.811+0000] {dag.py:4180} INFO - Setting next_dagrun for example_subdag_operator.section-1 to None, run_after=None
[2025-02-08T10:51:50.812+0000] {logging_mixin.py:190} INFO - [2025-02-08T10:51:50.812+0000] {dag.py:4180} INFO - Setting next_dagrun for example_subdag_operator.section-2 to None, run_after=None
[2025-02-08T10:51:50.818+0000] {logging_mixin.py:190} INFO - [2025-02-08T10:51:50.818+0000] {dag.py:3239} INFO - Sync 2 DAGs
[2025-02-08T10:51:50.824+0000] {logging_mixin.py:190} INFO - [2025-02-08T10:51:50.823+0000] {dag.py:4180} INFO - Setting next_dagrun for example_subdag_operator.section-1 to None, run_after=None
[2025-02-08T10:51:50.824+0000] {logging_mixin.py:190} INFO - [2025-02-08T10:51:50.824+0000] {dag.py:4180} INFO - Setting next_dagrun for example_subdag_operator.section-2 to None, run_after=None
[2025-02-08T10:51:50.832+0000] {processor.py:208} INFO - Processing /home/airflow/.local/lib/python3.12/site-packages/airflow/example_dags/example_subdag_operator.py took 0.081 seconds
[2025-02-08T10:52:21.103+0000] {processor.py:186} INFO - Started process (PID=770) to work on /home/airflow/.local/lib/python3.12/site-packages/airflow/example_dags/example_subdag_operator.py
[2025-02-08T10:52:21.104+0000] {processor.py:914} INFO - Processing file /home/airflow/.local/lib/python3.12/site-packages/airflow/example_dags/example_subdag_operator.py for tasks to queue
[2025-02-08T10:52:21.106+0000] {logging_mixin.py:190} INFO - [2025-02-08T10:52:21.106+0000] {dagbag.py:588} INFO - Filling up the DagBag from /home/airflow/.local/lib/python3.12/site-packages/airflow/example_dags/example_subdag_operator.py
[2025-02-08T10:52:21.124+0000] {processor.py:925} INFO - DAG(s) 'example_subdag_operator.section-1', 'example_subdag_operator.section-2', 'example_subdag_operator' retrieved from /home/airflow/.local/lib/python3.12/site-packages/airflow/example_dags/example_subdag_operator.py
[2025-02-08T10:52:21.136+0000] {logging_mixin.py:190} INFO - [2025-02-08T10:52:21.136+0000] {dag.py:3239} INFO - Sync 3 DAGs
[2025-02-08T10:52:21.153+0000] {logging_mixin.py:190} INFO - [2025-02-08T10:52:21.153+0000] {dag.py:4180} INFO - Setting next_dagrun for example_subdag_operator to 2022-01-01 00:00:00+00:00, run_after=2022-01-01 00:00:00+00:00
[2025-02-08T10:52:21.157+0000] {logging_mixin.py:190} INFO - [2025-02-08T10:52:21.156+0000] {dag.py:4180} INFO - Setting next_dagrun for example_subdag_operator.section-1 to None, run_after=None
[2025-02-08T10:52:21.158+0000] {logging_mixin.py:190} INFO - [2025-02-08T10:52:21.158+0000] {dag.py:4180} INFO - Setting next_dagrun for example_subdag_operator.section-2 to None, run_after=None
[2025-02-08T10:52:21.165+0000] {logging_mixin.py:190} INFO - [2025-02-08T10:52:21.165+0000] {dag.py:3239} INFO - Sync 2 DAGs
[2025-02-08T10:52:21.171+0000] {logging_mixin.py:190} INFO - [2025-02-08T10:52:21.171+0000] {dag.py:4180} INFO - Setting next_dagrun for example_subdag_operator.section-1 to None, run_after=None
[2025-02-08T10:52:21.171+0000] {logging_mixin.py:190} INFO - [2025-02-08T10:52:21.171+0000] {dag.py:4180} INFO - Setting next_dagrun for example_subdag_operator.section-2 to None, run_after=None
[2025-02-08T10:52:21.180+0000] {processor.py:208} INFO - Processing /home/airflow/.local/lib/python3.12/site-packages/airflow/example_dags/example_subdag_operator.py took 0.082 seconds
[2025-02-08T10:52:51.263+0000] {processor.py:186} INFO - Started process (PID=1056) to work on /home/airflow/.local/lib/python3.12/site-packages/airflow/example_dags/example_subdag_operator.py
[2025-02-08T10:52:51.264+0000] {processor.py:914} INFO - Processing file /home/airflow/.local/lib/python3.12/site-packages/airflow/example_dags/example_subdag_operator.py for tasks to queue
[2025-02-08T10:52:51.265+0000] {logging_mixin.py:190} INFO - [2025-02-08T10:52:51.265+0000] {dagbag.py:588} INFO - Filling up the DagBag from /home/airflow/.local/lib/python3.12/site-packages/airflow/example_dags/example_subdag_operator.py
[2025-02-08T10:52:51.284+0000] {processor.py:925} INFO - DAG(s) 'example_subdag_operator.section-1', 'example_subdag_operator.section-2', 'example_subdag_operator' retrieved from /home/airflow/.local/lib/python3.12/site-packages/airflow/example_dags/example_subdag_operator.py
[2025-02-08T10:52:51.296+0000] {logging_mixin.py:190} INFO - [2025-02-08T10:52:51.296+0000] {dag.py:3239} INFO - Sync 3 DAGs
[2025-02-08T10:52:51.314+0000] {logging_mixin.py:190} INFO - [2025-02-08T10:52:51.314+0000] {dag.py:4180} INFO - Setting next_dagrun for example_subdag_operator to 2022-01-01 00:00:00+00:00, run_after=2022-01-01 00:00:00+00:00
[2025-02-08T10:52:51.317+0000] {logging_mixin.py:190} INFO - [2025-02-08T10:52:51.317+0000] {dag.py:4180} INFO - Setting next_dagrun for example_subdag_operator.section-1 to None, run_after=None
[2025-02-08T10:52:51.318+0000] {logging_mixin.py:190} INFO - [2025-02-08T10:52:51.318+0000] {dag.py:4180} INFO - Setting next_dagrun for example_subdag_operator.section-2 to None, run_after=None
[2025-02-08T10:52:51.325+0000] {logging_mixin.py:190} INFO - [2025-02-08T10:52:51.324+0000] {dag.py:3239} INFO - Sync 2 DAGs
[2025-02-08T10:52:51.329+0000] {logging_mixin.py:190} INFO - [2025-02-08T10:52:51.329+0000] {dag.py:4180} INFO - Setting next_dagrun for example_subdag_operator.section-1 to None, run_after=None
[2025-02-08T10:52:51.329+0000] {logging_mixin.py:190} INFO - [2025-02-08T10:52:51.329+0000] {dag.py:4180} INFO - Setting next_dagrun for example_subdag_operator.section-2 to None, run_after=None
[2025-02-08T10:52:51.338+0000] {processor.py:208} INFO - Processing /home/airflow/.local/lib/python3.12/site-packages/airflow/example_dags/example_subdag_operator.py took 0.080 seconds
[2025-02-08T10:53:21.616+0000] {processor.py:186} INFO - Started process (PID=1342) to work on /home/airflow/.local/lib/python3.12/site-packages/airflow/example_dags/example_subdag_operator.py
[2025-02-08T10:53:21.617+0000] {processor.py:914} INFO - Processing file /home/airflow/.local/lib/python3.12/site-packages/airflow/example_dags/example_subdag_operator.py for tasks to queue
[2025-02-08T10:53:21.619+0000] {logging_mixin.py:190} INFO - [2025-02-08T10:53:21.619+0000] {dagbag.py:588} INFO - Filling up the DagBag from /home/airflow/.local/lib/python3.12/site-packages/airflow/example_dags/example_subdag_operator.py
[2025-02-08T10:53:21.640+0000] {processor.py:925} INFO - DAG(s) 'example_subdag_operator.section-1', 'example_subdag_operator.section-2', 'example_subdag_operator' retrieved from /home/airflow/.local/lib/python3.12/site-packages/airflow/example_dags/example_subdag_operator.py
[2025-02-08T10:53:21.653+0000] {logging_mixin.py:190} INFO - [2025-02-08T10:53:21.653+0000] {dag.py:3239} INFO - Sync 3 DAGs
[2025-02-08T10:53:21.672+0000] {logging_mixin.py:190} INFO - [2025-02-08T10:53:21.672+0000] {dag.py:4180} INFO - Setting next_dagrun for example_subdag_operator to 2022-01-01 00:00:00+00:00, run_after=2022-01-01 00:00:00+00:00
[2025-02-08T10:53:21.675+0000] {logging_mixin.py:190} INFO - [2025-02-08T10:53:21.675+0000] {dag.py:4180} INFO - Setting next_dagrun for example_subdag_operator.section-1 to None, run_after=None
[2025-02-08T10:53:21.677+0000] {logging_mixin.py:190} INFO - [2025-02-08T10:53:21.676+0000] {dag.py:4180} INFO - Setting next_dagrun for example_subdag_operator.section-2 to None, run_after=None
[2025-02-08T10:53:21.683+0000] {logging_mixin.py:190} INFO - [2025-02-08T10:53:21.682+0000] {dag.py:3239} INFO - Sync 2 DAGs
[2025-02-08T10:53:21.688+0000] {logging_mixin.py:190} INFO - [2025-02-08T10:53:21.688+0000] {dag.py:4180} INFO - Setting next_dagrun for example_subdag_operator.section-1 to None, run_after=None
[2025-02-08T10:53:21.689+0000] {logging_mixin.py:190} INFO - [2025-02-08T10:53:21.689+0000] {dag.py:4180} INFO - Setting next_dagrun for example_subdag_operator.section-2 to None, run_after=None
[2025-02-08T10:53:21.699+0000] {processor.py:208} INFO - Processing /home/airflow/.local/lib/python3.12/site-packages/airflow/example_dags/example_subdag_operator.py took 0.087 seconds
[2025-02-08T10:53:52.661+0000] {processor.py:186} INFO - Started process (PID=1628) to work on /home/airflow/.local/lib/python3.12/site-packages/airflow/example_dags/example_subdag_operator.py
[2025-02-08T10:53:52.662+0000] {processor.py:914} INFO - Processing file /home/airflow/.local/lib/python3.12/site-packages/airflow/example_dags/example_subdag_operator.py for tasks to queue
[2025-02-08T10:53:52.663+0000] {logging_mixin.py:190} INFO - [2025-02-08T10:53:52.663+0000] {dagbag.py:588} INFO - Filling up the DagBag from /home/airflow/.local/lib/python3.12/site-packages/airflow/example_dags/example_subdag_operator.py
[2025-02-08T10:53:52.685+0000] {processor.py:925} INFO - DAG(s) 'example_subdag_operator.section-1', 'example_subdag_operator.section-2', 'example_subdag_operator' retrieved from /home/airflow/.local/lib/python3.12/site-packages/airflow/example_dags/example_subdag_operator.py
[2025-02-08T10:53:52.697+0000] {logging_mixin.py:190} INFO - [2025-02-08T10:53:52.697+0000] {dag.py:3239} INFO - Sync 3 DAGs
[2025-02-08T10:53:52.715+0000] {logging_mixin.py:190} INFO - [2025-02-08T10:53:52.715+0000] {dag.py:4180} INFO - Setting next_dagrun for example_subdag_operator to 2022-01-01 00:00:00+00:00, run_after=2022-01-01 00:00:00+00:00
[2025-02-08T10:53:52.718+0000] {logging_mixin.py:190} INFO - [2025-02-08T10:53:52.718+0000] {dag.py:4180} INFO - Setting next_dagrun for example_subdag_operator.section-1 to None, run_after=None
[2025-02-08T10:53:52.719+0000] {logging_mixin.py:190} INFO - [2025-02-08T10:53:52.719+0000] {dag.py:4180} INFO - Setting next_dagrun for example_subdag_operator.section-2 to None, run_after=None
[2025-02-08T10:53:52.725+0000] {logging_mixin.py:190} INFO - [2025-02-08T10:53:52.725+0000] {dag.py:3239} INFO - Sync 2 DAGs
[2025-02-08T10:53:52.730+0000] {logging_mixin.py:190} INFO - [2025-02-08T10:53:52.729+0000] {dag.py:4180} INFO - Setting next_dagrun for example_subdag_operator.section-1 to None, run_after=None
[2025-02-08T10:53:52.730+0000] {logging_mixin.py:190} INFO - [2025-02-08T10:53:52.730+0000] {dag.py:4180} INFO - Setting next_dagrun for example_subdag_operator.section-2 to None, run_after=None
[2025-02-08T10:53:52.741+0000] {processor.py:208} INFO - Processing /home/airflow/.local/lib/python3.12/site-packages/airflow/example_dags/example_subdag_operator.py took 0.085 seconds
[2025-02-08T10:54:22.925+0000] {processor.py:186} INFO - Started process (PID=1914) to work on /home/airflow/.local/lib/python3.12/site-packages/airflow/example_dags/example_subdag_operator.py
[2025-02-08T10:54:22.926+0000] {processor.py:914} INFO - Processing file /home/airflow/.local/lib/python3.12/site-packages/airflow/example_dags/example_subdag_operator.py for tasks to queue
[2025-02-08T10:54:22.928+0000] {logging_mixin.py:190} INFO - [2025-02-08T10:54:22.927+0000] {dagbag.py:588} INFO - Filling up the DagBag from /home/airflow/.local/lib/python3.12/site-packages/airflow/example_dags/example_subdag_operator.py
[2025-02-08T10:54:22.947+0000] {processor.py:925} INFO - DAG(s) 'example_subdag_operator.section-1', 'example_subdag_operator.section-2', 'example_subdag_operator' retrieved from /home/airflow/.local/lib/python3.12/site-packages/airflow/example_dags/example_subdag_operator.py
[2025-02-08T10:54:22.959+0000] {logging_mixin.py:190} INFO - [2025-02-08T10:54:22.959+0000] {dag.py:3239} INFO - Sync 3 DAGs
[2025-02-08T10:54:22.977+0000] {logging_mixin.py:190} INFO - [2025-02-08T10:54:22.977+0000] {dag.py:4180} INFO - Setting next_dagrun for example_subdag_operator to 2022-01-01 00:00:00+00:00, run_after=2022-01-01 00:00:00+00:00
[2025-02-08T10:54:22.979+0000] {logging_mixin.py:190} INFO - [2025-02-08T10:54:22.979+0000] {dag.py:4180} INFO - Setting next_dagrun for example_subdag_operator.section-1 to None, run_after=None
[2025-02-08T10:54:22.980+0000] {logging_mixin.py:190} INFO - [2025-02-08T10:54:22.980+0000] {dag.py:4180} INFO - Setting next_dagrun for example_subdag_operator.section-2 to None, run_after=None
[2025-02-08T10:54:22.986+0000] {logging_mixin.py:190} INFO - [2025-02-08T10:54:22.986+0000] {dag.py:3239} INFO - Sync 2 DAGs
[2025-02-08T10:54:22.989+0000] {logging_mixin.py:190} INFO - [2025-02-08T10:54:22.989+0000] {dag.py:4180} INFO - Setting next_dagrun for example_subdag_operator.section-1 to None, run_after=None
[2025-02-08T10:54:22.990+0000] {logging_mixin.py:190} INFO - [2025-02-08T10:54:22.990+0000] {dag.py:4180} INFO - Setting next_dagrun for example_subdag_operator.section-2 to None, run_after=None
[2025-02-08T10:54:22.998+0000] {processor.py:208} INFO - Processing /home/airflow/.local/lib/python3.12/site-packages/airflow/example_dags/example_subdag_operator.py took 0.077 seconds
[2025-02-08T10:54:53.319+0000] {processor.py:186} INFO - Started process (PID=2202) to work on /home/airflow/.local/lib/python3.12/site-packages/airflow/example_dags/example_subdag_operator.py
[2025-02-08T10:54:53.320+0000] {processor.py:914} INFO - Processing file /home/airflow/.local/lib/python3.12/site-packages/airflow/example_dags/example_subdag_operator.py for tasks to queue
[2025-02-08T10:54:53.322+0000] {logging_mixin.py:190} INFO - [2025-02-08T10:54:53.322+0000] {dagbag.py:588} INFO - Filling up the DagBag from /home/airflow/.local/lib/python3.12/site-packages/airflow/example_dags/example_subdag_operator.py
[2025-02-08T10:54:53.344+0000] {processor.py:925} INFO - DAG(s) 'example_subdag_operator.section-1', 'example_subdag_operator.section-2', 'example_subdag_operator' retrieved from /home/airflow/.local/lib/python3.12/site-packages/airflow/example_dags/example_subdag_operator.py
[2025-02-08T10:54:53.358+0000] {logging_mixin.py:190} INFO - [2025-02-08T10:54:53.357+0000] {dag.py:3239} INFO - Sync 3 DAGs
[2025-02-08T10:54:53.376+0000] {logging_mixin.py:190} INFO - [2025-02-08T10:54:53.376+0000] {dag.py:4180} INFO - Setting next_dagrun for example_subdag_operator to 2022-01-01 00:00:00+00:00, run_after=2022-01-01 00:00:00+00:00
[2025-02-08T10:54:53.379+0000] {logging_mixin.py:190} INFO - [2025-02-08T10:54:53.379+0000] {dag.py:4180} INFO - Setting next_dagrun for example_subdag_operator.section-1 to None, run_after=None
[2025-02-08T10:54:53.380+0000] {logging_mixin.py:190} INFO - [2025-02-08T10:54:53.380+0000] {dag.py:4180} INFO - Setting next_dagrun for example_subdag_operator.section-2 to None, run_after=None
[2025-02-08T10:54:53.387+0000] {logging_mixin.py:190} INFO - [2025-02-08T10:54:53.387+0000] {dag.py:3239} INFO - Sync 2 DAGs
[2025-02-08T10:54:53.392+0000] {logging_mixin.py:190} INFO - [2025-02-08T10:54:53.391+0000] {dag.py:4180} INFO - Setting next_dagrun for example_subdag_operator.section-1 to None, run_after=None
[2025-02-08T10:54:53.392+0000] {logging_mixin.py:190} INFO - [2025-02-08T10:54:53.392+0000] {dag.py:4180} INFO - Setting next_dagrun for example_subdag_operator.section-2 to None, run_after=None
[2025-02-08T10:54:53.404+0000] {processor.py:208} INFO - Processing /home/airflow/.local/lib/python3.12/site-packages/airflow/example_dags/example_subdag_operator.py took 0.091 seconds
[2025-02-08T10:55:23.662+0000] {processor.py:186} INFO - Started process (PID=2488) to work on /home/airflow/.local/lib/python3.12/site-packages/airflow/example_dags/example_subdag_operator.py
[2025-02-08T10:55:23.663+0000] {processor.py:914} INFO - Processing file /home/airflow/.local/lib/python3.12/site-packages/airflow/example_dags/example_subdag_operator.py for tasks to queue
[2025-02-08T10:55:23.664+0000] {logging_mixin.py:190} INFO - [2025-02-08T10:55:23.664+0000] {dagbag.py:588} INFO - Filling up the DagBag from /home/airflow/.local/lib/python3.12/site-packages/airflow/example_dags/example_subdag_operator.py
[2025-02-08T10:55:23.682+0000] {processor.py:925} INFO - DAG(s) 'example_subdag_operator.section-1', 'example_subdag_operator.section-2', 'example_subdag_operator' retrieved from /home/airflow/.local/lib/python3.12/site-packages/airflow/example_dags/example_subdag_operator.py
[2025-02-08T10:55:23.692+0000] {logging_mixin.py:190} INFO - [2025-02-08T10:55:23.692+0000] {dag.py:3239} INFO - Sync 3 DAGs
[2025-02-08T10:55:23.709+0000] {logging_mixin.py:190} INFO - [2025-02-08T10:55:23.709+0000] {dag.py:4180} INFO - Setting next_dagrun for example_subdag_operator to 2022-01-01 00:00:00+00:00, run_after=2022-01-01 00:00:00+00:00
[2025-02-08T10:55:23.711+0000] {logging_mixin.py:190} INFO - [2025-02-08T10:55:23.711+0000] {dag.py:4180} INFO - Setting next_dagrun for example_subdag_operator.section-1 to None, run_after=None
[2025-02-08T10:55:23.712+0000] {logging_mixin.py:190} INFO - [2025-02-08T10:55:23.712+0000] {dag.py:4180} INFO - Setting next_dagrun for example_subdag_operator.section-2 to None, run_after=None
[2025-02-08T10:55:23.718+0000] {logging_mixin.py:190} INFO - [2025-02-08T10:55:23.717+0000] {dag.py:3239} INFO - Sync 2 DAGs
[2025-02-08T10:55:23.722+0000] {logging_mixin.py:190} INFO - [2025-02-08T10:55:23.722+0000] {dag.py:4180} INFO - Setting next_dagrun for example_subdag_operator.section-1 to None, run_after=None
[2025-02-08T10:55:23.723+0000] {logging_mixin.py:190} INFO - [2025-02-08T10:55:23.722+0000] {dag.py:4180} INFO - Setting next_dagrun for example_subdag_operator.section-2 to None, run_after=None
[2025-02-08T10:55:23.733+0000] {processor.py:208} INFO - Processing /home/airflow/.local/lib/python3.12/site-packages/airflow/example_dags/example_subdag_operator.py took 0.076 seconds
[2025-02-08T10:55:53.776+0000] {processor.py:186} INFO - Started process (PID=2772) to work on /home/airflow/.local/lib/python3.12/site-packages/airflow/example_dags/example_subdag_operator.py
[2025-02-08T10:55:53.777+0000] {processor.py:914} INFO - Processing file /home/airflow/.local/lib/python3.12/site-packages/airflow/example_dags/example_subdag_operator.py for tasks to queue
[2025-02-08T10:55:53.779+0000] {logging_mixin.py:190} INFO - [2025-02-08T10:55:53.779+0000] {dagbag.py:588} INFO - Filling up the DagBag from /home/airflow/.local/lib/python3.12/site-packages/airflow/example_dags/example_subdag_operator.py
[2025-02-08T10:55:53.802+0000] {processor.py:925} INFO - DAG(s) 'example_subdag_operator.section-1', 'example_subdag_operator.section-2', 'example_subdag_operator' retrieved from /home/airflow/.local/lib/python3.12/site-packages/airflow/example_dags/example_subdag_operator.py
[2025-02-08T10:55:53.815+0000] {logging_mixin.py:190} INFO - [2025-02-08T10:55:53.815+0000] {dag.py:3239} INFO - Sync 3 DAGs
[2025-02-08T10:55:53.834+0000] {logging_mixin.py:190} INFO - [2025-02-08T10:55:53.833+0000] {dag.py:4180} INFO - Setting next_dagrun for example_subdag_operator to 2022-01-01 00:00:00+00:00, run_after=2022-01-01 00:00:00+00:00
[2025-02-08T10:55:53.837+0000] {logging_mixin.py:190} INFO - [2025-02-08T10:55:53.837+0000] {dag.py:4180} INFO - Setting next_dagrun for example_subdag_operator.section-1 to None, run_after=None
[2025-02-08T10:55:53.838+0000] {logging_mixin.py:190} INFO - [2025-02-08T10:55:53.838+0000] {dag.py:4180} INFO - Setting next_dagrun for example_subdag_operator.section-2 to None, run_after=None
[2025-02-08T10:55:53.845+0000] {logging_mixin.py:190} INFO - [2025-02-08T10:55:53.845+0000] {dag.py:3239} INFO - Sync 2 DAGs
[2025-02-08T10:55:53.849+0000] {logging_mixin.py:190} INFO - [2025-02-08T10:55:53.849+0000] {dag.py:4180} INFO - Setting next_dagrun for example_subdag_operator.section-1 to None, run_after=None
[2025-02-08T10:55:53.850+0000] {logging_mixin.py:190} INFO - [2025-02-08T10:55:53.850+0000] {dag.py:4180} INFO - Setting next_dagrun for example_subdag_operator.section-2 to None, run_after=None
[2025-02-08T10:55:53.860+0000] {processor.py:208} INFO - Processing /home/airflow/.local/lib/python3.12/site-packages/airflow/example_dags/example_subdag_operator.py took 0.089 seconds
[2025-02-08T10:56:24.013+0000] {processor.py:186} INFO - Started process (PID=3058) to work on /home/airflow/.local/lib/python3.12/site-packages/airflow/example_dags/example_subdag_operator.py
[2025-02-08T10:56:24.013+0000] {processor.py:914} INFO - Processing file /home/airflow/.local/lib/python3.12/site-packages/airflow/example_dags/example_subdag_operator.py for tasks to queue
[2025-02-08T10:56:24.015+0000] {logging_mixin.py:190} INFO - [2025-02-08T10:56:24.015+0000] {dagbag.py:588} INFO - Filling up the DagBag from /home/airflow/.local/lib/python3.12/site-packages/airflow/example_dags/example_subdag_operator.py
[2025-02-08T10:56:24.033+0000] {processor.py:925} INFO - DAG(s) 'example_subdag_operator.section-1', 'example_subdag_operator.section-2', 'example_subdag_operator' retrieved from /home/airflow/.local/lib/python3.12/site-packages/airflow/example_dags/example_subdag_operator.py
[2025-02-08T10:56:24.045+0000] {logging_mixin.py:190} INFO - [2025-02-08T10:56:24.044+0000] {dag.py:3239} INFO - Sync 3 DAGs
[2025-02-08T10:56:24.062+0000] {logging_mixin.py:190} INFO - [2025-02-08T10:56:24.062+0000] {dag.py:4180} INFO - Setting next_dagrun for example_subdag_operator to 2022-01-01 00:00:00+00:00, run_after=2022-01-01 00:00:00+00:00
[2025-02-08T10:56:24.065+0000] {logging_mixin.py:190} INFO - [2025-02-08T10:56:24.065+0000] {dag.py:4180} INFO - Setting next_dagrun for example_subdag_operator.section-1 to None, run_after=None
[2025-02-08T10:56:24.067+0000] {logging_mixin.py:190} INFO - [2025-02-08T10:56:24.066+0000] {dag.py:4180} INFO - Setting next_dagrun for example_subdag_operator.section-2 to None, run_after=None
[2025-02-08T10:56:24.072+0000] {logging_mixin.py:190} INFO - [2025-02-08T10:56:24.072+0000] {dag.py:3239} INFO - Sync 2 DAGs
[2025-02-08T10:56:24.076+0000] {logging_mixin.py:190} INFO - [2025-02-08T10:56:24.076+0000] {dag.py:4180} INFO - Setting next_dagrun for example_subdag_operator.section-1 to None, run_after=None
[2025-02-08T10:56:24.077+0000] {logging_mixin.py:190} INFO - [2025-02-08T10:56:24.077+0000] {dag.py:4180} INFO - Setting next_dagrun for example_subdag_operator.section-2 to None, run_after=None
[2025-02-08T10:56:24.086+0000] {processor.py:208} INFO - Processing /home/airflow/.local/lib/python3.12/site-packages/airflow/example_dags/example_subdag_operator.py took 0.078 seconds
[2025-02-08T10:56:54.235+0000] {processor.py:186} INFO - Started process (PID=3344) to work on /home/airflow/.local/lib/python3.12/site-packages/airflow/example_dags/example_subdag_operator.py
[2025-02-08T10:56:54.236+0000] {processor.py:914} INFO - Processing file /home/airflow/.local/lib/python3.12/site-packages/airflow/example_dags/example_subdag_operator.py for tasks to queue
[2025-02-08T10:56:54.238+0000] {logging_mixin.py:190} INFO - [2025-02-08T10:56:54.237+0000] {dagbag.py:588} INFO - Filling up the DagBag from /home/airflow/.local/lib/python3.12/site-packages/airflow/example_dags/example_subdag_operator.py
[2025-02-08T10:56:54.257+0000] {processor.py:925} INFO - DAG(s) 'example_subdag_operator.section-1', 'example_subdag_operator.section-2', 'example_subdag_operator' retrieved from /home/airflow/.local/lib/python3.12/site-packages/airflow/example_dags/example_subdag_operator.py
[2025-02-08T10:56:54.271+0000] {logging_mixin.py:190} INFO - [2025-02-08T10:56:54.271+0000] {dag.py:3239} INFO - Sync 3 DAGs
[2025-02-08T10:56:54.292+0000] {logging_mixin.py:190} INFO - [2025-02-08T10:56:54.292+0000] {dag.py:4180} INFO - Setting next_dagrun for example_subdag_operator to 2022-01-01 00:00:00+00:00, run_after=2022-01-01 00:00:00+00:00
[2025-02-08T10:56:54.295+0000] {logging_mixin.py:190} INFO - [2025-02-08T10:56:54.295+0000] {dag.py:4180} INFO - Setting next_dagrun for example_subdag_operator.section-1 to None, run_after=None
[2025-02-08T10:56:54.297+0000] {logging_mixin.py:190} INFO - [2025-02-08T10:56:54.297+0000] {dag.py:4180} INFO - Setting next_dagrun for example_subdag_operator.section-2 to None, run_after=None
[2025-02-08T10:56:54.304+0000] {logging_mixin.py:190} INFO - [2025-02-08T10:56:54.304+0000] {dag.py:3239} INFO - Sync 2 DAGs
[2025-02-08T10:56:54.309+0000] {logging_mixin.py:190} INFO - [2025-02-08T10:56:54.309+0000] {dag.py:4180} INFO - Setting next_dagrun for example_subdag_operator.section-1 to None, run_after=None
[2025-02-08T10:56:54.310+0000] {logging_mixin.py:190} INFO - [2025-02-08T10:56:54.309+0000] {dag.py:4180} INFO - Setting next_dagrun for example_subdag_operator.section-2 to None, run_after=None
[2025-02-08T10:56:54.322+0000] {processor.py:208} INFO - Processing /home/airflow/.local/lib/python3.12/site-packages/airflow/example_dags/example_subdag_operator.py took 0.092 seconds
[2025-02-08T10:57:24.573+0000] {processor.py:186} INFO - Started process (PID=3630) to work on /home/airflow/.local/lib/python3.12/site-packages/airflow/example_dags/example_subdag_operator.py
[2025-02-08T10:57:24.573+0000] {processor.py:914} INFO - Processing file /home/airflow/.local/lib/python3.12/site-packages/airflow/example_dags/example_subdag_operator.py for tasks to queue
[2025-02-08T10:57:24.575+0000] {logging_mixin.py:190} INFO - [2025-02-08T10:57:24.575+0000] {dagbag.py:588} INFO - Filling up the DagBag from /home/airflow/.local/lib/python3.12/site-packages/airflow/example_dags/example_subdag_operator.py
[2025-02-08T10:57:24.593+0000] {processor.py:925} INFO - DAG(s) 'example_subdag_operator.section-1', 'example_subdag_operator.section-2', 'example_subdag_operator' retrieved from /home/airflow/.local/lib/python3.12/site-packages/airflow/example_dags/example_subdag_operator.py
[2025-02-08T10:57:24.606+0000] {logging_mixin.py:190} INFO - [2025-02-08T10:57:24.606+0000] {dag.py:3239} INFO - Sync 3 DAGs
[2025-02-08T10:57:24.626+0000] {logging_mixin.py:190} INFO - [2025-02-08T10:57:24.625+0000] {dag.py:4180} INFO - Setting next_dagrun for example_subdag_operator to 2022-01-01 00:00:00+00:00, run_after=2022-01-01 00:00:00+00:00
[2025-02-08T10:57:24.628+0000] {logging_mixin.py:190} INFO - [2025-02-08T10:57:24.628+0000] {dag.py:4180} INFO - Setting next_dagrun for example_subdag_operator.section-1 to None, run_after=None
[2025-02-08T10:57:24.629+0000] {logging_mixin.py:190} INFO - [2025-02-08T10:57:24.629+0000] {dag.py:4180} INFO - Setting next_dagrun for example_subdag_operator.section-2 to None, run_after=None
[2025-02-08T10:57:24.635+0000] {logging_mixin.py:190} INFO - [2025-02-08T10:57:24.635+0000] {dag.py:3239} INFO - Sync 2 DAGs
[2025-02-08T10:57:24.640+0000] {logging_mixin.py:190} INFO - [2025-02-08T10:57:24.640+0000] {dag.py:4180} INFO - Setting next_dagrun for example_subdag_operator.section-1 to None, run_after=None
[2025-02-08T10:57:24.641+0000] {logging_mixin.py:190} INFO - [2025-02-08T10:57:24.640+0000] {dag.py:4180} INFO - Setting next_dagrun for example_subdag_operator.section-2 to None, run_after=None
[2025-02-08T10:57:24.649+0000] {processor.py:208} INFO - Processing /home/airflow/.local/lib/python3.12/site-packages/airflow/example_dags/example_subdag_operator.py took 0.081 seconds
[2025-02-08T10:57:55.134+0000] {processor.py:186} INFO - Started process (PID=3916) to work on /home/airflow/.local/lib/python3.12/site-packages/airflow/example_dags/example_subdag_operator.py
[2025-02-08T10:57:55.134+0000] {processor.py:914} INFO - Processing file /home/airflow/.local/lib/python3.12/site-packages/airflow/example_dags/example_subdag_operator.py for tasks to queue
[2025-02-08T10:57:55.136+0000] {logging_mixin.py:190} INFO - [2025-02-08T10:57:55.136+0000] {dagbag.py:588} INFO - Filling up the DagBag from /home/airflow/.local/lib/python3.12/site-packages/airflow/example_dags/example_subdag_operator.py
[2025-02-08T10:57:55.153+0000] {processor.py:925} INFO - DAG(s) 'example_subdag_operator.section-1', 'example_subdag_operator.section-2', 'example_subdag_operator' retrieved from /home/airflow/.local/lib/python3.12/site-packages/airflow/example_dags/example_subdag_operator.py
[2025-02-08T10:57:55.165+0000] {logging_mixin.py:190} INFO - [2025-02-08T10:57:55.165+0000] {dag.py:3239} INFO - Sync 3 DAGs
[2025-02-08T10:57:55.184+0000] {logging_mixin.py:190} INFO - [2025-02-08T10:57:55.183+0000] {dag.py:4180} INFO - Setting next_dagrun for example_subdag_operator to 2022-01-01 00:00:00+00:00, run_after=2022-01-01 00:00:00+00:00
[2025-02-08T10:57:55.186+0000] {logging_mixin.py:190} INFO - [2025-02-08T10:57:55.186+0000] {dag.py:4180} INFO - Setting next_dagrun for example_subdag_operator.section-1 to None, run_after=None
[2025-02-08T10:57:55.187+0000] {logging_mixin.py:190} INFO - [2025-02-08T10:57:55.187+0000] {dag.py:4180} INFO - Setting next_dagrun for example_subdag_operator.section-2 to None, run_after=None
[2025-02-08T10:57:55.193+0000] {logging_mixin.py:190} INFO - [2025-02-08T10:57:55.193+0000] {dag.py:3239} INFO - Sync 2 DAGs
[2025-02-08T10:57:55.197+0000] {logging_mixin.py:190} INFO - [2025-02-08T10:57:55.197+0000] {dag.py:4180} INFO - Setting next_dagrun for example_subdag_operator.section-1 to None, run_after=None
[2025-02-08T10:57:55.198+0000] {logging_mixin.py:190} INFO - [2025-02-08T10:57:55.198+0000] {dag.py:4180} INFO - Setting next_dagrun for example_subdag_operator.section-2 to None, run_after=None
[2025-02-08T10:57:55.207+0000] {processor.py:208} INFO - Processing /home/airflow/.local/lib/python3.12/site-packages/airflow/example_dags/example_subdag_operator.py took 0.077 seconds
[2025-02-08T10:58:26.181+0000] {processor.py:186} INFO - Started process (PID=4204) to work on /home/airflow/.local/lib/python3.12/site-packages/airflow/example_dags/example_subdag_operator.py
[2025-02-08T10:58:26.182+0000] {processor.py:914} INFO - Processing file /home/airflow/.local/lib/python3.12/site-packages/airflow/example_dags/example_subdag_operator.py for tasks to queue
[2025-02-08T10:58:26.185+0000] {logging_mixin.py:190} INFO - [2025-02-08T10:58:26.184+0000] {dagbag.py:588} INFO - Filling up the DagBag from /home/airflow/.local/lib/python3.12/site-packages/airflow/example_dags/example_subdag_operator.py
[2025-02-08T10:58:26.212+0000] {processor.py:925} INFO - DAG(s) 'example_subdag_operator.section-1', 'example_subdag_operator.section-2', 'example_subdag_operator' retrieved from /home/airflow/.local/lib/python3.12/site-packages/airflow/example_dags/example_subdag_operator.py
[2025-02-08T10:58:26.230+0000] {logging_mixin.py:190} INFO - [2025-02-08T10:58:26.230+0000] {dag.py:3239} INFO - Sync 3 DAGs
[2025-02-08T10:58:26.253+0000] {logging_mixin.py:190} INFO - [2025-02-08T10:58:26.253+0000] {dag.py:4180} INFO - Setting next_dagrun for example_subdag_operator to 2022-01-01 00:00:00+00:00, run_after=2022-01-01 00:00:00+00:00
[2025-02-08T10:58:26.256+0000] {logging_mixin.py:190} INFO - [2025-02-08T10:58:26.256+0000] {dag.py:4180} INFO - Setting next_dagrun for example_subdag_operator.section-1 to None, run_after=None
[2025-02-08T10:58:26.258+0000] {logging_mixin.py:190} INFO - [2025-02-08T10:58:26.258+0000] {dag.py:4180} INFO - Setting next_dagrun for example_subdag_operator.section-2 to None, run_after=None
[2025-02-08T10:58:26.266+0000] {logging_mixin.py:190} INFO - [2025-02-08T10:58:26.266+0000] {dag.py:3239} INFO - Sync 2 DAGs
[2025-02-08T10:58:26.271+0000] {logging_mixin.py:190} INFO - [2025-02-08T10:58:26.271+0000] {dag.py:4180} INFO - Setting next_dagrun for example_subdag_operator.section-1 to None, run_after=None
[2025-02-08T10:58:26.272+0000] {logging_mixin.py:190} INFO - [2025-02-08T10:58:26.272+0000] {dag.py:4180} INFO - Setting next_dagrun for example_subdag_operator.section-2 to None, run_after=None
[2025-02-08T10:58:26.285+0000] {processor.py:208} INFO - Processing /home/airflow/.local/lib/python3.12/site-packages/airflow/example_dags/example_subdag_operator.py took 0.110 seconds
[2025-02-08T10:58:56.851+0000] {processor.py:186} INFO - Started process (PID=4692) to work on /home/airflow/.local/lib/python3.12/site-packages/airflow/example_dags/example_subdag_operator.py
[2025-02-08T10:58:56.852+0000] {processor.py:914} INFO - Processing file /home/airflow/.local/lib/python3.12/site-packages/airflow/example_dags/example_subdag_operator.py for tasks to queue
[2025-02-08T10:58:56.854+0000] {logging_mixin.py:190} INFO - [2025-02-08T10:58:56.854+0000] {dagbag.py:588} INFO - Filling up the DagBag from /home/airflow/.local/lib/python3.12/site-packages/airflow/example_dags/example_subdag_operator.py
[2025-02-08T10:58:56.872+0000] {processor.py:925} INFO - DAG(s) 'example_subdag_operator.section-1', 'example_subdag_operator.section-2', 'example_subdag_operator' retrieved from /home/airflow/.local/lib/python3.12/site-packages/airflow/example_dags/example_subdag_operator.py
[2025-02-08T10:58:56.884+0000] {logging_mixin.py:190} INFO - [2025-02-08T10:58:56.883+0000] {dag.py:3239} INFO - Sync 3 DAGs
[2025-02-08T10:58:56.901+0000] {logging_mixin.py:190} INFO - [2025-02-08T10:58:56.901+0000] {dag.py:4180} INFO - Setting next_dagrun for example_subdag_operator to 2022-01-01 00:00:00+00:00, run_after=2022-01-01 00:00:00+00:00
[2025-02-08T10:58:56.905+0000] {logging_mixin.py:190} INFO - [2025-02-08T10:58:56.905+0000] {dag.py:4180} INFO - Setting next_dagrun for example_subdag_operator.section-1 to None, run_after=None
[2025-02-08T10:58:56.906+0000] {logging_mixin.py:190} INFO - [2025-02-08T10:58:56.906+0000] {dag.py:4180} INFO - Setting next_dagrun for example_subdag_operator.section-2 to None, run_after=None
[2025-02-08T10:58:56.913+0000] {logging_mixin.py:190} INFO - [2025-02-08T10:58:56.913+0000] {dag.py:3239} INFO - Sync 2 DAGs
[2025-02-08T10:58:56.918+0000] {logging_mixin.py:190} INFO - [2025-02-08T10:58:56.918+0000] {dag.py:4180} INFO - Setting next_dagrun for example_subdag_operator.section-1 to None, run_after=None
[2025-02-08T10:58:56.919+0000] {logging_mixin.py:190} INFO - [2025-02-08T10:58:56.918+0000] {dag.py:4180} INFO - Setting next_dagrun for example_subdag_operator.section-2 to None, run_after=None
[2025-02-08T10:58:56.928+0000] {processor.py:208} INFO - Processing /home/airflow/.local/lib/python3.12/site-packages/airflow/example_dags/example_subdag_operator.py took 0.081 seconds
[2025-02-08T10:59:26.981+0000] {processor.py:186} INFO - Started process (PID=4978) to work on /home/airflow/.local/lib/python3.12/site-packages/airflow/example_dags/example_subdag_operator.py
[2025-02-08T10:59:26.982+0000] {processor.py:914} INFO - Processing file /home/airflow/.local/lib/python3.12/site-packages/airflow/example_dags/example_subdag_operator.py for tasks to queue
[2025-02-08T10:59:26.984+0000] {logging_mixin.py:190} INFO - [2025-02-08T10:59:26.984+0000] {dagbag.py:588} INFO - Filling up the DagBag from /home/airflow/.local/lib/python3.12/site-packages/airflow/example_dags/example_subdag_operator.py
[2025-02-08T10:59:27.003+0000] {processor.py:925} INFO - DAG(s) 'example_subdag_operator.section-1', 'example_subdag_operator.section-2', 'example_subdag_operator' retrieved from /home/airflow/.local/lib/python3.12/site-packages/airflow/example_dags/example_subdag_operator.py
[2025-02-08T10:59:27.015+0000] {logging_mixin.py:190} INFO - [2025-02-08T10:59:27.015+0000] {dag.py:3239} INFO - Sync 3 DAGs
[2025-02-08T10:59:27.035+0000] {logging_mixin.py:190} INFO - [2025-02-08T10:59:27.035+0000] {dag.py:4180} INFO - Setting next_dagrun for example_subdag_operator to 2022-01-01 00:00:00+00:00, run_after=2022-01-01 00:00:00+00:00
[2025-02-08T10:59:27.038+0000] {logging_mixin.py:190} INFO - [2025-02-08T10:59:27.038+0000] {dag.py:4180} INFO - Setting next_dagrun for example_subdag_operator.section-1 to None, run_after=None
[2025-02-08T10:59:27.039+0000] {logging_mixin.py:190} INFO - [2025-02-08T10:59:27.039+0000] {dag.py:4180} INFO - Setting next_dagrun for example_subdag_operator.section-2 to None, run_after=None
[2025-02-08T10:59:27.045+0000] {logging_mixin.py:190} INFO - [2025-02-08T10:59:27.045+0000] {dag.py:3239} INFO - Sync 2 DAGs
[2025-02-08T10:59:27.049+0000] {logging_mixin.py:190} INFO - [2025-02-08T10:59:27.049+0000] {dag.py:4180} INFO - Setting next_dagrun for example_subdag_operator.section-1 to None, run_after=None
[2025-02-08T10:59:27.049+0000] {logging_mixin.py:190} INFO - [2025-02-08T10:59:27.049+0000] {dag.py:4180} INFO - Setting next_dagrun for example_subdag_operator.section-2 to None, run_after=None
[2025-02-08T10:59:27.057+0000] {processor.py:208} INFO - Processing /home/airflow/.local/lib/python3.12/site-packages/airflow/example_dags/example_subdag_operator.py took 0.083 seconds
[2025-02-08T11:01:56.176+0000] {processor.py:186} INFO - Started process (PID=198) to work on /home/airflow/.local/lib/python3.12/site-packages/airflow/example_dags/example_subdag_operator.py
[2025-02-08T11:01:56.177+0000] {processor.py:914} INFO - Processing file /home/airflow/.local/lib/python3.12/site-packages/airflow/example_dags/example_subdag_operator.py for tasks to queue
[2025-02-08T11:01:56.179+0000] {logging_mixin.py:190} INFO - [2025-02-08T11:01:56.179+0000] {dagbag.py:588} INFO - Filling up the DagBag from /home/airflow/.local/lib/python3.12/site-packages/airflow/example_dags/example_subdag_operator.py
[2025-02-08T11:01:56.200+0000] {processor.py:925} INFO - DAG(s) 'example_subdag_operator.section-1', 'example_subdag_operator.section-2', 'example_subdag_operator' retrieved from /home/airflow/.local/lib/python3.12/site-packages/airflow/example_dags/example_subdag_operator.py
[2025-02-08T11:01:56.283+0000] {logging_mixin.py:190} INFO - [2025-02-08T11:01:56.283+0000] {override.py:1900} INFO - Created Permission View: can read on DAG:example_subdag_operator
[2025-02-08T11:01:56.291+0000] {logging_mixin.py:190} INFO - [2025-02-08T11:01:56.291+0000] {override.py:1900} INFO - Created Permission View: can delete on DAG:example_subdag_operator
[2025-02-08T11:01:56.297+0000] {logging_mixin.py:190} INFO - [2025-02-08T11:01:56.297+0000] {override.py:1900} INFO - Created Permission View: can edit on DAG:example_subdag_operator
[2025-02-08T11:01:56.303+0000] {logging_mixin.py:190} INFO - [2025-02-08T11:01:56.303+0000] {override.py:1900} INFO - Created Permission View: menu access on DAG Run:example_subdag_operator
[2025-02-08T11:01:56.308+0000] {logging_mixin.py:190} INFO - [2025-02-08T11:01:56.308+0000] {override.py:1900} INFO - Created Permission View: can read on DAG Run:example_subdag_operator
[2025-02-08T11:01:56.313+0000] {logging_mixin.py:190} INFO - [2025-02-08T11:01:56.313+0000] {override.py:1900} INFO - Created Permission View: can create on DAG Run:example_subdag_operator
[2025-02-08T11:01:56.319+0000] {logging_mixin.py:190} INFO - [2025-02-08T11:01:56.318+0000] {override.py:1900} INFO - Created Permission View: can delete on DAG Run:example_subdag_operator
[2025-02-08T11:01:56.319+0000] {logging_mixin.py:190} INFO - [2025-02-08T11:01:56.319+0000] {dag.py:3239} INFO - Sync 3 DAGs
[2025-02-08T11:01:56.330+0000] {logging_mixin.py:190} INFO - [2025-02-08T11:01:56.330+0000] {dag.py:3262} INFO - Creating ORM DAG for example_subdag_operator.section-2
[2025-02-08T11:01:56.331+0000] {logging_mixin.py:190} INFO - [2025-02-08T11:01:56.331+0000] {dag.py:3262} INFO - Creating ORM DAG for example_subdag_operator.section-1
[2025-02-08T11:01:56.332+0000] {logging_mixin.py:190} INFO - [2025-02-08T11:01:56.332+0000] {dag.py:3262} INFO - Creating ORM DAG for example_subdag_operator
[2025-02-08T11:01:56.339+0000] {logging_mixin.py:190} INFO - [2025-02-08T11:01:56.339+0000] {dag.py:4180} INFO - Setting next_dagrun for example_subdag_operator to 2022-01-01 00:00:00+00:00, run_after=2022-01-01 00:00:00+00:00
[2025-02-08T11:01:56.340+0000] {logging_mixin.py:190} INFO - [2025-02-08T11:01:56.340+0000] {dag.py:4180} INFO - Setting next_dagrun for example_subdag_operator.section-1 to None, run_after=None
[2025-02-08T11:01:56.341+0000] {logging_mixin.py:190} INFO - [2025-02-08T11:01:56.340+0000] {dag.py:4180} INFO - Setting next_dagrun for example_subdag_operator.section-2 to None, run_after=None
[2025-02-08T11:01:56.347+0000] {logging_mixin.py:190} INFO - [2025-02-08T11:01:56.347+0000] {dag.py:3239} INFO - Sync 2 DAGs
[2025-02-08T11:01:56.351+0000] {logging_mixin.py:190} INFO - [2025-02-08T11:01:56.351+0000] {dag.py:4180} INFO - Setting next_dagrun for example_subdag_operator.section-1 to None, run_after=None
[2025-02-08T11:01:56.353+0000] {logging_mixin.py:190} INFO - [2025-02-08T11:01:56.353+0000] {dag.py:4180} INFO - Setting next_dagrun for example_subdag_operator.section-2 to None, run_after=None
[2025-02-08T11:01:56.362+0000] {processor.py:208} INFO - Processing /home/airflow/.local/lib/python3.12/site-packages/airflow/example_dags/example_subdag_operator.py took 0.190 seconds
[2025-02-08T11:02:26.990+0000] {processor.py:186} INFO - Started process (PID=484) to work on /home/airflow/.local/lib/python3.12/site-packages/airflow/example_dags/example_subdag_operator.py
[2025-02-08T11:02:26.991+0000] {processor.py:914} INFO - Processing file /home/airflow/.local/lib/python3.12/site-packages/airflow/example_dags/example_subdag_operator.py for tasks to queue
[2025-02-08T11:02:26.993+0000] {logging_mixin.py:190} INFO - [2025-02-08T11:02:26.992+0000] {dagbag.py:588} INFO - Filling up the DagBag from /home/airflow/.local/lib/python3.12/site-packages/airflow/example_dags/example_subdag_operator.py
[2025-02-08T11:02:27.011+0000] {processor.py:925} INFO - DAG(s) 'example_subdag_operator.section-1', 'example_subdag_operator.section-2', 'example_subdag_operator' retrieved from /home/airflow/.local/lib/python3.12/site-packages/airflow/example_dags/example_subdag_operator.py
[2025-02-08T11:02:27.024+0000] {logging_mixin.py:190} INFO - [2025-02-08T11:02:27.023+0000] {dag.py:3239} INFO - Sync 3 DAGs
[2025-02-08T11:02:27.039+0000] {logging_mixin.py:190} INFO - [2025-02-08T11:02:27.039+0000] {dag.py:4180} INFO - Setting next_dagrun for example_subdag_operator to 2022-01-01 00:00:00+00:00, run_after=2022-01-01 00:00:00+00:00
[2025-02-08T11:02:27.042+0000] {logging_mixin.py:190} INFO - [2025-02-08T11:02:27.042+0000] {dag.py:4180} INFO - Setting next_dagrun for example_subdag_operator.section-1 to None, run_after=None
[2025-02-08T11:02:27.043+0000] {logging_mixin.py:190} INFO - [2025-02-08T11:02:27.043+0000] {dag.py:4180} INFO - Setting next_dagrun for example_subdag_operator.section-2 to None, run_after=None
[2025-02-08T11:02:27.048+0000] {logging_mixin.py:190} INFO - [2025-02-08T11:02:27.048+0000] {dag.py:3239} INFO - Sync 2 DAGs
[2025-02-08T11:02:27.052+0000] {logging_mixin.py:190} INFO - [2025-02-08T11:02:27.052+0000] {dag.py:4180} INFO - Setting next_dagrun for example_subdag_operator.section-1 to None, run_after=None
[2025-02-08T11:02:27.053+0000] {logging_mixin.py:190} INFO - [2025-02-08T11:02:27.053+0000] {dag.py:4180} INFO - Setting next_dagrun for example_subdag_operator.section-2 to None, run_after=None
[2025-02-08T11:02:27.062+0000] {processor.py:208} INFO - Processing /home/airflow/.local/lib/python3.12/site-packages/airflow/example_dags/example_subdag_operator.py took 0.077 seconds
[2025-02-08T11:03:36.938+0000] {processor.py:186} INFO - Started process (PID=198) to work on /home/airflow/.local/lib/python3.12/site-packages/airflow/example_dags/example_subdag_operator.py
[2025-02-08T11:03:36.939+0000] {processor.py:914} INFO - Processing file /home/airflow/.local/lib/python3.12/site-packages/airflow/example_dags/example_subdag_operator.py for tasks to queue
[2025-02-08T11:03:36.940+0000] {logging_mixin.py:190} INFO - [2025-02-08T11:03:36.940+0000] {dagbag.py:588} INFO - Filling up the DagBag from /home/airflow/.local/lib/python3.12/site-packages/airflow/example_dags/example_subdag_operator.py
[2025-02-08T11:03:36.960+0000] {processor.py:925} INFO - DAG(s) 'example_subdag_operator.section-1', 'example_subdag_operator.section-2', 'example_subdag_operator' retrieved from /home/airflow/.local/lib/python3.12/site-packages/airflow/example_dags/example_subdag_operator.py
[2025-02-08T11:03:36.983+0000] {logging_mixin.py:190} INFO - [2025-02-08T11:03:36.983+0000] {dag.py:3239} INFO - Sync 3 DAGs
[2025-02-08T11:03:37.002+0000] {logging_mixin.py:190} INFO - [2025-02-08T11:03:37.002+0000] {dag.py:4180} INFO - Setting next_dagrun for example_subdag_operator to 2022-01-01 00:00:00+00:00, run_after=2022-01-01 00:00:00+00:00
[2025-02-08T11:03:37.005+0000] {logging_mixin.py:190} INFO - [2025-02-08T11:03:37.005+0000] {dag.py:4180} INFO - Setting next_dagrun for example_subdag_operator.section-1 to None, run_after=None
[2025-02-08T11:03:37.006+0000] {logging_mixin.py:190} INFO - [2025-02-08T11:03:37.006+0000] {dag.py:4180} INFO - Setting next_dagrun for example_subdag_operator.section-2 to None, run_after=None
[2025-02-08T11:03:37.012+0000] {logging_mixin.py:190} INFO - [2025-02-08T11:03:37.012+0000] {dag.py:3239} INFO - Sync 2 DAGs
[2025-02-08T11:03:37.016+0000] {logging_mixin.py:190} INFO - [2025-02-08T11:03:37.016+0000] {dag.py:4180} INFO - Setting next_dagrun for example_subdag_operator.section-1 to None, run_after=None
[2025-02-08T11:03:37.016+0000] {logging_mixin.py:190} INFO - [2025-02-08T11:03:37.016+0000] {dag.py:4180} INFO - Setting next_dagrun for example_subdag_operator.section-2 to None, run_after=None
[2025-02-08T11:03:37.024+0000] {processor.py:208} INFO - Processing /home/airflow/.local/lib/python3.12/site-packages/airflow/example_dags/example_subdag_operator.py took 0.091 seconds
[2025-02-08T11:04:07.474+0000] {processor.py:186} INFO - Started process (PID=484) to work on /home/airflow/.local/lib/python3.12/site-packages/airflow/example_dags/example_subdag_operator.py
[2025-02-08T11:04:07.474+0000] {processor.py:914} INFO - Processing file /home/airflow/.local/lib/python3.12/site-packages/airflow/example_dags/example_subdag_operator.py for tasks to queue
[2025-02-08T11:04:07.476+0000] {logging_mixin.py:190} INFO - [2025-02-08T11:04:07.476+0000] {dagbag.py:588} INFO - Filling up the DagBag from /home/airflow/.local/lib/python3.12/site-packages/airflow/example_dags/example_subdag_operator.py
[2025-02-08T11:04:07.499+0000] {processor.py:925} INFO - DAG(s) 'example_subdag_operator.section-1', 'example_subdag_operator.section-2', 'example_subdag_operator' retrieved from /home/airflow/.local/lib/python3.12/site-packages/airflow/example_dags/example_subdag_operator.py
[2025-02-08T11:04:07.513+0000] {logging_mixin.py:190} INFO - [2025-02-08T11:04:07.513+0000] {dag.py:3239} INFO - Sync 3 DAGs
[2025-02-08T11:04:07.539+0000] {logging_mixin.py:190} INFO - [2025-02-08T11:04:07.538+0000] {dag.py:4180} INFO - Setting next_dagrun for example_subdag_operator to 2022-01-01 00:00:00+00:00, run_after=2022-01-01 00:00:00+00:00
[2025-02-08T11:04:07.542+0000] {logging_mixin.py:190} INFO - [2025-02-08T11:04:07.542+0000] {dag.py:4180} INFO - Setting next_dagrun for example_subdag_operator.section-1 to None, run_after=None
[2025-02-08T11:04:07.543+0000] {logging_mixin.py:190} INFO - [2025-02-08T11:04:07.543+0000] {dag.py:4180} INFO - Setting next_dagrun for example_subdag_operator.section-2 to None, run_after=None
[2025-02-08T11:04:07.550+0000] {logging_mixin.py:190} INFO - [2025-02-08T11:04:07.550+0000] {dag.py:3239} INFO - Sync 2 DAGs
[2025-02-08T11:04:07.555+0000] {logging_mixin.py:190} INFO - [2025-02-08T11:04:07.555+0000] {dag.py:4180} INFO - Setting next_dagrun for example_subdag_operator.section-1 to None, run_after=None
[2025-02-08T11:04:07.556+0000] {logging_mixin.py:190} INFO - [2025-02-08T11:04:07.555+0000] {dag.py:4180} INFO - Setting next_dagrun for example_subdag_operator.section-2 to None, run_after=None
[2025-02-08T11:04:07.568+0000] {processor.py:208} INFO - Processing /home/airflow/.local/lib/python3.12/site-packages/airflow/example_dags/example_subdag_operator.py took 0.100 seconds
[2025-02-08T11:04:37.787+0000] {processor.py:186} INFO - Started process (PID=772) to work on /home/airflow/.local/lib/python3.12/site-packages/airflow/example_dags/example_subdag_operator.py
[2025-02-08T11:04:37.788+0000] {processor.py:914} INFO - Processing file /home/airflow/.local/lib/python3.12/site-packages/airflow/example_dags/example_subdag_operator.py for tasks to queue
[2025-02-08T11:04:37.789+0000] {logging_mixin.py:190} INFO - [2025-02-08T11:04:37.789+0000] {dagbag.py:588} INFO - Filling up the DagBag from /home/airflow/.local/lib/python3.12/site-packages/airflow/example_dags/example_subdag_operator.py
[2025-02-08T11:04:37.807+0000] {processor.py:925} INFO - DAG(s) 'example_subdag_operator.section-1', 'example_subdag_operator.section-2', 'example_subdag_operator' retrieved from /home/airflow/.local/lib/python3.12/site-packages/airflow/example_dags/example_subdag_operator.py
[2025-02-08T11:04:37.819+0000] {logging_mixin.py:190} INFO - [2025-02-08T11:04:37.819+0000] {dag.py:3239} INFO - Sync 3 DAGs
[2025-02-08T11:04:37.836+0000] {logging_mixin.py:190} INFO - [2025-02-08T11:04:37.835+0000] {dag.py:4180} INFO - Setting next_dagrun for example_subdag_operator to 2022-01-01 00:00:00+00:00, run_after=2022-01-01 00:00:00+00:00
[2025-02-08T11:04:37.838+0000] {logging_mixin.py:190} INFO - [2025-02-08T11:04:37.838+0000] {dag.py:4180} INFO - Setting next_dagrun for example_subdag_operator.section-1 to None, run_after=None
[2025-02-08T11:04:37.839+0000] {logging_mixin.py:190} INFO - [2025-02-08T11:04:37.839+0000] {dag.py:4180} INFO - Setting next_dagrun for example_subdag_operator.section-2 to None, run_after=None
[2025-02-08T11:04:37.845+0000] {logging_mixin.py:190} INFO - [2025-02-08T11:04:37.845+0000] {dag.py:3239} INFO - Sync 2 DAGs
[2025-02-08T11:04:37.849+0000] {logging_mixin.py:190} INFO - [2025-02-08T11:04:37.849+0000] {dag.py:4180} INFO - Setting next_dagrun for example_subdag_operator.section-1 to None, run_after=None
[2025-02-08T11:04:37.850+0000] {logging_mixin.py:190} INFO - [2025-02-08T11:04:37.849+0000] {dag.py:4180} INFO - Setting next_dagrun for example_subdag_operator.section-2 to None, run_after=None
[2025-02-08T11:04:37.861+0000] {processor.py:208} INFO - Processing /home/airflow/.local/lib/python3.12/site-packages/airflow/example_dags/example_subdag_operator.py took 0.078 seconds
[2025-02-08T11:33:15.760+0000] {processor.py:186} INFO - Started process (PID=198) to work on /home/airflow/.local/lib/python3.12/site-packages/airflow/example_dags/example_subdag_operator.py
[2025-02-08T11:33:15.761+0000] {processor.py:914} INFO - Processing file /home/airflow/.local/lib/python3.12/site-packages/airflow/example_dags/example_subdag_operator.py for tasks to queue
[2025-02-08T11:33:15.763+0000] {logging_mixin.py:190} INFO - [2025-02-08T11:33:15.762+0000] {dagbag.py:588} INFO - Filling up the DagBag from /home/airflow/.local/lib/python3.12/site-packages/airflow/example_dags/example_subdag_operator.py
[2025-02-08T11:33:15.784+0000] {processor.py:925} INFO - DAG(s) 'example_subdag_operator.section-1', 'example_subdag_operator.section-2', 'example_subdag_operator' retrieved from /home/airflow/.local/lib/python3.12/site-packages/airflow/example_dags/example_subdag_operator.py
[2025-02-08T11:33:15.876+0000] {logging_mixin.py:190} INFO - [2025-02-08T11:33:15.876+0000] {override.py:1900} INFO - Created Permission View: can edit on DAG:example_subdag_operator
[2025-02-08T11:33:15.884+0000] {logging_mixin.py:190} INFO - [2025-02-08T11:33:15.883+0000] {override.py:1900} INFO - Created Permission View: can delete on DAG:example_subdag_operator
[2025-02-08T11:33:15.889+0000] {logging_mixin.py:190} INFO - [2025-02-08T11:33:15.889+0000] {override.py:1900} INFO - Created Permission View: can read on DAG:example_subdag_operator
[2025-02-08T11:33:15.895+0000] {logging_mixin.py:190} INFO - [2025-02-08T11:33:15.895+0000] {override.py:1900} INFO - Created Permission View: menu access on DAG Run:example_subdag_operator
[2025-02-08T11:33:15.901+0000] {logging_mixin.py:190} INFO - [2025-02-08T11:33:15.901+0000] {override.py:1900} INFO - Created Permission View: can create on DAG Run:example_subdag_operator
[2025-02-08T11:33:15.907+0000] {logging_mixin.py:190} INFO - [2025-02-08T11:33:15.906+0000] {override.py:1900} INFO - Created Permission View: can delete on DAG Run:example_subdag_operator
[2025-02-08T11:33:15.912+0000] {logging_mixin.py:190} INFO - [2025-02-08T11:33:15.912+0000] {override.py:1900} INFO - Created Permission View: can read on DAG Run:example_subdag_operator
[2025-02-08T11:33:15.913+0000] {logging_mixin.py:190} INFO - [2025-02-08T11:33:15.913+0000] {dag.py:3239} INFO - Sync 3 DAGs
[2025-02-08T11:33:15.924+0000] {logging_mixin.py:190} INFO - [2025-02-08T11:33:15.924+0000] {dag.py:3262} INFO - Creating ORM DAG for example_subdag_operator.section-1
[2025-02-08T11:33:15.926+0000] {logging_mixin.py:190} INFO - [2025-02-08T11:33:15.925+0000] {dag.py:3262} INFO - Creating ORM DAG for example_subdag_operator.section-2
[2025-02-08T11:33:15.926+0000] {logging_mixin.py:190} INFO - [2025-02-08T11:33:15.926+0000] {dag.py:3262} INFO - Creating ORM DAG for example_subdag_operator
[2025-02-08T11:33:15.934+0000] {logging_mixin.py:190} INFO - [2025-02-08T11:33:15.933+0000] {dag.py:4180} INFO - Setting next_dagrun for example_subdag_operator to 2022-01-01 00:00:00+00:00, run_after=2022-01-01 00:00:00+00:00
[2025-02-08T11:33:15.934+0000] {logging_mixin.py:190} INFO - [2025-02-08T11:33:15.934+0000] {dag.py:4180} INFO - Setting next_dagrun for example_subdag_operator.section-1 to None, run_after=None
[2025-02-08T11:33:15.935+0000] {logging_mixin.py:190} INFO - [2025-02-08T11:33:15.935+0000] {dag.py:4180} INFO - Setting next_dagrun for example_subdag_operator.section-2 to None, run_after=None
[2025-02-08T11:33:15.943+0000] {logging_mixin.py:190} INFO - [2025-02-08T11:33:15.943+0000] {dag.py:3239} INFO - Sync 2 DAGs
[2025-02-08T11:33:15.948+0000] {logging_mixin.py:190} INFO - [2025-02-08T11:33:15.947+0000] {dag.py:4180} INFO - Setting next_dagrun for example_subdag_operator.section-1 to None, run_after=None
[2025-02-08T11:33:15.950+0000] {logging_mixin.py:190} INFO - [2025-02-08T11:33:15.950+0000] {dag.py:4180} INFO - Setting next_dagrun for example_subdag_operator.section-2 to None, run_after=None
[2025-02-08T11:33:15.958+0000] {processor.py:208} INFO - Processing /home/airflow/.local/lib/python3.12/site-packages/airflow/example_dags/example_subdag_operator.py took 0.203 seconds
[2025-02-08T11:33:46.787+0000] {processor.py:186} INFO - Started process (PID=484) to work on /home/airflow/.local/lib/python3.12/site-packages/airflow/example_dags/example_subdag_operator.py
[2025-02-08T11:33:46.788+0000] {processor.py:914} INFO - Processing file /home/airflow/.local/lib/python3.12/site-packages/airflow/example_dags/example_subdag_operator.py for tasks to queue
[2025-02-08T11:33:46.790+0000] {logging_mixin.py:190} INFO - [2025-02-08T11:33:46.790+0000] {dagbag.py:588} INFO - Filling up the DagBag from /home/airflow/.local/lib/python3.12/site-packages/airflow/example_dags/example_subdag_operator.py
[2025-02-08T11:33:46.811+0000] {processor.py:925} INFO - DAG(s) 'example_subdag_operator.section-1', 'example_subdag_operator.section-2', 'example_subdag_operator' retrieved from /home/airflow/.local/lib/python3.12/site-packages/airflow/example_dags/example_subdag_operator.py
[2025-02-08T11:33:46.823+0000] {logging_mixin.py:190} INFO - [2025-02-08T11:33:46.822+0000] {dag.py:3239} INFO - Sync 3 DAGs
[2025-02-08T11:33:46.840+0000] {logging_mixin.py:190} INFO - [2025-02-08T11:33:46.840+0000] {dag.py:4180} INFO - Setting next_dagrun for example_subdag_operator to 2022-01-01 00:00:00+00:00, run_after=2022-01-01 00:00:00+00:00
[2025-02-08T11:33:46.844+0000] {logging_mixin.py:190} INFO - [2025-02-08T11:33:46.844+0000] {dag.py:4180} INFO - Setting next_dagrun for example_subdag_operator.section-1 to None, run_after=None
[2025-02-08T11:33:46.846+0000] {logging_mixin.py:190} INFO - [2025-02-08T11:33:46.845+0000] {dag.py:4180} INFO - Setting next_dagrun for example_subdag_operator.section-2 to None, run_after=None
[2025-02-08T11:33:46.851+0000] {logging_mixin.py:190} INFO - [2025-02-08T11:33:46.851+0000] {dag.py:3239} INFO - Sync 2 DAGs
[2025-02-08T11:33:46.856+0000] {logging_mixin.py:190} INFO - [2025-02-08T11:33:46.856+0000] {dag.py:4180} INFO - Setting next_dagrun for example_subdag_operator.section-1 to None, run_after=None
[2025-02-08T11:33:46.856+0000] {logging_mixin.py:190} INFO - [2025-02-08T11:33:46.856+0000] {dag.py:4180} INFO - Setting next_dagrun for example_subdag_operator.section-2 to None, run_after=None
[2025-02-08T11:33:46.866+0000] {processor.py:208} INFO - Processing /home/airflow/.local/lib/python3.12/site-packages/airflow/example_dags/example_subdag_operator.py took 0.084 seconds
[2025-02-08T11:34:17.317+0000] {processor.py:186} INFO - Started process (PID=770) to work on /home/airflow/.local/lib/python3.12/site-packages/airflow/example_dags/example_subdag_operator.py
[2025-02-08T11:34:17.318+0000] {processor.py:914} INFO - Processing file /home/airflow/.local/lib/python3.12/site-packages/airflow/example_dags/example_subdag_operator.py for tasks to queue
[2025-02-08T11:34:17.320+0000] {logging_mixin.py:190} INFO - [2025-02-08T11:34:17.320+0000] {dagbag.py:588} INFO - Filling up the DagBag from /home/airflow/.local/lib/python3.12/site-packages/airflow/example_dags/example_subdag_operator.py
[2025-02-08T11:34:17.338+0000] {processor.py:925} INFO - DAG(s) 'example_subdag_operator.section-1', 'example_subdag_operator.section-2', 'example_subdag_operator' retrieved from /home/airflow/.local/lib/python3.12/site-packages/airflow/example_dags/example_subdag_operator.py
[2025-02-08T11:34:17.349+0000] {logging_mixin.py:190} INFO - [2025-02-08T11:34:17.349+0000] {dag.py:3239} INFO - Sync 3 DAGs
[2025-02-08T11:34:17.366+0000] {logging_mixin.py:190} INFO - [2025-02-08T11:34:17.366+0000] {dag.py:4180} INFO - Setting next_dagrun for example_subdag_operator to 2022-01-01 00:00:00+00:00, run_after=2022-01-01 00:00:00+00:00
[2025-02-08T11:34:17.369+0000] {logging_mixin.py:190} INFO - [2025-02-08T11:34:17.369+0000] {dag.py:4180} INFO - Setting next_dagrun for example_subdag_operator.section-1 to None, run_after=None
[2025-02-08T11:34:17.370+0000] {logging_mixin.py:190} INFO - [2025-02-08T11:34:17.370+0000] {dag.py:4180} INFO - Setting next_dagrun for example_subdag_operator.section-2 to None, run_after=None
[2025-02-08T11:34:17.375+0000] {logging_mixin.py:190} INFO - [2025-02-08T11:34:17.375+0000] {dag.py:3239} INFO - Sync 2 DAGs
[2025-02-08T11:34:17.379+0000] {logging_mixin.py:190} INFO - [2025-02-08T11:34:17.379+0000] {dag.py:4180} INFO - Setting next_dagrun for example_subdag_operator.section-1 to None, run_after=None
[2025-02-08T11:34:17.380+0000] {logging_mixin.py:190} INFO - [2025-02-08T11:34:17.380+0000] {dag.py:4180} INFO - Setting next_dagrun for example_subdag_operator.section-2 to None, run_after=None
[2025-02-08T11:34:17.388+0000] {processor.py:208} INFO - Processing /home/airflow/.local/lib/python3.12/site-packages/airflow/example_dags/example_subdag_operator.py took 0.075 seconds
[2025-02-08T11:34:47.573+0000] {processor.py:186} INFO - Started process (PID=1058) to work on /home/airflow/.local/lib/python3.12/site-packages/airflow/example_dags/example_subdag_operator.py
[2025-02-08T11:34:47.574+0000] {processor.py:914} INFO - Processing file /home/airflow/.local/lib/python3.12/site-packages/airflow/example_dags/example_subdag_operator.py for tasks to queue
[2025-02-08T11:34:47.576+0000] {logging_mixin.py:190} INFO - [2025-02-08T11:34:47.576+0000] {dagbag.py:588} INFO - Filling up the DagBag from /home/airflow/.local/lib/python3.12/site-packages/airflow/example_dags/example_subdag_operator.py
[2025-02-08T11:34:47.595+0000] {processor.py:925} INFO - DAG(s) 'example_subdag_operator.section-1', 'example_subdag_operator.section-2', 'example_subdag_operator' retrieved from /home/airflow/.local/lib/python3.12/site-packages/airflow/example_dags/example_subdag_operator.py
[2025-02-08T11:34:47.606+0000] {logging_mixin.py:190} INFO - [2025-02-08T11:34:47.605+0000] {dag.py:3239} INFO - Sync 3 DAGs
[2025-02-08T11:34:47.624+0000] {logging_mixin.py:190} INFO - [2025-02-08T11:34:47.624+0000] {dag.py:4180} INFO - Setting next_dagrun for example_subdag_operator to 2022-01-01 00:00:00+00:00, run_after=2022-01-01 00:00:00+00:00
[2025-02-08T11:34:47.627+0000] {logging_mixin.py:190} INFO - [2025-02-08T11:34:47.626+0000] {dag.py:4180} INFO - Setting next_dagrun for example_subdag_operator.section-1 to None, run_after=None
[2025-02-08T11:34:47.628+0000] {logging_mixin.py:190} INFO - [2025-02-08T11:34:47.628+0000] {dag.py:4180} INFO - Setting next_dagrun for example_subdag_operator.section-2 to None, run_after=None
[2025-02-08T11:34:47.633+0000] {logging_mixin.py:190} INFO - [2025-02-08T11:34:47.633+0000] {dag.py:3239} INFO - Sync 2 DAGs
[2025-02-08T11:34:47.637+0000] {logging_mixin.py:190} INFO - [2025-02-08T11:34:47.637+0000] {dag.py:4180} INFO - Setting next_dagrun for example_subdag_operator.section-1 to None, run_after=None
[2025-02-08T11:34:47.638+0000] {logging_mixin.py:190} INFO - [2025-02-08T11:34:47.638+0000] {dag.py:4180} INFO - Setting next_dagrun for example_subdag_operator.section-2 to None, run_after=None
[2025-02-08T11:34:47.648+0000] {processor.py:208} INFO - Processing /home/airflow/.local/lib/python3.12/site-packages/airflow/example_dags/example_subdag_operator.py took 0.079 seconds
[2025-02-08T11:35:17.678+0000] {processor.py:186} INFO - Started process (PID=1344) to work on /home/airflow/.local/lib/python3.12/site-packages/airflow/example_dags/example_subdag_operator.py
[2025-02-08T11:35:17.679+0000] {processor.py:914} INFO - Processing file /home/airflow/.local/lib/python3.12/site-packages/airflow/example_dags/example_subdag_operator.py for tasks to queue
[2025-02-08T11:35:17.681+0000] {logging_mixin.py:190} INFO - [2025-02-08T11:35:17.681+0000] {dagbag.py:588} INFO - Filling up the DagBag from /home/airflow/.local/lib/python3.12/site-packages/airflow/example_dags/example_subdag_operator.py
[2025-02-08T11:35:17.701+0000] {processor.py:925} INFO - DAG(s) 'example_subdag_operator.section-1', 'example_subdag_operator.section-2', 'example_subdag_operator' retrieved from /home/airflow/.local/lib/python3.12/site-packages/airflow/example_dags/example_subdag_operator.py
[2025-02-08T11:35:17.711+0000] {logging_mixin.py:190} INFO - [2025-02-08T11:35:17.711+0000] {dag.py:3239} INFO - Sync 3 DAGs
[2025-02-08T11:35:17.729+0000] {logging_mixin.py:190} INFO - [2025-02-08T11:35:17.729+0000] {dag.py:4180} INFO - Setting next_dagrun for example_subdag_operator to 2022-01-01 00:00:00+00:00, run_after=2022-01-01 00:00:00+00:00
[2025-02-08T11:35:17.732+0000] {logging_mixin.py:190} INFO - [2025-02-08T11:35:17.731+0000] {dag.py:4180} INFO - Setting next_dagrun for example_subdag_operator.section-1 to None, run_after=None
[2025-02-08T11:35:17.733+0000] {logging_mixin.py:190} INFO - [2025-02-08T11:35:17.733+0000] {dag.py:4180} INFO - Setting next_dagrun for example_subdag_operator.section-2 to None, run_after=None
[2025-02-08T11:35:17.738+0000] {logging_mixin.py:190} INFO - [2025-02-08T11:35:17.737+0000] {dag.py:3239} INFO - Sync 2 DAGs
[2025-02-08T11:35:17.741+0000] {logging_mixin.py:190} INFO - [2025-02-08T11:35:17.741+0000] {dag.py:4180} INFO - Setting next_dagrun for example_subdag_operator.section-1 to None, run_after=None
[2025-02-08T11:35:17.742+0000] {logging_mixin.py:190} INFO - [2025-02-08T11:35:17.741+0000] {dag.py:4180} INFO - Setting next_dagrun for example_subdag_operator.section-2 to None, run_after=None
[2025-02-08T11:35:17.750+0000] {processor.py:208} INFO - Processing /home/airflow/.local/lib/python3.12/site-packages/airflow/example_dags/example_subdag_operator.py took 0.076 seconds
