[2025-02-08T10:51:21.163+0000] {processor.py:186} INFO - Started process (PID=228) to work on /home/airflow/.local/lib/python3.12/site-packages/airflow/example_dags/example_latest_only_with_trigger.py
[2025-02-08T10:51:21.165+0000] {processor.py:914} INFO - Processing file /home/airflow/.local/lib/python3.12/site-packages/airflow/example_dags/example_latest_only_with_trigger.py for tasks to queue
[2025-02-08T10:51:21.167+0000] {logging_mixin.py:190} INFO - [2025-02-08T10:51:21.166+0000] {dagbag.py:588} INFO - Filling up the DagBag from /home/airflow/.local/lib/python3.12/site-packages/airflow/example_dags/example_latest_only_with_trigger.py
[2025-02-08T10:51:21.181+0000] {processor.py:925} INFO - DAG(s) 'latest_only_with_trigger' retrieved from /home/airflow/.local/lib/python3.12/site-packages/airflow/example_dags/example_latest_only_with_trigger.py
[2025-02-08T10:51:21.280+0000] {logging_mixin.py:190} INFO - [2025-02-08T10:51:21.280+0000] {override.py:1900} INFO - Created Permission View: can delete on DAG:latest_only_with_trigger
[2025-02-08T10:51:21.298+0000] {logging_mixin.py:190} INFO - [2025-02-08T10:51:21.298+0000] {override.py:1900} INFO - Created Permission View: can read on DAG:latest_only_with_trigger
[2025-02-08T10:51:21.306+0000] {logging_mixin.py:190} INFO - [2025-02-08T10:51:21.305+0000] {override.py:1900} INFO - Created Permission View: can edit on DAG:latest_only_with_trigger
[2025-02-08T10:51:21.327+0000] {logging_mixin.py:190} INFO - [2025-02-08T10:51:21.326+0000] {override.py:1900} INFO - Created Permission View: can delete on DAG Run:latest_only_with_trigger
[2025-02-08T10:51:21.335+0000] {logging_mixin.py:190} INFO - [2025-02-08T10:51:21.334+0000] {override.py:1900} INFO - Created Permission View: can read on DAG Run:latest_only_with_trigger
[2025-02-08T10:51:21.342+0000] {logging_mixin.py:190} INFO - [2025-02-08T10:51:21.342+0000] {override.py:1900} INFO - Created Permission View: menu access on DAG Run:latest_only_with_trigger
[2025-02-08T10:51:21.360+0000] {logging_mixin.py:190} INFO - [2025-02-08T10:51:21.359+0000] {override.py:1900} INFO - Created Permission View: can create on DAG Run:latest_only_with_trigger
[2025-02-08T10:51:21.360+0000] {logging_mixin.py:190} INFO - [2025-02-08T10:51:21.360+0000] {dag.py:3239} INFO - Sync 1 DAGs
[2025-02-08T10:51:21.370+0000] {logging_mixin.py:190} INFO - [2025-02-08T10:51:21.370+0000] {dag.py:3262} INFO - Creating ORM DAG for latest_only_with_trigger
[2025-02-08T10:51:21.379+0000] {logging_mixin.py:190} INFO - [2025-02-08T10:51:21.379+0000] {dag.py:4180} INFO - Setting next_dagrun for latest_only_with_trigger to 2025-02-08 04:00:00+00:00, run_after=2025-02-08 08:00:00+00:00
[2025-02-08T10:51:21.392+0000] {processor.py:208} INFO - Processing /home/airflow/.local/lib/python3.12/site-packages/airflow/example_dags/example_latest_only_with_trigger.py took 0.235 seconds
[2025-02-08T10:51:52.065+0000] {processor.py:186} INFO - Started process (PID=514) to work on /home/airflow/.local/lib/python3.12/site-packages/airflow/example_dags/example_latest_only_with_trigger.py
[2025-02-08T10:51:52.066+0000] {processor.py:914} INFO - Processing file /home/airflow/.local/lib/python3.12/site-packages/airflow/example_dags/example_latest_only_with_trigger.py for tasks to queue
[2025-02-08T10:51:52.068+0000] {logging_mixin.py:190} INFO - [2025-02-08T10:51:52.068+0000] {dagbag.py:588} INFO - Filling up the DagBag from /home/airflow/.local/lib/python3.12/site-packages/airflow/example_dags/example_latest_only_with_trigger.py
[2025-02-08T10:51:52.074+0000] {processor.py:925} INFO - DAG(s) 'latest_only_with_trigger' retrieved from /home/airflow/.local/lib/python3.12/site-packages/airflow/example_dags/example_latest_only_with_trigger.py
[2025-02-08T10:51:52.092+0000] {logging_mixin.py:190} INFO - [2025-02-08T10:51:52.092+0000] {dag.py:3239} INFO - Sync 1 DAGs
[2025-02-08T10:51:52.112+0000] {logging_mixin.py:190} INFO - [2025-02-08T10:51:52.112+0000] {dag.py:4180} INFO - Setting next_dagrun for latest_only_with_trigger to 2025-02-08 04:00:00+00:00, run_after=2025-02-08 08:00:00+00:00
[2025-02-08T10:51:52.130+0000] {processor.py:208} INFO - Processing /home/airflow/.local/lib/python3.12/site-packages/airflow/example_dags/example_latest_only_with_trigger.py took 0.069 seconds
[2025-02-08T10:52:22.416+0000] {processor.py:186} INFO - Started process (PID=800) to work on /home/airflow/.local/lib/python3.12/site-packages/airflow/example_dags/example_latest_only_with_trigger.py
[2025-02-08T10:52:22.417+0000] {processor.py:914} INFO - Processing file /home/airflow/.local/lib/python3.12/site-packages/airflow/example_dags/example_latest_only_with_trigger.py for tasks to queue
[2025-02-08T10:52:22.419+0000] {logging_mixin.py:190} INFO - [2025-02-08T10:52:22.418+0000] {dagbag.py:588} INFO - Filling up the DagBag from /home/airflow/.local/lib/python3.12/site-packages/airflow/example_dags/example_latest_only_with_trigger.py
[2025-02-08T10:52:22.424+0000] {processor.py:925} INFO - DAG(s) 'latest_only_with_trigger' retrieved from /home/airflow/.local/lib/python3.12/site-packages/airflow/example_dags/example_latest_only_with_trigger.py
[2025-02-08T10:52:22.442+0000] {logging_mixin.py:190} INFO - [2025-02-08T10:52:22.441+0000] {dag.py:3239} INFO - Sync 1 DAGs
[2025-02-08T10:52:22.462+0000] {logging_mixin.py:190} INFO - [2025-02-08T10:52:22.461+0000] {dag.py:4180} INFO - Setting next_dagrun for latest_only_with_trigger to 2025-02-08 04:00:00+00:00, run_after=2025-02-08 08:00:00+00:00
[2025-02-08T10:52:22.479+0000] {processor.py:208} INFO - Processing /home/airflow/.local/lib/python3.12/site-packages/airflow/example_dags/example_latest_only_with_trigger.py took 0.069 seconds
[2025-02-08T10:52:52.565+0000] {processor.py:186} INFO - Started process (PID=1086) to work on /home/airflow/.local/lib/python3.12/site-packages/airflow/example_dags/example_latest_only_with_trigger.py
[2025-02-08T10:52:52.566+0000] {processor.py:914} INFO - Processing file /home/airflow/.local/lib/python3.12/site-packages/airflow/example_dags/example_latest_only_with_trigger.py for tasks to queue
[2025-02-08T10:52:52.568+0000] {logging_mixin.py:190} INFO - [2025-02-08T10:52:52.568+0000] {dagbag.py:588} INFO - Filling up the DagBag from /home/airflow/.local/lib/python3.12/site-packages/airflow/example_dags/example_latest_only_with_trigger.py
[2025-02-08T10:52:52.574+0000] {processor.py:925} INFO - DAG(s) 'latest_only_with_trigger' retrieved from /home/airflow/.local/lib/python3.12/site-packages/airflow/example_dags/example_latest_only_with_trigger.py
[2025-02-08T10:52:52.590+0000] {logging_mixin.py:190} INFO - [2025-02-08T10:52:52.590+0000] {dag.py:3239} INFO - Sync 1 DAGs
[2025-02-08T10:52:52.608+0000] {logging_mixin.py:190} INFO - [2025-02-08T10:52:52.608+0000] {dag.py:4180} INFO - Setting next_dagrun for latest_only_with_trigger to 2025-02-08 04:00:00+00:00, run_after=2025-02-08 08:00:00+00:00
[2025-02-08T10:52:52.625+0000] {processor.py:208} INFO - Processing /home/airflow/.local/lib/python3.12/site-packages/airflow/example_dags/example_latest_only_with_trigger.py took 0.065 seconds
[2025-02-08T10:53:22.921+0000] {processor.py:186} INFO - Started process (PID=1372) to work on /home/airflow/.local/lib/python3.12/site-packages/airflow/example_dags/example_latest_only_with_trigger.py
[2025-02-08T10:53:22.922+0000] {processor.py:914} INFO - Processing file /home/airflow/.local/lib/python3.12/site-packages/airflow/example_dags/example_latest_only_with_trigger.py for tasks to queue
[2025-02-08T10:53:22.924+0000] {logging_mixin.py:190} INFO - [2025-02-08T10:53:22.923+0000] {dagbag.py:588} INFO - Filling up the DagBag from /home/airflow/.local/lib/python3.12/site-packages/airflow/example_dags/example_latest_only_with_trigger.py
[2025-02-08T10:53:22.929+0000] {processor.py:925} INFO - DAG(s) 'latest_only_with_trigger' retrieved from /home/airflow/.local/lib/python3.12/site-packages/airflow/example_dags/example_latest_only_with_trigger.py
[2025-02-08T10:53:22.945+0000] {logging_mixin.py:190} INFO - [2025-02-08T10:53:22.944+0000] {dag.py:3239} INFO - Sync 1 DAGs
[2025-02-08T10:53:22.962+0000] {logging_mixin.py:190} INFO - [2025-02-08T10:53:22.962+0000] {dag.py:4180} INFO - Setting next_dagrun for latest_only_with_trigger to 2025-02-08 04:00:00+00:00, run_after=2025-02-08 08:00:00+00:00
[2025-02-08T10:53:22.977+0000] {processor.py:208} INFO - Processing /home/airflow/.local/lib/python3.12/site-packages/airflow/example_dags/example_latest_only_with_trigger.py took 0.061 seconds
[2025-02-08T10:53:53.071+0000] {processor.py:186} INFO - Started process (PID=1658) to work on /home/airflow/.local/lib/python3.12/site-packages/airflow/example_dags/example_latest_only_with_trigger.py
[2025-02-08T10:53:53.072+0000] {processor.py:914} INFO - Processing file /home/airflow/.local/lib/python3.12/site-packages/airflow/example_dags/example_latest_only_with_trigger.py for tasks to queue
[2025-02-08T10:53:53.074+0000] {logging_mixin.py:190} INFO - [2025-02-08T10:53:53.074+0000] {dagbag.py:588} INFO - Filling up the DagBag from /home/airflow/.local/lib/python3.12/site-packages/airflow/example_dags/example_latest_only_with_trigger.py
[2025-02-08T10:53:53.080+0000] {processor.py:925} INFO - DAG(s) 'latest_only_with_trigger' retrieved from /home/airflow/.local/lib/python3.12/site-packages/airflow/example_dags/example_latest_only_with_trigger.py
[2025-02-08T10:53:53.098+0000] {logging_mixin.py:190} INFO - [2025-02-08T10:53:53.097+0000] {dag.py:3239} INFO - Sync 1 DAGs
[2025-02-08T10:53:53.119+0000] {logging_mixin.py:190} INFO - [2025-02-08T10:53:53.119+0000] {dag.py:4180} INFO - Setting next_dagrun for latest_only_with_trigger to 2025-02-08 04:00:00+00:00, run_after=2025-02-08 08:00:00+00:00
[2025-02-08T10:53:53.138+0000] {processor.py:208} INFO - Processing /home/airflow/.local/lib/python3.12/site-packages/airflow/example_dags/example_latest_only_with_trigger.py took 0.071 seconds
[2025-02-08T10:54:23.224+0000] {processor.py:186} INFO - Started process (PID=1941) to work on /home/airflow/.local/lib/python3.12/site-packages/airflow/example_dags/example_latest_only_with_trigger.py
[2025-02-08T10:54:23.225+0000] {processor.py:914} INFO - Processing file /home/airflow/.local/lib/python3.12/site-packages/airflow/example_dags/example_latest_only_with_trigger.py for tasks to queue
[2025-02-08T10:54:23.226+0000] {logging_mixin.py:190} INFO - [2025-02-08T10:54:23.226+0000] {dagbag.py:588} INFO - Filling up the DagBag from /home/airflow/.local/lib/python3.12/site-packages/airflow/example_dags/example_latest_only_with_trigger.py
[2025-02-08T10:54:23.232+0000] {processor.py:925} INFO - DAG(s) 'latest_only_with_trigger' retrieved from /home/airflow/.local/lib/python3.12/site-packages/airflow/example_dags/example_latest_only_with_trigger.py
[2025-02-08T10:54:23.247+0000] {logging_mixin.py:190} INFO - [2025-02-08T10:54:23.247+0000] {dag.py:3239} INFO - Sync 1 DAGs
[2025-02-08T10:54:23.266+0000] {logging_mixin.py:190} INFO - [2025-02-08T10:54:23.266+0000] {dag.py:4180} INFO - Setting next_dagrun for latest_only_with_trigger to 2025-02-08 04:00:00+00:00, run_after=2025-02-08 08:00:00+00:00
[2025-02-08T10:54:23.282+0000] {processor.py:208} INFO - Processing /home/airflow/.local/lib/python3.12/site-packages/airflow/example_dags/example_latest_only_with_trigger.py took 0.063 seconds
[2025-02-08T10:54:53.723+0000] {processor.py:186} INFO - Started process (PID=2232) to work on /home/airflow/.local/lib/python3.12/site-packages/airflow/example_dags/example_latest_only_with_trigger.py
[2025-02-08T10:54:53.723+0000] {processor.py:914} INFO - Processing file /home/airflow/.local/lib/python3.12/site-packages/airflow/example_dags/example_latest_only_with_trigger.py for tasks to queue
[2025-02-08T10:54:53.725+0000] {logging_mixin.py:190} INFO - [2025-02-08T10:54:53.725+0000] {dagbag.py:588} INFO - Filling up the DagBag from /home/airflow/.local/lib/python3.12/site-packages/airflow/example_dags/example_latest_only_with_trigger.py
[2025-02-08T10:54:53.731+0000] {processor.py:925} INFO - DAG(s) 'latest_only_with_trigger' retrieved from /home/airflow/.local/lib/python3.12/site-packages/airflow/example_dags/example_latest_only_with_trigger.py
[2025-02-08T10:54:53.746+0000] {logging_mixin.py:190} INFO - [2025-02-08T10:54:53.745+0000] {dag.py:3239} INFO - Sync 1 DAGs
[2025-02-08T10:54:53.763+0000] {logging_mixin.py:190} INFO - [2025-02-08T10:54:53.763+0000] {dag.py:4180} INFO - Setting next_dagrun for latest_only_with_trigger to 2025-02-08 04:00:00+00:00, run_after=2025-02-08 08:00:00+00:00
[2025-02-08T10:54:53.777+0000] {processor.py:208} INFO - Processing /home/airflow/.local/lib/python3.12/site-packages/airflow/example_dags/example_latest_only_with_trigger.py took 0.059 seconds
[2025-02-08T10:55:24.126+0000] {processor.py:186} INFO - Started process (PID=2518) to work on /home/airflow/.local/lib/python3.12/site-packages/airflow/example_dags/example_latest_only_with_trigger.py
[2025-02-08T10:55:24.127+0000] {processor.py:914} INFO - Processing file /home/airflow/.local/lib/python3.12/site-packages/airflow/example_dags/example_latest_only_with_trigger.py for tasks to queue
[2025-02-08T10:55:24.128+0000] {logging_mixin.py:190} INFO - [2025-02-08T10:55:24.128+0000] {dagbag.py:588} INFO - Filling up the DagBag from /home/airflow/.local/lib/python3.12/site-packages/airflow/example_dags/example_latest_only_with_trigger.py
[2025-02-08T10:55:24.134+0000] {processor.py:925} INFO - DAG(s) 'latest_only_with_trigger' retrieved from /home/airflow/.local/lib/python3.12/site-packages/airflow/example_dags/example_latest_only_with_trigger.py
[2025-02-08T10:55:24.150+0000] {logging_mixin.py:190} INFO - [2025-02-08T10:55:24.150+0000] {dag.py:3239} INFO - Sync 1 DAGs
[2025-02-08T10:55:24.169+0000] {logging_mixin.py:190} INFO - [2025-02-08T10:55:24.169+0000] {dag.py:4180} INFO - Setting next_dagrun for latest_only_with_trigger to 2025-02-08 04:00:00+00:00, run_after=2025-02-08 08:00:00+00:00
[2025-02-08T10:55:24.186+0000] {processor.py:208} INFO - Processing /home/airflow/.local/lib/python3.12/site-packages/airflow/example_dags/example_latest_only_with_trigger.py took 0.065 seconds
[2025-02-08T10:55:55.179+0000] {processor.py:186} INFO - Started process (PID=2804) to work on /home/airflow/.local/lib/python3.12/site-packages/airflow/example_dags/example_latest_only_with_trigger.py
[2025-02-08T10:55:55.180+0000] {processor.py:914} INFO - Processing file /home/airflow/.local/lib/python3.12/site-packages/airflow/example_dags/example_latest_only_with_trigger.py for tasks to queue
[2025-02-08T10:55:55.182+0000] {logging_mixin.py:190} INFO - [2025-02-08T10:55:55.182+0000] {dagbag.py:588} INFO - Filling up the DagBag from /home/airflow/.local/lib/python3.12/site-packages/airflow/example_dags/example_latest_only_with_trigger.py
[2025-02-08T10:55:55.188+0000] {processor.py:925} INFO - DAG(s) 'latest_only_with_trigger' retrieved from /home/airflow/.local/lib/python3.12/site-packages/airflow/example_dags/example_latest_only_with_trigger.py
[2025-02-08T10:55:55.205+0000] {logging_mixin.py:190} INFO - [2025-02-08T10:55:55.205+0000] {dag.py:3239} INFO - Sync 1 DAGs
[2025-02-08T10:55:55.224+0000] {logging_mixin.py:190} INFO - [2025-02-08T10:55:55.224+0000] {dag.py:4180} INFO - Setting next_dagrun for latest_only_with_trigger to 2025-02-08 04:00:00+00:00, run_after=2025-02-08 08:00:00+00:00
[2025-02-08T10:55:55.242+0000] {processor.py:208} INFO - Processing /home/airflow/.local/lib/python3.12/site-packages/airflow/example_dags/example_latest_only_with_trigger.py took 0.068 seconds
[2025-02-08T10:56:25.385+0000] {processor.py:186} INFO - Started process (PID=3090) to work on /home/airflow/.local/lib/python3.12/site-packages/airflow/example_dags/example_latest_only_with_trigger.py
[2025-02-08T10:56:25.386+0000] {processor.py:914} INFO - Processing file /home/airflow/.local/lib/python3.12/site-packages/airflow/example_dags/example_latest_only_with_trigger.py for tasks to queue
[2025-02-08T10:56:25.387+0000] {logging_mixin.py:190} INFO - [2025-02-08T10:56:25.387+0000] {dagbag.py:588} INFO - Filling up the DagBag from /home/airflow/.local/lib/python3.12/site-packages/airflow/example_dags/example_latest_only_with_trigger.py
[2025-02-08T10:56:25.393+0000] {processor.py:925} INFO - DAG(s) 'latest_only_with_trigger' retrieved from /home/airflow/.local/lib/python3.12/site-packages/airflow/example_dags/example_latest_only_with_trigger.py
[2025-02-08T10:56:25.407+0000] {logging_mixin.py:190} INFO - [2025-02-08T10:56:25.407+0000] {dag.py:3239} INFO - Sync 1 DAGs
[2025-02-08T10:56:25.425+0000] {logging_mixin.py:190} INFO - [2025-02-08T10:56:25.425+0000] {dag.py:4180} INFO - Setting next_dagrun for latest_only_with_trigger to 2025-02-08 04:00:00+00:00, run_after=2025-02-08 08:00:00+00:00
[2025-02-08T10:56:25.442+0000] {processor.py:208} INFO - Processing /home/airflow/.local/lib/python3.12/site-packages/airflow/example_dags/example_latest_only_with_trigger.py took 0.062 seconds
[2025-02-08T10:56:55.632+0000] {processor.py:186} INFO - Started process (PID=3376) to work on /home/airflow/.local/lib/python3.12/site-packages/airflow/example_dags/example_latest_only_with_trigger.py
[2025-02-08T10:56:55.632+0000] {processor.py:914} INFO - Processing file /home/airflow/.local/lib/python3.12/site-packages/airflow/example_dags/example_latest_only_with_trigger.py for tasks to queue
[2025-02-08T10:56:55.634+0000] {logging_mixin.py:190} INFO - [2025-02-08T10:56:55.634+0000] {dagbag.py:588} INFO - Filling up the DagBag from /home/airflow/.local/lib/python3.12/site-packages/airflow/example_dags/example_latest_only_with_trigger.py
[2025-02-08T10:56:55.640+0000] {processor.py:925} INFO - DAG(s) 'latest_only_with_trigger' retrieved from /home/airflow/.local/lib/python3.12/site-packages/airflow/example_dags/example_latest_only_with_trigger.py
[2025-02-08T10:56:55.655+0000] {logging_mixin.py:190} INFO - [2025-02-08T10:56:55.655+0000] {dag.py:3239} INFO - Sync 1 DAGs
[2025-02-08T10:56:55.673+0000] {logging_mixin.py:190} INFO - [2025-02-08T10:56:55.673+0000] {dag.py:4180} INFO - Setting next_dagrun for latest_only_with_trigger to 2025-02-08 04:00:00+00:00, run_after=2025-02-08 08:00:00+00:00
[2025-02-08T10:56:55.687+0000] {processor.py:208} INFO - Processing /home/airflow/.local/lib/python3.12/site-packages/airflow/example_dags/example_latest_only_with_trigger.py took 0.061 seconds
[2025-02-08T10:57:25.953+0000] {processor.py:186} INFO - Started process (PID=3662) to work on /home/airflow/.local/lib/python3.12/site-packages/airflow/example_dags/example_latest_only_with_trigger.py
[2025-02-08T10:57:25.954+0000] {processor.py:914} INFO - Processing file /home/airflow/.local/lib/python3.12/site-packages/airflow/example_dags/example_latest_only_with_trigger.py for tasks to queue
[2025-02-08T10:57:25.956+0000] {logging_mixin.py:190} INFO - [2025-02-08T10:57:25.955+0000] {dagbag.py:588} INFO - Filling up the DagBag from /home/airflow/.local/lib/python3.12/site-packages/airflow/example_dags/example_latest_only_with_trigger.py
[2025-02-08T10:57:25.963+0000] {processor.py:925} INFO - DAG(s) 'latest_only_with_trigger' retrieved from /home/airflow/.local/lib/python3.12/site-packages/airflow/example_dags/example_latest_only_with_trigger.py
[2025-02-08T10:57:25.980+0000] {logging_mixin.py:190} INFO - [2025-02-08T10:57:25.980+0000] {dag.py:3239} INFO - Sync 1 DAGs
[2025-02-08T10:57:26.000+0000] {logging_mixin.py:190} INFO - [2025-02-08T10:57:26.000+0000] {dag.py:4180} INFO - Setting next_dagrun for latest_only_with_trigger to 2025-02-08 04:00:00+00:00, run_after=2025-02-08 08:00:00+00:00
[2025-02-08T10:57:26.016+0000] {processor.py:208} INFO - Processing /home/airflow/.local/lib/python3.12/site-packages/airflow/example_dags/example_latest_only_with_trigger.py took 0.068 seconds
[2025-02-08T10:57:56.490+0000] {processor.py:186} INFO - Started process (PID=3948) to work on /home/airflow/.local/lib/python3.12/site-packages/airflow/example_dags/example_latest_only_with_trigger.py
[2025-02-08T10:57:56.491+0000] {processor.py:914} INFO - Processing file /home/airflow/.local/lib/python3.12/site-packages/airflow/example_dags/example_latest_only_with_trigger.py for tasks to queue
[2025-02-08T10:57:56.493+0000] {logging_mixin.py:190} INFO - [2025-02-08T10:57:56.492+0000] {dagbag.py:588} INFO - Filling up the DagBag from /home/airflow/.local/lib/python3.12/site-packages/airflow/example_dags/example_latest_only_with_trigger.py
[2025-02-08T10:57:56.498+0000] {processor.py:925} INFO - DAG(s) 'latest_only_with_trigger' retrieved from /home/airflow/.local/lib/python3.12/site-packages/airflow/example_dags/example_latest_only_with_trigger.py
[2025-02-08T10:57:56.513+0000] {logging_mixin.py:190} INFO - [2025-02-08T10:57:56.513+0000] {dag.py:3239} INFO - Sync 1 DAGs
[2025-02-08T10:57:56.529+0000] {logging_mixin.py:190} INFO - [2025-02-08T10:57:56.529+0000] {dag.py:4180} INFO - Setting next_dagrun for latest_only_with_trigger to 2025-02-08 04:00:00+00:00, run_after=2025-02-08 08:00:00+00:00
[2025-02-08T10:57:56.544+0000] {processor.py:208} INFO - Processing /home/airflow/.local/lib/python3.12/site-packages/airflow/example_dags/example_latest_only_with_trigger.py took 0.060 seconds
[2025-02-08T10:58:26.680+0000] {processor.py:186} INFO - Started process (PID=4240) to work on /home/airflow/.local/lib/python3.12/site-packages/airflow/example_dags/example_latest_only_with_trigger.py
[2025-02-08T10:58:26.682+0000] {processor.py:914} INFO - Processing file /home/airflow/.local/lib/python3.12/site-packages/airflow/example_dags/example_latest_only_with_trigger.py for tasks to queue
[2025-02-08T10:58:26.684+0000] {logging_mixin.py:190} INFO - [2025-02-08T10:58:26.683+0000] {dagbag.py:588} INFO - Filling up the DagBag from /home/airflow/.local/lib/python3.12/site-packages/airflow/example_dags/example_latest_only_with_trigger.py
[2025-02-08T10:58:26.692+0000] {processor.py:925} INFO - DAG(s) 'latest_only_with_trigger' retrieved from /home/airflow/.local/lib/python3.12/site-packages/airflow/example_dags/example_latest_only_with_trigger.py
[2025-02-08T10:58:26.710+0000] {logging_mixin.py:190} INFO - [2025-02-08T10:58:26.710+0000] {dag.py:3239} INFO - Sync 1 DAGs
[2025-02-08T10:58:26.731+0000] {logging_mixin.py:190} INFO - [2025-02-08T10:58:26.731+0000] {dag.py:4180} INFO - Setting next_dagrun for latest_only_with_trigger to 2025-02-08 04:00:00+00:00, run_after=2025-02-08 08:00:00+00:00
[2025-02-08T10:58:26.748+0000] {processor.py:208} INFO - Processing /home/airflow/.local/lib/python3.12/site-packages/airflow/example_dags/example_latest_only_with_trigger.py took 0.076 seconds
[2025-02-08T10:58:57.222+0000] {processor.py:186} INFO - Started process (PID=4722) to work on /home/airflow/.local/lib/python3.12/site-packages/airflow/example_dags/example_latest_only_with_trigger.py
[2025-02-08T10:58:57.223+0000] {processor.py:914} INFO - Processing file /home/airflow/.local/lib/python3.12/site-packages/airflow/example_dags/example_latest_only_with_trigger.py for tasks to queue
[2025-02-08T10:58:57.225+0000] {logging_mixin.py:190} INFO - [2025-02-08T10:58:57.224+0000] {dagbag.py:588} INFO - Filling up the DagBag from /home/airflow/.local/lib/python3.12/site-packages/airflow/example_dags/example_latest_only_with_trigger.py
[2025-02-08T10:58:57.231+0000] {processor.py:925} INFO - DAG(s) 'latest_only_with_trigger' retrieved from /home/airflow/.local/lib/python3.12/site-packages/airflow/example_dags/example_latest_only_with_trigger.py
[2025-02-08T10:58:57.249+0000] {logging_mixin.py:190} INFO - [2025-02-08T10:58:57.249+0000] {dag.py:3239} INFO - Sync 1 DAGs
[2025-02-08T10:58:57.271+0000] {logging_mixin.py:190} INFO - [2025-02-08T10:58:57.271+0000] {dag.py:4180} INFO - Setting next_dagrun for latest_only_with_trigger to 2025-02-08 04:00:00+00:00, run_after=2025-02-08 08:00:00+00:00
[2025-02-08T10:58:57.292+0000] {processor.py:208} INFO - Processing /home/airflow/.local/lib/python3.12/site-packages/airflow/example_dags/example_latest_only_with_trigger.py took 0.075 seconds
[2025-02-08T10:59:27.362+0000] {processor.py:186} INFO - Started process (PID=5008) to work on /home/airflow/.local/lib/python3.12/site-packages/airflow/example_dags/example_latest_only_with_trigger.py
[2025-02-08T10:59:27.362+0000] {processor.py:914} INFO - Processing file /home/airflow/.local/lib/python3.12/site-packages/airflow/example_dags/example_latest_only_with_trigger.py for tasks to queue
[2025-02-08T10:59:27.364+0000] {logging_mixin.py:190} INFO - [2025-02-08T10:59:27.364+0000] {dagbag.py:588} INFO - Filling up the DagBag from /home/airflow/.local/lib/python3.12/site-packages/airflow/example_dags/example_latest_only_with_trigger.py
[2025-02-08T10:59:27.371+0000] {processor.py:925} INFO - DAG(s) 'latest_only_with_trigger' retrieved from /home/airflow/.local/lib/python3.12/site-packages/airflow/example_dags/example_latest_only_with_trigger.py
[2025-02-08T10:59:27.388+0000] {logging_mixin.py:190} INFO - [2025-02-08T10:59:27.388+0000] {dag.py:3239} INFO - Sync 1 DAGs
[2025-02-08T10:59:27.411+0000] {logging_mixin.py:190} INFO - [2025-02-08T10:59:27.411+0000] {dag.py:4180} INFO - Setting next_dagrun for latest_only_with_trigger to 2025-02-08 04:00:00+00:00, run_after=2025-02-08 08:00:00+00:00
[2025-02-08T10:59:27.428+0000] {processor.py:208} INFO - Processing /home/airflow/.local/lib/python3.12/site-packages/airflow/example_dags/example_latest_only_with_trigger.py took 0.073 seconds
[2025-02-08T11:01:56.974+0000] {processor.py:186} INFO - Started process (PID=228) to work on /home/airflow/.local/lib/python3.12/site-packages/airflow/example_dags/example_latest_only_with_trigger.py
[2025-02-08T11:01:56.975+0000] {processor.py:914} INFO - Processing file /home/airflow/.local/lib/python3.12/site-packages/airflow/example_dags/example_latest_only_with_trigger.py for tasks to queue
[2025-02-08T11:01:56.977+0000] {logging_mixin.py:190} INFO - [2025-02-08T11:01:56.977+0000] {dagbag.py:588} INFO - Filling up the DagBag from /home/airflow/.local/lib/python3.12/site-packages/airflow/example_dags/example_latest_only_with_trigger.py
[2025-02-08T11:01:56.985+0000] {processor.py:925} INFO - DAG(s) 'latest_only_with_trigger' retrieved from /home/airflow/.local/lib/python3.12/site-packages/airflow/example_dags/example_latest_only_with_trigger.py
[2025-02-08T11:01:57.072+0000] {logging_mixin.py:190} INFO - [2025-02-08T11:01:57.071+0000] {override.py:1900} INFO - Created Permission View: can read on DAG:latest_only_with_trigger
[2025-02-08T11:01:57.080+0000] {logging_mixin.py:190} INFO - [2025-02-08T11:01:57.080+0000] {override.py:1900} INFO - Created Permission View: can delete on DAG:latest_only_with_trigger
[2025-02-08T11:01:57.086+0000] {logging_mixin.py:190} INFO - [2025-02-08T11:01:57.085+0000] {override.py:1900} INFO - Created Permission View: can edit on DAG:latest_only_with_trigger
[2025-02-08T11:01:57.092+0000] {logging_mixin.py:190} INFO - [2025-02-08T11:01:57.092+0000] {override.py:1900} INFO - Created Permission View: menu access on DAG Run:latest_only_with_trigger
[2025-02-08T11:01:57.098+0000] {logging_mixin.py:190} INFO - [2025-02-08T11:01:57.098+0000] {override.py:1900} INFO - Created Permission View: can read on DAG Run:latest_only_with_trigger
[2025-02-08T11:01:57.104+0000] {logging_mixin.py:190} INFO - [2025-02-08T11:01:57.103+0000] {override.py:1900} INFO - Created Permission View: can create on DAG Run:latest_only_with_trigger
[2025-02-08T11:01:57.109+0000] {logging_mixin.py:190} INFO - [2025-02-08T11:01:57.109+0000] {override.py:1900} INFO - Created Permission View: can delete on DAG Run:latest_only_with_trigger
[2025-02-08T11:01:57.110+0000] {logging_mixin.py:190} INFO - [2025-02-08T11:01:57.110+0000] {dag.py:3239} INFO - Sync 1 DAGs
[2025-02-08T11:01:57.120+0000] {logging_mixin.py:190} INFO - [2025-02-08T11:01:57.120+0000] {dag.py:3262} INFO - Creating ORM DAG for latest_only_with_trigger
[2025-02-08T11:01:57.128+0000] {logging_mixin.py:190} INFO - [2025-02-08T11:01:57.128+0000] {dag.py:4180} INFO - Setting next_dagrun for latest_only_with_trigger to 2025-02-08 04:00:00+00:00, run_after=2025-02-08 08:00:00+00:00
[2025-02-08T11:01:57.140+0000] {processor.py:208} INFO - Processing /home/airflow/.local/lib/python3.12/site-packages/airflow/example_dags/example_latest_only_with_trigger.py took 0.171 seconds
[2025-02-08T11:02:27.198+0000] {processor.py:186} INFO - Started process (PID=509) to work on /home/airflow/.local/lib/python3.12/site-packages/airflow/example_dags/example_latest_only_with_trigger.py
[2025-02-08T11:02:27.199+0000] {processor.py:914} INFO - Processing file /home/airflow/.local/lib/python3.12/site-packages/airflow/example_dags/example_latest_only_with_trigger.py for tasks to queue
[2025-02-08T11:02:27.201+0000] {logging_mixin.py:190} INFO - [2025-02-08T11:02:27.201+0000] {dagbag.py:588} INFO - Filling up the DagBag from /home/airflow/.local/lib/python3.12/site-packages/airflow/example_dags/example_latest_only_with_trigger.py
[2025-02-08T11:02:27.207+0000] {processor.py:925} INFO - DAG(s) 'latest_only_with_trigger' retrieved from /home/airflow/.local/lib/python3.12/site-packages/airflow/example_dags/example_latest_only_with_trigger.py
[2025-02-08T11:02:27.222+0000] {logging_mixin.py:190} INFO - [2025-02-08T11:02:27.222+0000] {dag.py:3239} INFO - Sync 1 DAGs
[2025-02-08T11:02:27.239+0000] {logging_mixin.py:190} INFO - [2025-02-08T11:02:27.239+0000] {dag.py:4180} INFO - Setting next_dagrun for latest_only_with_trigger to 2025-02-08 04:00:00+00:00, run_after=2025-02-08 08:00:00+00:00
[2025-02-08T11:02:27.253+0000] {processor.py:208} INFO - Processing /home/airflow/.local/lib/python3.12/site-packages/airflow/example_dags/example_latest_only_with_trigger.py took 0.060 seconds
[2025-02-08T11:03:37.351+0000] {processor.py:186} INFO - Started process (PID=228) to work on /home/airflow/.local/lib/python3.12/site-packages/airflow/example_dags/example_latest_only_with_trigger.py
[2025-02-08T11:03:37.352+0000] {processor.py:914} INFO - Processing file /home/airflow/.local/lib/python3.12/site-packages/airflow/example_dags/example_latest_only_with_trigger.py for tasks to queue
[2025-02-08T11:03:37.354+0000] {logging_mixin.py:190} INFO - [2025-02-08T11:03:37.354+0000] {dagbag.py:588} INFO - Filling up the DagBag from /home/airflow/.local/lib/python3.12/site-packages/airflow/example_dags/example_latest_only_with_trigger.py
[2025-02-08T11:03:37.360+0000] {processor.py:925} INFO - DAG(s) 'latest_only_with_trigger' retrieved from /home/airflow/.local/lib/python3.12/site-packages/airflow/example_dags/example_latest_only_with_trigger.py
[2025-02-08T11:03:37.385+0000] {logging_mixin.py:190} INFO - [2025-02-08T11:03:37.385+0000] {dag.py:3239} INFO - Sync 1 DAGs
[2025-02-08T11:03:37.404+0000] {logging_mixin.py:190} INFO - [2025-02-08T11:03:37.403+0000] {dag.py:4180} INFO - Setting next_dagrun for latest_only_with_trigger to 2025-02-08 04:00:00+00:00, run_after=2025-02-08 08:00:00+00:00
[2025-02-08T11:03:37.419+0000] {processor.py:208} INFO - Processing /home/airflow/.local/lib/python3.12/site-packages/airflow/example_dags/example_latest_only_with_trigger.py took 0.073 seconds
[2025-02-08T11:04:07.837+0000] {processor.py:186} INFO - Started process (PID=514) to work on /home/airflow/.local/lib/python3.12/site-packages/airflow/example_dags/example_latest_only_with_trigger.py
[2025-02-08T11:04:07.838+0000] {processor.py:914} INFO - Processing file /home/airflow/.local/lib/python3.12/site-packages/airflow/example_dags/example_latest_only_with_trigger.py for tasks to queue
[2025-02-08T11:04:07.840+0000] {logging_mixin.py:190} INFO - [2025-02-08T11:04:07.840+0000] {dagbag.py:588} INFO - Filling up the DagBag from /home/airflow/.local/lib/python3.12/site-packages/airflow/example_dags/example_latest_only_with_trigger.py
[2025-02-08T11:04:07.846+0000] {processor.py:925} INFO - DAG(s) 'latest_only_with_trigger' retrieved from /home/airflow/.local/lib/python3.12/site-packages/airflow/example_dags/example_latest_only_with_trigger.py
[2025-02-08T11:04:07.866+0000] {logging_mixin.py:190} INFO - [2025-02-08T11:04:07.866+0000] {dag.py:3239} INFO - Sync 1 DAGs
[2025-02-08T11:04:07.889+0000] {logging_mixin.py:190} INFO - [2025-02-08T11:04:07.889+0000] {dag.py:4180} INFO - Setting next_dagrun for latest_only_with_trigger to 2025-02-08 04:00:00+00:00, run_after=2025-02-08 08:00:00+00:00
[2025-02-08T11:04:07.906+0000] {processor.py:208} INFO - Processing /home/airflow/.local/lib/python3.12/site-packages/airflow/example_dags/example_latest_only_with_trigger.py took 0.074 seconds
[2025-02-08T11:04:38.154+0000] {processor.py:186} INFO - Started process (PID=802) to work on /home/airflow/.local/lib/python3.12/site-packages/airflow/example_dags/example_latest_only_with_trigger.py
[2025-02-08T11:04:38.155+0000] {processor.py:914} INFO - Processing file /home/airflow/.local/lib/python3.12/site-packages/airflow/example_dags/example_latest_only_with_trigger.py for tasks to queue
[2025-02-08T11:04:38.157+0000] {logging_mixin.py:190} INFO - [2025-02-08T11:04:38.156+0000] {dagbag.py:588} INFO - Filling up the DagBag from /home/airflow/.local/lib/python3.12/site-packages/airflow/example_dags/example_latest_only_with_trigger.py
[2025-02-08T11:04:38.162+0000] {processor.py:925} INFO - DAG(s) 'latest_only_with_trigger' retrieved from /home/airflow/.local/lib/python3.12/site-packages/airflow/example_dags/example_latest_only_with_trigger.py
[2025-02-08T11:04:38.176+0000] {logging_mixin.py:190} INFO - [2025-02-08T11:04:38.176+0000] {dag.py:3239} INFO - Sync 1 DAGs
[2025-02-08T11:04:38.194+0000] {logging_mixin.py:190} INFO - [2025-02-08T11:04:38.194+0000] {dag.py:4180} INFO - Setting next_dagrun for latest_only_with_trigger to 2025-02-08 04:00:00+00:00, run_after=2025-02-08 08:00:00+00:00
[2025-02-08T11:04:38.209+0000] {processor.py:208} INFO - Processing /home/airflow/.local/lib/python3.12/site-packages/airflow/example_dags/example_latest_only_with_trigger.py took 0.059 seconds
[2025-02-08T11:33:17.148+0000] {processor.py:186} INFO - Started process (PID=230) to work on /home/airflow/.local/lib/python3.12/site-packages/airflow/example_dags/example_latest_only_with_trigger.py
[2025-02-08T11:33:17.149+0000] {processor.py:914} INFO - Processing file /home/airflow/.local/lib/python3.12/site-packages/airflow/example_dags/example_latest_only_with_trigger.py for tasks to queue
[2025-02-08T11:33:17.151+0000] {logging_mixin.py:190} INFO - [2025-02-08T11:33:17.151+0000] {dagbag.py:588} INFO - Filling up the DagBag from /home/airflow/.local/lib/python3.12/site-packages/airflow/example_dags/example_latest_only_with_trigger.py
[2025-02-08T11:33:17.158+0000] {processor.py:925} INFO - DAG(s) 'latest_only_with_trigger' retrieved from /home/airflow/.local/lib/python3.12/site-packages/airflow/example_dags/example_latest_only_with_trigger.py
[2025-02-08T11:33:17.251+0000] {logging_mixin.py:190} INFO - [2025-02-08T11:33:17.250+0000] {override.py:1900} INFO - Created Permission View: can edit on DAG:latest_only_with_trigger
[2025-02-08T11:33:17.258+0000] {logging_mixin.py:190} INFO - [2025-02-08T11:33:17.258+0000] {override.py:1900} INFO - Created Permission View: can delete on DAG:latest_only_with_trigger
[2025-02-08T11:33:17.264+0000] {logging_mixin.py:190} INFO - [2025-02-08T11:33:17.263+0000] {override.py:1900} INFO - Created Permission View: can read on DAG:latest_only_with_trigger
[2025-02-08T11:33:17.270+0000] {logging_mixin.py:190} INFO - [2025-02-08T11:33:17.270+0000] {override.py:1900} INFO - Created Permission View: menu access on DAG Run:latest_only_with_trigger
[2025-02-08T11:33:17.275+0000] {logging_mixin.py:190} INFO - [2025-02-08T11:33:17.275+0000] {override.py:1900} INFO - Created Permission View: can create on DAG Run:latest_only_with_trigger
[2025-02-08T11:33:17.281+0000] {logging_mixin.py:190} INFO - [2025-02-08T11:33:17.281+0000] {override.py:1900} INFO - Created Permission View: can delete on DAG Run:latest_only_with_trigger
[2025-02-08T11:33:17.286+0000] {logging_mixin.py:190} INFO - [2025-02-08T11:33:17.286+0000] {override.py:1900} INFO - Created Permission View: can read on DAG Run:latest_only_with_trigger
[2025-02-08T11:33:17.287+0000] {logging_mixin.py:190} INFO - [2025-02-08T11:33:17.286+0000] {dag.py:3239} INFO - Sync 1 DAGs
[2025-02-08T11:33:17.297+0000] {logging_mixin.py:190} INFO - [2025-02-08T11:33:17.297+0000] {dag.py:3262} INFO - Creating ORM DAG for latest_only_with_trigger
[2025-02-08T11:33:17.304+0000] {logging_mixin.py:190} INFO - [2025-02-08T11:33:17.304+0000] {dag.py:4180} INFO - Setting next_dagrun for latest_only_with_trigger to 2025-02-08 04:00:00+00:00, run_after=2025-02-08 08:00:00+00:00
[2025-02-08T11:33:17.318+0000] {processor.py:208} INFO - Processing /home/airflow/.local/lib/python3.12/site-packages/airflow/example_dags/example_latest_only_with_trigger.py took 0.175 seconds
[2025-02-08T11:33:48.084+0000] {processor.py:186} INFO - Started process (PID=516) to work on /home/airflow/.local/lib/python3.12/site-packages/airflow/example_dags/example_latest_only_with_trigger.py
[2025-02-08T11:33:48.085+0000] {processor.py:914} INFO - Processing file /home/airflow/.local/lib/python3.12/site-packages/airflow/example_dags/example_latest_only_with_trigger.py for tasks to queue
[2025-02-08T11:33:48.086+0000] {logging_mixin.py:190} INFO - [2025-02-08T11:33:48.086+0000] {dagbag.py:588} INFO - Filling up the DagBag from /home/airflow/.local/lib/python3.12/site-packages/airflow/example_dags/example_latest_only_with_trigger.py
[2025-02-08T11:33:48.092+0000] {processor.py:925} INFO - DAG(s) 'latest_only_with_trigger' retrieved from /home/airflow/.local/lib/python3.12/site-packages/airflow/example_dags/example_latest_only_with_trigger.py
[2025-02-08T11:33:48.106+0000] {logging_mixin.py:190} INFO - [2025-02-08T11:33:48.105+0000] {dag.py:3239} INFO - Sync 1 DAGs
[2025-02-08T11:33:48.122+0000] {logging_mixin.py:190} INFO - [2025-02-08T11:33:48.122+0000] {dag.py:4180} INFO - Setting next_dagrun for latest_only_with_trigger to 2025-02-08 04:00:00+00:00, run_after=2025-02-08 08:00:00+00:00
[2025-02-08T11:33:48.136+0000] {processor.py:208} INFO - Processing /home/airflow/.local/lib/python3.12/site-packages/airflow/example_dags/example_latest_only_with_trigger.py took 0.056 seconds
[2025-02-08T11:34:18.611+0000] {processor.py:186} INFO - Started process (PID=802) to work on /home/airflow/.local/lib/python3.12/site-packages/airflow/example_dags/example_latest_only_with_trigger.py
[2025-02-08T11:34:18.612+0000] {processor.py:914} INFO - Processing file /home/airflow/.local/lib/python3.12/site-packages/airflow/example_dags/example_latest_only_with_trigger.py for tasks to queue
[2025-02-08T11:34:18.614+0000] {logging_mixin.py:190} INFO - [2025-02-08T11:34:18.614+0000] {dagbag.py:588} INFO - Filling up the DagBag from /home/airflow/.local/lib/python3.12/site-packages/airflow/example_dags/example_latest_only_with_trigger.py
[2025-02-08T11:34:18.620+0000] {processor.py:925} INFO - DAG(s) 'latest_only_with_trigger' retrieved from /home/airflow/.local/lib/python3.12/site-packages/airflow/example_dags/example_latest_only_with_trigger.py
[2025-02-08T11:34:18.637+0000] {logging_mixin.py:190} INFO - [2025-02-08T11:34:18.637+0000] {dag.py:3239} INFO - Sync 1 DAGs
[2025-02-08T11:34:18.655+0000] {logging_mixin.py:190} INFO - [2025-02-08T11:34:18.655+0000] {dag.py:4180} INFO - Setting next_dagrun for latest_only_with_trigger to 2025-02-08 04:00:00+00:00, run_after=2025-02-08 08:00:00+00:00
[2025-02-08T11:34:18.671+0000] {processor.py:208} INFO - Processing /home/airflow/.local/lib/python3.12/site-packages/airflow/example_dags/example_latest_only_with_trigger.py took 0.065 seconds
[2025-02-08T11:34:48.853+0000] {processor.py:186} INFO - Started process (PID=1088) to work on /home/airflow/.local/lib/python3.12/site-packages/airflow/example_dags/example_latest_only_with_trigger.py
[2025-02-08T11:34:48.854+0000] {processor.py:914} INFO - Processing file /home/airflow/.local/lib/python3.12/site-packages/airflow/example_dags/example_latest_only_with_trigger.py for tasks to queue
[2025-02-08T11:34:48.856+0000] {logging_mixin.py:190} INFO - [2025-02-08T11:34:48.855+0000] {dagbag.py:588} INFO - Filling up the DagBag from /home/airflow/.local/lib/python3.12/site-packages/airflow/example_dags/example_latest_only_with_trigger.py
[2025-02-08T11:34:48.861+0000] {processor.py:925} INFO - DAG(s) 'latest_only_with_trigger' retrieved from /home/airflow/.local/lib/python3.12/site-packages/airflow/example_dags/example_latest_only_with_trigger.py
[2025-02-08T11:34:48.877+0000] {logging_mixin.py:190} INFO - [2025-02-08T11:34:48.876+0000] {dag.py:3239} INFO - Sync 1 DAGs
[2025-02-08T11:34:48.895+0000] {logging_mixin.py:190} INFO - [2025-02-08T11:34:48.895+0000] {dag.py:4180} INFO - Setting next_dagrun for latest_only_with_trigger to 2025-02-08 04:00:00+00:00, run_after=2025-02-08 08:00:00+00:00
[2025-02-08T11:34:48.910+0000] {processor.py:208} INFO - Processing /home/airflow/.local/lib/python3.12/site-packages/airflow/example_dags/example_latest_only_with_trigger.py took 0.062 seconds
[2025-02-08T11:35:18.984+0000] {processor.py:186} INFO - Started process (PID=1372) to work on /home/airflow/.local/lib/python3.12/site-packages/airflow/example_dags/example_latest_only_with_trigger.py
[2025-02-08T11:35:18.985+0000] {processor.py:914} INFO - Processing file /home/airflow/.local/lib/python3.12/site-packages/airflow/example_dags/example_latest_only_with_trigger.py for tasks to queue
[2025-02-08T11:35:18.987+0000] {logging_mixin.py:190} INFO - [2025-02-08T11:35:18.987+0000] {dagbag.py:588} INFO - Filling up the DagBag from /home/airflow/.local/lib/python3.12/site-packages/airflow/example_dags/example_latest_only_with_trigger.py
[2025-02-08T11:35:18.993+0000] {processor.py:925} INFO - DAG(s) 'latest_only_with_trigger' retrieved from /home/airflow/.local/lib/python3.12/site-packages/airflow/example_dags/example_latest_only_with_trigger.py
[2025-02-08T11:35:19.008+0000] {logging_mixin.py:190} INFO - [2025-02-08T11:35:19.008+0000] {dag.py:3239} INFO - Sync 1 DAGs
[2025-02-08T11:35:19.027+0000] {logging_mixin.py:190} INFO - [2025-02-08T11:35:19.026+0000] {dag.py:4180} INFO - Setting next_dagrun for latest_only_with_trigger to 2025-02-08 04:00:00+00:00, run_after=2025-02-08 08:00:00+00:00
[2025-02-08T11:35:19.043+0000] {processor.py:208} INFO - Processing /home/airflow/.local/lib/python3.12/site-packages/airflow/example_dags/example_latest_only_with_trigger.py took 0.064 seconds
