[2025-02-08T10:51:20.927+0000] {processor.py:186} INFO - Started process (PID=223) to work on /home/airflow/.local/lib/python3.12/site-packages/airflow/example_dags/example_params_trigger_ui.py
[2025-02-08T10:51:20.928+0000] {processor.py:914} INFO - Processing file /home/airflow/.local/lib/python3.12/site-packages/airflow/example_dags/example_params_trigger_ui.py for tasks to queue
[2025-02-08T10:51:20.931+0000] {logging_mixin.py:190} INFO - [2025-02-08T10:51:20.931+0000] {dagbag.py:588} INFO - Filling up the DagBag from /home/airflow/.local/lib/python3.12/site-packages/airflow/example_dags/example_params_trigger_ui.py
[2025-02-08T10:51:20.946+0000] {processor.py:925} INFO - DAG(s) 'example_params_trigger_ui' retrieved from /home/airflow/.local/lib/python3.12/site-packages/airflow/example_dags/example_params_trigger_ui.py
[2025-02-08T10:51:21.063+0000] {logging_mixin.py:190} INFO - [2025-02-08T10:51:21.062+0000] {override.py:1900} INFO - Created Permission View: can delete on DAG:example_params_trigger_ui
[2025-02-08T10:51:21.072+0000] {logging_mixin.py:190} INFO - [2025-02-08T10:51:21.071+0000] {override.py:1900} INFO - Created Permission View: can read on DAG:example_params_trigger_ui
[2025-02-08T10:51:21.077+0000] {logging_mixin.py:190} INFO - [2025-02-08T10:51:21.077+0000] {override.py:1900} INFO - Created Permission View: can edit on DAG:example_params_trigger_ui
[2025-02-08T10:51:21.085+0000] {logging_mixin.py:190} INFO - [2025-02-08T10:51:21.085+0000] {override.py:1900} INFO - Created Permission View: can delete on DAG Run:example_params_trigger_ui
[2025-02-08T10:51:21.095+0000] {logging_mixin.py:190} INFO - [2025-02-08T10:51:21.094+0000] {override.py:1900} INFO - Created Permission View: can read on DAG Run:example_params_trigger_ui
[2025-02-08T10:51:21.101+0000] {logging_mixin.py:190} INFO - [2025-02-08T10:51:21.101+0000] {override.py:1900} INFO - Created Permission View: menu access on DAG Run:example_params_trigger_ui
[2025-02-08T10:51:21.107+0000] {logging_mixin.py:190} INFO - [2025-02-08T10:51:21.107+0000] {override.py:1900} INFO - Created Permission View: can create on DAG Run:example_params_trigger_ui
[2025-02-08T10:51:21.108+0000] {logging_mixin.py:190} INFO - [2025-02-08T10:51:21.108+0000] {dag.py:3239} INFO - Sync 1 DAGs
[2025-02-08T10:51:21.117+0000] {logging_mixin.py:190} INFO - [2025-02-08T10:51:21.117+0000] {dag.py:3262} INFO - Creating ORM DAG for example_params_trigger_ui
[2025-02-08T10:51:21.118+0000] {logging_mixin.py:190} INFO - [2025-02-08T10:51:21.118+0000] {dag.py:4180} INFO - Setting next_dagrun for example_params_trigger_ui to None, run_after=None
[2025-02-08T10:51:21.133+0000] {processor.py:208} INFO - Processing /home/airflow/.local/lib/python3.12/site-packages/airflow/example_dags/example_params_trigger_ui.py took 0.211 seconds
[2025-02-08T10:51:51.963+0000] {processor.py:186} INFO - Started process (PID=509) to work on /home/airflow/.local/lib/python3.12/site-packages/airflow/example_dags/example_params_trigger_ui.py
[2025-02-08T10:51:51.964+0000] {processor.py:914} INFO - Processing file /home/airflow/.local/lib/python3.12/site-packages/airflow/example_dags/example_params_trigger_ui.py for tasks to queue
[2025-02-08T10:51:51.966+0000] {logging_mixin.py:190} INFO - [2025-02-08T10:51:51.966+0000] {dagbag.py:588} INFO - Filling up the DagBag from /home/airflow/.local/lib/python3.12/site-packages/airflow/example_dags/example_params_trigger_ui.py
[2025-02-08T10:51:51.976+0000] {processor.py:925} INFO - DAG(s) 'example_params_trigger_ui' retrieved from /home/airflow/.local/lib/python3.12/site-packages/airflow/example_dags/example_params_trigger_ui.py
[2025-02-08T10:51:52.010+0000] {logging_mixin.py:190} INFO - [2025-02-08T10:51:52.010+0000] {dag.py:3239} INFO - Sync 1 DAGs
[2025-02-08T10:51:52.021+0000] {logging_mixin.py:190} INFO - [2025-02-08T10:51:52.021+0000] {dag.py:4180} INFO - Setting next_dagrun for example_params_trigger_ui to None, run_after=None
[2025-02-08T10:51:52.036+0000] {processor.py:208} INFO - Processing /home/airflow/.local/lib/python3.12/site-packages/airflow/example_dags/example_params_trigger_ui.py took 0.079 seconds
[2025-02-08T10:52:22.307+0000] {processor.py:186} INFO - Started process (PID=795) to work on /home/airflow/.local/lib/python3.12/site-packages/airflow/example_dags/example_params_trigger_ui.py
[2025-02-08T10:52:22.308+0000] {processor.py:914} INFO - Processing file /home/airflow/.local/lib/python3.12/site-packages/airflow/example_dags/example_params_trigger_ui.py for tasks to queue
[2025-02-08T10:52:22.309+0000] {logging_mixin.py:190} INFO - [2025-02-08T10:52:22.309+0000] {dagbag.py:588} INFO - Filling up the DagBag from /home/airflow/.local/lib/python3.12/site-packages/airflow/example_dags/example_params_trigger_ui.py
[2025-02-08T10:52:22.320+0000] {processor.py:925} INFO - DAG(s) 'example_params_trigger_ui' retrieved from /home/airflow/.local/lib/python3.12/site-packages/airflow/example_dags/example_params_trigger_ui.py
[2025-02-08T10:52:22.356+0000] {logging_mixin.py:190} INFO - [2025-02-08T10:52:22.356+0000] {dag.py:3239} INFO - Sync 1 DAGs
[2025-02-08T10:52:22.369+0000] {logging_mixin.py:190} INFO - [2025-02-08T10:52:22.369+0000] {dag.py:4180} INFO - Setting next_dagrun for example_params_trigger_ui to None, run_after=None
[2025-02-08T10:52:22.384+0000] {processor.py:208} INFO - Processing /home/airflow/.local/lib/python3.12/site-packages/airflow/example_dags/example_params_trigger_ui.py took 0.082 seconds
[2025-02-08T10:52:52.454+0000] {processor.py:186} INFO - Started process (PID=1078) to work on /home/airflow/.local/lib/python3.12/site-packages/airflow/example_dags/example_params_trigger_ui.py
[2025-02-08T10:52:52.455+0000] {processor.py:914} INFO - Processing file /home/airflow/.local/lib/python3.12/site-packages/airflow/example_dags/example_params_trigger_ui.py for tasks to queue
[2025-02-08T10:52:52.457+0000] {logging_mixin.py:190} INFO - [2025-02-08T10:52:52.457+0000] {dagbag.py:588} INFO - Filling up the DagBag from /home/airflow/.local/lib/python3.12/site-packages/airflow/example_dags/example_params_trigger_ui.py
[2025-02-08T10:52:52.467+0000] {processor.py:925} INFO - DAG(s) 'example_params_trigger_ui' retrieved from /home/airflow/.local/lib/python3.12/site-packages/airflow/example_dags/example_params_trigger_ui.py
[2025-02-08T10:52:52.501+0000] {logging_mixin.py:190} INFO - [2025-02-08T10:52:52.500+0000] {dag.py:3239} INFO - Sync 1 DAGs
[2025-02-08T10:52:52.515+0000] {logging_mixin.py:190} INFO - [2025-02-08T10:52:52.515+0000] {dag.py:4180} INFO - Setting next_dagrun for example_params_trigger_ui to None, run_after=None
[2025-02-08T10:52:52.533+0000] {processor.py:208} INFO - Processing /home/airflow/.local/lib/python3.12/site-packages/airflow/example_dags/example_params_trigger_ui.py took 0.085 seconds
[2025-02-08T10:53:22.815+0000] {processor.py:186} INFO - Started process (PID=1367) to work on /home/airflow/.local/lib/python3.12/site-packages/airflow/example_dags/example_params_trigger_ui.py
[2025-02-08T10:53:22.816+0000] {processor.py:914} INFO - Processing file /home/airflow/.local/lib/python3.12/site-packages/airflow/example_dags/example_params_trigger_ui.py for tasks to queue
[2025-02-08T10:53:22.818+0000] {logging_mixin.py:190} INFO - [2025-02-08T10:53:22.818+0000] {dagbag.py:588} INFO - Filling up the DagBag from /home/airflow/.local/lib/python3.12/site-packages/airflow/example_dags/example_params_trigger_ui.py
[2025-02-08T10:53:22.826+0000] {processor.py:925} INFO - DAG(s) 'example_params_trigger_ui' retrieved from /home/airflow/.local/lib/python3.12/site-packages/airflow/example_dags/example_params_trigger_ui.py
[2025-02-08T10:53:22.862+0000] {logging_mixin.py:190} INFO - [2025-02-08T10:53:22.862+0000] {dag.py:3239} INFO - Sync 1 DAGs
[2025-02-08T10:53:22.875+0000] {logging_mixin.py:190} INFO - [2025-02-08T10:53:22.875+0000] {dag.py:4180} INFO - Setting next_dagrun for example_params_trigger_ui to None, run_after=None
[2025-02-08T10:53:22.892+0000] {processor.py:208} INFO - Processing /home/airflow/.local/lib/python3.12/site-packages/airflow/example_dags/example_params_trigger_ui.py took 0.080 seconds
[2025-02-08T10:53:52.961+0000] {processor.py:186} INFO - Started process (PID=1650) to work on /home/airflow/.local/lib/python3.12/site-packages/airflow/example_dags/example_params_trigger_ui.py
[2025-02-08T10:53:52.962+0000] {processor.py:914} INFO - Processing file /home/airflow/.local/lib/python3.12/site-packages/airflow/example_dags/example_params_trigger_ui.py for tasks to queue
[2025-02-08T10:53:52.964+0000] {logging_mixin.py:190} INFO - [2025-02-08T10:53:52.964+0000] {dagbag.py:588} INFO - Filling up the DagBag from /home/airflow/.local/lib/python3.12/site-packages/airflow/example_dags/example_params_trigger_ui.py
[2025-02-08T10:53:52.973+0000] {processor.py:925} INFO - DAG(s) 'example_params_trigger_ui' retrieved from /home/airflow/.local/lib/python3.12/site-packages/airflow/example_dags/example_params_trigger_ui.py
[2025-02-08T10:53:53.006+0000] {logging_mixin.py:190} INFO - [2025-02-08T10:53:53.006+0000] {dag.py:3239} INFO - Sync 1 DAGs
[2025-02-08T10:53:53.018+0000] {logging_mixin.py:190} INFO - [2025-02-08T10:53:53.018+0000] {dag.py:4180} INFO - Setting next_dagrun for example_params_trigger_ui to None, run_after=None
[2025-02-08T10:53:53.035+0000] {processor.py:208} INFO - Processing /home/airflow/.local/lib/python3.12/site-packages/airflow/example_dags/example_params_trigger_ui.py took 0.078 seconds
[2025-02-08T10:54:23.111+0000] {processor.py:186} INFO - Started process (PID=1934) to work on /home/airflow/.local/lib/python3.12/site-packages/airflow/example_dags/example_params_trigger_ui.py
[2025-02-08T10:54:23.112+0000] {processor.py:914} INFO - Processing file /home/airflow/.local/lib/python3.12/site-packages/airflow/example_dags/example_params_trigger_ui.py for tasks to queue
[2025-02-08T10:54:23.114+0000] {logging_mixin.py:190} INFO - [2025-02-08T10:54:23.113+0000] {dagbag.py:588} INFO - Filling up the DagBag from /home/airflow/.local/lib/python3.12/site-packages/airflow/example_dags/example_params_trigger_ui.py
[2025-02-08T10:54:23.124+0000] {processor.py:925} INFO - DAG(s) 'example_params_trigger_ui' retrieved from /home/airflow/.local/lib/python3.12/site-packages/airflow/example_dags/example_params_trigger_ui.py
[2025-02-08T10:54:23.161+0000] {logging_mixin.py:190} INFO - [2025-02-08T10:54:23.161+0000] {dag.py:3239} INFO - Sync 1 DAGs
[2025-02-08T10:54:23.175+0000] {logging_mixin.py:190} INFO - [2025-02-08T10:54:23.175+0000] {dag.py:4180} INFO - Setting next_dagrun for example_params_trigger_ui to None, run_after=None
[2025-02-08T10:54:23.193+0000] {processor.py:208} INFO - Processing /home/airflow/.local/lib/python3.12/site-packages/airflow/example_dags/example_params_trigger_ui.py took 0.087 seconds
[2025-02-08T10:54:53.619+0000] {processor.py:186} INFO - Started process (PID=2225) to work on /home/airflow/.local/lib/python3.12/site-packages/airflow/example_dags/example_params_trigger_ui.py
[2025-02-08T10:54:53.620+0000] {processor.py:914} INFO - Processing file /home/airflow/.local/lib/python3.12/site-packages/airflow/example_dags/example_params_trigger_ui.py for tasks to queue
[2025-02-08T10:54:53.622+0000] {logging_mixin.py:190} INFO - [2025-02-08T10:54:53.621+0000] {dagbag.py:588} INFO - Filling up the DagBag from /home/airflow/.local/lib/python3.12/site-packages/airflow/example_dags/example_params_trigger_ui.py
[2025-02-08T10:54:53.631+0000] {processor.py:925} INFO - DAG(s) 'example_params_trigger_ui' retrieved from /home/airflow/.local/lib/python3.12/site-packages/airflow/example_dags/example_params_trigger_ui.py
[2025-02-08T10:54:53.664+0000] {logging_mixin.py:190} INFO - [2025-02-08T10:54:53.663+0000] {dag.py:3239} INFO - Sync 1 DAGs
[2025-02-08T10:54:53.675+0000] {logging_mixin.py:190} INFO - [2025-02-08T10:54:53.675+0000] {dag.py:4180} INFO - Setting next_dagrun for example_params_trigger_ui to None, run_after=None
[2025-02-08T10:54:53.691+0000] {processor.py:208} INFO - Processing /home/airflow/.local/lib/python3.12/site-packages/airflow/example_dags/example_params_trigger_ui.py took 0.077 seconds
[2025-02-08T10:55:24.031+0000] {processor.py:186} INFO - Started process (PID=2511) to work on /home/airflow/.local/lib/python3.12/site-packages/airflow/example_dags/example_params_trigger_ui.py
[2025-02-08T10:55:24.032+0000] {processor.py:914} INFO - Processing file /home/airflow/.local/lib/python3.12/site-packages/airflow/example_dags/example_params_trigger_ui.py for tasks to queue
[2025-02-08T10:55:24.033+0000] {logging_mixin.py:190} INFO - [2025-02-08T10:55:24.033+0000] {dagbag.py:588} INFO - Filling up the DagBag from /home/airflow/.local/lib/python3.12/site-packages/airflow/example_dags/example_params_trigger_ui.py
[2025-02-08T10:55:24.042+0000] {processor.py:925} INFO - DAG(s) 'example_params_trigger_ui' retrieved from /home/airflow/.local/lib/python3.12/site-packages/airflow/example_dags/example_params_trigger_ui.py
[2025-02-08T10:55:24.074+0000] {logging_mixin.py:190} INFO - [2025-02-08T10:55:24.074+0000] {dag.py:3239} INFO - Sync 1 DAGs
[2025-02-08T10:55:24.086+0000] {logging_mixin.py:190} INFO - [2025-02-08T10:55:24.086+0000] {dag.py:4180} INFO - Setting next_dagrun for example_params_trigger_ui to None, run_after=None
[2025-02-08T10:55:24.101+0000] {processor.py:208} INFO - Processing /home/airflow/.local/lib/python3.12/site-packages/airflow/example_dags/example_params_trigger_ui.py took 0.074 seconds
[2025-02-08T10:55:55.075+0000] {processor.py:186} INFO - Started process (PID=2797) to work on /home/airflow/.local/lib/python3.12/site-packages/airflow/example_dags/example_params_trigger_ui.py
[2025-02-08T10:55:55.076+0000] {processor.py:914} INFO - Processing file /home/airflow/.local/lib/python3.12/site-packages/airflow/example_dags/example_params_trigger_ui.py for tasks to queue
[2025-02-08T10:55:55.078+0000] {logging_mixin.py:190} INFO - [2025-02-08T10:55:55.077+0000] {dagbag.py:588} INFO - Filling up the DagBag from /home/airflow/.local/lib/python3.12/site-packages/airflow/example_dags/example_params_trigger_ui.py
[2025-02-08T10:55:55.088+0000] {processor.py:925} INFO - DAG(s) 'example_params_trigger_ui' retrieved from /home/airflow/.local/lib/python3.12/site-packages/airflow/example_dags/example_params_trigger_ui.py
[2025-02-08T10:55:55.122+0000] {logging_mixin.py:190} INFO - [2025-02-08T10:55:55.121+0000] {dag.py:3239} INFO - Sync 1 DAGs
[2025-02-08T10:55:55.133+0000] {logging_mixin.py:190} INFO - [2025-02-08T10:55:55.132+0000] {dag.py:4180} INFO - Setting next_dagrun for example_params_trigger_ui to None, run_after=None
[2025-02-08T10:55:55.149+0000] {processor.py:208} INFO - Processing /home/airflow/.local/lib/python3.12/site-packages/airflow/example_dags/example_params_trigger_ui.py took 0.079 seconds
[2025-02-08T10:56:25.281+0000] {processor.py:186} INFO - Started process (PID=3083) to work on /home/airflow/.local/lib/python3.12/site-packages/airflow/example_dags/example_params_trigger_ui.py
[2025-02-08T10:56:25.282+0000] {processor.py:914} INFO - Processing file /home/airflow/.local/lib/python3.12/site-packages/airflow/example_dags/example_params_trigger_ui.py for tasks to queue
[2025-02-08T10:56:25.284+0000] {logging_mixin.py:190} INFO - [2025-02-08T10:56:25.284+0000] {dagbag.py:588} INFO - Filling up the DagBag from /home/airflow/.local/lib/python3.12/site-packages/airflow/example_dags/example_params_trigger_ui.py
[2025-02-08T10:56:25.296+0000] {processor.py:925} INFO - DAG(s) 'example_params_trigger_ui' retrieved from /home/airflow/.local/lib/python3.12/site-packages/airflow/example_dags/example_params_trigger_ui.py
[2025-02-08T10:56:25.331+0000] {logging_mixin.py:190} INFO - [2025-02-08T10:56:25.331+0000] {dag.py:3239} INFO - Sync 1 DAGs
[2025-02-08T10:56:25.342+0000] {logging_mixin.py:190} INFO - [2025-02-08T10:56:25.342+0000] {dag.py:4180} INFO - Setting next_dagrun for example_params_trigger_ui to None, run_after=None
[2025-02-08T10:56:25.358+0000] {processor.py:208} INFO - Processing /home/airflow/.local/lib/python3.12/site-packages/airflow/example_dags/example_params_trigger_ui.py took 0.082 seconds
[2025-02-08T10:56:55.530+0000] {processor.py:186} INFO - Started process (PID=3369) to work on /home/airflow/.local/lib/python3.12/site-packages/airflow/example_dags/example_params_trigger_ui.py
[2025-02-08T10:56:55.531+0000] {processor.py:914} INFO - Processing file /home/airflow/.local/lib/python3.12/site-packages/airflow/example_dags/example_params_trigger_ui.py for tasks to queue
[2025-02-08T10:56:55.533+0000] {logging_mixin.py:190} INFO - [2025-02-08T10:56:55.532+0000] {dagbag.py:588} INFO - Filling up the DagBag from /home/airflow/.local/lib/python3.12/site-packages/airflow/example_dags/example_params_trigger_ui.py
[2025-02-08T10:56:55.541+0000] {processor.py:925} INFO - DAG(s) 'example_params_trigger_ui' retrieved from /home/airflow/.local/lib/python3.12/site-packages/airflow/example_dags/example_params_trigger_ui.py
[2025-02-08T10:56:55.572+0000] {logging_mixin.py:190} INFO - [2025-02-08T10:56:55.572+0000] {dag.py:3239} INFO - Sync 1 DAGs
[2025-02-08T10:56:55.584+0000] {logging_mixin.py:190} INFO - [2025-02-08T10:56:55.584+0000] {dag.py:4180} INFO - Setting next_dagrun for example_params_trigger_ui to None, run_after=None
[2025-02-08T10:56:55.599+0000] {processor.py:208} INFO - Processing /home/airflow/.local/lib/python3.12/site-packages/airflow/example_dags/example_params_trigger_ui.py took 0.073 seconds
[2025-02-08T10:57:25.846+0000] {processor.py:186} INFO - Started process (PID=3655) to work on /home/airflow/.local/lib/python3.12/site-packages/airflow/example_dags/example_params_trigger_ui.py
[2025-02-08T10:57:25.847+0000] {processor.py:914} INFO - Processing file /home/airflow/.local/lib/python3.12/site-packages/airflow/example_dags/example_params_trigger_ui.py for tasks to queue
[2025-02-08T10:57:25.849+0000] {logging_mixin.py:190} INFO - [2025-02-08T10:57:25.849+0000] {dagbag.py:588} INFO - Filling up the DagBag from /home/airflow/.local/lib/python3.12/site-packages/airflow/example_dags/example_params_trigger_ui.py
[2025-02-08T10:57:25.859+0000] {processor.py:925} INFO - DAG(s) 'example_params_trigger_ui' retrieved from /home/airflow/.local/lib/python3.12/site-packages/airflow/example_dags/example_params_trigger_ui.py
[2025-02-08T10:57:25.893+0000] {logging_mixin.py:190} INFO - [2025-02-08T10:57:25.893+0000] {dag.py:3239} INFO - Sync 1 DAGs
[2025-02-08T10:57:25.905+0000] {logging_mixin.py:190} INFO - [2025-02-08T10:57:25.905+0000] {dag.py:4180} INFO - Setting next_dagrun for example_params_trigger_ui to None, run_after=None
[2025-02-08T10:57:25.920+0000] {processor.py:208} INFO - Processing /home/airflow/.local/lib/python3.12/site-packages/airflow/example_dags/example_params_trigger_ui.py took 0.079 seconds
[2025-02-08T10:57:56.397+0000] {processor.py:186} INFO - Started process (PID=3941) to work on /home/airflow/.local/lib/python3.12/site-packages/airflow/example_dags/example_params_trigger_ui.py
[2025-02-08T10:57:56.398+0000] {processor.py:914} INFO - Processing file /home/airflow/.local/lib/python3.12/site-packages/airflow/example_dags/example_params_trigger_ui.py for tasks to queue
[2025-02-08T10:57:56.400+0000] {logging_mixin.py:190} INFO - [2025-02-08T10:57:56.399+0000] {dagbag.py:588} INFO - Filling up the DagBag from /home/airflow/.local/lib/python3.12/site-packages/airflow/example_dags/example_params_trigger_ui.py
[2025-02-08T10:57:56.408+0000] {processor.py:925} INFO - DAG(s) 'example_params_trigger_ui' retrieved from /home/airflow/.local/lib/python3.12/site-packages/airflow/example_dags/example_params_trigger_ui.py
[2025-02-08T10:57:56.439+0000] {logging_mixin.py:190} INFO - [2025-02-08T10:57:56.439+0000] {dag.py:3239} INFO - Sync 1 DAGs
[2025-02-08T10:57:56.452+0000] {logging_mixin.py:190} INFO - [2025-02-08T10:57:56.451+0000] {dag.py:4180} INFO - Setting next_dagrun for example_params_trigger_ui to None, run_after=None
[2025-02-08T10:57:56.467+0000] {processor.py:208} INFO - Processing /home/airflow/.local/lib/python3.12/site-packages/airflow/example_dags/example_params_trigger_ui.py took 0.075 seconds
[2025-02-08T10:58:26.549+0000] {processor.py:186} INFO - Started process (PID=4233) to work on /home/airflow/.local/lib/python3.12/site-packages/airflow/example_dags/example_params_trigger_ui.py
[2025-02-08T10:58:26.550+0000] {processor.py:914} INFO - Processing file /home/airflow/.local/lib/python3.12/site-packages/airflow/example_dags/example_params_trigger_ui.py for tasks to queue
[2025-02-08T10:58:26.552+0000] {logging_mixin.py:190} INFO - [2025-02-08T10:58:26.552+0000] {dagbag.py:588} INFO - Filling up the DagBag from /home/airflow/.local/lib/python3.12/site-packages/airflow/example_dags/example_params_trigger_ui.py
[2025-02-08T10:58:26.563+0000] {processor.py:925} INFO - DAG(s) 'example_params_trigger_ui' retrieved from /home/airflow/.local/lib/python3.12/site-packages/airflow/example_dags/example_params_trigger_ui.py
[2025-02-08T10:58:26.609+0000] {logging_mixin.py:190} INFO - [2025-02-08T10:58:26.609+0000] {dag.py:3239} INFO - Sync 1 DAGs
[2025-02-08T10:58:26.625+0000] {logging_mixin.py:190} INFO - [2025-02-08T10:58:26.625+0000] {dag.py:4180} INFO - Setting next_dagrun for example_params_trigger_ui to None, run_after=None
[2025-02-08T10:58:26.643+0000] {processor.py:208} INFO - Processing /home/airflow/.local/lib/python3.12/site-packages/airflow/example_dags/example_params_trigger_ui.py took 0.100 seconds
[2025-02-08T10:58:57.113+0000] {processor.py:186} INFO - Started process (PID=4717) to work on /home/airflow/.local/lib/python3.12/site-packages/airflow/example_dags/example_params_trigger_ui.py
[2025-02-08T10:58:57.113+0000] {processor.py:914} INFO - Processing file /home/airflow/.local/lib/python3.12/site-packages/airflow/example_dags/example_params_trigger_ui.py for tasks to queue
[2025-02-08T10:58:57.115+0000] {logging_mixin.py:190} INFO - [2025-02-08T10:58:57.115+0000] {dagbag.py:588} INFO - Filling up the DagBag from /home/airflow/.local/lib/python3.12/site-packages/airflow/example_dags/example_params_trigger_ui.py
[2025-02-08T10:58:57.125+0000] {processor.py:925} INFO - DAG(s) 'example_params_trigger_ui' retrieved from /home/airflow/.local/lib/python3.12/site-packages/airflow/example_dags/example_params_trigger_ui.py
[2025-02-08T10:58:57.163+0000] {logging_mixin.py:190} INFO - [2025-02-08T10:58:57.162+0000] {dag.py:3239} INFO - Sync 1 DAGs
[2025-02-08T10:58:57.175+0000] {logging_mixin.py:190} INFO - [2025-02-08T10:58:57.175+0000] {dag.py:4180} INFO - Setting next_dagrun for example_params_trigger_ui to None, run_after=None
[2025-02-08T10:58:57.191+0000] {processor.py:208} INFO - Processing /home/airflow/.local/lib/python3.12/site-packages/airflow/example_dags/example_params_trigger_ui.py took 0.084 seconds
[2025-02-08T10:59:27.245+0000] {processor.py:186} INFO - Started process (PID=5000) to work on /home/airflow/.local/lib/python3.12/site-packages/airflow/example_dags/example_params_trigger_ui.py
[2025-02-08T10:59:27.246+0000] {processor.py:914} INFO - Processing file /home/airflow/.local/lib/python3.12/site-packages/airflow/example_dags/example_params_trigger_ui.py for tasks to queue
[2025-02-08T10:59:27.248+0000] {logging_mixin.py:190} INFO - [2025-02-08T10:59:27.247+0000] {dagbag.py:588} INFO - Filling up the DagBag from /home/airflow/.local/lib/python3.12/site-packages/airflow/example_dags/example_params_trigger_ui.py
[2025-02-08T10:59:27.258+0000] {processor.py:925} INFO - DAG(s) 'example_params_trigger_ui' retrieved from /home/airflow/.local/lib/python3.12/site-packages/airflow/example_dags/example_params_trigger_ui.py
[2025-02-08T10:59:27.293+0000] {logging_mixin.py:190} INFO - [2025-02-08T10:59:27.293+0000] {dag.py:3239} INFO - Sync 1 DAGs
[2025-02-08T10:59:27.304+0000] {logging_mixin.py:190} INFO - [2025-02-08T10:59:27.304+0000] {dag.py:4180} INFO - Setting next_dagrun for example_params_trigger_ui to None, run_after=None
[2025-02-08T10:59:27.321+0000] {processor.py:208} INFO - Processing /home/airflow/.local/lib/python3.12/site-packages/airflow/example_dags/example_params_trigger_ui.py took 0.081 seconds
[2025-02-08T11:01:56.767+0000] {processor.py:186} INFO - Started process (PID=223) to work on /home/airflow/.local/lib/python3.12/site-packages/airflow/example_dags/example_params_trigger_ui.py
[2025-02-08T11:01:56.768+0000] {processor.py:914} INFO - Processing file /home/airflow/.local/lib/python3.12/site-packages/airflow/example_dags/example_params_trigger_ui.py for tasks to queue
[2025-02-08T11:01:56.770+0000] {logging_mixin.py:190} INFO - [2025-02-08T11:01:56.769+0000] {dagbag.py:588} INFO - Filling up the DagBag from /home/airflow/.local/lib/python3.12/site-packages/airflow/example_dags/example_params_trigger_ui.py
[2025-02-08T11:01:56.781+0000] {processor.py:925} INFO - DAG(s) 'example_params_trigger_ui' retrieved from /home/airflow/.local/lib/python3.12/site-packages/airflow/example_dags/example_params_trigger_ui.py
[2025-02-08T11:01:56.883+0000] {logging_mixin.py:190} INFO - [2025-02-08T11:01:56.883+0000] {override.py:1900} INFO - Created Permission View: can read on DAG:example_params_trigger_ui
[2025-02-08T11:01:56.891+0000] {logging_mixin.py:190} INFO - [2025-02-08T11:01:56.890+0000] {override.py:1900} INFO - Created Permission View: can delete on DAG:example_params_trigger_ui
[2025-02-08T11:01:56.897+0000] {logging_mixin.py:190} INFO - [2025-02-08T11:01:56.897+0000] {override.py:1900} INFO - Created Permission View: can edit on DAG:example_params_trigger_ui
[2025-02-08T11:01:56.903+0000] {logging_mixin.py:190} INFO - [2025-02-08T11:01:56.903+0000] {override.py:1900} INFO - Created Permission View: menu access on DAG Run:example_params_trigger_ui
[2025-02-08T11:01:56.909+0000] {logging_mixin.py:190} INFO - [2025-02-08T11:01:56.909+0000] {override.py:1900} INFO - Created Permission View: can read on DAG Run:example_params_trigger_ui
[2025-02-08T11:01:56.915+0000] {logging_mixin.py:190} INFO - [2025-02-08T11:01:56.915+0000] {override.py:1900} INFO - Created Permission View: can create on DAG Run:example_params_trigger_ui
[2025-02-08T11:01:56.920+0000] {logging_mixin.py:190} INFO - [2025-02-08T11:01:56.919+0000] {override.py:1900} INFO - Created Permission View: can delete on DAG Run:example_params_trigger_ui
[2025-02-08T11:01:56.920+0000] {logging_mixin.py:190} INFO - [2025-02-08T11:01:56.920+0000] {dag.py:3239} INFO - Sync 1 DAGs
[2025-02-08T11:01:56.930+0000] {logging_mixin.py:190} INFO - [2025-02-08T11:01:56.930+0000] {dag.py:3262} INFO - Creating ORM DAG for example_params_trigger_ui
[2025-02-08T11:01:56.930+0000] {logging_mixin.py:190} INFO - [2025-02-08T11:01:56.930+0000] {dag.py:4180} INFO - Setting next_dagrun for example_params_trigger_ui to None, run_after=None
[2025-02-08T11:01:56.945+0000] {processor.py:208} INFO - Processing /home/airflow/.local/lib/python3.12/site-packages/airflow/example_dags/example_params_trigger_ui.py took 0.183 seconds
[2025-02-08T11:02:27.162+0000] {processor.py:186} INFO - Started process (PID=504) to work on /home/airflow/.local/lib/python3.12/site-packages/airflow/example_dags/example_params_trigger_ui.py
[2025-02-08T11:02:27.163+0000] {processor.py:914} INFO - Processing file /home/airflow/.local/lib/python3.12/site-packages/airflow/example_dags/example_params_trigger_ui.py for tasks to queue
[2025-02-08T11:02:27.165+0000] {logging_mixin.py:190} INFO - [2025-02-08T11:02:27.165+0000] {dagbag.py:588} INFO - Filling up the DagBag from /home/airflow/.local/lib/python3.12/site-packages/airflow/example_dags/example_params_trigger_ui.py
[2025-02-08T11:02:27.174+0000] {processor.py:925} INFO - DAG(s) 'example_params_trigger_ui' retrieved from /home/airflow/.local/lib/python3.12/site-packages/airflow/example_dags/example_params_trigger_ui.py
[2025-02-08T11:02:27.209+0000] {logging_mixin.py:190} INFO - [2025-02-08T11:02:27.209+0000] {dag.py:3239} INFO - Sync 1 DAGs
[2025-02-08T11:02:27.220+0000] {logging_mixin.py:190} INFO - [2025-02-08T11:02:27.220+0000] {dag.py:4180} INFO - Setting next_dagrun for example_params_trigger_ui to None, run_after=None
[2025-02-08T11:02:27.235+0000] {processor.py:208} INFO - Processing /home/airflow/.local/lib/python3.12/site-packages/airflow/example_dags/example_params_trigger_ui.py took 0.078 seconds
[2025-02-08T11:03:37.242+0000] {processor.py:186} INFO - Started process (PID=223) to work on /home/airflow/.local/lib/python3.12/site-packages/airflow/example_dags/example_params_trigger_ui.py
[2025-02-08T11:03:37.243+0000] {processor.py:914} INFO - Processing file /home/airflow/.local/lib/python3.12/site-packages/airflow/example_dags/example_params_trigger_ui.py for tasks to queue
[2025-02-08T11:03:37.245+0000] {logging_mixin.py:190} INFO - [2025-02-08T11:03:37.245+0000] {dagbag.py:588} INFO - Filling up the DagBag from /home/airflow/.local/lib/python3.12/site-packages/airflow/example_dags/example_params_trigger_ui.py
[2025-02-08T11:03:37.255+0000] {processor.py:925} INFO - DAG(s) 'example_params_trigger_ui' retrieved from /home/airflow/.local/lib/python3.12/site-packages/airflow/example_dags/example_params_trigger_ui.py
[2025-02-08T11:03:37.293+0000] {logging_mixin.py:190} INFO - [2025-02-08T11:03:37.293+0000] {dag.py:3239} INFO - Sync 1 DAGs
[2025-02-08T11:03:37.306+0000] {logging_mixin.py:190} INFO - [2025-02-08T11:03:37.305+0000] {dag.py:4180} INFO - Setting next_dagrun for example_params_trigger_ui to None, run_after=None
[2025-02-08T11:03:37.324+0000] {processor.py:208} INFO - Processing /home/airflow/.local/lib/python3.12/site-packages/airflow/example_dags/example_params_trigger_ui.py took 0.087 seconds
[2025-02-08T11:04:07.793+0000] {processor.py:186} INFO - Started process (PID=509) to work on /home/airflow/.local/lib/python3.12/site-packages/airflow/example_dags/example_params_trigger_ui.py
[2025-02-08T11:04:07.794+0000] {processor.py:914} INFO - Processing file /home/airflow/.local/lib/python3.12/site-packages/airflow/example_dags/example_params_trigger_ui.py for tasks to queue
[2025-02-08T11:04:07.795+0000] {logging_mixin.py:190} INFO - [2025-02-08T11:04:07.795+0000] {dagbag.py:588} INFO - Filling up the DagBag from /home/airflow/.local/lib/python3.12/site-packages/airflow/example_dags/example_params_trigger_ui.py
[2025-02-08T11:04:07.804+0000] {processor.py:925} INFO - DAG(s) 'example_params_trigger_ui' retrieved from /home/airflow/.local/lib/python3.12/site-packages/airflow/example_dags/example_params_trigger_ui.py
[2025-02-08T11:04:07.839+0000] {logging_mixin.py:190} INFO - [2025-02-08T11:04:07.838+0000] {dag.py:3239} INFO - Sync 1 DAGs
[2025-02-08T11:04:07.850+0000] {logging_mixin.py:190} INFO - [2025-02-08T11:04:07.850+0000] {dag.py:4180} INFO - Setting next_dagrun for example_params_trigger_ui to None, run_after=None
[2025-02-08T11:04:07.869+0000] {processor.py:208} INFO - Processing /home/airflow/.local/lib/python3.12/site-packages/airflow/example_dags/example_params_trigger_ui.py took 0.081 seconds
[2025-02-08T11:04:38.065+0000] {processor.py:186} INFO - Started process (PID=795) to work on /home/airflow/.local/lib/python3.12/site-packages/airflow/example_dags/example_params_trigger_ui.py
[2025-02-08T11:04:38.066+0000] {processor.py:914} INFO - Processing file /home/airflow/.local/lib/python3.12/site-packages/airflow/example_dags/example_params_trigger_ui.py for tasks to queue
[2025-02-08T11:04:38.068+0000] {logging_mixin.py:190} INFO - [2025-02-08T11:04:38.067+0000] {dagbag.py:588} INFO - Filling up the DagBag from /home/airflow/.local/lib/python3.12/site-packages/airflow/example_dags/example_params_trigger_ui.py
[2025-02-08T11:04:38.076+0000] {processor.py:925} INFO - DAG(s) 'example_params_trigger_ui' retrieved from /home/airflow/.local/lib/python3.12/site-packages/airflow/example_dags/example_params_trigger_ui.py
[2025-02-08T11:04:38.106+0000] {logging_mixin.py:190} INFO - [2025-02-08T11:04:38.106+0000] {dag.py:3239} INFO - Sync 1 DAGs
[2025-02-08T11:04:38.117+0000] {logging_mixin.py:190} INFO - [2025-02-08T11:04:38.117+0000] {dag.py:4180} INFO - Setting next_dagrun for example_params_trigger_ui to None, run_after=None
[2025-02-08T11:04:38.131+0000] {processor.py:208} INFO - Processing /home/airflow/.local/lib/python3.12/site-packages/airflow/example_dags/example_params_trigger_ui.py took 0.070 seconds
[2025-02-08T11:33:16.936+0000] {processor.py:186} INFO - Started process (PID=223) to work on /home/airflow/.local/lib/python3.12/site-packages/airflow/example_dags/example_params_trigger_ui.py
[2025-02-08T11:33:16.937+0000] {processor.py:914} INFO - Processing file /home/airflow/.local/lib/python3.12/site-packages/airflow/example_dags/example_params_trigger_ui.py for tasks to queue
[2025-02-08T11:33:16.939+0000] {logging_mixin.py:190} INFO - [2025-02-08T11:33:16.938+0000] {dagbag.py:588} INFO - Filling up the DagBag from /home/airflow/.local/lib/python3.12/site-packages/airflow/example_dags/example_params_trigger_ui.py
[2025-02-08T11:33:16.948+0000] {processor.py:925} INFO - DAG(s) 'example_params_trigger_ui' retrieved from /home/airflow/.local/lib/python3.12/site-packages/airflow/example_dags/example_params_trigger_ui.py
[2025-02-08T11:33:17.060+0000] {logging_mixin.py:190} INFO - [2025-02-08T11:33:17.059+0000] {override.py:1900} INFO - Created Permission View: can edit on DAG:example_params_trigger_ui
[2025-02-08T11:33:17.070+0000] {logging_mixin.py:190} INFO - [2025-02-08T11:33:17.069+0000] {override.py:1900} INFO - Created Permission View: can delete on DAG:example_params_trigger_ui
[2025-02-08T11:33:17.076+0000] {logging_mixin.py:190} INFO - [2025-02-08T11:33:17.076+0000] {override.py:1900} INFO - Created Permission View: can read on DAG:example_params_trigger_ui
[2025-02-08T11:33:17.084+0000] {logging_mixin.py:190} INFO - [2025-02-08T11:33:17.084+0000] {override.py:1900} INFO - Created Permission View: menu access on DAG Run:example_params_trigger_ui
[2025-02-08T11:33:17.090+0000] {logging_mixin.py:190} INFO - [2025-02-08T11:33:17.090+0000] {override.py:1900} INFO - Created Permission View: can create on DAG Run:example_params_trigger_ui
[2025-02-08T11:33:17.096+0000] {logging_mixin.py:190} INFO - [2025-02-08T11:33:17.096+0000] {override.py:1900} INFO - Created Permission View: can delete on DAG Run:example_params_trigger_ui
[2025-02-08T11:33:17.101+0000] {logging_mixin.py:190} INFO - [2025-02-08T11:33:17.101+0000] {override.py:1900} INFO - Created Permission View: can read on DAG Run:example_params_trigger_ui
[2025-02-08T11:33:17.101+0000] {logging_mixin.py:190} INFO - [2025-02-08T11:33:17.101+0000] {dag.py:3239} INFO - Sync 1 DAGs
[2025-02-08T11:33:17.111+0000] {logging_mixin.py:190} INFO - [2025-02-08T11:33:17.111+0000] {dag.py:3262} INFO - Creating ORM DAG for example_params_trigger_ui
[2025-02-08T11:33:17.111+0000] {logging_mixin.py:190} INFO - [2025-02-08T11:33:17.111+0000] {dag.py:4180} INFO - Setting next_dagrun for example_params_trigger_ui to None, run_after=None
[2025-02-08T11:33:17.126+0000] {processor.py:208} INFO - Processing /home/airflow/.local/lib/python3.12/site-packages/airflow/example_dags/example_params_trigger_ui.py took 0.195 seconds
[2025-02-08T11:33:47.983+0000] {processor.py:186} INFO - Started process (PID=509) to work on /home/airflow/.local/lib/python3.12/site-packages/airflow/example_dags/example_params_trigger_ui.py
[2025-02-08T11:33:47.983+0000] {processor.py:914} INFO - Processing file /home/airflow/.local/lib/python3.12/site-packages/airflow/example_dags/example_params_trigger_ui.py for tasks to queue
[2025-02-08T11:33:47.985+0000] {logging_mixin.py:190} INFO - [2025-02-08T11:33:47.985+0000] {dagbag.py:588} INFO - Filling up the DagBag from /home/airflow/.local/lib/python3.12/site-packages/airflow/example_dags/example_params_trigger_ui.py
[2025-02-08T11:33:47.994+0000] {processor.py:925} INFO - DAG(s) 'example_params_trigger_ui' retrieved from /home/airflow/.local/lib/python3.12/site-packages/airflow/example_dags/example_params_trigger_ui.py
[2025-02-08T11:33:48.030+0000] {logging_mixin.py:190} INFO - [2025-02-08T11:33:48.030+0000] {dag.py:3239} INFO - Sync 1 DAGs
[2025-02-08T11:33:48.041+0000] {logging_mixin.py:190} INFO - [2025-02-08T11:33:48.041+0000] {dag.py:4180} INFO - Setting next_dagrun for example_params_trigger_ui to None, run_after=None
[2025-02-08T11:33:48.055+0000] {processor.py:208} INFO - Processing /home/airflow/.local/lib/python3.12/site-packages/airflow/example_dags/example_params_trigger_ui.py took 0.077 seconds
[2025-02-08T11:34:18.502+0000] {processor.py:186} INFO - Started process (PID=795) to work on /home/airflow/.local/lib/python3.12/site-packages/airflow/example_dags/example_params_trigger_ui.py
[2025-02-08T11:34:18.502+0000] {processor.py:914} INFO - Processing file /home/airflow/.local/lib/python3.12/site-packages/airflow/example_dags/example_params_trigger_ui.py for tasks to queue
[2025-02-08T11:34:18.505+0000] {logging_mixin.py:190} INFO - [2025-02-08T11:34:18.504+0000] {dagbag.py:588} INFO - Filling up the DagBag from /home/airflow/.local/lib/python3.12/site-packages/airflow/example_dags/example_params_trigger_ui.py
[2025-02-08T11:34:18.514+0000] {processor.py:925} INFO - DAG(s) 'example_params_trigger_ui' retrieved from /home/airflow/.local/lib/python3.12/site-packages/airflow/example_dags/example_params_trigger_ui.py
[2025-02-08T11:34:18.550+0000] {logging_mixin.py:190} INFO - [2025-02-08T11:34:18.550+0000] {dag.py:3239} INFO - Sync 1 DAGs
[2025-02-08T11:34:18.564+0000] {logging_mixin.py:190} INFO - [2025-02-08T11:34:18.564+0000] {dag.py:4180} INFO - Setting next_dagrun for example_params_trigger_ui to None, run_after=None
[2025-02-08T11:34:18.584+0000] {processor.py:208} INFO - Processing /home/airflow/.local/lib/python3.12/site-packages/airflow/example_dags/example_params_trigger_ui.py took 0.087 seconds
[2025-02-08T11:34:48.762+0000] {processor.py:186} INFO - Started process (PID=1081) to work on /home/airflow/.local/lib/python3.12/site-packages/airflow/example_dags/example_params_trigger_ui.py
[2025-02-08T11:34:48.763+0000] {processor.py:914} INFO - Processing file /home/airflow/.local/lib/python3.12/site-packages/airflow/example_dags/example_params_trigger_ui.py for tasks to queue
[2025-02-08T11:34:48.765+0000] {logging_mixin.py:190} INFO - [2025-02-08T11:34:48.765+0000] {dagbag.py:588} INFO - Filling up the DagBag from /home/airflow/.local/lib/python3.12/site-packages/airflow/example_dags/example_params_trigger_ui.py
[2025-02-08T11:34:48.773+0000] {processor.py:925} INFO - DAG(s) 'example_params_trigger_ui' retrieved from /home/airflow/.local/lib/python3.12/site-packages/airflow/example_dags/example_params_trigger_ui.py
[2025-02-08T11:34:48.804+0000] {logging_mixin.py:190} INFO - [2025-02-08T11:34:48.804+0000] {dag.py:3239} INFO - Sync 1 DAGs
[2025-02-08T11:34:48.815+0000] {logging_mixin.py:190} INFO - [2025-02-08T11:34:48.815+0000] {dag.py:4180} INFO - Setting next_dagrun for example_params_trigger_ui to None, run_after=None
[2025-02-08T11:34:48.828+0000] {processor.py:208} INFO - Processing /home/airflow/.local/lib/python3.12/site-packages/airflow/example_dags/example_params_trigger_ui.py took 0.072 seconds
[2025-02-08T11:35:18.946+0000] {processor.py:186} INFO - Started process (PID=1367) to work on /home/airflow/.local/lib/python3.12/site-packages/airflow/example_dags/example_params_trigger_ui.py
[2025-02-08T11:35:18.947+0000] {processor.py:914} INFO - Processing file /home/airflow/.local/lib/python3.12/site-packages/airflow/example_dags/example_params_trigger_ui.py for tasks to queue
[2025-02-08T11:35:18.949+0000] {logging_mixin.py:190} INFO - [2025-02-08T11:35:18.949+0000] {dagbag.py:588} INFO - Filling up the DagBag from /home/airflow/.local/lib/python3.12/site-packages/airflow/example_dags/example_params_trigger_ui.py
[2025-02-08T11:35:18.959+0000] {processor.py:925} INFO - DAG(s) 'example_params_trigger_ui' retrieved from /home/airflow/.local/lib/python3.12/site-packages/airflow/example_dags/example_params_trigger_ui.py
[2025-02-08T11:35:18.992+0000] {logging_mixin.py:190} INFO - [2025-02-08T11:35:18.992+0000] {dag.py:3239} INFO - Sync 1 DAGs
[2025-02-08T11:35:19.003+0000] {logging_mixin.py:190} INFO - [2025-02-08T11:35:19.002+0000] {dag.py:4180} INFO - Setting next_dagrun for example_params_trigger_ui to None, run_after=None
[2025-02-08T11:35:19.016+0000] {processor.py:208} INFO - Processing /home/airflow/.local/lib/python3.12/site-packages/airflow/example_dags/example_params_trigger_ui.py took 0.076 seconds
