[2025-02-08T10:51:24.961+0000] {processor.py:186} INFO - Started process (PID=373) to work on /home/airflow/.local/lib/python3.12/site-packages/airflow/example_dags/example_workday_timetable.py
[2025-02-08T10:51:24.962+0000] {processor.py:914} INFO - Processing file /home/airflow/.local/lib/python3.12/site-packages/airflow/example_dags/example_workday_timetable.py for tasks to queue
[2025-02-08T10:51:24.964+0000] {logging_mixin.py:190} INFO - [2025-02-08T10:51:24.963+0000] {dagbag.py:588} INFO - Filling up the DagBag from /home/airflow/.local/lib/python3.12/site-packages/airflow/example_dags/example_workday_timetable.py
[2025-02-08T10:51:24.969+0000] {processor.py:925} INFO - DAG(s) 'example_workday_timetable' retrieved from /home/airflow/.local/lib/python3.12/site-packages/airflow/example_dags/example_workday_timetable.py
[2025-02-08T10:51:25.056+0000] {logging_mixin.py:190} INFO - [2025-02-08T10:51:25.056+0000] {override.py:1900} INFO - Created Permission View: can delete on DAG:example_workday_timetable
[2025-02-08T10:51:25.067+0000] {logging_mixin.py:190} INFO - [2025-02-08T10:51:25.066+0000] {override.py:1900} INFO - Created Permission View: can read on DAG:example_workday_timetable
[2025-02-08T10:51:25.073+0000] {logging_mixin.py:190} INFO - [2025-02-08T10:51:25.073+0000] {override.py:1900} INFO - Created Permission View: can edit on DAG:example_workday_timetable
[2025-02-08T10:51:25.081+0000] {logging_mixin.py:190} INFO - [2025-02-08T10:51:25.081+0000] {override.py:1900} INFO - Created Permission View: can delete on DAG Run:example_workday_timetable
[2025-02-08T10:51:25.086+0000] {logging_mixin.py:190} INFO - [2025-02-08T10:51:25.086+0000] {override.py:1900} INFO - Created Permission View: can read on DAG Run:example_workday_timetable
[2025-02-08T10:51:25.091+0000] {logging_mixin.py:190} INFO - [2025-02-08T10:51:25.091+0000] {override.py:1900} INFO - Created Permission View: menu access on DAG Run:example_workday_timetable
[2025-02-08T10:51:25.097+0000] {logging_mixin.py:190} INFO - [2025-02-08T10:51:25.097+0000] {override.py:1900} INFO - Created Permission View: can create on DAG Run:example_workday_timetable
[2025-02-08T10:51:25.098+0000] {logging_mixin.py:190} INFO - [2025-02-08T10:51:25.097+0000] {dag.py:3239} INFO - Sync 1 DAGs
[2025-02-08T10:51:25.108+0000] {logging_mixin.py:190} INFO - [2025-02-08T10:51:25.108+0000] {dag.py:3262} INFO - Creating ORM DAG for example_workday_timetable
[2025-02-08T10:51:25.154+0000] {logging_mixin.py:190} INFO - [2025-02-08T10:51:25.154+0000] {dag.py:4180} INFO - Setting next_dagrun for example_workday_timetable to 2021-01-04 00:00:00+00:00, run_after=2021-01-05 00:00:00+00:00
[2025-02-08T10:51:25.170+0000] {processor.py:208} INFO - Processing /home/airflow/.local/lib/python3.12/site-packages/airflow/example_dags/example_workday_timetable.py took 0.214 seconds
[2025-02-08T10:51:56.041+0000] {processor.py:186} INFO - Started process (PID=661) to work on /home/airflow/.local/lib/python3.12/site-packages/airflow/example_dags/example_workday_timetable.py
[2025-02-08T10:51:56.042+0000] {processor.py:914} INFO - Processing file /home/airflow/.local/lib/python3.12/site-packages/airflow/example_dags/example_workday_timetable.py for tasks to queue
[2025-02-08T10:51:56.043+0000] {logging_mixin.py:190} INFO - [2025-02-08T10:51:56.043+0000] {dagbag.py:588} INFO - Filling up the DagBag from /home/airflow/.local/lib/python3.12/site-packages/airflow/example_dags/example_workday_timetable.py
[2025-02-08T10:51:56.048+0000] {processor.py:925} INFO - DAG(s) 'example_workday_timetable' retrieved from /home/airflow/.local/lib/python3.12/site-packages/airflow/example_dags/example_workday_timetable.py
[2025-02-08T10:51:56.064+0000] {logging_mixin.py:190} INFO - [2025-02-08T10:51:56.064+0000] {dag.py:3239} INFO - Sync 1 DAGs
[2025-02-08T10:51:56.125+0000] {logging_mixin.py:190} INFO - [2025-02-08T10:51:56.125+0000] {dag.py:4180} INFO - Setting next_dagrun for example_workday_timetable to 2021-01-04 00:00:00+00:00, run_after=2021-01-05 00:00:00+00:00
[2025-02-08T10:51:56.145+0000] {processor.py:208} INFO - Processing /home/airflow/.local/lib/python3.12/site-packages/airflow/example_dags/example_workday_timetable.py took 0.109 seconds
[2025-02-08T10:52:26.263+0000] {processor.py:186} INFO - Started process (PID=952) to work on /home/airflow/.local/lib/python3.12/site-packages/airflow/example_dags/example_workday_timetable.py
[2025-02-08T10:52:26.264+0000] {processor.py:914} INFO - Processing file /home/airflow/.local/lib/python3.12/site-packages/airflow/example_dags/example_workday_timetable.py for tasks to queue
[2025-02-08T10:52:26.266+0000] {logging_mixin.py:190} INFO - [2025-02-08T10:52:26.266+0000] {dagbag.py:588} INFO - Filling up the DagBag from /home/airflow/.local/lib/python3.12/site-packages/airflow/example_dags/example_workday_timetable.py
[2025-02-08T10:52:26.270+0000] {processor.py:925} INFO - DAG(s) 'example_workday_timetable' retrieved from /home/airflow/.local/lib/python3.12/site-packages/airflow/example_dags/example_workday_timetable.py
[2025-02-08T10:52:26.286+0000] {logging_mixin.py:190} INFO - [2025-02-08T10:52:26.286+0000] {dag.py:3239} INFO - Sync 1 DAGs
[2025-02-08T10:52:26.339+0000] {logging_mixin.py:190} INFO - [2025-02-08T10:52:26.339+0000] {dag.py:4180} INFO - Setting next_dagrun for example_workday_timetable to 2021-01-04 00:00:00+00:00, run_after=2021-01-05 00:00:00+00:00
[2025-02-08T10:52:26.354+0000] {processor.py:208} INFO - Processing /home/airflow/.local/lib/python3.12/site-packages/airflow/example_dags/example_workday_timetable.py took 0.096 seconds
[2025-02-08T10:52:56.431+0000] {processor.py:186} INFO - Started process (PID=1231) to work on /home/airflow/.local/lib/python3.12/site-packages/airflow/example_dags/example_workday_timetable.py
[2025-02-08T10:52:56.432+0000] {processor.py:914} INFO - Processing file /home/airflow/.local/lib/python3.12/site-packages/airflow/example_dags/example_workday_timetable.py for tasks to queue
[2025-02-08T10:52:56.433+0000] {logging_mixin.py:190} INFO - [2025-02-08T10:52:56.433+0000] {dagbag.py:588} INFO - Filling up the DagBag from /home/airflow/.local/lib/python3.12/site-packages/airflow/example_dags/example_workday_timetable.py
[2025-02-08T10:52:56.438+0000] {processor.py:925} INFO - DAG(s) 'example_workday_timetable' retrieved from /home/airflow/.local/lib/python3.12/site-packages/airflow/example_dags/example_workday_timetable.py
[2025-02-08T10:52:56.452+0000] {logging_mixin.py:190} INFO - [2025-02-08T10:52:56.452+0000] {dag.py:3239} INFO - Sync 1 DAGs
[2025-02-08T10:52:56.499+0000] {logging_mixin.py:190} INFO - [2025-02-08T10:52:56.499+0000] {dag.py:4180} INFO - Setting next_dagrun for example_workday_timetable to 2021-01-04 00:00:00+00:00, run_after=2021-01-05 00:00:00+00:00
[2025-02-08T10:52:56.514+0000] {processor.py:208} INFO - Processing /home/airflow/.local/lib/python3.12/site-packages/airflow/example_dags/example_workday_timetable.py took 0.087 seconds
[2025-02-08T10:53:26.573+0000] {processor.py:186} INFO - Started process (PID=1517) to work on /home/airflow/.local/lib/python3.12/site-packages/airflow/example_dags/example_workday_timetable.py
[2025-02-08T10:53:26.574+0000] {processor.py:914} INFO - Processing file /home/airflow/.local/lib/python3.12/site-packages/airflow/example_dags/example_workday_timetable.py for tasks to queue
[2025-02-08T10:53:26.576+0000] {logging_mixin.py:190} INFO - [2025-02-08T10:53:26.576+0000] {dagbag.py:588} INFO - Filling up the DagBag from /home/airflow/.local/lib/python3.12/site-packages/airflow/example_dags/example_workday_timetable.py
[2025-02-08T10:53:26.581+0000] {processor.py:925} INFO - DAG(s) 'example_workday_timetable' retrieved from /home/airflow/.local/lib/python3.12/site-packages/airflow/example_dags/example_workday_timetable.py
[2025-02-08T10:53:26.597+0000] {logging_mixin.py:190} INFO - [2025-02-08T10:53:26.597+0000] {dag.py:3239} INFO - Sync 1 DAGs
[2025-02-08T10:53:26.645+0000] {logging_mixin.py:190} INFO - [2025-02-08T10:53:26.645+0000] {dag.py:4180} INFO - Setting next_dagrun for example_workday_timetable to 2021-01-04 00:00:00+00:00, run_after=2021-01-05 00:00:00+00:00
[2025-02-08T10:53:26.659+0000] {processor.py:208} INFO - Processing /home/airflow/.local/lib/python3.12/site-packages/airflow/example_dags/example_workday_timetable.py took 0.091 seconds
[2025-02-08T10:53:56.903+0000] {processor.py:186} INFO - Started process (PID=1803) to work on /home/airflow/.local/lib/python3.12/site-packages/airflow/example_dags/example_workday_timetable.py
[2025-02-08T10:53:56.904+0000] {processor.py:914} INFO - Processing file /home/airflow/.local/lib/python3.12/site-packages/airflow/example_dags/example_workday_timetable.py for tasks to queue
[2025-02-08T10:53:56.906+0000] {logging_mixin.py:190} INFO - [2025-02-08T10:53:56.906+0000] {dagbag.py:588} INFO - Filling up the DagBag from /home/airflow/.local/lib/python3.12/site-packages/airflow/example_dags/example_workday_timetable.py
[2025-02-08T10:53:56.911+0000] {processor.py:925} INFO - DAG(s) 'example_workday_timetable' retrieved from /home/airflow/.local/lib/python3.12/site-packages/airflow/example_dags/example_workday_timetable.py
[2025-02-08T10:53:56.928+0000] {logging_mixin.py:190} INFO - [2025-02-08T10:53:56.928+0000] {dag.py:3239} INFO - Sync 1 DAGs
[2025-02-08T10:53:56.981+0000] {logging_mixin.py:190} INFO - [2025-02-08T10:53:56.981+0000] {dag.py:4180} INFO - Setting next_dagrun for example_workday_timetable to 2021-01-04 00:00:00+00:00, run_after=2021-01-05 00:00:00+00:00
[2025-02-08T10:53:56.996+0000] {processor.py:208} INFO - Processing /home/airflow/.local/lib/python3.12/site-packages/airflow/example_dags/example_workday_timetable.py took 0.098 seconds
[2025-02-08T10:54:27.117+0000] {processor.py:186} INFO - Started process (PID=2091) to work on /home/airflow/.local/lib/python3.12/site-packages/airflow/example_dags/example_workday_timetable.py
[2025-02-08T10:54:27.118+0000] {processor.py:914} INFO - Processing file /home/airflow/.local/lib/python3.12/site-packages/airflow/example_dags/example_workday_timetable.py for tasks to queue
[2025-02-08T10:54:27.120+0000] {logging_mixin.py:190} INFO - [2025-02-08T10:54:27.120+0000] {dagbag.py:588} INFO - Filling up the DagBag from /home/airflow/.local/lib/python3.12/site-packages/airflow/example_dags/example_workday_timetable.py
[2025-02-08T10:54:27.125+0000] {processor.py:925} INFO - DAG(s) 'example_workday_timetable' retrieved from /home/airflow/.local/lib/python3.12/site-packages/airflow/example_dags/example_workday_timetable.py
[2025-02-08T10:54:27.140+0000] {logging_mixin.py:190} INFO - [2025-02-08T10:54:27.140+0000] {dag.py:3239} INFO - Sync 1 DAGs
[2025-02-08T10:54:27.191+0000] {logging_mixin.py:190} INFO - [2025-02-08T10:54:27.191+0000] {dag.py:4180} INFO - Setting next_dagrun for example_workday_timetable to 2021-01-04 00:00:00+00:00, run_after=2021-01-05 00:00:00+00:00
[2025-02-08T10:54:27.218+0000] {processor.py:208} INFO - Processing /home/airflow/.local/lib/python3.12/site-packages/airflow/example_dags/example_workday_timetable.py took 0.105 seconds
[2025-02-08T10:54:57.469+0000] {processor.py:186} INFO - Started process (PID=2377) to work on /home/airflow/.local/lib/python3.12/site-packages/airflow/example_dags/example_workday_timetable.py
[2025-02-08T10:54:57.470+0000] {processor.py:914} INFO - Processing file /home/airflow/.local/lib/python3.12/site-packages/airflow/example_dags/example_workday_timetable.py for tasks to queue
[2025-02-08T10:54:57.473+0000] {logging_mixin.py:190} INFO - [2025-02-08T10:54:57.472+0000] {dagbag.py:588} INFO - Filling up the DagBag from /home/airflow/.local/lib/python3.12/site-packages/airflow/example_dags/example_workday_timetable.py
[2025-02-08T10:54:57.478+0000] {processor.py:925} INFO - DAG(s) 'example_workday_timetable' retrieved from /home/airflow/.local/lib/python3.12/site-packages/airflow/example_dags/example_workday_timetable.py
[2025-02-08T10:54:57.493+0000] {logging_mixin.py:190} INFO - [2025-02-08T10:54:57.493+0000] {dag.py:3239} INFO - Sync 1 DAGs
[2025-02-08T10:54:57.542+0000] {logging_mixin.py:190} INFO - [2025-02-08T10:54:57.542+0000] {dag.py:4180} INFO - Setting next_dagrun for example_workday_timetable to 2021-01-04 00:00:00+00:00, run_after=2021-01-05 00:00:00+00:00
[2025-02-08T10:54:57.559+0000] {processor.py:208} INFO - Processing /home/airflow/.local/lib/python3.12/site-packages/airflow/example_dags/example_workday_timetable.py took 0.095 seconds
[2025-02-08T10:55:27.735+0000] {processor.py:186} INFO - Started process (PID=2663) to work on /home/airflow/.local/lib/python3.12/site-packages/airflow/example_dags/example_workday_timetable.py
[2025-02-08T10:55:27.736+0000] {processor.py:914} INFO - Processing file /home/airflow/.local/lib/python3.12/site-packages/airflow/example_dags/example_workday_timetable.py for tasks to queue
[2025-02-08T10:55:27.738+0000] {logging_mixin.py:190} INFO - [2025-02-08T10:55:27.738+0000] {dagbag.py:588} INFO - Filling up the DagBag from /home/airflow/.local/lib/python3.12/site-packages/airflow/example_dags/example_workday_timetable.py
[2025-02-08T10:55:27.742+0000] {processor.py:925} INFO - DAG(s) 'example_workday_timetable' retrieved from /home/airflow/.local/lib/python3.12/site-packages/airflow/example_dags/example_workday_timetable.py
[2025-02-08T10:55:27.755+0000] {logging_mixin.py:190} INFO - [2025-02-08T10:55:27.755+0000] {dag.py:3239} INFO - Sync 1 DAGs
[2025-02-08T10:55:27.798+0000] {logging_mixin.py:190} INFO - [2025-02-08T10:55:27.798+0000] {dag.py:4180} INFO - Setting next_dagrun for example_workday_timetable to 2021-01-04 00:00:00+00:00, run_after=2021-01-05 00:00:00+00:00
[2025-02-08T10:55:27.814+0000] {processor.py:208} INFO - Processing /home/airflow/.local/lib/python3.12/site-packages/airflow/example_dags/example_workday_timetable.py took 0.083 seconds
[2025-02-08T10:55:57.880+0000] {processor.py:186} INFO - Started process (PID=2947) to work on /home/airflow/.local/lib/python3.12/site-packages/airflow/example_dags/example_workday_timetable.py
[2025-02-08T10:55:57.881+0000] {processor.py:914} INFO - Processing file /home/airflow/.local/lib/python3.12/site-packages/airflow/example_dags/example_workday_timetable.py for tasks to queue
[2025-02-08T10:55:57.883+0000] {logging_mixin.py:190} INFO - [2025-02-08T10:55:57.882+0000] {dagbag.py:588} INFO - Filling up the DagBag from /home/airflow/.local/lib/python3.12/site-packages/airflow/example_dags/example_workday_timetable.py
[2025-02-08T10:55:57.887+0000] {processor.py:925} INFO - DAG(s) 'example_workday_timetable' retrieved from /home/airflow/.local/lib/python3.12/site-packages/airflow/example_dags/example_workday_timetable.py
[2025-02-08T10:55:57.902+0000] {logging_mixin.py:190} INFO - [2025-02-08T10:55:57.901+0000] {dag.py:3239} INFO - Sync 1 DAGs
[2025-02-08T10:55:57.946+0000] {logging_mixin.py:190} INFO - [2025-02-08T10:55:57.945+0000] {dag.py:4180} INFO - Setting next_dagrun for example_workday_timetable to 2021-01-04 00:00:00+00:00, run_after=2021-01-05 00:00:00+00:00
[2025-02-08T10:55:57.961+0000] {processor.py:208} INFO - Processing /home/airflow/.local/lib/python3.12/site-packages/airflow/example_dags/example_workday_timetable.py took 0.086 seconds
[2025-02-08T10:56:28.125+0000] {processor.py:186} INFO - Started process (PID=3233) to work on /home/airflow/.local/lib/python3.12/site-packages/airflow/example_dags/example_workday_timetable.py
[2025-02-08T10:56:28.126+0000] {processor.py:914} INFO - Processing file /home/airflow/.local/lib/python3.12/site-packages/airflow/example_dags/example_workday_timetable.py for tasks to queue
[2025-02-08T10:56:28.128+0000] {logging_mixin.py:190} INFO - [2025-02-08T10:56:28.127+0000] {dagbag.py:588} INFO - Filling up the DagBag from /home/airflow/.local/lib/python3.12/site-packages/airflow/example_dags/example_workday_timetable.py
[2025-02-08T10:56:28.132+0000] {processor.py:925} INFO - DAG(s) 'example_workday_timetable' retrieved from /home/airflow/.local/lib/python3.12/site-packages/airflow/example_dags/example_workday_timetable.py
[2025-02-08T10:56:28.145+0000] {logging_mixin.py:190} INFO - [2025-02-08T10:56:28.145+0000] {dag.py:3239} INFO - Sync 1 DAGs
[2025-02-08T10:56:28.202+0000] {logging_mixin.py:190} INFO - [2025-02-08T10:56:28.202+0000] {dag.py:4180} INFO - Setting next_dagrun for example_workday_timetable to 2021-01-04 00:00:00+00:00, run_after=2021-01-05 00:00:00+00:00
[2025-02-08T10:56:28.218+0000] {processor.py:208} INFO - Processing /home/airflow/.local/lib/python3.12/site-packages/airflow/example_dags/example_workday_timetable.py took 0.097 seconds
[2025-02-08T10:56:58.442+0000] {processor.py:186} INFO - Started process (PID=3519) to work on /home/airflow/.local/lib/python3.12/site-packages/airflow/example_dags/example_workday_timetable.py
[2025-02-08T10:56:58.443+0000] {processor.py:914} INFO - Processing file /home/airflow/.local/lib/python3.12/site-packages/airflow/example_dags/example_workday_timetable.py for tasks to queue
[2025-02-08T10:56:58.444+0000] {logging_mixin.py:190} INFO - [2025-02-08T10:56:58.444+0000] {dagbag.py:588} INFO - Filling up the DagBag from /home/airflow/.local/lib/python3.12/site-packages/airflow/example_dags/example_workday_timetable.py
[2025-02-08T10:56:58.455+0000] {processor.py:925} INFO - DAG(s) 'example_workday_timetable' retrieved from /home/airflow/.local/lib/python3.12/site-packages/airflow/example_dags/example_workday_timetable.py
[2025-02-08T10:56:58.470+0000] {logging_mixin.py:190} INFO - [2025-02-08T10:56:58.470+0000] {dag.py:3239} INFO - Sync 1 DAGs
[2025-02-08T10:56:58.526+0000] {logging_mixin.py:190} INFO - [2025-02-08T10:56:58.526+0000] {dag.py:4180} INFO - Setting next_dagrun for example_workday_timetable to 2021-01-04 00:00:00+00:00, run_after=2021-01-05 00:00:00+00:00
[2025-02-08T10:56:58.543+0000] {processor.py:208} INFO - Processing /home/airflow/.local/lib/python3.12/site-packages/airflow/example_dags/example_workday_timetable.py took 0.106 seconds
[2025-02-08T10:57:28.890+0000] {processor.py:186} INFO - Started process (PID=3807) to work on /home/airflow/.local/lib/python3.12/site-packages/airflow/example_dags/example_workday_timetable.py
[2025-02-08T10:57:28.891+0000] {processor.py:914} INFO - Processing file /home/airflow/.local/lib/python3.12/site-packages/airflow/example_dags/example_workday_timetable.py for tasks to queue
[2025-02-08T10:57:28.893+0000] {logging_mixin.py:190} INFO - [2025-02-08T10:57:28.893+0000] {dagbag.py:588} INFO - Filling up the DagBag from /home/airflow/.local/lib/python3.12/site-packages/airflow/example_dags/example_workday_timetable.py
[2025-02-08T10:57:28.898+0000] {processor.py:925} INFO - DAG(s) 'example_workday_timetable' retrieved from /home/airflow/.local/lib/python3.12/site-packages/airflow/example_dags/example_workday_timetable.py
[2025-02-08T10:57:28.915+0000] {logging_mixin.py:190} INFO - [2025-02-08T10:57:28.915+0000] {dag.py:3239} INFO - Sync 1 DAGs
[2025-02-08T10:57:28.973+0000] {logging_mixin.py:190} INFO - [2025-02-08T10:57:28.973+0000] {dag.py:4180} INFO - Setting next_dagrun for example_workday_timetable to 2021-01-04 00:00:00+00:00, run_after=2021-01-05 00:00:00+00:00
[2025-02-08T10:57:28.991+0000] {processor.py:208} INFO - Processing /home/airflow/.local/lib/python3.12/site-packages/airflow/example_dags/example_workday_timetable.py took 0.107 seconds
[2025-02-08T10:57:59.092+0000] {processor.py:186} INFO - Started process (PID=4091) to work on /home/airflow/.local/lib/python3.12/site-packages/airflow/example_dags/example_workday_timetable.py
[2025-02-08T10:57:59.092+0000] {processor.py:914} INFO - Processing file /home/airflow/.local/lib/python3.12/site-packages/airflow/example_dags/example_workday_timetable.py for tasks to queue
[2025-02-08T10:57:59.094+0000] {logging_mixin.py:190} INFO - [2025-02-08T10:57:59.094+0000] {dagbag.py:588} INFO - Filling up the DagBag from /home/airflow/.local/lib/python3.12/site-packages/airflow/example_dags/example_workday_timetable.py
[2025-02-08T10:57:59.100+0000] {processor.py:925} INFO - DAG(s) 'example_workday_timetable' retrieved from /home/airflow/.local/lib/python3.12/site-packages/airflow/example_dags/example_workday_timetable.py
[2025-02-08T10:57:59.115+0000] {logging_mixin.py:190} INFO - [2025-02-08T10:57:59.115+0000] {dag.py:3239} INFO - Sync 1 DAGs
[2025-02-08T10:57:59.159+0000] {logging_mixin.py:190} INFO - [2025-02-08T10:57:59.159+0000] {dag.py:4180} INFO - Setting next_dagrun for example_workday_timetable to 2021-01-04 00:00:00+00:00, run_after=2021-01-05 00:00:00+00:00
[2025-02-08T10:57:59.174+0000] {processor.py:208} INFO - Processing /home/airflow/.local/lib/python3.12/site-packages/airflow/example_dags/example_workday_timetable.py took 0.088 seconds
[2025-02-08T10:58:29.678+0000] {processor.py:186} INFO - Started process (PID=4391) to work on /home/airflow/.local/lib/python3.12/site-packages/airflow/example_dags/example_workday_timetable.py
[2025-02-08T10:58:29.679+0000] {processor.py:914} INFO - Processing file /home/airflow/.local/lib/python3.12/site-packages/airflow/example_dags/example_workday_timetable.py for tasks to queue
[2025-02-08T10:58:29.680+0000] {logging_mixin.py:190} INFO - [2025-02-08T10:58:29.680+0000] {dagbag.py:588} INFO - Filling up the DagBag from /home/airflow/.local/lib/python3.12/site-packages/airflow/example_dags/example_workday_timetable.py
[2025-02-08T10:58:29.684+0000] {processor.py:925} INFO - DAG(s) 'example_workday_timetable' retrieved from /home/airflow/.local/lib/python3.12/site-packages/airflow/example_dags/example_workday_timetable.py
[2025-02-08T10:58:29.698+0000] {logging_mixin.py:190} INFO - [2025-02-08T10:58:29.698+0000] {dag.py:3239} INFO - Sync 1 DAGs
[2025-02-08T10:58:29.741+0000] {logging_mixin.py:190} INFO - [2025-02-08T10:58:29.741+0000] {dag.py:4180} INFO - Setting next_dagrun for example_workday_timetable to 2021-01-04 00:00:00+00:00, run_after=2021-01-05 00:00:00+00:00
[2025-02-08T10:58:29.758+0000] {processor.py:208} INFO - Processing /home/airflow/.local/lib/python3.12/site-packages/airflow/example_dags/example_workday_timetable.py took 0.085 seconds
[2025-02-08T10:58:59.800+0000] {processor.py:186} INFO - Started process (PID=4867) to work on /home/airflow/.local/lib/python3.12/site-packages/airflow/example_dags/example_workday_timetable.py
[2025-02-08T10:58:59.800+0000] {processor.py:914} INFO - Processing file /home/airflow/.local/lib/python3.12/site-packages/airflow/example_dags/example_workday_timetable.py for tasks to queue
[2025-02-08T10:58:59.802+0000] {logging_mixin.py:190} INFO - [2025-02-08T10:58:59.802+0000] {dagbag.py:588} INFO - Filling up the DagBag from /home/airflow/.local/lib/python3.12/site-packages/airflow/example_dags/example_workday_timetable.py
[2025-02-08T10:58:59.806+0000] {processor.py:925} INFO - DAG(s) 'example_workday_timetable' retrieved from /home/airflow/.local/lib/python3.12/site-packages/airflow/example_dags/example_workday_timetable.py
[2025-02-08T10:58:59.819+0000] {logging_mixin.py:190} INFO - [2025-02-08T10:58:59.819+0000] {dag.py:3239} INFO - Sync 1 DAGs
[2025-02-08T10:58:59.863+0000] {logging_mixin.py:190} INFO - [2025-02-08T10:58:59.862+0000] {dag.py:4180} INFO - Setting next_dagrun for example_workday_timetable to 2021-01-04 00:00:00+00:00, run_after=2021-01-05 00:00:00+00:00
[2025-02-08T10:58:59.878+0000] {processor.py:208} INFO - Processing /home/airflow/.local/lib/python3.12/site-packages/airflow/example_dags/example_workday_timetable.py took 0.084 seconds
[2025-02-08T11:02:00.304+0000] {processor.py:186} INFO - Started process (PID=373) to work on /home/airflow/.local/lib/python3.12/site-packages/airflow/example_dags/example_workday_timetable.py
[2025-02-08T11:02:00.305+0000] {processor.py:914} INFO - Processing file /home/airflow/.local/lib/python3.12/site-packages/airflow/example_dags/example_workday_timetable.py for tasks to queue
[2025-02-08T11:02:00.307+0000] {logging_mixin.py:190} INFO - [2025-02-08T11:02:00.307+0000] {dagbag.py:588} INFO - Filling up the DagBag from /home/airflow/.local/lib/python3.12/site-packages/airflow/example_dags/example_workday_timetable.py
[2025-02-08T11:02:00.312+0000] {processor.py:925} INFO - DAG(s) 'example_workday_timetable' retrieved from /home/airflow/.local/lib/python3.12/site-packages/airflow/example_dags/example_workday_timetable.py
[2025-02-08T11:02:00.390+0000] {logging_mixin.py:190} INFO - [2025-02-08T11:02:00.389+0000] {override.py:1900} INFO - Created Permission View: can read on DAG:example_workday_timetable
[2025-02-08T11:02:00.402+0000] {logging_mixin.py:190} INFO - [2025-02-08T11:02:00.402+0000] {override.py:1900} INFO - Created Permission View: can delete on DAG:example_workday_timetable
[2025-02-08T11:02:00.416+0000] {logging_mixin.py:190} INFO - [2025-02-08T11:02:00.416+0000] {override.py:1900} INFO - Created Permission View: can edit on DAG:example_workday_timetable
[2025-02-08T11:02:00.424+0000] {logging_mixin.py:190} INFO - [2025-02-08T11:02:00.424+0000] {override.py:1900} INFO - Created Permission View: menu access on DAG Run:example_workday_timetable
[2025-02-08T11:02:00.430+0000] {logging_mixin.py:190} INFO - [2025-02-08T11:02:00.430+0000] {override.py:1900} INFO - Created Permission View: can read on DAG Run:example_workday_timetable
[2025-02-08T11:02:00.436+0000] {logging_mixin.py:190} INFO - [2025-02-08T11:02:00.435+0000] {override.py:1900} INFO - Created Permission View: can create on DAG Run:example_workday_timetable
[2025-02-08T11:02:00.441+0000] {logging_mixin.py:190} INFO - [2025-02-08T11:02:00.440+0000] {override.py:1900} INFO - Created Permission View: can delete on DAG Run:example_workday_timetable
[2025-02-08T11:02:00.441+0000] {logging_mixin.py:190} INFO - [2025-02-08T11:02:00.441+0000] {dag.py:3239} INFO - Sync 1 DAGs
[2025-02-08T11:02:00.450+0000] {logging_mixin.py:190} INFO - [2025-02-08T11:02:00.450+0000] {dag.py:3262} INFO - Creating ORM DAG for example_workday_timetable
[2025-02-08T11:02:00.489+0000] {logging_mixin.py:190} INFO - [2025-02-08T11:02:00.488+0000] {dag.py:4180} INFO - Setting next_dagrun for example_workday_timetable to 2021-01-04 00:00:00+00:00, run_after=2021-01-05 00:00:00+00:00
[2025-02-08T11:02:00.503+0000] {processor.py:208} INFO - Processing /home/airflow/.local/lib/python3.12/site-packages/airflow/example_dags/example_workday_timetable.py took 0.204 seconds
[2025-02-08T11:02:31.348+0000] {processor.py:186} INFO - Started process (PID=661) to work on /home/airflow/.local/lib/python3.12/site-packages/airflow/example_dags/example_workday_timetable.py
[2025-02-08T11:02:31.349+0000] {processor.py:914} INFO - Processing file /home/airflow/.local/lib/python3.12/site-packages/airflow/example_dags/example_workday_timetable.py for tasks to queue
[2025-02-08T11:02:31.351+0000] {logging_mixin.py:190} INFO - [2025-02-08T11:02:31.350+0000] {dagbag.py:588} INFO - Filling up the DagBag from /home/airflow/.local/lib/python3.12/site-packages/airflow/example_dags/example_workday_timetable.py
[2025-02-08T11:02:31.356+0000] {processor.py:925} INFO - DAG(s) 'example_workday_timetable' retrieved from /home/airflow/.local/lib/python3.12/site-packages/airflow/example_dags/example_workday_timetable.py
[2025-02-08T11:02:31.370+0000] {logging_mixin.py:190} INFO - [2025-02-08T11:02:31.369+0000] {dag.py:3239} INFO - Sync 1 DAGs
[2025-02-08T11:02:31.414+0000] {logging_mixin.py:190} INFO - [2025-02-08T11:02:31.414+0000] {dag.py:4180} INFO - Setting next_dagrun for example_workday_timetable to 2021-01-04 00:00:00+00:00, run_after=2021-01-05 00:00:00+00:00
[2025-02-08T11:02:31.431+0000] {processor.py:208} INFO - Processing /home/airflow/.local/lib/python3.12/site-packages/airflow/example_dags/example_workday_timetable.py took 0.088 seconds
[2025-02-08T11:03:39.368+0000] {processor.py:186} INFO - Started process (PID=373) to work on /home/airflow/.local/lib/python3.12/site-packages/airflow/example_dags/example_workday_timetable.py
[2025-02-08T11:03:39.369+0000] {processor.py:914} INFO - Processing file /home/airflow/.local/lib/python3.12/site-packages/airflow/example_dags/example_workday_timetable.py for tasks to queue
[2025-02-08T11:03:39.371+0000] {logging_mixin.py:190} INFO - [2025-02-08T11:03:39.371+0000] {dagbag.py:588} INFO - Filling up the DagBag from /home/airflow/.local/lib/python3.12/site-packages/airflow/example_dags/example_workday_timetable.py
[2025-02-08T11:03:39.375+0000] {processor.py:925} INFO - DAG(s) 'example_workday_timetable' retrieved from /home/airflow/.local/lib/python3.12/site-packages/airflow/example_dags/example_workday_timetable.py
[2025-02-08T11:03:39.391+0000] {logging_mixin.py:190} INFO - [2025-02-08T11:03:39.391+0000] {dag.py:3239} INFO - Sync 1 DAGs
[2025-02-08T11:03:39.435+0000] {logging_mixin.py:190} INFO - [2025-02-08T11:03:39.435+0000] {dag.py:4180} INFO - Setting next_dagrun for example_workday_timetable to 2021-01-04 00:00:00+00:00, run_after=2021-01-05 00:00:00+00:00
[2025-02-08T11:03:39.450+0000] {processor.py:208} INFO - Processing /home/airflow/.local/lib/python3.12/site-packages/airflow/example_dags/example_workday_timetable.py took 0.087 seconds
[2025-02-08T11:04:09.632+0000] {processor.py:186} INFO - Started process (PID=659) to work on /home/airflow/.local/lib/python3.12/site-packages/airflow/example_dags/example_workday_timetable.py
[2025-02-08T11:04:09.633+0000] {processor.py:914} INFO - Processing file /home/airflow/.local/lib/python3.12/site-packages/airflow/example_dags/example_workday_timetable.py for tasks to queue
[2025-02-08T11:04:09.635+0000] {logging_mixin.py:190} INFO - [2025-02-08T11:04:09.634+0000] {dagbag.py:588} INFO - Filling up the DagBag from /home/airflow/.local/lib/python3.12/site-packages/airflow/example_dags/example_workday_timetable.py
[2025-02-08T11:04:09.639+0000] {processor.py:925} INFO - DAG(s) 'example_workday_timetable' retrieved from /home/airflow/.local/lib/python3.12/site-packages/airflow/example_dags/example_workday_timetable.py
[2025-02-08T11:04:09.653+0000] {logging_mixin.py:190} INFO - [2025-02-08T11:04:09.652+0000] {dag.py:3239} INFO - Sync 1 DAGs
[2025-02-08T11:04:09.701+0000] {logging_mixin.py:190} INFO - [2025-02-08T11:04:09.700+0000] {dag.py:4180} INFO - Setting next_dagrun for example_workday_timetable to 2021-01-04 00:00:00+00:00, run_after=2021-01-05 00:00:00+00:00
[2025-02-08T11:04:09.716+0000] {processor.py:208} INFO - Processing /home/airflow/.local/lib/python3.12/site-packages/airflow/example_dags/example_workday_timetable.py took 0.089 seconds
[2025-02-08T11:04:39.987+0000] {processor.py:186} INFO - Started process (PID=947) to work on /home/airflow/.local/lib/python3.12/site-packages/airflow/example_dags/example_workday_timetable.py
[2025-02-08T11:04:39.988+0000] {processor.py:914} INFO - Processing file /home/airflow/.local/lib/python3.12/site-packages/airflow/example_dags/example_workday_timetable.py for tasks to queue
[2025-02-08T11:04:39.990+0000] {logging_mixin.py:190} INFO - [2025-02-08T11:04:39.990+0000] {dagbag.py:588} INFO - Filling up the DagBag from /home/airflow/.local/lib/python3.12/site-packages/airflow/example_dags/example_workday_timetable.py
[2025-02-08T11:04:39.995+0000] {processor.py:925} INFO - DAG(s) 'example_workday_timetable' retrieved from /home/airflow/.local/lib/python3.12/site-packages/airflow/example_dags/example_workday_timetable.py
[2025-02-08T11:04:40.009+0000] {logging_mixin.py:190} INFO - [2025-02-08T11:04:40.009+0000] {dag.py:3239} INFO - Sync 1 DAGs
[2025-02-08T11:04:40.051+0000] {logging_mixin.py:190} INFO - [2025-02-08T11:04:40.051+0000] {dag.py:4180} INFO - Setting next_dagrun for example_workday_timetable to 2021-01-04 00:00:00+00:00, run_after=2021-01-05 00:00:00+00:00
[2025-02-08T11:04:40.068+0000] {processor.py:208} INFO - Processing /home/airflow/.local/lib/python3.12/site-packages/airflow/example_dags/example_workday_timetable.py took 0.085 seconds
[2025-02-08T11:33:20.997+0000] {processor.py:186} INFO - Started process (PID=373) to work on /home/airflow/.local/lib/python3.12/site-packages/airflow/example_dags/example_workday_timetable.py
[2025-02-08T11:33:20.997+0000] {processor.py:914} INFO - Processing file /home/airflow/.local/lib/python3.12/site-packages/airflow/example_dags/example_workday_timetable.py for tasks to queue
[2025-02-08T11:33:20.999+0000] {logging_mixin.py:190} INFO - [2025-02-08T11:33:20.999+0000] {dagbag.py:588} INFO - Filling up the DagBag from /home/airflow/.local/lib/python3.12/site-packages/airflow/example_dags/example_workday_timetable.py
[2025-02-08T11:33:21.004+0000] {processor.py:925} INFO - DAG(s) 'example_workday_timetable' retrieved from /home/airflow/.local/lib/python3.12/site-packages/airflow/example_dags/example_workday_timetable.py
[2025-02-08T11:33:21.090+0000] {logging_mixin.py:190} INFO - [2025-02-08T11:33:21.089+0000] {override.py:1900} INFO - Created Permission View: can edit on DAG:example_workday_timetable
[2025-02-08T11:33:21.099+0000] {logging_mixin.py:190} INFO - [2025-02-08T11:33:21.098+0000] {override.py:1900} INFO - Created Permission View: can delete on DAG:example_workday_timetable
[2025-02-08T11:33:21.106+0000] {logging_mixin.py:190} INFO - [2025-02-08T11:33:21.106+0000] {override.py:1900} INFO - Created Permission View: can read on DAG:example_workday_timetable
[2025-02-08T11:33:21.114+0000] {logging_mixin.py:190} INFO - [2025-02-08T11:33:21.114+0000] {override.py:1900} INFO - Created Permission View: menu access on DAG Run:example_workday_timetable
[2025-02-08T11:33:21.120+0000] {logging_mixin.py:190} INFO - [2025-02-08T11:33:21.120+0000] {override.py:1900} INFO - Created Permission View: can create on DAG Run:example_workday_timetable
[2025-02-08T11:33:21.127+0000] {logging_mixin.py:190} INFO - [2025-02-08T11:33:21.127+0000] {override.py:1900} INFO - Created Permission View: can delete on DAG Run:example_workday_timetable
[2025-02-08T11:33:21.134+0000] {logging_mixin.py:190} INFO - [2025-02-08T11:33:21.133+0000] {override.py:1900} INFO - Created Permission View: can read on DAG Run:example_workday_timetable
[2025-02-08T11:33:21.134+0000] {logging_mixin.py:190} INFO - [2025-02-08T11:33:21.134+0000] {dag.py:3239} INFO - Sync 1 DAGs
[2025-02-08T11:33:21.147+0000] {logging_mixin.py:190} INFO - [2025-02-08T11:33:21.147+0000] {dag.py:3262} INFO - Creating ORM DAG for example_workday_timetable
[2025-02-08T11:33:21.186+0000] {logging_mixin.py:190} INFO - [2025-02-08T11:33:21.186+0000] {dag.py:4180} INFO - Setting next_dagrun for example_workday_timetable to 2021-01-04 00:00:00+00:00, run_after=2021-01-05 00:00:00+00:00
[2025-02-08T11:33:21.202+0000] {processor.py:208} INFO - Processing /home/airflow/.local/lib/python3.12/site-packages/airflow/example_dags/example_workday_timetable.py took 0.211 seconds
[2025-02-08T11:33:51.258+0000] {processor.py:186} INFO - Started process (PID=661) to work on /home/airflow/.local/lib/python3.12/site-packages/airflow/example_dags/example_workday_timetable.py
[2025-02-08T11:33:51.259+0000] {processor.py:914} INFO - Processing file /home/airflow/.local/lib/python3.12/site-packages/airflow/example_dags/example_workday_timetable.py for tasks to queue
[2025-02-08T11:33:51.261+0000] {logging_mixin.py:190} INFO - [2025-02-08T11:33:51.261+0000] {dagbag.py:588} INFO - Filling up the DagBag from /home/airflow/.local/lib/python3.12/site-packages/airflow/example_dags/example_workday_timetable.py
[2025-02-08T11:33:51.266+0000] {processor.py:925} INFO - DAG(s) 'example_workday_timetable' retrieved from /home/airflow/.local/lib/python3.12/site-packages/airflow/example_dags/example_workday_timetable.py
[2025-02-08T11:33:51.280+0000] {logging_mixin.py:190} INFO - [2025-02-08T11:33:51.280+0000] {dag.py:3239} INFO - Sync 1 DAGs
[2025-02-08T11:33:51.325+0000] {logging_mixin.py:190} INFO - [2025-02-08T11:33:51.325+0000] {dag.py:4180} INFO - Setting next_dagrun for example_workday_timetable to 2021-01-04 00:00:00+00:00, run_after=2021-01-05 00:00:00+00:00
[2025-02-08T11:33:51.342+0000] {processor.py:208} INFO - Processing /home/airflow/.local/lib/python3.12/site-packages/airflow/example_dags/example_workday_timetable.py took 0.090 seconds
[2025-02-08T11:34:21.383+0000] {processor.py:186} INFO - Started process (PID=947) to work on /home/airflow/.local/lib/python3.12/site-packages/airflow/example_dags/example_workday_timetable.py
[2025-02-08T11:34:21.383+0000] {processor.py:914} INFO - Processing file /home/airflow/.local/lib/python3.12/site-packages/airflow/example_dags/example_workday_timetable.py for tasks to queue
[2025-02-08T11:34:21.385+0000] {logging_mixin.py:190} INFO - [2025-02-08T11:34:21.385+0000] {dagbag.py:588} INFO - Filling up the DagBag from /home/airflow/.local/lib/python3.12/site-packages/airflow/example_dags/example_workday_timetable.py
[2025-02-08T11:34:21.390+0000] {processor.py:925} INFO - DAG(s) 'example_workday_timetable' retrieved from /home/airflow/.local/lib/python3.12/site-packages/airflow/example_dags/example_workday_timetable.py
[2025-02-08T11:34:21.404+0000] {logging_mixin.py:190} INFO - [2025-02-08T11:34:21.404+0000] {dag.py:3239} INFO - Sync 1 DAGs
[2025-02-08T11:34:21.451+0000] {logging_mixin.py:190} INFO - [2025-02-08T11:34:21.451+0000] {dag.py:4180} INFO - Setting next_dagrun for example_workday_timetable to 2021-01-04 00:00:00+00:00, run_after=2021-01-05 00:00:00+00:00
[2025-02-08T11:34:21.468+0000] {processor.py:208} INFO - Processing /home/airflow/.local/lib/python3.12/site-packages/airflow/example_dags/example_workday_timetable.py took 0.090 seconds
[2025-02-08T11:34:51.615+0000] {processor.py:186} INFO - Started process (PID=1233) to work on /home/airflow/.local/lib/python3.12/site-packages/airflow/example_dags/example_workday_timetable.py
[2025-02-08T11:34:51.615+0000] {processor.py:914} INFO - Processing file /home/airflow/.local/lib/python3.12/site-packages/airflow/example_dags/example_workday_timetable.py for tasks to queue
[2025-02-08T11:34:51.617+0000] {logging_mixin.py:190} INFO - [2025-02-08T11:34:51.617+0000] {dagbag.py:588} INFO - Filling up the DagBag from /home/airflow/.local/lib/python3.12/site-packages/airflow/example_dags/example_workday_timetable.py
[2025-02-08T11:34:51.622+0000] {processor.py:925} INFO - DAG(s) 'example_workday_timetable' retrieved from /home/airflow/.local/lib/python3.12/site-packages/airflow/example_dags/example_workday_timetable.py
[2025-02-08T11:34:51.637+0000] {logging_mixin.py:190} INFO - [2025-02-08T11:34:51.637+0000] {dag.py:3239} INFO - Sync 1 DAGs
[2025-02-08T11:34:51.683+0000] {logging_mixin.py:190} INFO - [2025-02-08T11:34:51.683+0000] {dag.py:4180} INFO - Setting next_dagrun for example_workday_timetable to 2021-01-04 00:00:00+00:00, run_after=2021-01-05 00:00:00+00:00
[2025-02-08T11:34:51.702+0000] {processor.py:208} INFO - Processing /home/airflow/.local/lib/python3.12/site-packages/airflow/example_dags/example_workday_timetable.py took 0.093 seconds
