[2025-02-08T10:51:23.136+0000] {processor.py:186} INFO - Started process (PID=293) to work on /home/airflow/.local/lib/python3.12/site-packages/airflow/example_dags/example_local_kubernetes_executor.py
[2025-02-08T10:51:23.137+0000] {processor.py:914} INFO - Processing file /home/airflow/.local/lib/python3.12/site-packages/airflow/example_dags/example_local_kubernetes_executor.py for tasks to queue
[2025-02-08T10:51:23.139+0000] {logging_mixin.py:190} INFO - [2025-02-08T10:51:23.139+0000] {dagbag.py:588} INFO - Filling up the DagBag from /home/airflow/.local/lib/python3.12/site-packages/airflow/example_dags/example_local_kubernetes_executor.py
[2025-02-08T10:51:23.149+0000] {processor.py:925} INFO - DAG(s) 'example_local_kubernetes_executor' retrieved from /home/airflow/.local/lib/python3.12/site-packages/airflow/example_dags/example_local_kubernetes_executor.py
[2025-02-08T10:51:23.259+0000] {logging_mixin.py:190} INFO - [2025-02-08T10:51:23.258+0000] {override.py:1900} INFO - Created Permission View: can delete on DAG:example_local_kubernetes_executor
[2025-02-08T10:51:23.267+0000] {logging_mixin.py:190} INFO - [2025-02-08T10:51:23.267+0000] {override.py:1900} INFO - Created Permission View: can read on DAG:example_local_kubernetes_executor
[2025-02-08T10:51:23.274+0000] {logging_mixin.py:190} INFO - [2025-02-08T10:51:23.273+0000] {override.py:1900} INFO - Created Permission View: can edit on DAG:example_local_kubernetes_executor
[2025-02-08T10:51:23.281+0000] {logging_mixin.py:190} INFO - [2025-02-08T10:51:23.280+0000] {override.py:1900} INFO - Created Permission View: can delete on DAG Run:example_local_kubernetes_executor
[2025-02-08T10:51:23.286+0000] {logging_mixin.py:190} INFO - [2025-02-08T10:51:23.286+0000] {override.py:1900} INFO - Created Permission View: can read on DAG Run:example_local_kubernetes_executor
[2025-02-08T10:51:23.293+0000] {logging_mixin.py:190} INFO - [2025-02-08T10:51:23.292+0000] {override.py:1900} INFO - Created Permission View: menu access on DAG Run:example_local_kubernetes_executor
[2025-02-08T10:51:23.300+0000] {logging_mixin.py:190} INFO - [2025-02-08T10:51:23.300+0000] {override.py:1900} INFO - Created Permission View: can create on DAG Run:example_local_kubernetes_executor
[2025-02-08T10:51:23.301+0000] {logging_mixin.py:190} INFO - [2025-02-08T10:51:23.300+0000] {dag.py:3239} INFO - Sync 1 DAGs
[2025-02-08T10:51:23.310+0000] {logging_mixin.py:190} INFO - [2025-02-08T10:51:23.310+0000] {dag.py:3262} INFO - Creating ORM DAG for example_local_kubernetes_executor
[2025-02-08T10:51:23.311+0000] {logging_mixin.py:190} INFO - [2025-02-08T10:51:23.310+0000] {dag.py:4180} INFO - Setting next_dagrun for example_local_kubernetes_executor to None, run_after=None
[2025-02-08T10:51:23.326+0000] {processor.py:208} INFO - Processing /home/airflow/.local/lib/python3.12/site-packages/airflow/example_dags/example_local_kubernetes_executor.py took 0.195 seconds
[2025-02-08T10:51:53.968+0000] {processor.py:186} INFO - Started process (PID=579) to work on /home/airflow/.local/lib/python3.12/site-packages/airflow/example_dags/example_local_kubernetes_executor.py
[2025-02-08T10:51:53.969+0000] {processor.py:914} INFO - Processing file /home/airflow/.local/lib/python3.12/site-packages/airflow/example_dags/example_local_kubernetes_executor.py for tasks to queue
[2025-02-08T10:51:53.971+0000] {logging_mixin.py:190} INFO - [2025-02-08T10:51:53.971+0000] {dagbag.py:588} INFO - Filling up the DagBag from /home/airflow/.local/lib/python3.12/site-packages/airflow/example_dags/example_local_kubernetes_executor.py
[2025-02-08T10:51:53.979+0000] {processor.py:925} INFO - DAG(s) 'example_local_kubernetes_executor' retrieved from /home/airflow/.local/lib/python3.12/site-packages/airflow/example_dags/example_local_kubernetes_executor.py
[2025-02-08T10:51:54.007+0000] {logging_mixin.py:190} INFO - [2025-02-08T10:51:54.006+0000] {dag.py:3239} INFO - Sync 1 DAGs
[2025-02-08T10:51:54.020+0000] {logging_mixin.py:190} INFO - [2025-02-08T10:51:54.020+0000] {dag.py:4180} INFO - Setting next_dagrun for example_local_kubernetes_executor to None, run_after=None
[2025-02-08T10:51:54.038+0000] {processor.py:208} INFO - Processing /home/airflow/.local/lib/python3.12/site-packages/airflow/example_dags/example_local_kubernetes_executor.py took 0.076 seconds
[2025-02-08T10:52:24.081+0000] {processor.py:186} INFO - Started process (PID=860) to work on /home/airflow/.local/lib/python3.12/site-packages/airflow/example_dags/example_local_kubernetes_executor.py
[2025-02-08T10:52:24.082+0000] {processor.py:914} INFO - Processing file /home/airflow/.local/lib/python3.12/site-packages/airflow/example_dags/example_local_kubernetes_executor.py for tasks to queue
[2025-02-08T10:52:24.083+0000] {logging_mixin.py:190} INFO - [2025-02-08T10:52:24.083+0000] {dagbag.py:588} INFO - Filling up the DagBag from /home/airflow/.local/lib/python3.12/site-packages/airflow/example_dags/example_local_kubernetes_executor.py
[2025-02-08T10:52:24.090+0000] {processor.py:925} INFO - DAG(s) 'example_local_kubernetes_executor' retrieved from /home/airflow/.local/lib/python3.12/site-packages/airflow/example_dags/example_local_kubernetes_executor.py
[2025-02-08T10:52:24.117+0000] {logging_mixin.py:190} INFO - [2025-02-08T10:52:24.117+0000] {dag.py:3239} INFO - Sync 1 DAGs
[2025-02-08T10:52:24.129+0000] {logging_mixin.py:190} INFO - [2025-02-08T10:52:24.129+0000] {dag.py:4180} INFO - Setting next_dagrun for example_local_kubernetes_executor to None, run_after=None
[2025-02-08T10:52:24.144+0000] {processor.py:208} INFO - Processing /home/airflow/.local/lib/python3.12/site-packages/airflow/example_dags/example_local_kubernetes_executor.py took 0.069 seconds
[2025-02-08T10:52:54.263+0000] {processor.py:186} INFO - Started process (PID=1146) to work on /home/airflow/.local/lib/python3.12/site-packages/airflow/example_dags/example_local_kubernetes_executor.py
[2025-02-08T10:52:54.264+0000] {processor.py:914} INFO - Processing file /home/airflow/.local/lib/python3.12/site-packages/airflow/example_dags/example_local_kubernetes_executor.py for tasks to queue
[2025-02-08T10:52:54.266+0000] {logging_mixin.py:190} INFO - [2025-02-08T10:52:54.266+0000] {dagbag.py:588} INFO - Filling up the DagBag from /home/airflow/.local/lib/python3.12/site-packages/airflow/example_dags/example_local_kubernetes_executor.py
[2025-02-08T10:52:54.274+0000] {processor.py:925} INFO - DAG(s) 'example_local_kubernetes_executor' retrieved from /home/airflow/.local/lib/python3.12/site-packages/airflow/example_dags/example_local_kubernetes_executor.py
[2025-02-08T10:52:54.302+0000] {logging_mixin.py:190} INFO - [2025-02-08T10:52:54.302+0000] {dag.py:3239} INFO - Sync 1 DAGs
[2025-02-08T10:52:54.314+0000] {logging_mixin.py:190} INFO - [2025-02-08T10:52:54.314+0000] {dag.py:4180} INFO - Setting next_dagrun for example_local_kubernetes_executor to None, run_after=None
[2025-02-08T10:52:54.331+0000] {processor.py:208} INFO - Processing /home/airflow/.local/lib/python3.12/site-packages/airflow/example_dags/example_local_kubernetes_executor.py took 0.073 seconds
[2025-02-08T10:53:24.677+0000] {processor.py:186} INFO - Started process (PID=1437) to work on /home/airflow/.local/lib/python3.12/site-packages/airflow/example_dags/example_local_kubernetes_executor.py
[2025-02-08T10:53:24.678+0000] {processor.py:914} INFO - Processing file /home/airflow/.local/lib/python3.12/site-packages/airflow/example_dags/example_local_kubernetes_executor.py for tasks to queue
[2025-02-08T10:53:24.680+0000] {logging_mixin.py:190} INFO - [2025-02-08T10:53:24.680+0000] {dagbag.py:588} INFO - Filling up the DagBag from /home/airflow/.local/lib/python3.12/site-packages/airflow/example_dags/example_local_kubernetes_executor.py
[2025-02-08T10:53:24.690+0000] {processor.py:925} INFO - DAG(s) 'example_local_kubernetes_executor' retrieved from /home/airflow/.local/lib/python3.12/site-packages/airflow/example_dags/example_local_kubernetes_executor.py
[2025-02-08T10:53:24.718+0000] {logging_mixin.py:190} INFO - [2025-02-08T10:53:24.717+0000] {dag.py:3239} INFO - Sync 1 DAGs
[2025-02-08T10:53:24.730+0000] {logging_mixin.py:190} INFO - [2025-02-08T10:53:24.730+0000] {dag.py:4180} INFO - Setting next_dagrun for example_local_kubernetes_executor to None, run_after=None
[2025-02-08T10:53:24.745+0000] {processor.py:208} INFO - Processing /home/airflow/.local/lib/python3.12/site-packages/airflow/example_dags/example_local_kubernetes_executor.py took 0.073 seconds
[2025-02-08T10:53:54.863+0000] {processor.py:186} INFO - Started process (PID=1723) to work on /home/airflow/.local/lib/python3.12/site-packages/airflow/example_dags/example_local_kubernetes_executor.py
[2025-02-08T10:53:54.864+0000] {processor.py:914} INFO - Processing file /home/airflow/.local/lib/python3.12/site-packages/airflow/example_dags/example_local_kubernetes_executor.py for tasks to queue
[2025-02-08T10:53:54.866+0000] {logging_mixin.py:190} INFO - [2025-02-08T10:53:54.865+0000] {dagbag.py:588} INFO - Filling up the DagBag from /home/airflow/.local/lib/python3.12/site-packages/airflow/example_dags/example_local_kubernetes_executor.py
[2025-02-08T10:53:54.873+0000] {processor.py:925} INFO - DAG(s) 'example_local_kubernetes_executor' retrieved from /home/airflow/.local/lib/python3.12/site-packages/airflow/example_dags/example_local_kubernetes_executor.py
[2025-02-08T10:53:54.897+0000] {logging_mixin.py:190} INFO - [2025-02-08T10:53:54.897+0000] {dag.py:3239} INFO - Sync 1 DAGs
[2025-02-08T10:53:54.909+0000] {logging_mixin.py:190} INFO - [2025-02-08T10:53:54.909+0000] {dag.py:4180} INFO - Setting next_dagrun for example_local_kubernetes_executor to None, run_after=None
[2025-02-08T10:53:54.924+0000] {processor.py:208} INFO - Processing /home/airflow/.local/lib/python3.12/site-packages/airflow/example_dags/example_local_kubernetes_executor.py took 0.065 seconds
[2025-02-08T10:54:25.139+0000] {processor.py:186} INFO - Started process (PID=2009) to work on /home/airflow/.local/lib/python3.12/site-packages/airflow/example_dags/example_local_kubernetes_executor.py
[2025-02-08T10:54:25.139+0000] {processor.py:914} INFO - Processing file /home/airflow/.local/lib/python3.12/site-packages/airflow/example_dags/example_local_kubernetes_executor.py for tasks to queue
[2025-02-08T10:54:25.141+0000] {logging_mixin.py:190} INFO - [2025-02-08T10:54:25.141+0000] {dagbag.py:588} INFO - Filling up the DagBag from /home/airflow/.local/lib/python3.12/site-packages/airflow/example_dags/example_local_kubernetes_executor.py
[2025-02-08T10:54:25.149+0000] {processor.py:925} INFO - DAG(s) 'example_local_kubernetes_executor' retrieved from /home/airflow/.local/lib/python3.12/site-packages/airflow/example_dags/example_local_kubernetes_executor.py
[2025-02-08T10:54:25.175+0000] {logging_mixin.py:190} INFO - [2025-02-08T10:54:25.174+0000] {dag.py:3239} INFO - Sync 1 DAGs
[2025-02-08T10:54:25.186+0000] {logging_mixin.py:190} INFO - [2025-02-08T10:54:25.186+0000] {dag.py:4180} INFO - Setting next_dagrun for example_local_kubernetes_executor to None, run_after=None
[2025-02-08T10:54:25.205+0000] {processor.py:208} INFO - Processing /home/airflow/.local/lib/python3.12/site-packages/airflow/example_dags/example_local_kubernetes_executor.py took 0.070 seconds
[2025-02-08T10:54:55.578+0000] {processor.py:186} INFO - Started process (PID=2295) to work on /home/airflow/.local/lib/python3.12/site-packages/airflow/example_dags/example_local_kubernetes_executor.py
[2025-02-08T10:54:55.579+0000] {processor.py:914} INFO - Processing file /home/airflow/.local/lib/python3.12/site-packages/airflow/example_dags/example_local_kubernetes_executor.py for tasks to queue
[2025-02-08T10:54:55.581+0000] {logging_mixin.py:190} INFO - [2025-02-08T10:54:55.580+0000] {dagbag.py:588} INFO - Filling up the DagBag from /home/airflow/.local/lib/python3.12/site-packages/airflow/example_dags/example_local_kubernetes_executor.py
[2025-02-08T10:54:55.589+0000] {processor.py:925} INFO - DAG(s) 'example_local_kubernetes_executor' retrieved from /home/airflow/.local/lib/python3.12/site-packages/airflow/example_dags/example_local_kubernetes_executor.py
[2025-02-08T10:54:55.618+0000] {logging_mixin.py:190} INFO - [2025-02-08T10:54:55.618+0000] {dag.py:3239} INFO - Sync 1 DAGs
[2025-02-08T10:54:55.632+0000] {logging_mixin.py:190} INFO - [2025-02-08T10:54:55.632+0000] {dag.py:4180} INFO - Setting next_dagrun for example_local_kubernetes_executor to None, run_after=None
[2025-02-08T10:54:55.651+0000] {processor.py:208} INFO - Processing /home/airflow/.local/lib/python3.12/site-packages/airflow/example_dags/example_local_kubernetes_executor.py took 0.078 seconds
[2025-02-08T10:55:25.913+0000] {processor.py:186} INFO - Started process (PID=2581) to work on /home/airflow/.local/lib/python3.12/site-packages/airflow/example_dags/example_local_kubernetes_executor.py
[2025-02-08T10:55:25.914+0000] {processor.py:914} INFO - Processing file /home/airflow/.local/lib/python3.12/site-packages/airflow/example_dags/example_local_kubernetes_executor.py for tasks to queue
[2025-02-08T10:55:25.916+0000] {logging_mixin.py:190} INFO - [2025-02-08T10:55:25.915+0000] {dagbag.py:588} INFO - Filling up the DagBag from /home/airflow/.local/lib/python3.12/site-packages/airflow/example_dags/example_local_kubernetes_executor.py
[2025-02-08T10:55:25.922+0000] {processor.py:925} INFO - DAG(s) 'example_local_kubernetes_executor' retrieved from /home/airflow/.local/lib/python3.12/site-packages/airflow/example_dags/example_local_kubernetes_executor.py
[2025-02-08T10:55:25.949+0000] {logging_mixin.py:190} INFO - [2025-02-08T10:55:25.949+0000] {dag.py:3239} INFO - Sync 1 DAGs
[2025-02-08T10:55:25.960+0000] {logging_mixin.py:190} INFO - [2025-02-08T10:55:25.960+0000] {dag.py:4180} INFO - Setting next_dagrun for example_local_kubernetes_executor to None, run_after=None
[2025-02-08T10:55:25.974+0000] {processor.py:208} INFO - Processing /home/airflow/.local/lib/python3.12/site-packages/airflow/example_dags/example_local_kubernetes_executor.py took 0.066 seconds
[2025-02-08T10:55:56.999+0000] {processor.py:186} INFO - Started process (PID=2867) to work on /home/airflow/.local/lib/python3.12/site-packages/airflow/example_dags/example_local_kubernetes_executor.py
[2025-02-08T10:55:57.000+0000] {processor.py:914} INFO - Processing file /home/airflow/.local/lib/python3.12/site-packages/airflow/example_dags/example_local_kubernetes_executor.py for tasks to queue
[2025-02-08T10:55:57.002+0000] {logging_mixin.py:190} INFO - [2025-02-08T10:55:57.002+0000] {dagbag.py:588} INFO - Filling up the DagBag from /home/airflow/.local/lib/python3.12/site-packages/airflow/example_dags/example_local_kubernetes_executor.py
[2025-02-08T10:55:57.010+0000] {processor.py:925} INFO - DAG(s) 'example_local_kubernetes_executor' retrieved from /home/airflow/.local/lib/python3.12/site-packages/airflow/example_dags/example_local_kubernetes_executor.py
[2025-02-08T10:55:57.036+0000] {logging_mixin.py:190} INFO - [2025-02-08T10:55:57.035+0000] {dag.py:3239} INFO - Sync 1 DAGs
[2025-02-08T10:55:57.049+0000] {logging_mixin.py:190} INFO - [2025-02-08T10:55:57.049+0000] {dag.py:4180} INFO - Setting next_dagrun for example_local_kubernetes_executor to None, run_after=None
[2025-02-08T10:55:57.064+0000] {processor.py:208} INFO - Processing /home/airflow/.local/lib/python3.12/site-packages/airflow/example_dags/example_local_kubernetes_executor.py took 0.071 seconds
[2025-02-08T10:56:27.234+0000] {processor.py:186} INFO - Started process (PID=3153) to work on /home/airflow/.local/lib/python3.12/site-packages/airflow/example_dags/example_local_kubernetes_executor.py
[2025-02-08T10:56:27.234+0000] {processor.py:914} INFO - Processing file /home/airflow/.local/lib/python3.12/site-packages/airflow/example_dags/example_local_kubernetes_executor.py for tasks to queue
[2025-02-08T10:56:27.236+0000] {logging_mixin.py:190} INFO - [2025-02-08T10:56:27.236+0000] {dagbag.py:588} INFO - Filling up the DagBag from /home/airflow/.local/lib/python3.12/site-packages/airflow/example_dags/example_local_kubernetes_executor.py
[2025-02-08T10:56:27.244+0000] {processor.py:925} INFO - DAG(s) 'example_local_kubernetes_executor' retrieved from /home/airflow/.local/lib/python3.12/site-packages/airflow/example_dags/example_local_kubernetes_executor.py
[2025-02-08T10:56:27.268+0000] {logging_mixin.py:190} INFO - [2025-02-08T10:56:27.268+0000] {dag.py:3239} INFO - Sync 1 DAGs
[2025-02-08T10:56:27.280+0000] {logging_mixin.py:190} INFO - [2025-02-08T10:56:27.280+0000] {dag.py:4180} INFO - Setting next_dagrun for example_local_kubernetes_executor to None, run_after=None
[2025-02-08T10:56:27.296+0000] {processor.py:208} INFO - Processing /home/airflow/.local/lib/python3.12/site-packages/airflow/example_dags/example_local_kubernetes_executor.py took 0.068 seconds
[2025-02-08T10:56:57.553+0000] {processor.py:186} INFO - Started process (PID=3439) to work on /home/airflow/.local/lib/python3.12/site-packages/airflow/example_dags/example_local_kubernetes_executor.py
[2025-02-08T10:56:57.553+0000] {processor.py:914} INFO - Processing file /home/airflow/.local/lib/python3.12/site-packages/airflow/example_dags/example_local_kubernetes_executor.py for tasks to queue
[2025-02-08T10:56:57.555+0000] {logging_mixin.py:190} INFO - [2025-02-08T10:56:57.555+0000] {dagbag.py:588} INFO - Filling up the DagBag from /home/airflow/.local/lib/python3.12/site-packages/airflow/example_dags/example_local_kubernetes_executor.py
[2025-02-08T10:56:57.562+0000] {processor.py:925} INFO - DAG(s) 'example_local_kubernetes_executor' retrieved from /home/airflow/.local/lib/python3.12/site-packages/airflow/example_dags/example_local_kubernetes_executor.py
[2025-02-08T10:56:57.588+0000] {logging_mixin.py:190} INFO - [2025-02-08T10:56:57.588+0000] {dag.py:3239} INFO - Sync 1 DAGs
[2025-02-08T10:56:57.601+0000] {logging_mixin.py:190} INFO - [2025-02-08T10:56:57.600+0000] {dag.py:4180} INFO - Setting next_dagrun for example_local_kubernetes_executor to None, run_after=None
[2025-02-08T10:56:57.616+0000] {processor.py:208} INFO - Processing /home/airflow/.local/lib/python3.12/site-packages/airflow/example_dags/example_local_kubernetes_executor.py took 0.069 seconds
[2025-02-08T10:57:27.809+0000] {processor.py:186} INFO - Started process (PID=3725) to work on /home/airflow/.local/lib/python3.12/site-packages/airflow/example_dags/example_local_kubernetes_executor.py
[2025-02-08T10:57:27.810+0000] {processor.py:914} INFO - Processing file /home/airflow/.local/lib/python3.12/site-packages/airflow/example_dags/example_local_kubernetes_executor.py for tasks to queue
[2025-02-08T10:57:27.812+0000] {logging_mixin.py:190} INFO - [2025-02-08T10:57:27.812+0000] {dagbag.py:588} INFO - Filling up the DagBag from /home/airflow/.local/lib/python3.12/site-packages/airflow/example_dags/example_local_kubernetes_executor.py
[2025-02-08T10:57:27.820+0000] {processor.py:925} INFO - DAG(s) 'example_local_kubernetes_executor' retrieved from /home/airflow/.local/lib/python3.12/site-packages/airflow/example_dags/example_local_kubernetes_executor.py
[2025-02-08T10:57:27.848+0000] {logging_mixin.py:190} INFO - [2025-02-08T10:57:27.848+0000] {dag.py:3239} INFO - Sync 1 DAGs
[2025-02-08T10:57:27.859+0000] {logging_mixin.py:190} INFO - [2025-02-08T10:57:27.859+0000] {dag.py:4180} INFO - Setting next_dagrun for example_local_kubernetes_executor to None, run_after=None
[2025-02-08T10:57:27.874+0000] {processor.py:208} INFO - Processing /home/airflow/.local/lib/python3.12/site-packages/airflow/example_dags/example_local_kubernetes_executor.py took 0.069 seconds
[2025-02-08T10:57:58.216+0000] {processor.py:186} INFO - Started process (PID=4011) to work on /home/airflow/.local/lib/python3.12/site-packages/airflow/example_dags/example_local_kubernetes_executor.py
[2025-02-08T10:57:58.217+0000] {processor.py:914} INFO - Processing file /home/airflow/.local/lib/python3.12/site-packages/airflow/example_dags/example_local_kubernetes_executor.py for tasks to queue
[2025-02-08T10:57:58.218+0000] {logging_mixin.py:190} INFO - [2025-02-08T10:57:58.218+0000] {dagbag.py:588} INFO - Filling up the DagBag from /home/airflow/.local/lib/python3.12/site-packages/airflow/example_dags/example_local_kubernetes_executor.py
[2025-02-08T10:57:58.227+0000] {processor.py:925} INFO - DAG(s) 'example_local_kubernetes_executor' retrieved from /home/airflow/.local/lib/python3.12/site-packages/airflow/example_dags/example_local_kubernetes_executor.py
[2025-02-08T10:57:58.255+0000] {logging_mixin.py:190} INFO - [2025-02-08T10:57:58.255+0000] {dag.py:3239} INFO - Sync 1 DAGs
[2025-02-08T10:57:58.268+0000] {logging_mixin.py:190} INFO - [2025-02-08T10:57:58.267+0000] {dag.py:4180} INFO - Setting next_dagrun for example_local_kubernetes_executor to None, run_after=None
[2025-02-08T10:57:58.282+0000] {processor.py:208} INFO - Processing /home/airflow/.local/lib/python3.12/site-packages/airflow/example_dags/example_local_kubernetes_executor.py took 0.071 seconds
[2025-02-08T10:58:28.612+0000] {processor.py:186} INFO - Started process (PID=4309) to work on /home/airflow/.local/lib/python3.12/site-packages/airflow/example_dags/example_local_kubernetes_executor.py
[2025-02-08T10:58:28.613+0000] {processor.py:914} INFO - Processing file /home/airflow/.local/lib/python3.12/site-packages/airflow/example_dags/example_local_kubernetes_executor.py for tasks to queue
[2025-02-08T10:58:28.615+0000] {logging_mixin.py:190} INFO - [2025-02-08T10:58:28.615+0000] {dagbag.py:588} INFO - Filling up the DagBag from /home/airflow/.local/lib/python3.12/site-packages/airflow/example_dags/example_local_kubernetes_executor.py
[2025-02-08T10:58:28.623+0000] {processor.py:925} INFO - DAG(s) 'example_local_kubernetes_executor' retrieved from /home/airflow/.local/lib/python3.12/site-packages/airflow/example_dags/example_local_kubernetes_executor.py
[2025-02-08T10:58:28.651+0000] {logging_mixin.py:190} INFO - [2025-02-08T10:58:28.651+0000] {dag.py:3239} INFO - Sync 1 DAGs
[2025-02-08T10:58:28.664+0000] {logging_mixin.py:190} INFO - [2025-02-08T10:58:28.664+0000] {dag.py:4180} INFO - Setting next_dagrun for example_local_kubernetes_executor to None, run_after=None
[2025-02-08T10:58:28.681+0000] {processor.py:208} INFO - Processing /home/airflow/.local/lib/python3.12/site-packages/airflow/example_dags/example_local_kubernetes_executor.py took 0.074 seconds
[2025-02-08T10:58:58.907+0000] {processor.py:186} INFO - Started process (PID=4787) to work on /home/airflow/.local/lib/python3.12/site-packages/airflow/example_dags/example_local_kubernetes_executor.py
[2025-02-08T10:58:58.908+0000] {processor.py:914} INFO - Processing file /home/airflow/.local/lib/python3.12/site-packages/airflow/example_dags/example_local_kubernetes_executor.py for tasks to queue
[2025-02-08T10:58:58.910+0000] {logging_mixin.py:190} INFO - [2025-02-08T10:58:58.910+0000] {dagbag.py:588} INFO - Filling up the DagBag from /home/airflow/.local/lib/python3.12/site-packages/airflow/example_dags/example_local_kubernetes_executor.py
[2025-02-08T10:58:58.917+0000] {processor.py:925} INFO - DAG(s) 'example_local_kubernetes_executor' retrieved from /home/airflow/.local/lib/python3.12/site-packages/airflow/example_dags/example_local_kubernetes_executor.py
[2025-02-08T10:58:58.944+0000] {logging_mixin.py:190} INFO - [2025-02-08T10:58:58.944+0000] {dag.py:3239} INFO - Sync 1 DAGs
[2025-02-08T10:58:58.956+0000] {logging_mixin.py:190} INFO - [2025-02-08T10:58:58.956+0000] {dag.py:4180} INFO - Setting next_dagrun for example_local_kubernetes_executor to None, run_after=None
[2025-02-08T10:58:58.971+0000] {processor.py:208} INFO - Processing /home/airflow/.local/lib/python3.12/site-packages/airflow/example_dags/example_local_kubernetes_executor.py took 0.069 seconds
[2025-02-08T11:01:58.584+0000] {processor.py:186} INFO - Started process (PID=293) to work on /home/airflow/.local/lib/python3.12/site-packages/airflow/example_dags/example_local_kubernetes_executor.py
[2025-02-08T11:01:58.585+0000] {processor.py:914} INFO - Processing file /home/airflow/.local/lib/python3.12/site-packages/airflow/example_dags/example_local_kubernetes_executor.py for tasks to queue
[2025-02-08T11:01:58.587+0000] {logging_mixin.py:190} INFO - [2025-02-08T11:01:58.587+0000] {dagbag.py:588} INFO - Filling up the DagBag from /home/airflow/.local/lib/python3.12/site-packages/airflow/example_dags/example_local_kubernetes_executor.py
[2025-02-08T11:01:58.594+0000] {processor.py:925} INFO - DAG(s) 'example_local_kubernetes_executor' retrieved from /home/airflow/.local/lib/python3.12/site-packages/airflow/example_dags/example_local_kubernetes_executor.py
[2025-02-08T11:01:58.693+0000] {logging_mixin.py:190} INFO - [2025-02-08T11:01:58.693+0000] {override.py:1900} INFO - Created Permission View: can read on DAG:example_local_kubernetes_executor
[2025-02-08T11:01:58.702+0000] {logging_mixin.py:190} INFO - [2025-02-08T11:01:58.701+0000] {override.py:1900} INFO - Created Permission View: can delete on DAG:example_local_kubernetes_executor
[2025-02-08T11:01:58.707+0000] {logging_mixin.py:190} INFO - [2025-02-08T11:01:58.707+0000] {override.py:1900} INFO - Created Permission View: can edit on DAG:example_local_kubernetes_executor
[2025-02-08T11:01:58.714+0000] {logging_mixin.py:190} INFO - [2025-02-08T11:01:58.713+0000] {override.py:1900} INFO - Created Permission View: menu access on DAG Run:example_local_kubernetes_executor
[2025-02-08T11:01:58.719+0000] {logging_mixin.py:190} INFO - [2025-02-08T11:01:58.718+0000] {override.py:1900} INFO - Created Permission View: can read on DAG Run:example_local_kubernetes_executor
[2025-02-08T11:01:58.724+0000] {logging_mixin.py:190} INFO - [2025-02-08T11:01:58.724+0000] {override.py:1900} INFO - Created Permission View: can create on DAG Run:example_local_kubernetes_executor
[2025-02-08T11:01:58.730+0000] {logging_mixin.py:190} INFO - [2025-02-08T11:01:58.730+0000] {override.py:1900} INFO - Created Permission View: can delete on DAG Run:example_local_kubernetes_executor
[2025-02-08T11:01:58.730+0000] {logging_mixin.py:190} INFO - [2025-02-08T11:01:58.730+0000] {dag.py:3239} INFO - Sync 1 DAGs
[2025-02-08T11:01:58.741+0000] {logging_mixin.py:190} INFO - [2025-02-08T11:01:58.740+0000] {dag.py:3262} INFO - Creating ORM DAG for example_local_kubernetes_executor
[2025-02-08T11:01:58.742+0000] {logging_mixin.py:190} INFO - [2025-02-08T11:01:58.741+0000] {dag.py:4180} INFO - Setting next_dagrun for example_local_kubernetes_executor to None, run_after=None
[2025-02-08T11:01:58.757+0000] {processor.py:208} INFO - Processing /home/airflow/.local/lib/python3.12/site-packages/airflow/example_dags/example_local_kubernetes_executor.py took 0.178 seconds
[2025-02-08T11:02:30.058+0000] {processor.py:186} INFO - Started process (PID=574) to work on /home/airflow/.local/lib/python3.12/site-packages/airflow/example_dags/example_local_kubernetes_executor.py
[2025-02-08T11:02:30.058+0000] {processor.py:914} INFO - Processing file /home/airflow/.local/lib/python3.12/site-packages/airflow/example_dags/example_local_kubernetes_executor.py for tasks to queue
[2025-02-08T11:02:30.060+0000] {logging_mixin.py:190} INFO - [2025-02-08T11:02:30.060+0000] {dagbag.py:588} INFO - Filling up the DagBag from /home/airflow/.local/lib/python3.12/site-packages/airflow/example_dags/example_local_kubernetes_executor.py
[2025-02-08T11:02:30.068+0000] {processor.py:925} INFO - DAG(s) 'example_local_kubernetes_executor' retrieved from /home/airflow/.local/lib/python3.12/site-packages/airflow/example_dags/example_local_kubernetes_executor.py
[2025-02-08T11:02:30.092+0000] {logging_mixin.py:190} INFO - [2025-02-08T11:02:30.092+0000] {dag.py:3239} INFO - Sync 1 DAGs
[2025-02-08T11:02:30.104+0000] {logging_mixin.py:190} INFO - [2025-02-08T11:02:30.104+0000] {dag.py:4180} INFO - Setting next_dagrun for example_local_kubernetes_executor to None, run_after=None
[2025-02-08T11:02:30.175+0000] {processor.py:208} INFO - Processing /home/airflow/.local/lib/python3.12/site-packages/airflow/example_dags/example_local_kubernetes_executor.py took 0.122 seconds
[2025-02-08T11:03:38.308+0000] {processor.py:186} INFO - Started process (PID=293) to work on /home/airflow/.local/lib/python3.12/site-packages/airflow/example_dags/example_local_kubernetes_executor.py
[2025-02-08T11:03:38.308+0000] {processor.py:914} INFO - Processing file /home/airflow/.local/lib/python3.12/site-packages/airflow/example_dags/example_local_kubernetes_executor.py for tasks to queue
[2025-02-08T11:03:38.310+0000] {logging_mixin.py:190} INFO - [2025-02-08T11:03:38.310+0000] {dagbag.py:588} INFO - Filling up the DagBag from /home/airflow/.local/lib/python3.12/site-packages/airflow/example_dags/example_local_kubernetes_executor.py
[2025-02-08T11:03:38.320+0000] {processor.py:925} INFO - DAG(s) 'example_local_kubernetes_executor' retrieved from /home/airflow/.local/lib/python3.12/site-packages/airflow/example_dags/example_local_kubernetes_executor.py
[2025-02-08T11:03:38.351+0000] {logging_mixin.py:190} INFO - [2025-02-08T11:03:38.351+0000] {dag.py:3239} INFO - Sync 1 DAGs
[2025-02-08T11:03:38.362+0000] {logging_mixin.py:190} INFO - [2025-02-08T11:03:38.362+0000] {dag.py:4180} INFO - Setting next_dagrun for example_local_kubernetes_executor to None, run_after=None
[2025-02-08T11:03:38.379+0000] {processor.py:208} INFO - Processing /home/airflow/.local/lib/python3.12/site-packages/airflow/example_dags/example_local_kubernetes_executor.py took 0.076 seconds
[2025-02-08T11:04:08.688+0000] {processor.py:186} INFO - Started process (PID=579) to work on /home/airflow/.local/lib/python3.12/site-packages/airflow/example_dags/example_local_kubernetes_executor.py
[2025-02-08T11:04:08.689+0000] {processor.py:914} INFO - Processing file /home/airflow/.local/lib/python3.12/site-packages/airflow/example_dags/example_local_kubernetes_executor.py for tasks to queue
[2025-02-08T11:04:08.691+0000] {logging_mixin.py:190} INFO - [2025-02-08T11:04:08.691+0000] {dagbag.py:588} INFO - Filling up the DagBag from /home/airflow/.local/lib/python3.12/site-packages/airflow/example_dags/example_local_kubernetes_executor.py
[2025-02-08T11:04:08.699+0000] {processor.py:925} INFO - DAG(s) 'example_local_kubernetes_executor' retrieved from /home/airflow/.local/lib/python3.12/site-packages/airflow/example_dags/example_local_kubernetes_executor.py
[2025-02-08T11:04:08.723+0000] {logging_mixin.py:190} INFO - [2025-02-08T11:04:08.723+0000] {dag.py:3239} INFO - Sync 1 DAGs
[2025-02-08T11:04:08.736+0000] {logging_mixin.py:190} INFO - [2025-02-08T11:04:08.736+0000] {dag.py:4180} INFO - Setting next_dagrun for example_local_kubernetes_executor to None, run_after=None
[2025-02-08T11:04:08.750+0000] {processor.py:208} INFO - Processing /home/airflow/.local/lib/python3.12/site-packages/airflow/example_dags/example_local_kubernetes_executor.py took 0.068 seconds
[2025-02-08T11:04:38.904+0000] {processor.py:186} INFO - Started process (PID=865) to work on /home/airflow/.local/lib/python3.12/site-packages/airflow/example_dags/example_local_kubernetes_executor.py
[2025-02-08T11:04:38.904+0000] {processor.py:914} INFO - Processing file /home/airflow/.local/lib/python3.12/site-packages/airflow/example_dags/example_local_kubernetes_executor.py for tasks to queue
[2025-02-08T11:04:38.906+0000] {logging_mixin.py:190} INFO - [2025-02-08T11:04:38.906+0000] {dagbag.py:588} INFO - Filling up the DagBag from /home/airflow/.local/lib/python3.12/site-packages/airflow/example_dags/example_local_kubernetes_executor.py
[2025-02-08T11:04:38.915+0000] {processor.py:925} INFO - DAG(s) 'example_local_kubernetes_executor' retrieved from /home/airflow/.local/lib/python3.12/site-packages/airflow/example_dags/example_local_kubernetes_executor.py
[2025-02-08T11:04:38.941+0000] {logging_mixin.py:190} INFO - [2025-02-08T11:04:38.940+0000] {dag.py:3239} INFO - Sync 1 DAGs
[2025-02-08T11:04:38.951+0000] {logging_mixin.py:190} INFO - [2025-02-08T11:04:38.951+0000] {dag.py:4180} INFO - Setting next_dagrun for example_local_kubernetes_executor to None, run_after=None
[2025-02-08T11:04:38.964+0000] {processor.py:208} INFO - Processing /home/airflow/.local/lib/python3.12/site-packages/airflow/example_dags/example_local_kubernetes_executor.py took 0.066 seconds
[2025-02-08T11:33:19.253+0000] {processor.py:186} INFO - Started process (PID=293) to work on /home/airflow/.local/lib/python3.12/site-packages/airflow/example_dags/example_local_kubernetes_executor.py
[2025-02-08T11:33:19.254+0000] {processor.py:914} INFO - Processing file /home/airflow/.local/lib/python3.12/site-packages/airflow/example_dags/example_local_kubernetes_executor.py for tasks to queue
[2025-02-08T11:33:19.255+0000] {logging_mixin.py:190} INFO - [2025-02-08T11:33:19.255+0000] {dagbag.py:588} INFO - Filling up the DagBag from /home/airflow/.local/lib/python3.12/site-packages/airflow/example_dags/example_local_kubernetes_executor.py
[2025-02-08T11:33:19.264+0000] {processor.py:925} INFO - DAG(s) 'example_local_kubernetes_executor' retrieved from /home/airflow/.local/lib/python3.12/site-packages/airflow/example_dags/example_local_kubernetes_executor.py
[2025-02-08T11:33:19.371+0000] {logging_mixin.py:190} INFO - [2025-02-08T11:33:19.371+0000] {override.py:1900} INFO - Created Permission View: can edit on DAG:example_local_kubernetes_executor
[2025-02-08T11:33:19.381+0000] {logging_mixin.py:190} INFO - [2025-02-08T11:33:19.380+0000] {override.py:1900} INFO - Created Permission View: can delete on DAG:example_local_kubernetes_executor
[2025-02-08T11:33:19.386+0000] {logging_mixin.py:190} INFO - [2025-02-08T11:33:19.386+0000] {override.py:1900} INFO - Created Permission View: can read on DAG:example_local_kubernetes_executor
[2025-02-08T11:33:19.394+0000] {logging_mixin.py:190} INFO - [2025-02-08T11:33:19.394+0000] {override.py:1900} INFO - Created Permission View: menu access on DAG Run:example_local_kubernetes_executor
[2025-02-08T11:33:19.400+0000] {logging_mixin.py:190} INFO - [2025-02-08T11:33:19.400+0000] {override.py:1900} INFO - Created Permission View: can create on DAG Run:example_local_kubernetes_executor
[2025-02-08T11:33:19.405+0000] {logging_mixin.py:190} INFO - [2025-02-08T11:33:19.405+0000] {override.py:1900} INFO - Created Permission View: can delete on DAG Run:example_local_kubernetes_executor
[2025-02-08T11:33:19.411+0000] {logging_mixin.py:190} INFO - [2025-02-08T11:33:19.410+0000] {override.py:1900} INFO - Created Permission View: can read on DAG Run:example_local_kubernetes_executor
[2025-02-08T11:33:19.411+0000] {logging_mixin.py:190} INFO - [2025-02-08T11:33:19.411+0000] {dag.py:3239} INFO - Sync 1 DAGs
[2025-02-08T11:33:19.420+0000] {logging_mixin.py:190} INFO - [2025-02-08T11:33:19.420+0000] {dag.py:3262} INFO - Creating ORM DAG for example_local_kubernetes_executor
[2025-02-08T11:33:19.421+0000] {logging_mixin.py:190} INFO - [2025-02-08T11:33:19.421+0000] {dag.py:4180} INFO - Setting next_dagrun for example_local_kubernetes_executor to None, run_after=None
[2025-02-08T11:33:19.434+0000] {processor.py:208} INFO - Processing /home/airflow/.local/lib/python3.12/site-packages/airflow/example_dags/example_local_kubernetes_executor.py took 0.187 seconds
[2025-02-08T11:33:49.752+0000] {processor.py:186} INFO - Started process (PID=574) to work on /home/airflow/.local/lib/python3.12/site-packages/airflow/example_dags/example_local_kubernetes_executor.py
[2025-02-08T11:33:49.753+0000] {processor.py:914} INFO - Processing file /home/airflow/.local/lib/python3.12/site-packages/airflow/example_dags/example_local_kubernetes_executor.py for tasks to queue
[2025-02-08T11:33:49.755+0000] {logging_mixin.py:190} INFO - [2025-02-08T11:33:49.755+0000] {dagbag.py:588} INFO - Filling up the DagBag from /home/airflow/.local/lib/python3.12/site-packages/airflow/example_dags/example_local_kubernetes_executor.py
[2025-02-08T11:33:49.762+0000] {processor.py:925} INFO - DAG(s) 'example_local_kubernetes_executor' retrieved from /home/airflow/.local/lib/python3.12/site-packages/airflow/example_dags/example_local_kubernetes_executor.py
[2025-02-08T11:33:49.785+0000] {logging_mixin.py:190} INFO - [2025-02-08T11:33:49.784+0000] {dag.py:3239} INFO - Sync 1 DAGs
[2025-02-08T11:33:49.795+0000] {logging_mixin.py:190} INFO - [2025-02-08T11:33:49.795+0000] {dag.py:4180} INFO - Setting next_dagrun for example_local_kubernetes_executor to None, run_after=None
[2025-02-08T11:33:49.811+0000] {processor.py:208} INFO - Processing /home/airflow/.local/lib/python3.12/site-packages/airflow/example_dags/example_local_kubernetes_executor.py took 0.063 seconds
[2025-02-08T11:34:20.219+0000] {processor.py:186} INFO - Started process (PID=860) to work on /home/airflow/.local/lib/python3.12/site-packages/airflow/example_dags/example_local_kubernetes_executor.py
[2025-02-08T11:34:20.220+0000] {processor.py:914} INFO - Processing file /home/airflow/.local/lib/python3.12/site-packages/airflow/example_dags/example_local_kubernetes_executor.py for tasks to queue
[2025-02-08T11:34:20.221+0000] {logging_mixin.py:190} INFO - [2025-02-08T11:34:20.221+0000] {dagbag.py:588} INFO - Filling up the DagBag from /home/airflow/.local/lib/python3.12/site-packages/airflow/example_dags/example_local_kubernetes_executor.py
[2025-02-08T11:34:20.228+0000] {processor.py:925} INFO - DAG(s) 'example_local_kubernetes_executor' retrieved from /home/airflow/.local/lib/python3.12/site-packages/airflow/example_dags/example_local_kubernetes_executor.py
[2025-02-08T11:34:20.251+0000] {logging_mixin.py:190} INFO - [2025-02-08T11:34:20.251+0000] {dag.py:3239} INFO - Sync 1 DAGs
[2025-02-08T11:34:20.261+0000] {logging_mixin.py:190} INFO - [2025-02-08T11:34:20.260+0000] {dag.py:4180} INFO - Setting next_dagrun for example_local_kubernetes_executor to None, run_after=None
[2025-02-08T11:34:20.275+0000] {processor.py:208} INFO - Processing /home/airflow/.local/lib/python3.12/site-packages/airflow/example_dags/example_local_kubernetes_executor.py took 0.061 seconds
[2025-02-08T11:34:50.524+0000] {processor.py:186} INFO - Started process (PID=1148) to work on /home/airflow/.local/lib/python3.12/site-packages/airflow/example_dags/example_local_kubernetes_executor.py
[2025-02-08T11:34:50.525+0000] {processor.py:914} INFO - Processing file /home/airflow/.local/lib/python3.12/site-packages/airflow/example_dags/example_local_kubernetes_executor.py for tasks to queue
[2025-02-08T11:34:50.527+0000] {logging_mixin.py:190} INFO - [2025-02-08T11:34:50.527+0000] {dagbag.py:588} INFO - Filling up the DagBag from /home/airflow/.local/lib/python3.12/site-packages/airflow/example_dags/example_local_kubernetes_executor.py
[2025-02-08T11:34:50.535+0000] {processor.py:925} INFO - DAG(s) 'example_local_kubernetes_executor' retrieved from /home/airflow/.local/lib/python3.12/site-packages/airflow/example_dags/example_local_kubernetes_executor.py
[2025-02-08T11:34:50.562+0000] {logging_mixin.py:190} INFO - [2025-02-08T11:34:50.562+0000] {dag.py:3239} INFO - Sync 1 DAGs
[2025-02-08T11:34:50.574+0000] {logging_mixin.py:190} INFO - [2025-02-08T11:34:50.574+0000] {dag.py:4180} INFO - Setting next_dagrun for example_local_kubernetes_executor to None, run_after=None
[2025-02-08T11:34:50.588+0000] {processor.py:208} INFO - Processing /home/airflow/.local/lib/python3.12/site-packages/airflow/example_dags/example_local_kubernetes_executor.py took 0.069 seconds
