[2025-02-08T10:51:25.881+0000] {processor.py:186} INFO - Started process (PID=408) to work on /home/airflow/.local/lib/python3.12/site-packages/airflow/example_dags/example_latest_only.py
[2025-02-08T10:51:25.882+0000] {processor.py:914} INFO - Processing file /home/airflow/.local/lib/python3.12/site-packages/airflow/example_dags/example_latest_only.py for tasks to queue
[2025-02-08T10:51:25.884+0000] {logging_mixin.py:190} INFO - [2025-02-08T10:51:25.884+0000] {dagbag.py:588} INFO - Filling up the DagBag from /home/airflow/.local/lib/python3.12/site-packages/airflow/example_dags/example_latest_only.py
[2025-02-08T10:51:25.891+0000] {processor.py:925} INFO - DAG(s) 'latest_only' retrieved from /home/airflow/.local/lib/python3.12/site-packages/airflow/example_dags/example_latest_only.py
[2025-02-08T10:51:25.975+0000] {logging_mixin.py:190} INFO - [2025-02-08T10:51:25.975+0000] {override.py:1900} INFO - Created Permission View: can delete on DAG:latest_only
[2025-02-08T10:51:25.983+0000] {logging_mixin.py:190} INFO - [2025-02-08T10:51:25.983+0000] {override.py:1900} INFO - Created Permission View: can read on DAG:latest_only
[2025-02-08T10:51:25.989+0000] {logging_mixin.py:190} INFO - [2025-02-08T10:51:25.988+0000] {override.py:1900} INFO - Created Permission View: can edit on DAG:latest_only
[2025-02-08T10:51:25.995+0000] {logging_mixin.py:190} INFO - [2025-02-08T10:51:25.995+0000] {override.py:1900} INFO - Created Permission View: can delete on DAG Run:latest_only
[2025-02-08T10:51:26.002+0000] {logging_mixin.py:190} INFO - [2025-02-08T10:51:26.001+0000] {override.py:1900} INFO - Created Permission View: can read on DAG Run:latest_only
[2025-02-08T10:51:26.008+0000] {logging_mixin.py:190} INFO - [2025-02-08T10:51:26.008+0000] {override.py:1900} INFO - Created Permission View: menu access on DAG Run:latest_only
[2025-02-08T10:51:26.014+0000] {logging_mixin.py:190} INFO - [2025-02-08T10:51:26.014+0000] {override.py:1900} INFO - Created Permission View: can create on DAG Run:latest_only
[2025-02-08T10:51:26.015+0000] {logging_mixin.py:190} INFO - [2025-02-08T10:51:26.015+0000] {dag.py:3239} INFO - Sync 1 DAGs
[2025-02-08T10:51:26.025+0000] {logging_mixin.py:190} INFO - [2025-02-08T10:51:26.025+0000] {dag.py:3262} INFO - Creating ORM DAG for latest_only
[2025-02-08T10:51:26.034+0000] {logging_mixin.py:190} INFO - [2025-02-08T10:51:26.034+0000] {dag.py:4180} INFO - Setting next_dagrun for latest_only to 2025-02-08 04:00:00+00:00, run_after=2025-02-08 08:00:00+00:00
[2025-02-08T10:51:26.050+0000] {processor.py:208} INFO - Processing /home/airflow/.local/lib/python3.12/site-packages/airflow/example_dags/example_latest_only.py took 0.175 seconds
[2025-02-08T10:51:56.429+0000] {processor.py:186} INFO - Started process (PID=694) to work on /home/airflow/.local/lib/python3.12/site-packages/airflow/example_dags/example_latest_only.py
[2025-02-08T10:51:56.430+0000] {processor.py:914} INFO - Processing file /home/airflow/.local/lib/python3.12/site-packages/airflow/example_dags/example_latest_only.py for tasks to queue
[2025-02-08T10:51:56.432+0000] {logging_mixin.py:190} INFO - [2025-02-08T10:51:56.432+0000] {dagbag.py:588} INFO - Filling up the DagBag from /home/airflow/.local/lib/python3.12/site-packages/airflow/example_dags/example_latest_only.py
[2025-02-08T10:51:56.438+0000] {processor.py:925} INFO - DAG(s) 'latest_only' retrieved from /home/airflow/.local/lib/python3.12/site-packages/airflow/example_dags/example_latest_only.py
[2025-02-08T10:51:56.454+0000] {logging_mixin.py:190} INFO - [2025-02-08T10:51:56.454+0000] {dag.py:3239} INFO - Sync 1 DAGs
[2025-02-08T10:51:56.475+0000] {logging_mixin.py:190} INFO - [2025-02-08T10:51:56.475+0000] {dag.py:4180} INFO - Setting next_dagrun for latest_only to 2025-02-08 04:00:00+00:00, run_after=2025-02-08 08:00:00+00:00
[2025-02-08T10:51:56.490+0000] {processor.py:208} INFO - Processing /home/airflow/.local/lib/python3.12/site-packages/airflow/example_dags/example_latest_only.py took 0.065 seconds
[2025-02-08T10:52:26.580+0000] {processor.py:186} INFO - Started process (PID=980) to work on /home/airflow/.local/lib/python3.12/site-packages/airflow/example_dags/example_latest_only.py
[2025-02-08T10:52:26.581+0000] {processor.py:914} INFO - Processing file /home/airflow/.local/lib/python3.12/site-packages/airflow/example_dags/example_latest_only.py for tasks to queue
[2025-02-08T10:52:26.583+0000] {logging_mixin.py:190} INFO - [2025-02-08T10:52:26.583+0000] {dagbag.py:588} INFO - Filling up the DagBag from /home/airflow/.local/lib/python3.12/site-packages/airflow/example_dags/example_latest_only.py
[2025-02-08T10:52:26.589+0000] {processor.py:925} INFO - DAG(s) 'latest_only' retrieved from /home/airflow/.local/lib/python3.12/site-packages/airflow/example_dags/example_latest_only.py
[2025-02-08T10:52:26.604+0000] {logging_mixin.py:190} INFO - [2025-02-08T10:52:26.604+0000] {dag.py:3239} INFO - Sync 1 DAGs
[2025-02-08T10:52:26.623+0000] {logging_mixin.py:190} INFO - [2025-02-08T10:52:26.622+0000] {dag.py:4180} INFO - Setting next_dagrun for latest_only to 2025-02-08 04:00:00+00:00, run_after=2025-02-08 08:00:00+00:00
[2025-02-08T10:52:26.636+0000] {processor.py:208} INFO - Processing /home/airflow/.local/lib/python3.12/site-packages/airflow/example_dags/example_latest_only.py took 0.061 seconds
[2025-02-08T10:52:56.897+0000] {processor.py:186} INFO - Started process (PID=1268) to work on /home/airflow/.local/lib/python3.12/site-packages/airflow/example_dags/example_latest_only.py
[2025-02-08T10:52:56.897+0000] {processor.py:914} INFO - Processing file /home/airflow/.local/lib/python3.12/site-packages/airflow/example_dags/example_latest_only.py for tasks to queue
[2025-02-08T10:52:56.899+0000] {logging_mixin.py:190} INFO - [2025-02-08T10:52:56.899+0000] {dagbag.py:588} INFO - Filling up the DagBag from /home/airflow/.local/lib/python3.12/site-packages/airflow/example_dags/example_latest_only.py
[2025-02-08T10:52:56.905+0000] {processor.py:925} INFO - DAG(s) 'latest_only' retrieved from /home/airflow/.local/lib/python3.12/site-packages/airflow/example_dags/example_latest_only.py
[2025-02-08T10:52:56.919+0000] {logging_mixin.py:190} INFO - [2025-02-08T10:52:56.919+0000] {dag.py:3239} INFO - Sync 1 DAGs
[2025-02-08T10:52:56.942+0000] {logging_mixin.py:190} INFO - [2025-02-08T10:52:56.942+0000] {dag.py:4180} INFO - Setting next_dagrun for latest_only to 2025-02-08 04:00:00+00:00, run_after=2025-02-08 08:00:00+00:00
[2025-02-08T10:52:56.956+0000] {processor.py:208} INFO - Processing /home/airflow/.local/lib/python3.12/site-packages/airflow/example_dags/example_latest_only.py took 0.064 seconds
[2025-02-08T10:53:27.032+0000] {processor.py:186} INFO - Started process (PID=1552) to work on /home/airflow/.local/lib/python3.12/site-packages/airflow/example_dags/example_latest_only.py
[2025-02-08T10:53:27.032+0000] {processor.py:914} INFO - Processing file /home/airflow/.local/lib/python3.12/site-packages/airflow/example_dags/example_latest_only.py for tasks to queue
[2025-02-08T10:53:27.034+0000] {logging_mixin.py:190} INFO - [2025-02-08T10:53:27.034+0000] {dagbag.py:588} INFO - Filling up the DagBag from /home/airflow/.local/lib/python3.12/site-packages/airflow/example_dags/example_latest_only.py
[2025-02-08T10:53:27.039+0000] {processor.py:925} INFO - DAG(s) 'latest_only' retrieved from /home/airflow/.local/lib/python3.12/site-packages/airflow/example_dags/example_latest_only.py
[2025-02-08T10:53:27.054+0000] {logging_mixin.py:190} INFO - [2025-02-08T10:53:27.053+0000] {dag.py:3239} INFO - Sync 1 DAGs
[2025-02-08T10:53:27.071+0000] {logging_mixin.py:190} INFO - [2025-02-08T10:53:27.071+0000] {dag.py:4180} INFO - Setting next_dagrun for latest_only to 2025-02-08 04:00:00+00:00, run_after=2025-02-08 08:00:00+00:00
[2025-02-08T10:53:27.085+0000] {processor.py:208} INFO - Processing /home/airflow/.local/lib/python3.12/site-packages/airflow/example_dags/example_latest_only.py took 0.058 seconds
[2025-02-08T10:53:57.323+0000] {processor.py:186} INFO - Started process (PID=1838) to work on /home/airflow/.local/lib/python3.12/site-packages/airflow/example_dags/example_latest_only.py
[2025-02-08T10:53:57.323+0000] {processor.py:914} INFO - Processing file /home/airflow/.local/lib/python3.12/site-packages/airflow/example_dags/example_latest_only.py for tasks to queue
[2025-02-08T10:53:57.325+0000] {logging_mixin.py:190} INFO - [2025-02-08T10:53:57.325+0000] {dagbag.py:588} INFO - Filling up the DagBag from /home/airflow/.local/lib/python3.12/site-packages/airflow/example_dags/example_latest_only.py
[2025-02-08T10:53:57.331+0000] {processor.py:925} INFO - DAG(s) 'latest_only' retrieved from /home/airflow/.local/lib/python3.12/site-packages/airflow/example_dags/example_latest_only.py
[2025-02-08T10:53:57.344+0000] {logging_mixin.py:190} INFO - [2025-02-08T10:53:57.344+0000] {dag.py:3239} INFO - Sync 1 DAGs
[2025-02-08T10:53:57.362+0000] {logging_mixin.py:190} INFO - [2025-02-08T10:53:57.361+0000] {dag.py:4180} INFO - Setting next_dagrun for latest_only to 2025-02-08 04:00:00+00:00, run_after=2025-02-08 08:00:00+00:00
[2025-02-08T10:53:57.374+0000] {processor.py:208} INFO - Processing /home/airflow/.local/lib/python3.12/site-packages/airflow/example_dags/example_latest_only.py took 0.057 seconds
[2025-02-08T10:54:27.507+0000] {processor.py:186} INFO - Started process (PID=2126) to work on /home/airflow/.local/lib/python3.12/site-packages/airflow/example_dags/example_latest_only.py
[2025-02-08T10:54:27.508+0000] {processor.py:914} INFO - Processing file /home/airflow/.local/lib/python3.12/site-packages/airflow/example_dags/example_latest_only.py for tasks to queue
[2025-02-08T10:54:27.510+0000] {logging_mixin.py:190} INFO - [2025-02-08T10:54:27.510+0000] {dagbag.py:588} INFO - Filling up the DagBag from /home/airflow/.local/lib/python3.12/site-packages/airflow/example_dags/example_latest_only.py
[2025-02-08T10:54:27.515+0000] {processor.py:925} INFO - DAG(s) 'latest_only' retrieved from /home/airflow/.local/lib/python3.12/site-packages/airflow/example_dags/example_latest_only.py
[2025-02-08T10:54:27.529+0000] {logging_mixin.py:190} INFO - [2025-02-08T10:54:27.529+0000] {dag.py:3239} INFO - Sync 1 DAGs
[2025-02-08T10:54:27.546+0000] {logging_mixin.py:190} INFO - [2025-02-08T10:54:27.546+0000] {dag.py:4180} INFO - Setting next_dagrun for latest_only to 2025-02-08 04:00:00+00:00, run_after=2025-02-08 08:00:00+00:00
[2025-02-08T10:54:27.564+0000] {processor.py:208} INFO - Processing /home/airflow/.local/lib/python3.12/site-packages/airflow/example_dags/example_latest_only.py took 0.061 seconds
[2025-02-08T10:54:57.941+0000] {processor.py:186} INFO - Started process (PID=2410) to work on /home/airflow/.local/lib/python3.12/site-packages/airflow/example_dags/example_latest_only.py
[2025-02-08T10:54:57.941+0000] {processor.py:914} INFO - Processing file /home/airflow/.local/lib/python3.12/site-packages/airflow/example_dags/example_latest_only.py for tasks to queue
[2025-02-08T10:54:57.943+0000] {logging_mixin.py:190} INFO - [2025-02-08T10:54:57.943+0000] {dagbag.py:588} INFO - Filling up the DagBag from /home/airflow/.local/lib/python3.12/site-packages/airflow/example_dags/example_latest_only.py
[2025-02-08T10:54:57.949+0000] {processor.py:925} INFO - DAG(s) 'latest_only' retrieved from /home/airflow/.local/lib/python3.12/site-packages/airflow/example_dags/example_latest_only.py
[2025-02-08T10:54:57.964+0000] {logging_mixin.py:190} INFO - [2025-02-08T10:54:57.963+0000] {dag.py:3239} INFO - Sync 1 DAGs
[2025-02-08T10:54:57.982+0000] {logging_mixin.py:190} INFO - [2025-02-08T10:54:57.982+0000] {dag.py:4180} INFO - Setting next_dagrun for latest_only to 2025-02-08 04:00:00+00:00, run_after=2025-02-08 08:00:00+00:00
[2025-02-08T10:54:57.997+0000] {processor.py:208} INFO - Processing /home/airflow/.local/lib/python3.12/site-packages/airflow/example_dags/example_latest_only.py took 0.062 seconds
[2025-02-08T10:55:28.117+0000] {processor.py:186} INFO - Started process (PID=2696) to work on /home/airflow/.local/lib/python3.12/site-packages/airflow/example_dags/example_latest_only.py
[2025-02-08T10:55:28.117+0000] {processor.py:914} INFO - Processing file /home/airflow/.local/lib/python3.12/site-packages/airflow/example_dags/example_latest_only.py for tasks to queue
[2025-02-08T10:55:28.119+0000] {logging_mixin.py:190} INFO - [2025-02-08T10:55:28.119+0000] {dagbag.py:588} INFO - Filling up the DagBag from /home/airflow/.local/lib/python3.12/site-packages/airflow/example_dags/example_latest_only.py
[2025-02-08T10:55:28.124+0000] {processor.py:925} INFO - DAG(s) 'latest_only' retrieved from /home/airflow/.local/lib/python3.12/site-packages/airflow/example_dags/example_latest_only.py
[2025-02-08T10:55:28.138+0000] {logging_mixin.py:190} INFO - [2025-02-08T10:55:28.137+0000] {dag.py:3239} INFO - Sync 1 DAGs
[2025-02-08T10:55:28.156+0000] {logging_mixin.py:190} INFO - [2025-02-08T10:55:28.156+0000] {dag.py:4180} INFO - Setting next_dagrun for latest_only to 2025-02-08 04:00:00+00:00, run_after=2025-02-08 08:00:00+00:00
[2025-02-08T10:55:28.173+0000] {processor.py:208} INFO - Processing /home/airflow/.local/lib/python3.12/site-packages/airflow/example_dags/example_latest_only.py took 0.061 seconds
[2025-02-08T10:55:58.283+0000] {processor.py:186} INFO - Started process (PID=2982) to work on /home/airflow/.local/lib/python3.12/site-packages/airflow/example_dags/example_latest_only.py
[2025-02-08T10:55:58.284+0000] {processor.py:914} INFO - Processing file /home/airflow/.local/lib/python3.12/site-packages/airflow/example_dags/example_latest_only.py for tasks to queue
[2025-02-08T10:55:58.286+0000] {logging_mixin.py:190} INFO - [2025-02-08T10:55:58.286+0000] {dagbag.py:588} INFO - Filling up the DagBag from /home/airflow/.local/lib/python3.12/site-packages/airflow/example_dags/example_latest_only.py
[2025-02-08T10:55:58.293+0000] {processor.py:925} INFO - DAG(s) 'latest_only' retrieved from /home/airflow/.local/lib/python3.12/site-packages/airflow/example_dags/example_latest_only.py
[2025-02-08T10:55:58.308+0000] {logging_mixin.py:190} INFO - [2025-02-08T10:55:58.308+0000] {dag.py:3239} INFO - Sync 1 DAGs
[2025-02-08T10:55:58.327+0000] {logging_mixin.py:190} INFO - [2025-02-08T10:55:58.327+0000] {dag.py:4180} INFO - Setting next_dagrun for latest_only to 2025-02-08 04:00:00+00:00, run_after=2025-02-08 08:00:00+00:00
[2025-02-08T10:55:58.342+0000] {processor.py:208} INFO - Processing /home/airflow/.local/lib/python3.12/site-packages/airflow/example_dags/example_latest_only.py took 0.065 seconds
[2025-02-08T10:56:28.539+0000] {processor.py:186} INFO - Started process (PID=3268) to work on /home/airflow/.local/lib/python3.12/site-packages/airflow/example_dags/example_latest_only.py
[2025-02-08T10:56:28.540+0000] {processor.py:914} INFO - Processing file /home/airflow/.local/lib/python3.12/site-packages/airflow/example_dags/example_latest_only.py for tasks to queue
[2025-02-08T10:56:28.542+0000] {logging_mixin.py:190} INFO - [2025-02-08T10:56:28.541+0000] {dagbag.py:588} INFO - Filling up the DagBag from /home/airflow/.local/lib/python3.12/site-packages/airflow/example_dags/example_latest_only.py
[2025-02-08T10:56:28.547+0000] {processor.py:925} INFO - DAG(s) 'latest_only' retrieved from /home/airflow/.local/lib/python3.12/site-packages/airflow/example_dags/example_latest_only.py
[2025-02-08T10:56:28.561+0000] {logging_mixin.py:190} INFO - [2025-02-08T10:56:28.561+0000] {dag.py:3239} INFO - Sync 1 DAGs
[2025-02-08T10:56:28.578+0000] {logging_mixin.py:190} INFO - [2025-02-08T10:56:28.578+0000] {dag.py:4180} INFO - Setting next_dagrun for latest_only to 2025-02-08 04:00:00+00:00, run_after=2025-02-08 08:00:00+00:00
[2025-02-08T10:56:28.592+0000] {processor.py:208} INFO - Processing /home/airflow/.local/lib/python3.12/site-packages/airflow/example_dags/example_latest_only.py took 0.058 seconds
[2025-02-08T10:56:58.796+0000] {processor.py:186} INFO - Started process (PID=3554) to work on /home/airflow/.local/lib/python3.12/site-packages/airflow/example_dags/example_latest_only.py
[2025-02-08T10:56:58.796+0000] {processor.py:914} INFO - Processing file /home/airflow/.local/lib/python3.12/site-packages/airflow/example_dags/example_latest_only.py for tasks to queue
[2025-02-08T10:56:58.798+0000] {logging_mixin.py:190} INFO - [2025-02-08T10:56:58.798+0000] {dagbag.py:588} INFO - Filling up the DagBag from /home/airflow/.local/lib/python3.12/site-packages/airflow/example_dags/example_latest_only.py
[2025-02-08T10:56:58.804+0000] {processor.py:925} INFO - DAG(s) 'latest_only' retrieved from /home/airflow/.local/lib/python3.12/site-packages/airflow/example_dags/example_latest_only.py
[2025-02-08T10:56:58.818+0000] {logging_mixin.py:190} INFO - [2025-02-08T10:56:58.818+0000] {dag.py:3239} INFO - Sync 1 DAGs
[2025-02-08T10:56:58.837+0000] {logging_mixin.py:190} INFO - [2025-02-08T10:56:58.837+0000] {dag.py:4180} INFO - Setting next_dagrun for latest_only to 2025-02-08 04:00:00+00:00, run_after=2025-02-08 08:00:00+00:00
[2025-02-08T10:56:58.853+0000] {processor.py:208} INFO - Processing /home/airflow/.local/lib/python3.12/site-packages/airflow/example_dags/example_latest_only.py took 0.062 seconds
[2025-02-08T10:57:29.214+0000] {processor.py:186} INFO - Started process (PID=3835) to work on /home/airflow/.local/lib/python3.12/site-packages/airflow/example_dags/example_latest_only.py
[2025-02-08T10:57:29.215+0000] {processor.py:914} INFO - Processing file /home/airflow/.local/lib/python3.12/site-packages/airflow/example_dags/example_latest_only.py for tasks to queue
[2025-02-08T10:57:29.218+0000] {logging_mixin.py:190} INFO - [2025-02-08T10:57:29.217+0000] {dagbag.py:588} INFO - Filling up the DagBag from /home/airflow/.local/lib/python3.12/site-packages/airflow/example_dags/example_latest_only.py
[2025-02-08T10:57:29.225+0000] {processor.py:925} INFO - DAG(s) 'latest_only' retrieved from /home/airflow/.local/lib/python3.12/site-packages/airflow/example_dags/example_latest_only.py
[2025-02-08T10:57:29.244+0000] {logging_mixin.py:190} INFO - [2025-02-08T10:57:29.244+0000] {dag.py:3239} INFO - Sync 1 DAGs
[2025-02-08T10:57:29.264+0000] {logging_mixin.py:190} INFO - [2025-02-08T10:57:29.263+0000] {dag.py:4180} INFO - Setting next_dagrun for latest_only to 2025-02-08 04:00:00+00:00, run_after=2025-02-08 08:00:00+00:00
[2025-02-08T10:57:29.278+0000] {processor.py:208} INFO - Processing /home/airflow/.local/lib/python3.12/site-packages/airflow/example_dags/example_latest_only.py took 0.071 seconds
[2025-02-08T10:57:59.385+0000] {processor.py:186} INFO - Started process (PID=4121) to work on /home/airflow/.local/lib/python3.12/site-packages/airflow/example_dags/example_latest_only.py
[2025-02-08T10:57:59.385+0000] {processor.py:914} INFO - Processing file /home/airflow/.local/lib/python3.12/site-packages/airflow/example_dags/example_latest_only.py for tasks to queue
[2025-02-08T10:57:59.387+0000] {logging_mixin.py:190} INFO - [2025-02-08T10:57:59.387+0000] {dagbag.py:588} INFO - Filling up the DagBag from /home/airflow/.local/lib/python3.12/site-packages/airflow/example_dags/example_latest_only.py
[2025-02-08T10:57:59.393+0000] {processor.py:925} INFO - DAG(s) 'latest_only' retrieved from /home/airflow/.local/lib/python3.12/site-packages/airflow/example_dags/example_latest_only.py
[2025-02-08T10:57:59.407+0000] {logging_mixin.py:190} INFO - [2025-02-08T10:57:59.407+0000] {dag.py:3239} INFO - Sync 1 DAGs
[2025-02-08T10:57:59.424+0000] {logging_mixin.py:190} INFO - [2025-02-08T10:57:59.424+0000] {dag.py:4180} INFO - Setting next_dagrun for latest_only to 2025-02-08 04:00:00+00:00, run_after=2025-02-08 08:00:00+00:00
[2025-02-08T10:57:59.437+0000] {processor.py:208} INFO - Processing /home/airflow/.local/lib/python3.12/site-packages/airflow/example_dags/example_latest_only.py took 0.057 seconds
[2025-02-08T10:58:29.987+0000] {processor.py:186} INFO - Started process (PID=4421) to work on /home/airflow/.local/lib/python3.12/site-packages/airflow/example_dags/example_latest_only.py
[2025-02-08T10:58:29.988+0000] {processor.py:914} INFO - Processing file /home/airflow/.local/lib/python3.12/site-packages/airflow/example_dags/example_latest_only.py for tasks to queue
[2025-02-08T10:58:29.990+0000] {logging_mixin.py:190} INFO - [2025-02-08T10:58:29.989+0000] {dagbag.py:588} INFO - Filling up the DagBag from /home/airflow/.local/lib/python3.12/site-packages/airflow/example_dags/example_latest_only.py
[2025-02-08T10:58:29.996+0000] {processor.py:925} INFO - DAG(s) 'latest_only' retrieved from /home/airflow/.local/lib/python3.12/site-packages/airflow/example_dags/example_latest_only.py
[2025-02-08T10:58:30.010+0000] {logging_mixin.py:190} INFO - [2025-02-08T10:58:30.010+0000] {dag.py:3239} INFO - Sync 1 DAGs
[2025-02-08T10:58:30.031+0000] {logging_mixin.py:190} INFO - [2025-02-08T10:58:30.031+0000] {dag.py:4180} INFO - Setting next_dagrun for latest_only to 2025-02-08 04:00:00+00:00, run_after=2025-02-08 08:00:00+00:00
[2025-02-08T10:58:30.048+0000] {processor.py:208} INFO - Processing /home/airflow/.local/lib/python3.12/site-packages/airflow/example_dags/example_latest_only.py took 0.066 seconds
[2025-02-08T10:59:00.178+0000] {processor.py:186} INFO - Started process (PID=4899) to work on /home/airflow/.local/lib/python3.12/site-packages/airflow/example_dags/example_latest_only.py
[2025-02-08T10:59:00.179+0000] {processor.py:914} INFO - Processing file /home/airflow/.local/lib/python3.12/site-packages/airflow/example_dags/example_latest_only.py for tasks to queue
[2025-02-08T10:59:00.181+0000] {logging_mixin.py:190} INFO - [2025-02-08T10:59:00.181+0000] {dagbag.py:588} INFO - Filling up the DagBag from /home/airflow/.local/lib/python3.12/site-packages/airflow/example_dags/example_latest_only.py
[2025-02-08T10:59:00.187+0000] {processor.py:925} INFO - DAG(s) 'latest_only' retrieved from /home/airflow/.local/lib/python3.12/site-packages/airflow/example_dags/example_latest_only.py
[2025-02-08T10:59:00.203+0000] {logging_mixin.py:190} INFO - [2025-02-08T10:59:00.203+0000] {dag.py:3239} INFO - Sync 1 DAGs
[2025-02-08T10:59:00.224+0000] {logging_mixin.py:190} INFO - [2025-02-08T10:59:00.223+0000] {dag.py:4180} INFO - Setting next_dagrun for latest_only to 2025-02-08 04:00:00+00:00, run_after=2025-02-08 08:00:00+00:00
[2025-02-08T10:59:00.242+0000] {processor.py:208} INFO - Processing /home/airflow/.local/lib/python3.12/site-packages/airflow/example_dags/example_latest_only.py took 0.068 seconds
[2025-02-08T11:02:01.216+0000] {processor.py:186} INFO - Started process (PID=408) to work on /home/airflow/.local/lib/python3.12/site-packages/airflow/example_dags/example_latest_only.py
[2025-02-08T11:02:01.217+0000] {processor.py:914} INFO - Processing file /home/airflow/.local/lib/python3.12/site-packages/airflow/example_dags/example_latest_only.py for tasks to queue
[2025-02-08T11:02:01.219+0000] {logging_mixin.py:190} INFO - [2025-02-08T11:02:01.219+0000] {dagbag.py:588} INFO - Filling up the DagBag from /home/airflow/.local/lib/python3.12/site-packages/airflow/example_dags/example_latest_only.py
[2025-02-08T11:02:01.225+0000] {processor.py:925} INFO - DAG(s) 'latest_only' retrieved from /home/airflow/.local/lib/python3.12/site-packages/airflow/example_dags/example_latest_only.py
[2025-02-08T11:02:01.305+0000] {logging_mixin.py:190} INFO - [2025-02-08T11:02:01.305+0000] {override.py:1900} INFO - Created Permission View: can read on DAG:latest_only
[2025-02-08T11:02:01.314+0000] {logging_mixin.py:190} INFO - [2025-02-08T11:02:01.314+0000] {override.py:1900} INFO - Created Permission View: can delete on DAG:latest_only
[2025-02-08T11:02:01.319+0000] {logging_mixin.py:190} INFO - [2025-02-08T11:02:01.319+0000] {override.py:1900} INFO - Created Permission View: can edit on DAG:latest_only
[2025-02-08T11:02:01.326+0000] {logging_mixin.py:190} INFO - [2025-02-08T11:02:01.326+0000] {override.py:1900} INFO - Created Permission View: menu access on DAG Run:latest_only
[2025-02-08T11:02:01.331+0000] {logging_mixin.py:190} INFO - [2025-02-08T11:02:01.331+0000] {override.py:1900} INFO - Created Permission View: can read on DAG Run:latest_only
[2025-02-08T11:02:01.336+0000] {logging_mixin.py:190} INFO - [2025-02-08T11:02:01.336+0000] {override.py:1900} INFO - Created Permission View: can create on DAG Run:latest_only
[2025-02-08T11:02:01.341+0000] {logging_mixin.py:190} INFO - [2025-02-08T11:02:01.341+0000] {override.py:1900} INFO - Created Permission View: can delete on DAG Run:latest_only
[2025-02-08T11:02:01.342+0000] {logging_mixin.py:190} INFO - [2025-02-08T11:02:01.342+0000] {dag.py:3239} INFO - Sync 1 DAGs
[2025-02-08T11:02:01.351+0000] {logging_mixin.py:190} INFO - [2025-02-08T11:02:01.351+0000] {dag.py:3262} INFO - Creating ORM DAG for latest_only
[2025-02-08T11:02:01.359+0000] {logging_mixin.py:190} INFO - [2025-02-08T11:02:01.359+0000] {dag.py:4180} INFO - Setting next_dagrun for latest_only to 2025-02-08 04:00:00+00:00, run_after=2025-02-08 08:00:00+00:00
[2025-02-08T11:02:01.373+0000] {processor.py:208} INFO - Processing /home/airflow/.local/lib/python3.12/site-packages/airflow/example_dags/example_latest_only.py took 0.162 seconds
[2025-02-08T11:02:31.720+0000] {processor.py:186} INFO - Started process (PID=694) to work on /home/airflow/.local/lib/python3.12/site-packages/airflow/example_dags/example_latest_only.py
[2025-02-08T11:02:31.721+0000] {processor.py:914} INFO - Processing file /home/airflow/.local/lib/python3.12/site-packages/airflow/example_dags/example_latest_only.py for tasks to queue
[2025-02-08T11:02:31.723+0000] {logging_mixin.py:190} INFO - [2025-02-08T11:02:31.722+0000] {dagbag.py:588} INFO - Filling up the DagBag from /home/airflow/.local/lib/python3.12/site-packages/airflow/example_dags/example_latest_only.py
[2025-02-08T11:02:31.728+0000] {processor.py:925} INFO - DAG(s) 'latest_only' retrieved from /home/airflow/.local/lib/python3.12/site-packages/airflow/example_dags/example_latest_only.py
[2025-02-08T11:02:31.744+0000] {logging_mixin.py:190} INFO - [2025-02-08T11:02:31.743+0000] {dag.py:3239} INFO - Sync 1 DAGs
[2025-02-08T11:02:31.762+0000] {logging_mixin.py:190} INFO - [2025-02-08T11:02:31.762+0000] {dag.py:4180} INFO - Setting next_dagrun for latest_only to 2025-02-08 04:00:00+00:00, run_after=2025-02-08 08:00:00+00:00
[2025-02-08T11:02:31.778+0000] {processor.py:208} INFO - Processing /home/airflow/.local/lib/python3.12/site-packages/airflow/example_dags/example_latest_only.py took 0.063 seconds
[2025-02-08T11:03:39.757+0000] {processor.py:186} INFO - Started process (PID=408) to work on /home/airflow/.local/lib/python3.12/site-packages/airflow/example_dags/example_latest_only.py
[2025-02-08T11:03:39.758+0000] {processor.py:914} INFO - Processing file /home/airflow/.local/lib/python3.12/site-packages/airflow/example_dags/example_latest_only.py for tasks to queue
[2025-02-08T11:03:39.760+0000] {logging_mixin.py:190} INFO - [2025-02-08T11:03:39.759+0000] {dagbag.py:588} INFO - Filling up the DagBag from /home/airflow/.local/lib/python3.12/site-packages/airflow/example_dags/example_latest_only.py
[2025-02-08T11:03:39.765+0000] {processor.py:925} INFO - DAG(s) 'latest_only' retrieved from /home/airflow/.local/lib/python3.12/site-packages/airflow/example_dags/example_latest_only.py
[2025-02-08T11:03:39.780+0000] {logging_mixin.py:190} INFO - [2025-02-08T11:03:39.780+0000] {dag.py:3239} INFO - Sync 1 DAGs
[2025-02-08T11:03:39.799+0000] {logging_mixin.py:190} INFO - [2025-02-08T11:03:39.798+0000] {dag.py:4180} INFO - Setting next_dagrun for latest_only to 2025-02-08 04:00:00+00:00, run_after=2025-02-08 08:00:00+00:00
[2025-02-08T11:03:39.816+0000] {processor.py:208} INFO - Processing /home/airflow/.local/lib/python3.12/site-packages/airflow/example_dags/example_latest_only.py took 0.065 seconds
[2025-02-08T11:04:10.029+0000] {processor.py:186} INFO - Started process (PID=694) to work on /home/airflow/.local/lib/python3.12/site-packages/airflow/example_dags/example_latest_only.py
[2025-02-08T11:04:10.030+0000] {processor.py:914} INFO - Processing file /home/airflow/.local/lib/python3.12/site-packages/airflow/example_dags/example_latest_only.py for tasks to queue
[2025-02-08T11:04:10.032+0000] {logging_mixin.py:190} INFO - [2025-02-08T11:04:10.031+0000] {dagbag.py:588} INFO - Filling up the DagBag from /home/airflow/.local/lib/python3.12/site-packages/airflow/example_dags/example_latest_only.py
[2025-02-08T11:04:10.038+0000] {processor.py:925} INFO - DAG(s) 'latest_only' retrieved from /home/airflow/.local/lib/python3.12/site-packages/airflow/example_dags/example_latest_only.py
[2025-02-08T11:04:10.056+0000] {logging_mixin.py:190} INFO - [2025-02-08T11:04:10.056+0000] {dag.py:3239} INFO - Sync 1 DAGs
[2025-02-08T11:04:10.080+0000] {logging_mixin.py:190} INFO - [2025-02-08T11:04:10.080+0000] {dag.py:4180} INFO - Setting next_dagrun for latest_only to 2025-02-08 04:00:00+00:00, run_after=2025-02-08 08:00:00+00:00
[2025-02-08T11:04:10.097+0000] {processor.py:208} INFO - Processing /home/airflow/.local/lib/python3.12/site-packages/airflow/example_dags/example_latest_only.py took 0.073 seconds
[2025-02-08T11:04:40.322+0000] {processor.py:186} INFO - Started process (PID=980) to work on /home/airflow/.local/lib/python3.12/site-packages/airflow/example_dags/example_latest_only.py
[2025-02-08T11:04:40.323+0000] {processor.py:914} INFO - Processing file /home/airflow/.local/lib/python3.12/site-packages/airflow/example_dags/example_latest_only.py for tasks to queue
[2025-02-08T11:04:40.324+0000] {logging_mixin.py:190} INFO - [2025-02-08T11:04:40.324+0000] {dagbag.py:588} INFO - Filling up the DagBag from /home/airflow/.local/lib/python3.12/site-packages/airflow/example_dags/example_latest_only.py
[2025-02-08T11:04:40.329+0000] {processor.py:925} INFO - DAG(s) 'latest_only' retrieved from /home/airflow/.local/lib/python3.12/site-packages/airflow/example_dags/example_latest_only.py
[2025-02-08T11:04:40.344+0000] {logging_mixin.py:190} INFO - [2025-02-08T11:04:40.344+0000] {dag.py:3239} INFO - Sync 1 DAGs
[2025-02-08T11:04:40.361+0000] {logging_mixin.py:190} INFO - [2025-02-08T11:04:40.361+0000] {dag.py:4180} INFO - Setting next_dagrun for latest_only to 2025-02-08 04:00:00+00:00, run_after=2025-02-08 08:00:00+00:00
[2025-02-08T11:04:40.375+0000] {processor.py:208} INFO - Processing /home/airflow/.local/lib/python3.12/site-packages/airflow/example_dags/example_latest_only.py took 0.059 seconds
[2025-02-08T11:33:21.921+0000] {processor.py:186} INFO - Started process (PID=408) to work on /home/airflow/.local/lib/python3.12/site-packages/airflow/example_dags/example_latest_only.py
[2025-02-08T11:33:21.922+0000] {processor.py:914} INFO - Processing file /home/airflow/.local/lib/python3.12/site-packages/airflow/example_dags/example_latest_only.py for tasks to queue
[2025-02-08T11:33:21.924+0000] {logging_mixin.py:190} INFO - [2025-02-08T11:33:21.924+0000] {dagbag.py:588} INFO - Filling up the DagBag from /home/airflow/.local/lib/python3.12/site-packages/airflow/example_dags/example_latest_only.py
[2025-02-08T11:33:21.930+0000] {processor.py:925} INFO - DAG(s) 'latest_only' retrieved from /home/airflow/.local/lib/python3.12/site-packages/airflow/example_dags/example_latest_only.py
[2025-02-08T11:33:22.013+0000] {logging_mixin.py:190} INFO - [2025-02-08T11:33:22.013+0000] {override.py:1900} INFO - Created Permission View: can edit on DAG:latest_only
[2025-02-08T11:33:22.021+0000] {logging_mixin.py:190} INFO - [2025-02-08T11:33:22.021+0000] {override.py:1900} INFO - Created Permission View: can delete on DAG:latest_only
[2025-02-08T11:33:22.027+0000] {logging_mixin.py:190} INFO - [2025-02-08T11:33:22.027+0000] {override.py:1900} INFO - Created Permission View: can read on DAG:latest_only
[2025-02-08T11:33:22.034+0000] {logging_mixin.py:190} INFO - [2025-02-08T11:33:22.034+0000] {override.py:1900} INFO - Created Permission View: menu access on DAG Run:latest_only
[2025-02-08T11:33:22.039+0000] {logging_mixin.py:190} INFO - [2025-02-08T11:33:22.039+0000] {override.py:1900} INFO - Created Permission View: can create on DAG Run:latest_only
[2025-02-08T11:33:22.045+0000] {logging_mixin.py:190} INFO - [2025-02-08T11:33:22.045+0000] {override.py:1900} INFO - Created Permission View: can delete on DAG Run:latest_only
[2025-02-08T11:33:22.050+0000] {logging_mixin.py:190} INFO - [2025-02-08T11:33:22.050+0000] {override.py:1900} INFO - Created Permission View: can read on DAG Run:latest_only
[2025-02-08T11:33:22.051+0000] {logging_mixin.py:190} INFO - [2025-02-08T11:33:22.050+0000] {dag.py:3239} INFO - Sync 1 DAGs
[2025-02-08T11:33:22.061+0000] {logging_mixin.py:190} INFO - [2025-02-08T11:33:22.061+0000] {dag.py:3262} INFO - Creating ORM DAG for latest_only
[2025-02-08T11:33:22.069+0000] {logging_mixin.py:190} INFO - [2025-02-08T11:33:22.069+0000] {dag.py:4180} INFO - Setting next_dagrun for latest_only to 2025-02-08 04:00:00+00:00, run_after=2025-02-08 08:00:00+00:00
[2025-02-08T11:33:22.083+0000] {processor.py:208} INFO - Processing /home/airflow/.local/lib/python3.12/site-packages/airflow/example_dags/example_latest_only.py took 0.166 seconds
[2025-02-08T11:33:52.672+0000] {processor.py:186} INFO - Started process (PID=694) to work on /home/airflow/.local/lib/python3.12/site-packages/airflow/example_dags/example_latest_only.py
[2025-02-08T11:33:52.673+0000] {processor.py:914} INFO - Processing file /home/airflow/.local/lib/python3.12/site-packages/airflow/example_dags/example_latest_only.py for tasks to queue
[2025-02-08T11:33:52.675+0000] {logging_mixin.py:190} INFO - [2025-02-08T11:33:52.675+0000] {dagbag.py:588} INFO - Filling up the DagBag from /home/airflow/.local/lib/python3.12/site-packages/airflow/example_dags/example_latest_only.py
[2025-02-08T11:33:52.681+0000] {processor.py:925} INFO - DAG(s) 'latest_only' retrieved from /home/airflow/.local/lib/python3.12/site-packages/airflow/example_dags/example_latest_only.py
[2025-02-08T11:33:52.696+0000] {logging_mixin.py:190} INFO - [2025-02-08T11:33:52.696+0000] {dag.py:3239} INFO - Sync 1 DAGs
[2025-02-08T11:33:52.717+0000] {logging_mixin.py:190} INFO - [2025-02-08T11:33:52.717+0000] {dag.py:4180} INFO - Setting next_dagrun for latest_only to 2025-02-08 04:00:00+00:00, run_after=2025-02-08 08:00:00+00:00
[2025-02-08T11:33:52.735+0000] {processor.py:208} INFO - Processing /home/airflow/.local/lib/python3.12/site-packages/airflow/example_dags/example_latest_only.py took 0.068 seconds
[2025-02-08T11:34:22.858+0000] {processor.py:186} INFO - Started process (PID=982) to work on /home/airflow/.local/lib/python3.12/site-packages/airflow/example_dags/example_latest_only.py
[2025-02-08T11:34:22.859+0000] {processor.py:914} INFO - Processing file /home/airflow/.local/lib/python3.12/site-packages/airflow/example_dags/example_latest_only.py for tasks to queue
[2025-02-08T11:34:22.861+0000] {logging_mixin.py:190} INFO - [2025-02-08T11:34:22.861+0000] {dagbag.py:588} INFO - Filling up the DagBag from /home/airflow/.local/lib/python3.12/site-packages/airflow/example_dags/example_latest_only.py
[2025-02-08T11:34:22.867+0000] {processor.py:925} INFO - DAG(s) 'latest_only' retrieved from /home/airflow/.local/lib/python3.12/site-packages/airflow/example_dags/example_latest_only.py
[2025-02-08T11:34:22.881+0000] {logging_mixin.py:190} INFO - [2025-02-08T11:34:22.880+0000] {dag.py:3239} INFO - Sync 1 DAGs
[2025-02-08T11:34:22.898+0000] {logging_mixin.py:190} INFO - [2025-02-08T11:34:22.898+0000] {dag.py:4180} INFO - Setting next_dagrun for latest_only to 2025-02-08 04:00:00+00:00, run_after=2025-02-08 08:00:00+00:00
[2025-02-08T11:34:22.913+0000] {processor.py:208} INFO - Processing /home/airflow/.local/lib/python3.12/site-packages/airflow/example_dags/example_latest_only.py took 0.060 seconds
[2025-02-08T11:34:52.999+0000] {processor.py:186} INFO - Started process (PID=1266) to work on /home/airflow/.local/lib/python3.12/site-packages/airflow/example_dags/example_latest_only.py
[2025-02-08T11:34:53.000+0000] {processor.py:914} INFO - Processing file /home/airflow/.local/lib/python3.12/site-packages/airflow/example_dags/example_latest_only.py for tasks to queue
[2025-02-08T11:34:53.002+0000] {logging_mixin.py:190} INFO - [2025-02-08T11:34:53.002+0000] {dagbag.py:588} INFO - Filling up the DagBag from /home/airflow/.local/lib/python3.12/site-packages/airflow/example_dags/example_latest_only.py
[2025-02-08T11:34:53.008+0000] {processor.py:925} INFO - DAG(s) 'latest_only' retrieved from /home/airflow/.local/lib/python3.12/site-packages/airflow/example_dags/example_latest_only.py
[2025-02-08T11:34:53.021+0000] {logging_mixin.py:190} INFO - [2025-02-08T11:34:53.021+0000] {dag.py:3239} INFO - Sync 1 DAGs
[2025-02-08T11:34:53.038+0000] {logging_mixin.py:190} INFO - [2025-02-08T11:34:53.038+0000] {dag.py:4180} INFO - Setting next_dagrun for latest_only to 2025-02-08 04:00:00+00:00, run_after=2025-02-08 08:00:00+00:00
[2025-02-08T11:34:53.051+0000] {processor.py:208} INFO - Processing /home/airflow/.local/lib/python3.12/site-packages/airflow/example_dags/example_latest_only.py took 0.058 seconds
