[2025-02-08T10:51:22.048+0000] {processor.py:186} INFO - Started process (PID=253) to work on /home/airflow/.local/lib/python3.12/site-packages/airflow/example_dags/example_params_ui_tutorial.py
[2025-02-08T10:51:22.049+0000] {processor.py:914} INFO - Processing file /home/airflow/.local/lib/python3.12/site-packages/airflow/example_dags/example_params_ui_tutorial.py for tasks to queue
[2025-02-08T10:51:22.051+0000] {logging_mixin.py:190} INFO - [2025-02-08T10:51:22.051+0000] {dagbag.py:588} INFO - Filling up the DagBag from /home/airflow/.local/lib/python3.12/site-packages/airflow/example_dags/example_params_ui_tutorial.py
[2025-02-08T10:51:22.060+0000] {processor.py:925} INFO - DAG(s) 'example_params_ui_tutorial' retrieved from /home/airflow/.local/lib/python3.12/site-packages/airflow/example_dags/example_params_ui_tutorial.py
[2025-02-08T10:51:22.167+0000] {logging_mixin.py:190} INFO - [2025-02-08T10:51:22.166+0000] {override.py:1900} INFO - Created Permission View: can delete on DAG:example_params_ui_tutorial
[2025-02-08T10:51:22.175+0000] {logging_mixin.py:190} INFO - [2025-02-08T10:51:22.175+0000] {override.py:1900} INFO - Created Permission View: can read on DAG:example_params_ui_tutorial
[2025-02-08T10:51:22.180+0000] {logging_mixin.py:190} INFO - [2025-02-08T10:51:22.180+0000] {override.py:1900} INFO - Created Permission View: can edit on DAG:example_params_ui_tutorial
[2025-02-08T10:51:22.186+0000] {logging_mixin.py:190} INFO - [2025-02-08T10:51:22.186+0000] {override.py:1900} INFO - Created Permission View: can delete on DAG Run:example_params_ui_tutorial
[2025-02-08T10:51:22.192+0000] {logging_mixin.py:190} INFO - [2025-02-08T10:51:22.192+0000] {override.py:1900} INFO - Created Permission View: can read on DAG Run:example_params_ui_tutorial
[2025-02-08T10:51:22.198+0000] {logging_mixin.py:190} INFO - [2025-02-08T10:51:22.198+0000] {override.py:1900} INFO - Created Permission View: menu access on DAG Run:example_params_ui_tutorial
[2025-02-08T10:51:22.204+0000] {logging_mixin.py:190} INFO - [2025-02-08T10:51:22.203+0000] {override.py:1900} INFO - Created Permission View: can create on DAG Run:example_params_ui_tutorial
[2025-02-08T10:51:22.204+0000] {logging_mixin.py:190} INFO - [2025-02-08T10:51:22.204+0000] {dag.py:3239} INFO - Sync 1 DAGs
[2025-02-08T10:51:22.214+0000] {logging_mixin.py:190} INFO - [2025-02-08T10:51:22.214+0000] {dag.py:3262} INFO - Creating ORM DAG for example_params_ui_tutorial
[2025-02-08T10:51:22.215+0000] {logging_mixin.py:190} INFO - [2025-02-08T10:51:22.215+0000] {dag.py:4180} INFO - Setting next_dagrun for example_params_ui_tutorial to None, run_after=None
[2025-02-08T10:51:22.230+0000] {processor.py:208} INFO - Processing /home/airflow/.local/lib/python3.12/site-packages/airflow/example_dags/example_params_ui_tutorial.py took 0.187 seconds
[2025-02-08T10:51:52.362+0000] {processor.py:186} INFO - Started process (PID=536) to work on /home/airflow/.local/lib/python3.12/site-packages/airflow/example_dags/example_params_ui_tutorial.py
[2025-02-08T10:51:52.363+0000] {processor.py:914} INFO - Processing file /home/airflow/.local/lib/python3.12/site-packages/airflow/example_dags/example_params_ui_tutorial.py for tasks to queue
[2025-02-08T10:51:52.365+0000] {logging_mixin.py:190} INFO - [2025-02-08T10:51:52.364+0000] {dagbag.py:588} INFO - Filling up the DagBag from /home/airflow/.local/lib/python3.12/site-packages/airflow/example_dags/example_params_ui_tutorial.py
[2025-02-08T10:51:52.373+0000] {processor.py:925} INFO - DAG(s) 'example_params_ui_tutorial' retrieved from /home/airflow/.local/lib/python3.12/site-packages/airflow/example_dags/example_params_ui_tutorial.py
[2025-02-08T10:51:52.415+0000] {logging_mixin.py:190} INFO - [2025-02-08T10:51:52.415+0000] {dag.py:3239} INFO - Sync 1 DAGs
[2025-02-08T10:51:52.429+0000] {logging_mixin.py:190} INFO - [2025-02-08T10:51:52.429+0000] {dag.py:4180} INFO - Setting next_dagrun for example_params_ui_tutorial to None, run_after=None
[2025-02-08T10:51:52.447+0000] {processor.py:208} INFO - Processing /home/airflow/.local/lib/python3.12/site-packages/airflow/example_dags/example_params_ui_tutorial.py took 0.091 seconds
[2025-02-08T10:52:22.692+0000] {processor.py:186} INFO - Started process (PID=820) to work on /home/airflow/.local/lib/python3.12/site-packages/airflow/example_dags/example_params_ui_tutorial.py
[2025-02-08T10:52:22.693+0000] {processor.py:914} INFO - Processing file /home/airflow/.local/lib/python3.12/site-packages/airflow/example_dags/example_params_ui_tutorial.py for tasks to queue
[2025-02-08T10:52:22.695+0000] {logging_mixin.py:190} INFO - [2025-02-08T10:52:22.695+0000] {dagbag.py:588} INFO - Filling up the DagBag from /home/airflow/.local/lib/python3.12/site-packages/airflow/example_dags/example_params_ui_tutorial.py
[2025-02-08T10:52:22.703+0000] {processor.py:925} INFO - DAG(s) 'example_params_ui_tutorial' retrieved from /home/airflow/.local/lib/python3.12/site-packages/airflow/example_dags/example_params_ui_tutorial.py
[2025-02-08T10:52:22.736+0000] {logging_mixin.py:190} INFO - [2025-02-08T10:52:22.736+0000] {dag.py:3239} INFO - Sync 1 DAGs
[2025-02-08T10:52:22.749+0000] {logging_mixin.py:190} INFO - [2025-02-08T10:52:22.749+0000] {dag.py:4180} INFO - Setting next_dagrun for example_params_ui_tutorial to None, run_after=None
[2025-02-08T10:52:22.765+0000] {processor.py:208} INFO - Processing /home/airflow/.local/lib/python3.12/site-packages/airflow/example_dags/example_params_ui_tutorial.py took 0.077 seconds
[2025-02-08T10:52:52.811+0000] {processor.py:186} INFO - Started process (PID=1106) to work on /home/airflow/.local/lib/python3.12/site-packages/airflow/example_dags/example_params_ui_tutorial.py
[2025-02-08T10:52:52.812+0000] {processor.py:914} INFO - Processing file /home/airflow/.local/lib/python3.12/site-packages/airflow/example_dags/example_params_ui_tutorial.py for tasks to queue
[2025-02-08T10:52:52.813+0000] {logging_mixin.py:190} INFO - [2025-02-08T10:52:52.813+0000] {dagbag.py:588} INFO - Filling up the DagBag from /home/airflow/.local/lib/python3.12/site-packages/airflow/example_dags/example_params_ui_tutorial.py
[2025-02-08T10:52:52.822+0000] {processor.py:925} INFO - DAG(s) 'example_params_ui_tutorial' retrieved from /home/airflow/.local/lib/python3.12/site-packages/airflow/example_dags/example_params_ui_tutorial.py
[2025-02-08T10:52:52.855+0000] {logging_mixin.py:190} INFO - [2025-02-08T10:52:52.855+0000] {dag.py:3239} INFO - Sync 1 DAGs
[2025-02-08T10:52:52.867+0000] {logging_mixin.py:190} INFO - [2025-02-08T10:52:52.867+0000] {dag.py:4180} INFO - Setting next_dagrun for example_params_ui_tutorial to None, run_after=None
[2025-02-08T10:52:52.883+0000] {processor.py:208} INFO - Processing /home/airflow/.local/lib/python3.12/site-packages/airflow/example_dags/example_params_ui_tutorial.py took 0.077 seconds
[2025-02-08T10:53:23.176+0000] {processor.py:186} INFO - Started process (PID=1392) to work on /home/airflow/.local/lib/python3.12/site-packages/airflow/example_dags/example_params_ui_tutorial.py
[2025-02-08T10:53:23.177+0000] {processor.py:914} INFO - Processing file /home/airflow/.local/lib/python3.12/site-packages/airflow/example_dags/example_params_ui_tutorial.py for tasks to queue
[2025-02-08T10:53:23.178+0000] {logging_mixin.py:190} INFO - [2025-02-08T10:53:23.178+0000] {dagbag.py:588} INFO - Filling up the DagBag from /home/airflow/.local/lib/python3.12/site-packages/airflow/example_dags/example_params_ui_tutorial.py
[2025-02-08T10:53:23.185+0000] {processor.py:925} INFO - DAG(s) 'example_params_ui_tutorial' retrieved from /home/airflow/.local/lib/python3.12/site-packages/airflow/example_dags/example_params_ui_tutorial.py
[2025-02-08T10:53:23.218+0000] {logging_mixin.py:190} INFO - [2025-02-08T10:53:23.217+0000] {dag.py:3239} INFO - Sync 1 DAGs
[2025-02-08T10:53:23.230+0000] {logging_mixin.py:190} INFO - [2025-02-08T10:53:23.230+0000] {dag.py:4180} INFO - Setting next_dagrun for example_params_ui_tutorial to None, run_after=None
[2025-02-08T10:53:23.244+0000] {processor.py:208} INFO - Processing /home/airflow/.local/lib/python3.12/site-packages/airflow/example_dags/example_params_ui_tutorial.py took 0.073 seconds
[2025-02-08T10:53:53.356+0000] {processor.py:186} INFO - Started process (PID=1680) to work on /home/airflow/.local/lib/python3.12/site-packages/airflow/example_dags/example_params_ui_tutorial.py
[2025-02-08T10:53:53.357+0000] {processor.py:914} INFO - Processing file /home/airflow/.local/lib/python3.12/site-packages/airflow/example_dags/example_params_ui_tutorial.py for tasks to queue
[2025-02-08T10:53:53.359+0000] {logging_mixin.py:190} INFO - [2025-02-08T10:53:53.358+0000] {dagbag.py:588} INFO - Filling up the DagBag from /home/airflow/.local/lib/python3.12/site-packages/airflow/example_dags/example_params_ui_tutorial.py
[2025-02-08T10:53:53.366+0000] {processor.py:925} INFO - DAG(s) 'example_params_ui_tutorial' retrieved from /home/airflow/.local/lib/python3.12/site-packages/airflow/example_dags/example_params_ui_tutorial.py
[2025-02-08T10:53:53.398+0000] {logging_mixin.py:190} INFO - [2025-02-08T10:53:53.398+0000] {dag.py:3239} INFO - Sync 1 DAGs
[2025-02-08T10:53:53.409+0000] {logging_mixin.py:190} INFO - [2025-02-08T10:53:53.409+0000] {dag.py:4180} INFO - Setting next_dagrun for example_params_ui_tutorial to None, run_after=None
[2025-02-08T10:53:53.424+0000] {processor.py:208} INFO - Processing /home/airflow/.local/lib/python3.12/site-packages/airflow/example_dags/example_params_ui_tutorial.py took 0.073 seconds
[2025-02-08T10:54:23.504+0000] {processor.py:186} INFO - Started process (PID=1964) to work on /home/airflow/.local/lib/python3.12/site-packages/airflow/example_dags/example_params_ui_tutorial.py
[2025-02-08T10:54:23.505+0000] {processor.py:914} INFO - Processing file /home/airflow/.local/lib/python3.12/site-packages/airflow/example_dags/example_params_ui_tutorial.py for tasks to queue
[2025-02-08T10:54:23.507+0000] {logging_mixin.py:190} INFO - [2025-02-08T10:54:23.507+0000] {dagbag.py:588} INFO - Filling up the DagBag from /home/airflow/.local/lib/python3.12/site-packages/airflow/example_dags/example_params_ui_tutorial.py
[2025-02-08T10:54:23.514+0000] {processor.py:925} INFO - DAG(s) 'example_params_ui_tutorial' retrieved from /home/airflow/.local/lib/python3.12/site-packages/airflow/example_dags/example_params_ui_tutorial.py
[2025-02-08T10:54:23.547+0000] {logging_mixin.py:190} INFO - [2025-02-08T10:54:23.547+0000] {dag.py:3239} INFO - Sync 1 DAGs
[2025-02-08T10:54:23.560+0000] {logging_mixin.py:190} INFO - [2025-02-08T10:54:23.559+0000] {dag.py:4180} INFO - Setting next_dagrun for example_params_ui_tutorial to None, run_after=None
[2025-02-08T10:54:23.576+0000] {processor.py:208} INFO - Processing /home/airflow/.local/lib/python3.12/site-packages/airflow/example_dags/example_params_ui_tutorial.py took 0.077 seconds
[2025-02-08T10:54:53.983+0000] {processor.py:186} INFO - Started process (PID=2252) to work on /home/airflow/.local/lib/python3.12/site-packages/airflow/example_dags/example_params_ui_tutorial.py
[2025-02-08T10:54:53.984+0000] {processor.py:914} INFO - Processing file /home/airflow/.local/lib/python3.12/site-packages/airflow/example_dags/example_params_ui_tutorial.py for tasks to queue
[2025-02-08T10:54:53.986+0000] {logging_mixin.py:190} INFO - [2025-02-08T10:54:53.986+0000] {dagbag.py:588} INFO - Filling up the DagBag from /home/airflow/.local/lib/python3.12/site-packages/airflow/example_dags/example_params_ui_tutorial.py
[2025-02-08T10:54:53.993+0000] {processor.py:925} INFO - DAG(s) 'example_params_ui_tutorial' retrieved from /home/airflow/.local/lib/python3.12/site-packages/airflow/example_dags/example_params_ui_tutorial.py
[2025-02-08T10:54:54.026+0000] {logging_mixin.py:190} INFO - [2025-02-08T10:54:54.026+0000] {dag.py:3239} INFO - Sync 1 DAGs
[2025-02-08T10:54:54.040+0000] {logging_mixin.py:190} INFO - [2025-02-08T10:54:54.040+0000] {dag.py:4180} INFO - Setting next_dagrun for example_params_ui_tutorial to None, run_after=None
[2025-02-08T10:54:54.059+0000] {processor.py:208} INFO - Processing /home/airflow/.local/lib/python3.12/site-packages/airflow/example_dags/example_params_ui_tutorial.py took 0.081 seconds
[2025-02-08T10:55:24.307+0000] {processor.py:186} INFO - Started process (PID=2536) to work on /home/airflow/.local/lib/python3.12/site-packages/airflow/example_dags/example_params_ui_tutorial.py
[2025-02-08T10:55:24.308+0000] {processor.py:914} INFO - Processing file /home/airflow/.local/lib/python3.12/site-packages/airflow/example_dags/example_params_ui_tutorial.py for tasks to queue
[2025-02-08T10:55:24.309+0000] {logging_mixin.py:190} INFO - [2025-02-08T10:55:24.309+0000] {dagbag.py:588} INFO - Filling up the DagBag from /home/airflow/.local/lib/python3.12/site-packages/airflow/example_dags/example_params_ui_tutorial.py
[2025-02-08T10:55:24.316+0000] {processor.py:925} INFO - DAG(s) 'example_params_ui_tutorial' retrieved from /home/airflow/.local/lib/python3.12/site-packages/airflow/example_dags/example_params_ui_tutorial.py
[2025-02-08T10:55:24.348+0000] {logging_mixin.py:190} INFO - [2025-02-08T10:55:24.348+0000] {dag.py:3239} INFO - Sync 1 DAGs
[2025-02-08T10:55:24.359+0000] {logging_mixin.py:190} INFO - [2025-02-08T10:55:24.359+0000] {dag.py:4180} INFO - Setting next_dagrun for example_params_ui_tutorial to None, run_after=None
[2025-02-08T10:55:24.374+0000] {processor.py:208} INFO - Processing /home/airflow/.local/lib/python3.12/site-packages/airflow/example_dags/example_params_ui_tutorial.py took 0.072 seconds
[2025-02-08T10:55:55.458+0000] {processor.py:186} INFO - Started process (PID=2824) to work on /home/airflow/.local/lib/python3.12/site-packages/airflow/example_dags/example_params_ui_tutorial.py
[2025-02-08T10:55:55.458+0000] {processor.py:914} INFO - Processing file /home/airflow/.local/lib/python3.12/site-packages/airflow/example_dags/example_params_ui_tutorial.py for tasks to queue
[2025-02-08T10:55:55.461+0000] {logging_mixin.py:190} INFO - [2025-02-08T10:55:55.460+0000] {dagbag.py:588} INFO - Filling up the DagBag from /home/airflow/.local/lib/python3.12/site-packages/airflow/example_dags/example_params_ui_tutorial.py
[2025-02-08T10:55:55.469+0000] {processor.py:925} INFO - DAG(s) 'example_params_ui_tutorial' retrieved from /home/airflow/.local/lib/python3.12/site-packages/airflow/example_dags/example_params_ui_tutorial.py
[2025-02-08T10:55:55.506+0000] {logging_mixin.py:190} INFO - [2025-02-08T10:55:55.506+0000] {dag.py:3239} INFO - Sync 1 DAGs
[2025-02-08T10:55:55.521+0000] {logging_mixin.py:190} INFO - [2025-02-08T10:55:55.521+0000] {dag.py:4180} INFO - Setting next_dagrun for example_params_ui_tutorial to None, run_after=None
[2025-02-08T10:55:55.540+0000] {processor.py:208} INFO - Processing /home/airflow/.local/lib/python3.12/site-packages/airflow/example_dags/example_params_ui_tutorial.py took 0.088 seconds
[2025-02-08T10:56:25.736+0000] {processor.py:186} INFO - Started process (PID=3115) to work on /home/airflow/.local/lib/python3.12/site-packages/airflow/example_dags/example_params_ui_tutorial.py
[2025-02-08T10:56:25.736+0000] {processor.py:914} INFO - Processing file /home/airflow/.local/lib/python3.12/site-packages/airflow/example_dags/example_params_ui_tutorial.py for tasks to queue
[2025-02-08T10:56:25.738+0000] {logging_mixin.py:190} INFO - [2025-02-08T10:56:25.738+0000] {dagbag.py:588} INFO - Filling up the DagBag from /home/airflow/.local/lib/python3.12/site-packages/airflow/example_dags/example_params_ui_tutorial.py
[2025-02-08T10:56:25.746+0000] {processor.py:925} INFO - DAG(s) 'example_params_ui_tutorial' retrieved from /home/airflow/.local/lib/python3.12/site-packages/airflow/example_dags/example_params_ui_tutorial.py
[2025-02-08T10:56:25.778+0000] {logging_mixin.py:190} INFO - [2025-02-08T10:56:25.778+0000] {dag.py:3239} INFO - Sync 1 DAGs
[2025-02-08T10:56:25.790+0000] {logging_mixin.py:190} INFO - [2025-02-08T10:56:25.789+0000] {dag.py:4180} INFO - Setting next_dagrun for example_params_ui_tutorial to None, run_after=None
[2025-02-08T10:56:25.806+0000] {processor.py:208} INFO - Processing /home/airflow/.local/lib/python3.12/site-packages/airflow/example_dags/example_params_ui_tutorial.py took 0.075 seconds
[2025-02-08T10:56:55.981+0000] {processor.py:186} INFO - Started process (PID=3401) to work on /home/airflow/.local/lib/python3.12/site-packages/airflow/example_dags/example_params_ui_tutorial.py
[2025-02-08T10:56:55.982+0000] {processor.py:914} INFO - Processing file /home/airflow/.local/lib/python3.12/site-packages/airflow/example_dags/example_params_ui_tutorial.py for tasks to queue
[2025-02-08T10:56:55.984+0000] {logging_mixin.py:190} INFO - [2025-02-08T10:56:55.983+0000] {dagbag.py:588} INFO - Filling up the DagBag from /home/airflow/.local/lib/python3.12/site-packages/airflow/example_dags/example_params_ui_tutorial.py
[2025-02-08T10:56:55.992+0000] {processor.py:925} INFO - DAG(s) 'example_params_ui_tutorial' retrieved from /home/airflow/.local/lib/python3.12/site-packages/airflow/example_dags/example_params_ui_tutorial.py
[2025-02-08T10:56:56.027+0000] {logging_mixin.py:190} INFO - [2025-02-08T10:56:56.027+0000] {dag.py:3239} INFO - Sync 1 DAGs
[2025-02-08T10:56:56.040+0000] {logging_mixin.py:190} INFO - [2025-02-08T10:56:56.040+0000] {dag.py:4180} INFO - Setting next_dagrun for example_params_ui_tutorial to None, run_after=None
[2025-02-08T10:56:56.055+0000] {processor.py:208} INFO - Processing /home/airflow/.local/lib/python3.12/site-packages/airflow/example_dags/example_params_ui_tutorial.py took 0.079 seconds
[2025-02-08T10:57:26.321+0000] {processor.py:186} INFO - Started process (PID=3687) to work on /home/airflow/.local/lib/python3.12/site-packages/airflow/example_dags/example_params_ui_tutorial.py
[2025-02-08T10:57:26.321+0000] {processor.py:914} INFO - Processing file /home/airflow/.local/lib/python3.12/site-packages/airflow/example_dags/example_params_ui_tutorial.py for tasks to queue
[2025-02-08T10:57:26.323+0000] {logging_mixin.py:190} INFO - [2025-02-08T10:57:26.323+0000] {dagbag.py:588} INFO - Filling up the DagBag from /home/airflow/.local/lib/python3.12/site-packages/airflow/example_dags/example_params_ui_tutorial.py
[2025-02-08T10:57:26.330+0000] {processor.py:925} INFO - DAG(s) 'example_params_ui_tutorial' retrieved from /home/airflow/.local/lib/python3.12/site-packages/airflow/example_dags/example_params_ui_tutorial.py
[2025-02-08T10:57:26.361+0000] {logging_mixin.py:190} INFO - [2025-02-08T10:57:26.361+0000] {dag.py:3239} INFO - Sync 1 DAGs
[2025-02-08T10:57:26.373+0000] {logging_mixin.py:190} INFO - [2025-02-08T10:57:26.373+0000] {dag.py:4180} INFO - Setting next_dagrun for example_params_ui_tutorial to None, run_after=None
[2025-02-08T10:57:26.391+0000] {processor.py:208} INFO - Processing /home/airflow/.local/lib/python3.12/site-packages/airflow/example_dags/example_params_ui_tutorial.py took 0.075 seconds
[2025-02-08T10:57:56.746+0000] {processor.py:186} INFO - Started process (PID=3968) to work on /home/airflow/.local/lib/python3.12/site-packages/airflow/example_dags/example_params_ui_tutorial.py
[2025-02-08T10:57:56.746+0000] {processor.py:914} INFO - Processing file /home/airflow/.local/lib/python3.12/site-packages/airflow/example_dags/example_params_ui_tutorial.py for tasks to queue
[2025-02-08T10:57:56.748+0000] {logging_mixin.py:190} INFO - [2025-02-08T10:57:56.748+0000] {dagbag.py:588} INFO - Filling up the DagBag from /home/airflow/.local/lib/python3.12/site-packages/airflow/example_dags/example_params_ui_tutorial.py
[2025-02-08T10:57:56.755+0000] {processor.py:925} INFO - DAG(s) 'example_params_ui_tutorial' retrieved from /home/airflow/.local/lib/python3.12/site-packages/airflow/example_dags/example_params_ui_tutorial.py
[2025-02-08T10:57:56.789+0000] {logging_mixin.py:190} INFO - [2025-02-08T10:57:56.788+0000] {dag.py:3239} INFO - Sync 1 DAGs
[2025-02-08T10:57:56.802+0000] {logging_mixin.py:190} INFO - [2025-02-08T10:57:56.801+0000] {dag.py:4180} INFO - Setting next_dagrun for example_params_ui_tutorial to None, run_after=None
[2025-02-08T10:57:56.818+0000] {processor.py:208} INFO - Processing /home/airflow/.local/lib/python3.12/site-packages/airflow/example_dags/example_params_ui_tutorial.py took 0.077 seconds
[2025-02-08T10:58:26.988+0000] {processor.py:186} INFO - Started process (PID=4262) to work on /home/airflow/.local/lib/python3.12/site-packages/airflow/example_dags/example_params_ui_tutorial.py
[2025-02-08T10:58:26.988+0000] {processor.py:914} INFO - Processing file /home/airflow/.local/lib/python3.12/site-packages/airflow/example_dags/example_params_ui_tutorial.py for tasks to queue
[2025-02-08T10:58:26.991+0000] {logging_mixin.py:190} INFO - [2025-02-08T10:58:26.990+0000] {dagbag.py:588} INFO - Filling up the DagBag from /home/airflow/.local/lib/python3.12/site-packages/airflow/example_dags/example_params_ui_tutorial.py
[2025-02-08T10:58:26.999+0000] {processor.py:925} INFO - DAG(s) 'example_params_ui_tutorial' retrieved from /home/airflow/.local/lib/python3.12/site-packages/airflow/example_dags/example_params_ui_tutorial.py
[2025-02-08T10:58:27.038+0000] {logging_mixin.py:190} INFO - [2025-02-08T10:58:27.038+0000] {dag.py:3239} INFO - Sync 1 DAGs
[2025-02-08T10:58:27.050+0000] {logging_mixin.py:190} INFO - [2025-02-08T10:58:27.050+0000] {dag.py:4180} INFO - Setting next_dagrun for example_params_ui_tutorial to None, run_after=None
[2025-02-08T10:58:27.066+0000] {processor.py:208} INFO - Processing /home/airflow/.local/lib/python3.12/site-packages/airflow/example_dags/example_params_ui_tutorial.py took 0.084 seconds
[2025-02-08T10:58:57.419+0000] {processor.py:186} INFO - Started process (PID=4742) to work on /home/airflow/.local/lib/python3.12/site-packages/airflow/example_dags/example_params_ui_tutorial.py
[2025-02-08T10:58:57.419+0000] {processor.py:914} INFO - Processing file /home/airflow/.local/lib/python3.12/site-packages/airflow/example_dags/example_params_ui_tutorial.py for tasks to queue
[2025-02-08T10:58:57.421+0000] {logging_mixin.py:190} INFO - [2025-02-08T10:58:57.421+0000] {dagbag.py:588} INFO - Filling up the DagBag from /home/airflow/.local/lib/python3.12/site-packages/airflow/example_dags/example_params_ui_tutorial.py
[2025-02-08T10:58:57.430+0000] {processor.py:925} INFO - DAG(s) 'example_params_ui_tutorial' retrieved from /home/airflow/.local/lib/python3.12/site-packages/airflow/example_dags/example_params_ui_tutorial.py
[2025-02-08T10:58:57.461+0000] {logging_mixin.py:190} INFO - [2025-02-08T10:58:57.461+0000] {dag.py:3239} INFO - Sync 1 DAGs
[2025-02-08T10:58:57.472+0000] {logging_mixin.py:190} INFO - [2025-02-08T10:58:57.472+0000] {dag.py:4180} INFO - Setting next_dagrun for example_params_ui_tutorial to None, run_after=None
[2025-02-08T10:58:57.487+0000] {processor.py:208} INFO - Processing /home/airflow/.local/lib/python3.12/site-packages/airflow/example_dags/example_params_ui_tutorial.py took 0.074 seconds
[2025-02-08T10:59:27.703+0000] {processor.py:186} INFO - Started process (PID=5094) to work on /home/airflow/.local/lib/python3.12/site-packages/airflow/example_dags/example_params_ui_tutorial.py
[2025-02-08T10:59:27.704+0000] {processor.py:914} INFO - Processing file /home/airflow/.local/lib/python3.12/site-packages/airflow/example_dags/example_params_ui_tutorial.py for tasks to queue
[2025-02-08T10:59:27.706+0000] {logging_mixin.py:190} INFO - [2025-02-08T10:59:27.706+0000] {dagbag.py:588} INFO - Filling up the DagBag from /home/airflow/.local/lib/python3.12/site-packages/airflow/example_dags/example_params_ui_tutorial.py
[2025-02-08T10:59:27.714+0000] {processor.py:925} INFO - DAG(s) 'example_params_ui_tutorial' retrieved from /home/airflow/.local/lib/python3.12/site-packages/airflow/example_dags/example_params_ui_tutorial.py
[2025-02-08T10:59:27.752+0000] {logging_mixin.py:190} INFO - [2025-02-08T10:59:27.752+0000] {dag.py:3239} INFO - Sync 1 DAGs
[2025-02-08T10:59:27.767+0000] {logging_mixin.py:190} INFO - [2025-02-08T10:59:27.766+0000] {dag.py:4180} INFO - Setting next_dagrun for example_params_ui_tutorial to None, run_after=None
[2025-02-08T10:59:27.784+0000] {processor.py:208} INFO - Processing /home/airflow/.local/lib/python3.12/site-packages/airflow/example_dags/example_params_ui_tutorial.py took 0.085 seconds
[2025-02-08T11:01:57.766+0000] {processor.py:186} INFO - Started process (PID=253) to work on /home/airflow/.local/lib/python3.12/site-packages/airflow/example_dags/example_params_ui_tutorial.py
[2025-02-08T11:01:57.766+0000] {processor.py:914} INFO - Processing file /home/airflow/.local/lib/python3.12/site-packages/airflow/example_dags/example_params_ui_tutorial.py for tasks to queue
[2025-02-08T11:01:57.768+0000] {logging_mixin.py:190} INFO - [2025-02-08T11:01:57.768+0000] {dagbag.py:588} INFO - Filling up the DagBag from /home/airflow/.local/lib/python3.12/site-packages/airflow/example_dags/example_params_ui_tutorial.py
[2025-02-08T11:01:57.779+0000] {processor.py:925} INFO - DAG(s) 'example_params_ui_tutorial' retrieved from /home/airflow/.local/lib/python3.12/site-packages/airflow/example_dags/example_params_ui_tutorial.py
[2025-02-08T11:01:57.889+0000] {logging_mixin.py:190} INFO - [2025-02-08T11:01:57.889+0000] {override.py:1900} INFO - Created Permission View: can read on DAG:example_params_ui_tutorial
[2025-02-08T11:01:57.897+0000] {logging_mixin.py:190} INFO - [2025-02-08T11:01:57.897+0000] {override.py:1900} INFO - Created Permission View: can delete on DAG:example_params_ui_tutorial
[2025-02-08T11:01:57.903+0000] {logging_mixin.py:190} INFO - [2025-02-08T11:01:57.903+0000] {override.py:1900} INFO - Created Permission View: can edit on DAG:example_params_ui_tutorial
[2025-02-08T11:01:57.911+0000] {logging_mixin.py:190} INFO - [2025-02-08T11:01:57.911+0000] {override.py:1900} INFO - Created Permission View: menu access on DAG Run:example_params_ui_tutorial
[2025-02-08T11:01:57.917+0000] {logging_mixin.py:190} INFO - [2025-02-08T11:01:57.917+0000] {override.py:1900} INFO - Created Permission View: can read on DAG Run:example_params_ui_tutorial
[2025-02-08T11:01:57.924+0000] {logging_mixin.py:190} INFO - [2025-02-08T11:01:57.923+0000] {override.py:1900} INFO - Created Permission View: can create on DAG Run:example_params_ui_tutorial
[2025-02-08T11:01:57.929+0000] {logging_mixin.py:190} INFO - [2025-02-08T11:01:57.928+0000] {override.py:1900} INFO - Created Permission View: can delete on DAG Run:example_params_ui_tutorial
[2025-02-08T11:01:57.929+0000] {logging_mixin.py:190} INFO - [2025-02-08T11:01:57.929+0000] {dag.py:3239} INFO - Sync 1 DAGs
[2025-02-08T11:01:57.940+0000] {logging_mixin.py:190} INFO - [2025-02-08T11:01:57.940+0000] {dag.py:3262} INFO - Creating ORM DAG for example_params_ui_tutorial
[2025-02-08T11:01:57.941+0000] {logging_mixin.py:190} INFO - [2025-02-08T11:01:57.940+0000] {dag.py:4180} INFO - Setting next_dagrun for example_params_ui_tutorial to None, run_after=None
[2025-02-08T11:01:57.955+0000] {processor.py:208} INFO - Processing /home/airflow/.local/lib/python3.12/site-packages/airflow/example_dags/example_params_ui_tutorial.py took 0.195 seconds
[2025-02-08T11:02:28.622+0000] {processor.py:186} INFO - Started process (PID=539) to work on /home/airflow/.local/lib/python3.12/site-packages/airflow/example_dags/example_params_ui_tutorial.py
[2025-02-08T11:02:28.623+0000] {processor.py:914} INFO - Processing file /home/airflow/.local/lib/python3.12/site-packages/airflow/example_dags/example_params_ui_tutorial.py for tasks to queue
[2025-02-08T11:02:28.625+0000] {logging_mixin.py:190} INFO - [2025-02-08T11:02:28.625+0000] {dagbag.py:588} INFO - Filling up the DagBag from /home/airflow/.local/lib/python3.12/site-packages/airflow/example_dags/example_params_ui_tutorial.py
[2025-02-08T11:02:28.633+0000] {processor.py:925} INFO - DAG(s) 'example_params_ui_tutorial' retrieved from /home/airflow/.local/lib/python3.12/site-packages/airflow/example_dags/example_params_ui_tutorial.py
[2025-02-08T11:02:28.669+0000] {logging_mixin.py:190} INFO - [2025-02-08T11:02:28.668+0000] {dag.py:3239} INFO - Sync 1 DAGs
[2025-02-08T11:02:28.680+0000] {logging_mixin.py:190} INFO - [2025-02-08T11:02:28.680+0000] {dag.py:4180} INFO - Setting next_dagrun for example_params_ui_tutorial to None, run_after=None
[2025-02-08T11:02:28.694+0000] {processor.py:208} INFO - Processing /home/airflow/.local/lib/python3.12/site-packages/airflow/example_dags/example_params_ui_tutorial.py took 0.077 seconds
[2025-02-08T11:03:37.790+0000] {processor.py:186} INFO - Started process (PID=255) to work on /home/airflow/.local/lib/python3.12/site-packages/airflow/example_dags/example_params_ui_tutorial.py
[2025-02-08T11:03:37.791+0000] {processor.py:914} INFO - Processing file /home/airflow/.local/lib/python3.12/site-packages/airflow/example_dags/example_params_ui_tutorial.py for tasks to queue
[2025-02-08T11:03:37.793+0000] {logging_mixin.py:190} INFO - [2025-02-08T11:03:37.793+0000] {dagbag.py:588} INFO - Filling up the DagBag from /home/airflow/.local/lib/python3.12/site-packages/airflow/example_dags/example_params_ui_tutorial.py
[2025-02-08T11:03:37.801+0000] {processor.py:925} INFO - DAG(s) 'example_params_ui_tutorial' retrieved from /home/airflow/.local/lib/python3.12/site-packages/airflow/example_dags/example_params_ui_tutorial.py
[2025-02-08T11:03:37.842+0000] {logging_mixin.py:190} INFO - [2025-02-08T11:03:37.841+0000] {dag.py:3239} INFO - Sync 1 DAGs
[2025-02-08T11:03:37.855+0000] {logging_mixin.py:190} INFO - [2025-02-08T11:03:37.855+0000] {dag.py:4180} INFO - Setting next_dagrun for example_params_ui_tutorial to None, run_after=None
[2025-02-08T11:03:37.871+0000] {processor.py:208} INFO - Processing /home/airflow/.local/lib/python3.12/site-packages/airflow/example_dags/example_params_ui_tutorial.py took 0.085 seconds
[2025-02-08T11:04:08.187+0000] {processor.py:186} INFO - Started process (PID=539) to work on /home/airflow/.local/lib/python3.12/site-packages/airflow/example_dags/example_params_ui_tutorial.py
[2025-02-08T11:04:08.188+0000] {processor.py:914} INFO - Processing file /home/airflow/.local/lib/python3.12/site-packages/airflow/example_dags/example_params_ui_tutorial.py for tasks to queue
[2025-02-08T11:04:08.190+0000] {logging_mixin.py:190} INFO - [2025-02-08T11:04:08.190+0000] {dagbag.py:588} INFO - Filling up the DagBag from /home/airflow/.local/lib/python3.12/site-packages/airflow/example_dags/example_params_ui_tutorial.py
[2025-02-08T11:04:08.199+0000] {processor.py:925} INFO - DAG(s) 'example_params_ui_tutorial' retrieved from /home/airflow/.local/lib/python3.12/site-packages/airflow/example_dags/example_params_ui_tutorial.py
[2025-02-08T11:04:08.238+0000] {logging_mixin.py:190} INFO - [2025-02-08T11:04:08.237+0000] {dag.py:3239} INFO - Sync 1 DAGs
[2025-02-08T11:04:08.251+0000] {logging_mixin.py:190} INFO - [2025-02-08T11:04:08.251+0000] {dag.py:4180} INFO - Setting next_dagrun for example_params_ui_tutorial to None, run_after=None
[2025-02-08T11:04:08.267+0000] {processor.py:208} INFO - Processing /home/airflow/.local/lib/python3.12/site-packages/airflow/example_dags/example_params_ui_tutorial.py took 0.087 seconds
[2025-02-08T11:04:38.455+0000] {processor.py:186} INFO - Started process (PID=825) to work on /home/airflow/.local/lib/python3.12/site-packages/airflow/example_dags/example_params_ui_tutorial.py
[2025-02-08T11:04:38.456+0000] {processor.py:914} INFO - Processing file /home/airflow/.local/lib/python3.12/site-packages/airflow/example_dags/example_params_ui_tutorial.py for tasks to queue
[2025-02-08T11:04:38.458+0000] {logging_mixin.py:190} INFO - [2025-02-08T11:04:38.457+0000] {dagbag.py:588} INFO - Filling up the DagBag from /home/airflow/.local/lib/python3.12/site-packages/airflow/example_dags/example_params_ui_tutorial.py
[2025-02-08T11:04:38.465+0000] {processor.py:925} INFO - DAG(s) 'example_params_ui_tutorial' retrieved from /home/airflow/.local/lib/python3.12/site-packages/airflow/example_dags/example_params_ui_tutorial.py
[2025-02-08T11:04:38.496+0000] {logging_mixin.py:190} INFO - [2025-02-08T11:04:38.496+0000] {dag.py:3239} INFO - Sync 1 DAGs
[2025-02-08T11:04:38.506+0000] {logging_mixin.py:190} INFO - [2025-02-08T11:04:38.506+0000] {dag.py:4180} INFO - Setting next_dagrun for example_params_ui_tutorial to None, run_after=None
[2025-02-08T11:04:38.523+0000] {processor.py:208} INFO - Processing /home/airflow/.local/lib/python3.12/site-packages/airflow/example_dags/example_params_ui_tutorial.py took 0.072 seconds
[2025-02-08T11:33:18.243+0000] {processor.py:186} INFO - Started process (PID=255) to work on /home/airflow/.local/lib/python3.12/site-packages/airflow/example_dags/example_params_ui_tutorial.py
[2025-02-08T11:33:18.244+0000] {processor.py:914} INFO - Processing file /home/airflow/.local/lib/python3.12/site-packages/airflow/example_dags/example_params_ui_tutorial.py for tasks to queue
[2025-02-08T11:33:18.245+0000] {logging_mixin.py:190} INFO - [2025-02-08T11:33:18.245+0000] {dagbag.py:588} INFO - Filling up the DagBag from /home/airflow/.local/lib/python3.12/site-packages/airflow/example_dags/example_params_ui_tutorial.py
[2025-02-08T11:33:18.254+0000] {processor.py:925} INFO - DAG(s) 'example_params_ui_tutorial' retrieved from /home/airflow/.local/lib/python3.12/site-packages/airflow/example_dags/example_params_ui_tutorial.py
[2025-02-08T11:33:18.365+0000] {logging_mixin.py:190} INFO - [2025-02-08T11:33:18.364+0000] {override.py:1900} INFO - Created Permission View: can edit on DAG:example_params_ui_tutorial
[2025-02-08T11:33:18.373+0000] {logging_mixin.py:190} INFO - [2025-02-08T11:33:18.372+0000] {override.py:1900} INFO - Created Permission View: can delete on DAG:example_params_ui_tutorial
[2025-02-08T11:33:18.378+0000] {logging_mixin.py:190} INFO - [2025-02-08T11:33:18.378+0000] {override.py:1900} INFO - Created Permission View: can read on DAG:example_params_ui_tutorial
[2025-02-08T11:33:18.386+0000] {logging_mixin.py:190} INFO - [2025-02-08T11:33:18.385+0000] {override.py:1900} INFO - Created Permission View: menu access on DAG Run:example_params_ui_tutorial
[2025-02-08T11:33:18.391+0000] {logging_mixin.py:190} INFO - [2025-02-08T11:33:18.391+0000] {override.py:1900} INFO - Created Permission View: can create on DAG Run:example_params_ui_tutorial
[2025-02-08T11:33:18.398+0000] {logging_mixin.py:190} INFO - [2025-02-08T11:33:18.398+0000] {override.py:1900} INFO - Created Permission View: can delete on DAG Run:example_params_ui_tutorial
[2025-02-08T11:33:18.404+0000] {logging_mixin.py:190} INFO - [2025-02-08T11:33:18.403+0000] {override.py:1900} INFO - Created Permission View: can read on DAG Run:example_params_ui_tutorial
[2025-02-08T11:33:18.404+0000] {logging_mixin.py:190} INFO - [2025-02-08T11:33:18.404+0000] {dag.py:3239} INFO - Sync 1 DAGs
[2025-02-08T11:33:18.414+0000] {logging_mixin.py:190} INFO - [2025-02-08T11:33:18.413+0000] {dag.py:3262} INFO - Creating ORM DAG for example_params_ui_tutorial
[2025-02-08T11:33:18.414+0000] {logging_mixin.py:190} INFO - [2025-02-08T11:33:18.414+0000] {dag.py:4180} INFO - Setting next_dagrun for example_params_ui_tutorial to None, run_after=None
[2025-02-08T11:33:18.428+0000] {processor.py:208} INFO - Processing /home/airflow/.local/lib/python3.12/site-packages/airflow/example_dags/example_params_ui_tutorial.py took 0.190 seconds
[2025-02-08T11:33:48.489+0000] {processor.py:186} INFO - Started process (PID=541) to work on /home/airflow/.local/lib/python3.12/site-packages/airflow/example_dags/example_params_ui_tutorial.py
[2025-02-08T11:33:48.490+0000] {processor.py:914} INFO - Processing file /home/airflow/.local/lib/python3.12/site-packages/airflow/example_dags/example_params_ui_tutorial.py for tasks to queue
[2025-02-08T11:33:48.492+0000] {logging_mixin.py:190} INFO - [2025-02-08T11:33:48.492+0000] {dagbag.py:588} INFO - Filling up the DagBag from /home/airflow/.local/lib/python3.12/site-packages/airflow/example_dags/example_params_ui_tutorial.py
[2025-02-08T11:33:48.499+0000] {processor.py:925} INFO - DAG(s) 'example_params_ui_tutorial' retrieved from /home/airflow/.local/lib/python3.12/site-packages/airflow/example_dags/example_params_ui_tutorial.py
[2025-02-08T11:33:48.531+0000] {logging_mixin.py:190} INFO - [2025-02-08T11:33:48.531+0000] {dag.py:3239} INFO - Sync 1 DAGs
[2025-02-08T11:33:48.542+0000] {logging_mixin.py:190} INFO - [2025-02-08T11:33:48.541+0000] {dag.py:4180} INFO - Setting next_dagrun for example_params_ui_tutorial to None, run_after=None
[2025-02-08T11:33:48.557+0000] {processor.py:208} INFO - Processing /home/airflow/.local/lib/python3.12/site-packages/airflow/example_dags/example_params_ui_tutorial.py took 0.072 seconds
[2025-02-08T11:34:18.945+0000] {processor.py:186} INFO - Started process (PID=827) to work on /home/airflow/.local/lib/python3.12/site-packages/airflow/example_dags/example_params_ui_tutorial.py
[2025-02-08T11:34:18.946+0000] {processor.py:914} INFO - Processing file /home/airflow/.local/lib/python3.12/site-packages/airflow/example_dags/example_params_ui_tutorial.py for tasks to queue
[2025-02-08T11:34:18.948+0000] {logging_mixin.py:190} INFO - [2025-02-08T11:34:18.948+0000] {dagbag.py:588} INFO - Filling up the DagBag from /home/airflow/.local/lib/python3.12/site-packages/airflow/example_dags/example_params_ui_tutorial.py
[2025-02-08T11:34:18.955+0000] {processor.py:925} INFO - DAG(s) 'example_params_ui_tutorial' retrieved from /home/airflow/.local/lib/python3.12/site-packages/airflow/example_dags/example_params_ui_tutorial.py
[2025-02-08T11:34:18.988+0000] {logging_mixin.py:190} INFO - [2025-02-08T11:34:18.988+0000] {dag.py:3239} INFO - Sync 1 DAGs
[2025-02-08T11:34:18.999+0000] {logging_mixin.py:190} INFO - [2025-02-08T11:34:18.999+0000] {dag.py:4180} INFO - Setting next_dagrun for example_params_ui_tutorial to None, run_after=None
[2025-02-08T11:34:19.014+0000] {processor.py:208} INFO - Processing /home/airflow/.local/lib/python3.12/site-packages/airflow/example_dags/example_params_ui_tutorial.py took 0.074 seconds
[2025-02-08T11:34:49.154+0000] {processor.py:186} INFO - Started process (PID=1111) to work on /home/airflow/.local/lib/python3.12/site-packages/airflow/example_dags/example_params_ui_tutorial.py
[2025-02-08T11:34:49.155+0000] {processor.py:914} INFO - Processing file /home/airflow/.local/lib/python3.12/site-packages/airflow/example_dags/example_params_ui_tutorial.py for tasks to queue
[2025-02-08T11:34:49.157+0000] {logging_mixin.py:190} INFO - [2025-02-08T11:34:49.157+0000] {dagbag.py:588} INFO - Filling up the DagBag from /home/airflow/.local/lib/python3.12/site-packages/airflow/example_dags/example_params_ui_tutorial.py
[2025-02-08T11:34:49.165+0000] {processor.py:925} INFO - DAG(s) 'example_params_ui_tutorial' retrieved from /home/airflow/.local/lib/python3.12/site-packages/airflow/example_dags/example_params_ui_tutorial.py
[2025-02-08T11:34:49.196+0000] {logging_mixin.py:190} INFO - [2025-02-08T11:34:49.195+0000] {dag.py:3239} INFO - Sync 1 DAGs
[2025-02-08T11:34:49.206+0000] {logging_mixin.py:190} INFO - [2025-02-08T11:34:49.206+0000] {dag.py:4180} INFO - Setting next_dagrun for example_params_ui_tutorial to None, run_after=None
[2025-02-08T11:34:49.220+0000] {processor.py:208} INFO - Processing /home/airflow/.local/lib/python3.12/site-packages/airflow/example_dags/example_params_ui_tutorial.py took 0.071 seconds
[2025-02-08T11:35:19.408+0000] {processor.py:186} INFO - Started process (PID=1461) to work on /home/airflow/.local/lib/python3.12/site-packages/airflow/example_dags/example_params_ui_tutorial.py
[2025-02-08T11:35:19.409+0000] {processor.py:914} INFO - Processing file /home/airflow/.local/lib/python3.12/site-packages/airflow/example_dags/example_params_ui_tutorial.py for tasks to queue
[2025-02-08T11:35:19.414+0000] {logging_mixin.py:190} INFO - [2025-02-08T11:35:19.414+0000] {dagbag.py:588} INFO - Filling up the DagBag from /home/airflow/.local/lib/python3.12/site-packages/airflow/example_dags/example_params_ui_tutorial.py
[2025-02-08T11:35:19.426+0000] {processor.py:925} INFO - DAG(s) 'example_params_ui_tutorial' retrieved from /home/airflow/.local/lib/python3.12/site-packages/airflow/example_dags/example_params_ui_tutorial.py
[2025-02-08T11:35:19.476+0000] {logging_mixin.py:190} INFO - [2025-02-08T11:35:19.475+0000] {dag.py:3239} INFO - Sync 1 DAGs
[2025-02-08T11:35:19.492+0000] {logging_mixin.py:190} INFO - [2025-02-08T11:35:19.491+0000] {dag.py:4180} INFO - Setting next_dagrun for example_params_ui_tutorial to None, run_after=None
[2025-02-08T11:35:19.515+0000] {processor.py:208} INFO - Processing /home/airflow/.local/lib/python3.12/site-packages/airflow/example_dags/example_params_ui_tutorial.py took 0.117 seconds
