[2025-02-08T10:51:19.087+0000] {processor.py:186} INFO - Started process (PID=172) to work on /home/airflow/.local/lib/python3.12/site-packages/airflow/example_dags/example_bash_operator.py
[2025-02-08T10:51:19.090+0000] {processor.py:914} INFO - Processing file /home/airflow/.local/lib/python3.12/site-packages/airflow/example_dags/example_bash_operator.py for tasks to queue
[2025-02-08T10:51:19.092+0000] {logging_mixin.py:190} INFO - [2025-02-08T10:51:19.092+0000] {dagbag.py:588} INFO - Filling up the DagBag from /home/airflow/.local/lib/python3.12/site-packages/airflow/example_dags/example_bash_operator.py
[2025-02-08T10:51:19.157+0000] {processor.py:925} INFO - DAG(s) 'example_bash_operator' retrieved from /home/airflow/.local/lib/python3.12/site-packages/airflow/example_dags/example_bash_operator.py
[2025-02-08T10:51:19.339+0000] {logging_mixin.py:190} INFO - [2025-02-08T10:51:19.338+0000] {override.py:1900} INFO - Created Permission View: can delete on DAG:example_bash_operator
[2025-02-08T10:51:19.367+0000] {logging_mixin.py:190} INFO - [2025-02-08T10:51:19.367+0000] {override.py:1900} INFO - Created Permission View: can read on DAG:example_bash_operator
[2025-02-08T10:51:19.386+0000] {logging_mixin.py:190} INFO - [2025-02-08T10:51:19.386+0000] {override.py:1900} INFO - Created Permission View: can edit on DAG:example_bash_operator
[2025-02-08T10:51:19.398+0000] {logging_mixin.py:190} INFO - [2025-02-08T10:51:19.398+0000] {override.py:1900} INFO - Created Permission View: can delete on DAG Run:example_bash_operator
[2025-02-08T10:51:19.412+0000] {logging_mixin.py:190} INFO - [2025-02-08T10:51:19.412+0000] {override.py:1900} INFO - Created Permission View: can read on DAG Run:example_bash_operator
[2025-02-08T10:51:19.433+0000] {logging_mixin.py:190} INFO - [2025-02-08T10:51:19.433+0000] {override.py:1900} INFO - Created Permission View: menu access on DAG Run:example_bash_operator
[2025-02-08T10:51:19.443+0000] {logging_mixin.py:190} INFO - [2025-02-08T10:51:19.443+0000] {override.py:1900} INFO - Created Permission View: can create on DAG Run:example_bash_operator
[2025-02-08T10:51:19.443+0000] {logging_mixin.py:190} INFO - [2025-02-08T10:51:19.443+0000] {dag.py:3239} INFO - Sync 1 DAGs
[2025-02-08T10:51:19.452+0000] {logging_mixin.py:190} INFO - [2025-02-08T10:51:19.452+0000] {dag.py:3262} INFO - Creating ORM DAG for example_bash_operator
[2025-02-08T10:51:19.462+0000] {logging_mixin.py:190} INFO - [2025-02-08T10:51:19.462+0000] {dag.py:4180} INFO - Setting next_dagrun for example_bash_operator to 2025-02-07 00:00:00+00:00, run_after=2025-02-08 00:00:00+00:00
[2025-02-08T10:51:19.483+0000] {processor.py:208} INFO - Processing /home/airflow/.local/lib/python3.12/site-packages/airflow/example_dags/example_bash_operator.py took 0.400 seconds
[2025-02-08T10:51:50.459+0000] {processor.py:186} INFO - Started process (PID=459) to work on /home/airflow/.local/lib/python3.12/site-packages/airflow/example_dags/example_bash_operator.py
[2025-02-08T10:51:50.460+0000] {processor.py:914} INFO - Processing file /home/airflow/.local/lib/python3.12/site-packages/airflow/example_dags/example_bash_operator.py for tasks to queue
[2025-02-08T10:51:50.462+0000] {logging_mixin.py:190} INFO - [2025-02-08T10:51:50.462+0000] {dagbag.py:588} INFO - Filling up the DagBag from /home/airflow/.local/lib/python3.12/site-packages/airflow/example_dags/example_bash_operator.py
[2025-02-08T10:51:50.472+0000] {processor.py:925} INFO - DAG(s) 'example_bash_operator' retrieved from /home/airflow/.local/lib/python3.12/site-packages/airflow/example_dags/example_bash_operator.py
[2025-02-08T10:51:50.493+0000] {logging_mixin.py:190} INFO - [2025-02-08T10:51:50.493+0000] {dag.py:3239} INFO - Sync 1 DAGs
[2025-02-08T10:51:50.514+0000] {logging_mixin.py:190} INFO - [2025-02-08T10:51:50.513+0000] {dag.py:4180} INFO - Setting next_dagrun for example_bash_operator to 2025-02-07 00:00:00+00:00, run_after=2025-02-08 00:00:00+00:00
[2025-02-08T10:51:50.530+0000] {processor.py:208} INFO - Processing /home/airflow/.local/lib/python3.12/site-packages/airflow/example_dags/example_bash_operator.py took 0.075 seconds
[2025-02-08T10:52:20.818+0000] {processor.py:186} INFO - Started process (PID=745) to work on /home/airflow/.local/lib/python3.12/site-packages/airflow/example_dags/example_bash_operator.py
[2025-02-08T10:52:20.819+0000] {processor.py:914} INFO - Processing file /home/airflow/.local/lib/python3.12/site-packages/airflow/example_dags/example_bash_operator.py for tasks to queue
[2025-02-08T10:52:20.820+0000] {logging_mixin.py:190} INFO - [2025-02-08T10:52:20.820+0000] {dagbag.py:588} INFO - Filling up the DagBag from /home/airflow/.local/lib/python3.12/site-packages/airflow/example_dags/example_bash_operator.py
[2025-02-08T10:52:20.831+0000] {processor.py:925} INFO - DAG(s) 'example_bash_operator' retrieved from /home/airflow/.local/lib/python3.12/site-packages/airflow/example_dags/example_bash_operator.py
[2025-02-08T10:52:20.849+0000] {logging_mixin.py:190} INFO - [2025-02-08T10:52:20.849+0000] {dag.py:3239} INFO - Sync 1 DAGs
[2025-02-08T10:52:20.868+0000] {logging_mixin.py:190} INFO - [2025-02-08T10:52:20.867+0000] {dag.py:4180} INFO - Setting next_dagrun for example_bash_operator to 2025-02-07 00:00:00+00:00, run_after=2025-02-08 00:00:00+00:00
[2025-02-08T10:52:20.882+0000] {processor.py:208} INFO - Processing /home/airflow/.local/lib/python3.12/site-packages/airflow/example_dags/example_bash_operator.py took 0.069 seconds
[2025-02-08T10:52:50.971+0000] {processor.py:186} INFO - Started process (PID=1031) to work on /home/airflow/.local/lib/python3.12/site-packages/airflow/example_dags/example_bash_operator.py
[2025-02-08T10:52:50.972+0000] {processor.py:914} INFO - Processing file /home/airflow/.local/lib/python3.12/site-packages/airflow/example_dags/example_bash_operator.py for tasks to queue
[2025-02-08T10:52:50.974+0000] {logging_mixin.py:190} INFO - [2025-02-08T10:52:50.974+0000] {dagbag.py:588} INFO - Filling up the DagBag from /home/airflow/.local/lib/python3.12/site-packages/airflow/example_dags/example_bash_operator.py
[2025-02-08T10:52:50.986+0000] {processor.py:925} INFO - DAG(s) 'example_bash_operator' retrieved from /home/airflow/.local/lib/python3.12/site-packages/airflow/example_dags/example_bash_operator.py
[2025-02-08T10:52:51.010+0000] {logging_mixin.py:190} INFO - [2025-02-08T10:52:51.010+0000] {dag.py:3239} INFO - Sync 1 DAGs
[2025-02-08T10:52:51.029+0000] {logging_mixin.py:190} INFO - [2025-02-08T10:52:51.029+0000] {dag.py:4180} INFO - Setting next_dagrun for example_bash_operator to 2025-02-07 00:00:00+00:00, run_after=2025-02-08 00:00:00+00:00
[2025-02-08T10:52:51.043+0000] {processor.py:208} INFO - Processing /home/airflow/.local/lib/python3.12/site-packages/airflow/example_dags/example_bash_operator.py took 0.078 seconds
[2025-02-08T10:53:21.294+0000] {processor.py:186} INFO - Started process (PID=1317) to work on /home/airflow/.local/lib/python3.12/site-packages/airflow/example_dags/example_bash_operator.py
[2025-02-08T10:53:21.295+0000] {processor.py:914} INFO - Processing file /home/airflow/.local/lib/python3.12/site-packages/airflow/example_dags/example_bash_operator.py for tasks to queue
[2025-02-08T10:53:21.297+0000] {logging_mixin.py:190} INFO - [2025-02-08T10:53:21.297+0000] {dagbag.py:588} INFO - Filling up the DagBag from /home/airflow/.local/lib/python3.12/site-packages/airflow/example_dags/example_bash_operator.py
[2025-02-08T10:53:21.310+0000] {processor.py:925} INFO - DAG(s) 'example_bash_operator' retrieved from /home/airflow/.local/lib/python3.12/site-packages/airflow/example_dags/example_bash_operator.py
[2025-02-08T10:53:21.336+0000] {logging_mixin.py:190} INFO - [2025-02-08T10:53:21.336+0000] {dag.py:3239} INFO - Sync 1 DAGs
[2025-02-08T10:53:21.361+0000] {logging_mixin.py:190} INFO - [2025-02-08T10:53:21.361+0000] {dag.py:4180} INFO - Setting next_dagrun for example_bash_operator to 2025-02-07 00:00:00+00:00, run_after=2025-02-08 00:00:00+00:00
[2025-02-08T10:53:21.377+0000] {processor.py:208} INFO - Processing /home/airflow/.local/lib/python3.12/site-packages/airflow/example_dags/example_bash_operator.py took 0.089 seconds
[2025-02-08T10:53:52.389+0000] {processor.py:186} INFO - Started process (PID=1603) to work on /home/airflow/.local/lib/python3.12/site-packages/airflow/example_dags/example_bash_operator.py
[2025-02-08T10:53:52.390+0000] {processor.py:914} INFO - Processing file /home/airflow/.local/lib/python3.12/site-packages/airflow/example_dags/example_bash_operator.py for tasks to queue
[2025-02-08T10:53:52.392+0000] {logging_mixin.py:190} INFO - [2025-02-08T10:53:52.392+0000] {dagbag.py:588} INFO - Filling up the DagBag from /home/airflow/.local/lib/python3.12/site-packages/airflow/example_dags/example_bash_operator.py
[2025-02-08T10:53:52.401+0000] {processor.py:925} INFO - DAG(s) 'example_bash_operator' retrieved from /home/airflow/.local/lib/python3.12/site-packages/airflow/example_dags/example_bash_operator.py
[2025-02-08T10:53:52.419+0000] {logging_mixin.py:190} INFO - [2025-02-08T10:53:52.419+0000] {dag.py:3239} INFO - Sync 1 DAGs
[2025-02-08T10:53:52.437+0000] {logging_mixin.py:190} INFO - [2025-02-08T10:53:52.437+0000] {dag.py:4180} INFO - Setting next_dagrun for example_bash_operator to 2025-02-07 00:00:00+00:00, run_after=2025-02-08 00:00:00+00:00
[2025-02-08T10:53:52.452+0000] {processor.py:208} INFO - Processing /home/airflow/.local/lib/python3.12/site-packages/airflow/example_dags/example_bash_operator.py took 0.068 seconds
[2025-02-08T10:54:22.672+0000] {processor.py:186} INFO - Started process (PID=1889) to work on /home/airflow/.local/lib/python3.12/site-packages/airflow/example_dags/example_bash_operator.py
[2025-02-08T10:54:22.672+0000] {processor.py:914} INFO - Processing file /home/airflow/.local/lib/python3.12/site-packages/airflow/example_dags/example_bash_operator.py for tasks to queue
[2025-02-08T10:54:22.674+0000] {logging_mixin.py:190} INFO - [2025-02-08T10:54:22.674+0000] {dagbag.py:588} INFO - Filling up the DagBag from /home/airflow/.local/lib/python3.12/site-packages/airflow/example_dags/example_bash_operator.py
[2025-02-08T10:54:22.685+0000] {processor.py:925} INFO - DAG(s) 'example_bash_operator' retrieved from /home/airflow/.local/lib/python3.12/site-packages/airflow/example_dags/example_bash_operator.py
[2025-02-08T10:54:22.704+0000] {logging_mixin.py:190} INFO - [2025-02-08T10:54:22.704+0000] {dag.py:3239} INFO - Sync 1 DAGs
[2025-02-08T10:54:22.721+0000] {logging_mixin.py:190} INFO - [2025-02-08T10:54:22.721+0000] {dag.py:4180} INFO - Setting next_dagrun for example_bash_operator to 2025-02-07 00:00:00+00:00, run_after=2025-02-08 00:00:00+00:00
[2025-02-08T10:54:22.736+0000] {processor.py:208} INFO - Processing /home/airflow/.local/lib/python3.12/site-packages/airflow/example_dags/example_bash_operator.py took 0.068 seconds
[2025-02-08T10:54:52.882+0000] {processor.py:186} INFO - Started process (PID=2175) to work on /home/airflow/.local/lib/python3.12/site-packages/airflow/example_dags/example_bash_operator.py
[2025-02-08T10:54:52.883+0000] {processor.py:914} INFO - Processing file /home/airflow/.local/lib/python3.12/site-packages/airflow/example_dags/example_bash_operator.py for tasks to queue
[2025-02-08T10:54:52.885+0000] {logging_mixin.py:190} INFO - [2025-02-08T10:54:52.885+0000] {dagbag.py:588} INFO - Filling up the DagBag from /home/airflow/.local/lib/python3.12/site-packages/airflow/example_dags/example_bash_operator.py
[2025-02-08T10:54:52.896+0000] {processor.py:925} INFO - DAG(s) 'example_bash_operator' retrieved from /home/airflow/.local/lib/python3.12/site-packages/airflow/example_dags/example_bash_operator.py
[2025-02-08T10:54:52.917+0000] {logging_mixin.py:190} INFO - [2025-02-08T10:54:52.917+0000] {dag.py:3239} INFO - Sync 1 DAGs
[2025-02-08T10:54:52.941+0000] {logging_mixin.py:190} INFO - [2025-02-08T10:54:52.940+0000] {dag.py:4180} INFO - Setting next_dagrun for example_bash_operator to 2025-02-07 00:00:00+00:00, run_after=2025-02-08 00:00:00+00:00
[2025-02-08T10:54:52.957+0000] {processor.py:208} INFO - Processing /home/airflow/.local/lib/python3.12/site-packages/airflow/example_dags/example_bash_operator.py took 0.079 seconds
[2025-02-08T10:55:23.308+0000] {processor.py:186} INFO - Started process (PID=2461) to work on /home/airflow/.local/lib/python3.12/site-packages/airflow/example_dags/example_bash_operator.py
[2025-02-08T10:55:23.309+0000] {processor.py:914} INFO - Processing file /home/airflow/.local/lib/python3.12/site-packages/airflow/example_dags/example_bash_operator.py for tasks to queue
[2025-02-08T10:55:23.310+0000] {logging_mixin.py:190} INFO - [2025-02-08T10:55:23.310+0000] {dagbag.py:588} INFO - Filling up the DagBag from /home/airflow/.local/lib/python3.12/site-packages/airflow/example_dags/example_bash_operator.py
[2025-02-08T10:55:23.321+0000] {processor.py:925} INFO - DAG(s) 'example_bash_operator' retrieved from /home/airflow/.local/lib/python3.12/site-packages/airflow/example_dags/example_bash_operator.py
[2025-02-08T10:55:23.339+0000] {logging_mixin.py:190} INFO - [2025-02-08T10:55:23.339+0000] {dag.py:3239} INFO - Sync 1 DAGs
[2025-02-08T10:55:23.356+0000] {logging_mixin.py:190} INFO - [2025-02-08T10:55:23.355+0000] {dag.py:4180} INFO - Setting next_dagrun for example_bash_operator to 2025-02-07 00:00:00+00:00, run_after=2025-02-08 00:00:00+00:00
[2025-02-08T10:55:23.369+0000] {processor.py:208} INFO - Processing /home/airflow/.local/lib/python3.12/site-packages/airflow/example_dags/example_bash_operator.py took 0.065 seconds
[2025-02-08T10:55:53.483+0000] {processor.py:186} INFO - Started process (PID=2747) to work on /home/airflow/.local/lib/python3.12/site-packages/airflow/example_dags/example_bash_operator.py
[2025-02-08T10:55:53.484+0000] {processor.py:914} INFO - Processing file /home/airflow/.local/lib/python3.12/site-packages/airflow/example_dags/example_bash_operator.py for tasks to queue
[2025-02-08T10:55:53.486+0000] {logging_mixin.py:190} INFO - [2025-02-08T10:55:53.486+0000] {dagbag.py:588} INFO - Filling up the DagBag from /home/airflow/.local/lib/python3.12/site-packages/airflow/example_dags/example_bash_operator.py
[2025-02-08T10:55:53.495+0000] {processor.py:925} INFO - DAG(s) 'example_bash_operator' retrieved from /home/airflow/.local/lib/python3.12/site-packages/airflow/example_dags/example_bash_operator.py
[2025-02-08T10:55:53.514+0000] {logging_mixin.py:190} INFO - [2025-02-08T10:55:53.514+0000] {dag.py:3239} INFO - Sync 1 DAGs
[2025-02-08T10:55:53.534+0000] {logging_mixin.py:190} INFO - [2025-02-08T10:55:53.534+0000] {dag.py:4180} INFO - Setting next_dagrun for example_bash_operator to 2025-02-07 00:00:00+00:00, run_after=2025-02-08 00:00:00+00:00
[2025-02-08T10:55:53.549+0000] {processor.py:208} INFO - Processing /home/airflow/.local/lib/python3.12/site-packages/airflow/example_dags/example_bash_operator.py took 0.070 seconds
[2025-02-08T10:56:23.714+0000] {processor.py:186} INFO - Started process (PID=3033) to work on /home/airflow/.local/lib/python3.12/site-packages/airflow/example_dags/example_bash_operator.py
[2025-02-08T10:56:23.715+0000] {processor.py:914} INFO - Processing file /home/airflow/.local/lib/python3.12/site-packages/airflow/example_dags/example_bash_operator.py for tasks to queue
[2025-02-08T10:56:23.717+0000] {logging_mixin.py:190} INFO - [2025-02-08T10:56:23.717+0000] {dagbag.py:588} INFO - Filling up the DagBag from /home/airflow/.local/lib/python3.12/site-packages/airflow/example_dags/example_bash_operator.py
[2025-02-08T10:56:23.727+0000] {processor.py:925} INFO - DAG(s) 'example_bash_operator' retrieved from /home/airflow/.local/lib/python3.12/site-packages/airflow/example_dags/example_bash_operator.py
[2025-02-08T10:56:23.746+0000] {logging_mixin.py:190} INFO - [2025-02-08T10:56:23.745+0000] {dag.py:3239} INFO - Sync 1 DAGs
[2025-02-08T10:56:23.765+0000] {logging_mixin.py:190} INFO - [2025-02-08T10:56:23.765+0000] {dag.py:4180} INFO - Setting next_dagrun for example_bash_operator to 2025-02-07 00:00:00+00:00, run_after=2025-02-08 00:00:00+00:00
[2025-02-08T10:56:23.781+0000] {processor.py:208} INFO - Processing /home/airflow/.local/lib/python3.12/site-packages/airflow/example_dags/example_bash_operator.py took 0.072 seconds
[2025-02-08T10:56:53.909+0000] {processor.py:186} INFO - Started process (PID=3319) to work on /home/airflow/.local/lib/python3.12/site-packages/airflow/example_dags/example_bash_operator.py
[2025-02-08T10:56:53.910+0000] {processor.py:914} INFO - Processing file /home/airflow/.local/lib/python3.12/site-packages/airflow/example_dags/example_bash_operator.py for tasks to queue
[2025-02-08T10:56:53.912+0000] {logging_mixin.py:190} INFO - [2025-02-08T10:56:53.912+0000] {dagbag.py:588} INFO - Filling up the DagBag from /home/airflow/.local/lib/python3.12/site-packages/airflow/example_dags/example_bash_operator.py
[2025-02-08T10:56:53.926+0000] {processor.py:925} INFO - DAG(s) 'example_bash_operator' retrieved from /home/airflow/.local/lib/python3.12/site-packages/airflow/example_dags/example_bash_operator.py
[2025-02-08T10:56:53.950+0000] {logging_mixin.py:190} INFO - [2025-02-08T10:56:53.950+0000] {dag.py:3239} INFO - Sync 1 DAGs
[2025-02-08T10:56:53.971+0000] {logging_mixin.py:190} INFO - [2025-02-08T10:56:53.970+0000] {dag.py:4180} INFO - Setting next_dagrun for example_bash_operator to 2025-02-07 00:00:00+00:00, run_after=2025-02-08 00:00:00+00:00
[2025-02-08T10:56:53.988+0000] {processor.py:208} INFO - Processing /home/airflow/.local/lib/python3.12/site-packages/airflow/example_dags/example_bash_operator.py took 0.084 seconds
[2025-02-08T10:57:24.280+0000] {processor.py:186} INFO - Started process (PID=3605) to work on /home/airflow/.local/lib/python3.12/site-packages/airflow/example_dags/example_bash_operator.py
[2025-02-08T10:57:24.281+0000] {processor.py:914} INFO - Processing file /home/airflow/.local/lib/python3.12/site-packages/airflow/example_dags/example_bash_operator.py for tasks to queue
[2025-02-08T10:57:24.283+0000] {logging_mixin.py:190} INFO - [2025-02-08T10:57:24.283+0000] {dagbag.py:588} INFO - Filling up the DagBag from /home/airflow/.local/lib/python3.12/site-packages/airflow/example_dags/example_bash_operator.py
[2025-02-08T10:57:24.292+0000] {processor.py:925} INFO - DAG(s) 'example_bash_operator' retrieved from /home/airflow/.local/lib/python3.12/site-packages/airflow/example_dags/example_bash_operator.py
[2025-02-08T10:57:24.312+0000] {logging_mixin.py:190} INFO - [2025-02-08T10:57:24.311+0000] {dag.py:3239} INFO - Sync 1 DAGs
[2025-02-08T10:57:24.330+0000] {logging_mixin.py:190} INFO - [2025-02-08T10:57:24.330+0000] {dag.py:4180} INFO - Setting next_dagrun for example_bash_operator to 2025-02-07 00:00:00+00:00, run_after=2025-02-08 00:00:00+00:00
[2025-02-08T10:57:24.347+0000] {processor.py:208} INFO - Processing /home/airflow/.local/lib/python3.12/site-packages/airflow/example_dags/example_bash_operator.py took 0.071 seconds
[2025-02-08T10:57:54.834+0000] {processor.py:186} INFO - Started process (PID=3891) to work on /home/airflow/.local/lib/python3.12/site-packages/airflow/example_dags/example_bash_operator.py
[2025-02-08T10:57:54.835+0000] {processor.py:914} INFO - Processing file /home/airflow/.local/lib/python3.12/site-packages/airflow/example_dags/example_bash_operator.py for tasks to queue
[2025-02-08T10:57:54.837+0000] {logging_mixin.py:190} INFO - [2025-02-08T10:57:54.836+0000] {dagbag.py:588} INFO - Filling up the DagBag from /home/airflow/.local/lib/python3.12/site-packages/airflow/example_dags/example_bash_operator.py
[2025-02-08T10:57:54.847+0000] {processor.py:925} INFO - DAG(s) 'example_bash_operator' retrieved from /home/airflow/.local/lib/python3.12/site-packages/airflow/example_dags/example_bash_operator.py
[2025-02-08T10:57:54.866+0000] {logging_mixin.py:190} INFO - [2025-02-08T10:57:54.866+0000] {dag.py:3239} INFO - Sync 1 DAGs
[2025-02-08T10:57:54.887+0000] {logging_mixin.py:190} INFO - [2025-02-08T10:57:54.887+0000] {dag.py:4180} INFO - Setting next_dagrun for example_bash_operator to 2025-02-07 00:00:00+00:00, run_after=2025-02-08 00:00:00+00:00
[2025-02-08T10:57:54.903+0000] {processor.py:208} INFO - Processing /home/airflow/.local/lib/python3.12/site-packages/airflow/example_dags/example_bash_operator.py took 0.073 seconds
[2025-02-08T10:58:25.839+0000] {processor.py:186} INFO - Started process (PID=4178) to work on /home/airflow/.local/lib/python3.12/site-packages/airflow/example_dags/example_bash_operator.py
[2025-02-08T10:58:25.840+0000] {processor.py:914} INFO - Processing file /home/airflow/.local/lib/python3.12/site-packages/airflow/example_dags/example_bash_operator.py for tasks to queue
[2025-02-08T10:58:25.842+0000] {logging_mixin.py:190} INFO - [2025-02-08T10:58:25.842+0000] {dagbag.py:588} INFO - Filling up the DagBag from /home/airflow/.local/lib/python3.12/site-packages/airflow/example_dags/example_bash_operator.py
[2025-02-08T10:58:25.855+0000] {processor.py:925} INFO - DAG(s) 'example_bash_operator' retrieved from /home/airflow/.local/lib/python3.12/site-packages/airflow/example_dags/example_bash_operator.py
[2025-02-08T10:58:25.882+0000] {logging_mixin.py:190} INFO - [2025-02-08T10:58:25.882+0000] {dag.py:3239} INFO - Sync 1 DAGs
[2025-02-08T10:58:25.906+0000] {logging_mixin.py:190} INFO - [2025-02-08T10:58:25.906+0000] {dag.py:4180} INFO - Setting next_dagrun for example_bash_operator to 2025-02-07 00:00:00+00:00, run_after=2025-02-08 00:00:00+00:00
[2025-02-08T10:58:25.926+0000] {processor.py:208} INFO - Processing /home/airflow/.local/lib/python3.12/site-packages/airflow/example_dags/example_bash_operator.py took 0.094 seconds
[2025-02-08T10:58:56.554+0000] {processor.py:186} INFO - Started process (PID=4667) to work on /home/airflow/.local/lib/python3.12/site-packages/airflow/example_dags/example_bash_operator.py
[2025-02-08T10:58:56.555+0000] {processor.py:914} INFO - Processing file /home/airflow/.local/lib/python3.12/site-packages/airflow/example_dags/example_bash_operator.py for tasks to queue
[2025-02-08T10:58:56.557+0000] {logging_mixin.py:190} INFO - [2025-02-08T10:58:56.556+0000] {dagbag.py:588} INFO - Filling up the DagBag from /home/airflow/.local/lib/python3.12/site-packages/airflow/example_dags/example_bash_operator.py
[2025-02-08T10:58:56.568+0000] {processor.py:925} INFO - DAG(s) 'example_bash_operator' retrieved from /home/airflow/.local/lib/python3.12/site-packages/airflow/example_dags/example_bash_operator.py
[2025-02-08T10:58:56.589+0000] {logging_mixin.py:190} INFO - [2025-02-08T10:58:56.589+0000] {dag.py:3239} INFO - Sync 1 DAGs
[2025-02-08T10:58:56.608+0000] {logging_mixin.py:190} INFO - [2025-02-08T10:58:56.607+0000] {dag.py:4180} INFO - Setting next_dagrun for example_bash_operator to 2025-02-07 00:00:00+00:00, run_after=2025-02-08 00:00:00+00:00
[2025-02-08T10:58:56.622+0000] {processor.py:208} INFO - Processing /home/airflow/.local/lib/python3.12/site-packages/airflow/example_dags/example_bash_operator.py took 0.074 seconds
[2025-02-08T10:59:26.688+0000] {processor.py:186} INFO - Started process (PID=4953) to work on /home/airflow/.local/lib/python3.12/site-packages/airflow/example_dags/example_bash_operator.py
[2025-02-08T10:59:26.689+0000] {processor.py:914} INFO - Processing file /home/airflow/.local/lib/python3.12/site-packages/airflow/example_dags/example_bash_operator.py for tasks to queue
[2025-02-08T10:59:26.691+0000] {logging_mixin.py:190} INFO - [2025-02-08T10:59:26.691+0000] {dagbag.py:588} INFO - Filling up the DagBag from /home/airflow/.local/lib/python3.12/site-packages/airflow/example_dags/example_bash_operator.py
[2025-02-08T10:59:26.704+0000] {processor.py:925} INFO - DAG(s) 'example_bash_operator' retrieved from /home/airflow/.local/lib/python3.12/site-packages/airflow/example_dags/example_bash_operator.py
[2025-02-08T10:59:26.725+0000] {logging_mixin.py:190} INFO - [2025-02-08T10:59:26.724+0000] {dag.py:3239} INFO - Sync 1 DAGs
[2025-02-08T10:59:26.743+0000] {logging_mixin.py:190} INFO - [2025-02-08T10:59:26.743+0000] {dag.py:4180} INFO - Setting next_dagrun for example_bash_operator to 2025-02-07 00:00:00+00:00, run_after=2025-02-08 00:00:00+00:00
[2025-02-08T10:59:26.757+0000] {processor.py:208} INFO - Processing /home/airflow/.local/lib/python3.12/site-packages/airflow/example_dags/example_bash_operator.py took 0.073 seconds
[2025-02-08T11:01:55.470+0000] {processor.py:186} INFO - Started process (PID=173) to work on /home/airflow/.local/lib/python3.12/site-packages/airflow/example_dags/example_bash_operator.py
[2025-02-08T11:01:55.470+0000] {processor.py:914} INFO - Processing file /home/airflow/.local/lib/python3.12/site-packages/airflow/example_dags/example_bash_operator.py for tasks to queue
[2025-02-08T11:01:55.472+0000] {logging_mixin.py:190} INFO - [2025-02-08T11:01:55.472+0000] {dagbag.py:588} INFO - Filling up the DagBag from /home/airflow/.local/lib/python3.12/site-packages/airflow/example_dags/example_bash_operator.py
[2025-02-08T11:01:55.487+0000] {processor.py:925} INFO - DAG(s) 'example_bash_operator' retrieved from /home/airflow/.local/lib/python3.12/site-packages/airflow/example_dags/example_bash_operator.py
[2025-02-08T11:01:55.654+0000] {logging_mixin.py:190} INFO - [2025-02-08T11:01:55.653+0000] {override.py:1900} INFO - Created Permission View: can read on DAG:example_bash_operator
[2025-02-08T11:01:55.661+0000] {logging_mixin.py:190} INFO - [2025-02-08T11:01:55.661+0000] {override.py:1900} INFO - Created Permission View: can delete on DAG:example_bash_operator
[2025-02-08T11:01:55.666+0000] {logging_mixin.py:190} INFO - [2025-02-08T11:01:55.666+0000] {override.py:1900} INFO - Created Permission View: can edit on DAG:example_bash_operator
[2025-02-08T11:01:55.672+0000] {logging_mixin.py:190} INFO - [2025-02-08T11:01:55.672+0000] {override.py:1900} INFO - Created Permission View: menu access on DAG Run:example_bash_operator
[2025-02-08T11:01:55.677+0000] {logging_mixin.py:190} INFO - [2025-02-08T11:01:55.677+0000] {override.py:1900} INFO - Created Permission View: can read on DAG Run:example_bash_operator
[2025-02-08T11:01:55.682+0000] {logging_mixin.py:190} INFO - [2025-02-08T11:01:55.682+0000] {override.py:1900} INFO - Created Permission View: can create on DAG Run:example_bash_operator
[2025-02-08T11:01:55.687+0000] {logging_mixin.py:190} INFO - [2025-02-08T11:01:55.687+0000] {override.py:1900} INFO - Created Permission View: can delete on DAG Run:example_bash_operator
[2025-02-08T11:01:55.688+0000] {logging_mixin.py:190} INFO - [2025-02-08T11:01:55.687+0000] {dag.py:3239} INFO - Sync 1 DAGs
[2025-02-08T11:01:55.696+0000] {logging_mixin.py:190} INFO - [2025-02-08T11:01:55.696+0000] {dag.py:3262} INFO - Creating ORM DAG for example_bash_operator
[2025-02-08T11:01:55.706+0000] {logging_mixin.py:190} INFO - [2025-02-08T11:01:55.706+0000] {dag.py:4180} INFO - Setting next_dagrun for example_bash_operator to 2025-02-07 00:00:00+00:00, run_after=2025-02-08 00:00:00+00:00
[2025-02-08T11:01:55.721+0000] {processor.py:208} INFO - Processing /home/airflow/.local/lib/python3.12/site-packages/airflow/example_dags/example_bash_operator.py took 0.256 seconds
[2025-02-08T11:02:26.743+0000] {processor.py:186} INFO - Started process (PID=459) to work on /home/airflow/.local/lib/python3.12/site-packages/airflow/example_dags/example_bash_operator.py
[2025-02-08T11:02:26.744+0000] {processor.py:914} INFO - Processing file /home/airflow/.local/lib/python3.12/site-packages/airflow/example_dags/example_bash_operator.py for tasks to queue
[2025-02-08T11:02:26.746+0000] {logging_mixin.py:190} INFO - [2025-02-08T11:02:26.746+0000] {dagbag.py:588} INFO - Filling up the DagBag from /home/airflow/.local/lib/python3.12/site-packages/airflow/example_dags/example_bash_operator.py
[2025-02-08T11:02:26.756+0000] {processor.py:925} INFO - DAG(s) 'example_bash_operator' retrieved from /home/airflow/.local/lib/python3.12/site-packages/airflow/example_dags/example_bash_operator.py
[2025-02-08T11:02:26.775+0000] {logging_mixin.py:190} INFO - [2025-02-08T11:02:26.775+0000] {dag.py:3239} INFO - Sync 1 DAGs
[2025-02-08T11:02:26.793+0000] {logging_mixin.py:190} INFO - [2025-02-08T11:02:26.792+0000] {dag.py:4180} INFO - Setting next_dagrun for example_bash_operator to 2025-02-07 00:00:00+00:00, run_after=2025-02-08 00:00:00+00:00
[2025-02-08T11:02:26.808+0000] {processor.py:208} INFO - Processing /home/airflow/.local/lib/python3.12/site-packages/airflow/example_dags/example_bash_operator.py took 0.069 seconds
[2025-02-08T11:03:36.524+0000] {processor.py:186} INFO - Started process (PID=173) to work on /home/airflow/.local/lib/python3.12/site-packages/airflow/example_dags/example_bash_operator.py
[2025-02-08T11:03:36.525+0000] {processor.py:914} INFO - Processing file /home/airflow/.local/lib/python3.12/site-packages/airflow/example_dags/example_bash_operator.py for tasks to queue
[2025-02-08T11:03:36.526+0000] {logging_mixin.py:190} INFO - [2025-02-08T11:03:36.526+0000] {dagbag.py:588} INFO - Filling up the DagBag from /home/airflow/.local/lib/python3.12/site-packages/airflow/example_dags/example_bash_operator.py
[2025-02-08T11:03:36.538+0000] {processor.py:925} INFO - DAG(s) 'example_bash_operator' retrieved from /home/airflow/.local/lib/python3.12/site-packages/airflow/example_dags/example_bash_operator.py
[2025-02-08T11:03:36.565+0000] {logging_mixin.py:190} INFO - [2025-02-08T11:03:36.565+0000] {dag.py:3239} INFO - Sync 1 DAGs
[2025-02-08T11:03:36.583+0000] {logging_mixin.py:190} INFO - [2025-02-08T11:03:36.583+0000] {dag.py:4180} INFO - Setting next_dagrun for example_bash_operator to 2025-02-07 00:00:00+00:00, run_after=2025-02-08 00:00:00+00:00
[2025-02-08T11:03:36.610+0000] {processor.py:208} INFO - Processing /home/airflow/.local/lib/python3.12/site-packages/airflow/example_dags/example_bash_operator.py took 0.089 seconds
[2025-02-08T11:04:07.161+0000] {processor.py:186} INFO - Started process (PID=459) to work on /home/airflow/.local/lib/python3.12/site-packages/airflow/example_dags/example_bash_operator.py
[2025-02-08T11:04:07.161+0000] {processor.py:914} INFO - Processing file /home/airflow/.local/lib/python3.12/site-packages/airflow/example_dags/example_bash_operator.py for tasks to queue
[2025-02-08T11:04:07.163+0000] {logging_mixin.py:190} INFO - [2025-02-08T11:04:07.163+0000] {dagbag.py:588} INFO - Filling up the DagBag from /home/airflow/.local/lib/python3.12/site-packages/airflow/example_dags/example_bash_operator.py
[2025-02-08T11:04:07.175+0000] {processor.py:925} INFO - DAG(s) 'example_bash_operator' retrieved from /home/airflow/.local/lib/python3.12/site-packages/airflow/example_dags/example_bash_operator.py
[2025-02-08T11:04:07.201+0000] {logging_mixin.py:190} INFO - [2025-02-08T11:04:07.200+0000] {dag.py:3239} INFO - Sync 1 DAGs
[2025-02-08T11:04:07.223+0000] {logging_mixin.py:190} INFO - [2025-02-08T11:04:07.223+0000] {dag.py:4180} INFO - Setting next_dagrun for example_bash_operator to 2025-02-07 00:00:00+00:00, run_after=2025-02-08 00:00:00+00:00
[2025-02-08T11:04:07.241+0000] {processor.py:208} INFO - Processing /home/airflow/.local/lib/python3.12/site-packages/airflow/example_dags/example_bash_operator.py took 0.086 seconds
[2025-02-08T11:04:37.434+0000] {processor.py:186} INFO - Started process (PID=745) to work on /home/airflow/.local/lib/python3.12/site-packages/airflow/example_dags/example_bash_operator.py
[2025-02-08T11:04:37.435+0000] {processor.py:914} INFO - Processing file /home/airflow/.local/lib/python3.12/site-packages/airflow/example_dags/example_bash_operator.py for tasks to queue
[2025-02-08T11:04:37.436+0000] {logging_mixin.py:190} INFO - [2025-02-08T11:04:37.436+0000] {dagbag.py:588} INFO - Filling up the DagBag from /home/airflow/.local/lib/python3.12/site-packages/airflow/example_dags/example_bash_operator.py
[2025-02-08T11:04:37.446+0000] {processor.py:925} INFO - DAG(s) 'example_bash_operator' retrieved from /home/airflow/.local/lib/python3.12/site-packages/airflow/example_dags/example_bash_operator.py
[2025-02-08T11:04:37.466+0000] {logging_mixin.py:190} INFO - [2025-02-08T11:04:37.466+0000] {dag.py:3239} INFO - Sync 1 DAGs
[2025-02-08T11:04:37.484+0000] {logging_mixin.py:190} INFO - [2025-02-08T11:04:37.484+0000] {dag.py:4180} INFO - Setting next_dagrun for example_bash_operator to 2025-02-07 00:00:00+00:00, run_after=2025-02-08 00:00:00+00:00
[2025-02-08T11:04:37.497+0000] {processor.py:208} INFO - Processing /home/airflow/.local/lib/python3.12/site-packages/airflow/example_dags/example_bash_operator.py took 0.068 seconds
[2025-02-08T11:33:15.046+0000] {processor.py:186} INFO - Started process (PID=173) to work on /home/airflow/.local/lib/python3.12/site-packages/airflow/example_dags/example_bash_operator.py
[2025-02-08T11:33:15.047+0000] {processor.py:914} INFO - Processing file /home/airflow/.local/lib/python3.12/site-packages/airflow/example_dags/example_bash_operator.py for tasks to queue
[2025-02-08T11:33:15.049+0000] {logging_mixin.py:190} INFO - [2025-02-08T11:33:15.048+0000] {dagbag.py:588} INFO - Filling up the DagBag from /home/airflow/.local/lib/python3.12/site-packages/airflow/example_dags/example_bash_operator.py
[2025-02-08T11:33:15.065+0000] {processor.py:925} INFO - DAG(s) 'example_bash_operator' retrieved from /home/airflow/.local/lib/python3.12/site-packages/airflow/example_dags/example_bash_operator.py
[2025-02-08T11:33:15.227+0000] {logging_mixin.py:190} INFO - [2025-02-08T11:33:15.227+0000] {override.py:1900} INFO - Created Permission View: can edit on DAG:example_bash_operator
[2025-02-08T11:33:15.235+0000] {logging_mixin.py:190} INFO - [2025-02-08T11:33:15.235+0000] {override.py:1900} INFO - Created Permission View: can delete on DAG:example_bash_operator
[2025-02-08T11:33:15.242+0000] {logging_mixin.py:190} INFO - [2025-02-08T11:33:15.242+0000] {override.py:1900} INFO - Created Permission View: can read on DAG:example_bash_operator
[2025-02-08T11:33:15.249+0000] {logging_mixin.py:190} INFO - [2025-02-08T11:33:15.248+0000] {override.py:1900} INFO - Created Permission View: menu access on DAG Run:example_bash_operator
[2025-02-08T11:33:15.254+0000] {logging_mixin.py:190} INFO - [2025-02-08T11:33:15.254+0000] {override.py:1900} INFO - Created Permission View: can create on DAG Run:example_bash_operator
[2025-02-08T11:33:15.259+0000] {logging_mixin.py:190} INFO - [2025-02-08T11:33:15.259+0000] {override.py:1900} INFO - Created Permission View: can delete on DAG Run:example_bash_operator
[2025-02-08T11:33:15.264+0000] {logging_mixin.py:190} INFO - [2025-02-08T11:33:15.264+0000] {override.py:1900} INFO - Created Permission View: can read on DAG Run:example_bash_operator
[2025-02-08T11:33:15.265+0000] {logging_mixin.py:190} INFO - [2025-02-08T11:33:15.265+0000] {dag.py:3239} INFO - Sync 1 DAGs
[2025-02-08T11:33:15.274+0000] {logging_mixin.py:190} INFO - [2025-02-08T11:33:15.274+0000] {dag.py:3262} INFO - Creating ORM DAG for example_bash_operator
[2025-02-08T11:33:15.283+0000] {logging_mixin.py:190} INFO - [2025-02-08T11:33:15.283+0000] {dag.py:4180} INFO - Setting next_dagrun for example_bash_operator to 2025-02-07 00:00:00+00:00, run_after=2025-02-08 00:00:00+00:00
[2025-02-08T11:33:15.299+0000] {processor.py:208} INFO - Processing /home/airflow/.local/lib/python3.12/site-packages/airflow/example_dags/example_bash_operator.py took 0.258 seconds
[2025-02-08T11:33:45.562+0000] {processor.py:186} INFO - Started process (PID=459) to work on /home/airflow/.local/lib/python3.12/site-packages/airflow/example_dags/example_bash_operator.py
[2025-02-08T11:33:45.563+0000] {processor.py:914} INFO - Processing file /home/airflow/.local/lib/python3.12/site-packages/airflow/example_dags/example_bash_operator.py for tasks to queue
[2025-02-08T11:33:45.565+0000] {logging_mixin.py:190} INFO - [2025-02-08T11:33:45.564+0000] {dagbag.py:588} INFO - Filling up the DagBag from /home/airflow/.local/lib/python3.12/site-packages/airflow/example_dags/example_bash_operator.py
[2025-02-08T11:33:45.576+0000] {processor.py:925} INFO - DAG(s) 'example_bash_operator' retrieved from /home/airflow/.local/lib/python3.12/site-packages/airflow/example_dags/example_bash_operator.py
[2025-02-08T11:33:45.597+0000] {logging_mixin.py:190} INFO - [2025-02-08T11:33:45.597+0000] {dag.py:3239} INFO - Sync 1 DAGs
[2025-02-08T11:33:45.616+0000] {logging_mixin.py:190} INFO - [2025-02-08T11:33:45.615+0000] {dag.py:4180} INFO - Setting next_dagrun for example_bash_operator to 2025-02-07 00:00:00+00:00, run_after=2025-02-08 00:00:00+00:00
[2025-02-08T11:33:45.629+0000] {processor.py:208} INFO - Processing /home/airflow/.local/lib/python3.12/site-packages/airflow/example_dags/example_bash_operator.py took 0.073 seconds
[2025-02-08T11:34:16.117+0000] {processor.py:186} INFO - Started process (PID=745) to work on /home/airflow/.local/lib/python3.12/site-packages/airflow/example_dags/example_bash_operator.py
[2025-02-08T11:34:16.118+0000] {processor.py:914} INFO - Processing file /home/airflow/.local/lib/python3.12/site-packages/airflow/example_dags/example_bash_operator.py for tasks to queue
[2025-02-08T11:34:16.121+0000] {logging_mixin.py:190} INFO - [2025-02-08T11:34:16.120+0000] {dagbag.py:588} INFO - Filling up the DagBag from /home/airflow/.local/lib/python3.12/site-packages/airflow/example_dags/example_bash_operator.py
[2025-02-08T11:34:16.131+0000] {processor.py:925} INFO - DAG(s) 'example_bash_operator' retrieved from /home/airflow/.local/lib/python3.12/site-packages/airflow/example_dags/example_bash_operator.py
[2025-02-08T11:34:16.152+0000] {logging_mixin.py:190} INFO - [2025-02-08T11:34:16.151+0000] {dag.py:3239} INFO - Sync 1 DAGs
[2025-02-08T11:34:16.168+0000] {logging_mixin.py:190} INFO - [2025-02-08T11:34:16.168+0000] {dag.py:4180} INFO - Setting next_dagrun for example_bash_operator to 2025-02-07 00:00:00+00:00, run_after=2025-02-08 00:00:00+00:00
[2025-02-08T11:34:16.181+0000] {processor.py:208} INFO - Processing /home/airflow/.local/lib/python3.12/site-packages/airflow/example_dags/example_bash_operator.py took 0.069 seconds
[2025-02-08T11:34:46.283+0000] {processor.py:186} INFO - Started process (PID=1031) to work on /home/airflow/.local/lib/python3.12/site-packages/airflow/example_dags/example_bash_operator.py
[2025-02-08T11:34:46.284+0000] {processor.py:914} INFO - Processing file /home/airflow/.local/lib/python3.12/site-packages/airflow/example_dags/example_bash_operator.py for tasks to queue
[2025-02-08T11:34:46.286+0000] {logging_mixin.py:190} INFO - [2025-02-08T11:34:46.286+0000] {dagbag.py:588} INFO - Filling up the DagBag from /home/airflow/.local/lib/python3.12/site-packages/airflow/example_dags/example_bash_operator.py
[2025-02-08T11:34:46.296+0000] {processor.py:925} INFO - DAG(s) 'example_bash_operator' retrieved from /home/airflow/.local/lib/python3.12/site-packages/airflow/example_dags/example_bash_operator.py
[2025-02-08T11:34:46.314+0000] {logging_mixin.py:190} INFO - [2025-02-08T11:34:46.314+0000] {dag.py:3239} INFO - Sync 1 DAGs
[2025-02-08T11:34:46.332+0000] {logging_mixin.py:190} INFO - [2025-02-08T11:34:46.332+0000] {dag.py:4180} INFO - Setting next_dagrun for example_bash_operator to 2025-02-07 00:00:00+00:00, run_after=2025-02-08 00:00:00+00:00
[2025-02-08T11:34:46.346+0000] {processor.py:208} INFO - Processing /home/airflow/.local/lib/python3.12/site-packages/airflow/example_dags/example_bash_operator.py took 0.069 seconds
[2025-02-08T11:35:17.339+0000] {processor.py:186} INFO - Started process (PID=1317) to work on /home/airflow/.local/lib/python3.12/site-packages/airflow/example_dags/example_bash_operator.py
[2025-02-08T11:35:17.340+0000] {processor.py:914} INFO - Processing file /home/airflow/.local/lib/python3.12/site-packages/airflow/example_dags/example_bash_operator.py for tasks to queue
[2025-02-08T11:35:17.342+0000] {logging_mixin.py:190} INFO - [2025-02-08T11:35:17.342+0000] {dagbag.py:588} INFO - Filling up the DagBag from /home/airflow/.local/lib/python3.12/site-packages/airflow/example_dags/example_bash_operator.py
[2025-02-08T11:35:17.351+0000] {processor.py:925} INFO - DAG(s) 'example_bash_operator' retrieved from /home/airflow/.local/lib/python3.12/site-packages/airflow/example_dags/example_bash_operator.py
[2025-02-08T11:35:17.369+0000] {logging_mixin.py:190} INFO - [2025-02-08T11:35:17.369+0000] {dag.py:3239} INFO - Sync 1 DAGs
[2025-02-08T11:35:17.387+0000] {logging_mixin.py:190} INFO - [2025-02-08T11:35:17.387+0000] {dag.py:4180} INFO - Setting next_dagrun for example_bash_operator to 2025-02-07 00:00:00+00:00, run_after=2025-02-08 00:00:00+00:00
[2025-02-08T11:35:17.401+0000] {processor.py:208} INFO - Processing /home/airflow/.local/lib/python3.12/site-packages/airflow/example_dags/example_bash_operator.py took 0.065 seconds
