[2025-02-08T10:51:20.065+0000] {processor.py:186} INFO - Started process (PID=193) to work on /home/airflow/.local/lib/python3.12/site-packages/airflow/example_dags/example_branch_python_dop_operator_3.py
[2025-02-08T10:51:20.065+0000] {processor.py:914} INFO - Processing file /home/airflow/.local/lib/python3.12/site-packages/airflow/example_dags/example_branch_python_dop_operator_3.py for tasks to queue
[2025-02-08T10:51:20.067+0000] {logging_mixin.py:190} INFO - [2025-02-08T10:51:20.067+0000] {dagbag.py:588} INFO - Filling up the DagBag from /home/airflow/.local/lib/python3.12/site-packages/airflow/example_dags/example_branch_python_dop_operator_3.py
[2025-02-08T10:51:20.081+0000] {processor.py:925} INFO - DAG(s) 'example_branch_dop_operator_v3' retrieved from /home/airflow/.local/lib/python3.12/site-packages/airflow/example_dags/example_branch_python_dop_operator_3.py
[2025-02-08T10:51:20.188+0000] {logging_mixin.py:190} INFO - [2025-02-08T10:51:20.187+0000] {override.py:1900} INFO - Created Permission View: can delete on DAG:example_branch_dop_operator_v3
[2025-02-08T10:51:20.208+0000] {logging_mixin.py:190} INFO - [2025-02-08T10:51:20.207+0000] {override.py:1900} INFO - Created Permission View: can read on DAG:example_branch_dop_operator_v3
[2025-02-08T10:51:20.218+0000] {logging_mixin.py:190} INFO - [2025-02-08T10:51:20.218+0000] {override.py:1900} INFO - Created Permission View: can edit on DAG:example_branch_dop_operator_v3
[2025-02-08T10:51:20.234+0000] {logging_mixin.py:190} INFO - [2025-02-08T10:51:20.234+0000] {override.py:1900} INFO - Created Permission View: can delete on DAG Run:example_branch_dop_operator_v3
[2025-02-08T10:51:20.242+0000] {logging_mixin.py:190} INFO - [2025-02-08T10:51:20.242+0000] {override.py:1900} INFO - Created Permission View: can read on DAG Run:example_branch_dop_operator_v3
[2025-02-08T10:51:20.255+0000] {logging_mixin.py:190} INFO - [2025-02-08T10:51:20.255+0000] {override.py:1900} INFO - Created Permission View: menu access on DAG Run:example_branch_dop_operator_v3
[2025-02-08T10:51:20.262+0000] {logging_mixin.py:190} INFO - [2025-02-08T10:51:20.262+0000] {override.py:1900} INFO - Created Permission View: can create on DAG Run:example_branch_dop_operator_v3
[2025-02-08T10:51:20.263+0000] {logging_mixin.py:190} INFO - [2025-02-08T10:51:20.263+0000] {dag.py:3239} INFO - Sync 1 DAGs
[2025-02-08T10:51:20.274+0000] {logging_mixin.py:190} INFO - [2025-02-08T10:51:20.274+0000] {dag.py:3262} INFO - Creating ORM DAG for example_branch_dop_operator_v3
[2025-02-08T10:51:20.286+0000] {logging_mixin.py:190} INFO - [2025-02-08T10:51:20.285+0000] {dag.py:4180} INFO - Setting next_dagrun for example_branch_dop_operator_v3 to 2025-02-08 10:50:00+00:00, run_after=2025-02-08 10:51:00+00:00
[2025-02-08T10:51:20.301+0000] {processor.py:208} INFO - Processing /home/airflow/.local/lib/python3.12/site-packages/airflow/example_dags/example_branch_python_dop_operator_3.py took 0.241 seconds
[2025-02-08T10:51:50.739+0000] {processor.py:186} INFO - Started process (PID=479) to work on /home/airflow/.local/lib/python3.12/site-packages/airflow/example_dags/example_branch_python_dop_operator_3.py
[2025-02-08T10:51:50.740+0000] {processor.py:914} INFO - Processing file /home/airflow/.local/lib/python3.12/site-packages/airflow/example_dags/example_branch_python_dop_operator_3.py for tasks to queue
[2025-02-08T10:51:50.742+0000] {logging_mixin.py:190} INFO - [2025-02-08T10:51:50.742+0000] {dagbag.py:588} INFO - Filling up the DagBag from /home/airflow/.local/lib/python3.12/site-packages/airflow/example_dags/example_branch_python_dop_operator_3.py
[2025-02-08T10:51:50.751+0000] {processor.py:925} INFO - DAG(s) 'example_branch_dop_operator_v3' retrieved from /home/airflow/.local/lib/python3.12/site-packages/airflow/example_dags/example_branch_python_dop_operator_3.py
[2025-02-08T10:51:50.765+0000] {logging_mixin.py:190} INFO - [2025-02-08T10:51:50.764+0000] {dag.py:3239} INFO - Sync 1 DAGs
[2025-02-08T10:51:50.785+0000] {logging_mixin.py:190} INFO - [2025-02-08T10:51:50.784+0000] {dag.py:4180} INFO - Setting next_dagrun for example_branch_dop_operator_v3 to 2025-02-08 10:50:00+00:00, run_after=2025-02-08 10:51:00+00:00
[2025-02-08T10:51:50.801+0000] {processor.py:208} INFO - Processing /home/airflow/.local/lib/python3.12/site-packages/airflow/example_dags/example_branch_python_dop_operator_3.py took 0.067 seconds
[2025-02-08T10:52:21.086+0000] {processor.py:186} INFO - Started process (PID=765) to work on /home/airflow/.local/lib/python3.12/site-packages/airflow/example_dags/example_branch_python_dop_operator_3.py
[2025-02-08T10:52:21.087+0000] {processor.py:914} INFO - Processing file /home/airflow/.local/lib/python3.12/site-packages/airflow/example_dags/example_branch_python_dop_operator_3.py for tasks to queue
[2025-02-08T10:52:21.089+0000] {logging_mixin.py:190} INFO - [2025-02-08T10:52:21.089+0000] {dagbag.py:588} INFO - Filling up the DagBag from /home/airflow/.local/lib/python3.12/site-packages/airflow/example_dags/example_branch_python_dop_operator_3.py
[2025-02-08T10:52:21.097+0000] {processor.py:925} INFO - DAG(s) 'example_branch_dop_operator_v3' retrieved from /home/airflow/.local/lib/python3.12/site-packages/airflow/example_dags/example_branch_python_dop_operator_3.py
[2025-02-08T10:52:21.112+0000] {logging_mixin.py:190} INFO - [2025-02-08T10:52:21.112+0000] {dag.py:3239} INFO - Sync 1 DAGs
[2025-02-08T10:52:21.132+0000] {logging_mixin.py:190} INFO - [2025-02-08T10:52:21.131+0000] {dag.py:4180} INFO - Setting next_dagrun for example_branch_dop_operator_v3 to 2025-02-08 10:51:00+00:00, run_after=2025-02-08 10:52:00+00:00
[2025-02-08T10:52:21.148+0000] {processor.py:208} INFO - Processing /home/airflow/.local/lib/python3.12/site-packages/airflow/example_dags/example_branch_python_dop_operator_3.py took 0.066 seconds
[2025-02-08T10:52:51.243+0000] {processor.py:186} INFO - Started process (PID=1051) to work on /home/airflow/.local/lib/python3.12/site-packages/airflow/example_dags/example_branch_python_dop_operator_3.py
[2025-02-08T10:52:51.244+0000] {processor.py:914} INFO - Processing file /home/airflow/.local/lib/python3.12/site-packages/airflow/example_dags/example_branch_python_dop_operator_3.py for tasks to queue
[2025-02-08T10:52:51.246+0000] {logging_mixin.py:190} INFO - [2025-02-08T10:52:51.246+0000] {dagbag.py:588} INFO - Filling up the DagBag from /home/airflow/.local/lib/python3.12/site-packages/airflow/example_dags/example_branch_python_dop_operator_3.py
[2025-02-08T10:52:51.254+0000] {processor.py:925} INFO - DAG(s) 'example_branch_dop_operator_v3' retrieved from /home/airflow/.local/lib/python3.12/site-packages/airflow/example_dags/example_branch_python_dop_operator_3.py
[2025-02-08T10:52:51.268+0000] {logging_mixin.py:190} INFO - [2025-02-08T10:52:51.268+0000] {dag.py:3239} INFO - Sync 1 DAGs
[2025-02-08T10:52:51.287+0000] {logging_mixin.py:190} INFO - [2025-02-08T10:52:51.287+0000] {dag.py:4180} INFO - Setting next_dagrun for example_branch_dop_operator_v3 to 2025-02-08 10:51:00+00:00, run_after=2025-02-08 10:52:00+00:00
[2025-02-08T10:52:51.303+0000] {processor.py:208} INFO - Processing /home/airflow/.local/lib/python3.12/site-packages/airflow/example_dags/example_branch_python_dop_operator_3.py took 0.065 seconds
[2025-02-08T10:53:21.609+0000] {processor.py:186} INFO - Started process (PID=1339) to work on /home/airflow/.local/lib/python3.12/site-packages/airflow/example_dags/example_branch_python_dop_operator_3.py
[2025-02-08T10:53:21.610+0000] {processor.py:914} INFO - Processing file /home/airflow/.local/lib/python3.12/site-packages/airflow/example_dags/example_branch_python_dop_operator_3.py for tasks to queue
[2025-02-08T10:53:21.611+0000] {logging_mixin.py:190} INFO - [2025-02-08T10:53:21.611+0000] {dagbag.py:588} INFO - Filling up the DagBag from /home/airflow/.local/lib/python3.12/site-packages/airflow/example_dags/example_branch_python_dop_operator_3.py
[2025-02-08T10:53:21.619+0000] {processor.py:925} INFO - DAG(s) 'example_branch_dop_operator_v3' retrieved from /home/airflow/.local/lib/python3.12/site-packages/airflow/example_dags/example_branch_python_dop_operator_3.py
[2025-02-08T10:53:21.636+0000] {logging_mixin.py:190} INFO - [2025-02-08T10:53:21.636+0000] {dag.py:3239} INFO - Sync 1 DAGs
[2025-02-08T10:53:21.659+0000] {logging_mixin.py:190} INFO - [2025-02-08T10:53:21.659+0000] {dag.py:4180} INFO - Setting next_dagrun for example_branch_dop_operator_v3 to 2025-02-08 10:52:00+00:00, run_after=2025-02-08 10:53:00+00:00
[2025-02-08T10:53:21.675+0000] {processor.py:208} INFO - Processing /home/airflow/.local/lib/python3.12/site-packages/airflow/example_dags/example_branch_python_dop_operator_3.py took 0.072 seconds
[2025-02-08T10:53:52.594+0000] {processor.py:186} INFO - Started process (PID=1623) to work on /home/airflow/.local/lib/python3.12/site-packages/airflow/example_dags/example_branch_python_dop_operator_3.py
[2025-02-08T10:53:52.595+0000] {processor.py:914} INFO - Processing file /home/airflow/.local/lib/python3.12/site-packages/airflow/example_dags/example_branch_python_dop_operator_3.py for tasks to queue
[2025-02-08T10:53:52.597+0000] {logging_mixin.py:190} INFO - [2025-02-08T10:53:52.596+0000] {dagbag.py:588} INFO - Filling up the DagBag from /home/airflow/.local/lib/python3.12/site-packages/airflow/example_dags/example_branch_python_dop_operator_3.py
[2025-02-08T10:53:52.604+0000] {processor.py:925} INFO - DAG(s) 'example_branch_dop_operator_v3' retrieved from /home/airflow/.local/lib/python3.12/site-packages/airflow/example_dags/example_branch_python_dop_operator_3.py
[2025-02-08T10:53:52.619+0000] {logging_mixin.py:190} INFO - [2025-02-08T10:53:52.619+0000] {dag.py:3239} INFO - Sync 1 DAGs
[2025-02-08T10:53:52.640+0000] {logging_mixin.py:190} INFO - [2025-02-08T10:53:52.640+0000] {dag.py:4180} INFO - Setting next_dagrun for example_branch_dop_operator_v3 to 2025-02-08 10:52:00+00:00, run_after=2025-02-08 10:53:00+00:00
[2025-02-08T10:53:52.657+0000] {processor.py:208} INFO - Processing /home/airflow/.local/lib/python3.12/site-packages/airflow/example_dags/example_branch_python_dop_operator_3.py took 0.068 seconds
[2025-02-08T10:54:22.867+0000] {processor.py:186} INFO - Started process (PID=1909) to work on /home/airflow/.local/lib/python3.12/site-packages/airflow/example_dags/example_branch_python_dop_operator_3.py
[2025-02-08T10:54:22.868+0000] {processor.py:914} INFO - Processing file /home/airflow/.local/lib/python3.12/site-packages/airflow/example_dags/example_branch_python_dop_operator_3.py for tasks to queue
[2025-02-08T10:54:22.870+0000] {logging_mixin.py:190} INFO - [2025-02-08T10:54:22.869+0000] {dagbag.py:588} INFO - Filling up the DagBag from /home/airflow/.local/lib/python3.12/site-packages/airflow/example_dags/example_branch_python_dop_operator_3.py
[2025-02-08T10:54:22.877+0000] {processor.py:925} INFO - DAG(s) 'example_branch_dop_operator_v3' retrieved from /home/airflow/.local/lib/python3.12/site-packages/airflow/example_dags/example_branch_python_dop_operator_3.py
[2025-02-08T10:54:22.891+0000] {logging_mixin.py:190} INFO - [2025-02-08T10:54:22.891+0000] {dag.py:3239} INFO - Sync 1 DAGs
[2025-02-08T10:54:22.912+0000] {logging_mixin.py:190} INFO - [2025-02-08T10:54:22.912+0000] {dag.py:4180} INFO - Setting next_dagrun for example_branch_dop_operator_v3 to 2025-02-08 10:53:00+00:00, run_after=2025-02-08 10:54:00+00:00
[2025-02-08T10:54:22.927+0000] {processor.py:208} INFO - Processing /home/airflow/.local/lib/python3.12/site-packages/airflow/example_dags/example_branch_python_dop_operator_3.py took 0.064 seconds
[2025-02-08T10:54:53.225+0000] {processor.py:186} INFO - Started process (PID=2195) to work on /home/airflow/.local/lib/python3.12/site-packages/airflow/example_dags/example_branch_python_dop_operator_3.py
[2025-02-08T10:54:53.226+0000] {processor.py:914} INFO - Processing file /home/airflow/.local/lib/python3.12/site-packages/airflow/example_dags/example_branch_python_dop_operator_3.py for tasks to queue
[2025-02-08T10:54:53.228+0000] {logging_mixin.py:190} INFO - [2025-02-08T10:54:53.228+0000] {dagbag.py:588} INFO - Filling up the DagBag from /home/airflow/.local/lib/python3.12/site-packages/airflow/example_dags/example_branch_python_dop_operator_3.py
[2025-02-08T10:54:53.237+0000] {processor.py:925} INFO - DAG(s) 'example_branch_dop_operator_v3' retrieved from /home/airflow/.local/lib/python3.12/site-packages/airflow/example_dags/example_branch_python_dop_operator_3.py
[2025-02-08T10:54:53.251+0000] {logging_mixin.py:190} INFO - [2025-02-08T10:54:53.251+0000] {dag.py:3239} INFO - Sync 1 DAGs
[2025-02-08T10:54:53.274+0000] {logging_mixin.py:190} INFO - [2025-02-08T10:54:53.274+0000] {dag.py:4180} INFO - Setting next_dagrun for example_branch_dop_operator_v3 to 2025-02-08 10:53:00+00:00, run_after=2025-02-08 10:54:00+00:00
[2025-02-08T10:54:53.291+0000] {processor.py:208} INFO - Processing /home/airflow/.local/lib/python3.12/site-packages/airflow/example_dags/example_branch_python_dop_operator_3.py took 0.072 seconds
[2025-02-08T10:55:23.582+0000] {processor.py:186} INFO - Started process (PID=2481) to work on /home/airflow/.local/lib/python3.12/site-packages/airflow/example_dags/example_branch_python_dop_operator_3.py
[2025-02-08T10:55:23.583+0000] {processor.py:914} INFO - Processing file /home/airflow/.local/lib/python3.12/site-packages/airflow/example_dags/example_branch_python_dop_operator_3.py for tasks to queue
[2025-02-08T10:55:23.584+0000] {logging_mixin.py:190} INFO - [2025-02-08T10:55:23.584+0000] {dagbag.py:588} INFO - Filling up the DagBag from /home/airflow/.local/lib/python3.12/site-packages/airflow/example_dags/example_branch_python_dop_operator_3.py
[2025-02-08T10:55:23.592+0000] {processor.py:925} INFO - DAG(s) 'example_branch_dop_operator_v3' retrieved from /home/airflow/.local/lib/python3.12/site-packages/airflow/example_dags/example_branch_python_dop_operator_3.py
[2025-02-08T10:55:23.605+0000] {logging_mixin.py:190} INFO - [2025-02-08T10:55:23.605+0000] {dag.py:3239} INFO - Sync 1 DAGs
[2025-02-08T10:55:23.624+0000] {logging_mixin.py:190} INFO - [2025-02-08T10:55:23.624+0000] {dag.py:4180} INFO - Setting next_dagrun for example_branch_dop_operator_v3 to 2025-02-08 10:54:00+00:00, run_after=2025-02-08 10:55:00+00:00
[2025-02-08T10:55:23.639+0000] {processor.py:208} INFO - Processing /home/airflow/.local/lib/python3.12/site-packages/airflow/example_dags/example_branch_python_dop_operator_3.py took 0.061 seconds
[2025-02-08T10:55:53.758+0000] {processor.py:186} INFO - Started process (PID=2769) to work on /home/airflow/.local/lib/python3.12/site-packages/airflow/example_dags/example_branch_python_dop_operator_3.py
[2025-02-08T10:55:53.758+0000] {processor.py:914} INFO - Processing file /home/airflow/.local/lib/python3.12/site-packages/airflow/example_dags/example_branch_python_dop_operator_3.py for tasks to queue
[2025-02-08T10:55:53.760+0000] {logging_mixin.py:190} INFO - [2025-02-08T10:55:53.760+0000] {dagbag.py:588} INFO - Filling up the DagBag from /home/airflow/.local/lib/python3.12/site-packages/airflow/example_dags/example_branch_python_dop_operator_3.py
[2025-02-08T10:55:53.770+0000] {processor.py:925} INFO - DAG(s) 'example_branch_dop_operator_v3' retrieved from /home/airflow/.local/lib/python3.12/site-packages/airflow/example_dags/example_branch_python_dop_operator_3.py
[2025-02-08T10:55:53.784+0000] {logging_mixin.py:190} INFO - [2025-02-08T10:55:53.784+0000] {dag.py:3239} INFO - Sync 1 DAGs
[2025-02-08T10:55:53.807+0000] {logging_mixin.py:190} INFO - [2025-02-08T10:55:53.807+0000] {dag.py:4180} INFO - Setting next_dagrun for example_branch_dop_operator_v3 to 2025-02-08 10:54:00+00:00, run_after=2025-02-08 10:55:00+00:00
[2025-02-08T10:55:53.827+0000] {processor.py:208} INFO - Processing /home/airflow/.local/lib/python3.12/site-packages/airflow/example_dags/example_branch_python_dop_operator_3.py took 0.073 seconds
[2025-02-08T10:56:23.994+0000] {processor.py:186} INFO - Started process (PID=3053) to work on /home/airflow/.local/lib/python3.12/site-packages/airflow/example_dags/example_branch_python_dop_operator_3.py
[2025-02-08T10:56:23.995+0000] {processor.py:914} INFO - Processing file /home/airflow/.local/lib/python3.12/site-packages/airflow/example_dags/example_branch_python_dop_operator_3.py for tasks to queue
[2025-02-08T10:56:23.997+0000] {logging_mixin.py:190} INFO - [2025-02-08T10:56:23.997+0000] {dagbag.py:588} INFO - Filling up the DagBag from /home/airflow/.local/lib/python3.12/site-packages/airflow/example_dags/example_branch_python_dop_operator_3.py
[2025-02-08T10:56:24.004+0000] {processor.py:925} INFO - DAG(s) 'example_branch_dop_operator_v3' retrieved from /home/airflow/.local/lib/python3.12/site-packages/airflow/example_dags/example_branch_python_dop_operator_3.py
[2025-02-08T10:56:24.018+0000] {logging_mixin.py:190} INFO - [2025-02-08T10:56:24.018+0000] {dag.py:3239} INFO - Sync 1 DAGs
[2025-02-08T10:56:24.038+0000] {logging_mixin.py:190} INFO - [2025-02-08T10:56:24.038+0000] {dag.py:4180} INFO - Setting next_dagrun for example_branch_dop_operator_v3 to 2025-02-08 10:55:00+00:00, run_after=2025-02-08 10:56:00+00:00
[2025-02-08T10:56:24.052+0000] {processor.py:208} INFO - Processing /home/airflow/.local/lib/python3.12/site-packages/airflow/example_dags/example_branch_python_dop_operator_3.py took 0.063 seconds
[2025-02-08T10:56:54.217+0000] {processor.py:186} INFO - Started process (PID=3339) to work on /home/airflow/.local/lib/python3.12/site-packages/airflow/example_dags/example_branch_python_dop_operator_3.py
[2025-02-08T10:56:54.218+0000] {processor.py:914} INFO - Processing file /home/airflow/.local/lib/python3.12/site-packages/airflow/example_dags/example_branch_python_dop_operator_3.py for tasks to queue
[2025-02-08T10:56:54.221+0000] {logging_mixin.py:190} INFO - [2025-02-08T10:56:54.221+0000] {dagbag.py:588} INFO - Filling up the DagBag from /home/airflow/.local/lib/python3.12/site-packages/airflow/example_dags/example_branch_python_dop_operator_3.py
[2025-02-08T10:56:54.229+0000] {processor.py:925} INFO - DAG(s) 'example_branch_dop_operator_v3' retrieved from /home/airflow/.local/lib/python3.12/site-packages/airflow/example_dags/example_branch_python_dop_operator_3.py
[2025-02-08T10:56:54.244+0000] {logging_mixin.py:190} INFO - [2025-02-08T10:56:54.244+0000] {dag.py:3239} INFO - Sync 1 DAGs
[2025-02-08T10:56:54.268+0000] {logging_mixin.py:190} INFO - [2025-02-08T10:56:54.268+0000] {dag.py:4180} INFO - Setting next_dagrun for example_branch_dop_operator_v3 to 2025-02-08 10:55:00+00:00, run_after=2025-02-08 10:56:00+00:00
[2025-02-08T10:56:54.286+0000] {processor.py:208} INFO - Processing /home/airflow/.local/lib/python3.12/site-packages/airflow/example_dags/example_branch_python_dop_operator_3.py took 0.074 seconds
[2025-02-08T10:57:24.557+0000] {processor.py:186} INFO - Started process (PID=3625) to work on /home/airflow/.local/lib/python3.12/site-packages/airflow/example_dags/example_branch_python_dop_operator_3.py
[2025-02-08T10:57:24.558+0000] {processor.py:914} INFO - Processing file /home/airflow/.local/lib/python3.12/site-packages/airflow/example_dags/example_branch_python_dop_operator_3.py for tasks to queue
[2025-02-08T10:57:24.560+0000] {logging_mixin.py:190} INFO - [2025-02-08T10:57:24.560+0000] {dagbag.py:588} INFO - Filling up the DagBag from /home/airflow/.local/lib/python3.12/site-packages/airflow/example_dags/example_branch_python_dop_operator_3.py
[2025-02-08T10:57:24.567+0000] {processor.py:925} INFO - DAG(s) 'example_branch_dop_operator_v3' retrieved from /home/airflow/.local/lib/python3.12/site-packages/airflow/example_dags/example_branch_python_dop_operator_3.py
[2025-02-08T10:57:24.580+0000] {logging_mixin.py:190} INFO - [2025-02-08T10:57:24.580+0000] {dag.py:3239} INFO - Sync 1 DAGs
[2025-02-08T10:57:24.600+0000] {logging_mixin.py:190} INFO - [2025-02-08T10:57:24.600+0000] {dag.py:4180} INFO - Setting next_dagrun for example_branch_dop_operator_v3 to 2025-02-08 10:56:00+00:00, run_after=2025-02-08 10:57:00+00:00
[2025-02-08T10:57:24.616+0000] {processor.py:208} INFO - Processing /home/airflow/.local/lib/python3.12/site-packages/airflow/example_dags/example_branch_python_dop_operator_3.py took 0.065 seconds
[2025-02-08T10:57:55.117+0000] {processor.py:186} INFO - Started process (PID=3911) to work on /home/airflow/.local/lib/python3.12/site-packages/airflow/example_dags/example_branch_python_dop_operator_3.py
[2025-02-08T10:57:55.118+0000] {processor.py:914} INFO - Processing file /home/airflow/.local/lib/python3.12/site-packages/airflow/example_dags/example_branch_python_dop_operator_3.py for tasks to queue
[2025-02-08T10:57:55.120+0000] {logging_mixin.py:190} INFO - [2025-02-08T10:57:55.120+0000] {dagbag.py:588} INFO - Filling up the DagBag from /home/airflow/.local/lib/python3.12/site-packages/airflow/example_dags/example_branch_python_dop_operator_3.py
[2025-02-08T10:57:55.127+0000] {processor.py:925} INFO - DAG(s) 'example_branch_dop_operator_v3' retrieved from /home/airflow/.local/lib/python3.12/site-packages/airflow/example_dags/example_branch_python_dop_operator_3.py
[2025-02-08T10:57:55.141+0000] {logging_mixin.py:190} INFO - [2025-02-08T10:57:55.141+0000] {dag.py:3239} INFO - Sync 1 DAGs
[2025-02-08T10:57:55.160+0000] {logging_mixin.py:190} INFO - [2025-02-08T10:57:55.160+0000] {dag.py:4180} INFO - Setting next_dagrun for example_branch_dop_operator_v3 to 2025-02-08 10:56:00+00:00, run_after=2025-02-08 10:57:00+00:00
[2025-02-08T10:57:55.174+0000] {processor.py:208} INFO - Processing /home/airflow/.local/lib/python3.12/site-packages/airflow/example_dags/example_branch_python_dop_operator_3.py took 0.062 seconds
[2025-02-08T10:58:26.134+0000] {processor.py:186} INFO - Started process (PID=4199) to work on /home/airflow/.local/lib/python3.12/site-packages/airflow/example_dags/example_branch_python_dop_operator_3.py
[2025-02-08T10:58:26.135+0000] {processor.py:914} INFO - Processing file /home/airflow/.local/lib/python3.12/site-packages/airflow/example_dags/example_branch_python_dop_operator_3.py for tasks to queue
[2025-02-08T10:58:26.137+0000] {logging_mixin.py:190} INFO - [2025-02-08T10:58:26.137+0000] {dagbag.py:588} INFO - Filling up the DagBag from /home/airflow/.local/lib/python3.12/site-packages/airflow/example_dags/example_branch_python_dop_operator_3.py
[2025-02-08T10:58:26.147+0000] {processor.py:925} INFO - DAG(s) 'example_branch_dop_operator_v3' retrieved from /home/airflow/.local/lib/python3.12/site-packages/airflow/example_dags/example_branch_python_dop_operator_3.py
[2025-02-08T10:58:26.168+0000] {logging_mixin.py:190} INFO - [2025-02-08T10:58:26.168+0000] {dag.py:3239} INFO - Sync 1 DAGs
[2025-02-08T10:58:26.195+0000] {logging_mixin.py:190} INFO - [2025-02-08T10:58:26.195+0000] {dag.py:4180} INFO - Setting next_dagrun for example_branch_dop_operator_v3 to 2025-02-08 10:57:00+00:00, run_after=2025-02-08 10:58:00+00:00
[2025-02-08T10:58:26.218+0000] {processor.py:208} INFO - Processing /home/airflow/.local/lib/python3.12/site-packages/airflow/example_dags/example_branch_python_dop_operator_3.py took 0.090 seconds
[2025-02-08T10:58:56.827+0000] {processor.py:186} INFO - Started process (PID=4687) to work on /home/airflow/.local/lib/python3.12/site-packages/airflow/example_dags/example_branch_python_dop_operator_3.py
[2025-02-08T10:58:56.828+0000] {processor.py:914} INFO - Processing file /home/airflow/.local/lib/python3.12/site-packages/airflow/example_dags/example_branch_python_dop_operator_3.py for tasks to queue
[2025-02-08T10:58:56.829+0000] {logging_mixin.py:190} INFO - [2025-02-08T10:58:56.829+0000] {dagbag.py:588} INFO - Filling up the DagBag from /home/airflow/.local/lib/python3.12/site-packages/airflow/example_dags/example_branch_python_dop_operator_3.py
[2025-02-08T10:58:56.838+0000] {processor.py:925} INFO - DAG(s) 'example_branch_dop_operator_v3' retrieved from /home/airflow/.local/lib/python3.12/site-packages/airflow/example_dags/example_branch_python_dop_operator_3.py
[2025-02-08T10:58:56.852+0000] {logging_mixin.py:190} INFO - [2025-02-08T10:58:56.852+0000] {dag.py:3239} INFO - Sync 1 DAGs
[2025-02-08T10:58:56.872+0000] {logging_mixin.py:190} INFO - [2025-02-08T10:58:56.871+0000] {dag.py:4180} INFO - Setting next_dagrun for example_branch_dop_operator_v3 to 2025-02-08 10:57:00+00:00, run_after=2025-02-08 10:58:00+00:00
[2025-02-08T10:58:56.888+0000] {processor.py:208} INFO - Processing /home/airflow/.local/lib/python3.12/site-packages/airflow/example_dags/example_branch_python_dop_operator_3.py took 0.067 seconds
[2025-02-08T10:59:26.953+0000] {processor.py:186} INFO - Started process (PID=4973) to work on /home/airflow/.local/lib/python3.12/site-packages/airflow/example_dags/example_branch_python_dop_operator_3.py
[2025-02-08T10:59:26.954+0000] {processor.py:914} INFO - Processing file /home/airflow/.local/lib/python3.12/site-packages/airflow/example_dags/example_branch_python_dop_operator_3.py for tasks to queue
[2025-02-08T10:59:26.956+0000] {logging_mixin.py:190} INFO - [2025-02-08T10:59:26.956+0000] {dagbag.py:588} INFO - Filling up the DagBag from /home/airflow/.local/lib/python3.12/site-packages/airflow/example_dags/example_branch_python_dop_operator_3.py
[2025-02-08T10:59:26.966+0000] {processor.py:925} INFO - DAG(s) 'example_branch_dop_operator_v3' retrieved from /home/airflow/.local/lib/python3.12/site-packages/airflow/example_dags/example_branch_python_dop_operator_3.py
[2025-02-08T10:59:26.983+0000] {logging_mixin.py:190} INFO - [2025-02-08T10:59:26.982+0000] {dag.py:3239} INFO - Sync 1 DAGs
[2025-02-08T10:59:27.003+0000] {logging_mixin.py:190} INFO - [2025-02-08T10:59:27.003+0000] {dag.py:4180} INFO - Setting next_dagrun for example_branch_dop_operator_v3 to 2025-02-08 10:58:00+00:00, run_after=2025-02-08 10:59:00+00:00
[2025-02-08T10:59:27.019+0000] {processor.py:208} INFO - Processing /home/airflow/.local/lib/python3.12/site-packages/airflow/example_dags/example_branch_python_dop_operator_3.py took 0.071 seconds
[2025-02-08T11:01:56.151+0000] {processor.py:186} INFO - Started process (PID=193) to work on /home/airflow/.local/lib/python3.12/site-packages/airflow/example_dags/example_branch_python_dop_operator_3.py
[2025-02-08T11:01:56.152+0000] {processor.py:914} INFO - Processing file /home/airflow/.local/lib/python3.12/site-packages/airflow/example_dags/example_branch_python_dop_operator_3.py for tasks to queue
[2025-02-08T11:01:56.154+0000] {logging_mixin.py:190} INFO - [2025-02-08T11:01:56.153+0000] {dagbag.py:588} INFO - Filling up the DagBag from /home/airflow/.local/lib/python3.12/site-packages/airflow/example_dags/example_branch_python_dop_operator_3.py
[2025-02-08T11:01:56.162+0000] {processor.py:925} INFO - DAG(s) 'example_branch_dop_operator_v3' retrieved from /home/airflow/.local/lib/python3.12/site-packages/airflow/example_dags/example_branch_python_dop_operator_3.py
[2025-02-08T11:01:56.246+0000] {logging_mixin.py:190} INFO - [2025-02-08T11:01:56.246+0000] {override.py:1900} INFO - Created Permission View: can read on DAG:example_branch_dop_operator_v3
[2025-02-08T11:01:56.255+0000] {logging_mixin.py:190} INFO - [2025-02-08T11:01:56.255+0000] {override.py:1900} INFO - Created Permission View: can delete on DAG:example_branch_dop_operator_v3
[2025-02-08T11:01:56.261+0000] {logging_mixin.py:190} INFO - [2025-02-08T11:01:56.261+0000] {override.py:1900} INFO - Created Permission View: can edit on DAG:example_branch_dop_operator_v3
[2025-02-08T11:01:56.267+0000] {logging_mixin.py:190} INFO - [2025-02-08T11:01:56.267+0000] {override.py:1900} INFO - Created Permission View: menu access on DAG Run:example_branch_dop_operator_v3
[2025-02-08T11:01:56.272+0000] {logging_mixin.py:190} INFO - [2025-02-08T11:01:56.272+0000] {override.py:1900} INFO - Created Permission View: can read on DAG Run:example_branch_dop_operator_v3
[2025-02-08T11:01:56.278+0000] {logging_mixin.py:190} INFO - [2025-02-08T11:01:56.277+0000] {override.py:1900} INFO - Created Permission View: can create on DAG Run:example_branch_dop_operator_v3
[2025-02-08T11:01:56.282+0000] {logging_mixin.py:190} INFO - [2025-02-08T11:01:56.282+0000] {override.py:1900} INFO - Created Permission View: can delete on DAG Run:example_branch_dop_operator_v3
[2025-02-08T11:01:56.283+0000] {logging_mixin.py:190} INFO - [2025-02-08T11:01:56.282+0000] {dag.py:3239} INFO - Sync 1 DAGs
[2025-02-08T11:01:56.291+0000] {logging_mixin.py:190} INFO - [2025-02-08T11:01:56.291+0000] {dag.py:3262} INFO - Creating ORM DAG for example_branch_dop_operator_v3
[2025-02-08T11:01:56.301+0000] {logging_mixin.py:190} INFO - [2025-02-08T11:01:56.301+0000] {dag.py:4180} INFO - Setting next_dagrun for example_branch_dop_operator_v3 to 2025-02-08 11:00:00+00:00, run_after=2025-02-08 11:01:00+00:00
[2025-02-08T11:01:56.315+0000] {processor.py:208} INFO - Processing /home/airflow/.local/lib/python3.12/site-packages/airflow/example_dags/example_branch_python_dop_operator_3.py took 0.169 seconds
[2025-02-08T11:02:26.932+0000] {processor.py:186} INFO - Started process (PID=479) to work on /home/airflow/.local/lib/python3.12/site-packages/airflow/example_dags/example_branch_python_dop_operator_3.py
[2025-02-08T11:02:26.932+0000] {processor.py:914} INFO - Processing file /home/airflow/.local/lib/python3.12/site-packages/airflow/example_dags/example_branch_python_dop_operator_3.py for tasks to queue
[2025-02-08T11:02:26.934+0000] {logging_mixin.py:190} INFO - [2025-02-08T11:02:26.934+0000] {dagbag.py:588} INFO - Filling up the DagBag from /home/airflow/.local/lib/python3.12/site-packages/airflow/example_dags/example_branch_python_dop_operator_3.py
[2025-02-08T11:02:26.941+0000] {processor.py:925} INFO - DAG(s) 'example_branch_dop_operator_v3' retrieved from /home/airflow/.local/lib/python3.12/site-packages/airflow/example_dags/example_branch_python_dop_operator_3.py
[2025-02-08T11:02:26.955+0000] {logging_mixin.py:190} INFO - [2025-02-08T11:02:26.955+0000] {dag.py:3239} INFO - Sync 1 DAGs
[2025-02-08T11:02:26.975+0000] {logging_mixin.py:190} INFO - [2025-02-08T11:02:26.975+0000] {dag.py:4180} INFO - Setting next_dagrun for example_branch_dop_operator_v3 to 2025-02-08 11:01:00+00:00, run_after=2025-02-08 11:02:00+00:00
[2025-02-08T11:02:26.991+0000] {processor.py:208} INFO - Processing /home/airflow/.local/lib/python3.12/site-packages/airflow/example_dags/example_branch_python_dop_operator_3.py took 0.063 seconds
[2025-02-08T11:03:36.842+0000] {processor.py:186} INFO - Started process (PID=193) to work on /home/airflow/.local/lib/python3.12/site-packages/airflow/example_dags/example_branch_python_dop_operator_3.py
[2025-02-08T11:03:36.843+0000] {processor.py:914} INFO - Processing file /home/airflow/.local/lib/python3.12/site-packages/airflow/example_dags/example_branch_python_dop_operator_3.py for tasks to queue
[2025-02-08T11:03:36.844+0000] {logging_mixin.py:190} INFO - [2025-02-08T11:03:36.844+0000] {dagbag.py:588} INFO - Filling up the DagBag from /home/airflow/.local/lib/python3.12/site-packages/airflow/example_dags/example_branch_python_dop_operator_3.py
[2025-02-08T11:03:36.854+0000] {processor.py:925} INFO - DAG(s) 'example_branch_dop_operator_v3' retrieved from /home/airflow/.local/lib/python3.12/site-packages/airflow/example_dags/example_branch_python_dop_operator_3.py
[2025-02-08T11:03:36.874+0000] {logging_mixin.py:190} INFO - [2025-02-08T11:03:36.874+0000] {dag.py:3239} INFO - Sync 1 DAGs
[2025-02-08T11:03:36.897+0000] {logging_mixin.py:190} INFO - [2025-02-08T11:03:36.897+0000] {dag.py:4180} INFO - Setting next_dagrun for example_branch_dop_operator_v3 to 2025-02-08 11:02:00+00:00, run_after=2025-02-08 11:03:00+00:00
[2025-02-08T11:03:36.913+0000] {processor.py:208} INFO - Processing /home/airflow/.local/lib/python3.12/site-packages/airflow/example_dags/example_branch_python_dop_operator_3.py took 0.076 seconds
[2025-02-08T11:04:07.399+0000] {processor.py:186} INFO - Started process (PID=479) to work on /home/airflow/.local/lib/python3.12/site-packages/airflow/example_dags/example_branch_python_dop_operator_3.py
[2025-02-08T11:04:07.400+0000] {processor.py:914} INFO - Processing file /home/airflow/.local/lib/python3.12/site-packages/airflow/example_dags/example_branch_python_dop_operator_3.py for tasks to queue
[2025-02-08T11:04:07.403+0000] {logging_mixin.py:190} INFO - [2025-02-08T11:04:07.402+0000] {dagbag.py:588} INFO - Filling up the DagBag from /home/airflow/.local/lib/python3.12/site-packages/airflow/example_dags/example_branch_python_dop_operator_3.py
[2025-02-08T11:04:07.415+0000] {processor.py:925} INFO - DAG(s) 'example_branch_dop_operator_v3' retrieved from /home/airflow/.local/lib/python3.12/site-packages/airflow/example_dags/example_branch_python_dop_operator_3.py
[2025-02-08T11:04:07.435+0000] {logging_mixin.py:190} INFO - [2025-02-08T11:04:07.435+0000] {dag.py:3239} INFO - Sync 1 DAGs
[2025-02-08T11:04:07.460+0000] {logging_mixin.py:190} INFO - [2025-02-08T11:04:07.460+0000] {dag.py:4180} INFO - Setting next_dagrun for example_branch_dop_operator_v3 to 2025-02-08 11:03:00+00:00, run_after=2025-02-08 11:04:00+00:00
[2025-02-08T11:04:07.476+0000] {processor.py:208} INFO - Processing /home/airflow/.local/lib/python3.12/site-packages/airflow/example_dags/example_branch_python_dop_operator_3.py took 0.085 seconds
[2025-02-08T11:04:37.707+0000] {processor.py:186} INFO - Started process (PID=765) to work on /home/airflow/.local/lib/python3.12/site-packages/airflow/example_dags/example_branch_python_dop_operator_3.py
[2025-02-08T11:04:37.708+0000] {processor.py:914} INFO - Processing file /home/airflow/.local/lib/python3.12/site-packages/airflow/example_dags/example_branch_python_dop_operator_3.py for tasks to queue
[2025-02-08T11:04:37.710+0000] {logging_mixin.py:190} INFO - [2025-02-08T11:04:37.709+0000] {dagbag.py:588} INFO - Filling up the DagBag from /home/airflow/.local/lib/python3.12/site-packages/airflow/example_dags/example_branch_python_dop_operator_3.py
[2025-02-08T11:04:37.716+0000] {processor.py:925} INFO - DAG(s) 'example_branch_dop_operator_v3' retrieved from /home/airflow/.local/lib/python3.12/site-packages/airflow/example_dags/example_branch_python_dop_operator_3.py
[2025-02-08T11:04:37.730+0000] {logging_mixin.py:190} INFO - [2025-02-08T11:04:37.730+0000] {dag.py:3239} INFO - Sync 1 DAGs
[2025-02-08T11:04:37.751+0000] {logging_mixin.py:190} INFO - [2025-02-08T11:04:37.751+0000] {dag.py:4180} INFO - Setting next_dagrun for example_branch_dop_operator_v3 to 2025-02-08 11:03:00+00:00, run_after=2025-02-08 11:04:00+00:00
[2025-02-08T11:04:37.765+0000] {processor.py:208} INFO - Processing /home/airflow/.local/lib/python3.12/site-packages/airflow/example_dags/example_branch_python_dop_operator_3.py took 0.062 seconds
[2025-02-08T11:33:15.744+0000] {processor.py:186} INFO - Started process (PID=193) to work on /home/airflow/.local/lib/python3.12/site-packages/airflow/example_dags/example_branch_python_dop_operator_3.py
[2025-02-08T11:33:15.745+0000] {processor.py:914} INFO - Processing file /home/airflow/.local/lib/python3.12/site-packages/airflow/example_dags/example_branch_python_dop_operator_3.py for tasks to queue
[2025-02-08T11:33:15.747+0000] {logging_mixin.py:190} INFO - [2025-02-08T11:33:15.746+0000] {dagbag.py:588} INFO - Filling up the DagBag from /home/airflow/.local/lib/python3.12/site-packages/airflow/example_dags/example_branch_python_dop_operator_3.py
[2025-02-08T11:33:15.756+0000] {processor.py:925} INFO - DAG(s) 'example_branch_dop_operator_v3' retrieved from /home/airflow/.local/lib/python3.12/site-packages/airflow/example_dags/example_branch_python_dop_operator_3.py
[2025-02-08T11:33:15.851+0000] {logging_mixin.py:190} INFO - [2025-02-08T11:33:15.850+0000] {override.py:1900} INFO - Created Permission View: can edit on DAG:example_branch_dop_operator_v3
[2025-02-08T11:33:15.861+0000] {logging_mixin.py:190} INFO - [2025-02-08T11:33:15.860+0000] {override.py:1900} INFO - Created Permission View: can delete on DAG:example_branch_dop_operator_v3
[2025-02-08T11:33:15.867+0000] {logging_mixin.py:190} INFO - [2025-02-08T11:33:15.866+0000] {override.py:1900} INFO - Created Permission View: can read on DAG:example_branch_dop_operator_v3
[2025-02-08T11:33:15.874+0000] {logging_mixin.py:190} INFO - [2025-02-08T11:33:15.874+0000] {override.py:1900} INFO - Created Permission View: menu access on DAG Run:example_branch_dop_operator_v3
[2025-02-08T11:33:15.880+0000] {logging_mixin.py:190} INFO - [2025-02-08T11:33:15.880+0000] {override.py:1900} INFO - Created Permission View: can create on DAG Run:example_branch_dop_operator_v3
[2025-02-08T11:33:15.885+0000] {logging_mixin.py:190} INFO - [2025-02-08T11:33:15.885+0000] {override.py:1900} INFO - Created Permission View: can delete on DAG Run:example_branch_dop_operator_v3
[2025-02-08T11:33:15.891+0000] {logging_mixin.py:190} INFO - [2025-02-08T11:33:15.890+0000] {override.py:1900} INFO - Created Permission View: can read on DAG Run:example_branch_dop_operator_v3
[2025-02-08T11:33:15.891+0000] {logging_mixin.py:190} INFO - [2025-02-08T11:33:15.891+0000] {dag.py:3239} INFO - Sync 1 DAGs
[2025-02-08T11:33:15.900+0000] {logging_mixin.py:190} INFO - [2025-02-08T11:33:15.900+0000] {dag.py:3262} INFO - Creating ORM DAG for example_branch_dop_operator_v3
[2025-02-08T11:33:15.911+0000] {logging_mixin.py:190} INFO - [2025-02-08T11:33:15.911+0000] {dag.py:4180} INFO - Setting next_dagrun for example_branch_dop_operator_v3 to 2025-02-08 11:32:00+00:00, run_after=2025-02-08 11:33:00+00:00
[2025-02-08T11:33:15.925+0000] {processor.py:208} INFO - Processing /home/airflow/.local/lib/python3.12/site-packages/airflow/example_dags/example_branch_python_dop_operator_3.py took 0.185 seconds
[2025-02-08T11:33:46.755+0000] {processor.py:186} INFO - Started process (PID=479) to work on /home/airflow/.local/lib/python3.12/site-packages/airflow/example_dags/example_branch_python_dop_operator_3.py
[2025-02-08T11:33:46.756+0000] {processor.py:914} INFO - Processing file /home/airflow/.local/lib/python3.12/site-packages/airflow/example_dags/example_branch_python_dop_operator_3.py for tasks to queue
[2025-02-08T11:33:46.758+0000] {logging_mixin.py:190} INFO - [2025-02-08T11:33:46.758+0000] {dagbag.py:588} INFO - Filling up the DagBag from /home/airflow/.local/lib/python3.12/site-packages/airflow/example_dags/example_branch_python_dop_operator_3.py
[2025-02-08T11:33:46.770+0000] {processor.py:925} INFO - DAG(s) 'example_branch_dop_operator_v3' retrieved from /home/airflow/.local/lib/python3.12/site-packages/airflow/example_dags/example_branch_python_dop_operator_3.py
[2025-02-08T11:33:46.789+0000] {logging_mixin.py:190} INFO - [2025-02-08T11:33:46.788+0000] {dag.py:3239} INFO - Sync 1 DAGs
[2025-02-08T11:33:46.810+0000] {logging_mixin.py:190} INFO - [2025-02-08T11:33:46.809+0000] {dag.py:4180} INFO - Setting next_dagrun for example_branch_dop_operator_v3 to 2025-02-08 11:32:00+00:00, run_after=2025-02-08 11:33:00+00:00
[2025-02-08T11:33:46.828+0000] {processor.py:208} INFO - Processing /home/airflow/.local/lib/python3.12/site-packages/airflow/example_dags/example_branch_python_dop_operator_3.py took 0.077 seconds
[2025-02-08T11:34:17.299+0000] {processor.py:186} INFO - Started process (PID=765) to work on /home/airflow/.local/lib/python3.12/site-packages/airflow/example_dags/example_branch_python_dop_operator_3.py
[2025-02-08T11:34:17.299+0000] {processor.py:914} INFO - Processing file /home/airflow/.local/lib/python3.12/site-packages/airflow/example_dags/example_branch_python_dop_operator_3.py for tasks to queue
[2025-02-08T11:34:17.301+0000] {logging_mixin.py:190} INFO - [2025-02-08T11:34:17.301+0000] {dagbag.py:588} INFO - Filling up the DagBag from /home/airflow/.local/lib/python3.12/site-packages/airflow/example_dags/example_branch_python_dop_operator_3.py
[2025-02-08T11:34:17.309+0000] {processor.py:925} INFO - DAG(s) 'example_branch_dop_operator_v3' retrieved from /home/airflow/.local/lib/python3.12/site-packages/airflow/example_dags/example_branch_python_dop_operator_3.py
[2025-02-08T11:34:17.323+0000] {logging_mixin.py:190} INFO - [2025-02-08T11:34:17.323+0000] {dag.py:3239} INFO - Sync 1 DAGs
[2025-02-08T11:34:17.342+0000] {logging_mixin.py:190} INFO - [2025-02-08T11:34:17.342+0000] {dag.py:4180} INFO - Setting next_dagrun for example_branch_dop_operator_v3 to 2025-02-08 11:33:00+00:00, run_after=2025-02-08 11:34:00+00:00
[2025-02-08T11:34:17.355+0000] {processor.py:208} INFO - Processing /home/airflow/.local/lib/python3.12/site-packages/airflow/example_dags/example_branch_python_dop_operator_3.py took 0.061 seconds
[2025-02-08T11:34:47.484+0000] {processor.py:186} INFO - Started process (PID=1053) to work on /home/airflow/.local/lib/python3.12/site-packages/airflow/example_dags/example_branch_python_dop_operator_3.py
[2025-02-08T11:34:47.485+0000] {processor.py:914} INFO - Processing file /home/airflow/.local/lib/python3.12/site-packages/airflow/example_dags/example_branch_python_dop_operator_3.py for tasks to queue
[2025-02-08T11:34:47.487+0000] {logging_mixin.py:190} INFO - [2025-02-08T11:34:47.487+0000] {dagbag.py:588} INFO - Filling up the DagBag from /home/airflow/.local/lib/python3.12/site-packages/airflow/example_dags/example_branch_python_dop_operator_3.py
[2025-02-08T11:34:47.494+0000] {processor.py:925} INFO - DAG(s) 'example_branch_dop_operator_v3' retrieved from /home/airflow/.local/lib/python3.12/site-packages/airflow/example_dags/example_branch_python_dop_operator_3.py
[2025-02-08T11:34:47.508+0000] {logging_mixin.py:190} INFO - [2025-02-08T11:34:47.508+0000] {dag.py:3239} INFO - Sync 1 DAGs
[2025-02-08T11:34:47.527+0000] {logging_mixin.py:190} INFO - [2025-02-08T11:34:47.527+0000] {dag.py:4180} INFO - Setting next_dagrun for example_branch_dop_operator_v3 to 2025-02-08 11:33:00+00:00, run_after=2025-02-08 11:34:00+00:00
[2025-02-08T11:34:47.543+0000] {processor.py:208} INFO - Processing /home/airflow/.local/lib/python3.12/site-packages/airflow/example_dags/example_branch_python_dop_operator_3.py took 0.063 seconds
[2025-02-08T11:35:17.594+0000] {processor.py:186} INFO - Started process (PID=1337) to work on /home/airflow/.local/lib/python3.12/site-packages/airflow/example_dags/example_branch_python_dop_operator_3.py
[2025-02-08T11:35:17.595+0000] {processor.py:914} INFO - Processing file /home/airflow/.local/lib/python3.12/site-packages/airflow/example_dags/example_branch_python_dop_operator_3.py for tasks to queue
[2025-02-08T11:35:17.597+0000] {logging_mixin.py:190} INFO - [2025-02-08T11:35:17.597+0000] {dagbag.py:588} INFO - Filling up the DagBag from /home/airflow/.local/lib/python3.12/site-packages/airflow/example_dags/example_branch_python_dop_operator_3.py
[2025-02-08T11:35:17.604+0000] {processor.py:925} INFO - DAG(s) 'example_branch_dop_operator_v3' retrieved from /home/airflow/.local/lib/python3.12/site-packages/airflow/example_dags/example_branch_python_dop_operator_3.py
[2025-02-08T11:35:17.617+0000] {logging_mixin.py:190} INFO - [2025-02-08T11:35:17.617+0000] {dag.py:3239} INFO - Sync 1 DAGs
[2025-02-08T11:35:17.635+0000] {logging_mixin.py:190} INFO - [2025-02-08T11:35:17.635+0000] {dag.py:4180} INFO - Setting next_dagrun for example_branch_dop_operator_v3 to 2025-02-08 11:34:00+00:00, run_after=2025-02-08 11:35:00+00:00
[2025-02-08T11:35:17.650+0000] {processor.py:208} INFO - Processing /home/airflow/.local/lib/python3.12/site-packages/airflow/example_dags/example_branch_python_dop_operator_3.py took 0.061 seconds
