[2025-02-08T10:51:24.139+0000] {processor.py:186} INFO - Started process (PID=338) to work on /home/airflow/.local/lib/python3.12/site-packages/airflow/example_dags/example_outlet_event_extra.py
[2025-02-08T10:51:24.140+0000] {processor.py:914} INFO - Processing file /home/airflow/.local/lib/python3.12/site-packages/airflow/example_dags/example_outlet_event_extra.py for tasks to queue
[2025-02-08T10:51:24.142+0000] {logging_mixin.py:190} INFO - [2025-02-08T10:51:24.141+0000] {dagbag.py:588} INFO - Filling up the DagBag from /home/airflow/.local/lib/python3.12/site-packages/airflow/example_dags/example_outlet_event_extra.py
[2025-02-08T10:51:24.253+0000] {processor.py:925} INFO - DAG(s) 'dataset_with_extra_by_yield', 'dataset_with_extra_by_context', 'dataset_with_extra_from_classic_operator' retrieved from /home/airflow/.local/lib/python3.12/site-packages/airflow/example_dags/example_outlet_event_extra.py
[2025-02-08T10:51:24.336+0000] {logging_mixin.py:190} INFO - [2025-02-08T10:51:24.336+0000] {override.py:1900} INFO - Created Permission View: can delete on DAG:dataset_with_extra_by_yield
[2025-02-08T10:51:24.345+0000] {logging_mixin.py:190} INFO - [2025-02-08T10:51:24.345+0000] {override.py:1900} INFO - Created Permission View: can read on DAG:dataset_with_extra_by_yield
[2025-02-08T10:51:24.351+0000] {logging_mixin.py:190} INFO - [2025-02-08T10:51:24.350+0000] {override.py:1900} INFO - Created Permission View: can edit on DAG:dataset_with_extra_by_yield
[2025-02-08T10:51:24.357+0000] {logging_mixin.py:190} INFO - [2025-02-08T10:51:24.357+0000] {override.py:1900} INFO - Created Permission View: can delete on DAG Run:dataset_with_extra_by_yield
[2025-02-08T10:51:24.365+0000] {logging_mixin.py:190} INFO - [2025-02-08T10:51:24.364+0000] {override.py:1900} INFO - Created Permission View: can read on DAG Run:dataset_with_extra_by_yield
[2025-02-08T10:51:24.371+0000] {logging_mixin.py:190} INFO - [2025-02-08T10:51:24.370+0000] {override.py:1900} INFO - Created Permission View: menu access on DAG Run:dataset_with_extra_by_yield
[2025-02-08T10:51:24.378+0000] {logging_mixin.py:190} INFO - [2025-02-08T10:51:24.378+0000] {override.py:1900} INFO - Created Permission View: can create on DAG Run:dataset_with_extra_by_yield
[2025-02-08T10:51:24.391+0000] {logging_mixin.py:190} INFO - [2025-02-08T10:51:24.391+0000] {override.py:1900} INFO - Created Permission View: can delete on DAG:dataset_with_extra_by_context
[2025-02-08T10:51:24.397+0000] {logging_mixin.py:190} INFO - [2025-02-08T10:51:24.397+0000] {override.py:1900} INFO - Created Permission View: can read on DAG:dataset_with_extra_by_context
[2025-02-08T10:51:24.404+0000] {logging_mixin.py:190} INFO - [2025-02-08T10:51:24.403+0000] {override.py:1900} INFO - Created Permission View: can edit on DAG:dataset_with_extra_by_context
[2025-02-08T10:51:24.411+0000] {logging_mixin.py:190} INFO - [2025-02-08T10:51:24.411+0000] {override.py:1900} INFO - Created Permission View: can delete on DAG Run:dataset_with_extra_by_context
[2025-02-08T10:51:24.417+0000] {logging_mixin.py:190} INFO - [2025-02-08T10:51:24.417+0000] {override.py:1900} INFO - Created Permission View: can read on DAG Run:dataset_with_extra_by_context
[2025-02-08T10:51:24.423+0000] {logging_mixin.py:190} INFO - [2025-02-08T10:51:24.423+0000] {override.py:1900} INFO - Created Permission View: menu access on DAG Run:dataset_with_extra_by_context
[2025-02-08T10:51:24.429+0000] {logging_mixin.py:190} INFO - [2025-02-08T10:51:24.429+0000] {override.py:1900} INFO - Created Permission View: can create on DAG Run:dataset_with_extra_by_context
[2025-02-08T10:51:24.443+0000] {logging_mixin.py:190} INFO - [2025-02-08T10:51:24.442+0000] {override.py:1900} INFO - Created Permission View: can delete on DAG:dataset_with_extra_from_classic_operator
[2025-02-08T10:51:24.449+0000] {logging_mixin.py:190} INFO - [2025-02-08T10:51:24.449+0000] {override.py:1900} INFO - Created Permission View: can read on DAG:dataset_with_extra_from_classic_operator
[2025-02-08T10:51:24.455+0000] {logging_mixin.py:190} INFO - [2025-02-08T10:51:24.455+0000] {override.py:1900} INFO - Created Permission View: can edit on DAG:dataset_with_extra_from_classic_operator
[2025-02-08T10:51:24.463+0000] {logging_mixin.py:190} INFO - [2025-02-08T10:51:24.462+0000] {override.py:1900} INFO - Created Permission View: can delete on DAG Run:dataset_with_extra_from_classic_operator
[2025-02-08T10:51:24.469+0000] {logging_mixin.py:190} INFO - [2025-02-08T10:51:24.469+0000] {override.py:1900} INFO - Created Permission View: can read on DAG Run:dataset_with_extra_from_classic_operator
[2025-02-08T10:51:24.475+0000] {logging_mixin.py:190} INFO - [2025-02-08T10:51:24.474+0000] {override.py:1900} INFO - Created Permission View: menu access on DAG Run:dataset_with_extra_from_classic_operator
[2025-02-08T10:51:24.481+0000] {logging_mixin.py:190} INFO - [2025-02-08T10:51:24.480+0000] {override.py:1900} INFO - Created Permission View: can create on DAG Run:dataset_with_extra_from_classic_operator
[2025-02-08T10:51:24.481+0000] {logging_mixin.py:190} INFO - [2025-02-08T10:51:24.481+0000] {dag.py:3239} INFO - Sync 3 DAGs
[2025-02-08T10:51:24.490+0000] {logging_mixin.py:190} INFO - [2025-02-08T10:51:24.490+0000] {dag.py:3262} INFO - Creating ORM DAG for dataset_with_extra_by_context
[2025-02-08T10:51:24.491+0000] {logging_mixin.py:190} INFO - [2025-02-08T10:51:24.491+0000] {dag.py:3262} INFO - Creating ORM DAG for dataset_with_extra_by_yield
[2025-02-08T10:51:24.492+0000] {logging_mixin.py:190} INFO - [2025-02-08T10:51:24.492+0000] {dag.py:3262} INFO - Creating ORM DAG for dataset_with_extra_from_classic_operator
[2025-02-08T10:51:24.502+0000] {logging_mixin.py:190} INFO - [2025-02-08T10:51:24.502+0000] {dag.py:4180} INFO - Setting next_dagrun for dataset_with_extra_by_context to 2025-02-07 00:00:00+00:00, run_after=2025-02-08 00:00:00+00:00
[2025-02-08T10:51:24.504+0000] {logging_mixin.py:190} INFO - [2025-02-08T10:51:24.504+0000] {dag.py:4180} INFO - Setting next_dagrun for dataset_with_extra_by_yield to 2025-02-07 00:00:00+00:00, run_after=2025-02-08 00:00:00+00:00
[2025-02-08T10:51:24.505+0000] {logging_mixin.py:190} INFO - [2025-02-08T10:51:24.505+0000] {dag.py:4180} INFO - Setting next_dagrun for dataset_with_extra_from_classic_operator to 2025-02-07 00:00:00+00:00, run_after=2025-02-08 00:00:00+00:00
[2025-02-08T10:51:24.524+0000] {processor.py:208} INFO - Processing /home/airflow/.local/lib/python3.12/site-packages/airflow/example_dags/example_outlet_event_extra.py took 0.391 seconds
[2025-02-08T10:51:54.609+0000] {processor.py:186} INFO - Started process (PID=624) to work on /home/airflow/.local/lib/python3.12/site-packages/airflow/example_dags/example_outlet_event_extra.py
[2025-02-08T10:51:54.610+0000] {processor.py:914} INFO - Processing file /home/airflow/.local/lib/python3.12/site-packages/airflow/example_dags/example_outlet_event_extra.py for tasks to queue
[2025-02-08T10:51:54.612+0000] {logging_mixin.py:190} INFO - [2025-02-08T10:51:54.611+0000] {dagbag.py:588} INFO - Filling up the DagBag from /home/airflow/.local/lib/python3.12/site-packages/airflow/example_dags/example_outlet_event_extra.py
[2025-02-08T10:51:54.715+0000] {processor.py:925} INFO - DAG(s) 'dataset_with_extra_by_context', 'dataset_with_extra_by_yield', 'dataset_with_extra_from_classic_operator' retrieved from /home/airflow/.local/lib/python3.12/site-packages/airflow/example_dags/example_outlet_event_extra.py
[2025-02-08T10:51:54.736+0000] {logging_mixin.py:190} INFO - [2025-02-08T10:51:54.736+0000] {dag.py:3239} INFO - Sync 3 DAGs
[2025-02-08T10:51:54.756+0000] {logging_mixin.py:190} INFO - [2025-02-08T10:51:54.756+0000] {dag.py:4180} INFO - Setting next_dagrun for dataset_with_extra_by_context to 2025-02-07 00:00:00+00:00, run_after=2025-02-08 00:00:00+00:00
[2025-02-08T10:51:54.760+0000] {logging_mixin.py:190} INFO - [2025-02-08T10:51:54.760+0000] {dag.py:4180} INFO - Setting next_dagrun for dataset_with_extra_by_yield to 2025-02-07 00:00:00+00:00, run_after=2025-02-08 00:00:00+00:00
[2025-02-08T10:51:54.763+0000] {logging_mixin.py:190} INFO - [2025-02-08T10:51:54.763+0000] {dag.py:4180} INFO - Setting next_dagrun for dataset_with_extra_from_classic_operator to 2025-02-07 00:00:00+00:00, run_after=2025-02-08 00:00:00+00:00
[2025-02-08T10:51:54.782+0000] {processor.py:208} INFO - Processing /home/airflow/.local/lib/python3.12/site-packages/airflow/example_dags/example_outlet_event_extra.py took 0.178 seconds
[2025-02-08T10:52:25.727+0000] {processor.py:186} INFO - Started process (PID=910) to work on /home/airflow/.local/lib/python3.12/site-packages/airflow/example_dags/example_outlet_event_extra.py
[2025-02-08T10:52:25.728+0000] {processor.py:914} INFO - Processing file /home/airflow/.local/lib/python3.12/site-packages/airflow/example_dags/example_outlet_event_extra.py for tasks to queue
[2025-02-08T10:52:25.730+0000] {logging_mixin.py:190} INFO - [2025-02-08T10:52:25.729+0000] {dagbag.py:588} INFO - Filling up the DagBag from /home/airflow/.local/lib/python3.12/site-packages/airflow/example_dags/example_outlet_event_extra.py
[2025-02-08T10:52:25.824+0000] {processor.py:925} INFO - DAG(s) 'dataset_with_extra_by_yield', 'dataset_with_extra_by_context', 'dataset_with_extra_from_classic_operator' retrieved from /home/airflow/.local/lib/python3.12/site-packages/airflow/example_dags/example_outlet_event_extra.py
[2025-02-08T10:52:25.842+0000] {logging_mixin.py:190} INFO - [2025-02-08T10:52:25.842+0000] {dag.py:3239} INFO - Sync 3 DAGs
[2025-02-08T10:52:25.860+0000] {logging_mixin.py:190} INFO - [2025-02-08T10:52:25.860+0000] {dag.py:4180} INFO - Setting next_dagrun for dataset_with_extra_by_context to 2025-02-07 00:00:00+00:00, run_after=2025-02-08 00:00:00+00:00
[2025-02-08T10:52:25.864+0000] {logging_mixin.py:190} INFO - [2025-02-08T10:52:25.864+0000] {dag.py:4180} INFO - Setting next_dagrun for dataset_with_extra_by_yield to 2025-02-07 00:00:00+00:00, run_after=2025-02-08 00:00:00+00:00
[2025-02-08T10:52:25.866+0000] {logging_mixin.py:190} INFO - [2025-02-08T10:52:25.866+0000] {dag.py:4180} INFO - Setting next_dagrun for dataset_with_extra_from_classic_operator to 2025-02-07 00:00:00+00:00, run_after=2025-02-08 00:00:00+00:00
[2025-02-08T10:52:25.885+0000] {processor.py:208} INFO - Processing /home/airflow/.local/lib/python3.12/site-packages/airflow/example_dags/example_outlet_event_extra.py took 0.163 seconds
[2025-02-08T10:52:55.964+0000] {processor.py:186} INFO - Started process (PID=1196) to work on /home/airflow/.local/lib/python3.12/site-packages/airflow/example_dags/example_outlet_event_extra.py
[2025-02-08T10:52:55.965+0000] {processor.py:914} INFO - Processing file /home/airflow/.local/lib/python3.12/site-packages/airflow/example_dags/example_outlet_event_extra.py for tasks to queue
[2025-02-08T10:52:55.966+0000] {logging_mixin.py:190} INFO - [2025-02-08T10:52:55.966+0000] {dagbag.py:588} INFO - Filling up the DagBag from /home/airflow/.local/lib/python3.12/site-packages/airflow/example_dags/example_outlet_event_extra.py
[2025-02-08T10:52:56.065+0000] {processor.py:925} INFO - DAG(s) 'dataset_with_extra_by_context', 'dataset_with_extra_from_classic_operator', 'dataset_with_extra_by_yield' retrieved from /home/airflow/.local/lib/python3.12/site-packages/airflow/example_dags/example_outlet_event_extra.py
[2025-02-08T10:52:56.086+0000] {logging_mixin.py:190} INFO - [2025-02-08T10:52:56.086+0000] {dag.py:3239} INFO - Sync 3 DAGs
[2025-02-08T10:52:56.105+0000] {logging_mixin.py:190} INFO - [2025-02-08T10:52:56.105+0000] {dag.py:4180} INFO - Setting next_dagrun for dataset_with_extra_by_context to 2025-02-07 00:00:00+00:00, run_after=2025-02-08 00:00:00+00:00
[2025-02-08T10:52:56.109+0000] {logging_mixin.py:190} INFO - [2025-02-08T10:52:56.109+0000] {dag.py:4180} INFO - Setting next_dagrun for dataset_with_extra_by_yield to 2025-02-07 00:00:00+00:00, run_after=2025-02-08 00:00:00+00:00
[2025-02-08T10:52:56.111+0000] {logging_mixin.py:190} INFO - [2025-02-08T10:52:56.111+0000] {dag.py:4180} INFO - Setting next_dagrun for dataset_with_extra_from_classic_operator to 2025-02-07 00:00:00+00:00, run_after=2025-02-08 00:00:00+00:00
[2025-02-08T10:52:56.129+0000] {processor.py:208} INFO - Processing /home/airflow/.local/lib/python3.12/site-packages/airflow/example_dags/example_outlet_event_extra.py took 0.170 seconds
[2025-02-08T10:53:26.174+0000] {processor.py:186} INFO - Started process (PID=1482) to work on /home/airflow/.local/lib/python3.12/site-packages/airflow/example_dags/example_outlet_event_extra.py
[2025-02-08T10:53:26.175+0000] {processor.py:914} INFO - Processing file /home/airflow/.local/lib/python3.12/site-packages/airflow/example_dags/example_outlet_event_extra.py for tasks to queue
[2025-02-08T10:53:26.176+0000] {logging_mixin.py:190} INFO - [2025-02-08T10:53:26.176+0000] {dagbag.py:588} INFO - Filling up the DagBag from /home/airflow/.local/lib/python3.12/site-packages/airflow/example_dags/example_outlet_event_extra.py
[2025-02-08T10:53:26.264+0000] {processor.py:925} INFO - DAG(s) 'dataset_with_extra_by_yield', 'dataset_with_extra_by_context', 'dataset_with_extra_from_classic_operator' retrieved from /home/airflow/.local/lib/python3.12/site-packages/airflow/example_dags/example_outlet_event_extra.py
[2025-02-08T10:53:26.282+0000] {logging_mixin.py:190} INFO - [2025-02-08T10:53:26.282+0000] {dag.py:3239} INFO - Sync 3 DAGs
[2025-02-08T10:53:26.299+0000] {logging_mixin.py:190} INFO - [2025-02-08T10:53:26.299+0000] {dag.py:4180} INFO - Setting next_dagrun for dataset_with_extra_by_context to 2025-02-07 00:00:00+00:00, run_after=2025-02-08 00:00:00+00:00
[2025-02-08T10:53:26.304+0000] {logging_mixin.py:190} INFO - [2025-02-08T10:53:26.304+0000] {dag.py:4180} INFO - Setting next_dagrun for dataset_with_extra_by_yield to 2025-02-07 00:00:00+00:00, run_after=2025-02-08 00:00:00+00:00
[2025-02-08T10:53:26.307+0000] {logging_mixin.py:190} INFO - [2025-02-08T10:53:26.306+0000] {dag.py:4180} INFO - Setting next_dagrun for dataset_with_extra_from_classic_operator to 2025-02-07 00:00:00+00:00, run_after=2025-02-08 00:00:00+00:00
[2025-02-08T10:53:26.323+0000] {processor.py:208} INFO - Processing /home/airflow/.local/lib/python3.12/site-packages/airflow/example_dags/example_outlet_event_extra.py took 0.153 seconds
[2025-02-08T10:53:56.419+0000] {processor.py:186} INFO - Started process (PID=1768) to work on /home/airflow/.local/lib/python3.12/site-packages/airflow/example_dags/example_outlet_event_extra.py
[2025-02-08T10:53:56.420+0000] {processor.py:914} INFO - Processing file /home/airflow/.local/lib/python3.12/site-packages/airflow/example_dags/example_outlet_event_extra.py for tasks to queue
[2025-02-08T10:53:56.422+0000] {logging_mixin.py:190} INFO - [2025-02-08T10:53:56.422+0000] {dagbag.py:588} INFO - Filling up the DagBag from /home/airflow/.local/lib/python3.12/site-packages/airflow/example_dags/example_outlet_event_extra.py
[2025-02-08T10:53:56.525+0000] {processor.py:925} INFO - DAG(s) 'dataset_with_extra_by_yield', 'dataset_with_extra_from_classic_operator', 'dataset_with_extra_by_context' retrieved from /home/airflow/.local/lib/python3.12/site-packages/airflow/example_dags/example_outlet_event_extra.py
[2025-02-08T10:53:56.546+0000] {logging_mixin.py:190} INFO - [2025-02-08T10:53:56.546+0000] {dag.py:3239} INFO - Sync 3 DAGs
[2025-02-08T10:53:56.570+0000] {logging_mixin.py:190} INFO - [2025-02-08T10:53:56.570+0000] {dag.py:4180} INFO - Setting next_dagrun for dataset_with_extra_by_context to 2025-02-07 00:00:00+00:00, run_after=2025-02-08 00:00:00+00:00
[2025-02-08T10:53:56.574+0000] {logging_mixin.py:190} INFO - [2025-02-08T10:53:56.574+0000] {dag.py:4180} INFO - Setting next_dagrun for dataset_with_extra_by_yield to 2025-02-07 00:00:00+00:00, run_after=2025-02-08 00:00:00+00:00
[2025-02-08T10:53:56.577+0000] {logging_mixin.py:190} INFO - [2025-02-08T10:53:56.577+0000] {dag.py:4180} INFO - Setting next_dagrun for dataset_with_extra_from_classic_operator to 2025-02-07 00:00:00+00:00, run_after=2025-02-08 00:00:00+00:00
[2025-02-08T10:53:56.597+0000] {processor.py:208} INFO - Processing /home/airflow/.local/lib/python3.12/site-packages/airflow/example_dags/example_outlet_event_extra.py took 0.184 seconds
[2025-02-08T10:54:26.639+0000] {processor.py:186} INFO - Started process (PID=2054) to work on /home/airflow/.local/lib/python3.12/site-packages/airflow/example_dags/example_outlet_event_extra.py
[2025-02-08T10:54:26.640+0000] {processor.py:914} INFO - Processing file /home/airflow/.local/lib/python3.12/site-packages/airflow/example_dags/example_outlet_event_extra.py for tasks to queue
[2025-02-08T10:54:26.641+0000] {logging_mixin.py:190} INFO - [2025-02-08T10:54:26.641+0000] {dagbag.py:588} INFO - Filling up the DagBag from /home/airflow/.local/lib/python3.12/site-packages/airflow/example_dags/example_outlet_event_extra.py
[2025-02-08T10:54:26.730+0000] {processor.py:925} INFO - DAG(s) 'dataset_with_extra_by_context', 'dataset_with_extra_by_yield', 'dataset_with_extra_from_classic_operator' retrieved from /home/airflow/.local/lib/python3.12/site-packages/airflow/example_dags/example_outlet_event_extra.py
[2025-02-08T10:54:26.749+0000] {logging_mixin.py:190} INFO - [2025-02-08T10:54:26.749+0000] {dag.py:3239} INFO - Sync 3 DAGs
[2025-02-08T10:54:26.769+0000] {logging_mixin.py:190} INFO - [2025-02-08T10:54:26.769+0000] {dag.py:4180} INFO - Setting next_dagrun for dataset_with_extra_by_context to 2025-02-07 00:00:00+00:00, run_after=2025-02-08 00:00:00+00:00
[2025-02-08T10:54:26.773+0000] {logging_mixin.py:190} INFO - [2025-02-08T10:54:26.773+0000] {dag.py:4180} INFO - Setting next_dagrun for dataset_with_extra_by_yield to 2025-02-07 00:00:00+00:00, run_after=2025-02-08 00:00:00+00:00
[2025-02-08T10:54:26.775+0000] {logging_mixin.py:190} INFO - [2025-02-08T10:54:26.775+0000] {dag.py:4180} INFO - Setting next_dagrun for dataset_with_extra_from_classic_operator to 2025-02-07 00:00:00+00:00, run_after=2025-02-08 00:00:00+00:00
[2025-02-08T10:54:26.795+0000] {processor.py:208} INFO - Processing /home/airflow/.local/lib/python3.12/site-packages/airflow/example_dags/example_outlet_event_extra.py took 0.160 seconds
[2025-02-08T10:54:56.963+0000] {processor.py:186} INFO - Started process (PID=2340) to work on /home/airflow/.local/lib/python3.12/site-packages/airflow/example_dags/example_outlet_event_extra.py
[2025-02-08T10:54:56.964+0000] {processor.py:914} INFO - Processing file /home/airflow/.local/lib/python3.12/site-packages/airflow/example_dags/example_outlet_event_extra.py for tasks to queue
[2025-02-08T10:54:56.966+0000] {logging_mixin.py:190} INFO - [2025-02-08T10:54:56.965+0000] {dagbag.py:588} INFO - Filling up the DagBag from /home/airflow/.local/lib/python3.12/site-packages/airflow/example_dags/example_outlet_event_extra.py
[2025-02-08T10:54:57.072+0000] {processor.py:925} INFO - DAG(s) 'dataset_with_extra_from_classic_operator', 'dataset_with_extra_by_yield', 'dataset_with_extra_by_context' retrieved from /home/airflow/.local/lib/python3.12/site-packages/airflow/example_dags/example_outlet_event_extra.py
[2025-02-08T10:54:57.094+0000] {logging_mixin.py:190} INFO - [2025-02-08T10:54:57.093+0000] {dag.py:3239} INFO - Sync 3 DAGs
[2025-02-08T10:54:57.117+0000] {logging_mixin.py:190} INFO - [2025-02-08T10:54:57.116+0000] {dag.py:4180} INFO - Setting next_dagrun for dataset_with_extra_by_context to 2025-02-07 00:00:00+00:00, run_after=2025-02-08 00:00:00+00:00
[2025-02-08T10:54:57.121+0000] {logging_mixin.py:190} INFO - [2025-02-08T10:54:57.121+0000] {dag.py:4180} INFO - Setting next_dagrun for dataset_with_extra_by_yield to 2025-02-07 00:00:00+00:00, run_after=2025-02-08 00:00:00+00:00
[2025-02-08T10:54:57.125+0000] {logging_mixin.py:190} INFO - [2025-02-08T10:54:57.124+0000] {dag.py:4180} INFO - Setting next_dagrun for dataset_with_extra_from_classic_operator to 2025-02-07 00:00:00+00:00, run_after=2025-02-08 00:00:00+00:00
[2025-02-08T10:54:57.148+0000] {processor.py:208} INFO - Processing /home/airflow/.local/lib/python3.12/site-packages/airflow/example_dags/example_outlet_event_extra.py took 0.190 seconds
[2025-02-08T10:55:27.263+0000] {processor.py:186} INFO - Started process (PID=2626) to work on /home/airflow/.local/lib/python3.12/site-packages/airflow/example_dags/example_outlet_event_extra.py
[2025-02-08T10:55:27.264+0000] {processor.py:914} INFO - Processing file /home/airflow/.local/lib/python3.12/site-packages/airflow/example_dags/example_outlet_event_extra.py for tasks to queue
[2025-02-08T10:55:27.266+0000] {logging_mixin.py:190} INFO - [2025-02-08T10:55:27.265+0000] {dagbag.py:588} INFO - Filling up the DagBag from /home/airflow/.local/lib/python3.12/site-packages/airflow/example_dags/example_outlet_event_extra.py
[2025-02-08T10:55:27.367+0000] {processor.py:925} INFO - DAG(s) 'dataset_with_extra_by_context', 'dataset_with_extra_from_classic_operator', 'dataset_with_extra_by_yield' retrieved from /home/airflow/.local/lib/python3.12/site-packages/airflow/example_dags/example_outlet_event_extra.py
[2025-02-08T10:55:27.386+0000] {logging_mixin.py:190} INFO - [2025-02-08T10:55:27.386+0000] {dag.py:3239} INFO - Sync 3 DAGs
[2025-02-08T10:55:27.410+0000] {logging_mixin.py:190} INFO - [2025-02-08T10:55:27.410+0000] {dag.py:4180} INFO - Setting next_dagrun for dataset_with_extra_by_context to 2025-02-07 00:00:00+00:00, run_after=2025-02-08 00:00:00+00:00
[2025-02-08T10:55:27.414+0000] {logging_mixin.py:190} INFO - [2025-02-08T10:55:27.414+0000] {dag.py:4180} INFO - Setting next_dagrun for dataset_with_extra_by_yield to 2025-02-07 00:00:00+00:00, run_after=2025-02-08 00:00:00+00:00
[2025-02-08T10:55:27.416+0000] {logging_mixin.py:190} INFO - [2025-02-08T10:55:27.416+0000] {dag.py:4180} INFO - Setting next_dagrun for dataset_with_extra_from_classic_operator to 2025-02-07 00:00:00+00:00, run_after=2025-02-08 00:00:00+00:00
[2025-02-08T10:55:27.437+0000] {processor.py:208} INFO - Processing /home/airflow/.local/lib/python3.12/site-packages/airflow/example_dags/example_outlet_event_extra.py took 0.178 seconds
[2025-02-08T10:55:57.544+0000] {processor.py:186} INFO - Started process (PID=2917) to work on /home/airflow/.local/lib/python3.12/site-packages/airflow/example_dags/example_outlet_event_extra.py
[2025-02-08T10:55:57.545+0000] {processor.py:914} INFO - Processing file /home/airflow/.local/lib/python3.12/site-packages/airflow/example_dags/example_outlet_event_extra.py for tasks to queue
[2025-02-08T10:55:57.547+0000] {logging_mixin.py:190} INFO - [2025-02-08T10:55:57.547+0000] {dagbag.py:588} INFO - Filling up the DagBag from /home/airflow/.local/lib/python3.12/site-packages/airflow/example_dags/example_outlet_event_extra.py
[2025-02-08T10:55:57.642+0000] {processor.py:925} INFO - DAG(s) 'dataset_with_extra_by_context', 'dataset_with_extra_by_yield', 'dataset_with_extra_from_classic_operator' retrieved from /home/airflow/.local/lib/python3.12/site-packages/airflow/example_dags/example_outlet_event_extra.py
[2025-02-08T10:55:57.661+0000] {logging_mixin.py:190} INFO - [2025-02-08T10:55:57.661+0000] {dag.py:3239} INFO - Sync 3 DAGs
[2025-02-08T10:55:57.683+0000] {logging_mixin.py:190} INFO - [2025-02-08T10:55:57.683+0000] {dag.py:4180} INFO - Setting next_dagrun for dataset_with_extra_by_context to 2025-02-07 00:00:00+00:00, run_after=2025-02-08 00:00:00+00:00
[2025-02-08T10:55:57.687+0000] {logging_mixin.py:190} INFO - [2025-02-08T10:55:57.687+0000] {dag.py:4180} INFO - Setting next_dagrun for dataset_with_extra_by_yield to 2025-02-07 00:00:00+00:00, run_after=2025-02-08 00:00:00+00:00
[2025-02-08T10:55:57.690+0000] {logging_mixin.py:190} INFO - [2025-02-08T10:55:57.689+0000] {dag.py:4180} INFO - Setting next_dagrun for dataset_with_extra_from_classic_operator to 2025-02-07 00:00:00+00:00, run_after=2025-02-08 00:00:00+00:00
[2025-02-08T10:55:57.708+0000] {processor.py:208} INFO - Processing /home/airflow/.local/lib/python3.12/site-packages/airflow/example_dags/example_outlet_event_extra.py took 0.169 seconds
[2025-02-08T10:56:27.844+0000] {processor.py:186} INFO - Started process (PID=3203) to work on /home/airflow/.local/lib/python3.12/site-packages/airflow/example_dags/example_outlet_event_extra.py
[2025-02-08T10:56:27.844+0000] {processor.py:914} INFO - Processing file /home/airflow/.local/lib/python3.12/site-packages/airflow/example_dags/example_outlet_event_extra.py for tasks to queue
[2025-02-08T10:56:27.846+0000] {logging_mixin.py:190} INFO - [2025-02-08T10:56:27.846+0000] {dagbag.py:588} INFO - Filling up the DagBag from /home/airflow/.local/lib/python3.12/site-packages/airflow/example_dags/example_outlet_event_extra.py
[2025-02-08T10:56:27.945+0000] {processor.py:925} INFO - DAG(s) 'dataset_with_extra_by_context', 'dataset_with_extra_from_classic_operator', 'dataset_with_extra_by_yield' retrieved from /home/airflow/.local/lib/python3.12/site-packages/airflow/example_dags/example_outlet_event_extra.py
[2025-02-08T10:56:27.964+0000] {logging_mixin.py:190} INFO - [2025-02-08T10:56:27.964+0000] {dag.py:3239} INFO - Sync 3 DAGs
[2025-02-08T10:56:27.983+0000] {logging_mixin.py:190} INFO - [2025-02-08T10:56:27.982+0000] {dag.py:4180} INFO - Setting next_dagrun for dataset_with_extra_by_context to 2025-02-07 00:00:00+00:00, run_after=2025-02-08 00:00:00+00:00
[2025-02-08T10:56:27.986+0000] {logging_mixin.py:190} INFO - [2025-02-08T10:56:27.986+0000] {dag.py:4180} INFO - Setting next_dagrun for dataset_with_extra_by_yield to 2025-02-07 00:00:00+00:00, run_after=2025-02-08 00:00:00+00:00
[2025-02-08T10:56:27.987+0000] {logging_mixin.py:190} INFO - [2025-02-08T10:56:27.987+0000] {dag.py:4180} INFO - Setting next_dagrun for dataset_with_extra_from_classic_operator to 2025-02-07 00:00:00+00:00, run_after=2025-02-08 00:00:00+00:00
[2025-02-08T10:56:28.004+0000] {processor.py:208} INFO - Processing /home/airflow/.local/lib/python3.12/site-packages/airflow/example_dags/example_outlet_event_extra.py took 0.166 seconds
[2025-02-08T10:56:58.046+0000] {processor.py:186} INFO - Started process (PID=3491) to work on /home/airflow/.local/lib/python3.12/site-packages/airflow/example_dags/example_outlet_event_extra.py
[2025-02-08T10:56:58.047+0000] {processor.py:914} INFO - Processing file /home/airflow/.local/lib/python3.12/site-packages/airflow/example_dags/example_outlet_event_extra.py for tasks to queue
[2025-02-08T10:56:58.049+0000] {logging_mixin.py:190} INFO - [2025-02-08T10:56:58.048+0000] {dagbag.py:588} INFO - Filling up the DagBag from /home/airflow/.local/lib/python3.12/site-packages/airflow/example_dags/example_outlet_event_extra.py
[2025-02-08T10:56:58.149+0000] {processor.py:925} INFO - DAG(s) 'dataset_with_extra_by_context', 'dataset_with_extra_by_yield', 'dataset_with_extra_from_classic_operator' retrieved from /home/airflow/.local/lib/python3.12/site-packages/airflow/example_dags/example_outlet_event_extra.py
[2025-02-08T10:56:58.170+0000] {logging_mixin.py:190} INFO - [2025-02-08T10:56:58.169+0000] {dag.py:3239} INFO - Sync 3 DAGs
[2025-02-08T10:56:58.189+0000] {logging_mixin.py:190} INFO - [2025-02-08T10:56:58.189+0000] {dag.py:4180} INFO - Setting next_dagrun for dataset_with_extra_by_context to 2025-02-07 00:00:00+00:00, run_after=2025-02-08 00:00:00+00:00
[2025-02-08T10:56:58.192+0000] {logging_mixin.py:190} INFO - [2025-02-08T10:56:58.192+0000] {dag.py:4180} INFO - Setting next_dagrun for dataset_with_extra_by_yield to 2025-02-07 00:00:00+00:00, run_after=2025-02-08 00:00:00+00:00
[2025-02-08T10:56:58.194+0000] {logging_mixin.py:190} INFO - [2025-02-08T10:56:58.193+0000] {dag.py:4180} INFO - Setting next_dagrun for dataset_with_extra_from_classic_operator to 2025-02-07 00:00:00+00:00, run_after=2025-02-08 00:00:00+00:00
[2025-02-08T10:56:58.212+0000] {processor.py:208} INFO - Processing /home/airflow/.local/lib/python3.12/site-packages/airflow/example_dags/example_outlet_event_extra.py took 0.171 seconds
[2025-02-08T10:57:28.367+0000] {processor.py:186} INFO - Started process (PID=3770) to work on /home/airflow/.local/lib/python3.12/site-packages/airflow/example_dags/example_outlet_event_extra.py
[2025-02-08T10:57:28.368+0000] {processor.py:914} INFO - Processing file /home/airflow/.local/lib/python3.12/site-packages/airflow/example_dags/example_outlet_event_extra.py for tasks to queue
[2025-02-08T10:57:28.371+0000] {logging_mixin.py:190} INFO - [2025-02-08T10:57:28.370+0000] {dagbag.py:588} INFO - Filling up the DagBag from /home/airflow/.local/lib/python3.12/site-packages/airflow/example_dags/example_outlet_event_extra.py
[2025-02-08T10:57:28.482+0000] {processor.py:925} INFO - DAG(s) 'dataset_with_extra_from_classic_operator', 'dataset_with_extra_by_yield', 'dataset_with_extra_by_context' retrieved from /home/airflow/.local/lib/python3.12/site-packages/airflow/example_dags/example_outlet_event_extra.py
[2025-02-08T10:57:28.506+0000] {logging_mixin.py:190} INFO - [2025-02-08T10:57:28.506+0000] {dag.py:3239} INFO - Sync 3 DAGs
[2025-02-08T10:57:28.527+0000] {logging_mixin.py:190} INFO - [2025-02-08T10:57:28.526+0000] {dag.py:4180} INFO - Setting next_dagrun for dataset_with_extra_by_context to 2025-02-07 00:00:00+00:00, run_after=2025-02-08 00:00:00+00:00
[2025-02-08T10:57:28.531+0000] {logging_mixin.py:190} INFO - [2025-02-08T10:57:28.531+0000] {dag.py:4180} INFO - Setting next_dagrun for dataset_with_extra_by_yield to 2025-02-07 00:00:00+00:00, run_after=2025-02-08 00:00:00+00:00
[2025-02-08T10:57:28.533+0000] {logging_mixin.py:190} INFO - [2025-02-08T10:57:28.533+0000] {dag.py:4180} INFO - Setting next_dagrun for dataset_with_extra_from_classic_operator to 2025-02-07 00:00:00+00:00, run_after=2025-02-08 00:00:00+00:00
[2025-02-08T10:57:28.553+0000] {processor.py:208} INFO - Processing /home/airflow/.local/lib/python3.12/site-packages/airflow/example_dags/example_outlet_event_extra.py took 0.192 seconds
[2025-02-08T10:57:58.653+0000] {processor.py:186} INFO - Started process (PID=4056) to work on /home/airflow/.local/lib/python3.12/site-packages/airflow/example_dags/example_outlet_event_extra.py
[2025-02-08T10:57:58.654+0000] {processor.py:914} INFO - Processing file /home/airflow/.local/lib/python3.12/site-packages/airflow/example_dags/example_outlet_event_extra.py for tasks to queue
[2025-02-08T10:57:58.656+0000] {logging_mixin.py:190} INFO - [2025-02-08T10:57:58.656+0000] {dagbag.py:588} INFO - Filling up the DagBag from /home/airflow/.local/lib/python3.12/site-packages/airflow/example_dags/example_outlet_event_extra.py
[2025-02-08T10:57:58.753+0000] {processor.py:925} INFO - DAG(s) 'dataset_with_extra_by_context', 'dataset_with_extra_by_yield', 'dataset_with_extra_from_classic_operator' retrieved from /home/airflow/.local/lib/python3.12/site-packages/airflow/example_dags/example_outlet_event_extra.py
[2025-02-08T10:57:58.770+0000] {logging_mixin.py:190} INFO - [2025-02-08T10:57:58.770+0000] {dag.py:3239} INFO - Sync 3 DAGs
[2025-02-08T10:57:58.789+0000] {logging_mixin.py:190} INFO - [2025-02-08T10:57:58.789+0000] {dag.py:4180} INFO - Setting next_dagrun for dataset_with_extra_by_context to 2025-02-07 00:00:00+00:00, run_after=2025-02-08 00:00:00+00:00
[2025-02-08T10:57:58.792+0000] {logging_mixin.py:190} INFO - [2025-02-08T10:57:58.792+0000] {dag.py:4180} INFO - Setting next_dagrun for dataset_with_extra_by_yield to 2025-02-07 00:00:00+00:00, run_after=2025-02-08 00:00:00+00:00
[2025-02-08T10:57:58.794+0000] {logging_mixin.py:190} INFO - [2025-02-08T10:57:58.794+0000] {dag.py:4180} INFO - Setting next_dagrun for dataset_with_extra_from_classic_operator to 2025-02-07 00:00:00+00:00, run_after=2025-02-08 00:00:00+00:00
[2025-02-08T10:57:58.811+0000] {processor.py:208} INFO - Processing /home/airflow/.local/lib/python3.12/site-packages/airflow/example_dags/example_outlet_event_extra.py took 0.163 seconds
[2025-02-08T10:58:29.225+0000] {processor.py:186} INFO - Started process (PID=4356) to work on /home/airflow/.local/lib/python3.12/site-packages/airflow/example_dags/example_outlet_event_extra.py
[2025-02-08T10:58:29.225+0000] {processor.py:914} INFO - Processing file /home/airflow/.local/lib/python3.12/site-packages/airflow/example_dags/example_outlet_event_extra.py for tasks to queue
[2025-02-08T10:58:29.228+0000] {logging_mixin.py:190} INFO - [2025-02-08T10:58:29.227+0000] {dagbag.py:588} INFO - Filling up the DagBag from /home/airflow/.local/lib/python3.12/site-packages/airflow/example_dags/example_outlet_event_extra.py
[2025-02-08T10:58:29.328+0000] {processor.py:925} INFO - DAG(s) 'dataset_with_extra_from_classic_operator', 'dataset_with_extra_by_yield', 'dataset_with_extra_by_context' retrieved from /home/airflow/.local/lib/python3.12/site-packages/airflow/example_dags/example_outlet_event_extra.py
[2025-02-08T10:58:29.347+0000] {logging_mixin.py:190} INFO - [2025-02-08T10:58:29.347+0000] {dag.py:3239} INFO - Sync 3 DAGs
[2025-02-08T10:58:29.368+0000] {logging_mixin.py:190} INFO - [2025-02-08T10:58:29.368+0000] {dag.py:4180} INFO - Setting next_dagrun for dataset_with_extra_by_context to 2025-02-07 00:00:00+00:00, run_after=2025-02-08 00:00:00+00:00
[2025-02-08T10:58:29.371+0000] {logging_mixin.py:190} INFO - [2025-02-08T10:58:29.371+0000] {dag.py:4180} INFO - Setting next_dagrun for dataset_with_extra_by_yield to 2025-02-07 00:00:00+00:00, run_after=2025-02-08 00:00:00+00:00
[2025-02-08T10:58:29.373+0000] {logging_mixin.py:190} INFO - [2025-02-08T10:58:29.373+0000] {dag.py:4180} INFO - Setting next_dagrun for dataset_with_extra_from_classic_operator to 2025-02-07 00:00:00+00:00, run_after=2025-02-08 00:00:00+00:00
[2025-02-08T10:58:29.390+0000] {processor.py:208} INFO - Processing /home/airflow/.local/lib/python3.12/site-packages/airflow/example_dags/example_outlet_event_extra.py took 0.171 seconds
[2025-02-08T10:58:59.532+0000] {processor.py:186} INFO - Started process (PID=4844) to work on /home/airflow/.local/lib/python3.12/site-packages/airflow/example_dags/example_outlet_event_extra.py
[2025-02-08T10:58:59.533+0000] {processor.py:914} INFO - Processing file /home/airflow/.local/lib/python3.12/site-packages/airflow/example_dags/example_outlet_event_extra.py for tasks to queue
[2025-02-08T10:58:59.535+0000] {logging_mixin.py:190} INFO - [2025-02-08T10:58:59.535+0000] {dagbag.py:588} INFO - Filling up the DagBag from /home/airflow/.local/lib/python3.12/site-packages/airflow/example_dags/example_outlet_event_extra.py
[2025-02-08T10:58:59.631+0000] {processor.py:925} INFO - DAG(s) 'dataset_with_extra_from_classic_operator', 'dataset_with_extra_by_context', 'dataset_with_extra_by_yield' retrieved from /home/airflow/.local/lib/python3.12/site-packages/airflow/example_dags/example_outlet_event_extra.py
[2025-02-08T10:58:59.654+0000] {logging_mixin.py:190} INFO - [2025-02-08T10:58:59.654+0000] {dag.py:3239} INFO - Sync 3 DAGs
[2025-02-08T10:58:59.678+0000] {logging_mixin.py:190} INFO - [2025-02-08T10:58:59.677+0000] {dag.py:4180} INFO - Setting next_dagrun for dataset_with_extra_by_context to 2025-02-07 00:00:00+00:00, run_after=2025-02-08 00:00:00+00:00
[2025-02-08T10:58:59.682+0000] {logging_mixin.py:190} INFO - [2025-02-08T10:58:59.681+0000] {dag.py:4180} INFO - Setting next_dagrun for dataset_with_extra_by_yield to 2025-02-07 00:00:00+00:00, run_after=2025-02-08 00:00:00+00:00
[2025-02-08T10:58:59.684+0000] {logging_mixin.py:190} INFO - [2025-02-08T10:58:59.683+0000] {dag.py:4180} INFO - Setting next_dagrun for dataset_with_extra_from_classic_operator to 2025-02-07 00:00:00+00:00, run_after=2025-02-08 00:00:00+00:00
[2025-02-08T10:58:59.702+0000] {processor.py:208} INFO - Processing /home/airflow/.local/lib/python3.12/site-packages/airflow/example_dags/example_outlet_event_extra.py took 0.175 seconds
[2025-02-08T11:01:59.568+0000] {processor.py:186} INFO - Started process (PID=338) to work on /home/airflow/.local/lib/python3.12/site-packages/airflow/example_dags/example_outlet_event_extra.py
[2025-02-08T11:01:59.569+0000] {processor.py:914} INFO - Processing file /home/airflow/.local/lib/python3.12/site-packages/airflow/example_dags/example_outlet_event_extra.py for tasks to queue
[2025-02-08T11:01:59.571+0000] {logging_mixin.py:190} INFO - [2025-02-08T11:01:59.571+0000] {dagbag.py:588} INFO - Filling up the DagBag from /home/airflow/.local/lib/python3.12/site-packages/airflow/example_dags/example_outlet_event_extra.py
[2025-02-08T11:01:59.665+0000] {processor.py:925} INFO - DAG(s) 'dataset_with_extra_by_context', 'dataset_with_extra_from_classic_operator', 'dataset_with_extra_by_yield' retrieved from /home/airflow/.local/lib/python3.12/site-packages/airflow/example_dags/example_outlet_event_extra.py
[2025-02-08T11:01:59.741+0000] {logging_mixin.py:190} INFO - [2025-02-08T11:01:59.741+0000] {override.py:1900} INFO - Created Permission View: can read on DAG:dataset_with_extra_by_context
[2025-02-08T11:01:59.749+0000] {logging_mixin.py:190} INFO - [2025-02-08T11:01:59.749+0000] {override.py:1900} INFO - Created Permission View: can delete on DAG:dataset_with_extra_by_context
[2025-02-08T11:01:59.755+0000] {logging_mixin.py:190} INFO - [2025-02-08T11:01:59.754+0000] {override.py:1900} INFO - Created Permission View: can edit on DAG:dataset_with_extra_by_context
[2025-02-08T11:01:59.761+0000] {logging_mixin.py:190} INFO - [2025-02-08T11:01:59.761+0000] {override.py:1900} INFO - Created Permission View: menu access on DAG Run:dataset_with_extra_by_context
[2025-02-08T11:01:59.767+0000] {logging_mixin.py:190} INFO - [2025-02-08T11:01:59.766+0000] {override.py:1900} INFO - Created Permission View: can read on DAG Run:dataset_with_extra_by_context
[2025-02-08T11:01:59.772+0000] {logging_mixin.py:190} INFO - [2025-02-08T11:01:59.772+0000] {override.py:1900} INFO - Created Permission View: can create on DAG Run:dataset_with_extra_by_context
[2025-02-08T11:01:59.778+0000] {logging_mixin.py:190} INFO - [2025-02-08T11:01:59.778+0000] {override.py:1900} INFO - Created Permission View: can delete on DAG Run:dataset_with_extra_by_context
[2025-02-08T11:01:59.789+0000] {logging_mixin.py:190} INFO - [2025-02-08T11:01:59.789+0000] {override.py:1900} INFO - Created Permission View: can read on DAG:dataset_with_extra_from_classic_operator
[2025-02-08T11:01:59.794+0000] {logging_mixin.py:190} INFO - [2025-02-08T11:01:59.794+0000] {override.py:1900} INFO - Created Permission View: can delete on DAG:dataset_with_extra_from_classic_operator
[2025-02-08T11:01:59.800+0000] {logging_mixin.py:190} INFO - [2025-02-08T11:01:59.799+0000] {override.py:1900} INFO - Created Permission View: can edit on DAG:dataset_with_extra_from_classic_operator
[2025-02-08T11:01:59.808+0000] {logging_mixin.py:190} INFO - [2025-02-08T11:01:59.807+0000] {override.py:1900} INFO - Created Permission View: menu access on DAG Run:dataset_with_extra_from_classic_operator
[2025-02-08T11:01:59.813+0000] {logging_mixin.py:190} INFO - [2025-02-08T11:01:59.813+0000] {override.py:1900} INFO - Created Permission View: can read on DAG Run:dataset_with_extra_from_classic_operator
[2025-02-08T11:01:59.820+0000] {logging_mixin.py:190} INFO - [2025-02-08T11:01:59.820+0000] {override.py:1900} INFO - Created Permission View: can create on DAG Run:dataset_with_extra_from_classic_operator
[2025-02-08T11:01:59.826+0000] {logging_mixin.py:190} INFO - [2025-02-08T11:01:59.826+0000] {override.py:1900} INFO - Created Permission View: can delete on DAG Run:dataset_with_extra_from_classic_operator
[2025-02-08T11:01:59.836+0000] {logging_mixin.py:190} INFO - [2025-02-08T11:01:59.835+0000] {override.py:1900} INFO - Created Permission View: can read on DAG:dataset_with_extra_by_yield
[2025-02-08T11:01:59.841+0000] {logging_mixin.py:190} INFO - [2025-02-08T11:01:59.841+0000] {override.py:1900} INFO - Created Permission View: can delete on DAG:dataset_with_extra_by_yield
[2025-02-08T11:01:59.845+0000] {logging_mixin.py:190} INFO - [2025-02-08T11:01:59.845+0000] {override.py:1900} INFO - Created Permission View: can edit on DAG:dataset_with_extra_by_yield
[2025-02-08T11:01:59.853+0000] {logging_mixin.py:190} INFO - [2025-02-08T11:01:59.852+0000] {override.py:1900} INFO - Created Permission View: menu access on DAG Run:dataset_with_extra_by_yield
[2025-02-08T11:01:59.858+0000] {logging_mixin.py:190} INFO - [2025-02-08T11:01:59.858+0000] {override.py:1900} INFO - Created Permission View: can read on DAG Run:dataset_with_extra_by_yield
[2025-02-08T11:01:59.863+0000] {logging_mixin.py:190} INFO - [2025-02-08T11:01:59.862+0000] {override.py:1900} INFO - Created Permission View: can create on DAG Run:dataset_with_extra_by_yield
[2025-02-08T11:01:59.868+0000] {logging_mixin.py:190} INFO - [2025-02-08T11:01:59.867+0000] {override.py:1900} INFO - Created Permission View: can delete on DAG Run:dataset_with_extra_by_yield
[2025-02-08T11:01:59.868+0000] {logging_mixin.py:190} INFO - [2025-02-08T11:01:59.868+0000] {dag.py:3239} INFO - Sync 3 DAGs
[2025-02-08T11:01:59.879+0000] {logging_mixin.py:190} INFO - [2025-02-08T11:01:59.879+0000] {dag.py:3262} INFO - Creating ORM DAG for dataset_with_extra_from_classic_operator
[2025-02-08T11:01:59.880+0000] {logging_mixin.py:190} INFO - [2025-02-08T11:01:59.880+0000] {dag.py:3262} INFO - Creating ORM DAG for dataset_with_extra_by_yield
[2025-02-08T11:01:59.881+0000] {logging_mixin.py:190} INFO - [2025-02-08T11:01:59.880+0000] {dag.py:3262} INFO - Creating ORM DAG for dataset_with_extra_by_context
[2025-02-08T11:01:59.891+0000] {logging_mixin.py:190} INFO - [2025-02-08T11:01:59.891+0000] {dag.py:4180} INFO - Setting next_dagrun for dataset_with_extra_by_context to 2025-02-07 00:00:00+00:00, run_after=2025-02-08 00:00:00+00:00
[2025-02-08T11:01:59.892+0000] {logging_mixin.py:190} INFO - [2025-02-08T11:01:59.892+0000] {dag.py:4180} INFO - Setting next_dagrun for dataset_with_extra_by_yield to 2025-02-07 00:00:00+00:00, run_after=2025-02-08 00:00:00+00:00
[2025-02-08T11:01:59.893+0000] {logging_mixin.py:190} INFO - [2025-02-08T11:01:59.893+0000] {dag.py:4180} INFO - Setting next_dagrun for dataset_with_extra_from_classic_operator to 2025-02-07 00:00:00+00:00, run_after=2025-02-08 00:00:00+00:00
[2025-02-08T11:01:59.912+0000] {processor.py:208} INFO - Processing /home/airflow/.local/lib/python3.12/site-packages/airflow/example_dags/example_outlet_event_extra.py took 0.348 seconds
[2025-02-08T11:02:30.796+0000] {processor.py:186} INFO - Started process (PID=626) to work on /home/airflow/.local/lib/python3.12/site-packages/airflow/example_dags/example_outlet_event_extra.py
[2025-02-08T11:02:30.797+0000] {processor.py:914} INFO - Processing file /home/airflow/.local/lib/python3.12/site-packages/airflow/example_dags/example_outlet_event_extra.py for tasks to queue
[2025-02-08T11:02:30.799+0000] {logging_mixin.py:190} INFO - [2025-02-08T11:02:30.798+0000] {dagbag.py:588} INFO - Filling up the DagBag from /home/airflow/.local/lib/python3.12/site-packages/airflow/example_dags/example_outlet_event_extra.py
[2025-02-08T11:02:30.883+0000] {processor.py:925} INFO - DAG(s) 'dataset_with_extra_by_context', 'dataset_with_extra_from_classic_operator', 'dataset_with_extra_by_yield' retrieved from /home/airflow/.local/lib/python3.12/site-packages/airflow/example_dags/example_outlet_event_extra.py
[2025-02-08T11:02:30.901+0000] {logging_mixin.py:190} INFO - [2025-02-08T11:02:30.901+0000] {dag.py:3239} INFO - Sync 3 DAGs
[2025-02-08T11:02:30.918+0000] {logging_mixin.py:190} INFO - [2025-02-08T11:02:30.918+0000] {dag.py:4180} INFO - Setting next_dagrun for dataset_with_extra_by_context to 2025-02-07 00:00:00+00:00, run_after=2025-02-08 00:00:00+00:00
[2025-02-08T11:02:30.922+0000] {logging_mixin.py:190} INFO - [2025-02-08T11:02:30.922+0000] {dag.py:4180} INFO - Setting next_dagrun for dataset_with_extra_by_yield to 2025-02-07 00:00:00+00:00, run_after=2025-02-08 00:00:00+00:00
[2025-02-08T11:02:30.924+0000] {logging_mixin.py:190} INFO - [2025-02-08T11:02:30.923+0000] {dag.py:4180} INFO - Setting next_dagrun for dataset_with_extra_from_classic_operator to 2025-02-07 00:00:00+00:00, run_after=2025-02-08 00:00:00+00:00
[2025-02-08T11:02:30.947+0000] {processor.py:208} INFO - Processing /home/airflow/.local/lib/python3.12/site-packages/airflow/example_dags/example_outlet_event_extra.py took 0.156 seconds
[2025-02-08T11:03:38.866+0000] {processor.py:186} INFO - Started process (PID=338) to work on /home/airflow/.local/lib/python3.12/site-packages/airflow/example_dags/example_outlet_event_extra.py
[2025-02-08T11:03:38.867+0000] {processor.py:914} INFO - Processing file /home/airflow/.local/lib/python3.12/site-packages/airflow/example_dags/example_outlet_event_extra.py for tasks to queue
[2025-02-08T11:03:38.869+0000] {logging_mixin.py:190} INFO - [2025-02-08T11:03:38.868+0000] {dagbag.py:588} INFO - Filling up the DagBag from /home/airflow/.local/lib/python3.12/site-packages/airflow/example_dags/example_outlet_event_extra.py
[2025-02-08T11:03:38.975+0000] {processor.py:925} INFO - DAG(s) 'dataset_with_extra_by_yield', 'dataset_with_extra_from_classic_operator', 'dataset_with_extra_by_context' retrieved from /home/airflow/.local/lib/python3.12/site-packages/airflow/example_dags/example_outlet_event_extra.py
[2025-02-08T11:03:38.999+0000] {logging_mixin.py:190} INFO - [2025-02-08T11:03:38.999+0000] {dag.py:3239} INFO - Sync 3 DAGs
[2025-02-08T11:03:39.020+0000] {logging_mixin.py:190} INFO - [2025-02-08T11:03:39.020+0000] {dag.py:4180} INFO - Setting next_dagrun for dataset_with_extra_by_context to 2025-02-07 00:00:00+00:00, run_after=2025-02-08 00:00:00+00:00
[2025-02-08T11:03:39.025+0000] {logging_mixin.py:190} INFO - [2025-02-08T11:03:39.025+0000] {dag.py:4180} INFO - Setting next_dagrun for dataset_with_extra_by_yield to 2025-02-07 00:00:00+00:00, run_after=2025-02-08 00:00:00+00:00
[2025-02-08T11:03:39.027+0000] {logging_mixin.py:190} INFO - [2025-02-08T11:03:39.027+0000] {dag.py:4180} INFO - Setting next_dagrun for dataset_with_extra_from_classic_operator to 2025-02-07 00:00:00+00:00, run_after=2025-02-08 00:00:00+00:00
[2025-02-08T11:03:39.047+0000] {processor.py:208} INFO - Processing /home/airflow/.local/lib/python3.12/site-packages/airflow/example_dags/example_outlet_event_extra.py took 0.185 seconds
[2025-02-08T11:04:09.249+0000] {processor.py:186} INFO - Started process (PID=624) to work on /home/airflow/.local/lib/python3.12/site-packages/airflow/example_dags/example_outlet_event_extra.py
[2025-02-08T11:04:09.250+0000] {processor.py:914} INFO - Processing file /home/airflow/.local/lib/python3.12/site-packages/airflow/example_dags/example_outlet_event_extra.py for tasks to queue
[2025-02-08T11:04:09.251+0000] {logging_mixin.py:190} INFO - [2025-02-08T11:04:09.251+0000] {dagbag.py:588} INFO - Filling up the DagBag from /home/airflow/.local/lib/python3.12/site-packages/airflow/example_dags/example_outlet_event_extra.py
[2025-02-08T11:04:09.344+0000] {processor.py:925} INFO - DAG(s) 'dataset_with_extra_from_classic_operator', 'dataset_with_extra_by_yield', 'dataset_with_extra_by_context' retrieved from /home/airflow/.local/lib/python3.12/site-packages/airflow/example_dags/example_outlet_event_extra.py
[2025-02-08T11:04:09.363+0000] {logging_mixin.py:190} INFO - [2025-02-08T11:04:09.363+0000] {dag.py:3239} INFO - Sync 3 DAGs
[2025-02-08T11:04:09.384+0000] {logging_mixin.py:190} INFO - [2025-02-08T11:04:09.384+0000] {dag.py:4180} INFO - Setting next_dagrun for dataset_with_extra_by_context to 2025-02-07 00:00:00+00:00, run_after=2025-02-08 00:00:00+00:00
[2025-02-08T11:04:09.388+0000] {logging_mixin.py:190} INFO - [2025-02-08T11:04:09.388+0000] {dag.py:4180} INFO - Setting next_dagrun for dataset_with_extra_by_yield to 2025-02-07 00:00:00+00:00, run_after=2025-02-08 00:00:00+00:00
[2025-02-08T11:04:09.390+0000] {logging_mixin.py:190} INFO - [2025-02-08T11:04:09.390+0000] {dag.py:4180} INFO - Setting next_dagrun for dataset_with_extra_from_classic_operator to 2025-02-07 00:00:00+00:00, run_after=2025-02-08 00:00:00+00:00
[2025-02-08T11:04:09.407+0000] {processor.py:208} INFO - Processing /home/airflow/.local/lib/python3.12/site-packages/airflow/example_dags/example_outlet_event_extra.py took 0.164 seconds
[2025-02-08T11:04:39.564+0000] {processor.py:186} INFO - Started process (PID=912) to work on /home/airflow/.local/lib/python3.12/site-packages/airflow/example_dags/example_outlet_event_extra.py
[2025-02-08T11:04:39.564+0000] {processor.py:914} INFO - Processing file /home/airflow/.local/lib/python3.12/site-packages/airflow/example_dags/example_outlet_event_extra.py for tasks to queue
[2025-02-08T11:04:39.566+0000] {logging_mixin.py:190} INFO - [2025-02-08T11:04:39.566+0000] {dagbag.py:588} INFO - Filling up the DagBag from /home/airflow/.local/lib/python3.12/site-packages/airflow/example_dags/example_outlet_event_extra.py
[2025-02-08T11:04:39.657+0000] {processor.py:925} INFO - DAG(s) 'dataset_with_extra_by_yield', 'dataset_with_extra_from_classic_operator', 'dataset_with_extra_by_context' retrieved from /home/airflow/.local/lib/python3.12/site-packages/airflow/example_dags/example_outlet_event_extra.py
[2025-02-08T11:04:39.678+0000] {logging_mixin.py:190} INFO - [2025-02-08T11:04:39.677+0000] {dag.py:3239} INFO - Sync 3 DAGs
[2025-02-08T11:04:39.697+0000] {logging_mixin.py:190} INFO - [2025-02-08T11:04:39.697+0000] {dag.py:4180} INFO - Setting next_dagrun for dataset_with_extra_by_context to 2025-02-07 00:00:00+00:00, run_after=2025-02-08 00:00:00+00:00
[2025-02-08T11:04:39.701+0000] {logging_mixin.py:190} INFO - [2025-02-08T11:04:39.701+0000] {dag.py:4180} INFO - Setting next_dagrun for dataset_with_extra_by_yield to 2025-02-07 00:00:00+00:00, run_after=2025-02-08 00:00:00+00:00
[2025-02-08T11:04:39.703+0000] {logging_mixin.py:190} INFO - [2025-02-08T11:04:39.703+0000] {dag.py:4180} INFO - Setting next_dagrun for dataset_with_extra_from_classic_operator to 2025-02-07 00:00:00+00:00, run_after=2025-02-08 00:00:00+00:00
[2025-02-08T11:04:39.720+0000] {processor.py:208} INFO - Processing /home/airflow/.local/lib/python3.12/site-packages/airflow/example_dags/example_outlet_event_extra.py took 0.161 seconds
[2025-02-08T11:33:20.255+0000] {processor.py:186} INFO - Started process (PID=338) to work on /home/airflow/.local/lib/python3.12/site-packages/airflow/example_dags/example_outlet_event_extra.py
[2025-02-08T11:33:20.256+0000] {processor.py:914} INFO - Processing file /home/airflow/.local/lib/python3.12/site-packages/airflow/example_dags/example_outlet_event_extra.py for tasks to queue
[2025-02-08T11:33:20.258+0000] {logging_mixin.py:190} INFO - [2025-02-08T11:33:20.258+0000] {dagbag.py:588} INFO - Filling up the DagBag from /home/airflow/.local/lib/python3.12/site-packages/airflow/example_dags/example_outlet_event_extra.py
[2025-02-08T11:33:20.362+0000] {processor.py:925} INFO - DAG(s) 'dataset_with_extra_from_classic_operator', 'dataset_with_extra_by_yield', 'dataset_with_extra_by_context' retrieved from /home/airflow/.local/lib/python3.12/site-packages/airflow/example_dags/example_outlet_event_extra.py
[2025-02-08T11:33:20.440+0000] {logging_mixin.py:190} INFO - [2025-02-08T11:33:20.439+0000] {override.py:1900} INFO - Created Permission View: can edit on DAG:dataset_with_extra_from_classic_operator
[2025-02-08T11:33:20.449+0000] {logging_mixin.py:190} INFO - [2025-02-08T11:33:20.449+0000] {override.py:1900} INFO - Created Permission View: can delete on DAG:dataset_with_extra_from_classic_operator
[2025-02-08T11:33:20.455+0000] {logging_mixin.py:190} INFO - [2025-02-08T11:33:20.455+0000] {override.py:1900} INFO - Created Permission View: can read on DAG:dataset_with_extra_from_classic_operator
[2025-02-08T11:33:20.462+0000] {logging_mixin.py:190} INFO - [2025-02-08T11:33:20.461+0000] {override.py:1900} INFO - Created Permission View: menu access on DAG Run:dataset_with_extra_from_classic_operator
[2025-02-08T11:33:20.466+0000] {logging_mixin.py:190} INFO - [2025-02-08T11:33:20.466+0000] {override.py:1900} INFO - Created Permission View: can create on DAG Run:dataset_with_extra_from_classic_operator
[2025-02-08T11:33:20.471+0000] {logging_mixin.py:190} INFO - [2025-02-08T11:33:20.471+0000] {override.py:1900} INFO - Created Permission View: can delete on DAG Run:dataset_with_extra_from_classic_operator
[2025-02-08T11:33:20.476+0000] {logging_mixin.py:190} INFO - [2025-02-08T11:33:20.476+0000] {override.py:1900} INFO - Created Permission View: can read on DAG Run:dataset_with_extra_from_classic_operator
[2025-02-08T11:33:20.487+0000] {logging_mixin.py:190} INFO - [2025-02-08T11:33:20.486+0000] {override.py:1900} INFO - Created Permission View: can edit on DAG:dataset_with_extra_by_yield
[2025-02-08T11:33:20.493+0000] {logging_mixin.py:190} INFO - [2025-02-08T11:33:20.493+0000] {override.py:1900} INFO - Created Permission View: can delete on DAG:dataset_with_extra_by_yield
[2025-02-08T11:33:20.499+0000] {logging_mixin.py:190} INFO - [2025-02-08T11:33:20.498+0000] {override.py:1900} INFO - Created Permission View: can read on DAG:dataset_with_extra_by_yield
[2025-02-08T11:33:20.506+0000] {logging_mixin.py:190} INFO - [2025-02-08T11:33:20.506+0000] {override.py:1900} INFO - Created Permission View: menu access on DAG Run:dataset_with_extra_by_yield
[2025-02-08T11:33:20.512+0000] {logging_mixin.py:190} INFO - [2025-02-08T11:33:20.512+0000] {override.py:1900} INFO - Created Permission View: can create on DAG Run:dataset_with_extra_by_yield
[2025-02-08T11:33:20.518+0000] {logging_mixin.py:190} INFO - [2025-02-08T11:33:20.517+0000] {override.py:1900} INFO - Created Permission View: can delete on DAG Run:dataset_with_extra_by_yield
[2025-02-08T11:33:20.523+0000] {logging_mixin.py:190} INFO - [2025-02-08T11:33:20.523+0000] {override.py:1900} INFO - Created Permission View: can read on DAG Run:dataset_with_extra_by_yield
[2025-02-08T11:33:20.532+0000] {logging_mixin.py:190} INFO - [2025-02-08T11:33:20.532+0000] {override.py:1900} INFO - Created Permission View: can edit on DAG:dataset_with_extra_by_context
[2025-02-08T11:33:20.538+0000] {logging_mixin.py:190} INFO - [2025-02-08T11:33:20.537+0000] {override.py:1900} INFO - Created Permission View: can delete on DAG:dataset_with_extra_by_context
[2025-02-08T11:33:20.543+0000] {logging_mixin.py:190} INFO - [2025-02-08T11:33:20.542+0000] {override.py:1900} INFO - Created Permission View: can read on DAG:dataset_with_extra_by_context
[2025-02-08T11:33:20.548+0000] {logging_mixin.py:190} INFO - [2025-02-08T11:33:20.548+0000] {override.py:1900} INFO - Created Permission View: menu access on DAG Run:dataset_with_extra_by_context
[2025-02-08T11:33:20.554+0000] {logging_mixin.py:190} INFO - [2025-02-08T11:33:20.554+0000] {override.py:1900} INFO - Created Permission View: can create on DAG Run:dataset_with_extra_by_context
[2025-02-08T11:33:20.559+0000] {logging_mixin.py:190} INFO - [2025-02-08T11:33:20.559+0000] {override.py:1900} INFO - Created Permission View: can delete on DAG Run:dataset_with_extra_by_context
[2025-02-08T11:33:20.565+0000] {logging_mixin.py:190} INFO - [2025-02-08T11:33:20.565+0000] {override.py:1900} INFO - Created Permission View: can read on DAG Run:dataset_with_extra_by_context
[2025-02-08T11:33:20.566+0000] {logging_mixin.py:190} INFO - [2025-02-08T11:33:20.565+0000] {dag.py:3239} INFO - Sync 3 DAGs
[2025-02-08T11:33:20.575+0000] {logging_mixin.py:190} INFO - [2025-02-08T11:33:20.575+0000] {dag.py:3262} INFO - Creating ORM DAG for dataset_with_extra_by_context
[2025-02-08T11:33:20.576+0000] {logging_mixin.py:190} INFO - [2025-02-08T11:33:20.576+0000] {dag.py:3262} INFO - Creating ORM DAG for dataset_with_extra_from_classic_operator
[2025-02-08T11:33:20.577+0000] {logging_mixin.py:190} INFO - [2025-02-08T11:33:20.577+0000] {dag.py:3262} INFO - Creating ORM DAG for dataset_with_extra_by_yield
[2025-02-08T11:33:20.584+0000] {logging_mixin.py:190} INFO - [2025-02-08T11:33:20.584+0000] {dag.py:4180} INFO - Setting next_dagrun for dataset_with_extra_by_context to 2025-02-07 00:00:00+00:00, run_after=2025-02-08 00:00:00+00:00
[2025-02-08T11:33:20.586+0000] {logging_mixin.py:190} INFO - [2025-02-08T11:33:20.586+0000] {dag.py:4180} INFO - Setting next_dagrun for dataset_with_extra_by_yield to 2025-02-07 00:00:00+00:00, run_after=2025-02-08 00:00:00+00:00
[2025-02-08T11:33:20.587+0000] {logging_mixin.py:190} INFO - [2025-02-08T11:33:20.587+0000] {dag.py:4180} INFO - Setting next_dagrun for dataset_with_extra_from_classic_operator to 2025-02-07 00:00:00+00:00, run_after=2025-02-08 00:00:00+00:00
[2025-02-08T11:33:20.607+0000] {processor.py:208} INFO - Processing /home/airflow/.local/lib/python3.12/site-packages/airflow/example_dags/example_outlet_event_extra.py took 0.357 seconds
[2025-02-08T11:33:50.663+0000] {processor.py:186} INFO - Started process (PID=631) to work on /home/airflow/.local/lib/python3.12/site-packages/airflow/example_dags/example_outlet_event_extra.py
[2025-02-08T11:33:50.664+0000] {processor.py:914} INFO - Processing file /home/airflow/.local/lib/python3.12/site-packages/airflow/example_dags/example_outlet_event_extra.py for tasks to queue
[2025-02-08T11:33:50.665+0000] {logging_mixin.py:190} INFO - [2025-02-08T11:33:50.665+0000] {dagbag.py:588} INFO - Filling up the DagBag from /home/airflow/.local/lib/python3.12/site-packages/airflow/example_dags/example_outlet_event_extra.py
[2025-02-08T11:33:50.762+0000] {processor.py:925} INFO - DAG(s) 'dataset_with_extra_by_yield', 'dataset_with_extra_from_classic_operator', 'dataset_with_extra_by_context' retrieved from /home/airflow/.local/lib/python3.12/site-packages/airflow/example_dags/example_outlet_event_extra.py
[2025-02-08T11:33:50.783+0000] {logging_mixin.py:190} INFO - [2025-02-08T11:33:50.783+0000] {dag.py:3239} INFO - Sync 3 DAGs
[2025-02-08T11:33:50.804+0000] {logging_mixin.py:190} INFO - [2025-02-08T11:33:50.804+0000] {dag.py:4180} INFO - Setting next_dagrun for dataset_with_extra_by_context to 2025-02-07 00:00:00+00:00, run_after=2025-02-08 00:00:00+00:00
[2025-02-08T11:33:50.807+0000] {logging_mixin.py:190} INFO - [2025-02-08T11:33:50.807+0000] {dag.py:4180} INFO - Setting next_dagrun for dataset_with_extra_by_yield to 2025-02-07 00:00:00+00:00, run_after=2025-02-08 00:00:00+00:00
[2025-02-08T11:33:50.809+0000] {logging_mixin.py:190} INFO - [2025-02-08T11:33:50.809+0000] {dag.py:4180} INFO - Setting next_dagrun for dataset_with_extra_from_classic_operator to 2025-02-07 00:00:00+00:00, run_after=2025-02-08 00:00:00+00:00
[2025-02-08T11:33:50.827+0000] {processor.py:208} INFO - Processing /home/airflow/.local/lib/python3.12/site-packages/airflow/example_dags/example_outlet_event_extra.py took 0.170 seconds
[2025-02-08T11:34:20.852+0000] {processor.py:186} INFO - Started process (PID=915) to work on /home/airflow/.local/lib/python3.12/site-packages/airflow/example_dags/example_outlet_event_extra.py
[2025-02-08T11:34:20.853+0000] {processor.py:914} INFO - Processing file /home/airflow/.local/lib/python3.12/site-packages/airflow/example_dags/example_outlet_event_extra.py for tasks to queue
[2025-02-08T11:34:20.855+0000] {logging_mixin.py:190} INFO - [2025-02-08T11:34:20.855+0000] {dagbag.py:588} INFO - Filling up the DagBag from /home/airflow/.local/lib/python3.12/site-packages/airflow/example_dags/example_outlet_event_extra.py
[2025-02-08T11:34:20.947+0000] {processor.py:925} INFO - DAG(s) 'dataset_with_extra_by_yield', 'dataset_with_extra_from_classic_operator', 'dataset_with_extra_by_context' retrieved from /home/airflow/.local/lib/python3.12/site-packages/airflow/example_dags/example_outlet_event_extra.py
[2025-02-08T11:34:20.965+0000] {logging_mixin.py:190} INFO - [2025-02-08T11:34:20.965+0000] {dag.py:3239} INFO - Sync 3 DAGs
[2025-02-08T11:34:20.982+0000] {logging_mixin.py:190} INFO - [2025-02-08T11:34:20.981+0000] {dag.py:4180} INFO - Setting next_dagrun for dataset_with_extra_by_context to 2025-02-07 00:00:00+00:00, run_after=2025-02-08 00:00:00+00:00
[2025-02-08T11:34:20.985+0000] {logging_mixin.py:190} INFO - [2025-02-08T11:34:20.985+0000] {dag.py:4180} INFO - Setting next_dagrun for dataset_with_extra_by_yield to 2025-02-07 00:00:00+00:00, run_after=2025-02-08 00:00:00+00:00
[2025-02-08T11:34:20.987+0000] {logging_mixin.py:190} INFO - [2025-02-08T11:34:20.987+0000] {dag.py:4180} INFO - Setting next_dagrun for dataset_with_extra_from_classic_operator to 2025-02-07 00:00:00+00:00, run_after=2025-02-08 00:00:00+00:00
[2025-02-08T11:34:21.005+0000] {processor.py:208} INFO - Processing /home/airflow/.local/lib/python3.12/site-packages/airflow/example_dags/example_outlet_event_extra.py took 0.157 seconds
[2025-02-08T11:34:51.181+0000] {processor.py:186} INFO - Started process (PID=1198) to work on /home/airflow/.local/lib/python3.12/site-packages/airflow/example_dags/example_outlet_event_extra.py
[2025-02-08T11:34:51.182+0000] {processor.py:914} INFO - Processing file /home/airflow/.local/lib/python3.12/site-packages/airflow/example_dags/example_outlet_event_extra.py for tasks to queue
[2025-02-08T11:34:51.183+0000] {logging_mixin.py:190} INFO - [2025-02-08T11:34:51.183+0000] {dagbag.py:588} INFO - Filling up the DagBag from /home/airflow/.local/lib/python3.12/site-packages/airflow/example_dags/example_outlet_event_extra.py
[2025-02-08T11:34:51.274+0000] {processor.py:925} INFO - DAG(s) 'dataset_with_extra_from_classic_operator', 'dataset_with_extra_by_yield', 'dataset_with_extra_by_context' retrieved from /home/airflow/.local/lib/python3.12/site-packages/airflow/example_dags/example_outlet_event_extra.py
[2025-02-08T11:34:51.296+0000] {logging_mixin.py:190} INFO - [2025-02-08T11:34:51.296+0000] {dag.py:3239} INFO - Sync 3 DAGs
[2025-02-08T11:34:51.315+0000] {logging_mixin.py:190} INFO - [2025-02-08T11:34:51.315+0000] {dag.py:4180} INFO - Setting next_dagrun for dataset_with_extra_by_context to 2025-02-07 00:00:00+00:00, run_after=2025-02-08 00:00:00+00:00
[2025-02-08T11:34:51.319+0000] {logging_mixin.py:190} INFO - [2025-02-08T11:34:51.319+0000] {dag.py:4180} INFO - Setting next_dagrun for dataset_with_extra_by_yield to 2025-02-07 00:00:00+00:00, run_after=2025-02-08 00:00:00+00:00
[2025-02-08T11:34:51.321+0000] {logging_mixin.py:190} INFO - [2025-02-08T11:34:51.321+0000] {dag.py:4180} INFO - Setting next_dagrun for dataset_with_extra_from_classic_operator to 2025-02-07 00:00:00+00:00, run_after=2025-02-08 00:00:00+00:00
[2025-02-08T11:34:51.336+0000] {processor.py:208} INFO - Processing /home/airflow/.local/lib/python3.12/site-packages/airflow/example_dags/example_outlet_event_extra.py took 0.160 seconds
