[2025-02-08T10:51:22.929+0000] {processor.py:186} INFO - Started process (PID=285) to work on /home/airflow/.local/lib/python3.12/site-packages/airflow/example_dags/example_python_decorator.py
[2025-02-08T10:51:22.930+0000] {processor.py:914} INFO - Processing file /home/airflow/.local/lib/python3.12/site-packages/airflow/example_dags/example_python_decorator.py for tasks to queue
[2025-02-08T10:51:22.932+0000] {logging_mixin.py:190} INFO - [2025-02-08T10:51:22.932+0000] {dagbag.py:588} INFO - Filling up the DagBag from /home/airflow/.local/lib/python3.12/site-packages/airflow/example_dags/example_python_decorator.py
[2025-02-08T10:51:22.946+0000] {processor.py:925} INFO - DAG(s) 'example_python_decorator' retrieved from /home/airflow/.local/lib/python3.12/site-packages/airflow/example_dags/example_python_decorator.py
[2025-02-08T10:51:23.036+0000] {logging_mixin.py:190} INFO - [2025-02-08T10:51:23.036+0000] {override.py:1900} INFO - Created Permission View: can delete on DAG:example_python_decorator
[2025-02-08T10:51:23.046+0000] {logging_mixin.py:190} INFO - [2025-02-08T10:51:23.045+0000] {override.py:1900} INFO - Created Permission View: can read on DAG:example_python_decorator
[2025-02-08T10:51:23.051+0000] {logging_mixin.py:190} INFO - [2025-02-08T10:51:23.050+0000] {override.py:1900} INFO - Created Permission View: can edit on DAG:example_python_decorator
[2025-02-08T10:51:23.058+0000] {logging_mixin.py:190} INFO - [2025-02-08T10:51:23.058+0000] {override.py:1900} INFO - Created Permission View: can delete on DAG Run:example_python_decorator
[2025-02-08T10:51:23.063+0000] {logging_mixin.py:190} INFO - [2025-02-08T10:51:23.063+0000] {override.py:1900} INFO - Created Permission View: can read on DAG Run:example_python_decorator
[2025-02-08T10:51:23.069+0000] {logging_mixin.py:190} INFO - [2025-02-08T10:51:23.069+0000] {override.py:1900} INFO - Created Permission View: menu access on DAG Run:example_python_decorator
[2025-02-08T10:51:23.075+0000] {logging_mixin.py:190} INFO - [2025-02-08T10:51:23.074+0000] {override.py:1900} INFO - Created Permission View: can create on DAG Run:example_python_decorator
[2025-02-08T10:51:23.075+0000] {logging_mixin.py:190} INFO - [2025-02-08T10:51:23.075+0000] {dag.py:3239} INFO - Sync 1 DAGs
[2025-02-08T10:51:23.085+0000] {logging_mixin.py:190} INFO - [2025-02-08T10:51:23.085+0000] {dag.py:3262} INFO - Creating ORM DAG for example_python_decorator
[2025-02-08T10:51:23.086+0000] {logging_mixin.py:190} INFO - [2025-02-08T10:51:23.086+0000] {dag.py:4180} INFO - Setting next_dagrun for example_python_decorator to None, run_after=None
[2025-02-08T10:51:23.103+0000] {processor.py:208} INFO - Processing /home/airflow/.local/lib/python3.12/site-packages/airflow/example_dags/example_python_decorator.py took 0.178 seconds
[2025-02-08T10:51:53.864+0000] {processor.py:186} INFO - Started process (PID=571) to work on /home/airflow/.local/lib/python3.12/site-packages/airflow/example_dags/example_python_decorator.py
[2025-02-08T10:51:53.865+0000] {processor.py:914} INFO - Processing file /home/airflow/.local/lib/python3.12/site-packages/airflow/example_dags/example_python_decorator.py for tasks to queue
[2025-02-08T10:51:53.867+0000] {logging_mixin.py:190} INFO - [2025-02-08T10:51:53.867+0000] {dagbag.py:588} INFO - Filling up the DagBag from /home/airflow/.local/lib/python3.12/site-packages/airflow/example_dags/example_python_decorator.py
[2025-02-08T10:51:53.879+0000] {processor.py:925} INFO - DAG(s) 'example_python_decorator' retrieved from /home/airflow/.local/lib/python3.12/site-packages/airflow/example_dags/example_python_decorator.py
[2025-02-08T10:51:53.899+0000] {logging_mixin.py:190} INFO - [2025-02-08T10:51:53.899+0000] {dag.py:3239} INFO - Sync 1 DAGs
[2025-02-08T10:51:53.912+0000] {logging_mixin.py:190} INFO - [2025-02-08T10:51:53.912+0000] {dag.py:4180} INFO - Setting next_dagrun for example_python_decorator to None, run_after=None
[2025-02-08T10:51:53.932+0000] {processor.py:208} INFO - Processing /home/airflow/.local/lib/python3.12/site-packages/airflow/example_dags/example_python_decorator.py took 0.073 seconds
[2025-02-08T10:52:24.077+0000] {processor.py:186} INFO - Started process (PID=857) to work on /home/airflow/.local/lib/python3.12/site-packages/airflow/example_dags/example_python_decorator.py
[2025-02-08T10:52:24.078+0000] {processor.py:914} INFO - Processing file /home/airflow/.local/lib/python3.12/site-packages/airflow/example_dags/example_python_decorator.py for tasks to queue
[2025-02-08T10:52:24.080+0000] {logging_mixin.py:190} INFO - [2025-02-08T10:52:24.079+0000] {dagbag.py:588} INFO - Filling up the DagBag from /home/airflow/.local/lib/python3.12/site-packages/airflow/example_dags/example_python_decorator.py
[2025-02-08T10:52:24.091+0000] {processor.py:925} INFO - DAG(s) 'example_python_decorator' retrieved from /home/airflow/.local/lib/python3.12/site-packages/airflow/example_dags/example_python_decorator.py
[2025-02-08T10:52:24.108+0000] {logging_mixin.py:190} INFO - [2025-02-08T10:52:24.108+0000] {dag.py:3239} INFO - Sync 1 DAGs
[2025-02-08T10:52:24.119+0000] {logging_mixin.py:190} INFO - [2025-02-08T10:52:24.119+0000] {dag.py:4180} INFO - Setting next_dagrun for example_python_decorator to None, run_after=None
[2025-02-08T10:52:24.135+0000] {processor.py:208} INFO - Processing /home/airflow/.local/lib/python3.12/site-packages/airflow/example_dags/example_python_decorator.py took 0.063 seconds
[2025-02-08T10:52:54.217+0000] {processor.py:186} INFO - Started process (PID=1141) to work on /home/airflow/.local/lib/python3.12/site-packages/airflow/example_dags/example_python_decorator.py
[2025-02-08T10:52:54.218+0000] {processor.py:914} INFO - Processing file /home/airflow/.local/lib/python3.12/site-packages/airflow/example_dags/example_python_decorator.py for tasks to queue
[2025-02-08T10:52:54.219+0000] {logging_mixin.py:190} INFO - [2025-02-08T10:52:54.219+0000] {dagbag.py:588} INFO - Filling up the DagBag from /home/airflow/.local/lib/python3.12/site-packages/airflow/example_dags/example_python_decorator.py
[2025-02-08T10:52:54.231+0000] {processor.py:925} INFO - DAG(s) 'example_python_decorator' retrieved from /home/airflow/.local/lib/python3.12/site-packages/airflow/example_dags/example_python_decorator.py
[2025-02-08T10:52:54.248+0000] {logging_mixin.py:190} INFO - [2025-02-08T10:52:54.247+0000] {dag.py:3239} INFO - Sync 1 DAGs
[2025-02-08T10:52:54.260+0000] {logging_mixin.py:190} INFO - [2025-02-08T10:52:54.260+0000] {dag.py:4180} INFO - Setting next_dagrun for example_python_decorator to None, run_after=None
[2025-02-08T10:52:54.277+0000] {processor.py:208} INFO - Processing /home/airflow/.local/lib/python3.12/site-packages/airflow/example_dags/example_python_decorator.py took 0.065 seconds
[2025-02-08T10:53:24.582+0000] {processor.py:186} INFO - Started process (PID=1427) to work on /home/airflow/.local/lib/python3.12/site-packages/airflow/example_dags/example_python_decorator.py
[2025-02-08T10:53:24.584+0000] {processor.py:914} INFO - Processing file /home/airflow/.local/lib/python3.12/site-packages/airflow/example_dags/example_python_decorator.py for tasks to queue
[2025-02-08T10:53:24.586+0000] {logging_mixin.py:190} INFO - [2025-02-08T10:53:24.585+0000] {dagbag.py:588} INFO - Filling up the DagBag from /home/airflow/.local/lib/python3.12/site-packages/airflow/example_dags/example_python_decorator.py
[2025-02-08T10:53:24.599+0000] {processor.py:925} INFO - DAG(s) 'example_python_decorator' retrieved from /home/airflow/.local/lib/python3.12/site-packages/airflow/example_dags/example_python_decorator.py
[2025-02-08T10:53:24.616+0000] {logging_mixin.py:190} INFO - [2025-02-08T10:53:24.616+0000] {dag.py:3239} INFO - Sync 1 DAGs
[2025-02-08T10:53:24.628+0000] {logging_mixin.py:190} INFO - [2025-02-08T10:53:24.628+0000] {dag.py:4180} INFO - Setting next_dagrun for example_python_decorator to None, run_after=None
[2025-02-08T10:53:24.646+0000] {processor.py:208} INFO - Processing /home/airflow/.local/lib/python3.12/site-packages/airflow/example_dags/example_python_decorator.py took 0.069 seconds
[2025-02-08T10:53:54.720+0000] {processor.py:186} INFO - Started process (PID=1713) to work on /home/airflow/.local/lib/python3.12/site-packages/airflow/example_dags/example_python_decorator.py
[2025-02-08T10:53:54.721+0000] {processor.py:914} INFO - Processing file /home/airflow/.local/lib/python3.12/site-packages/airflow/example_dags/example_python_decorator.py for tasks to queue
[2025-02-08T10:53:54.723+0000] {logging_mixin.py:190} INFO - [2025-02-08T10:53:54.723+0000] {dagbag.py:588} INFO - Filling up the DagBag from /home/airflow/.local/lib/python3.12/site-packages/airflow/example_dags/example_python_decorator.py
[2025-02-08T10:53:54.733+0000] {processor.py:925} INFO - DAG(s) 'example_python_decorator' retrieved from /home/airflow/.local/lib/python3.12/site-packages/airflow/example_dags/example_python_decorator.py
[2025-02-08T10:53:54.750+0000] {logging_mixin.py:190} INFO - [2025-02-08T10:53:54.750+0000] {dag.py:3239} INFO - Sync 1 DAGs
[2025-02-08T10:53:54.761+0000] {logging_mixin.py:190} INFO - [2025-02-08T10:53:54.761+0000] {dag.py:4180} INFO - Setting next_dagrun for example_python_decorator to None, run_after=None
[2025-02-08T10:53:54.777+0000] {processor.py:208} INFO - Processing /home/airflow/.local/lib/python3.12/site-packages/airflow/example_dags/example_python_decorator.py took 0.061 seconds
[2025-02-08T10:54:24.820+0000] {processor.py:186} INFO - Started process (PID=1996) to work on /home/airflow/.local/lib/python3.12/site-packages/airflow/example_dags/example_python_decorator.py
[2025-02-08T10:54:24.820+0000] {processor.py:914} INFO - Processing file /home/airflow/.local/lib/python3.12/site-packages/airflow/example_dags/example_python_decorator.py for tasks to queue
[2025-02-08T10:54:24.822+0000] {logging_mixin.py:190} INFO - [2025-02-08T10:54:24.822+0000] {dagbag.py:588} INFO - Filling up the DagBag from /home/airflow/.local/lib/python3.12/site-packages/airflow/example_dags/example_python_decorator.py
[2025-02-08T10:54:24.833+0000] {processor.py:925} INFO - DAG(s) 'example_python_decorator' retrieved from /home/airflow/.local/lib/python3.12/site-packages/airflow/example_dags/example_python_decorator.py
[2025-02-08T10:54:24.849+0000] {logging_mixin.py:190} INFO - [2025-02-08T10:54:24.849+0000] {dag.py:3239} INFO - Sync 1 DAGs
[2025-02-08T10:54:24.862+0000] {logging_mixin.py:190} INFO - [2025-02-08T10:54:24.861+0000] {dag.py:4180} INFO - Setting next_dagrun for example_python_decorator to None, run_after=None
[2025-02-08T10:54:24.879+0000] {processor.py:208} INFO - Processing /home/airflow/.local/lib/python3.12/site-packages/airflow/example_dags/example_python_decorator.py took 0.064 seconds
[2025-02-08T10:54:55.284+0000] {processor.py:186} INFO - Started process (PID=2282) to work on /home/airflow/.local/lib/python3.12/site-packages/airflow/example_dags/example_python_decorator.py
[2025-02-08T10:54:55.285+0000] {processor.py:914} INFO - Processing file /home/airflow/.local/lib/python3.12/site-packages/airflow/example_dags/example_python_decorator.py for tasks to queue
[2025-02-08T10:54:55.286+0000] {logging_mixin.py:190} INFO - [2025-02-08T10:54:55.286+0000] {dagbag.py:588} INFO - Filling up the DagBag from /home/airflow/.local/lib/python3.12/site-packages/airflow/example_dags/example_python_decorator.py
[2025-02-08T10:54:55.298+0000] {processor.py:925} INFO - DAG(s) 'example_python_decorator' retrieved from /home/airflow/.local/lib/python3.12/site-packages/airflow/example_dags/example_python_decorator.py
[2025-02-08T10:54:55.316+0000] {logging_mixin.py:190} INFO - [2025-02-08T10:54:55.316+0000] {dag.py:3239} INFO - Sync 1 DAGs
[2025-02-08T10:54:55.331+0000] {logging_mixin.py:190} INFO - [2025-02-08T10:54:55.331+0000] {dag.py:4180} INFO - Setting next_dagrun for example_python_decorator to None, run_after=None
[2025-02-08T10:54:55.347+0000] {processor.py:208} INFO - Processing /home/airflow/.local/lib/python3.12/site-packages/airflow/example_dags/example_python_decorator.py took 0.068 seconds
[2025-02-08T10:55:25.638+0000] {processor.py:186} INFO - Started process (PID=2568) to work on /home/airflow/.local/lib/python3.12/site-packages/airflow/example_dags/example_python_decorator.py
[2025-02-08T10:55:25.639+0000] {processor.py:914} INFO - Processing file /home/airflow/.local/lib/python3.12/site-packages/airflow/example_dags/example_python_decorator.py for tasks to queue
[2025-02-08T10:55:25.640+0000] {logging_mixin.py:190} INFO - [2025-02-08T10:55:25.640+0000] {dagbag.py:588} INFO - Filling up the DagBag from /home/airflow/.local/lib/python3.12/site-packages/airflow/example_dags/example_python_decorator.py
[2025-02-08T10:55:25.651+0000] {processor.py:925} INFO - DAG(s) 'example_python_decorator' retrieved from /home/airflow/.local/lib/python3.12/site-packages/airflow/example_dags/example_python_decorator.py
[2025-02-08T10:55:25.667+0000] {logging_mixin.py:190} INFO - [2025-02-08T10:55:25.667+0000] {dag.py:3239} INFO - Sync 1 DAGs
[2025-02-08T10:55:25.677+0000] {logging_mixin.py:190} INFO - [2025-02-08T10:55:25.677+0000] {dag.py:4180} INFO - Setting next_dagrun for example_python_decorator to None, run_after=None
[2025-02-08T10:55:25.692+0000] {processor.py:208} INFO - Processing /home/airflow/.local/lib/python3.12/site-packages/airflow/example_dags/example_python_decorator.py took 0.059 seconds
[2025-02-08T10:55:55.776+0000] {processor.py:186} INFO - Started process (PID=2854) to work on /home/airflow/.local/lib/python3.12/site-packages/airflow/example_dags/example_python_decorator.py
[2025-02-08T10:55:55.777+0000] {processor.py:914} INFO - Processing file /home/airflow/.local/lib/python3.12/site-packages/airflow/example_dags/example_python_decorator.py for tasks to queue
[2025-02-08T10:55:55.780+0000] {logging_mixin.py:190} INFO - [2025-02-08T10:55:55.779+0000] {dagbag.py:588} INFO - Filling up the DagBag from /home/airflow/.local/lib/python3.12/site-packages/airflow/example_dags/example_python_decorator.py
[2025-02-08T10:55:55.795+0000] {processor.py:925} INFO - DAG(s) 'example_python_decorator' retrieved from /home/airflow/.local/lib/python3.12/site-packages/airflow/example_dags/example_python_decorator.py
[2025-02-08T10:55:55.814+0000] {logging_mixin.py:190} INFO - [2025-02-08T10:55:55.813+0000] {dag.py:3239} INFO - Sync 1 DAGs
[2025-02-08T10:55:55.827+0000] {logging_mixin.py:190} INFO - [2025-02-08T10:55:55.827+0000] {dag.py:4180} INFO - Setting next_dagrun for example_python_decorator to None, run_after=None
[2025-02-08T10:55:55.846+0000] {processor.py:208} INFO - Processing /home/airflow/.local/lib/python3.12/site-packages/airflow/example_dags/example_python_decorator.py took 0.076 seconds
[2025-02-08T10:56:25.956+0000] {processor.py:186} INFO - Started process (PID=3138) to work on /home/airflow/.local/lib/python3.12/site-packages/airflow/example_dags/example_python_decorator.py
[2025-02-08T10:56:25.957+0000] {processor.py:914} INFO - Processing file /home/airflow/.local/lib/python3.12/site-packages/airflow/example_dags/example_python_decorator.py for tasks to queue
[2025-02-08T10:56:25.960+0000] {logging_mixin.py:190} INFO - [2025-02-08T10:56:25.959+0000] {dagbag.py:588} INFO - Filling up the DagBag from /home/airflow/.local/lib/python3.12/site-packages/airflow/example_dags/example_python_decorator.py
[2025-02-08T10:56:25.975+0000] {processor.py:925} INFO - DAG(s) 'example_python_decorator' retrieved from /home/airflow/.local/lib/python3.12/site-packages/airflow/example_dags/example_python_decorator.py
[2025-02-08T10:56:25.996+0000] {logging_mixin.py:190} INFO - [2025-02-08T10:56:25.996+0000] {dag.py:3239} INFO - Sync 1 DAGs
[2025-02-08T10:56:26.010+0000] {logging_mixin.py:190} INFO - [2025-02-08T10:56:26.009+0000] {dag.py:4180} INFO - Setting next_dagrun for example_python_decorator to None, run_after=None
[2025-02-08T10:56:26.026+0000] {processor.py:208} INFO - Processing /home/airflow/.local/lib/python3.12/site-packages/airflow/example_dags/example_python_decorator.py took 0.077 seconds
[2025-02-08T10:56:56.276+0000] {processor.py:186} INFO - Started process (PID=3424) to work on /home/airflow/.local/lib/python3.12/site-packages/airflow/example_dags/example_python_decorator.py
[2025-02-08T10:56:56.277+0000] {processor.py:914} INFO - Processing file /home/airflow/.local/lib/python3.12/site-packages/airflow/example_dags/example_python_decorator.py for tasks to queue
[2025-02-08T10:56:56.279+0000] {logging_mixin.py:190} INFO - [2025-02-08T10:56:56.279+0000] {dagbag.py:588} INFO - Filling up the DagBag from /home/airflow/.local/lib/python3.12/site-packages/airflow/example_dags/example_python_decorator.py
[2025-02-08T10:56:56.293+0000] {processor.py:925} INFO - DAG(s) 'example_python_decorator' retrieved from /home/airflow/.local/lib/python3.12/site-packages/airflow/example_dags/example_python_decorator.py
[2025-02-08T10:56:56.311+0000] {logging_mixin.py:190} INFO - [2025-02-08T10:56:56.311+0000] {dag.py:3239} INFO - Sync 1 DAGs
[2025-02-08T10:56:56.324+0000] {logging_mixin.py:190} INFO - [2025-02-08T10:56:56.324+0000] {dag.py:4180} INFO - Setting next_dagrun for example_python_decorator to None, run_after=None
[2025-02-08T10:56:56.339+0000] {processor.py:208} INFO - Processing /home/airflow/.local/lib/python3.12/site-packages/airflow/example_dags/example_python_decorator.py took 0.069 seconds
[2025-02-08T10:57:26.615+0000] {processor.py:186} INFO - Started process (PID=3712) to work on /home/airflow/.local/lib/python3.12/site-packages/airflow/example_dags/example_python_decorator.py
[2025-02-08T10:57:26.615+0000] {processor.py:914} INFO - Processing file /home/airflow/.local/lib/python3.12/site-packages/airflow/example_dags/example_python_decorator.py for tasks to queue
[2025-02-08T10:57:26.618+0000] {logging_mixin.py:190} INFO - [2025-02-08T10:57:26.617+0000] {dagbag.py:588} INFO - Filling up the DagBag from /home/airflow/.local/lib/python3.12/site-packages/airflow/example_dags/example_python_decorator.py
[2025-02-08T10:57:26.629+0000] {processor.py:925} INFO - DAG(s) 'example_python_decorator' retrieved from /home/airflow/.local/lib/python3.12/site-packages/airflow/example_dags/example_python_decorator.py
[2025-02-08T10:57:26.645+0000] {logging_mixin.py:190} INFO - [2025-02-08T10:57:26.644+0000] {dag.py:3239} INFO - Sync 1 DAGs
[2025-02-08T10:57:26.655+0000] {logging_mixin.py:190} INFO - [2025-02-08T10:57:26.655+0000] {dag.py:4180} INFO - Setting next_dagrun for example_python_decorator to None, run_after=None
[2025-02-08T10:57:26.670+0000] {processor.py:208} INFO - Processing /home/airflow/.local/lib/python3.12/site-packages/airflow/example_dags/example_python_decorator.py took 0.060 seconds
[2025-02-08T10:57:57.003+0000] {processor.py:186} INFO - Started process (PID=3998) to work on /home/airflow/.local/lib/python3.12/site-packages/airflow/example_dags/example_python_decorator.py
[2025-02-08T10:57:57.004+0000] {processor.py:914} INFO - Processing file /home/airflow/.local/lib/python3.12/site-packages/airflow/example_dags/example_python_decorator.py for tasks to queue
[2025-02-08T10:57:57.006+0000] {logging_mixin.py:190} INFO - [2025-02-08T10:57:57.005+0000] {dagbag.py:588} INFO - Filling up the DagBag from /home/airflow/.local/lib/python3.12/site-packages/airflow/example_dags/example_python_decorator.py
[2025-02-08T10:57:57.018+0000] {processor.py:925} INFO - DAG(s) 'example_python_decorator' retrieved from /home/airflow/.local/lib/python3.12/site-packages/airflow/example_dags/example_python_decorator.py
[2025-02-08T10:57:57.034+0000] {logging_mixin.py:190} INFO - [2025-02-08T10:57:57.034+0000] {dag.py:3239} INFO - Sync 1 DAGs
[2025-02-08T10:57:57.044+0000] {logging_mixin.py:190} INFO - [2025-02-08T10:57:57.044+0000] {dag.py:4180} INFO - Setting next_dagrun for example_python_decorator to None, run_after=None
[2025-02-08T10:57:57.060+0000] {processor.py:208} INFO - Processing /home/airflow/.local/lib/python3.12/site-packages/airflow/example_dags/example_python_decorator.py took 0.063 seconds
[2025-02-08T10:58:27.410+0000] {processor.py:186} INFO - Started process (PID=4296) to work on /home/airflow/.local/lib/python3.12/site-packages/airflow/example_dags/example_python_decorator.py
[2025-02-08T10:58:27.411+0000] {processor.py:914} INFO - Processing file /home/airflow/.local/lib/python3.12/site-packages/airflow/example_dags/example_python_decorator.py for tasks to queue
[2025-02-08T10:58:27.413+0000] {logging_mixin.py:190} INFO - [2025-02-08T10:58:27.412+0000] {dagbag.py:588} INFO - Filling up the DagBag from /home/airflow/.local/lib/python3.12/site-packages/airflow/example_dags/example_python_decorator.py
[2025-02-08T10:58:27.425+0000] {processor.py:925} INFO - DAG(s) 'example_python_decorator' retrieved from /home/airflow/.local/lib/python3.12/site-packages/airflow/example_dags/example_python_decorator.py
[2025-02-08T10:58:27.443+0000] {logging_mixin.py:190} INFO - [2025-02-08T10:58:27.443+0000] {dag.py:3239} INFO - Sync 1 DAGs
[2025-02-08T10:58:27.455+0000] {logging_mixin.py:190} INFO - [2025-02-08T10:58:27.455+0000] {dag.py:4180} INFO - Setting next_dagrun for example_python_decorator to None, run_after=None
[2025-02-08T10:58:27.474+0000] {processor.py:208} INFO - Processing /home/airflow/.local/lib/python3.12/site-packages/airflow/example_dags/example_python_decorator.py took 0.069 seconds
[2025-02-08T10:58:57.706+0000] {processor.py:186} INFO - Started process (PID=4774) to work on /home/airflow/.local/lib/python3.12/site-packages/airflow/example_dags/example_python_decorator.py
[2025-02-08T10:58:57.707+0000] {processor.py:914} INFO - Processing file /home/airflow/.local/lib/python3.12/site-packages/airflow/example_dags/example_python_decorator.py for tasks to queue
[2025-02-08T10:58:57.708+0000] {logging_mixin.py:190} INFO - [2025-02-08T10:58:57.708+0000] {dagbag.py:588} INFO - Filling up the DagBag from /home/airflow/.local/lib/python3.12/site-packages/airflow/example_dags/example_python_decorator.py
[2025-02-08T10:58:57.721+0000] {processor.py:925} INFO - DAG(s) 'example_python_decorator' retrieved from /home/airflow/.local/lib/python3.12/site-packages/airflow/example_dags/example_python_decorator.py
[2025-02-08T10:58:57.736+0000] {logging_mixin.py:190} INFO - [2025-02-08T10:58:57.736+0000] {dag.py:3239} INFO - Sync 1 DAGs
[2025-02-08T10:58:57.748+0000] {logging_mixin.py:190} INFO - [2025-02-08T10:58:57.748+0000] {dag.py:4180} INFO - Setting next_dagrun for example_python_decorator to None, run_after=None
[2025-02-08T10:58:57.764+0000] {processor.py:208} INFO - Processing /home/airflow/.local/lib/python3.12/site-packages/airflow/example_dags/example_python_decorator.py took 0.063 seconds
[2025-02-08T10:59:28.111+0000] {processor.py:186} INFO - Started process (PID=5110) to work on /home/airflow/.local/lib/python3.12/site-packages/airflow/example_dags/example_python_decorator.py
[2025-02-08T10:59:28.112+0000] {processor.py:914} INFO - Processing file /home/airflow/.local/lib/python3.12/site-packages/airflow/example_dags/example_python_decorator.py for tasks to queue
[2025-02-08T10:59:28.114+0000] {logging_mixin.py:190} INFO - [2025-02-08T10:59:28.114+0000] {dagbag.py:588} INFO - Filling up the DagBag from /home/airflow/.local/lib/python3.12/site-packages/airflow/example_dags/example_python_decorator.py
[2025-02-08T10:59:28.125+0000] {processor.py:925} INFO - DAG(s) 'example_python_decorator' retrieved from /home/airflow/.local/lib/python3.12/site-packages/airflow/example_dags/example_python_decorator.py
[2025-02-08T10:59:28.143+0000] {logging_mixin.py:190} INFO - [2025-02-08T10:59:28.143+0000] {dag.py:3239} INFO - Sync 1 DAGs
[2025-02-08T10:59:28.157+0000] {logging_mixin.py:190} INFO - [2025-02-08T10:59:28.156+0000] {dag.py:4180} INFO - Setting next_dagrun for example_python_decorator to None, run_after=None
[2025-02-08T10:59:28.175+0000] {processor.py:208} INFO - Processing /home/airflow/.local/lib/python3.12/site-packages/airflow/example_dags/example_python_decorator.py took 0.068 seconds
[2025-02-08T11:01:58.395+0000] {processor.py:186} INFO - Started process (PID=283) to work on /home/airflow/.local/lib/python3.12/site-packages/airflow/example_dags/example_python_decorator.py
[2025-02-08T11:01:58.395+0000] {processor.py:914} INFO - Processing file /home/airflow/.local/lib/python3.12/site-packages/airflow/example_dags/example_python_decorator.py for tasks to queue
[2025-02-08T11:01:58.397+0000] {logging_mixin.py:190} INFO - [2025-02-08T11:01:58.397+0000] {dagbag.py:588} INFO - Filling up the DagBag from /home/airflow/.local/lib/python3.12/site-packages/airflow/example_dags/example_python_decorator.py
[2025-02-08T11:01:58.409+0000] {processor.py:925} INFO - DAG(s) 'example_python_decorator' retrieved from /home/airflow/.local/lib/python3.12/site-packages/airflow/example_dags/example_python_decorator.py
[2025-02-08T11:01:58.496+0000] {logging_mixin.py:190} INFO - [2025-02-08T11:01:58.495+0000] {override.py:1900} INFO - Created Permission View: can read on DAG:example_python_decorator
[2025-02-08T11:01:58.505+0000] {logging_mixin.py:190} INFO - [2025-02-08T11:01:58.505+0000] {override.py:1900} INFO - Created Permission View: can delete on DAG:example_python_decorator
[2025-02-08T11:01:58.510+0000] {logging_mixin.py:190} INFO - [2025-02-08T11:01:58.510+0000] {override.py:1900} INFO - Created Permission View: can edit on DAG:example_python_decorator
[2025-02-08T11:01:58.516+0000] {logging_mixin.py:190} INFO - [2025-02-08T11:01:58.516+0000] {override.py:1900} INFO - Created Permission View: menu access on DAG Run:example_python_decorator
[2025-02-08T11:01:58.520+0000] {logging_mixin.py:190} INFO - [2025-02-08T11:01:58.520+0000] {override.py:1900} INFO - Created Permission View: can read on DAG Run:example_python_decorator
[2025-02-08T11:01:58.525+0000] {logging_mixin.py:190} INFO - [2025-02-08T11:01:58.525+0000] {override.py:1900} INFO - Created Permission View: can create on DAG Run:example_python_decorator
[2025-02-08T11:01:58.530+0000] {logging_mixin.py:190} INFO - [2025-02-08T11:01:58.530+0000] {override.py:1900} INFO - Created Permission View: can delete on DAG Run:example_python_decorator
[2025-02-08T11:01:58.530+0000] {logging_mixin.py:190} INFO - [2025-02-08T11:01:58.530+0000] {dag.py:3239} INFO - Sync 1 DAGs
[2025-02-08T11:01:58.540+0000] {logging_mixin.py:190} INFO - [2025-02-08T11:01:58.540+0000] {dag.py:3262} INFO - Creating ORM DAG for example_python_decorator
[2025-02-08T11:01:58.541+0000] {logging_mixin.py:190} INFO - [2025-02-08T11:01:58.541+0000] {dag.py:4180} INFO - Setting next_dagrun for example_python_decorator to None, run_after=None
[2025-02-08T11:01:58.555+0000] {processor.py:208} INFO - Processing /home/airflow/.local/lib/python3.12/site-packages/airflow/example_dags/example_python_decorator.py took 0.165 seconds
[2025-02-08T11:02:29.823+0000] {processor.py:186} INFO - Started process (PID=569) to work on /home/airflow/.local/lib/python3.12/site-packages/airflow/example_dags/example_python_decorator.py
[2025-02-08T11:02:29.824+0000] {processor.py:914} INFO - Processing file /home/airflow/.local/lib/python3.12/site-packages/airflow/example_dags/example_python_decorator.py for tasks to queue
[2025-02-08T11:02:29.825+0000] {logging_mixin.py:190} INFO - [2025-02-08T11:02:29.825+0000] {dagbag.py:588} INFO - Filling up the DagBag from /home/airflow/.local/lib/python3.12/site-packages/airflow/example_dags/example_python_decorator.py
[2025-02-08T11:02:29.835+0000] {processor.py:925} INFO - DAG(s) 'example_python_decorator' retrieved from /home/airflow/.local/lib/python3.12/site-packages/airflow/example_dags/example_python_decorator.py
[2025-02-08T11:02:29.851+0000] {logging_mixin.py:190} INFO - [2025-02-08T11:02:29.851+0000] {dag.py:3239} INFO - Sync 1 DAGs
[2025-02-08T11:02:29.862+0000] {logging_mixin.py:190} INFO - [2025-02-08T11:02:29.862+0000] {dag.py:4180} INFO - Setting next_dagrun for example_python_decorator to None, run_after=None
[2025-02-08T11:02:30.083+0000] {processor.py:208} INFO - Processing /home/airflow/.local/lib/python3.12/site-packages/airflow/example_dags/example_python_decorator.py took 0.265 seconds
[2025-02-08T11:03:38.146+0000] {processor.py:186} INFO - Started process (PID=283) to work on /home/airflow/.local/lib/python3.12/site-packages/airflow/example_dags/example_python_decorator.py
[2025-02-08T11:03:38.147+0000] {processor.py:914} INFO - Processing file /home/airflow/.local/lib/python3.12/site-packages/airflow/example_dags/example_python_decorator.py for tasks to queue
[2025-02-08T11:03:38.149+0000] {logging_mixin.py:190} INFO - [2025-02-08T11:03:38.149+0000] {dagbag.py:588} INFO - Filling up the DagBag from /home/airflow/.local/lib/python3.12/site-packages/airflow/example_dags/example_python_decorator.py
[2025-02-08T11:03:38.161+0000] {processor.py:925} INFO - DAG(s) 'example_python_decorator' retrieved from /home/airflow/.local/lib/python3.12/site-packages/airflow/example_dags/example_python_decorator.py
[2025-02-08T11:03:38.251+0000] {logging_mixin.py:190} INFO - [2025-02-08T11:03:38.251+0000] {dag.py:3239} INFO - Sync 1 DAGs
[2025-02-08T11:03:38.262+0000] {logging_mixin.py:190} INFO - [2025-02-08T11:03:38.262+0000] {dag.py:4180} INFO - Setting next_dagrun for example_python_decorator to None, run_after=None
[2025-02-08T11:03:38.279+0000] {processor.py:208} INFO - Processing /home/airflow/.local/lib/python3.12/site-packages/airflow/example_dags/example_python_decorator.py took 0.138 seconds
[2025-02-08T11:04:08.594+0000] {processor.py:186} INFO - Started process (PID=571) to work on /home/airflow/.local/lib/python3.12/site-packages/airflow/example_dags/example_python_decorator.py
[2025-02-08T11:04:08.595+0000] {processor.py:914} INFO - Processing file /home/airflow/.local/lib/python3.12/site-packages/airflow/example_dags/example_python_decorator.py for tasks to queue
[2025-02-08T11:04:08.597+0000] {logging_mixin.py:190} INFO - [2025-02-08T11:04:08.596+0000] {dagbag.py:588} INFO - Filling up the DagBag from /home/airflow/.local/lib/python3.12/site-packages/airflow/example_dags/example_python_decorator.py
[2025-02-08T11:04:08.609+0000] {processor.py:925} INFO - DAG(s) 'example_python_decorator' retrieved from /home/airflow/.local/lib/python3.12/site-packages/airflow/example_dags/example_python_decorator.py
[2025-02-08T11:04:08.629+0000] {logging_mixin.py:190} INFO - [2025-02-08T11:04:08.628+0000] {dag.py:3239} INFO - Sync 1 DAGs
[2025-02-08T11:04:08.641+0000] {logging_mixin.py:190} INFO - [2025-02-08T11:04:08.641+0000] {dag.py:4180} INFO - Setting next_dagrun for example_python_decorator to None, run_after=None
[2025-02-08T11:04:08.658+0000] {processor.py:208} INFO - Processing /home/airflow/.local/lib/python3.12/site-packages/airflow/example_dags/example_python_decorator.py took 0.070 seconds
[2025-02-08T11:04:38.819+0000] {processor.py:186} INFO - Started process (PID=857) to work on /home/airflow/.local/lib/python3.12/site-packages/airflow/example_dags/example_python_decorator.py
[2025-02-08T11:04:38.820+0000] {processor.py:914} INFO - Processing file /home/airflow/.local/lib/python3.12/site-packages/airflow/example_dags/example_python_decorator.py for tasks to queue
[2025-02-08T11:04:38.821+0000] {logging_mixin.py:190} INFO - [2025-02-08T11:04:38.821+0000] {dagbag.py:588} INFO - Filling up the DagBag from /home/airflow/.local/lib/python3.12/site-packages/airflow/example_dags/example_python_decorator.py
[2025-02-08T11:04:38.833+0000] {processor.py:925} INFO - DAG(s) 'example_python_decorator' retrieved from /home/airflow/.local/lib/python3.12/site-packages/airflow/example_dags/example_python_decorator.py
[2025-02-08T11:04:38.850+0000] {logging_mixin.py:190} INFO - [2025-02-08T11:04:38.850+0000] {dag.py:3239} INFO - Sync 1 DAGs
[2025-02-08T11:04:38.861+0000] {logging_mixin.py:190} INFO - [2025-02-08T11:04:38.861+0000] {dag.py:4180} INFO - Setting next_dagrun for example_python_decorator to None, run_after=None
[2025-02-08T11:04:38.876+0000] {processor.py:208} INFO - Processing /home/airflow/.local/lib/python3.12/site-packages/airflow/example_dags/example_python_decorator.py took 0.062 seconds
[2025-02-08T11:33:19.062+0000] {processor.py:186} INFO - Started process (PID=285) to work on /home/airflow/.local/lib/python3.12/site-packages/airflow/example_dags/example_python_decorator.py
[2025-02-08T11:33:19.063+0000] {processor.py:914} INFO - Processing file /home/airflow/.local/lib/python3.12/site-packages/airflow/example_dags/example_python_decorator.py for tasks to queue
[2025-02-08T11:33:19.065+0000] {logging_mixin.py:190} INFO - [2025-02-08T11:33:19.064+0000] {dagbag.py:588} INFO - Filling up the DagBag from /home/airflow/.local/lib/python3.12/site-packages/airflow/example_dags/example_python_decorator.py
[2025-02-08T11:33:19.076+0000] {processor.py:925} INFO - DAG(s) 'example_python_decorator' retrieved from /home/airflow/.local/lib/python3.12/site-packages/airflow/example_dags/example_python_decorator.py
[2025-02-08T11:33:19.162+0000] {logging_mixin.py:190} INFO - [2025-02-08T11:33:19.162+0000] {override.py:1900} INFO - Created Permission View: can edit on DAG:example_python_decorator
[2025-02-08T11:33:19.170+0000] {logging_mixin.py:190} INFO - [2025-02-08T11:33:19.169+0000] {override.py:1900} INFO - Created Permission View: can delete on DAG:example_python_decorator
[2025-02-08T11:33:19.174+0000] {logging_mixin.py:190} INFO - [2025-02-08T11:33:19.174+0000] {override.py:1900} INFO - Created Permission View: can read on DAG:example_python_decorator
[2025-02-08T11:33:19.180+0000] {logging_mixin.py:190} INFO - [2025-02-08T11:33:19.180+0000] {override.py:1900} INFO - Created Permission View: menu access on DAG Run:example_python_decorator
[2025-02-08T11:33:19.185+0000] {logging_mixin.py:190} INFO - [2025-02-08T11:33:19.185+0000] {override.py:1900} INFO - Created Permission View: can create on DAG Run:example_python_decorator
[2025-02-08T11:33:19.190+0000] {logging_mixin.py:190} INFO - [2025-02-08T11:33:19.189+0000] {override.py:1900} INFO - Created Permission View: can delete on DAG Run:example_python_decorator
[2025-02-08T11:33:19.195+0000] {logging_mixin.py:190} INFO - [2025-02-08T11:33:19.195+0000] {override.py:1900} INFO - Created Permission View: can read on DAG Run:example_python_decorator
[2025-02-08T11:33:19.195+0000] {logging_mixin.py:190} INFO - [2025-02-08T11:33:19.195+0000] {dag.py:3239} INFO - Sync 1 DAGs
[2025-02-08T11:33:19.205+0000] {logging_mixin.py:190} INFO - [2025-02-08T11:33:19.205+0000] {dag.py:3262} INFO - Creating ORM DAG for example_python_decorator
[2025-02-08T11:33:19.206+0000] {logging_mixin.py:190} INFO - [2025-02-08T11:33:19.206+0000] {dag.py:4180} INFO - Setting next_dagrun for example_python_decorator to None, run_after=None
[2025-02-08T11:33:19.219+0000] {processor.py:208} INFO - Processing /home/airflow/.local/lib/python3.12/site-packages/airflow/example_dags/example_python_decorator.py took 0.161 seconds
[2025-02-08T11:33:49.746+0000] {processor.py:186} INFO - Started process (PID=571) to work on /home/airflow/.local/lib/python3.12/site-packages/airflow/example_dags/example_python_decorator.py
[2025-02-08T11:33:49.746+0000] {processor.py:914} INFO - Processing file /home/airflow/.local/lib/python3.12/site-packages/airflow/example_dags/example_python_decorator.py for tasks to queue
[2025-02-08T11:33:49.748+0000] {logging_mixin.py:190} INFO - [2025-02-08T11:33:49.748+0000] {dagbag.py:588} INFO - Filling up the DagBag from /home/airflow/.local/lib/python3.12/site-packages/airflow/example_dags/example_python_decorator.py
[2025-02-08T11:33:49.759+0000] {processor.py:925} INFO - DAG(s) 'example_python_decorator' retrieved from /home/airflow/.local/lib/python3.12/site-packages/airflow/example_dags/example_python_decorator.py
[2025-02-08T11:33:49.774+0000] {logging_mixin.py:190} INFO - [2025-02-08T11:33:49.774+0000] {dag.py:3239} INFO - Sync 1 DAGs
[2025-02-08T11:33:49.785+0000] {logging_mixin.py:190} INFO - [2025-02-08T11:33:49.785+0000] {dag.py:4180} INFO - Setting next_dagrun for example_python_decorator to None, run_after=None
[2025-02-08T11:33:49.801+0000] {processor.py:208} INFO - Processing /home/airflow/.local/lib/python3.12/site-packages/airflow/example_dags/example_python_decorator.py took 0.059 seconds
[2025-02-08T11:34:20.211+0000] {processor.py:186} INFO - Started process (PID=857) to work on /home/airflow/.local/lib/python3.12/site-packages/airflow/example_dags/example_python_decorator.py
[2025-02-08T11:34:20.212+0000] {processor.py:914} INFO - Processing file /home/airflow/.local/lib/python3.12/site-packages/airflow/example_dags/example_python_decorator.py for tasks to queue
[2025-02-08T11:34:20.214+0000] {logging_mixin.py:190} INFO - [2025-02-08T11:34:20.214+0000] {dagbag.py:588} INFO - Filling up the DagBag from /home/airflow/.local/lib/python3.12/site-packages/airflow/example_dags/example_python_decorator.py
[2025-02-08T11:34:20.224+0000] {processor.py:925} INFO - DAG(s) 'example_python_decorator' retrieved from /home/airflow/.local/lib/python3.12/site-packages/airflow/example_dags/example_python_decorator.py
[2025-02-08T11:34:20.239+0000] {logging_mixin.py:190} INFO - [2025-02-08T11:34:20.239+0000] {dag.py:3239} INFO - Sync 1 DAGs
[2025-02-08T11:34:20.250+0000] {logging_mixin.py:190} INFO - [2025-02-08T11:34:20.250+0000] {dag.py:4180} INFO - Setting next_dagrun for example_python_decorator to None, run_after=None
[2025-02-08T11:34:20.265+0000] {processor.py:208} INFO - Processing /home/airflow/.local/lib/python3.12/site-packages/airflow/example_dags/example_python_decorator.py took 0.061 seconds
[2025-02-08T11:34:50.424+0000] {processor.py:186} INFO - Started process (PID=1143) to work on /home/airflow/.local/lib/python3.12/site-packages/airflow/example_dags/example_python_decorator.py
[2025-02-08T11:34:50.425+0000] {processor.py:914} INFO - Processing file /home/airflow/.local/lib/python3.12/site-packages/airflow/example_dags/example_python_decorator.py for tasks to queue
[2025-02-08T11:34:50.426+0000] {logging_mixin.py:190} INFO - [2025-02-08T11:34:50.426+0000] {dagbag.py:588} INFO - Filling up the DagBag from /home/airflow/.local/lib/python3.12/site-packages/airflow/example_dags/example_python_decorator.py
[2025-02-08T11:34:50.437+0000] {processor.py:925} INFO - DAG(s) 'example_python_decorator' retrieved from /home/airflow/.local/lib/python3.12/site-packages/airflow/example_dags/example_python_decorator.py
[2025-02-08T11:34:50.457+0000] {logging_mixin.py:190} INFO - [2025-02-08T11:34:50.457+0000] {dag.py:3239} INFO - Sync 1 DAGs
[2025-02-08T11:34:50.469+0000] {logging_mixin.py:190} INFO - [2025-02-08T11:34:50.469+0000] {dag.py:4180} INFO - Setting next_dagrun for example_python_decorator to None, run_after=None
[2025-02-08T11:34:50.487+0000] {processor.py:208} INFO - Processing /home/airflow/.local/lib/python3.12/site-packages/airflow/example_dags/example_python_decorator.py took 0.068 seconds
