[2025-02-08T10:51:23.279+0000] {processor.py:186} INFO - Started process (PID=298) to work on /home/airflow/.local/lib/python3.12/site-packages/airflow/example_dags/example_branch_operator.py
[2025-02-08T10:51:23.279+0000] {processor.py:914} INFO - Processing file /home/airflow/.local/lib/python3.12/site-packages/airflow/example_dags/example_branch_operator.py for tasks to queue
[2025-02-08T10:51:23.281+0000] {logging_mixin.py:190} INFO - [2025-02-08T10:51:23.281+0000] {dagbag.py:588} INFO - Filling up the DagBag from /home/airflow/.local/lib/python3.12/site-packages/airflow/example_dags/example_branch_operator.py
[2025-02-08T10:51:23.296+0000] {processor.py:925} INFO - DAG(s) 'example_branch_operator' retrieved from /home/airflow/.local/lib/python3.12/site-packages/airflow/example_dags/example_branch_operator.py
[2025-02-08T10:51:23.396+0000] {logging_mixin.py:190} INFO - [2025-02-08T10:51:23.395+0000] {override.py:1900} INFO - Created Permission View: can delete on DAG:example_branch_operator
[2025-02-08T10:51:23.404+0000] {logging_mixin.py:190} INFO - [2025-02-08T10:51:23.404+0000] {override.py:1900} INFO - Created Permission View: can read on DAG:example_branch_operator
[2025-02-08T10:51:23.411+0000] {logging_mixin.py:190} INFO - [2025-02-08T10:51:23.410+0000] {override.py:1900} INFO - Created Permission View: can edit on DAG:example_branch_operator
[2025-02-08T10:51:23.418+0000] {logging_mixin.py:190} INFO - [2025-02-08T10:51:23.417+0000] {override.py:1900} INFO - Created Permission View: can delete on DAG Run:example_branch_operator
[2025-02-08T10:51:23.424+0000] {logging_mixin.py:190} INFO - [2025-02-08T10:51:23.423+0000] {override.py:1900} INFO - Created Permission View: can read on DAG Run:example_branch_operator
[2025-02-08T10:51:23.430+0000] {logging_mixin.py:190} INFO - [2025-02-08T10:51:23.429+0000] {override.py:1900} INFO - Created Permission View: menu access on DAG Run:example_branch_operator
[2025-02-08T10:51:23.437+0000] {logging_mixin.py:190} INFO - [2025-02-08T10:51:23.436+0000] {override.py:1900} INFO - Created Permission View: can create on DAG Run:example_branch_operator
[2025-02-08T10:51:23.438+0000] {logging_mixin.py:190} INFO - [2025-02-08T10:51:23.437+0000] {dag.py:3239} INFO - Sync 1 DAGs
[2025-02-08T10:51:23.450+0000] {logging_mixin.py:190} INFO - [2025-02-08T10:51:23.450+0000] {dag.py:3262} INFO - Creating ORM DAG for example_branch_operator
[2025-02-08T10:51:23.459+0000] {logging_mixin.py:190} INFO - [2025-02-08T10:51:23.459+0000] {dag.py:4180} INFO - Setting next_dagrun for example_branch_operator to 2025-02-07 00:00:00+00:00, run_after=2025-02-08 00:00:00+00:00
[2025-02-08T10:51:23.474+0000] {processor.py:208} INFO - Processing /home/airflow/.local/lib/python3.12/site-packages/airflow/example_dags/example_branch_operator.py took 0.200 seconds
[2025-02-08T10:51:54.072+0000] {processor.py:186} INFO - Started process (PID=586) to work on /home/airflow/.local/lib/python3.12/site-packages/airflow/example_dags/example_branch_operator.py
[2025-02-08T10:51:54.073+0000] {processor.py:914} INFO - Processing file /home/airflow/.local/lib/python3.12/site-packages/airflow/example_dags/example_branch_operator.py for tasks to queue
[2025-02-08T10:51:54.075+0000] {logging_mixin.py:190} INFO - [2025-02-08T10:51:54.075+0000] {dagbag.py:588} INFO - Filling up the DagBag from /home/airflow/.local/lib/python3.12/site-packages/airflow/example_dags/example_branch_operator.py
[2025-02-08T10:51:54.091+0000] {processor.py:925} INFO - DAG(s) 'example_branch_operator' retrieved from /home/airflow/.local/lib/python3.12/site-packages/airflow/example_dags/example_branch_operator.py
[2025-02-08T10:51:54.117+0000] {logging_mixin.py:190} INFO - [2025-02-08T10:51:54.117+0000] {dag.py:3239} INFO - Sync 1 DAGs
[2025-02-08T10:51:54.137+0000] {logging_mixin.py:190} INFO - [2025-02-08T10:51:54.137+0000] {dag.py:4180} INFO - Setting next_dagrun for example_branch_operator to 2025-02-07 00:00:00+00:00, run_after=2025-02-08 00:00:00+00:00
[2025-02-08T10:51:54.155+0000] {processor.py:208} INFO - Processing /home/airflow/.local/lib/python3.12/site-packages/airflow/example_dags/example_branch_operator.py took 0.088 seconds
[2025-02-08T10:52:24.347+0000] {processor.py:186} INFO - Started process (PID=872) to work on /home/airflow/.local/lib/python3.12/site-packages/airflow/example_dags/example_branch_operator.py
[2025-02-08T10:52:24.348+0000] {processor.py:914} INFO - Processing file /home/airflow/.local/lib/python3.12/site-packages/airflow/example_dags/example_branch_operator.py for tasks to queue
[2025-02-08T10:52:24.350+0000] {logging_mixin.py:190} INFO - [2025-02-08T10:52:24.349+0000] {dagbag.py:588} INFO - Filling up the DagBag from /home/airflow/.local/lib/python3.12/site-packages/airflow/example_dags/example_branch_operator.py
[2025-02-08T10:52:24.363+0000] {processor.py:925} INFO - DAG(s) 'example_branch_operator' retrieved from /home/airflow/.local/lib/python3.12/site-packages/airflow/example_dags/example_branch_operator.py
[2025-02-08T10:52:24.384+0000] {logging_mixin.py:190} INFO - [2025-02-08T10:52:24.384+0000] {dag.py:3239} INFO - Sync 1 DAGs
[2025-02-08T10:52:24.403+0000] {logging_mixin.py:190} INFO - [2025-02-08T10:52:24.403+0000] {dag.py:4180} INFO - Setting next_dagrun for example_branch_operator to 2025-02-07 00:00:00+00:00, run_after=2025-02-08 00:00:00+00:00
[2025-02-08T10:52:24.420+0000] {processor.py:208} INFO - Processing /home/airflow/.local/lib/python3.12/site-packages/airflow/example_dags/example_branch_operator.py took 0.078 seconds
[2025-02-08T10:52:54.556+0000] {processor.py:186} INFO - Started process (PID=1158) to work on /home/airflow/.local/lib/python3.12/site-packages/airflow/example_dags/example_branch_operator.py
[2025-02-08T10:52:54.556+0000] {processor.py:914} INFO - Processing file /home/airflow/.local/lib/python3.12/site-packages/airflow/example_dags/example_branch_operator.py for tasks to queue
[2025-02-08T10:52:54.558+0000] {logging_mixin.py:190} INFO - [2025-02-08T10:52:54.558+0000] {dagbag.py:588} INFO - Filling up the DagBag from /home/airflow/.local/lib/python3.12/site-packages/airflow/example_dags/example_branch_operator.py
[2025-02-08T10:52:54.571+0000] {processor.py:925} INFO - DAG(s) 'example_branch_operator' retrieved from /home/airflow/.local/lib/python3.12/site-packages/airflow/example_dags/example_branch_operator.py
[2025-02-08T10:52:54.592+0000] {logging_mixin.py:190} INFO - [2025-02-08T10:52:54.592+0000] {dag.py:3239} INFO - Sync 1 DAGs
[2025-02-08T10:52:54.613+0000] {logging_mixin.py:190} INFO - [2025-02-08T10:52:54.613+0000] {dag.py:4180} INFO - Setting next_dagrun for example_branch_operator to 2025-02-07 00:00:00+00:00, run_after=2025-02-08 00:00:00+00:00
[2025-02-08T10:52:54.629+0000] {processor.py:208} INFO - Processing /home/airflow/.local/lib/python3.12/site-packages/airflow/example_dags/example_branch_operator.py took 0.078 seconds
[2025-02-08T10:53:24.779+0000] {processor.py:186} INFO - Started process (PID=1442) to work on /home/airflow/.local/lib/python3.12/site-packages/airflow/example_dags/example_branch_operator.py
[2025-02-08T10:53:24.780+0000] {processor.py:914} INFO - Processing file /home/airflow/.local/lib/python3.12/site-packages/airflow/example_dags/example_branch_operator.py for tasks to queue
[2025-02-08T10:53:24.782+0000] {logging_mixin.py:190} INFO - [2025-02-08T10:53:24.782+0000] {dagbag.py:588} INFO - Filling up the DagBag from /home/airflow/.local/lib/python3.12/site-packages/airflow/example_dags/example_branch_operator.py
[2025-02-08T10:53:24.801+0000] {processor.py:925} INFO - DAG(s) 'example_branch_operator' retrieved from /home/airflow/.local/lib/python3.12/site-packages/airflow/example_dags/example_branch_operator.py
[2025-02-08T10:53:24.824+0000] {logging_mixin.py:190} INFO - [2025-02-08T10:53:24.824+0000] {dag.py:3239} INFO - Sync 1 DAGs
[2025-02-08T10:53:24.845+0000] {logging_mixin.py:190} INFO - [2025-02-08T10:53:24.844+0000] {dag.py:4180} INFO - Setting next_dagrun for example_branch_operator to 2025-02-07 00:00:00+00:00, run_after=2025-02-08 00:00:00+00:00
[2025-02-08T10:53:24.862+0000] {processor.py:208} INFO - Processing /home/airflow/.local/lib/python3.12/site-packages/airflow/example_dags/example_branch_operator.py took 0.089 seconds
[2025-02-08T10:53:54.954+0000] {processor.py:186} INFO - Started process (PID=1728) to work on /home/airflow/.local/lib/python3.12/site-packages/airflow/example_dags/example_branch_operator.py
[2025-02-08T10:53:54.955+0000] {processor.py:914} INFO - Processing file /home/airflow/.local/lib/python3.12/site-packages/airflow/example_dags/example_branch_operator.py for tasks to queue
[2025-02-08T10:53:54.957+0000] {logging_mixin.py:190} INFO - [2025-02-08T10:53:54.957+0000] {dagbag.py:588} INFO - Filling up the DagBag from /home/airflow/.local/lib/python3.12/site-packages/airflow/example_dags/example_branch_operator.py
[2025-02-08T10:53:54.971+0000] {processor.py:925} INFO - DAG(s) 'example_branch_operator' retrieved from /home/airflow/.local/lib/python3.12/site-packages/airflow/example_dags/example_branch_operator.py
[2025-02-08T10:53:54.991+0000] {logging_mixin.py:190} INFO - [2025-02-08T10:53:54.991+0000] {dag.py:3239} INFO - Sync 1 DAGs
[2025-02-08T10:53:55.010+0000] {logging_mixin.py:190} INFO - [2025-02-08T10:53:55.009+0000] {dag.py:4180} INFO - Setting next_dagrun for example_branch_operator to 2025-02-07 00:00:00+00:00, run_after=2025-02-08 00:00:00+00:00
[2025-02-08T10:53:55.025+0000] {processor.py:208} INFO - Processing /home/airflow/.local/lib/python3.12/site-packages/airflow/example_dags/example_branch_operator.py took 0.076 seconds
[2025-02-08T10:54:25.235+0000] {processor.py:186} INFO - Started process (PID=2014) to work on /home/airflow/.local/lib/python3.12/site-packages/airflow/example_dags/example_branch_operator.py
[2025-02-08T10:54:25.236+0000] {processor.py:914} INFO - Processing file /home/airflow/.local/lib/python3.12/site-packages/airflow/example_dags/example_branch_operator.py for tasks to queue
[2025-02-08T10:54:25.237+0000] {logging_mixin.py:190} INFO - [2025-02-08T10:54:25.237+0000] {dagbag.py:588} INFO - Filling up the DagBag from /home/airflow/.local/lib/python3.12/site-packages/airflow/example_dags/example_branch_operator.py
[2025-02-08T10:54:25.252+0000] {processor.py:925} INFO - DAG(s) 'example_branch_operator' retrieved from /home/airflow/.local/lib/python3.12/site-packages/airflow/example_dags/example_branch_operator.py
[2025-02-08T10:54:25.275+0000] {logging_mixin.py:190} INFO - [2025-02-08T10:54:25.275+0000] {dag.py:3239} INFO - Sync 1 DAGs
[2025-02-08T10:54:25.294+0000] {logging_mixin.py:190} INFO - [2025-02-08T10:54:25.294+0000] {dag.py:4180} INFO - Setting next_dagrun for example_branch_operator to 2025-02-07 00:00:00+00:00, run_after=2025-02-08 00:00:00+00:00
[2025-02-08T10:54:25.323+0000] {processor.py:208} INFO - Processing /home/airflow/.local/lib/python3.12/site-packages/airflow/example_dags/example_branch_operator.py took 0.094 seconds
[2025-02-08T10:54:55.616+0000] {processor.py:186} INFO - Started process (PID=2300) to work on /home/airflow/.local/lib/python3.12/site-packages/airflow/example_dags/example_branch_operator.py
[2025-02-08T10:54:55.617+0000] {processor.py:914} INFO - Processing file /home/airflow/.local/lib/python3.12/site-packages/airflow/example_dags/example_branch_operator.py for tasks to queue
[2025-02-08T10:54:55.619+0000] {logging_mixin.py:190} INFO - [2025-02-08T10:54:55.619+0000] {dagbag.py:588} INFO - Filling up the DagBag from /home/airflow/.local/lib/python3.12/site-packages/airflow/example_dags/example_branch_operator.py
[2025-02-08T10:54:55.636+0000] {processor.py:925} INFO - DAG(s) 'example_branch_operator' retrieved from /home/airflow/.local/lib/python3.12/site-packages/airflow/example_dags/example_branch_operator.py
[2025-02-08T10:54:55.660+0000] {logging_mixin.py:190} INFO - [2025-02-08T10:54:55.660+0000] {dag.py:3239} INFO - Sync 1 DAGs
[2025-02-08T10:54:55.682+0000] {logging_mixin.py:190} INFO - [2025-02-08T10:54:55.682+0000] {dag.py:4180} INFO - Setting next_dagrun for example_branch_operator to 2025-02-07 00:00:00+00:00, run_after=2025-02-08 00:00:00+00:00
[2025-02-08T10:54:55.699+0000] {processor.py:208} INFO - Processing /home/airflow/.local/lib/python3.12/site-packages/airflow/example_dags/example_branch_operator.py took 0.088 seconds
[2025-02-08T10:55:25.958+0000] {processor.py:186} INFO - Started process (PID=2586) to work on /home/airflow/.local/lib/python3.12/site-packages/airflow/example_dags/example_branch_operator.py
[2025-02-08T10:55:25.958+0000] {processor.py:914} INFO - Processing file /home/airflow/.local/lib/python3.12/site-packages/airflow/example_dags/example_branch_operator.py for tasks to queue
[2025-02-08T10:55:25.960+0000] {logging_mixin.py:190} INFO - [2025-02-08T10:55:25.960+0000] {dagbag.py:588} INFO - Filling up the DagBag from /home/airflow/.local/lib/python3.12/site-packages/airflow/example_dags/example_branch_operator.py
[2025-02-08T10:55:25.973+0000] {processor.py:925} INFO - DAG(s) 'example_branch_operator' retrieved from /home/airflow/.local/lib/python3.12/site-packages/airflow/example_dags/example_branch_operator.py
[2025-02-08T10:55:25.997+0000] {logging_mixin.py:190} INFO - [2025-02-08T10:55:25.997+0000] {dag.py:3239} INFO - Sync 1 DAGs
[2025-02-08T10:55:26.017+0000] {logging_mixin.py:190} INFO - [2025-02-08T10:55:26.017+0000] {dag.py:4180} INFO - Setting next_dagrun for example_branch_operator to 2025-02-07 00:00:00+00:00, run_after=2025-02-08 00:00:00+00:00
[2025-02-08T10:55:26.032+0000] {processor.py:208} INFO - Processing /home/airflow/.local/lib/python3.12/site-packages/airflow/example_dags/example_branch_operator.py took 0.079 seconds
[2025-02-08T10:55:57.050+0000] {processor.py:186} INFO - Started process (PID=2872) to work on /home/airflow/.local/lib/python3.12/site-packages/airflow/example_dags/example_branch_operator.py
[2025-02-08T10:55:57.051+0000] {processor.py:914} INFO - Processing file /home/airflow/.local/lib/python3.12/site-packages/airflow/example_dags/example_branch_operator.py for tasks to queue
[2025-02-08T10:55:57.053+0000] {logging_mixin.py:190} INFO - [2025-02-08T10:55:57.053+0000] {dagbag.py:588} INFO - Filling up the DagBag from /home/airflow/.local/lib/python3.12/site-packages/airflow/example_dags/example_branch_operator.py
[2025-02-08T10:55:57.068+0000] {processor.py:925} INFO - DAG(s) 'example_branch_operator' retrieved from /home/airflow/.local/lib/python3.12/site-packages/airflow/example_dags/example_branch_operator.py
[2025-02-08T10:55:57.096+0000] {logging_mixin.py:190} INFO - [2025-02-08T10:55:57.095+0000] {dag.py:3239} INFO - Sync 1 DAGs
[2025-02-08T10:55:57.118+0000] {logging_mixin.py:190} INFO - [2025-02-08T10:55:57.117+0000] {dag.py:4180} INFO - Setting next_dagrun for example_branch_operator to 2025-02-07 00:00:00+00:00, run_after=2025-02-08 00:00:00+00:00
[2025-02-08T10:55:57.135+0000] {processor.py:208} INFO - Processing /home/airflow/.local/lib/python3.12/site-packages/airflow/example_dags/example_branch_operator.py took 0.090 seconds
[2025-02-08T10:56:27.301+0000] {processor.py:186} INFO - Started process (PID=3158) to work on /home/airflow/.local/lib/python3.12/site-packages/airflow/example_dags/example_branch_operator.py
[2025-02-08T10:56:27.302+0000] {processor.py:914} INFO - Processing file /home/airflow/.local/lib/python3.12/site-packages/airflow/example_dags/example_branch_operator.py for tasks to queue
[2025-02-08T10:56:27.304+0000] {logging_mixin.py:190} INFO - [2025-02-08T10:56:27.303+0000] {dagbag.py:588} INFO - Filling up the DagBag from /home/airflow/.local/lib/python3.12/site-packages/airflow/example_dags/example_branch_operator.py
[2025-02-08T10:56:27.320+0000] {processor.py:925} INFO - DAG(s) 'example_branch_operator' retrieved from /home/airflow/.local/lib/python3.12/site-packages/airflow/example_dags/example_branch_operator.py
[2025-02-08T10:56:27.341+0000] {logging_mixin.py:190} INFO - [2025-02-08T10:56:27.341+0000] {dag.py:3239} INFO - Sync 1 DAGs
[2025-02-08T10:56:27.361+0000] {logging_mixin.py:190} INFO - [2025-02-08T10:56:27.360+0000] {dag.py:4180} INFO - Setting next_dagrun for example_branch_operator to 2025-02-07 00:00:00+00:00, run_after=2025-02-08 00:00:00+00:00
[2025-02-08T10:56:27.378+0000] {processor.py:208} INFO - Processing /home/airflow/.local/lib/python3.12/site-packages/airflow/example_dags/example_branch_operator.py took 0.082 seconds
[2025-02-08T10:56:57.590+0000] {processor.py:186} INFO - Started process (PID=3444) to work on /home/airflow/.local/lib/python3.12/site-packages/airflow/example_dags/example_branch_operator.py
[2025-02-08T10:56:57.590+0000] {processor.py:914} INFO - Processing file /home/airflow/.local/lib/python3.12/site-packages/airflow/example_dags/example_branch_operator.py for tasks to queue
[2025-02-08T10:56:57.592+0000] {logging_mixin.py:190} INFO - [2025-02-08T10:56:57.592+0000] {dagbag.py:588} INFO - Filling up the DagBag from /home/airflow/.local/lib/python3.12/site-packages/airflow/example_dags/example_branch_operator.py
[2025-02-08T10:56:57.607+0000] {processor.py:925} INFO - DAG(s) 'example_branch_operator' retrieved from /home/airflow/.local/lib/python3.12/site-packages/airflow/example_dags/example_branch_operator.py
[2025-02-08T10:56:57.632+0000] {logging_mixin.py:190} INFO - [2025-02-08T10:56:57.632+0000] {dag.py:3239} INFO - Sync 1 DAGs
[2025-02-08T10:56:57.652+0000] {logging_mixin.py:190} INFO - [2025-02-08T10:56:57.652+0000] {dag.py:4180} INFO - Setting next_dagrun for example_branch_operator to 2025-02-07 00:00:00+00:00, run_after=2025-02-08 00:00:00+00:00
[2025-02-08T10:56:57.665+0000] {processor.py:208} INFO - Processing /home/airflow/.local/lib/python3.12/site-packages/airflow/example_dags/example_branch_operator.py took 0.081 seconds
[2025-02-08T10:57:27.861+0000] {processor.py:186} INFO - Started process (PID=3730) to work on /home/airflow/.local/lib/python3.12/site-packages/airflow/example_dags/example_branch_operator.py
[2025-02-08T10:57:27.861+0000] {processor.py:914} INFO - Processing file /home/airflow/.local/lib/python3.12/site-packages/airflow/example_dags/example_branch_operator.py for tasks to queue
[2025-02-08T10:57:27.863+0000] {logging_mixin.py:190} INFO - [2025-02-08T10:57:27.863+0000] {dagbag.py:588} INFO - Filling up the DagBag from /home/airflow/.local/lib/python3.12/site-packages/airflow/example_dags/example_branch_operator.py
[2025-02-08T10:57:27.877+0000] {processor.py:925} INFO - DAG(s) 'example_branch_operator' retrieved from /home/airflow/.local/lib/python3.12/site-packages/airflow/example_dags/example_branch_operator.py
[2025-02-08T10:57:27.900+0000] {logging_mixin.py:190} INFO - [2025-02-08T10:57:27.900+0000] {dag.py:3239} INFO - Sync 1 DAGs
[2025-02-08T10:57:27.919+0000] {logging_mixin.py:190} INFO - [2025-02-08T10:57:27.919+0000] {dag.py:4180} INFO - Setting next_dagrun for example_branch_operator to 2025-02-07 00:00:00+00:00, run_after=2025-02-08 00:00:00+00:00
[2025-02-08T10:57:27.934+0000] {processor.py:208} INFO - Processing /home/airflow/.local/lib/python3.12/site-packages/airflow/example_dags/example_branch_operator.py took 0.078 seconds
[2025-02-08T10:57:58.268+0000] {processor.py:186} INFO - Started process (PID=4016) to work on /home/airflow/.local/lib/python3.12/site-packages/airflow/example_dags/example_branch_operator.py
[2025-02-08T10:57:58.269+0000] {processor.py:914} INFO - Processing file /home/airflow/.local/lib/python3.12/site-packages/airflow/example_dags/example_branch_operator.py for tasks to queue
[2025-02-08T10:57:58.271+0000] {logging_mixin.py:190} INFO - [2025-02-08T10:57:58.270+0000] {dagbag.py:588} INFO - Filling up the DagBag from /home/airflow/.local/lib/python3.12/site-packages/airflow/example_dags/example_branch_operator.py
[2025-02-08T10:57:58.286+0000] {processor.py:925} INFO - DAG(s) 'example_branch_operator' retrieved from /home/airflow/.local/lib/python3.12/site-packages/airflow/example_dags/example_branch_operator.py
[2025-02-08T10:57:58.310+0000] {logging_mixin.py:190} INFO - [2025-02-08T10:57:58.310+0000] {dag.py:3239} INFO - Sync 1 DAGs
[2025-02-08T10:57:58.329+0000] {logging_mixin.py:190} INFO - [2025-02-08T10:57:58.329+0000] {dag.py:4180} INFO - Setting next_dagrun for example_branch_operator to 2025-02-07 00:00:00+00:00, run_after=2025-02-08 00:00:00+00:00
[2025-02-08T10:57:58.343+0000] {processor.py:208} INFO - Processing /home/airflow/.local/lib/python3.12/site-packages/airflow/example_dags/example_branch_operator.py took 0.081 seconds
[2025-02-08T10:58:28.668+0000] {processor.py:186} INFO - Started process (PID=4314) to work on /home/airflow/.local/lib/python3.12/site-packages/airflow/example_dags/example_branch_operator.py
[2025-02-08T10:58:28.669+0000] {processor.py:914} INFO - Processing file /home/airflow/.local/lib/python3.12/site-packages/airflow/example_dags/example_branch_operator.py for tasks to queue
[2025-02-08T10:58:28.671+0000] {logging_mixin.py:190} INFO - [2025-02-08T10:58:28.671+0000] {dagbag.py:588} INFO - Filling up the DagBag from /home/airflow/.local/lib/python3.12/site-packages/airflow/example_dags/example_branch_operator.py
[2025-02-08T10:58:28.690+0000] {processor.py:925} INFO - DAG(s) 'example_branch_operator' retrieved from /home/airflow/.local/lib/python3.12/site-packages/airflow/example_dags/example_branch_operator.py
[2025-02-08T10:58:28.717+0000] {logging_mixin.py:190} INFO - [2025-02-08T10:58:28.717+0000] {dag.py:3239} INFO - Sync 1 DAGs
[2025-02-08T10:58:28.741+0000] {logging_mixin.py:190} INFO - [2025-02-08T10:58:28.740+0000] {dag.py:4180} INFO - Setting next_dagrun for example_branch_operator to 2025-02-08 00:00:00+00:00, run_after=2025-02-09 00:00:00+00:00
[2025-02-08T10:58:28.757+0000] {processor.py:208} INFO - Processing /home/airflow/.local/lib/python3.12/site-packages/airflow/example_dags/example_branch_operator.py took 0.096 seconds
[2025-02-08T10:58:58.953+0000] {processor.py:186} INFO - Started process (PID=4792) to work on /home/airflow/.local/lib/python3.12/site-packages/airflow/example_dags/example_branch_operator.py
[2025-02-08T10:58:58.953+0000] {processor.py:914} INFO - Processing file /home/airflow/.local/lib/python3.12/site-packages/airflow/example_dags/example_branch_operator.py for tasks to queue
[2025-02-08T10:58:58.955+0000] {logging_mixin.py:190} INFO - [2025-02-08T10:58:58.955+0000] {dagbag.py:588} INFO - Filling up the DagBag from /home/airflow/.local/lib/python3.12/site-packages/airflow/example_dags/example_branch_operator.py
[2025-02-08T10:58:58.970+0000] {processor.py:925} INFO - DAG(s) 'example_branch_operator' retrieved from /home/airflow/.local/lib/python3.12/site-packages/airflow/example_dags/example_branch_operator.py
[2025-02-08T10:58:58.993+0000] {logging_mixin.py:190} INFO - [2025-02-08T10:58:58.993+0000] {dag.py:3239} INFO - Sync 1 DAGs
[2025-02-08T10:58:59.011+0000] {logging_mixin.py:190} INFO - [2025-02-08T10:58:59.011+0000] {dag.py:4180} INFO - Setting next_dagrun for example_branch_operator to 2025-02-08 00:00:00+00:00, run_after=2025-02-09 00:00:00+00:00
[2025-02-08T10:58:59.026+0000] {processor.py:208} INFO - Processing /home/airflow/.local/lib/python3.12/site-packages/airflow/example_dags/example_branch_operator.py took 0.078 seconds
[2025-02-08T11:01:58.786+0000] {processor.py:186} INFO - Started process (PID=298) to work on /home/airflow/.local/lib/python3.12/site-packages/airflow/example_dags/example_branch_operator.py
[2025-02-08T11:01:58.787+0000] {processor.py:914} INFO - Processing file /home/airflow/.local/lib/python3.12/site-packages/airflow/example_dags/example_branch_operator.py for tasks to queue
[2025-02-08T11:01:58.789+0000] {logging_mixin.py:190} INFO - [2025-02-08T11:01:58.788+0000] {dagbag.py:588} INFO - Filling up the DagBag from /home/airflow/.local/lib/python3.12/site-packages/airflow/example_dags/example_branch_operator.py
[2025-02-08T11:01:58.803+0000] {processor.py:925} INFO - DAG(s) 'example_branch_operator' retrieved from /home/airflow/.local/lib/python3.12/site-packages/airflow/example_dags/example_branch_operator.py
[2025-02-08T11:01:58.892+0000] {logging_mixin.py:190} INFO - [2025-02-08T11:01:58.891+0000] {override.py:1900} INFO - Created Permission View: can read on DAG:example_branch_operator
[2025-02-08T11:01:58.900+0000] {logging_mixin.py:190} INFO - [2025-02-08T11:01:58.900+0000] {override.py:1900} INFO - Created Permission View: can delete on DAG:example_branch_operator
[2025-02-08T11:01:58.905+0000] {logging_mixin.py:190} INFO - [2025-02-08T11:01:58.905+0000] {override.py:1900} INFO - Created Permission View: can edit on DAG:example_branch_operator
[2025-02-08T11:01:58.912+0000] {logging_mixin.py:190} INFO - [2025-02-08T11:01:58.912+0000] {override.py:1900} INFO - Created Permission View: menu access on DAG Run:example_branch_operator
[2025-02-08T11:01:58.918+0000] {logging_mixin.py:190} INFO - [2025-02-08T11:01:58.917+0000] {override.py:1900} INFO - Created Permission View: can read on DAG Run:example_branch_operator
[2025-02-08T11:01:58.922+0000] {logging_mixin.py:190} INFO - [2025-02-08T11:01:58.922+0000] {override.py:1900} INFO - Created Permission View: can create on DAG Run:example_branch_operator
[2025-02-08T11:01:58.928+0000] {logging_mixin.py:190} INFO - [2025-02-08T11:01:58.928+0000] {override.py:1900} INFO - Created Permission View: can delete on DAG Run:example_branch_operator
[2025-02-08T11:01:58.929+0000] {logging_mixin.py:190} INFO - [2025-02-08T11:01:58.928+0000] {dag.py:3239} INFO - Sync 1 DAGs
[2025-02-08T11:01:58.939+0000] {logging_mixin.py:190} INFO - [2025-02-08T11:01:58.939+0000] {dag.py:3262} INFO - Creating ORM DAG for example_branch_operator
[2025-02-08T11:01:58.947+0000] {logging_mixin.py:190} INFO - [2025-02-08T11:01:58.947+0000] {dag.py:4180} INFO - Setting next_dagrun for example_branch_operator to 2025-02-07 00:00:00+00:00, run_after=2025-02-08 00:00:00+00:00
[2025-02-08T11:01:58.960+0000] {processor.py:208} INFO - Processing /home/airflow/.local/lib/python3.12/site-packages/airflow/example_dags/example_branch_operator.py took 0.179 seconds
[2025-02-08T11:02:30.204+0000] {processor.py:186} INFO - Started process (PID=584) to work on /home/airflow/.local/lib/python3.12/site-packages/airflow/example_dags/example_branch_operator.py
[2025-02-08T11:02:30.205+0000] {processor.py:914} INFO - Processing file /home/airflow/.local/lib/python3.12/site-packages/airflow/example_dags/example_branch_operator.py for tasks to queue
[2025-02-08T11:02:30.207+0000] {logging_mixin.py:190} INFO - [2025-02-08T11:02:30.207+0000] {dagbag.py:588} INFO - Filling up the DagBag from /home/airflow/.local/lib/python3.12/site-packages/airflow/example_dags/example_branch_operator.py
[2025-02-08T11:02:30.220+0000] {processor.py:925} INFO - DAG(s) 'example_branch_operator' retrieved from /home/airflow/.local/lib/python3.12/site-packages/airflow/example_dags/example_branch_operator.py
[2025-02-08T11:02:30.241+0000] {logging_mixin.py:190} INFO - [2025-02-08T11:02:30.241+0000] {dag.py:3239} INFO - Sync 1 DAGs
[2025-02-08T11:02:30.259+0000] {logging_mixin.py:190} INFO - [2025-02-08T11:02:30.259+0000] {dag.py:4180} INFO - Setting next_dagrun for example_branch_operator to 2025-02-07 00:00:00+00:00, run_after=2025-02-08 00:00:00+00:00
[2025-02-08T11:02:30.342+0000] {processor.py:208} INFO - Processing /home/airflow/.local/lib/python3.12/site-packages/airflow/example_dags/example_branch_operator.py took 0.143 seconds
[2025-02-08T11:03:38.357+0000] {processor.py:186} INFO - Started process (PID=298) to work on /home/airflow/.local/lib/python3.12/site-packages/airflow/example_dags/example_branch_operator.py
[2025-02-08T11:03:38.358+0000] {processor.py:914} INFO - Processing file /home/airflow/.local/lib/python3.12/site-packages/airflow/example_dags/example_branch_operator.py for tasks to queue
[2025-02-08T11:03:38.360+0000] {logging_mixin.py:190} INFO - [2025-02-08T11:03:38.360+0000] {dagbag.py:588} INFO - Filling up the DagBag from /home/airflow/.local/lib/python3.12/site-packages/airflow/example_dags/example_branch_operator.py
[2025-02-08T11:03:38.376+0000] {processor.py:925} INFO - DAG(s) 'example_branch_operator' retrieved from /home/airflow/.local/lib/python3.12/site-packages/airflow/example_dags/example_branch_operator.py
[2025-02-08T11:03:38.485+0000] {logging_mixin.py:190} INFO - [2025-02-08T11:03:38.484+0000] {dag.py:3239} INFO - Sync 1 DAGs
[2025-02-08T11:03:38.504+0000] {logging_mixin.py:190} INFO - [2025-02-08T11:03:38.503+0000] {dag.py:4180} INFO - Setting next_dagrun for example_branch_operator to 2025-02-07 00:00:00+00:00, run_after=2025-02-08 00:00:00+00:00
[2025-02-08T11:03:38.518+0000] {processor.py:208} INFO - Processing /home/airflow/.local/lib/python3.12/site-packages/airflow/example_dags/example_branch_operator.py took 0.166 seconds
[2025-02-08T11:04:08.780+0000] {processor.py:186} INFO - Started process (PID=586) to work on /home/airflow/.local/lib/python3.12/site-packages/airflow/example_dags/example_branch_operator.py
[2025-02-08T11:04:08.781+0000] {processor.py:914} INFO - Processing file /home/airflow/.local/lib/python3.12/site-packages/airflow/example_dags/example_branch_operator.py for tasks to queue
[2025-02-08T11:04:08.783+0000] {logging_mixin.py:190} INFO - [2025-02-08T11:04:08.783+0000] {dagbag.py:588} INFO - Filling up the DagBag from /home/airflow/.local/lib/python3.12/site-packages/airflow/example_dags/example_branch_operator.py
[2025-02-08T11:04:08.796+0000] {processor.py:925} INFO - DAG(s) 'example_branch_operator' retrieved from /home/airflow/.local/lib/python3.12/site-packages/airflow/example_dags/example_branch_operator.py
[2025-02-08T11:04:08.817+0000] {logging_mixin.py:190} INFO - [2025-02-08T11:04:08.816+0000] {dag.py:3239} INFO - Sync 1 DAGs
[2025-02-08T11:04:08.836+0000] {logging_mixin.py:190} INFO - [2025-02-08T11:04:08.835+0000] {dag.py:4180} INFO - Setting next_dagrun for example_branch_operator to 2025-02-07 00:00:00+00:00, run_after=2025-02-08 00:00:00+00:00
[2025-02-08T11:04:08.851+0000] {processor.py:208} INFO - Processing /home/airflow/.local/lib/python3.12/site-packages/airflow/example_dags/example_branch_operator.py took 0.075 seconds
[2025-02-08T11:04:38.994+0000] {processor.py:186} INFO - Started process (PID=872) to work on /home/airflow/.local/lib/python3.12/site-packages/airflow/example_dags/example_branch_operator.py
[2025-02-08T11:04:38.994+0000] {processor.py:914} INFO - Processing file /home/airflow/.local/lib/python3.12/site-packages/airflow/example_dags/example_branch_operator.py for tasks to queue
[2025-02-08T11:04:38.996+0000] {logging_mixin.py:190} INFO - [2025-02-08T11:04:38.996+0000] {dagbag.py:588} INFO - Filling up the DagBag from /home/airflow/.local/lib/python3.12/site-packages/airflow/example_dags/example_branch_operator.py
[2025-02-08T11:04:39.009+0000] {processor.py:925} INFO - DAG(s) 'example_branch_operator' retrieved from /home/airflow/.local/lib/python3.12/site-packages/airflow/example_dags/example_branch_operator.py
[2025-02-08T11:04:39.029+0000] {logging_mixin.py:190} INFO - [2025-02-08T11:04:39.028+0000] {dag.py:3239} INFO - Sync 1 DAGs
[2025-02-08T11:04:39.046+0000] {logging_mixin.py:190} INFO - [2025-02-08T11:04:39.046+0000] {dag.py:4180} INFO - Setting next_dagrun for example_branch_operator to 2025-02-07 00:00:00+00:00, run_after=2025-02-08 00:00:00+00:00
[2025-02-08T11:04:39.061+0000] {processor.py:208} INFO - Processing /home/airflow/.local/lib/python3.12/site-packages/airflow/example_dags/example_branch_operator.py took 0.072 seconds
[2025-02-08T11:33:19.462+0000] {processor.py:186} INFO - Started process (PID=298) to work on /home/airflow/.local/lib/python3.12/site-packages/airflow/example_dags/example_branch_operator.py
[2025-02-08T11:33:19.463+0000] {processor.py:914} INFO - Processing file /home/airflow/.local/lib/python3.12/site-packages/airflow/example_dags/example_branch_operator.py for tasks to queue
[2025-02-08T11:33:19.465+0000] {logging_mixin.py:190} INFO - [2025-02-08T11:33:19.465+0000] {dagbag.py:588} INFO - Filling up the DagBag from /home/airflow/.local/lib/python3.12/site-packages/airflow/example_dags/example_branch_operator.py
[2025-02-08T11:33:19.480+0000] {processor.py:925} INFO - DAG(s) 'example_branch_operator' retrieved from /home/airflow/.local/lib/python3.12/site-packages/airflow/example_dags/example_branch_operator.py
[2025-02-08T11:33:19.573+0000] {logging_mixin.py:190} INFO - [2025-02-08T11:33:19.573+0000] {override.py:1900} INFO - Created Permission View: can edit on DAG:example_branch_operator
[2025-02-08T11:33:19.582+0000] {logging_mixin.py:190} INFO - [2025-02-08T11:33:19.581+0000] {override.py:1900} INFO - Created Permission View: can delete on DAG:example_branch_operator
[2025-02-08T11:33:19.586+0000] {logging_mixin.py:190} INFO - [2025-02-08T11:33:19.586+0000] {override.py:1900} INFO - Created Permission View: can read on DAG:example_branch_operator
[2025-02-08T11:33:19.593+0000] {logging_mixin.py:190} INFO - [2025-02-08T11:33:19.593+0000] {override.py:1900} INFO - Created Permission View: menu access on DAG Run:example_branch_operator
[2025-02-08T11:33:19.598+0000] {logging_mixin.py:190} INFO - [2025-02-08T11:33:19.598+0000] {override.py:1900} INFO - Created Permission View: can create on DAG Run:example_branch_operator
[2025-02-08T11:33:19.603+0000] {logging_mixin.py:190} INFO - [2025-02-08T11:33:19.603+0000] {override.py:1900} INFO - Created Permission View: can delete on DAG Run:example_branch_operator
[2025-02-08T11:33:19.609+0000] {logging_mixin.py:190} INFO - [2025-02-08T11:33:19.609+0000] {override.py:1900} INFO - Created Permission View: can read on DAG Run:example_branch_operator
[2025-02-08T11:33:19.609+0000] {logging_mixin.py:190} INFO - [2025-02-08T11:33:19.609+0000] {dag.py:3239} INFO - Sync 1 DAGs
[2025-02-08T11:33:19.619+0000] {logging_mixin.py:190} INFO - [2025-02-08T11:33:19.619+0000] {dag.py:3262} INFO - Creating ORM DAG for example_branch_operator
[2025-02-08T11:33:19.628+0000] {logging_mixin.py:190} INFO - [2025-02-08T11:33:19.628+0000] {dag.py:4180} INFO - Setting next_dagrun for example_branch_operator to 2025-02-07 00:00:00+00:00, run_after=2025-02-08 00:00:00+00:00
[2025-02-08T11:33:19.644+0000] {processor.py:208} INFO - Processing /home/airflow/.local/lib/python3.12/site-packages/airflow/example_dags/example_branch_operator.py took 0.186 seconds
[2025-02-08T11:33:49.840+0000] {processor.py:186} INFO - Started process (PID=584) to work on /home/airflow/.local/lib/python3.12/site-packages/airflow/example_dags/example_branch_operator.py
[2025-02-08T11:33:49.841+0000] {processor.py:914} INFO - Processing file /home/airflow/.local/lib/python3.12/site-packages/airflow/example_dags/example_branch_operator.py for tasks to queue
[2025-02-08T11:33:49.842+0000] {logging_mixin.py:190} INFO - [2025-02-08T11:33:49.842+0000] {dagbag.py:588} INFO - Filling up the DagBag from /home/airflow/.local/lib/python3.12/site-packages/airflow/example_dags/example_branch_operator.py
[2025-02-08T11:33:49.856+0000] {processor.py:925} INFO - DAG(s) 'example_branch_operator' retrieved from /home/airflow/.local/lib/python3.12/site-packages/airflow/example_dags/example_branch_operator.py
[2025-02-08T11:33:49.877+0000] {logging_mixin.py:190} INFO - [2025-02-08T11:33:49.877+0000] {dag.py:3239} INFO - Sync 1 DAGs
[2025-02-08T11:33:49.895+0000] {logging_mixin.py:190} INFO - [2025-02-08T11:33:49.895+0000] {dag.py:4180} INFO - Setting next_dagrun for example_branch_operator to 2025-02-07 00:00:00+00:00, run_after=2025-02-08 00:00:00+00:00
[2025-02-08T11:33:49.912+0000] {processor.py:208} INFO - Processing /home/airflow/.local/lib/python3.12/site-packages/airflow/example_dags/example_branch_operator.py took 0.076 seconds
[2025-02-08T11:34:20.297+0000] {processor.py:186} INFO - Started process (PID=867) to work on /home/airflow/.local/lib/python3.12/site-packages/airflow/example_dags/example_branch_operator.py
[2025-02-08T11:34:20.298+0000] {processor.py:914} INFO - Processing file /home/airflow/.local/lib/python3.12/site-packages/airflow/example_dags/example_branch_operator.py for tasks to queue
[2025-02-08T11:34:20.300+0000] {logging_mixin.py:190} INFO - [2025-02-08T11:34:20.300+0000] {dagbag.py:588} INFO - Filling up the DagBag from /home/airflow/.local/lib/python3.12/site-packages/airflow/example_dags/example_branch_operator.py
[2025-02-08T11:34:20.314+0000] {processor.py:925} INFO - DAG(s) 'example_branch_operator' retrieved from /home/airflow/.local/lib/python3.12/site-packages/airflow/example_dags/example_branch_operator.py
[2025-02-08T11:34:20.337+0000] {logging_mixin.py:190} INFO - [2025-02-08T11:34:20.337+0000] {dag.py:3239} INFO - Sync 1 DAGs
[2025-02-08T11:34:20.355+0000] {logging_mixin.py:190} INFO - [2025-02-08T11:34:20.355+0000] {dag.py:4180} INFO - Setting next_dagrun for example_branch_operator to 2025-02-07 00:00:00+00:00, run_after=2025-02-08 00:00:00+00:00
[2025-02-08T11:34:20.370+0000] {processor.py:208} INFO - Processing /home/airflow/.local/lib/python3.12/site-packages/airflow/example_dags/example_branch_operator.py took 0.077 seconds
[2025-02-08T11:34:50.620+0000] {processor.py:186} INFO - Started process (PID=1156) to work on /home/airflow/.local/lib/python3.12/site-packages/airflow/example_dags/example_branch_operator.py
[2025-02-08T11:34:50.621+0000] {processor.py:914} INFO - Processing file /home/airflow/.local/lib/python3.12/site-packages/airflow/example_dags/example_branch_operator.py for tasks to queue
[2025-02-08T11:34:50.622+0000] {logging_mixin.py:190} INFO - [2025-02-08T11:34:50.622+0000] {dagbag.py:588} INFO - Filling up the DagBag from /home/airflow/.local/lib/python3.12/site-packages/airflow/example_dags/example_branch_operator.py
[2025-02-08T11:34:50.635+0000] {processor.py:925} INFO - DAG(s) 'example_branch_operator' retrieved from /home/airflow/.local/lib/python3.12/site-packages/airflow/example_dags/example_branch_operator.py
[2025-02-08T11:34:50.656+0000] {logging_mixin.py:190} INFO - [2025-02-08T11:34:50.656+0000] {dag.py:3239} INFO - Sync 1 DAGs
[2025-02-08T11:34:50.674+0000] {logging_mixin.py:190} INFO - [2025-02-08T11:34:50.673+0000] {dag.py:4180} INFO - Setting next_dagrun for example_branch_operator to 2025-02-07 00:00:00+00:00, run_after=2025-02-08 00:00:00+00:00
[2025-02-08T11:34:50.690+0000] {processor.py:208} INFO - Processing /home/airflow/.local/lib/python3.12/site-packages/airflow/example_dags/example_branch_operator.py took 0.075 seconds
