[2025-02-08T10:51:25.965+0000] {processor.py:186} INFO - Started process (PID=413) to work on /home/airflow/.local/lib/python3.12/site-packages/airflow/example_dags/example_time_delta_sensor_async.py
[2025-02-08T10:51:25.966+0000] {processor.py:914} INFO - Processing file /home/airflow/.local/lib/python3.12/site-packages/airflow/example_dags/example_time_delta_sensor_async.py for tasks to queue
[2025-02-08T10:51:25.968+0000] {logging_mixin.py:190} INFO - [2025-02-08T10:51:25.967+0000] {dagbag.py:588} INFO - Filling up the DagBag from /home/airflow/.local/lib/python3.12/site-packages/airflow/example_dags/example_time_delta_sensor_async.py
[2025-02-08T10:51:25.975+0000] {processor.py:925} INFO - DAG(s) 'example_time_delta_sensor_async' retrieved from /home/airflow/.local/lib/python3.12/site-packages/airflow/example_dags/example_time_delta_sensor_async.py
[2025-02-08T10:51:26.060+0000] {logging_mixin.py:190} INFO - [2025-02-08T10:51:26.059+0000] {override.py:1900} INFO - Created Permission View: can delete on DAG:example_time_delta_sensor_async
[2025-02-08T10:51:26.070+0000] {logging_mixin.py:190} INFO - [2025-02-08T10:51:26.069+0000] {override.py:1900} INFO - Created Permission View: can read on DAG:example_time_delta_sensor_async
[2025-02-08T10:51:26.076+0000] {logging_mixin.py:190} INFO - [2025-02-08T10:51:26.076+0000] {override.py:1900} INFO - Created Permission View: can edit on DAG:example_time_delta_sensor_async
[2025-02-08T10:51:26.083+0000] {logging_mixin.py:190} INFO - [2025-02-08T10:51:26.083+0000] {override.py:1900} INFO - Created Permission View: can delete on DAG Run:example_time_delta_sensor_async
[2025-02-08T10:51:26.089+0000] {logging_mixin.py:190} INFO - [2025-02-08T10:51:26.088+0000] {override.py:1900} INFO - Created Permission View: can read on DAG Run:example_time_delta_sensor_async
[2025-02-08T10:51:26.094+0000] {logging_mixin.py:190} INFO - [2025-02-08T10:51:26.094+0000] {override.py:1900} INFO - Created Permission View: menu access on DAG Run:example_time_delta_sensor_async
[2025-02-08T10:51:26.100+0000] {logging_mixin.py:190} INFO - [2025-02-08T10:51:26.100+0000] {override.py:1900} INFO - Created Permission View: can create on DAG Run:example_time_delta_sensor_async
[2025-02-08T10:51:26.101+0000] {logging_mixin.py:190} INFO - [2025-02-08T10:51:26.100+0000] {dag.py:3239} INFO - Sync 1 DAGs
[2025-02-08T10:51:26.112+0000] {logging_mixin.py:190} INFO - [2025-02-08T10:51:26.112+0000] {dag.py:3262} INFO - Creating ORM DAG for example_time_delta_sensor_async
[2025-02-08T10:51:26.113+0000] {logging_mixin.py:190} INFO - [2025-02-08T10:51:26.112+0000] {dag.py:4180} INFO - Setting next_dagrun for example_time_delta_sensor_async to None, run_after=None
[2025-02-08T10:51:26.125+0000] {processor.py:208} INFO - Processing /home/airflow/.local/lib/python3.12/site-packages/airflow/example_dags/example_time_delta_sensor_async.py took 0.165 seconds
[2025-02-08T10:51:56.473+0000] {processor.py:186} INFO - Started process (PID=699) to work on /home/airflow/.local/lib/python3.12/site-packages/airflow/example_dags/example_time_delta_sensor_async.py
[2025-02-08T10:51:56.474+0000] {processor.py:914} INFO - Processing file /home/airflow/.local/lib/python3.12/site-packages/airflow/example_dags/example_time_delta_sensor_async.py for tasks to queue
[2025-02-08T10:51:56.476+0000] {logging_mixin.py:190} INFO - [2025-02-08T10:51:56.476+0000] {dagbag.py:588} INFO - Filling up the DagBag from /home/airflow/.local/lib/python3.12/site-packages/airflow/example_dags/example_time_delta_sensor_async.py
[2025-02-08T10:51:56.482+0000] {processor.py:925} INFO - DAG(s) 'example_time_delta_sensor_async' retrieved from /home/airflow/.local/lib/python3.12/site-packages/airflow/example_dags/example_time_delta_sensor_async.py
[2025-02-08T10:51:56.498+0000] {logging_mixin.py:190} INFO - [2025-02-08T10:51:56.497+0000] {dag.py:3239} INFO - Sync 1 DAGs
[2025-02-08T10:51:56.511+0000] {logging_mixin.py:190} INFO - [2025-02-08T10:51:56.511+0000] {dag.py:4180} INFO - Setting next_dagrun for example_time_delta_sensor_async to None, run_after=None
[2025-02-08T10:51:56.525+0000] {processor.py:208} INFO - Processing /home/airflow/.local/lib/python3.12/site-packages/airflow/example_dags/example_time_delta_sensor_async.py took 0.057 seconds
[2025-02-08T10:52:26.631+0000] {processor.py:186} INFO - Started process (PID=985) to work on /home/airflow/.local/lib/python3.12/site-packages/airflow/example_dags/example_time_delta_sensor_async.py
[2025-02-08T10:52:26.632+0000] {processor.py:914} INFO - Processing file /home/airflow/.local/lib/python3.12/site-packages/airflow/example_dags/example_time_delta_sensor_async.py for tasks to queue
[2025-02-08T10:52:26.634+0000] {logging_mixin.py:190} INFO - [2025-02-08T10:52:26.634+0000] {dagbag.py:588} INFO - Filling up the DagBag from /home/airflow/.local/lib/python3.12/site-packages/airflow/example_dags/example_time_delta_sensor_async.py
[2025-02-08T10:52:26.639+0000] {processor.py:925} INFO - DAG(s) 'example_time_delta_sensor_async' retrieved from /home/airflow/.local/lib/python3.12/site-packages/airflow/example_dags/example_time_delta_sensor_async.py
[2025-02-08T10:52:26.655+0000] {logging_mixin.py:190} INFO - [2025-02-08T10:52:26.654+0000] {dag.py:3239} INFO - Sync 1 DAGs
[2025-02-08T10:52:26.666+0000] {logging_mixin.py:190} INFO - [2025-02-08T10:52:26.666+0000] {dag.py:4180} INFO - Setting next_dagrun for example_time_delta_sensor_async to None, run_after=None
[2025-02-08T10:52:26.680+0000] {processor.py:208} INFO - Processing /home/airflow/.local/lib/python3.12/site-packages/airflow/example_dags/example_time_delta_sensor_async.py took 0.053 seconds
[2025-02-08T10:52:56.898+0000] {processor.py:186} INFO - Started process (PID=1271) to work on /home/airflow/.local/lib/python3.12/site-packages/airflow/example_dags/example_time_delta_sensor_async.py
[2025-02-08T10:52:56.898+0000] {processor.py:914} INFO - Processing file /home/airflow/.local/lib/python3.12/site-packages/airflow/example_dags/example_time_delta_sensor_async.py for tasks to queue
[2025-02-08T10:52:56.900+0000] {logging_mixin.py:190} INFO - [2025-02-08T10:52:56.900+0000] {dagbag.py:588} INFO - Filling up the DagBag from /home/airflow/.local/lib/python3.12/site-packages/airflow/example_dags/example_time_delta_sensor_async.py
[2025-02-08T10:52:56.905+0000] {processor.py:925} INFO - DAG(s) 'example_time_delta_sensor_async' retrieved from /home/airflow/.local/lib/python3.12/site-packages/airflow/example_dags/example_time_delta_sensor_async.py
[2025-02-08T10:52:56.919+0000] {logging_mixin.py:190} INFO - [2025-02-08T10:52:56.919+0000] {dag.py:3239} INFO - Sync 1 DAGs
[2025-02-08T10:52:56.933+0000] {logging_mixin.py:190} INFO - [2025-02-08T10:52:56.933+0000] {dag.py:4180} INFO - Setting next_dagrun for example_time_delta_sensor_async to None, run_after=None
[2025-02-08T10:52:56.950+0000] {processor.py:208} INFO - Processing /home/airflow/.local/lib/python3.12/site-packages/airflow/example_dags/example_time_delta_sensor_async.py took 0.057 seconds
[2025-02-08T10:53:27.055+0000] {processor.py:186} INFO - Started process (PID=1557) to work on /home/airflow/.local/lib/python3.12/site-packages/airflow/example_dags/example_time_delta_sensor_async.py
[2025-02-08T10:53:27.055+0000] {processor.py:914} INFO - Processing file /home/airflow/.local/lib/python3.12/site-packages/airflow/example_dags/example_time_delta_sensor_async.py for tasks to queue
[2025-02-08T10:53:27.057+0000] {logging_mixin.py:190} INFO - [2025-02-08T10:53:27.057+0000] {dagbag.py:588} INFO - Filling up the DagBag from /home/airflow/.local/lib/python3.12/site-packages/airflow/example_dags/example_time_delta_sensor_async.py
[2025-02-08T10:53:27.062+0000] {processor.py:925} INFO - DAG(s) 'example_time_delta_sensor_async' retrieved from /home/airflow/.local/lib/python3.12/site-packages/airflow/example_dags/example_time_delta_sensor_async.py
[2025-02-08T10:53:27.076+0000] {logging_mixin.py:190} INFO - [2025-02-08T10:53:27.076+0000] {dag.py:3239} INFO - Sync 1 DAGs
[2025-02-08T10:53:27.087+0000] {logging_mixin.py:190} INFO - [2025-02-08T10:53:27.087+0000] {dag.py:4180} INFO - Setting next_dagrun for example_time_delta_sensor_async to None, run_after=None
[2025-02-08T10:53:27.103+0000] {processor.py:208} INFO - Processing /home/airflow/.local/lib/python3.12/site-packages/airflow/example_dags/example_time_delta_sensor_async.py took 0.053 seconds
[2025-02-08T10:53:57.338+0000] {processor.py:186} INFO - Started process (PID=1843) to work on /home/airflow/.local/lib/python3.12/site-packages/airflow/example_dags/example_time_delta_sensor_async.py
[2025-02-08T10:53:57.339+0000] {processor.py:914} INFO - Processing file /home/airflow/.local/lib/python3.12/site-packages/airflow/example_dags/example_time_delta_sensor_async.py for tasks to queue
[2025-02-08T10:53:57.340+0000] {logging_mixin.py:190} INFO - [2025-02-08T10:53:57.340+0000] {dagbag.py:588} INFO - Filling up the DagBag from /home/airflow/.local/lib/python3.12/site-packages/airflow/example_dags/example_time_delta_sensor_async.py
[2025-02-08T10:53:57.346+0000] {processor.py:925} INFO - DAG(s) 'example_time_delta_sensor_async' retrieved from /home/airflow/.local/lib/python3.12/site-packages/airflow/example_dags/example_time_delta_sensor_async.py
[2025-02-08T10:53:57.359+0000] {logging_mixin.py:190} INFO - [2025-02-08T10:53:57.359+0000] {dag.py:3239} INFO - Sync 1 DAGs
[2025-02-08T10:53:57.370+0000] {logging_mixin.py:190} INFO - [2025-02-08T10:53:57.370+0000] {dag.py:4180} INFO - Setting next_dagrun for example_time_delta_sensor_async to None, run_after=None
[2025-02-08T10:53:57.385+0000] {processor.py:208} INFO - Processing /home/airflow/.local/lib/python3.12/site-packages/airflow/example_dags/example_time_delta_sensor_async.py took 0.052 seconds
[2025-02-08T10:54:27.522+0000] {processor.py:186} INFO - Started process (PID=2129) to work on /home/airflow/.local/lib/python3.12/site-packages/airflow/example_dags/example_time_delta_sensor_async.py
[2025-02-08T10:54:27.523+0000] {processor.py:914} INFO - Processing file /home/airflow/.local/lib/python3.12/site-packages/airflow/example_dags/example_time_delta_sensor_async.py for tasks to queue
[2025-02-08T10:54:27.525+0000] {logging_mixin.py:190} INFO - [2025-02-08T10:54:27.524+0000] {dagbag.py:588} INFO - Filling up the DagBag from /home/airflow/.local/lib/python3.12/site-packages/airflow/example_dags/example_time_delta_sensor_async.py
[2025-02-08T10:54:27.530+0000] {processor.py:925} INFO - DAG(s) 'example_time_delta_sensor_async' retrieved from /home/airflow/.local/lib/python3.12/site-packages/airflow/example_dags/example_time_delta_sensor_async.py
[2025-02-08T10:54:27.545+0000] {logging_mixin.py:190} INFO - [2025-02-08T10:54:27.544+0000] {dag.py:3239} INFO - Sync 1 DAGs
[2025-02-08T10:54:27.555+0000] {logging_mixin.py:190} INFO - [2025-02-08T10:54:27.555+0000] {dag.py:4180} INFO - Setting next_dagrun for example_time_delta_sensor_async to None, run_after=None
[2025-02-08T10:54:27.581+0000] {processor.py:208} INFO - Processing /home/airflow/.local/lib/python3.12/site-packages/airflow/example_dags/example_time_delta_sensor_async.py took 0.064 seconds
[2025-02-08T10:54:57.961+0000] {processor.py:186} INFO - Started process (PID=2415) to work on /home/airflow/.local/lib/python3.12/site-packages/airflow/example_dags/example_time_delta_sensor_async.py
[2025-02-08T10:54:57.962+0000] {processor.py:914} INFO - Processing file /home/airflow/.local/lib/python3.12/site-packages/airflow/example_dags/example_time_delta_sensor_async.py for tasks to queue
[2025-02-08T10:54:57.964+0000] {logging_mixin.py:190} INFO - [2025-02-08T10:54:57.964+0000] {dagbag.py:588} INFO - Filling up the DagBag from /home/airflow/.local/lib/python3.12/site-packages/airflow/example_dags/example_time_delta_sensor_async.py
[2025-02-08T10:54:57.970+0000] {processor.py:925} INFO - DAG(s) 'example_time_delta_sensor_async' retrieved from /home/airflow/.local/lib/python3.12/site-packages/airflow/example_dags/example_time_delta_sensor_async.py
[2025-02-08T10:54:57.985+0000] {logging_mixin.py:190} INFO - [2025-02-08T10:54:57.985+0000] {dag.py:3239} INFO - Sync 1 DAGs
[2025-02-08T10:54:57.996+0000] {logging_mixin.py:190} INFO - [2025-02-08T10:54:57.996+0000] {dag.py:4180} INFO - Setting next_dagrun for example_time_delta_sensor_async to None, run_after=None
[2025-02-08T10:54:58.013+0000] {processor.py:208} INFO - Processing /home/airflow/.local/lib/python3.12/site-packages/airflow/example_dags/example_time_delta_sensor_async.py took 0.057 seconds
[2025-02-08T10:55:28.182+0000] {processor.py:186} INFO - Started process (PID=2701) to work on /home/airflow/.local/lib/python3.12/site-packages/airflow/example_dags/example_time_delta_sensor_async.py
[2025-02-08T10:55:28.183+0000] {processor.py:914} INFO - Processing file /home/airflow/.local/lib/python3.12/site-packages/airflow/example_dags/example_time_delta_sensor_async.py for tasks to queue
[2025-02-08T10:55:28.185+0000] {logging_mixin.py:190} INFO - [2025-02-08T10:55:28.184+0000] {dagbag.py:588} INFO - Filling up the DagBag from /home/airflow/.local/lib/python3.12/site-packages/airflow/example_dags/example_time_delta_sensor_async.py
[2025-02-08T10:55:28.190+0000] {processor.py:925} INFO - DAG(s) 'example_time_delta_sensor_async' retrieved from /home/airflow/.local/lib/python3.12/site-packages/airflow/example_dags/example_time_delta_sensor_async.py
[2025-02-08T10:55:28.203+0000] {logging_mixin.py:190} INFO - [2025-02-08T10:55:28.203+0000] {dag.py:3239} INFO - Sync 1 DAGs
[2025-02-08T10:55:28.214+0000] {logging_mixin.py:190} INFO - [2025-02-08T10:55:28.214+0000] {dag.py:4180} INFO - Setting next_dagrun for example_time_delta_sensor_async to None, run_after=None
[2025-02-08T10:55:28.229+0000] {processor.py:208} INFO - Processing /home/airflow/.local/lib/python3.12/site-packages/airflow/example_dags/example_time_delta_sensor_async.py took 0.052 seconds
[2025-02-08T10:55:58.374+0000] {processor.py:186} INFO - Started process (PID=2989) to work on /home/airflow/.local/lib/python3.12/site-packages/airflow/example_dags/example_time_delta_sensor_async.py
[2025-02-08T10:55:58.375+0000] {processor.py:914} INFO - Processing file /home/airflow/.local/lib/python3.12/site-packages/airflow/example_dags/example_time_delta_sensor_async.py for tasks to queue
[2025-02-08T10:55:58.377+0000] {logging_mixin.py:190} INFO - [2025-02-08T10:55:58.377+0000] {dagbag.py:588} INFO - Filling up the DagBag from /home/airflow/.local/lib/python3.12/site-packages/airflow/example_dags/example_time_delta_sensor_async.py
[2025-02-08T10:55:58.383+0000] {processor.py:925} INFO - DAG(s) 'example_time_delta_sensor_async' retrieved from /home/airflow/.local/lib/python3.12/site-packages/airflow/example_dags/example_time_delta_sensor_async.py
[2025-02-08T10:55:58.397+0000] {logging_mixin.py:190} INFO - [2025-02-08T10:55:58.396+0000] {dag.py:3239} INFO - Sync 1 DAGs
[2025-02-08T10:55:58.408+0000] {logging_mixin.py:190} INFO - [2025-02-08T10:55:58.408+0000] {dag.py:4180} INFO - Setting next_dagrun for example_time_delta_sensor_async to None, run_after=None
[2025-02-08T10:55:58.424+0000] {processor.py:208} INFO - Processing /home/airflow/.local/lib/python3.12/site-packages/airflow/example_dags/example_time_delta_sensor_async.py took 0.054 seconds
[2025-02-08T10:56:28.598+0000] {processor.py:186} INFO - Started process (PID=3273) to work on /home/airflow/.local/lib/python3.12/site-packages/airflow/example_dags/example_time_delta_sensor_async.py
[2025-02-08T10:56:28.598+0000] {processor.py:914} INFO - Processing file /home/airflow/.local/lib/python3.12/site-packages/airflow/example_dags/example_time_delta_sensor_async.py for tasks to queue
[2025-02-08T10:56:28.600+0000] {logging_mixin.py:190} INFO - [2025-02-08T10:56:28.600+0000] {dagbag.py:588} INFO - Filling up the DagBag from /home/airflow/.local/lib/python3.12/site-packages/airflow/example_dags/example_time_delta_sensor_async.py
[2025-02-08T10:56:28.606+0000] {processor.py:925} INFO - DAG(s) 'example_time_delta_sensor_async' retrieved from /home/airflow/.local/lib/python3.12/site-packages/airflow/example_dags/example_time_delta_sensor_async.py
[2025-02-08T10:56:28.620+0000] {logging_mixin.py:190} INFO - [2025-02-08T10:56:28.619+0000] {dag.py:3239} INFO - Sync 1 DAGs
[2025-02-08T10:56:28.631+0000] {logging_mixin.py:190} INFO - [2025-02-08T10:56:28.631+0000] {dag.py:4180} INFO - Setting next_dagrun for example_time_delta_sensor_async to None, run_after=None
[2025-02-08T10:56:28.645+0000] {processor.py:208} INFO - Processing /home/airflow/.local/lib/python3.12/site-packages/airflow/example_dags/example_time_delta_sensor_async.py took 0.052 seconds
[2025-02-08T10:56:58.880+0000] {processor.py:186} INFO - Started process (PID=3559) to work on /home/airflow/.local/lib/python3.12/site-packages/airflow/example_dags/example_time_delta_sensor_async.py
[2025-02-08T10:56:58.881+0000] {processor.py:914} INFO - Processing file /home/airflow/.local/lib/python3.12/site-packages/airflow/example_dags/example_time_delta_sensor_async.py for tasks to queue
[2025-02-08T10:56:58.883+0000] {logging_mixin.py:190} INFO - [2025-02-08T10:56:58.883+0000] {dagbag.py:588} INFO - Filling up the DagBag from /home/airflow/.local/lib/python3.12/site-packages/airflow/example_dags/example_time_delta_sensor_async.py
[2025-02-08T10:56:58.888+0000] {processor.py:925} INFO - DAG(s) 'example_time_delta_sensor_async' retrieved from /home/airflow/.local/lib/python3.12/site-packages/airflow/example_dags/example_time_delta_sensor_async.py
[2025-02-08T10:56:58.903+0000] {logging_mixin.py:190} INFO - [2025-02-08T10:56:58.903+0000] {dag.py:3239} INFO - Sync 1 DAGs
[2025-02-08T10:56:58.913+0000] {logging_mixin.py:190} INFO - [2025-02-08T10:56:58.913+0000] {dag.py:4180} INFO - Setting next_dagrun for example_time_delta_sensor_async to None, run_after=None
[2025-02-08T10:56:58.930+0000] {processor.py:208} INFO - Processing /home/airflow/.local/lib/python3.12/site-packages/airflow/example_dags/example_time_delta_sensor_async.py took 0.055 seconds
[2025-02-08T10:57:29.518+0000] {processor.py:186} INFO - Started process (PID=3847) to work on /home/airflow/.local/lib/python3.12/site-packages/airflow/example_dags/example_time_delta_sensor_async.py
[2025-02-08T10:57:29.519+0000] {processor.py:914} INFO - Processing file /home/airflow/.local/lib/python3.12/site-packages/airflow/example_dags/example_time_delta_sensor_async.py for tasks to queue
[2025-02-08T10:57:29.521+0000] {logging_mixin.py:190} INFO - [2025-02-08T10:57:29.521+0000] {dagbag.py:588} INFO - Filling up the DagBag from /home/airflow/.local/lib/python3.12/site-packages/airflow/example_dags/example_time_delta_sensor_async.py
[2025-02-08T10:57:29.527+0000] {processor.py:925} INFO - DAG(s) 'example_time_delta_sensor_async' retrieved from /home/airflow/.local/lib/python3.12/site-packages/airflow/example_dags/example_time_delta_sensor_async.py
[2025-02-08T10:57:29.544+0000] {logging_mixin.py:190} INFO - [2025-02-08T10:57:29.544+0000] {dag.py:3239} INFO - Sync 1 DAGs
[2025-02-08T10:57:29.555+0000] {logging_mixin.py:190} INFO - [2025-02-08T10:57:29.555+0000] {dag.py:4180} INFO - Setting next_dagrun for example_time_delta_sensor_async to None, run_after=None
[2025-02-08T10:57:29.568+0000] {processor.py:208} INFO - Processing /home/airflow/.local/lib/python3.12/site-packages/airflow/example_dags/example_time_delta_sensor_async.py took 0.057 seconds
[2025-02-08T10:58:00.433+0000] {processor.py:186} INFO - Started process (PID=4131) to work on /home/airflow/.local/lib/python3.12/site-packages/airflow/example_dags/example_time_delta_sensor_async.py
[2025-02-08T10:58:00.433+0000] {processor.py:914} INFO - Processing file /home/airflow/.local/lib/python3.12/site-packages/airflow/example_dags/example_time_delta_sensor_async.py for tasks to queue
[2025-02-08T10:58:00.436+0000] {logging_mixin.py:190} INFO - [2025-02-08T10:58:00.435+0000] {dagbag.py:588} INFO - Filling up the DagBag from /home/airflow/.local/lib/python3.12/site-packages/airflow/example_dags/example_time_delta_sensor_async.py
[2025-02-08T10:58:00.441+0000] {processor.py:925} INFO - DAG(s) 'example_time_delta_sensor_async' retrieved from /home/airflow/.local/lib/python3.12/site-packages/airflow/example_dags/example_time_delta_sensor_async.py
[2025-02-08T10:58:00.455+0000] {logging_mixin.py:190} INFO - [2025-02-08T10:58:00.455+0000] {dag.py:3239} INFO - Sync 1 DAGs
[2025-02-08T10:58:00.467+0000] {logging_mixin.py:190} INFO - [2025-02-08T10:58:00.467+0000] {dag.py:4180} INFO - Setting next_dagrun for example_time_delta_sensor_async to None, run_after=None
[2025-02-08T10:58:00.482+0000] {processor.py:208} INFO - Processing /home/airflow/.local/lib/python3.12/site-packages/airflow/example_dags/example_time_delta_sensor_async.py took 0.054 seconds
[2025-02-08T10:58:31.080+0000] {processor.py:186} INFO - Started process (PID=4441) to work on /home/airflow/.local/lib/python3.12/site-packages/airflow/example_dags/example_time_delta_sensor_async.py
[2025-02-08T10:58:31.081+0000] {processor.py:914} INFO - Processing file /home/airflow/.local/lib/python3.12/site-packages/airflow/example_dags/example_time_delta_sensor_async.py for tasks to queue
[2025-02-08T10:58:31.083+0000] {logging_mixin.py:190} INFO - [2025-02-08T10:58:31.083+0000] {dagbag.py:588} INFO - Filling up the DagBag from /home/airflow/.local/lib/python3.12/site-packages/airflow/example_dags/example_time_delta_sensor_async.py
[2025-02-08T10:58:31.090+0000] {processor.py:925} INFO - DAG(s) 'example_time_delta_sensor_async' retrieved from /home/airflow/.local/lib/python3.12/site-packages/airflow/example_dags/example_time_delta_sensor_async.py
[2025-02-08T10:58:31.106+0000] {logging_mixin.py:190} INFO - [2025-02-08T10:58:31.106+0000] {dag.py:3239} INFO - Sync 1 DAGs
[2025-02-08T10:58:31.118+0000] {logging_mixin.py:190} INFO - [2025-02-08T10:58:31.118+0000] {dag.py:4180} INFO - Setting next_dagrun for example_time_delta_sensor_async to None, run_after=None
[2025-02-08T10:58:31.138+0000] {processor.py:208} INFO - Processing /home/airflow/.local/lib/python3.12/site-packages/airflow/example_dags/example_time_delta_sensor_async.py took 0.064 seconds
[2025-02-08T10:59:01.190+0000] {processor.py:186} INFO - Started process (PID=4904) to work on /home/airflow/.local/lib/python3.12/site-packages/airflow/example_dags/example_time_delta_sensor_async.py
[2025-02-08T10:59:01.191+0000] {processor.py:914} INFO - Processing file /home/airflow/.local/lib/python3.12/site-packages/airflow/example_dags/example_time_delta_sensor_async.py for tasks to queue
[2025-02-08T10:59:01.193+0000] {logging_mixin.py:190} INFO - [2025-02-08T10:59:01.193+0000] {dagbag.py:588} INFO - Filling up the DagBag from /home/airflow/.local/lib/python3.12/site-packages/airflow/example_dags/example_time_delta_sensor_async.py
[2025-02-08T10:59:01.198+0000] {processor.py:925} INFO - DAG(s) 'example_time_delta_sensor_async' retrieved from /home/airflow/.local/lib/python3.12/site-packages/airflow/example_dags/example_time_delta_sensor_async.py
[2025-02-08T10:59:01.213+0000] {logging_mixin.py:190} INFO - [2025-02-08T10:59:01.213+0000] {dag.py:3239} INFO - Sync 1 DAGs
[2025-02-08T10:59:01.224+0000] {logging_mixin.py:190} INFO - [2025-02-08T10:59:01.224+0000] {dag.py:4180} INFO - Setting next_dagrun for example_time_delta_sensor_async to None, run_after=None
[2025-02-08T10:59:01.241+0000] {processor.py:208} INFO - Processing /home/airflow/.local/lib/python3.12/site-packages/airflow/example_dags/example_time_delta_sensor_async.py took 0.056 seconds
[2025-02-08T11:02:01.301+0000] {processor.py:186} INFO - Started process (PID=413) to work on /home/airflow/.local/lib/python3.12/site-packages/airflow/example_dags/example_time_delta_sensor_async.py
[2025-02-08T11:02:01.302+0000] {processor.py:914} INFO - Processing file /home/airflow/.local/lib/python3.12/site-packages/airflow/example_dags/example_time_delta_sensor_async.py for tasks to queue
[2025-02-08T11:02:01.304+0000] {logging_mixin.py:190} INFO - [2025-02-08T11:02:01.304+0000] {dagbag.py:588} INFO - Filling up the DagBag from /home/airflow/.local/lib/python3.12/site-packages/airflow/example_dags/example_time_delta_sensor_async.py
[2025-02-08T11:02:01.310+0000] {processor.py:925} INFO - DAG(s) 'example_time_delta_sensor_async' retrieved from /home/airflow/.local/lib/python3.12/site-packages/airflow/example_dags/example_time_delta_sensor_async.py
[2025-02-08T11:02:01.387+0000] {logging_mixin.py:190} INFO - [2025-02-08T11:02:01.386+0000] {override.py:1900} INFO - Created Permission View: can read on DAG:example_time_delta_sensor_async
[2025-02-08T11:02:01.395+0000] {logging_mixin.py:190} INFO - [2025-02-08T11:02:01.395+0000] {override.py:1900} INFO - Created Permission View: can delete on DAG:example_time_delta_sensor_async
[2025-02-08T11:02:01.400+0000] {logging_mixin.py:190} INFO - [2025-02-08T11:02:01.400+0000] {override.py:1900} INFO - Created Permission View: can edit on DAG:example_time_delta_sensor_async
[2025-02-08T11:02:01.407+0000] {logging_mixin.py:190} INFO - [2025-02-08T11:02:01.407+0000] {override.py:1900} INFO - Created Permission View: menu access on DAG Run:example_time_delta_sensor_async
[2025-02-08T11:02:01.412+0000] {logging_mixin.py:190} INFO - [2025-02-08T11:02:01.412+0000] {override.py:1900} INFO - Created Permission View: can read on DAG Run:example_time_delta_sensor_async
[2025-02-08T11:02:01.417+0000] {logging_mixin.py:190} INFO - [2025-02-08T11:02:01.417+0000] {override.py:1900} INFO - Created Permission View: can create on DAG Run:example_time_delta_sensor_async
[2025-02-08T11:02:01.422+0000] {logging_mixin.py:190} INFO - [2025-02-08T11:02:01.422+0000] {override.py:1900} INFO - Created Permission View: can delete on DAG Run:example_time_delta_sensor_async
[2025-02-08T11:02:01.422+0000] {logging_mixin.py:190} INFO - [2025-02-08T11:02:01.422+0000] {dag.py:3239} INFO - Sync 1 DAGs
[2025-02-08T11:02:01.433+0000] {logging_mixin.py:190} INFO - [2025-02-08T11:02:01.433+0000] {dag.py:3262} INFO - Creating ORM DAG for example_time_delta_sensor_async
[2025-02-08T11:02:01.434+0000] {logging_mixin.py:190} INFO - [2025-02-08T11:02:01.433+0000] {dag.py:4180} INFO - Setting next_dagrun for example_time_delta_sensor_async to None, run_after=None
[2025-02-08T11:02:01.446+0000] {processor.py:208} INFO - Processing /home/airflow/.local/lib/python3.12/site-packages/airflow/example_dags/example_time_delta_sensor_async.py took 0.150 seconds
[2025-02-08T11:02:31.750+0000] {processor.py:186} INFO - Started process (PID=699) to work on /home/airflow/.local/lib/python3.12/site-packages/airflow/example_dags/example_time_delta_sensor_async.py
[2025-02-08T11:02:31.751+0000] {processor.py:914} INFO - Processing file /home/airflow/.local/lib/python3.12/site-packages/airflow/example_dags/example_time_delta_sensor_async.py for tasks to queue
[2025-02-08T11:02:31.752+0000] {logging_mixin.py:190} INFO - [2025-02-08T11:02:31.752+0000] {dagbag.py:588} INFO - Filling up the DagBag from /home/airflow/.local/lib/python3.12/site-packages/airflow/example_dags/example_time_delta_sensor_async.py
[2025-02-08T11:02:31.757+0000] {processor.py:925} INFO - DAG(s) 'example_time_delta_sensor_async' retrieved from /home/airflow/.local/lib/python3.12/site-packages/airflow/example_dags/example_time_delta_sensor_async.py
[2025-02-08T11:02:31.773+0000] {logging_mixin.py:190} INFO - [2025-02-08T11:02:31.772+0000] {dag.py:3239} INFO - Sync 1 DAGs
[2025-02-08T11:02:31.785+0000] {logging_mixin.py:190} INFO - [2025-02-08T11:02:31.784+0000] {dag.py:4180} INFO - Setting next_dagrun for example_time_delta_sensor_async to None, run_after=None
[2025-02-08T11:02:31.801+0000] {processor.py:208} INFO - Processing /home/airflow/.local/lib/python3.12/site-packages/airflow/example_dags/example_time_delta_sensor_async.py took 0.055 seconds
[2025-02-08T11:03:39.818+0000] {processor.py:186} INFO - Started process (PID=413) to work on /home/airflow/.local/lib/python3.12/site-packages/airflow/example_dags/example_time_delta_sensor_async.py
[2025-02-08T11:03:39.819+0000] {processor.py:914} INFO - Processing file /home/airflow/.local/lib/python3.12/site-packages/airflow/example_dags/example_time_delta_sensor_async.py for tasks to queue
[2025-02-08T11:03:39.821+0000] {logging_mixin.py:190} INFO - [2025-02-08T11:03:39.821+0000] {dagbag.py:588} INFO - Filling up the DagBag from /home/airflow/.local/lib/python3.12/site-packages/airflow/example_dags/example_time_delta_sensor_async.py
[2025-02-08T11:03:39.827+0000] {processor.py:925} INFO - DAG(s) 'example_time_delta_sensor_async' retrieved from /home/airflow/.local/lib/python3.12/site-packages/airflow/example_dags/example_time_delta_sensor_async.py
[2025-02-08T11:03:39.842+0000] {logging_mixin.py:190} INFO - [2025-02-08T11:03:39.842+0000] {dag.py:3239} INFO - Sync 1 DAGs
[2025-02-08T11:03:39.854+0000] {logging_mixin.py:190} INFO - [2025-02-08T11:03:39.854+0000] {dag.py:4180} INFO - Setting next_dagrun for example_time_delta_sensor_async to None, run_after=None
[2025-02-08T11:03:39.872+0000] {processor.py:208} INFO - Processing /home/airflow/.local/lib/python3.12/site-packages/airflow/example_dags/example_time_delta_sensor_async.py took 0.059 seconds
[2025-02-08T11:04:10.111+0000] {processor.py:186} INFO - Started process (PID=699) to work on /home/airflow/.local/lib/python3.12/site-packages/airflow/example_dags/example_time_delta_sensor_async.py
[2025-02-08T11:04:10.112+0000] {processor.py:914} INFO - Processing file /home/airflow/.local/lib/python3.12/site-packages/airflow/example_dags/example_time_delta_sensor_async.py for tasks to queue
[2025-02-08T11:04:10.115+0000] {logging_mixin.py:190} INFO - [2025-02-08T11:04:10.114+0000] {dagbag.py:588} INFO - Filling up the DagBag from /home/airflow/.local/lib/python3.12/site-packages/airflow/example_dags/example_time_delta_sensor_async.py
[2025-02-08T11:04:10.122+0000] {processor.py:925} INFO - DAG(s) 'example_time_delta_sensor_async' retrieved from /home/airflow/.local/lib/python3.12/site-packages/airflow/example_dags/example_time_delta_sensor_async.py
[2025-02-08T11:04:10.139+0000] {logging_mixin.py:190} INFO - [2025-02-08T11:04:10.138+0000] {dag.py:3239} INFO - Sync 1 DAGs
[2025-02-08T11:04:10.152+0000] {logging_mixin.py:190} INFO - [2025-02-08T11:04:10.152+0000] {dag.py:4180} INFO - Setting next_dagrun for example_time_delta_sensor_async to None, run_after=None
[2025-02-08T11:04:10.173+0000] {processor.py:208} INFO - Processing /home/airflow/.local/lib/python3.12/site-packages/airflow/example_dags/example_time_delta_sensor_async.py took 0.069 seconds
[2025-02-08T11:04:40.361+0000] {processor.py:186} INFO - Started process (PID=985) to work on /home/airflow/.local/lib/python3.12/site-packages/airflow/example_dags/example_time_delta_sensor_async.py
[2025-02-08T11:04:40.362+0000] {processor.py:914} INFO - Processing file /home/airflow/.local/lib/python3.12/site-packages/airflow/example_dags/example_time_delta_sensor_async.py for tasks to queue
[2025-02-08T11:04:40.364+0000] {logging_mixin.py:190} INFO - [2025-02-08T11:04:40.363+0000] {dagbag.py:588} INFO - Filling up the DagBag from /home/airflow/.local/lib/python3.12/site-packages/airflow/example_dags/example_time_delta_sensor_async.py
[2025-02-08T11:04:40.369+0000] {processor.py:925} INFO - DAG(s) 'example_time_delta_sensor_async' retrieved from /home/airflow/.local/lib/python3.12/site-packages/airflow/example_dags/example_time_delta_sensor_async.py
[2025-02-08T11:04:40.385+0000] {logging_mixin.py:190} INFO - [2025-02-08T11:04:40.385+0000] {dag.py:3239} INFO - Sync 1 DAGs
[2025-02-08T11:04:40.397+0000] {logging_mixin.py:190} INFO - [2025-02-08T11:04:40.396+0000] {dag.py:4180} INFO - Setting next_dagrun for example_time_delta_sensor_async to None, run_after=None
[2025-02-08T11:04:40.412+0000] {processor.py:208} INFO - Processing /home/airflow/.local/lib/python3.12/site-packages/airflow/example_dags/example_time_delta_sensor_async.py took 0.056 seconds
[2025-02-08T11:33:22.112+0000] {processor.py:186} INFO - Started process (PID=413) to work on /home/airflow/.local/lib/python3.12/site-packages/airflow/example_dags/example_time_delta_sensor_async.py
[2025-02-08T11:33:22.113+0000] {processor.py:914} INFO - Processing file /home/airflow/.local/lib/python3.12/site-packages/airflow/example_dags/example_time_delta_sensor_async.py for tasks to queue
[2025-02-08T11:33:22.116+0000] {logging_mixin.py:190} INFO - [2025-02-08T11:33:22.115+0000] {dagbag.py:588} INFO - Filling up the DagBag from /home/airflow/.local/lib/python3.12/site-packages/airflow/example_dags/example_time_delta_sensor_async.py
[2025-02-08T11:33:22.121+0000] {processor.py:925} INFO - DAG(s) 'example_time_delta_sensor_async' retrieved from /home/airflow/.local/lib/python3.12/site-packages/airflow/example_dags/example_time_delta_sensor_async.py
[2025-02-08T11:33:22.204+0000] {logging_mixin.py:190} INFO - [2025-02-08T11:33:22.204+0000] {override.py:1900} INFO - Created Permission View: can edit on DAG:example_time_delta_sensor_async
[2025-02-08T11:33:22.212+0000] {logging_mixin.py:190} INFO - [2025-02-08T11:33:22.212+0000] {override.py:1900} INFO - Created Permission View: can delete on DAG:example_time_delta_sensor_async
[2025-02-08T11:33:22.218+0000] {logging_mixin.py:190} INFO - [2025-02-08T11:33:22.217+0000] {override.py:1900} INFO - Created Permission View: can read on DAG:example_time_delta_sensor_async
[2025-02-08T11:33:22.224+0000] {logging_mixin.py:190} INFO - [2025-02-08T11:33:22.224+0000] {override.py:1900} INFO - Created Permission View: menu access on DAG Run:example_time_delta_sensor_async
[2025-02-08T11:33:22.230+0000] {logging_mixin.py:190} INFO - [2025-02-08T11:33:22.229+0000] {override.py:1900} INFO - Created Permission View: can create on DAG Run:example_time_delta_sensor_async
[2025-02-08T11:33:22.236+0000] {logging_mixin.py:190} INFO - [2025-02-08T11:33:22.236+0000] {override.py:1900} INFO - Created Permission View: can delete on DAG Run:example_time_delta_sensor_async
[2025-02-08T11:33:22.243+0000] {logging_mixin.py:190} INFO - [2025-02-08T11:33:22.243+0000] {override.py:1900} INFO - Created Permission View: can read on DAG Run:example_time_delta_sensor_async
[2025-02-08T11:33:22.244+0000] {logging_mixin.py:190} INFO - [2025-02-08T11:33:22.244+0000] {dag.py:3239} INFO - Sync 1 DAGs
[2025-02-08T11:33:22.257+0000] {logging_mixin.py:190} INFO - [2025-02-08T11:33:22.257+0000] {dag.py:3262} INFO - Creating ORM DAG for example_time_delta_sensor_async
[2025-02-08T11:33:22.258+0000] {logging_mixin.py:190} INFO - [2025-02-08T11:33:22.258+0000] {dag.py:4180} INFO - Setting next_dagrun for example_time_delta_sensor_async to None, run_after=None
[2025-02-08T11:33:22.272+0000] {processor.py:208} INFO - Processing /home/airflow/.local/lib/python3.12/site-packages/airflow/example_dags/example_time_delta_sensor_async.py took 0.165 seconds
[2025-02-08T11:33:52.768+0000] {processor.py:186} INFO - Started process (PID=701) to work on /home/airflow/.local/lib/python3.12/site-packages/airflow/example_dags/example_time_delta_sensor_async.py
[2025-02-08T11:33:52.769+0000] {processor.py:914} INFO - Processing file /home/airflow/.local/lib/python3.12/site-packages/airflow/example_dags/example_time_delta_sensor_async.py for tasks to queue
[2025-02-08T11:33:52.771+0000] {logging_mixin.py:190} INFO - [2025-02-08T11:33:52.771+0000] {dagbag.py:588} INFO - Filling up the DagBag from /home/airflow/.local/lib/python3.12/site-packages/airflow/example_dags/example_time_delta_sensor_async.py
[2025-02-08T11:33:52.778+0000] {processor.py:925} INFO - DAG(s) 'example_time_delta_sensor_async' retrieved from /home/airflow/.local/lib/python3.12/site-packages/airflow/example_dags/example_time_delta_sensor_async.py
[2025-02-08T11:33:52.795+0000] {logging_mixin.py:190} INFO - [2025-02-08T11:33:52.794+0000] {dag.py:3239} INFO - Sync 1 DAGs
[2025-02-08T11:33:52.807+0000] {logging_mixin.py:190} INFO - [2025-02-08T11:33:52.806+0000] {dag.py:4180} INFO - Setting next_dagrun for example_time_delta_sensor_async to None, run_after=None
[2025-02-08T11:33:52.826+0000] {processor.py:208} INFO - Processing /home/airflow/.local/lib/python3.12/site-packages/airflow/example_dags/example_time_delta_sensor_async.py took 0.063 seconds
[2025-02-08T11:34:22.947+0000] {processor.py:186} INFO - Started process (PID=987) to work on /home/airflow/.local/lib/python3.12/site-packages/airflow/example_dags/example_time_delta_sensor_async.py
[2025-02-08T11:34:22.948+0000] {processor.py:914} INFO - Processing file /home/airflow/.local/lib/python3.12/site-packages/airflow/example_dags/example_time_delta_sensor_async.py for tasks to queue
[2025-02-08T11:34:22.950+0000] {logging_mixin.py:190} INFO - [2025-02-08T11:34:22.950+0000] {dagbag.py:588} INFO - Filling up the DagBag from /home/airflow/.local/lib/python3.12/site-packages/airflow/example_dags/example_time_delta_sensor_async.py
[2025-02-08T11:34:22.956+0000] {processor.py:925} INFO - DAG(s) 'example_time_delta_sensor_async' retrieved from /home/airflow/.local/lib/python3.12/site-packages/airflow/example_dags/example_time_delta_sensor_async.py
[2025-02-08T11:34:22.969+0000] {logging_mixin.py:190} INFO - [2025-02-08T11:34:22.969+0000] {dag.py:3239} INFO - Sync 1 DAGs
[2025-02-08T11:34:22.980+0000] {logging_mixin.py:190} INFO - [2025-02-08T11:34:22.980+0000] {dag.py:4180} INFO - Setting next_dagrun for example_time_delta_sensor_async to None, run_after=None
[2025-02-08T11:34:22.997+0000] {processor.py:208} INFO - Processing /home/airflow/.local/lib/python3.12/site-packages/airflow/example_dags/example_time_delta_sensor_async.py took 0.054 seconds
[2025-02-08T11:34:53.079+0000] {processor.py:186} INFO - Started process (PID=1276) to work on /home/airflow/.local/lib/python3.12/site-packages/airflow/example_dags/example_time_delta_sensor_async.py
[2025-02-08T11:34:53.080+0000] {processor.py:914} INFO - Processing file /home/airflow/.local/lib/python3.12/site-packages/airflow/example_dags/example_time_delta_sensor_async.py for tasks to queue
[2025-02-08T11:34:53.082+0000] {logging_mixin.py:190} INFO - [2025-02-08T11:34:53.081+0000] {dagbag.py:588} INFO - Filling up the DagBag from /home/airflow/.local/lib/python3.12/site-packages/airflow/example_dags/example_time_delta_sensor_async.py
[2025-02-08T11:34:53.087+0000] {processor.py:925} INFO - DAG(s) 'example_time_delta_sensor_async' retrieved from /home/airflow/.local/lib/python3.12/site-packages/airflow/example_dags/example_time_delta_sensor_async.py
[2025-02-08T11:34:53.101+0000] {logging_mixin.py:190} INFO - [2025-02-08T11:34:53.100+0000] {dag.py:3239} INFO - Sync 1 DAGs
[2025-02-08T11:34:53.111+0000] {logging_mixin.py:190} INFO - [2025-02-08T11:34:53.111+0000] {dag.py:4180} INFO - Setting next_dagrun for example_time_delta_sensor_async to None, run_after=None
[2025-02-08T11:34:53.126+0000] {processor.py:208} INFO - Processing /home/airflow/.local/lib/python3.12/site-packages/airflow/example_dags/example_time_delta_sensor_async.py took 0.051 seconds
