[2025-02-08T10:51:25.014+0000] {processor.py:186} INFO - Started process (PID=378) to work on /home/airflow/.local/lib/python3.12/site-packages/airflow/example_dags/example_sla_dag.py
[2025-02-08T10:51:25.015+0000] {processor.py:914} INFO - Processing file /home/airflow/.local/lib/python3.12/site-packages/airflow/example_dags/example_sla_dag.py for tasks to queue
[2025-02-08T10:51:25.017+0000] {logging_mixin.py:190} INFO - [2025-02-08T10:51:25.017+0000] {dagbag.py:588} INFO - Filling up the DagBag from /home/airflow/.local/lib/python3.12/site-packages/airflow/example_dags/example_sla_dag.py
[2025-02-08T10:51:25.026+0000] {processor.py:925} INFO - DAG(s) 'example_sla_dag' retrieved from /home/airflow/.local/lib/python3.12/site-packages/airflow/example_dags/example_sla_dag.py
[2025-02-08T10:51:25.112+0000] {logging_mixin.py:190} INFO - [2025-02-08T10:51:25.111+0000] {override.py:1900} INFO - Created Permission View: can delete on DAG:example_sla_dag
[2025-02-08T10:51:25.123+0000] {logging_mixin.py:190} INFO - [2025-02-08T10:51:25.123+0000] {override.py:1900} INFO - Created Permission View: can read on DAG:example_sla_dag
[2025-02-08T10:51:25.130+0000] {logging_mixin.py:190} INFO - [2025-02-08T10:51:25.129+0000] {override.py:1900} INFO - Created Permission View: can edit on DAG:example_sla_dag
[2025-02-08T10:51:25.138+0000] {logging_mixin.py:190} INFO - [2025-02-08T10:51:25.138+0000] {override.py:1900} INFO - Created Permission View: can delete on DAG Run:example_sla_dag
[2025-02-08T10:51:25.145+0000] {logging_mixin.py:190} INFO - [2025-02-08T10:51:25.145+0000] {override.py:1900} INFO - Created Permission View: can read on DAG Run:example_sla_dag
[2025-02-08T10:51:25.152+0000] {logging_mixin.py:190} INFO - [2025-02-08T10:51:25.152+0000] {override.py:1900} INFO - Created Permission View: menu access on DAG Run:example_sla_dag
[2025-02-08T10:51:25.159+0000] {logging_mixin.py:190} INFO - [2025-02-08T10:51:25.158+0000] {override.py:1900} INFO - Created Permission View: can create on DAG Run:example_sla_dag
[2025-02-08T10:51:25.159+0000] {logging_mixin.py:190} INFO - [2025-02-08T10:51:25.159+0000] {dag.py:3239} INFO - Sync 1 DAGs
[2025-02-08T10:51:25.172+0000] {logging_mixin.py:190} INFO - [2025-02-08T10:51:25.171+0000] {dag.py:3262} INFO - Creating ORM DAG for example_sla_dag
[2025-02-08T10:51:25.182+0000] {logging_mixin.py:190} INFO - [2025-02-08T10:51:25.182+0000] {dag.py:4180} INFO - Setting next_dagrun for example_sla_dag to 2025-02-08 10:48:00+00:00, run_after=2025-02-08 10:50:00+00:00
[2025-02-08T10:51:25.196+0000] {processor.py:208} INFO - Processing /home/airflow/.local/lib/python3.12/site-packages/airflow/example_dags/example_sla_dag.py took 0.187 seconds
[2025-02-08T10:51:56.043+0000] {processor.py:186} INFO - Started process (PID=664) to work on /home/airflow/.local/lib/python3.12/site-packages/airflow/example_dags/example_sla_dag.py
[2025-02-08T10:51:56.044+0000] {processor.py:914} INFO - Processing file /home/airflow/.local/lib/python3.12/site-packages/airflow/example_dags/example_sla_dag.py for tasks to queue
[2025-02-08T10:51:56.046+0000] {logging_mixin.py:190} INFO - [2025-02-08T10:51:56.046+0000] {dagbag.py:588} INFO - Filling up the DagBag from /home/airflow/.local/lib/python3.12/site-packages/airflow/example_dags/example_sla_dag.py
[2025-02-08T10:51:56.055+0000] {processor.py:925} INFO - DAG(s) 'example_sla_dag' retrieved from /home/airflow/.local/lib/python3.12/site-packages/airflow/example_dags/example_sla_dag.py
[2025-02-08T10:51:56.070+0000] {logging_mixin.py:190} INFO - [2025-02-08T10:51:56.070+0000] {dag.py:3239} INFO - Sync 1 DAGs
[2025-02-08T10:51:56.090+0000] {logging_mixin.py:190} INFO - [2025-02-08T10:51:56.090+0000] {dag.py:4180} INFO - Setting next_dagrun for example_sla_dag to 2025-02-08 10:48:00+00:00, run_after=2025-02-08 10:50:00+00:00
[2025-02-08T10:51:56.116+0000] {processor.py:208} INFO - Processing /home/airflow/.local/lib/python3.12/site-packages/airflow/example_dags/example_sla_dag.py took 0.078 seconds
[2025-02-08T10:52:26.174+0000] {processor.py:186} INFO - Started process (PID=947) to work on /home/airflow/.local/lib/python3.12/site-packages/airflow/example_dags/example_sla_dag.py
[2025-02-08T10:52:26.175+0000] {processor.py:914} INFO - Processing file /home/airflow/.local/lib/python3.12/site-packages/airflow/example_dags/example_sla_dag.py for tasks to queue
[2025-02-08T10:52:26.177+0000] {logging_mixin.py:190} INFO - [2025-02-08T10:52:26.177+0000] {dagbag.py:588} INFO - Filling up the DagBag from /home/airflow/.local/lib/python3.12/site-packages/airflow/example_dags/example_sla_dag.py
[2025-02-08T10:52:26.184+0000] {processor.py:925} INFO - DAG(s) 'example_sla_dag' retrieved from /home/airflow/.local/lib/python3.12/site-packages/airflow/example_dags/example_sla_dag.py
[2025-02-08T10:52:26.198+0000] {logging_mixin.py:190} INFO - [2025-02-08T10:52:26.198+0000] {dag.py:3239} INFO - Sync 1 DAGs
[2025-02-08T10:52:26.219+0000] {logging_mixin.py:190} INFO - [2025-02-08T10:52:26.218+0000] {dag.py:4180} INFO - Setting next_dagrun for example_sla_dag to 2025-02-08 10:50:00+00:00, run_after=2025-02-08 10:52:00+00:00
[2025-02-08T10:52:26.234+0000] {processor.py:208} INFO - Processing /home/airflow/.local/lib/python3.12/site-packages/airflow/example_dags/example_sla_dag.py took 0.065 seconds
[2025-02-08T10:52:56.514+0000] {processor.py:186} INFO - Started process (PID=1236) to work on /home/airflow/.local/lib/python3.12/site-packages/airflow/example_dags/example_sla_dag.py
[2025-02-08T10:52:56.515+0000] {processor.py:914} INFO - Processing file /home/airflow/.local/lib/python3.12/site-packages/airflow/example_dags/example_sla_dag.py for tasks to queue
[2025-02-08T10:52:56.517+0000] {logging_mixin.py:190} INFO - [2025-02-08T10:52:56.517+0000] {dagbag.py:588} INFO - Filling up the DagBag from /home/airflow/.local/lib/python3.12/site-packages/airflow/example_dags/example_sla_dag.py
[2025-02-08T10:52:56.526+0000] {processor.py:925} INFO - DAG(s) 'example_sla_dag' retrieved from /home/airflow/.local/lib/python3.12/site-packages/airflow/example_dags/example_sla_dag.py
[2025-02-08T10:52:56.541+0000] {logging_mixin.py:190} INFO - [2025-02-08T10:52:56.541+0000] {dag.py:3239} INFO - Sync 1 DAGs
[2025-02-08T10:52:56.561+0000] {logging_mixin.py:190} INFO - [2025-02-08T10:52:56.561+0000] {dag.py:4180} INFO - Setting next_dagrun for example_sla_dag to 2025-02-08 10:50:00+00:00, run_after=2025-02-08 10:52:00+00:00
[2025-02-08T10:52:56.575+0000] {processor.py:208} INFO - Processing /home/airflow/.local/lib/python3.12/site-packages/airflow/example_dags/example_sla_dag.py took 0.066 seconds
[2025-02-08T10:53:26.631+0000] {processor.py:186} INFO - Started process (PID=1522) to work on /home/airflow/.local/lib/python3.12/site-packages/airflow/example_dags/example_sla_dag.py
[2025-02-08T10:53:26.632+0000] {processor.py:914} INFO - Processing file /home/airflow/.local/lib/python3.12/site-packages/airflow/example_dags/example_sla_dag.py for tasks to queue
[2025-02-08T10:53:26.634+0000] {logging_mixin.py:190} INFO - [2025-02-08T10:53:26.634+0000] {dagbag.py:588} INFO - Filling up the DagBag from /home/airflow/.local/lib/python3.12/site-packages/airflow/example_dags/example_sla_dag.py
[2025-02-08T10:53:26.642+0000] {processor.py:925} INFO - DAG(s) 'example_sla_dag' retrieved from /home/airflow/.local/lib/python3.12/site-packages/airflow/example_dags/example_sla_dag.py
[2025-02-08T10:53:26.656+0000] {logging_mixin.py:190} INFO - [2025-02-08T10:53:26.655+0000] {dag.py:3239} INFO - Sync 1 DAGs
[2025-02-08T10:53:26.677+0000] {logging_mixin.py:190} INFO - [2025-02-08T10:53:26.677+0000] {dag.py:4180} INFO - Setting next_dagrun for example_sla_dag to 2025-02-08 10:50:00+00:00, run_after=2025-02-08 10:52:00+00:00
[2025-02-08T10:53:26.691+0000] {processor.py:208} INFO - Processing /home/airflow/.local/lib/python3.12/site-packages/airflow/example_dags/example_sla_dag.py took 0.064 seconds
[2025-02-08T10:53:56.997+0000] {processor.py:186} INFO - Started process (PID=1808) to work on /home/airflow/.local/lib/python3.12/site-packages/airflow/example_dags/example_sla_dag.py
[2025-02-08T10:53:56.998+0000] {processor.py:914} INFO - Processing file /home/airflow/.local/lib/python3.12/site-packages/airflow/example_dags/example_sla_dag.py for tasks to queue
[2025-02-08T10:53:56.999+0000] {logging_mixin.py:190} INFO - [2025-02-08T10:53:56.999+0000] {dagbag.py:588} INFO - Filling up the DagBag from /home/airflow/.local/lib/python3.12/site-packages/airflow/example_dags/example_sla_dag.py
[2025-02-08T10:53:57.008+0000] {processor.py:925} INFO - DAG(s) 'example_sla_dag' retrieved from /home/airflow/.local/lib/python3.12/site-packages/airflow/example_dags/example_sla_dag.py
[2025-02-08T10:53:57.022+0000] {logging_mixin.py:190} INFO - [2025-02-08T10:53:57.022+0000] {dag.py:3239} INFO - Sync 1 DAGs
[2025-02-08T10:53:57.044+0000] {logging_mixin.py:190} INFO - [2025-02-08T10:53:57.044+0000] {dag.py:4180} INFO - Setting next_dagrun for example_sla_dag to 2025-02-08 10:50:00+00:00, run_after=2025-02-08 10:52:00+00:00
[2025-02-08T10:53:57.062+0000] {processor.py:208} INFO - Processing /home/airflow/.local/lib/python3.12/site-packages/airflow/example_dags/example_sla_dag.py took 0.070 seconds
[2025-02-08T10:54:27.123+0000] {processor.py:186} INFO - Started process (PID=2094) to work on /home/airflow/.local/lib/python3.12/site-packages/airflow/example_dags/example_sla_dag.py
[2025-02-08T10:54:27.123+0000] {processor.py:914} INFO - Processing file /home/airflow/.local/lib/python3.12/site-packages/airflow/example_dags/example_sla_dag.py for tasks to queue
[2025-02-08T10:54:27.126+0000] {logging_mixin.py:190} INFO - [2025-02-08T10:54:27.125+0000] {dagbag.py:588} INFO - Filling up the DagBag from /home/airflow/.local/lib/python3.12/site-packages/airflow/example_dags/example_sla_dag.py
[2025-02-08T10:54:27.134+0000] {processor.py:925} INFO - DAG(s) 'example_sla_dag' retrieved from /home/airflow/.local/lib/python3.12/site-packages/airflow/example_dags/example_sla_dag.py
[2025-02-08T10:54:27.149+0000] {logging_mixin.py:190} INFO - [2025-02-08T10:54:27.149+0000] {dag.py:3239} INFO - Sync 1 DAGs
[2025-02-08T10:54:27.171+0000] {logging_mixin.py:190} INFO - [2025-02-08T10:54:27.171+0000] {dag.py:4180} INFO - Setting next_dagrun for example_sla_dag to 2025-02-08 10:52:00+00:00, run_after=2025-02-08 10:54:00+00:00
[2025-02-08T10:54:27.198+0000] {processor.py:208} INFO - Processing /home/airflow/.local/lib/python3.12/site-packages/airflow/example_dags/example_sla_dag.py took 0.082 seconds
[2025-02-08T10:54:57.595+0000] {processor.py:186} INFO - Started process (PID=2382) to work on /home/airflow/.local/lib/python3.12/site-packages/airflow/example_dags/example_sla_dag.py
[2025-02-08T10:54:57.596+0000] {processor.py:914} INFO - Processing file /home/airflow/.local/lib/python3.12/site-packages/airflow/example_dags/example_sla_dag.py for tasks to queue
[2025-02-08T10:54:57.598+0000] {logging_mixin.py:190} INFO - [2025-02-08T10:54:57.598+0000] {dagbag.py:588} INFO - Filling up the DagBag from /home/airflow/.local/lib/python3.12/site-packages/airflow/example_dags/example_sla_dag.py
[2025-02-08T10:54:57.608+0000] {processor.py:925} INFO - DAG(s) 'example_sla_dag' retrieved from /home/airflow/.local/lib/python3.12/site-packages/airflow/example_dags/example_sla_dag.py
[2025-02-08T10:54:57.625+0000] {logging_mixin.py:190} INFO - [2025-02-08T10:54:57.625+0000] {dag.py:3239} INFO - Sync 1 DAGs
[2025-02-08T10:54:57.644+0000] {logging_mixin.py:190} INFO - [2025-02-08T10:54:57.644+0000] {dag.py:4180} INFO - Setting next_dagrun for example_sla_dag to 2025-02-08 10:52:00+00:00, run_after=2025-02-08 10:54:00+00:00
[2025-02-08T10:54:57.661+0000] {processor.py:208} INFO - Processing /home/airflow/.local/lib/python3.12/site-packages/airflow/example_dags/example_sla_dag.py took 0.071 seconds
[2025-02-08T10:55:27.845+0000] {processor.py:186} INFO - Started process (PID=2668) to work on /home/airflow/.local/lib/python3.12/site-packages/airflow/example_dags/example_sla_dag.py
[2025-02-08T10:55:27.846+0000] {processor.py:914} INFO - Processing file /home/airflow/.local/lib/python3.12/site-packages/airflow/example_dags/example_sla_dag.py for tasks to queue
[2025-02-08T10:55:27.848+0000] {logging_mixin.py:190} INFO - [2025-02-08T10:55:27.848+0000] {dagbag.py:588} INFO - Filling up the DagBag from /home/airflow/.local/lib/python3.12/site-packages/airflow/example_dags/example_sla_dag.py
[2025-02-08T10:55:27.856+0000] {processor.py:925} INFO - DAG(s) 'example_sla_dag' retrieved from /home/airflow/.local/lib/python3.12/site-packages/airflow/example_dags/example_sla_dag.py
[2025-02-08T10:55:27.870+0000] {logging_mixin.py:190} INFO - [2025-02-08T10:55:27.870+0000] {dag.py:3239} INFO - Sync 1 DAGs
[2025-02-08T10:55:27.890+0000] {logging_mixin.py:190} INFO - [2025-02-08T10:55:27.890+0000] {dag.py:4180} INFO - Setting next_dagrun for example_sla_dag to 2025-02-08 10:52:00+00:00, run_after=2025-02-08 10:54:00+00:00
[2025-02-08T10:55:27.906+0000] {processor.py:208} INFO - Processing /home/airflow/.local/lib/python3.12/site-packages/airflow/example_dags/example_sla_dag.py took 0.064 seconds
[2025-02-08T10:55:57.996+0000] {processor.py:186} INFO - Started process (PID=2954) to work on /home/airflow/.local/lib/python3.12/site-packages/airflow/example_dags/example_sla_dag.py
[2025-02-08T10:55:57.996+0000] {processor.py:914} INFO - Processing file /home/airflow/.local/lib/python3.12/site-packages/airflow/example_dags/example_sla_dag.py for tasks to queue
[2025-02-08T10:55:57.998+0000] {logging_mixin.py:190} INFO - [2025-02-08T10:55:57.998+0000] {dagbag.py:588} INFO - Filling up the DagBag from /home/airflow/.local/lib/python3.12/site-packages/airflow/example_dags/example_sla_dag.py
[2025-02-08T10:55:58.005+0000] {processor.py:925} INFO - DAG(s) 'example_sla_dag' retrieved from /home/airflow/.local/lib/python3.12/site-packages/airflow/example_dags/example_sla_dag.py
[2025-02-08T10:55:58.021+0000] {logging_mixin.py:190} INFO - [2025-02-08T10:55:58.021+0000] {dag.py:3239} INFO - Sync 1 DAGs
[2025-02-08T10:55:58.040+0000] {logging_mixin.py:190} INFO - [2025-02-08T10:55:58.040+0000] {dag.py:4180} INFO - Setting next_dagrun for example_sla_dag to 2025-02-08 10:52:00+00:00, run_after=2025-02-08 10:54:00+00:00
[2025-02-08T10:55:58.057+0000] {processor.py:208} INFO - Processing /home/airflow/.local/lib/python3.12/site-packages/airflow/example_dags/example_sla_dag.py took 0.066 seconds
[2025-02-08T10:56:28.214+0000] {processor.py:186} INFO - Started process (PID=3238) to work on /home/airflow/.local/lib/python3.12/site-packages/airflow/example_dags/example_sla_dag.py
[2025-02-08T10:56:28.215+0000] {processor.py:914} INFO - Processing file /home/airflow/.local/lib/python3.12/site-packages/airflow/example_dags/example_sla_dag.py for tasks to queue
[2025-02-08T10:56:28.217+0000] {logging_mixin.py:190} INFO - [2025-02-08T10:56:28.216+0000] {dagbag.py:588} INFO - Filling up the DagBag from /home/airflow/.local/lib/python3.12/site-packages/airflow/example_dags/example_sla_dag.py
[2025-02-08T10:56:28.225+0000] {processor.py:925} INFO - DAG(s) 'example_sla_dag' retrieved from /home/airflow/.local/lib/python3.12/site-packages/airflow/example_dags/example_sla_dag.py
[2025-02-08T10:56:28.241+0000] {logging_mixin.py:190} INFO - [2025-02-08T10:56:28.241+0000] {dag.py:3239} INFO - Sync 1 DAGs
[2025-02-08T10:56:28.263+0000] {logging_mixin.py:190} INFO - [2025-02-08T10:56:28.263+0000] {dag.py:4180} INFO - Setting next_dagrun for example_sla_dag to 2025-02-08 10:54:00+00:00, run_after=2025-02-08 10:56:00+00:00
[2025-02-08T10:56:28.279+0000] {processor.py:208} INFO - Processing /home/airflow/.local/lib/python3.12/site-packages/airflow/example_dags/example_sla_dag.py took 0.070 seconds
[2025-02-08T10:56:58.522+0000] {processor.py:186} INFO - Started process (PID=3524) to work on /home/airflow/.local/lib/python3.12/site-packages/airflow/example_dags/example_sla_dag.py
[2025-02-08T10:56:58.523+0000] {processor.py:914} INFO - Processing file /home/airflow/.local/lib/python3.12/site-packages/airflow/example_dags/example_sla_dag.py for tasks to queue
[2025-02-08T10:56:58.525+0000] {logging_mixin.py:190} INFO - [2025-02-08T10:56:58.525+0000] {dagbag.py:588} INFO - Filling up the DagBag from /home/airflow/.local/lib/python3.12/site-packages/airflow/example_dags/example_sla_dag.py
[2025-02-08T10:56:58.535+0000] {processor.py:925} INFO - DAG(s) 'example_sla_dag' retrieved from /home/airflow/.local/lib/python3.12/site-packages/airflow/example_dags/example_sla_dag.py
[2025-02-08T10:56:58.552+0000] {logging_mixin.py:190} INFO - [2025-02-08T10:56:58.551+0000] {dag.py:3239} INFO - Sync 1 DAGs
[2025-02-08T10:56:58.575+0000] {logging_mixin.py:190} INFO - [2025-02-08T10:56:58.574+0000] {dag.py:4180} INFO - Setting next_dagrun for example_sla_dag to 2025-02-08 10:54:00+00:00, run_after=2025-02-08 10:56:00+00:00
[2025-02-08T10:56:58.590+0000] {processor.py:208} INFO - Processing /home/airflow/.local/lib/python3.12/site-packages/airflow/example_dags/example_sla_dag.py took 0.074 seconds
[2025-02-08T10:57:28.891+0000] {processor.py:186} INFO - Started process (PID=3810) to work on /home/airflow/.local/lib/python3.12/site-packages/airflow/example_dags/example_sla_dag.py
[2025-02-08T10:57:28.892+0000] {processor.py:914} INFO - Processing file /home/airflow/.local/lib/python3.12/site-packages/airflow/example_dags/example_sla_dag.py for tasks to queue
[2025-02-08T10:57:28.894+0000] {logging_mixin.py:190} INFO - [2025-02-08T10:57:28.893+0000] {dagbag.py:588} INFO - Filling up the DagBag from /home/airflow/.local/lib/python3.12/site-packages/airflow/example_dags/example_sla_dag.py
[2025-02-08T10:57:28.903+0000] {processor.py:925} INFO - DAG(s) 'example_sla_dag' retrieved from /home/airflow/.local/lib/python3.12/site-packages/airflow/example_dags/example_sla_dag.py
[2025-02-08T10:57:28.918+0000] {logging_mixin.py:190} INFO - [2025-02-08T10:57:28.918+0000] {dag.py:3239} INFO - Sync 1 DAGs
[2025-02-08T10:57:28.943+0000] {logging_mixin.py:190} INFO - [2025-02-08T10:57:28.942+0000] {dag.py:4180} INFO - Setting next_dagrun for example_sla_dag to 2025-02-08 10:54:00+00:00, run_after=2025-02-08 10:56:00+00:00
[2025-02-08T10:57:28.961+0000] {processor.py:208} INFO - Processing /home/airflow/.local/lib/python3.12/site-packages/airflow/example_dags/example_sla_dag.py took 0.075 seconds
[2025-02-08T10:57:59.176+0000] {processor.py:186} INFO - Started process (PID=4096) to work on /home/airflow/.local/lib/python3.12/site-packages/airflow/example_dags/example_sla_dag.py
[2025-02-08T10:57:59.177+0000] {processor.py:914} INFO - Processing file /home/airflow/.local/lib/python3.12/site-packages/airflow/example_dags/example_sla_dag.py for tasks to queue
[2025-02-08T10:57:59.179+0000] {logging_mixin.py:190} INFO - [2025-02-08T10:57:59.179+0000] {dagbag.py:588} INFO - Filling up the DagBag from /home/airflow/.local/lib/python3.12/site-packages/airflow/example_dags/example_sla_dag.py
[2025-02-08T10:57:59.190+0000] {processor.py:925} INFO - DAG(s) 'example_sla_dag' retrieved from /home/airflow/.local/lib/python3.12/site-packages/airflow/example_dags/example_sla_dag.py
[2025-02-08T10:57:59.204+0000] {logging_mixin.py:190} INFO - [2025-02-08T10:57:59.204+0000] {dag.py:3239} INFO - Sync 1 DAGs
[2025-02-08T10:57:59.224+0000] {logging_mixin.py:190} INFO - [2025-02-08T10:57:59.224+0000] {dag.py:4180} INFO - Setting next_dagrun for example_sla_dag to 2025-02-08 10:54:00+00:00, run_after=2025-02-08 10:56:00+00:00
[2025-02-08T10:57:59.239+0000] {processor.py:208} INFO - Processing /home/airflow/.local/lib/python3.12/site-packages/airflow/example_dags/example_sla_dag.py took 0.068 seconds
[2025-02-08T10:58:29.792+0000] {processor.py:186} INFO - Started process (PID=4396) to work on /home/airflow/.local/lib/python3.12/site-packages/airflow/example_dags/example_sla_dag.py
[2025-02-08T10:58:29.793+0000] {processor.py:914} INFO - Processing file /home/airflow/.local/lib/python3.12/site-packages/airflow/example_dags/example_sla_dag.py for tasks to queue
[2025-02-08T10:58:29.795+0000] {logging_mixin.py:190} INFO - [2025-02-08T10:58:29.795+0000] {dagbag.py:588} INFO - Filling up the DagBag from /home/airflow/.local/lib/python3.12/site-packages/airflow/example_dags/example_sla_dag.py
[2025-02-08T10:58:29.802+0000] {processor.py:925} INFO - DAG(s) 'example_sla_dag' retrieved from /home/airflow/.local/lib/python3.12/site-packages/airflow/example_dags/example_sla_dag.py
[2025-02-08T10:58:29.817+0000] {logging_mixin.py:190} INFO - [2025-02-08T10:58:29.817+0000] {dag.py:3239} INFO - Sync 1 DAGs
[2025-02-08T10:58:29.836+0000] {logging_mixin.py:190} INFO - [2025-02-08T10:58:29.836+0000] {dag.py:4180} INFO - Setting next_dagrun for example_sla_dag to 2025-02-08 10:56:00+00:00, run_after=2025-02-08 10:58:00+00:00
[2025-02-08T10:58:29.854+0000] {processor.py:208} INFO - Processing /home/airflow/.local/lib/python3.12/site-packages/airflow/example_dags/example_sla_dag.py took 0.067 seconds
[2025-02-08T10:58:59.910+0000] {processor.py:186} INFO - Started process (PID=4874) to work on /home/airflow/.local/lib/python3.12/site-packages/airflow/example_dags/example_sla_dag.py
[2025-02-08T10:58:59.911+0000] {processor.py:914} INFO - Processing file /home/airflow/.local/lib/python3.12/site-packages/airflow/example_dags/example_sla_dag.py for tasks to queue
[2025-02-08T10:58:59.913+0000] {logging_mixin.py:190} INFO - [2025-02-08T10:58:59.912+0000] {dagbag.py:588} INFO - Filling up the DagBag from /home/airflow/.local/lib/python3.12/site-packages/airflow/example_dags/example_sla_dag.py
[2025-02-08T10:58:59.920+0000] {processor.py:925} INFO - DAG(s) 'example_sla_dag' retrieved from /home/airflow/.local/lib/python3.12/site-packages/airflow/example_dags/example_sla_dag.py
[2025-02-08T10:58:59.934+0000] {logging_mixin.py:190} INFO - [2025-02-08T10:58:59.934+0000] {dag.py:3239} INFO - Sync 1 DAGs
[2025-02-08T10:58:59.954+0000] {logging_mixin.py:190} INFO - [2025-02-08T10:58:59.954+0000] {dag.py:4180} INFO - Setting next_dagrun for example_sla_dag to 2025-02-08 10:56:00+00:00, run_after=2025-02-08 10:58:00+00:00
[2025-02-08T10:58:59.972+0000] {processor.py:208} INFO - Processing /home/airflow/.local/lib/python3.12/site-packages/airflow/example_dags/example_sla_dag.py took 0.067 seconds
[2025-02-08T11:02:00.426+0000] {processor.py:186} INFO - Started process (PID=378) to work on /home/airflow/.local/lib/python3.12/site-packages/airflow/example_dags/example_sla_dag.py
[2025-02-08T11:02:00.427+0000] {processor.py:914} INFO - Processing file /home/airflow/.local/lib/python3.12/site-packages/airflow/example_dags/example_sla_dag.py for tasks to queue
[2025-02-08T11:02:00.429+0000] {logging_mixin.py:190} INFO - [2025-02-08T11:02:00.428+0000] {dagbag.py:588} INFO - Filling up the DagBag from /home/airflow/.local/lib/python3.12/site-packages/airflow/example_dags/example_sla_dag.py
[2025-02-08T11:02:00.437+0000] {processor.py:925} INFO - DAG(s) 'example_sla_dag' retrieved from /home/airflow/.local/lib/python3.12/site-packages/airflow/example_dags/example_sla_dag.py
[2025-02-08T11:02:00.521+0000] {logging_mixin.py:190} INFO - [2025-02-08T11:02:00.520+0000] {override.py:1900} INFO - Created Permission View: can read on DAG:example_sla_dag
[2025-02-08T11:02:00.532+0000] {logging_mixin.py:190} INFO - [2025-02-08T11:02:00.532+0000] {override.py:1900} INFO - Created Permission View: can delete on DAG:example_sla_dag
[2025-02-08T11:02:00.539+0000] {logging_mixin.py:190} INFO - [2025-02-08T11:02:00.538+0000] {override.py:1900} INFO - Created Permission View: can edit on DAG:example_sla_dag
[2025-02-08T11:02:00.547+0000] {logging_mixin.py:190} INFO - [2025-02-08T11:02:00.547+0000] {override.py:1900} INFO - Created Permission View: menu access on DAG Run:example_sla_dag
[2025-02-08T11:02:00.553+0000] {logging_mixin.py:190} INFO - [2025-02-08T11:02:00.553+0000] {override.py:1900} INFO - Created Permission View: can read on DAG Run:example_sla_dag
[2025-02-08T11:02:00.559+0000] {logging_mixin.py:190} INFO - [2025-02-08T11:02:00.559+0000] {override.py:1900} INFO - Created Permission View: can create on DAG Run:example_sla_dag
[2025-02-08T11:02:00.564+0000] {logging_mixin.py:190} INFO - [2025-02-08T11:02:00.564+0000] {override.py:1900} INFO - Created Permission View: can delete on DAG Run:example_sla_dag
[2025-02-08T11:02:00.565+0000] {logging_mixin.py:190} INFO - [2025-02-08T11:02:00.565+0000] {dag.py:3239} INFO - Sync 1 DAGs
[2025-02-08T11:02:00.575+0000] {logging_mixin.py:190} INFO - [2025-02-08T11:02:00.575+0000] {dag.py:3262} INFO - Creating ORM DAG for example_sla_dag
[2025-02-08T11:02:00.587+0000] {logging_mixin.py:190} INFO - [2025-02-08T11:02:00.587+0000] {dag.py:4180} INFO - Setting next_dagrun for example_sla_dag to 2025-02-08 11:00:00+00:00, run_after=2025-02-08 11:02:00+00:00
[2025-02-08T11:02:00.601+0000] {processor.py:208} INFO - Processing /home/airflow/.local/lib/python3.12/site-packages/airflow/example_dags/example_sla_dag.py took 0.181 seconds
[2025-02-08T11:02:31.349+0000] {processor.py:186} INFO - Started process (PID=664) to work on /home/airflow/.local/lib/python3.12/site-packages/airflow/example_dags/example_sla_dag.py
[2025-02-08T11:02:31.349+0000] {processor.py:914} INFO - Processing file /home/airflow/.local/lib/python3.12/site-packages/airflow/example_dags/example_sla_dag.py for tasks to queue
[2025-02-08T11:02:31.352+0000] {logging_mixin.py:190} INFO - [2025-02-08T11:02:31.351+0000] {dagbag.py:588} INFO - Filling up the DagBag from /home/airflow/.local/lib/python3.12/site-packages/airflow/example_dags/example_sla_dag.py
[2025-02-08T11:02:31.359+0000] {processor.py:925} INFO - DAG(s) 'example_sla_dag' retrieved from /home/airflow/.local/lib/python3.12/site-packages/airflow/example_dags/example_sla_dag.py
[2025-02-08T11:02:31.373+0000] {logging_mixin.py:190} INFO - [2025-02-08T11:02:31.373+0000] {dag.py:3239} INFO - Sync 1 DAGs
[2025-02-08T11:02:31.392+0000] {logging_mixin.py:190} INFO - [2025-02-08T11:02:31.392+0000] {dag.py:4180} INFO - Setting next_dagrun for example_sla_dag to 2025-02-08 11:00:00+00:00, run_after=2025-02-08 11:02:00+00:00
[2025-02-08T11:02:31.409+0000] {processor.py:208} INFO - Processing /home/airflow/.local/lib/python3.12/site-packages/airflow/example_dags/example_sla_dag.py took 0.064 seconds
[2025-02-08T11:03:39.428+0000] {processor.py:186} INFO - Started process (PID=378) to work on /home/airflow/.local/lib/python3.12/site-packages/airflow/example_dags/example_sla_dag.py
[2025-02-08T11:03:39.429+0000] {processor.py:914} INFO - Processing file /home/airflow/.local/lib/python3.12/site-packages/airflow/example_dags/example_sla_dag.py for tasks to queue
[2025-02-08T11:03:39.430+0000] {logging_mixin.py:190} INFO - [2025-02-08T11:03:39.430+0000] {dagbag.py:588} INFO - Filling up the DagBag from /home/airflow/.local/lib/python3.12/site-packages/airflow/example_dags/example_sla_dag.py
[2025-02-08T11:03:39.439+0000] {processor.py:925} INFO - DAG(s) 'example_sla_dag' retrieved from /home/airflow/.local/lib/python3.12/site-packages/airflow/example_dags/example_sla_dag.py
[2025-02-08T11:03:39.455+0000] {logging_mixin.py:190} INFO - [2025-02-08T11:03:39.455+0000] {dag.py:3239} INFO - Sync 1 DAGs
[2025-02-08T11:03:39.477+0000] {logging_mixin.py:190} INFO - [2025-02-08T11:03:39.476+0000] {dag.py:4180} INFO - Setting next_dagrun for example_sla_dag to 2025-02-08 11:00:00+00:00, run_after=2025-02-08 11:02:00+00:00
[2025-02-08T11:03:39.491+0000] {processor.py:208} INFO - Processing /home/airflow/.local/lib/python3.12/site-packages/airflow/example_dags/example_sla_dag.py took 0.068 seconds
[2025-02-08T11:04:09.705+0000] {processor.py:186} INFO - Started process (PID=664) to work on /home/airflow/.local/lib/python3.12/site-packages/airflow/example_dags/example_sla_dag.py
[2025-02-08T11:04:09.706+0000] {processor.py:914} INFO - Processing file /home/airflow/.local/lib/python3.12/site-packages/airflow/example_dags/example_sla_dag.py for tasks to queue
[2025-02-08T11:04:09.707+0000] {logging_mixin.py:190} INFO - [2025-02-08T11:04:09.707+0000] {dagbag.py:588} INFO - Filling up the DagBag from /home/airflow/.local/lib/python3.12/site-packages/airflow/example_dags/example_sla_dag.py
[2025-02-08T11:04:09.715+0000] {processor.py:925} INFO - DAG(s) 'example_sla_dag' retrieved from /home/airflow/.local/lib/python3.12/site-packages/airflow/example_dags/example_sla_dag.py
[2025-02-08T11:04:09.729+0000] {logging_mixin.py:190} INFO - [2025-02-08T11:04:09.729+0000] {dag.py:3239} INFO - Sync 1 DAGs
[2025-02-08T11:04:09.750+0000] {logging_mixin.py:190} INFO - [2025-02-08T11:04:09.750+0000] {dag.py:4180} INFO - Setting next_dagrun for example_sla_dag to 2025-02-08 11:02:00+00:00, run_after=2025-02-08 11:04:00+00:00
[2025-02-08T11:04:09.765+0000] {processor.py:208} INFO - Processing /home/airflow/.local/lib/python3.12/site-packages/airflow/example_dags/example_sla_dag.py took 0.064 seconds
[2025-02-08T11:04:39.989+0000] {processor.py:186} INFO - Started process (PID=950) to work on /home/airflow/.local/lib/python3.12/site-packages/airflow/example_dags/example_sla_dag.py
[2025-02-08T11:04:39.989+0000] {processor.py:914} INFO - Processing file /home/airflow/.local/lib/python3.12/site-packages/airflow/example_dags/example_sla_dag.py for tasks to queue
[2025-02-08T11:04:39.991+0000] {logging_mixin.py:190} INFO - [2025-02-08T11:04:39.991+0000] {dagbag.py:588} INFO - Filling up the DagBag from /home/airflow/.local/lib/python3.12/site-packages/airflow/example_dags/example_sla_dag.py
[2025-02-08T11:04:39.999+0000] {processor.py:925} INFO - DAG(s) 'example_sla_dag' retrieved from /home/airflow/.local/lib/python3.12/site-packages/airflow/example_dags/example_sla_dag.py
[2025-02-08T11:04:40.012+0000] {logging_mixin.py:190} INFO - [2025-02-08T11:04:40.012+0000] {dag.py:3239} INFO - Sync 1 DAGs
[2025-02-08T11:04:40.030+0000] {logging_mixin.py:190} INFO - [2025-02-08T11:04:40.029+0000] {dag.py:4180} INFO - Setting next_dagrun for example_sla_dag to 2025-02-08 11:02:00+00:00, run_after=2025-02-08 11:04:00+00:00
[2025-02-08T11:04:40.045+0000] {processor.py:208} INFO - Processing /home/airflow/.local/lib/python3.12/site-packages/airflow/example_dags/example_sla_dag.py took 0.061 seconds
[2025-02-08T11:33:21.089+0000] {processor.py:186} INFO - Started process (PID=378) to work on /home/airflow/.local/lib/python3.12/site-packages/airflow/example_dags/example_sla_dag.py
[2025-02-08T11:33:21.090+0000] {processor.py:914} INFO - Processing file /home/airflow/.local/lib/python3.12/site-packages/airflow/example_dags/example_sla_dag.py for tasks to queue
[2025-02-08T11:33:21.092+0000] {logging_mixin.py:190} INFO - [2025-02-08T11:33:21.092+0000] {dagbag.py:588} INFO - Filling up the DagBag from /home/airflow/.local/lib/python3.12/site-packages/airflow/example_dags/example_sla_dag.py
[2025-02-08T11:33:21.101+0000] {processor.py:925} INFO - DAG(s) 'example_sla_dag' retrieved from /home/airflow/.local/lib/python3.12/site-packages/airflow/example_dags/example_sla_dag.py
[2025-02-08T11:33:21.188+0000] {logging_mixin.py:190} INFO - [2025-02-08T11:33:21.187+0000] {override.py:1900} INFO - Created Permission View: can edit on DAG:example_sla_dag
[2025-02-08T11:33:21.197+0000] {logging_mixin.py:190} INFO - [2025-02-08T11:33:21.196+0000] {override.py:1900} INFO - Created Permission View: can delete on DAG:example_sla_dag
[2025-02-08T11:33:21.203+0000] {logging_mixin.py:190} INFO - [2025-02-08T11:33:21.203+0000] {override.py:1900} INFO - Created Permission View: can read on DAG:example_sla_dag
[2025-02-08T11:33:21.211+0000] {logging_mixin.py:190} INFO - [2025-02-08T11:33:21.210+0000] {override.py:1900} INFO - Created Permission View: menu access on DAG Run:example_sla_dag
[2025-02-08T11:33:21.219+0000] {logging_mixin.py:190} INFO - [2025-02-08T11:33:21.218+0000] {override.py:1900} INFO - Created Permission View: can create on DAG Run:example_sla_dag
[2025-02-08T11:33:21.227+0000] {logging_mixin.py:190} INFO - [2025-02-08T11:33:21.226+0000] {override.py:1900} INFO - Created Permission View: can delete on DAG Run:example_sla_dag
[2025-02-08T11:33:21.233+0000] {logging_mixin.py:190} INFO - [2025-02-08T11:33:21.233+0000] {override.py:1900} INFO - Created Permission View: can read on DAG Run:example_sla_dag
[2025-02-08T11:33:21.234+0000] {logging_mixin.py:190} INFO - [2025-02-08T11:33:21.234+0000] {dag.py:3239} INFO - Sync 1 DAGs
[2025-02-08T11:33:21.246+0000] {logging_mixin.py:190} INFO - [2025-02-08T11:33:21.246+0000] {dag.py:3262} INFO - Creating ORM DAG for example_sla_dag
[2025-02-08T11:33:21.257+0000] {logging_mixin.py:190} INFO - [2025-02-08T11:33:21.257+0000] {dag.py:4180} INFO - Setting next_dagrun for example_sla_dag to 2025-02-08 11:30:00+00:00, run_after=2025-02-08 11:32:00+00:00
[2025-02-08T11:33:21.271+0000] {processor.py:208} INFO - Processing /home/airflow/.local/lib/python3.12/site-packages/airflow/example_dags/example_sla_dag.py took 0.187 seconds
[2025-02-08T11:33:51.373+0000] {processor.py:186} INFO - Started process (PID=666) to work on /home/airflow/.local/lib/python3.12/site-packages/airflow/example_dags/example_sla_dag.py
[2025-02-08T11:33:51.374+0000] {processor.py:914} INFO - Processing file /home/airflow/.local/lib/python3.12/site-packages/airflow/example_dags/example_sla_dag.py for tasks to queue
[2025-02-08T11:33:51.376+0000] {logging_mixin.py:190} INFO - [2025-02-08T11:33:51.376+0000] {dagbag.py:588} INFO - Filling up the DagBag from /home/airflow/.local/lib/python3.12/site-packages/airflow/example_dags/example_sla_dag.py
[2025-02-08T11:33:51.385+0000] {processor.py:925} INFO - DAG(s) 'example_sla_dag' retrieved from /home/airflow/.local/lib/python3.12/site-packages/airflow/example_dags/example_sla_dag.py
[2025-02-08T11:33:51.401+0000] {logging_mixin.py:190} INFO - [2025-02-08T11:33:51.401+0000] {dag.py:3239} INFO - Sync 1 DAGs
[2025-02-08T11:33:51.422+0000] {logging_mixin.py:190} INFO - [2025-02-08T11:33:51.422+0000] {dag.py:4180} INFO - Setting next_dagrun for example_sla_dag to 2025-02-08 11:30:00+00:00, run_after=2025-02-08 11:32:00+00:00
[2025-02-08T11:33:51.437+0000] {processor.py:208} INFO - Processing /home/airflow/.local/lib/python3.12/site-packages/airflow/example_dags/example_sla_dag.py took 0.069 seconds
[2025-02-08T11:34:21.497+0000] {processor.py:186} INFO - Started process (PID=952) to work on /home/airflow/.local/lib/python3.12/site-packages/airflow/example_dags/example_sla_dag.py
[2025-02-08T11:34:21.498+0000] {processor.py:914} INFO - Processing file /home/airflow/.local/lib/python3.12/site-packages/airflow/example_dags/example_sla_dag.py for tasks to queue
[2025-02-08T11:34:21.500+0000] {logging_mixin.py:190} INFO - [2025-02-08T11:34:21.500+0000] {dagbag.py:588} INFO - Filling up the DagBag from /home/airflow/.local/lib/python3.12/site-packages/airflow/example_dags/example_sla_dag.py
[2025-02-08T11:34:21.508+0000] {processor.py:925} INFO - DAG(s) 'example_sla_dag' retrieved from /home/airflow/.local/lib/python3.12/site-packages/airflow/example_dags/example_sla_dag.py
[2025-02-08T11:34:21.522+0000] {logging_mixin.py:190} INFO - [2025-02-08T11:34:21.521+0000] {dag.py:3239} INFO - Sync 1 DAGs
[2025-02-08T11:34:21.540+0000] {logging_mixin.py:190} INFO - [2025-02-08T11:34:21.540+0000] {dag.py:4180} INFO - Setting next_dagrun for example_sla_dag to 2025-02-08 11:32:00+00:00, run_after=2025-02-08 11:34:00+00:00
[2025-02-08T11:34:21.554+0000] {processor.py:208} INFO - Processing /home/airflow/.local/lib/python3.12/site-packages/airflow/example_dags/example_sla_dag.py took 0.062 seconds
[2025-02-08T11:34:51.732+0000] {processor.py:186} INFO - Started process (PID=1238) to work on /home/airflow/.local/lib/python3.12/site-packages/airflow/example_dags/example_sla_dag.py
[2025-02-08T11:34:51.733+0000] {processor.py:914} INFO - Processing file /home/airflow/.local/lib/python3.12/site-packages/airflow/example_dags/example_sla_dag.py for tasks to queue
[2025-02-08T11:34:51.735+0000] {logging_mixin.py:190} INFO - [2025-02-08T11:34:51.735+0000] {dagbag.py:588} INFO - Filling up the DagBag from /home/airflow/.local/lib/python3.12/site-packages/airflow/example_dags/example_sla_dag.py
[2025-02-08T11:34:51.743+0000] {processor.py:925} INFO - DAG(s) 'example_sla_dag' retrieved from /home/airflow/.local/lib/python3.12/site-packages/airflow/example_dags/example_sla_dag.py
[2025-02-08T11:34:51.757+0000] {logging_mixin.py:190} INFO - [2025-02-08T11:34:51.757+0000] {dag.py:3239} INFO - Sync 1 DAGs
[2025-02-08T11:34:51.775+0000] {logging_mixin.py:190} INFO - [2025-02-08T11:34:51.775+0000] {dag.py:4180} INFO - Setting next_dagrun for example_sla_dag to 2025-02-08 11:32:00+00:00, run_after=2025-02-08 11:34:00+00:00
[2025-02-08T11:34:51.788+0000] {processor.py:208} INFO - Processing /home/airflow/.local/lib/python3.12/site-packages/airflow/example_dags/example_sla_dag.py took 0.060 seconds
