[2025-02-08T10:51:24.179+0000] {processor.py:186} INFO - Started process (PID=343) to work on /home/airflow/.local/lib/python3.12/site-packages/airflow/example_dags/example_trigger_controller_dag.py
[2025-02-08T10:51:24.180+0000] {processor.py:914} INFO - Processing file /home/airflow/.local/lib/python3.12/site-packages/airflow/example_dags/example_trigger_controller_dag.py for tasks to queue
[2025-02-08T10:51:24.183+0000] {logging_mixin.py:190} INFO - [2025-02-08T10:51:24.182+0000] {dagbag.py:588} INFO - Filling up the DagBag from /home/airflow/.local/lib/python3.12/site-packages/airflow/example_dags/example_trigger_controller_dag.py
[2025-02-08T10:51:24.190+0000] {processor.py:925} INFO - DAG(s) 'example_trigger_controller_dag' retrieved from /home/airflow/.local/lib/python3.12/site-packages/airflow/example_dags/example_trigger_controller_dag.py
[2025-02-08T10:51:24.278+0000] {logging_mixin.py:190} INFO - [2025-02-08T10:51:24.277+0000] {override.py:1900} INFO - Created Permission View: can delete on DAG:example_trigger_controller_dag
[2025-02-08T10:51:24.286+0000] {logging_mixin.py:190} INFO - [2025-02-08T10:51:24.285+0000] {override.py:1900} INFO - Created Permission View: can read on DAG:example_trigger_controller_dag
[2025-02-08T10:51:24.292+0000] {logging_mixin.py:190} INFO - [2025-02-08T10:51:24.291+0000] {override.py:1900} INFO - Created Permission View: can edit on DAG:example_trigger_controller_dag
[2025-02-08T10:51:24.299+0000] {logging_mixin.py:190} INFO - [2025-02-08T10:51:24.299+0000] {override.py:1900} INFO - Created Permission View: can delete on DAG Run:example_trigger_controller_dag
[2025-02-08T10:51:24.305+0000] {logging_mixin.py:190} INFO - [2025-02-08T10:51:24.305+0000] {override.py:1900} INFO - Created Permission View: can read on DAG Run:example_trigger_controller_dag
[2025-02-08T10:51:24.311+0000] {logging_mixin.py:190} INFO - [2025-02-08T10:51:24.310+0000] {override.py:1900} INFO - Created Permission View: menu access on DAG Run:example_trigger_controller_dag
[2025-02-08T10:51:24.317+0000] {logging_mixin.py:190} INFO - [2025-02-08T10:51:24.316+0000] {override.py:1900} INFO - Created Permission View: can create on DAG Run:example_trigger_controller_dag
[2025-02-08T10:51:24.317+0000] {logging_mixin.py:190} INFO - [2025-02-08T10:51:24.317+0000] {dag.py:3239} INFO - Sync 1 DAGs
[2025-02-08T10:51:24.328+0000] {logging_mixin.py:190} INFO - [2025-02-08T10:51:24.328+0000] {dag.py:3262} INFO - Creating ORM DAG for example_trigger_controller_dag
[2025-02-08T10:51:24.335+0000] {logging_mixin.py:190} INFO - [2025-02-08T10:51:24.335+0000] {dag.py:4180} INFO - Setting next_dagrun for example_trigger_controller_dag to 2021-01-01 00:00:00+00:00, run_after=2021-01-01 00:00:00+00:00
[2025-02-08T10:51:24.348+0000] {processor.py:208} INFO - Processing /home/airflow/.local/lib/python3.12/site-packages/airflow/example_dags/example_trigger_controller_dag.py took 0.174 seconds
[2025-02-08T10:51:54.763+0000] {processor.py:186} INFO - Started process (PID=629) to work on /home/airflow/.local/lib/python3.12/site-packages/airflow/example_dags/example_trigger_controller_dag.py
[2025-02-08T10:51:54.764+0000] {processor.py:914} INFO - Processing file /home/airflow/.local/lib/python3.12/site-packages/airflow/example_dags/example_trigger_controller_dag.py for tasks to queue
[2025-02-08T10:51:54.766+0000] {logging_mixin.py:190} INFO - [2025-02-08T10:51:54.765+0000] {dagbag.py:588} INFO - Filling up the DagBag from /home/airflow/.local/lib/python3.12/site-packages/airflow/example_dags/example_trigger_controller_dag.py
[2025-02-08T10:51:54.772+0000] {processor.py:925} INFO - DAG(s) 'example_trigger_controller_dag' retrieved from /home/airflow/.local/lib/python3.12/site-packages/airflow/example_dags/example_trigger_controller_dag.py
[2025-02-08T10:51:54.787+0000] {logging_mixin.py:190} INFO - [2025-02-08T10:51:54.787+0000] {dag.py:3239} INFO - Sync 1 DAGs
[2025-02-08T10:51:54.809+0000] {logging_mixin.py:190} INFO - [2025-02-08T10:51:54.809+0000] {dag.py:4180} INFO - Setting next_dagrun for example_trigger_controller_dag to 2021-01-01 00:00:00+00:00, run_after=2021-01-01 00:00:00+00:00
[2025-02-08T10:51:54.827+0000] {processor.py:208} INFO - Processing /home/airflow/.local/lib/python3.12/site-packages/airflow/example_dags/example_trigger_controller_dag.py took 0.069 seconds
[2025-02-08T10:52:25.811+0000] {processor.py:186} INFO - Started process (PID=915) to work on /home/airflow/.local/lib/python3.12/site-packages/airflow/example_dags/example_trigger_controller_dag.py
[2025-02-08T10:52:25.811+0000] {processor.py:914} INFO - Processing file /home/airflow/.local/lib/python3.12/site-packages/airflow/example_dags/example_trigger_controller_dag.py for tasks to queue
[2025-02-08T10:52:25.813+0000] {logging_mixin.py:190} INFO - [2025-02-08T10:52:25.813+0000] {dagbag.py:588} INFO - Filling up the DagBag from /home/airflow/.local/lib/python3.12/site-packages/airflow/example_dags/example_trigger_controller_dag.py
[2025-02-08T10:52:25.818+0000] {processor.py:925} INFO - DAG(s) 'example_trigger_controller_dag' retrieved from /home/airflow/.local/lib/python3.12/site-packages/airflow/example_dags/example_trigger_controller_dag.py
[2025-02-08T10:52:25.832+0000] {logging_mixin.py:190} INFO - [2025-02-08T10:52:25.832+0000] {dag.py:3239} INFO - Sync 1 DAGs
[2025-02-08T10:52:25.850+0000] {logging_mixin.py:190} INFO - [2025-02-08T10:52:25.849+0000] {dag.py:4180} INFO - Setting next_dagrun for example_trigger_controller_dag to 2021-01-01 00:00:00+00:00, run_after=2021-01-01 00:00:00+00:00
[2025-02-08T10:52:25.865+0000] {processor.py:208} INFO - Processing /home/airflow/.local/lib/python3.12/site-packages/airflow/example_dags/example_trigger_controller_dag.py took 0.059 seconds
[2025-02-08T10:52:56.054+0000] {processor.py:186} INFO - Started process (PID=1201) to work on /home/airflow/.local/lib/python3.12/site-packages/airflow/example_dags/example_trigger_controller_dag.py
[2025-02-08T10:52:56.055+0000] {processor.py:914} INFO - Processing file /home/airflow/.local/lib/python3.12/site-packages/airflow/example_dags/example_trigger_controller_dag.py for tasks to queue
[2025-02-08T10:52:56.057+0000] {logging_mixin.py:190} INFO - [2025-02-08T10:52:56.057+0000] {dagbag.py:588} INFO - Filling up the DagBag from /home/airflow/.local/lib/python3.12/site-packages/airflow/example_dags/example_trigger_controller_dag.py
[2025-02-08T10:52:56.064+0000] {processor.py:925} INFO - DAG(s) 'example_trigger_controller_dag' retrieved from /home/airflow/.local/lib/python3.12/site-packages/airflow/example_dags/example_trigger_controller_dag.py
[2025-02-08T10:52:56.081+0000] {logging_mixin.py:190} INFO - [2025-02-08T10:52:56.081+0000] {dag.py:3239} INFO - Sync 1 DAGs
[2025-02-08T10:52:56.099+0000] {logging_mixin.py:190} INFO - [2025-02-08T10:52:56.099+0000] {dag.py:4180} INFO - Setting next_dagrun for example_trigger_controller_dag to 2021-01-01 00:00:00+00:00, run_after=2021-01-01 00:00:00+00:00
[2025-02-08T10:52:56.115+0000] {processor.py:208} INFO - Processing /home/airflow/.local/lib/python3.12/site-packages/airflow/example_dags/example_trigger_controller_dag.py took 0.066 seconds
[2025-02-08T10:53:26.321+0000] {processor.py:186} INFO - Started process (PID=1487) to work on /home/airflow/.local/lib/python3.12/site-packages/airflow/example_dags/example_trigger_controller_dag.py
[2025-02-08T10:53:26.322+0000] {processor.py:914} INFO - Processing file /home/airflow/.local/lib/python3.12/site-packages/airflow/example_dags/example_trigger_controller_dag.py for tasks to queue
[2025-02-08T10:53:26.323+0000] {logging_mixin.py:190} INFO - [2025-02-08T10:53:26.323+0000] {dagbag.py:588} INFO - Filling up the DagBag from /home/airflow/.local/lib/python3.12/site-packages/airflow/example_dags/example_trigger_controller_dag.py
[2025-02-08T10:53:26.328+0000] {processor.py:925} INFO - DAG(s) 'example_trigger_controller_dag' retrieved from /home/airflow/.local/lib/python3.12/site-packages/airflow/example_dags/example_trigger_controller_dag.py
[2025-02-08T10:53:26.343+0000] {logging_mixin.py:190} INFO - [2025-02-08T10:53:26.343+0000] {dag.py:3239} INFO - Sync 1 DAGs
[2025-02-08T10:53:26.364+0000] {logging_mixin.py:190} INFO - [2025-02-08T10:53:26.364+0000] {dag.py:4180} INFO - Setting next_dagrun for example_trigger_controller_dag to 2021-01-01 00:00:00+00:00, run_after=2021-01-01 00:00:00+00:00
[2025-02-08T10:53:26.379+0000] {processor.py:208} INFO - Processing /home/airflow/.local/lib/python3.12/site-packages/airflow/example_dags/example_trigger_controller_dag.py took 0.063 seconds
[2025-02-08T10:53:56.502+0000] {processor.py:186} INFO - Started process (PID=1773) to work on /home/airflow/.local/lib/python3.12/site-packages/airflow/example_dags/example_trigger_controller_dag.py
[2025-02-08T10:53:56.503+0000] {processor.py:914} INFO - Processing file /home/airflow/.local/lib/python3.12/site-packages/airflow/example_dags/example_trigger_controller_dag.py for tasks to queue
[2025-02-08T10:53:56.505+0000] {logging_mixin.py:190} INFO - [2025-02-08T10:53:56.505+0000] {dagbag.py:588} INFO - Filling up the DagBag from /home/airflow/.local/lib/python3.12/site-packages/airflow/example_dags/example_trigger_controller_dag.py
[2025-02-08T10:53:56.511+0000] {processor.py:925} INFO - DAG(s) 'example_trigger_controller_dag' retrieved from /home/airflow/.local/lib/python3.12/site-packages/airflow/example_dags/example_trigger_controller_dag.py
[2025-02-08T10:53:56.528+0000] {logging_mixin.py:190} INFO - [2025-02-08T10:53:56.528+0000] {dag.py:3239} INFO - Sync 1 DAGs
[2025-02-08T10:53:56.548+0000] {logging_mixin.py:190} INFO - [2025-02-08T10:53:56.548+0000] {dag.py:4180} INFO - Setting next_dagrun for example_trigger_controller_dag to 2021-01-01 00:00:00+00:00, run_after=2021-01-01 00:00:00+00:00
[2025-02-08T10:53:56.566+0000] {processor.py:208} INFO - Processing /home/airflow/.local/lib/python3.12/site-packages/airflow/example_dags/example_trigger_controller_dag.py took 0.069 seconds
[2025-02-08T10:54:26.751+0000] {processor.py:186} INFO - Started process (PID=2059) to work on /home/airflow/.local/lib/python3.12/site-packages/airflow/example_dags/example_trigger_controller_dag.py
[2025-02-08T10:54:26.752+0000] {processor.py:914} INFO - Processing file /home/airflow/.local/lib/python3.12/site-packages/airflow/example_dags/example_trigger_controller_dag.py for tasks to queue
[2025-02-08T10:54:26.753+0000] {logging_mixin.py:190} INFO - [2025-02-08T10:54:26.753+0000] {dagbag.py:588} INFO - Filling up the DagBag from /home/airflow/.local/lib/python3.12/site-packages/airflow/example_dags/example_trigger_controller_dag.py
[2025-02-08T10:54:26.759+0000] {processor.py:925} INFO - DAG(s) 'example_trigger_controller_dag' retrieved from /home/airflow/.local/lib/python3.12/site-packages/airflow/example_dags/example_trigger_controller_dag.py
[2025-02-08T10:54:26.772+0000] {logging_mixin.py:190} INFO - [2025-02-08T10:54:26.772+0000] {dag.py:3239} INFO - Sync 1 DAGs
[2025-02-08T10:54:26.789+0000] {logging_mixin.py:190} INFO - [2025-02-08T10:54:26.789+0000] {dag.py:4180} INFO - Setting next_dagrun for example_trigger_controller_dag to 2021-01-01 00:00:00+00:00, run_after=2021-01-01 00:00:00+00:00
[2025-02-08T10:54:26.808+0000] {processor.py:208} INFO - Processing /home/airflow/.local/lib/python3.12/site-packages/airflow/example_dags/example_trigger_controller_dag.py took 0.064 seconds
[2025-02-08T10:54:57.054+0000] {processor.py:186} INFO - Started process (PID=2345) to work on /home/airflow/.local/lib/python3.12/site-packages/airflow/example_dags/example_trigger_controller_dag.py
[2025-02-08T10:54:57.055+0000] {processor.py:914} INFO - Processing file /home/airflow/.local/lib/python3.12/site-packages/airflow/example_dags/example_trigger_controller_dag.py for tasks to queue
[2025-02-08T10:54:57.057+0000] {logging_mixin.py:190} INFO - [2025-02-08T10:54:57.057+0000] {dagbag.py:588} INFO - Filling up the DagBag from /home/airflow/.local/lib/python3.12/site-packages/airflow/example_dags/example_trigger_controller_dag.py
[2025-02-08T10:54:57.063+0000] {processor.py:925} INFO - DAG(s) 'example_trigger_controller_dag' retrieved from /home/airflow/.local/lib/python3.12/site-packages/airflow/example_dags/example_trigger_controller_dag.py
[2025-02-08T10:54:57.080+0000] {logging_mixin.py:190} INFO - [2025-02-08T10:54:57.080+0000] {dag.py:3239} INFO - Sync 1 DAGs
[2025-02-08T10:54:57.100+0000] {logging_mixin.py:190} INFO - [2025-02-08T10:54:57.100+0000] {dag.py:4180} INFO - Setting next_dagrun for example_trigger_controller_dag to 2021-01-01 00:00:00+00:00, run_after=2021-01-01 00:00:00+00:00
[2025-02-08T10:54:57.118+0000] {processor.py:208} INFO - Processing /home/airflow/.local/lib/python3.12/site-packages/airflow/example_dags/example_trigger_controller_dag.py took 0.068 seconds
[2025-02-08T10:55:27.353+0000] {processor.py:186} INFO - Started process (PID=2631) to work on /home/airflow/.local/lib/python3.12/site-packages/airflow/example_dags/example_trigger_controller_dag.py
[2025-02-08T10:55:27.354+0000] {processor.py:914} INFO - Processing file /home/airflow/.local/lib/python3.12/site-packages/airflow/example_dags/example_trigger_controller_dag.py for tasks to queue
[2025-02-08T10:55:27.356+0000] {logging_mixin.py:190} INFO - [2025-02-08T10:55:27.356+0000] {dagbag.py:588} INFO - Filling up the DagBag from /home/airflow/.local/lib/python3.12/site-packages/airflow/example_dags/example_trigger_controller_dag.py
[2025-02-08T10:55:27.362+0000] {processor.py:925} INFO - DAG(s) 'example_trigger_controller_dag' retrieved from /home/airflow/.local/lib/python3.12/site-packages/airflow/example_dags/example_trigger_controller_dag.py
[2025-02-08T10:55:27.379+0000] {logging_mixin.py:190} INFO - [2025-02-08T10:55:27.378+0000] {dag.py:3239} INFO - Sync 1 DAGs
[2025-02-08T10:55:27.398+0000] {logging_mixin.py:190} INFO - [2025-02-08T10:55:27.398+0000] {dag.py:4180} INFO - Setting next_dagrun for example_trigger_controller_dag to 2021-01-01 00:00:00+00:00, run_after=2021-01-01 00:00:00+00:00
[2025-02-08T10:55:27.415+0000] {processor.py:208} INFO - Processing /home/airflow/.local/lib/python3.12/site-packages/airflow/example_dags/example_trigger_controller_dag.py took 0.068 seconds
[2025-02-08T10:55:57.458+0000] {processor.py:186} INFO - Started process (PID=2912) to work on /home/airflow/.local/lib/python3.12/site-packages/airflow/example_dags/example_trigger_controller_dag.py
[2025-02-08T10:55:57.458+0000] {processor.py:914} INFO - Processing file /home/airflow/.local/lib/python3.12/site-packages/airflow/example_dags/example_trigger_controller_dag.py for tasks to queue
[2025-02-08T10:55:57.460+0000] {logging_mixin.py:190} INFO - [2025-02-08T10:55:57.460+0000] {dagbag.py:588} INFO - Filling up the DagBag from /home/airflow/.local/lib/python3.12/site-packages/airflow/example_dags/example_trigger_controller_dag.py
[2025-02-08T10:55:57.465+0000] {processor.py:925} INFO - DAG(s) 'example_trigger_controller_dag' retrieved from /home/airflow/.local/lib/python3.12/site-packages/airflow/example_dags/example_trigger_controller_dag.py
[2025-02-08T10:55:57.480+0000] {logging_mixin.py:190} INFO - [2025-02-08T10:55:57.480+0000] {dag.py:3239} INFO - Sync 1 DAGs
[2025-02-08T10:55:57.499+0000] {logging_mixin.py:190} INFO - [2025-02-08T10:55:57.499+0000] {dag.py:4180} INFO - Setting next_dagrun for example_trigger_controller_dag to 2021-01-01 00:00:00+00:00, run_after=2021-01-01 00:00:00+00:00
[2025-02-08T10:55:57.515+0000] {processor.py:208} INFO - Processing /home/airflow/.local/lib/python3.12/site-packages/airflow/example_dags/example_trigger_controller_dag.py took 0.062 seconds
[2025-02-08T10:56:27.775+0000] {processor.py:186} INFO - Started process (PID=3198) to work on /home/airflow/.local/lib/python3.12/site-packages/airflow/example_dags/example_trigger_controller_dag.py
[2025-02-08T10:56:27.776+0000] {processor.py:914} INFO - Processing file /home/airflow/.local/lib/python3.12/site-packages/airflow/example_dags/example_trigger_controller_dag.py for tasks to queue
[2025-02-08T10:56:27.778+0000] {logging_mixin.py:190} INFO - [2025-02-08T10:56:27.778+0000] {dagbag.py:588} INFO - Filling up the DagBag from /home/airflow/.local/lib/python3.12/site-packages/airflow/example_dags/example_trigger_controller_dag.py
[2025-02-08T10:56:27.784+0000] {processor.py:925} INFO - DAG(s) 'example_trigger_controller_dag' retrieved from /home/airflow/.local/lib/python3.12/site-packages/airflow/example_dags/example_trigger_controller_dag.py
[2025-02-08T10:56:27.799+0000] {logging_mixin.py:190} INFO - [2025-02-08T10:56:27.799+0000] {dag.py:3239} INFO - Sync 1 DAGs
[2025-02-08T10:56:27.817+0000] {logging_mixin.py:190} INFO - [2025-02-08T10:56:27.817+0000] {dag.py:4180} INFO - Setting next_dagrun for example_trigger_controller_dag to 2021-01-01 00:00:00+00:00, run_after=2021-01-01 00:00:00+00:00
[2025-02-08T10:56:27.833+0000] {processor.py:208} INFO - Processing /home/airflow/.local/lib/python3.12/site-packages/airflow/example_dags/example_trigger_controller_dag.py took 0.063 seconds
[2025-02-08T10:56:57.961+0000] {processor.py:186} INFO - Started process (PID=3484) to work on /home/airflow/.local/lib/python3.12/site-packages/airflow/example_dags/example_trigger_controller_dag.py
[2025-02-08T10:56:57.962+0000] {processor.py:914} INFO - Processing file /home/airflow/.local/lib/python3.12/site-packages/airflow/example_dags/example_trigger_controller_dag.py for tasks to queue
[2025-02-08T10:56:57.963+0000] {logging_mixin.py:190} INFO - [2025-02-08T10:56:57.963+0000] {dagbag.py:588} INFO - Filling up the DagBag from /home/airflow/.local/lib/python3.12/site-packages/airflow/example_dags/example_trigger_controller_dag.py
[2025-02-08T10:56:57.970+0000] {processor.py:925} INFO - DAG(s) 'example_trigger_controller_dag' retrieved from /home/airflow/.local/lib/python3.12/site-packages/airflow/example_dags/example_trigger_controller_dag.py
[2025-02-08T10:56:57.984+0000] {logging_mixin.py:190} INFO - [2025-02-08T10:56:57.984+0000] {dag.py:3239} INFO - Sync 1 DAGs
[2025-02-08T10:56:58.001+0000] {logging_mixin.py:190} INFO - [2025-02-08T10:56:58.001+0000] {dag.py:4180} INFO - Setting next_dagrun for example_trigger_controller_dag to 2021-01-01 00:00:00+00:00, run_after=2021-01-01 00:00:00+00:00
[2025-02-08T10:56:58.016+0000] {processor.py:208} INFO - Processing /home/airflow/.local/lib/python3.12/site-packages/airflow/example_dags/example_trigger_controller_dag.py took 0.060 seconds
[2025-02-08T10:57:28.451+0000] {processor.py:186} INFO - Started process (PID=3775) to work on /home/airflow/.local/lib/python3.12/site-packages/airflow/example_dags/example_trigger_controller_dag.py
[2025-02-08T10:57:28.452+0000] {processor.py:914} INFO - Processing file /home/airflow/.local/lib/python3.12/site-packages/airflow/example_dags/example_trigger_controller_dag.py for tasks to queue
[2025-02-08T10:57:28.454+0000] {logging_mixin.py:190} INFO - [2025-02-08T10:57:28.454+0000] {dagbag.py:588} INFO - Filling up the DagBag from /home/airflow/.local/lib/python3.12/site-packages/airflow/example_dags/example_trigger_controller_dag.py
[2025-02-08T10:57:28.460+0000] {processor.py:925} INFO - DAG(s) 'example_trigger_controller_dag' retrieved from /home/airflow/.local/lib/python3.12/site-packages/airflow/example_dags/example_trigger_controller_dag.py
[2025-02-08T10:57:28.478+0000] {logging_mixin.py:190} INFO - [2025-02-08T10:57:28.477+0000] {dag.py:3239} INFO - Sync 1 DAGs
[2025-02-08T10:57:28.499+0000] {logging_mixin.py:190} INFO - [2025-02-08T10:57:28.499+0000] {dag.py:4180} INFO - Setting next_dagrun for example_trigger_controller_dag to 2021-01-01 00:00:00+00:00, run_after=2021-01-01 00:00:00+00:00
[2025-02-08T10:57:28.518+0000] {processor.py:208} INFO - Processing /home/airflow/.local/lib/python3.12/site-packages/airflow/example_dags/example_trigger_controller_dag.py took 0.072 seconds
[2025-02-08T10:57:58.740+0000] {processor.py:186} INFO - Started process (PID=4061) to work on /home/airflow/.local/lib/python3.12/site-packages/airflow/example_dags/example_trigger_controller_dag.py
[2025-02-08T10:57:58.741+0000] {processor.py:914} INFO - Processing file /home/airflow/.local/lib/python3.12/site-packages/airflow/example_dags/example_trigger_controller_dag.py for tasks to queue
[2025-02-08T10:57:58.743+0000] {logging_mixin.py:190} INFO - [2025-02-08T10:57:58.742+0000] {dagbag.py:588} INFO - Filling up the DagBag from /home/airflow/.local/lib/python3.12/site-packages/airflow/example_dags/example_trigger_controller_dag.py
[2025-02-08T10:57:58.747+0000] {processor.py:925} INFO - DAG(s) 'example_trigger_controller_dag' retrieved from /home/airflow/.local/lib/python3.12/site-packages/airflow/example_dags/example_trigger_controller_dag.py
[2025-02-08T10:57:58.761+0000] {logging_mixin.py:190} INFO - [2025-02-08T10:57:58.761+0000] {dag.py:3239} INFO - Sync 1 DAGs
[2025-02-08T10:57:58.776+0000] {logging_mixin.py:190} INFO - [2025-02-08T10:57:58.776+0000] {dag.py:4180} INFO - Setting next_dagrun for example_trigger_controller_dag to 2021-01-01 00:00:00+00:00, run_after=2021-01-01 00:00:00+00:00
[2025-02-08T10:57:58.791+0000] {processor.py:208} INFO - Processing /home/airflow/.local/lib/python3.12/site-packages/airflow/example_dags/example_trigger_controller_dag.py took 0.057 seconds
[2025-02-08T10:58:29.225+0000] {processor.py:186} INFO - Started process (PID=4359) to work on /home/airflow/.local/lib/python3.12/site-packages/airflow/example_dags/example_trigger_controller_dag.py
[2025-02-08T10:58:29.225+0000] {processor.py:914} INFO - Processing file /home/airflow/.local/lib/python3.12/site-packages/airflow/example_dags/example_trigger_controller_dag.py for tasks to queue
[2025-02-08T10:58:29.228+0000] {logging_mixin.py:190} INFO - [2025-02-08T10:58:29.227+0000] {dagbag.py:588} INFO - Filling up the DagBag from /home/airflow/.local/lib/python3.12/site-packages/airflow/example_dags/example_trigger_controller_dag.py
[2025-02-08T10:58:29.233+0000] {processor.py:925} INFO - DAG(s) 'example_trigger_controller_dag' retrieved from /home/airflow/.local/lib/python3.12/site-packages/airflow/example_dags/example_trigger_controller_dag.py
[2025-02-08T10:58:29.249+0000] {logging_mixin.py:190} INFO - [2025-02-08T10:58:29.249+0000] {dag.py:3239} INFO - Sync 1 DAGs
[2025-02-08T10:58:29.269+0000] {logging_mixin.py:190} INFO - [2025-02-08T10:58:29.269+0000] {dag.py:4180} INFO - Setting next_dagrun for example_trigger_controller_dag to 2021-01-01 00:00:00+00:00, run_after=2021-01-01 00:00:00+00:00
[2025-02-08T10:58:29.287+0000] {processor.py:208} INFO - Processing /home/airflow/.local/lib/python3.12/site-packages/airflow/example_dags/example_trigger_controller_dag.py took 0.067 seconds
[2025-02-08T10:58:59.337+0000] {processor.py:186} INFO - Started process (PID=4832) to work on /home/airflow/.local/lib/python3.12/site-packages/airflow/example_dags/example_trigger_controller_dag.py
[2025-02-08T10:58:59.338+0000] {processor.py:914} INFO - Processing file /home/airflow/.local/lib/python3.12/site-packages/airflow/example_dags/example_trigger_controller_dag.py for tasks to queue
[2025-02-08T10:58:59.339+0000] {logging_mixin.py:190} INFO - [2025-02-08T10:58:59.339+0000] {dagbag.py:588} INFO - Filling up the DagBag from /home/airflow/.local/lib/python3.12/site-packages/airflow/example_dags/example_trigger_controller_dag.py
[2025-02-08T10:58:59.345+0000] {processor.py:925} INFO - DAG(s) 'example_trigger_controller_dag' retrieved from /home/airflow/.local/lib/python3.12/site-packages/airflow/example_dags/example_trigger_controller_dag.py
[2025-02-08T10:58:59.360+0000] {logging_mixin.py:190} INFO - [2025-02-08T10:58:59.360+0000] {dag.py:3239} INFO - Sync 1 DAGs
[2025-02-08T10:58:59.376+0000] {logging_mixin.py:190} INFO - [2025-02-08T10:58:59.376+0000] {dag.py:4180} INFO - Setting next_dagrun for example_trigger_controller_dag to 2021-01-01 00:00:00+00:00, run_after=2021-01-01 00:00:00+00:00
[2025-02-08T10:58:59.391+0000] {processor.py:208} INFO - Processing /home/airflow/.local/lib/python3.12/site-packages/airflow/example_dags/example_trigger_controller_dag.py took 0.060 seconds
[2025-02-08T11:01:59.645+0000] {processor.py:186} INFO - Started process (PID=343) to work on /home/airflow/.local/lib/python3.12/site-packages/airflow/example_dags/example_trigger_controller_dag.py
[2025-02-08T11:01:59.646+0000] {processor.py:914} INFO - Processing file /home/airflow/.local/lib/python3.12/site-packages/airflow/example_dags/example_trigger_controller_dag.py for tasks to queue
[2025-02-08T11:01:59.647+0000] {logging_mixin.py:190} INFO - [2025-02-08T11:01:59.647+0000] {dagbag.py:588} INFO - Filling up the DagBag from /home/airflow/.local/lib/python3.12/site-packages/airflow/example_dags/example_trigger_controller_dag.py
[2025-02-08T11:01:59.653+0000] {processor.py:925} INFO - DAG(s) 'example_trigger_controller_dag' retrieved from /home/airflow/.local/lib/python3.12/site-packages/airflow/example_dags/example_trigger_controller_dag.py
[2025-02-08T11:01:59.735+0000] {logging_mixin.py:190} INFO - [2025-02-08T11:01:59.734+0000] {override.py:1900} INFO - Created Permission View: can read on DAG:example_trigger_controller_dag
[2025-02-08T11:01:59.742+0000] {logging_mixin.py:190} INFO - [2025-02-08T11:01:59.742+0000] {override.py:1900} INFO - Created Permission View: can delete on DAG:example_trigger_controller_dag
[2025-02-08T11:01:59.747+0000] {logging_mixin.py:190} INFO - [2025-02-08T11:01:59.747+0000] {override.py:1900} INFO - Created Permission View: can edit on DAG:example_trigger_controller_dag
[2025-02-08T11:01:59.754+0000] {logging_mixin.py:190} INFO - [2025-02-08T11:01:59.753+0000] {override.py:1900} INFO - Created Permission View: menu access on DAG Run:example_trigger_controller_dag
[2025-02-08T11:01:59.759+0000] {logging_mixin.py:190} INFO - [2025-02-08T11:01:59.759+0000] {override.py:1900} INFO - Created Permission View: can read on DAG Run:example_trigger_controller_dag
[2025-02-08T11:01:59.765+0000] {logging_mixin.py:190} INFO - [2025-02-08T11:01:59.765+0000] {override.py:1900} INFO - Created Permission View: can create on DAG Run:example_trigger_controller_dag
[2025-02-08T11:01:59.770+0000] {logging_mixin.py:190} INFO - [2025-02-08T11:01:59.770+0000] {override.py:1900} INFO - Created Permission View: can delete on DAG Run:example_trigger_controller_dag
[2025-02-08T11:01:59.771+0000] {logging_mixin.py:190} INFO - [2025-02-08T11:01:59.771+0000] {dag.py:3239} INFO - Sync 1 DAGs
[2025-02-08T11:01:59.782+0000] {logging_mixin.py:190} INFO - [2025-02-08T11:01:59.782+0000] {dag.py:3262} INFO - Creating ORM DAG for example_trigger_controller_dag
[2025-02-08T11:01:59.790+0000] {logging_mixin.py:190} INFO - [2025-02-08T11:01:59.790+0000] {dag.py:4180} INFO - Setting next_dagrun for example_trigger_controller_dag to 2021-01-01 00:00:00+00:00, run_after=2021-01-01 00:00:00+00:00
[2025-02-08T11:01:59.804+0000] {processor.py:208} INFO - Processing /home/airflow/.local/lib/python3.12/site-packages/airflow/example_dags/example_trigger_controller_dag.py took 0.163 seconds
[2025-02-08T11:02:30.982+0000] {processor.py:186} INFO - Started process (PID=631) to work on /home/airflow/.local/lib/python3.12/site-packages/airflow/example_dags/example_trigger_controller_dag.py
[2025-02-08T11:02:30.983+0000] {processor.py:914} INFO - Processing file /home/airflow/.local/lib/python3.12/site-packages/airflow/example_dags/example_trigger_controller_dag.py for tasks to queue
[2025-02-08T11:02:30.985+0000] {logging_mixin.py:190} INFO - [2025-02-08T11:02:30.985+0000] {dagbag.py:588} INFO - Filling up the DagBag from /home/airflow/.local/lib/python3.12/site-packages/airflow/example_dags/example_trigger_controller_dag.py
[2025-02-08T11:02:30.991+0000] {processor.py:925} INFO - DAG(s) 'example_trigger_controller_dag' retrieved from /home/airflow/.local/lib/python3.12/site-packages/airflow/example_dags/example_trigger_controller_dag.py
[2025-02-08T11:02:31.006+0000] {logging_mixin.py:190} INFO - [2025-02-08T11:02:31.006+0000] {dag.py:3239} INFO - Sync 1 DAGs
[2025-02-08T11:02:31.022+0000] {logging_mixin.py:190} INFO - [2025-02-08T11:02:31.022+0000] {dag.py:4180} INFO - Setting next_dagrun for example_trigger_controller_dag to 2021-01-01 00:00:00+00:00, run_after=2021-01-01 00:00:00+00:00
[2025-02-08T11:02:31.052+0000] {processor.py:208} INFO - Processing /home/airflow/.local/lib/python3.12/site-packages/airflow/example_dags/example_trigger_controller_dag.py took 0.075 seconds
[2025-02-08T11:03:39.000+0000] {processor.py:186} INFO - Started process (PID=343) to work on /home/airflow/.local/lib/python3.12/site-packages/airflow/example_dags/example_trigger_controller_dag.py
[2025-02-08T11:03:39.001+0000] {processor.py:914} INFO - Processing file /home/airflow/.local/lib/python3.12/site-packages/airflow/example_dags/example_trigger_controller_dag.py for tasks to queue
[2025-02-08T11:03:39.003+0000] {logging_mixin.py:190} INFO - [2025-02-08T11:03:39.003+0000] {dagbag.py:588} INFO - Filling up the DagBag from /home/airflow/.local/lib/python3.12/site-packages/airflow/example_dags/example_trigger_controller_dag.py
[2025-02-08T11:03:39.009+0000] {processor.py:925} INFO - DAG(s) 'example_trigger_controller_dag' retrieved from /home/airflow/.local/lib/python3.12/site-packages/airflow/example_dags/example_trigger_controller_dag.py
[2025-02-08T11:03:39.026+0000] {logging_mixin.py:190} INFO - [2025-02-08T11:03:39.026+0000] {dag.py:3239} INFO - Sync 1 DAGs
[2025-02-08T11:03:39.046+0000] {logging_mixin.py:190} INFO - [2025-02-08T11:03:39.046+0000] {dag.py:4180} INFO - Setting next_dagrun for example_trigger_controller_dag to 2021-01-01 00:00:00+00:00, run_after=2021-01-01 00:00:00+00:00
[2025-02-08T11:03:39.062+0000] {processor.py:208} INFO - Processing /home/airflow/.local/lib/python3.12/site-packages/airflow/example_dags/example_trigger_controller_dag.py took 0.068 seconds
[2025-02-08T11:04:09.388+0000] {processor.py:186} INFO - Started process (PID=629) to work on /home/airflow/.local/lib/python3.12/site-packages/airflow/example_dags/example_trigger_controller_dag.py
[2025-02-08T11:04:09.389+0000] {processor.py:914} INFO - Processing file /home/airflow/.local/lib/python3.12/site-packages/airflow/example_dags/example_trigger_controller_dag.py for tasks to queue
[2025-02-08T11:04:09.391+0000] {logging_mixin.py:190} INFO - [2025-02-08T11:04:09.390+0000] {dagbag.py:588} INFO - Filling up the DagBag from /home/airflow/.local/lib/python3.12/site-packages/airflow/example_dags/example_trigger_controller_dag.py
[2025-02-08T11:04:09.396+0000] {processor.py:925} INFO - DAG(s) 'example_trigger_controller_dag' retrieved from /home/airflow/.local/lib/python3.12/site-packages/airflow/example_dags/example_trigger_controller_dag.py
[2025-02-08T11:04:09.412+0000] {logging_mixin.py:190} INFO - [2025-02-08T11:04:09.412+0000] {dag.py:3239} INFO - Sync 1 DAGs
[2025-02-08T11:04:09.431+0000] {logging_mixin.py:190} INFO - [2025-02-08T11:04:09.430+0000] {dag.py:4180} INFO - Setting next_dagrun for example_trigger_controller_dag to 2021-01-01 00:00:00+00:00, run_after=2021-01-01 00:00:00+00:00
[2025-02-08T11:04:09.444+0000] {processor.py:208} INFO - Processing /home/airflow/.local/lib/python3.12/site-packages/airflow/example_dags/example_trigger_controller_dag.py took 0.061 seconds
[2025-02-08T11:04:39.566+0000] {processor.py:186} INFO - Started process (PID=915) to work on /home/airflow/.local/lib/python3.12/site-packages/airflow/example_dags/example_trigger_controller_dag.py
[2025-02-08T11:04:39.567+0000] {processor.py:914} INFO - Processing file /home/airflow/.local/lib/python3.12/site-packages/airflow/example_dags/example_trigger_controller_dag.py for tasks to queue
[2025-02-08T11:04:39.569+0000] {logging_mixin.py:190} INFO - [2025-02-08T11:04:39.569+0000] {dagbag.py:588} INFO - Filling up the DagBag from /home/airflow/.local/lib/python3.12/site-packages/airflow/example_dags/example_trigger_controller_dag.py
[2025-02-08T11:04:39.575+0000] {processor.py:925} INFO - DAG(s) 'example_trigger_controller_dag' retrieved from /home/airflow/.local/lib/python3.12/site-packages/airflow/example_dags/example_trigger_controller_dag.py
[2025-02-08T11:04:39.590+0000] {logging_mixin.py:190} INFO - [2025-02-08T11:04:39.589+0000] {dag.py:3239} INFO - Sync 1 DAGs
[2025-02-08T11:04:39.607+0000] {logging_mixin.py:190} INFO - [2025-02-08T11:04:39.607+0000] {dag.py:4180} INFO - Setting next_dagrun for example_trigger_controller_dag to 2021-01-01 00:00:00+00:00, run_after=2021-01-01 00:00:00+00:00
[2025-02-08T11:04:39.623+0000] {processor.py:208} INFO - Processing /home/airflow/.local/lib/python3.12/site-packages/airflow/example_dags/example_trigger_controller_dag.py took 0.062 seconds
[2025-02-08T11:33:20.329+0000] {processor.py:186} INFO - Started process (PID=343) to work on /home/airflow/.local/lib/python3.12/site-packages/airflow/example_dags/example_trigger_controller_dag.py
[2025-02-08T11:33:20.330+0000] {processor.py:914} INFO - Processing file /home/airflow/.local/lib/python3.12/site-packages/airflow/example_dags/example_trigger_controller_dag.py for tasks to queue
[2025-02-08T11:33:20.332+0000] {logging_mixin.py:190} INFO - [2025-02-08T11:33:20.332+0000] {dagbag.py:588} INFO - Filling up the DagBag from /home/airflow/.local/lib/python3.12/site-packages/airflow/example_dags/example_trigger_controller_dag.py
[2025-02-08T11:33:20.338+0000] {processor.py:925} INFO - DAG(s) 'example_trigger_controller_dag' retrieved from /home/airflow/.local/lib/python3.12/site-packages/airflow/example_dags/example_trigger_controller_dag.py
[2025-02-08T11:33:20.417+0000] {logging_mixin.py:190} INFO - [2025-02-08T11:33:20.416+0000] {override.py:1900} INFO - Created Permission View: can edit on DAG:example_trigger_controller_dag
[2025-02-08T11:33:20.426+0000] {logging_mixin.py:190} INFO - [2025-02-08T11:33:20.426+0000] {override.py:1900} INFO - Created Permission View: can delete on DAG:example_trigger_controller_dag
[2025-02-08T11:33:20.431+0000] {logging_mixin.py:190} INFO - [2025-02-08T11:33:20.431+0000] {override.py:1900} INFO - Created Permission View: can read on DAG:example_trigger_controller_dag
[2025-02-08T11:33:20.437+0000] {logging_mixin.py:190} INFO - [2025-02-08T11:33:20.437+0000] {override.py:1900} INFO - Created Permission View: menu access on DAG Run:example_trigger_controller_dag
[2025-02-08T11:33:20.443+0000] {logging_mixin.py:190} INFO - [2025-02-08T11:33:20.443+0000] {override.py:1900} INFO - Created Permission View: can create on DAG Run:example_trigger_controller_dag
[2025-02-08T11:33:20.450+0000] {logging_mixin.py:190} INFO - [2025-02-08T11:33:20.450+0000] {override.py:1900} INFO - Created Permission View: can delete on DAG Run:example_trigger_controller_dag
[2025-02-08T11:33:20.456+0000] {logging_mixin.py:190} INFO - [2025-02-08T11:33:20.456+0000] {override.py:1900} INFO - Created Permission View: can read on DAG Run:example_trigger_controller_dag
[2025-02-08T11:33:20.457+0000] {logging_mixin.py:190} INFO - [2025-02-08T11:33:20.456+0000] {dag.py:3239} INFO - Sync 1 DAGs
[2025-02-08T11:33:20.469+0000] {logging_mixin.py:190} INFO - [2025-02-08T11:33:20.469+0000] {dag.py:3262} INFO - Creating ORM DAG for example_trigger_controller_dag
[2025-02-08T11:33:20.476+0000] {logging_mixin.py:190} INFO - [2025-02-08T11:33:20.476+0000] {dag.py:4180} INFO - Setting next_dagrun for example_trigger_controller_dag to 2021-01-01 00:00:00+00:00, run_after=2021-01-01 00:00:00+00:00
[2025-02-08T11:33:20.489+0000] {processor.py:208} INFO - Processing /home/airflow/.local/lib/python3.12/site-packages/airflow/example_dags/example_trigger_controller_dag.py took 0.164 seconds
[2025-02-08T11:33:50.568+0000] {processor.py:186} INFO - Started process (PID=626) to work on /home/airflow/.local/lib/python3.12/site-packages/airflow/example_dags/example_trigger_controller_dag.py
[2025-02-08T11:33:50.569+0000] {processor.py:914} INFO - Processing file /home/airflow/.local/lib/python3.12/site-packages/airflow/example_dags/example_trigger_controller_dag.py for tasks to queue
[2025-02-08T11:33:50.571+0000] {logging_mixin.py:190} INFO - [2025-02-08T11:33:50.571+0000] {dagbag.py:588} INFO - Filling up the DagBag from /home/airflow/.local/lib/python3.12/site-packages/airflow/example_dags/example_trigger_controller_dag.py
[2025-02-08T11:33:50.576+0000] {processor.py:925} INFO - DAG(s) 'example_trigger_controller_dag' retrieved from /home/airflow/.local/lib/python3.12/site-packages/airflow/example_dags/example_trigger_controller_dag.py
[2025-02-08T11:33:50.591+0000] {logging_mixin.py:190} INFO - [2025-02-08T11:33:50.591+0000] {dag.py:3239} INFO - Sync 1 DAGs
[2025-02-08T11:33:50.609+0000] {logging_mixin.py:190} INFO - [2025-02-08T11:33:50.609+0000] {dag.py:4180} INFO - Setting next_dagrun for example_trigger_controller_dag to 2021-01-01 00:00:00+00:00, run_after=2021-01-01 00:00:00+00:00
[2025-02-08T11:33:50.628+0000] {processor.py:208} INFO - Processing /home/airflow/.local/lib/python3.12/site-packages/airflow/example_dags/example_trigger_controller_dag.py took 0.065 seconds
[2025-02-08T11:34:20.773+0000] {processor.py:186} INFO - Started process (PID=910) to work on /home/airflow/.local/lib/python3.12/site-packages/airflow/example_dags/example_trigger_controller_dag.py
[2025-02-08T11:34:20.774+0000] {processor.py:914} INFO - Processing file /home/airflow/.local/lib/python3.12/site-packages/airflow/example_dags/example_trigger_controller_dag.py for tasks to queue
[2025-02-08T11:34:20.776+0000] {logging_mixin.py:190} INFO - [2025-02-08T11:34:20.775+0000] {dagbag.py:588} INFO - Filling up the DagBag from /home/airflow/.local/lib/python3.12/site-packages/airflow/example_dags/example_trigger_controller_dag.py
[2025-02-08T11:34:20.780+0000] {processor.py:925} INFO - DAG(s) 'example_trigger_controller_dag' retrieved from /home/airflow/.local/lib/python3.12/site-packages/airflow/example_dags/example_trigger_controller_dag.py
[2025-02-08T11:34:20.794+0000] {logging_mixin.py:190} INFO - [2025-02-08T11:34:20.794+0000] {dag.py:3239} INFO - Sync 1 DAGs
[2025-02-08T11:34:20.810+0000] {logging_mixin.py:190} INFO - [2025-02-08T11:34:20.809+0000] {dag.py:4180} INFO - Setting next_dagrun for example_trigger_controller_dag to 2021-01-01 00:00:00+00:00, run_after=2021-01-01 00:00:00+00:00
[2025-02-08T11:34:20.825+0000] {processor.py:208} INFO - Processing /home/airflow/.local/lib/python3.12/site-packages/airflow/example_dags/example_trigger_controller_dag.py took 0.057 seconds
[2025-02-08T11:34:51.182+0000] {processor.py:186} INFO - Started process (PID=1201) to work on /home/airflow/.local/lib/python3.12/site-packages/airflow/example_dags/example_trigger_controller_dag.py
[2025-02-08T11:34:51.183+0000] {processor.py:914} INFO - Processing file /home/airflow/.local/lib/python3.12/site-packages/airflow/example_dags/example_trigger_controller_dag.py for tasks to queue
[2025-02-08T11:34:51.184+0000] {logging_mixin.py:190} INFO - [2025-02-08T11:34:51.184+0000] {dagbag.py:588} INFO - Filling up the DagBag from /home/airflow/.local/lib/python3.12/site-packages/airflow/example_dags/example_trigger_controller_dag.py
[2025-02-08T11:34:51.189+0000] {processor.py:925} INFO - DAG(s) 'example_trigger_controller_dag' retrieved from /home/airflow/.local/lib/python3.12/site-packages/airflow/example_dags/example_trigger_controller_dag.py
[2025-02-08T11:34:51.203+0000] {logging_mixin.py:190} INFO - [2025-02-08T11:34:51.203+0000] {dag.py:3239} INFO - Sync 1 DAGs
[2025-02-08T11:34:51.222+0000] {logging_mixin.py:190} INFO - [2025-02-08T11:34:51.221+0000] {dag.py:4180} INFO - Setting next_dagrun for example_trigger_controller_dag to 2021-01-01 00:00:00+00:00, run_after=2021-01-01 00:00:00+00:00
[2025-02-08T11:34:51.237+0000] {processor.py:208} INFO - Processing /home/airflow/.local/lib/python3.12/site-packages/airflow/example_dags/example_trigger_controller_dag.py took 0.059 seconds
