[2025-02-08T10:51:22.458+0000] {processor.py:186} INFO - Started process (PID=268) to work on /home/airflow/.local/lib/python3.12/site-packages/airflow/example_dags/example_xcomargs.py
[2025-02-08T10:51:22.459+0000] {processor.py:914} INFO - Processing file /home/airflow/.local/lib/python3.12/site-packages/airflow/example_dags/example_xcomargs.py for tasks to queue
[2025-02-08T10:51:22.460+0000] {logging_mixin.py:190} INFO - [2025-02-08T10:51:22.460+0000] {dagbag.py:588} INFO - Filling up the DagBag from /home/airflow/.local/lib/python3.12/site-packages/airflow/example_dags/example_xcomargs.py
[2025-02-08T10:51:22.470+0000] {processor.py:925} INFO - DAG(s) 'example_xcom_args_with_operators', 'example_xcom_args' retrieved from /home/airflow/.local/lib/python3.12/site-packages/airflow/example_dags/example_xcomargs.py
[2025-02-08T10:51:22.561+0000] {logging_mixin.py:190} INFO - [2025-02-08T10:51:22.561+0000] {override.py:1900} INFO - Created Permission View: can delete on DAG:example_xcom_args_with_operators
[2025-02-08T10:51:22.569+0000] {logging_mixin.py:190} INFO - [2025-02-08T10:51:22.569+0000] {override.py:1900} INFO - Created Permission View: can read on DAG:example_xcom_args_with_operators
[2025-02-08T10:51:22.575+0000] {logging_mixin.py:190} INFO - [2025-02-08T10:51:22.575+0000] {override.py:1900} INFO - Created Permission View: can edit on DAG:example_xcom_args_with_operators
[2025-02-08T10:51:22.582+0000] {logging_mixin.py:190} INFO - [2025-02-08T10:51:22.582+0000] {override.py:1900} INFO - Created Permission View: can delete on DAG Run:example_xcom_args_with_operators
[2025-02-08T10:51:22.588+0000] {logging_mixin.py:190} INFO - [2025-02-08T10:51:22.587+0000] {override.py:1900} INFO - Created Permission View: can read on DAG Run:example_xcom_args_with_operators
[2025-02-08T10:51:22.594+0000] {logging_mixin.py:190} INFO - [2025-02-08T10:51:22.594+0000] {override.py:1900} INFO - Created Permission View: menu access on DAG Run:example_xcom_args_with_operators
[2025-02-08T10:51:22.601+0000] {logging_mixin.py:190} INFO - [2025-02-08T10:51:22.601+0000] {override.py:1900} INFO - Created Permission View: can create on DAG Run:example_xcom_args_with_operators
[2025-02-08T10:51:22.616+0000] {logging_mixin.py:190} INFO - [2025-02-08T10:51:22.616+0000] {override.py:1900} INFO - Created Permission View: can delete on DAG:example_xcom_args
[2025-02-08T10:51:22.623+0000] {logging_mixin.py:190} INFO - [2025-02-08T10:51:22.623+0000] {override.py:1900} INFO - Created Permission View: can read on DAG:example_xcom_args
[2025-02-08T10:51:22.632+0000] {logging_mixin.py:190} INFO - [2025-02-08T10:51:22.631+0000] {override.py:1900} INFO - Created Permission View: can edit on DAG:example_xcom_args
[2025-02-08T10:51:22.643+0000] {logging_mixin.py:190} INFO - [2025-02-08T10:51:22.642+0000] {override.py:1900} INFO - Created Permission View: can delete on DAG Run:example_xcom_args
[2025-02-08T10:51:22.650+0000] {logging_mixin.py:190} INFO - [2025-02-08T10:51:22.649+0000] {override.py:1900} INFO - Created Permission View: can read on DAG Run:example_xcom_args
[2025-02-08T10:51:22.659+0000] {logging_mixin.py:190} INFO - [2025-02-08T10:51:22.659+0000] {override.py:1900} INFO - Created Permission View: menu access on DAG Run:example_xcom_args
[2025-02-08T10:51:22.667+0000] {logging_mixin.py:190} INFO - [2025-02-08T10:51:22.666+0000] {override.py:1900} INFO - Created Permission View: can create on DAG Run:example_xcom_args
[2025-02-08T10:51:22.667+0000] {logging_mixin.py:190} INFO - [2025-02-08T10:51:22.667+0000] {dag.py:3239} INFO - Sync 2 DAGs
[2025-02-08T10:51:22.683+0000] {logging_mixin.py:190} INFO - [2025-02-08T10:51:22.683+0000] {dag.py:3262} INFO - Creating ORM DAG for example_xcom_args_with_operators
[2025-02-08T10:51:22.684+0000] {logging_mixin.py:190} INFO - [2025-02-08T10:51:22.684+0000] {dag.py:3262} INFO - Creating ORM DAG for example_xcom_args
[2025-02-08T10:51:22.685+0000] {logging_mixin.py:190} INFO - [2025-02-08T10:51:22.684+0000] {dag.py:4180} INFO - Setting next_dagrun for example_xcom_args to None, run_after=None
[2025-02-08T10:51:22.685+0000] {logging_mixin.py:190} INFO - [2025-02-08T10:51:22.685+0000] {dag.py:4180} INFO - Setting next_dagrun for example_xcom_args_with_operators to None, run_after=None
[2025-02-08T10:51:22.704+0000] {processor.py:208} INFO - Processing /home/airflow/.local/lib/python3.12/site-packages/airflow/example_dags/example_xcomargs.py took 0.252 seconds
[2025-02-08T10:51:53.683+0000] {processor.py:186} INFO - Started process (PID=556) to work on /home/airflow/.local/lib/python3.12/site-packages/airflow/example_dags/example_xcomargs.py
[2025-02-08T10:51:53.684+0000] {processor.py:914} INFO - Processing file /home/airflow/.local/lib/python3.12/site-packages/airflow/example_dags/example_xcomargs.py for tasks to queue
[2025-02-08T10:51:53.686+0000] {logging_mixin.py:190} INFO - [2025-02-08T10:51:53.686+0000] {dagbag.py:588} INFO - Filling up the DagBag from /home/airflow/.local/lib/python3.12/site-packages/airflow/example_dags/example_xcomargs.py
[2025-02-08T10:51:53.695+0000] {processor.py:925} INFO - DAG(s) 'example_xcom_args_with_operators', 'example_xcom_args' retrieved from /home/airflow/.local/lib/python3.12/site-packages/airflow/example_dags/example_xcomargs.py
[2025-02-08T10:51:53.714+0000] {logging_mixin.py:190} INFO - [2025-02-08T10:51:53.714+0000] {dag.py:3239} INFO - Sync 2 DAGs
[2025-02-08T10:51:53.725+0000] {logging_mixin.py:190} INFO - [2025-02-08T10:51:53.724+0000] {dag.py:4180} INFO - Setting next_dagrun for example_xcom_args to None, run_after=None
[2025-02-08T10:51:53.728+0000] {logging_mixin.py:190} INFO - [2025-02-08T10:51:53.728+0000] {dag.py:4180} INFO - Setting next_dagrun for example_xcom_args_with_operators to None, run_after=None
[2025-02-08T10:51:53.745+0000] {processor.py:208} INFO - Processing /home/airflow/.local/lib/python3.12/site-packages/airflow/example_dags/example_xcomargs.py took 0.067 seconds
[2025-02-08T10:52:23.898+0000] {processor.py:186} INFO - Started process (PID=842) to work on /home/airflow/.local/lib/python3.12/site-packages/airflow/example_dags/example_xcomargs.py
[2025-02-08T10:52:23.899+0000] {processor.py:914} INFO - Processing file /home/airflow/.local/lib/python3.12/site-packages/airflow/example_dags/example_xcomargs.py for tasks to queue
[2025-02-08T10:52:23.901+0000] {logging_mixin.py:190} INFO - [2025-02-08T10:52:23.901+0000] {dagbag.py:588} INFO - Filling up the DagBag from /home/airflow/.local/lib/python3.12/site-packages/airflow/example_dags/example_xcomargs.py
[2025-02-08T10:52:23.909+0000] {processor.py:925} INFO - DAG(s) 'example_xcom_args', 'example_xcom_args_with_operators' retrieved from /home/airflow/.local/lib/python3.12/site-packages/airflow/example_dags/example_xcomargs.py
[2025-02-08T10:52:23.926+0000] {logging_mixin.py:190} INFO - [2025-02-08T10:52:23.926+0000] {dag.py:3239} INFO - Sync 2 DAGs
[2025-02-08T10:52:23.937+0000] {logging_mixin.py:190} INFO - [2025-02-08T10:52:23.937+0000] {dag.py:4180} INFO - Setting next_dagrun for example_xcom_args to None, run_after=None
[2025-02-08T10:52:23.940+0000] {logging_mixin.py:190} INFO - [2025-02-08T10:52:23.940+0000] {dag.py:4180} INFO - Setting next_dagrun for example_xcom_args_with_operators to None, run_after=None
[2025-02-08T10:52:23.955+0000] {processor.py:208} INFO - Processing /home/airflow/.local/lib/python3.12/site-packages/airflow/example_dags/example_xcomargs.py took 0.062 seconds
[2025-02-08T10:52:54.007+0000] {processor.py:186} INFO - Started process (PID=1126) to work on /home/airflow/.local/lib/python3.12/site-packages/airflow/example_dags/example_xcomargs.py
[2025-02-08T10:52:54.008+0000] {processor.py:914} INFO - Processing file /home/airflow/.local/lib/python3.12/site-packages/airflow/example_dags/example_xcomargs.py for tasks to queue
[2025-02-08T10:52:54.009+0000] {logging_mixin.py:190} INFO - [2025-02-08T10:52:54.009+0000] {dagbag.py:588} INFO - Filling up the DagBag from /home/airflow/.local/lib/python3.12/site-packages/airflow/example_dags/example_xcomargs.py
[2025-02-08T10:52:54.018+0000] {processor.py:925} INFO - DAG(s) 'example_xcom_args_with_operators', 'example_xcom_args' retrieved from /home/airflow/.local/lib/python3.12/site-packages/airflow/example_dags/example_xcomargs.py
[2025-02-08T10:52:54.035+0000] {logging_mixin.py:190} INFO - [2025-02-08T10:52:54.035+0000] {dag.py:3239} INFO - Sync 2 DAGs
[2025-02-08T10:52:54.048+0000] {logging_mixin.py:190} INFO - [2025-02-08T10:52:54.048+0000] {dag.py:4180} INFO - Setting next_dagrun for example_xcom_args to None, run_after=None
[2025-02-08T10:52:54.051+0000] {logging_mixin.py:190} INFO - [2025-02-08T10:52:54.051+0000] {dag.py:4180} INFO - Setting next_dagrun for example_xcom_args_with_operators to None, run_after=None
[2025-02-08T10:52:54.067+0000] {processor.py:208} INFO - Processing /home/airflow/.local/lib/python3.12/site-packages/airflow/example_dags/example_xcomargs.py took 0.065 seconds
[2025-02-08T10:53:24.350+0000] {processor.py:186} INFO - Started process (PID=1412) to work on /home/airflow/.local/lib/python3.12/site-packages/airflow/example_dags/example_xcomargs.py
[2025-02-08T10:53:24.351+0000] {processor.py:914} INFO - Processing file /home/airflow/.local/lib/python3.12/site-packages/airflow/example_dags/example_xcomargs.py for tasks to queue
[2025-02-08T10:53:24.353+0000] {logging_mixin.py:190} INFO - [2025-02-08T10:53:24.353+0000] {dagbag.py:588} INFO - Filling up the DagBag from /home/airflow/.local/lib/python3.12/site-packages/airflow/example_dags/example_xcomargs.py
[2025-02-08T10:53:24.361+0000] {processor.py:925} INFO - DAG(s) 'example_xcom_args_with_operators', 'example_xcom_args' retrieved from /home/airflow/.local/lib/python3.12/site-packages/airflow/example_dags/example_xcomargs.py
[2025-02-08T10:53:24.380+0000] {logging_mixin.py:190} INFO - [2025-02-08T10:53:24.380+0000] {dag.py:3239} INFO - Sync 2 DAGs
[2025-02-08T10:53:24.392+0000] {logging_mixin.py:190} INFO - [2025-02-08T10:53:24.392+0000] {dag.py:4180} INFO - Setting next_dagrun for example_xcom_args to None, run_after=None
[2025-02-08T10:53:24.396+0000] {logging_mixin.py:190} INFO - [2025-02-08T10:53:24.396+0000] {dag.py:4180} INFO - Setting next_dagrun for example_xcom_args_with_operators to None, run_after=None
[2025-02-08T10:53:24.410+0000] {processor.py:208} INFO - Processing /home/airflow/.local/lib/python3.12/site-packages/airflow/example_dags/example_xcomargs.py took 0.065 seconds
[2025-02-08T10:53:54.465+0000] {processor.py:186} INFO - Started process (PID=1695) to work on /home/airflow/.local/lib/python3.12/site-packages/airflow/example_dags/example_xcomargs.py
[2025-02-08T10:53:54.466+0000] {processor.py:914} INFO - Processing file /home/airflow/.local/lib/python3.12/site-packages/airflow/example_dags/example_xcomargs.py for tasks to queue
[2025-02-08T10:53:54.467+0000] {logging_mixin.py:190} INFO - [2025-02-08T10:53:54.467+0000] {dagbag.py:588} INFO - Filling up the DagBag from /home/airflow/.local/lib/python3.12/site-packages/airflow/example_dags/example_xcomargs.py
[2025-02-08T10:53:54.475+0000] {processor.py:925} INFO - DAG(s) 'example_xcom_args', 'example_xcom_args_with_operators' retrieved from /home/airflow/.local/lib/python3.12/site-packages/airflow/example_dags/example_xcomargs.py
[2025-02-08T10:53:54.494+0000] {logging_mixin.py:190} INFO - [2025-02-08T10:53:54.494+0000] {dag.py:3239} INFO - Sync 2 DAGs
[2025-02-08T10:53:54.505+0000] {logging_mixin.py:190} INFO - [2025-02-08T10:53:54.505+0000] {dag.py:4180} INFO - Setting next_dagrun for example_xcom_args to None, run_after=None
[2025-02-08T10:53:54.509+0000] {logging_mixin.py:190} INFO - [2025-02-08T10:53:54.508+0000] {dag.py:4180} INFO - Setting next_dagrun for example_xcom_args_with_operators to None, run_after=None
[2025-02-08T10:53:54.524+0000] {processor.py:208} INFO - Processing /home/airflow/.local/lib/python3.12/site-packages/airflow/example_dags/example_xcomargs.py took 0.064 seconds
[2025-02-08T10:54:24.650+0000] {processor.py:186} INFO - Started process (PID=1981) to work on /home/airflow/.local/lib/python3.12/site-packages/airflow/example_dags/example_xcomargs.py
[2025-02-08T10:54:24.651+0000] {processor.py:914} INFO - Processing file /home/airflow/.local/lib/python3.12/site-packages/airflow/example_dags/example_xcomargs.py for tasks to queue
[2025-02-08T10:54:24.653+0000] {logging_mixin.py:190} INFO - [2025-02-08T10:54:24.653+0000] {dagbag.py:588} INFO - Filling up the DagBag from /home/airflow/.local/lib/python3.12/site-packages/airflow/example_dags/example_xcomargs.py
[2025-02-08T10:54:24.661+0000] {processor.py:925} INFO - DAG(s) 'example_xcom_args_with_operators', 'example_xcom_args' retrieved from /home/airflow/.local/lib/python3.12/site-packages/airflow/example_dags/example_xcomargs.py
[2025-02-08T10:54:24.679+0000] {logging_mixin.py:190} INFO - [2025-02-08T10:54:24.678+0000] {dag.py:3239} INFO - Sync 2 DAGs
[2025-02-08T10:54:24.690+0000] {logging_mixin.py:190} INFO - [2025-02-08T10:54:24.690+0000] {dag.py:4180} INFO - Setting next_dagrun for example_xcom_args to None, run_after=None
[2025-02-08T10:54:24.693+0000] {logging_mixin.py:190} INFO - [2025-02-08T10:54:24.693+0000] {dag.py:4180} INFO - Setting next_dagrun for example_xcom_args_with_operators to None, run_after=None
[2025-02-08T10:54:24.708+0000] {processor.py:208} INFO - Processing /home/airflow/.local/lib/python3.12/site-packages/airflow/example_dags/example_xcomargs.py took 0.063 seconds
[2025-02-08T10:54:55.101+0000] {processor.py:186} INFO - Started process (PID=2267) to work on /home/airflow/.local/lib/python3.12/site-packages/airflow/example_dags/example_xcomargs.py
[2025-02-08T10:54:55.102+0000] {processor.py:914} INFO - Processing file /home/airflow/.local/lib/python3.12/site-packages/airflow/example_dags/example_xcomargs.py for tasks to queue
[2025-02-08T10:54:55.104+0000] {logging_mixin.py:190} INFO - [2025-02-08T10:54:55.104+0000] {dagbag.py:588} INFO - Filling up the DagBag from /home/airflow/.local/lib/python3.12/site-packages/airflow/example_dags/example_xcomargs.py
[2025-02-08T10:54:55.113+0000] {processor.py:925} INFO - DAG(s) 'example_xcom_args', 'example_xcom_args_with_operators' retrieved from /home/airflow/.local/lib/python3.12/site-packages/airflow/example_dags/example_xcomargs.py
[2025-02-08T10:54:55.131+0000] {logging_mixin.py:190} INFO - [2025-02-08T10:54:55.131+0000] {dag.py:3239} INFO - Sync 2 DAGs
[2025-02-08T10:54:55.143+0000] {logging_mixin.py:190} INFO - [2025-02-08T10:54:55.143+0000] {dag.py:4180} INFO - Setting next_dagrun for example_xcom_args to None, run_after=None
[2025-02-08T10:54:55.146+0000] {logging_mixin.py:190} INFO - [2025-02-08T10:54:55.146+0000] {dag.py:4180} INFO - Setting next_dagrun for example_xcom_args_with_operators to None, run_after=None
[2025-02-08T10:54:55.161+0000] {processor.py:208} INFO - Processing /home/airflow/.local/lib/python3.12/site-packages/airflow/example_dags/example_xcomargs.py took 0.066 seconds
[2025-02-08T10:55:25.472+0000] {processor.py:186} INFO - Started process (PID=2553) to work on /home/airflow/.local/lib/python3.12/site-packages/airflow/example_dags/example_xcomargs.py
[2025-02-08T10:55:25.473+0000] {processor.py:914} INFO - Processing file /home/airflow/.local/lib/python3.12/site-packages/airflow/example_dags/example_xcomargs.py for tasks to queue
[2025-02-08T10:55:25.475+0000] {logging_mixin.py:190} INFO - [2025-02-08T10:55:25.474+0000] {dagbag.py:588} INFO - Filling up the DagBag from /home/airflow/.local/lib/python3.12/site-packages/airflow/example_dags/example_xcomargs.py
[2025-02-08T10:55:25.482+0000] {processor.py:925} INFO - DAG(s) 'example_xcom_args', 'example_xcom_args_with_operators' retrieved from /home/airflow/.local/lib/python3.12/site-packages/airflow/example_dags/example_xcomargs.py
[2025-02-08T10:55:25.499+0000] {logging_mixin.py:190} INFO - [2025-02-08T10:55:25.499+0000] {dag.py:3239} INFO - Sync 2 DAGs
[2025-02-08T10:55:25.509+0000] {logging_mixin.py:190} INFO - [2025-02-08T10:55:25.509+0000] {dag.py:4180} INFO - Setting next_dagrun for example_xcom_args to None, run_after=None
[2025-02-08T10:55:25.512+0000] {logging_mixin.py:190} INFO - [2025-02-08T10:55:25.512+0000] {dag.py:4180} INFO - Setting next_dagrun for example_xcom_args_with_operators to None, run_after=None
[2025-02-08T10:55:25.527+0000] {processor.py:208} INFO - Processing /home/airflow/.local/lib/python3.12/site-packages/airflow/example_dags/example_xcomargs.py took 0.059 seconds
[2025-02-08T10:55:55.575+0000] {processor.py:186} INFO - Started process (PID=2837) to work on /home/airflow/.local/lib/python3.12/site-packages/airflow/example_dags/example_xcomargs.py
[2025-02-08T10:55:55.576+0000] {processor.py:914} INFO - Processing file /home/airflow/.local/lib/python3.12/site-packages/airflow/example_dags/example_xcomargs.py for tasks to queue
[2025-02-08T10:55:55.578+0000] {logging_mixin.py:190} INFO - [2025-02-08T10:55:55.578+0000] {dagbag.py:588} INFO - Filling up the DagBag from /home/airflow/.local/lib/python3.12/site-packages/airflow/example_dags/example_xcomargs.py
[2025-02-08T10:55:55.588+0000] {processor.py:925} INFO - DAG(s) 'example_xcom_args', 'example_xcom_args_with_operators' retrieved from /home/airflow/.local/lib/python3.12/site-packages/airflow/example_dags/example_xcomargs.py
[2025-02-08T10:55:55.611+0000] {logging_mixin.py:190} INFO - [2025-02-08T10:55:55.610+0000] {dag.py:3239} INFO - Sync 2 DAGs
[2025-02-08T10:55:55.626+0000] {logging_mixin.py:190} INFO - [2025-02-08T10:55:55.626+0000] {dag.py:4180} INFO - Setting next_dagrun for example_xcom_args to None, run_after=None
[2025-02-08T10:55:55.630+0000] {logging_mixin.py:190} INFO - [2025-02-08T10:55:55.630+0000] {dag.py:4180} INFO - Setting next_dagrun for example_xcom_args_with_operators to None, run_after=None
[2025-02-08T10:55:55.651+0000] {processor.py:208} INFO - Processing /home/airflow/.local/lib/python3.12/site-packages/airflow/example_dags/example_xcomargs.py took 0.081 seconds
[2025-02-08T10:56:25.832+0000] {processor.py:186} INFO - Started process (PID=3125) to work on /home/airflow/.local/lib/python3.12/site-packages/airflow/example_dags/example_xcomargs.py
[2025-02-08T10:56:25.833+0000] {processor.py:914} INFO - Processing file /home/airflow/.local/lib/python3.12/site-packages/airflow/example_dags/example_xcomargs.py for tasks to queue
[2025-02-08T10:56:25.835+0000] {logging_mixin.py:190} INFO - [2025-02-08T10:56:25.835+0000] {dagbag.py:588} INFO - Filling up the DagBag from /home/airflow/.local/lib/python3.12/site-packages/airflow/example_dags/example_xcomargs.py
[2025-02-08T10:56:25.845+0000] {processor.py:925} INFO - DAG(s) 'example_xcom_args_with_operators', 'example_xcom_args' retrieved from /home/airflow/.local/lib/python3.12/site-packages/airflow/example_dags/example_xcomargs.py
[2025-02-08T10:56:25.866+0000] {logging_mixin.py:190} INFO - [2025-02-08T10:56:25.866+0000] {dag.py:3239} INFO - Sync 2 DAGs
[2025-02-08T10:56:25.884+0000] {logging_mixin.py:190} INFO - [2025-02-08T10:56:25.884+0000] {dag.py:4180} INFO - Setting next_dagrun for example_xcom_args to None, run_after=None
[2025-02-08T10:56:25.887+0000] {logging_mixin.py:190} INFO - [2025-02-08T10:56:25.887+0000] {dag.py:4180} INFO - Setting next_dagrun for example_xcom_args_with_operators to None, run_after=None
[2025-02-08T10:56:25.901+0000] {processor.py:208} INFO - Processing /home/airflow/.local/lib/python3.12/site-packages/airflow/example_dags/example_xcomargs.py took 0.075 seconds
[2025-02-08T10:56:56.078+0000] {processor.py:186} INFO - Started process (PID=3411) to work on /home/airflow/.local/lib/python3.12/site-packages/airflow/example_dags/example_xcomargs.py
[2025-02-08T10:56:56.078+0000] {processor.py:914} INFO - Processing file /home/airflow/.local/lib/python3.12/site-packages/airflow/example_dags/example_xcomargs.py for tasks to queue
[2025-02-08T10:56:56.080+0000] {logging_mixin.py:190} INFO - [2025-02-08T10:56:56.080+0000] {dagbag.py:588} INFO - Filling up the DagBag from /home/airflow/.local/lib/python3.12/site-packages/airflow/example_dags/example_xcomargs.py
[2025-02-08T10:56:56.088+0000] {processor.py:925} INFO - DAG(s) 'example_xcom_args_with_operators', 'example_xcom_args' retrieved from /home/airflow/.local/lib/python3.12/site-packages/airflow/example_dags/example_xcomargs.py
[2025-02-08T10:56:56.107+0000] {logging_mixin.py:190} INFO - [2025-02-08T10:56:56.107+0000] {dag.py:3239} INFO - Sync 2 DAGs
[2025-02-08T10:56:56.121+0000] {logging_mixin.py:190} INFO - [2025-02-08T10:56:56.120+0000] {dag.py:4180} INFO - Setting next_dagrun for example_xcom_args to None, run_after=None
[2025-02-08T10:56:56.125+0000] {logging_mixin.py:190} INFO - [2025-02-08T10:56:56.124+0000] {dag.py:4180} INFO - Setting next_dagrun for example_xcom_args_with_operators to None, run_after=None
[2025-02-08T10:56:56.142+0000] {processor.py:208} INFO - Processing /home/airflow/.local/lib/python3.12/site-packages/airflow/example_dags/example_xcomargs.py took 0.069 seconds
[2025-02-08T10:57:26.419+0000] {processor.py:186} INFO - Started process (PID=3697) to work on /home/airflow/.local/lib/python3.12/site-packages/airflow/example_dags/example_xcomargs.py
[2025-02-08T10:57:26.420+0000] {processor.py:914} INFO - Processing file /home/airflow/.local/lib/python3.12/site-packages/airflow/example_dags/example_xcomargs.py for tasks to queue
[2025-02-08T10:57:26.422+0000] {logging_mixin.py:190} INFO - [2025-02-08T10:57:26.422+0000] {dagbag.py:588} INFO - Filling up the DagBag from /home/airflow/.local/lib/python3.12/site-packages/airflow/example_dags/example_xcomargs.py
[2025-02-08T10:57:26.430+0000] {processor.py:925} INFO - DAG(s) 'example_xcom_args', 'example_xcom_args_with_operators' retrieved from /home/airflow/.local/lib/python3.12/site-packages/airflow/example_dags/example_xcomargs.py
[2025-02-08T10:57:26.449+0000] {logging_mixin.py:190} INFO - [2025-02-08T10:57:26.448+0000] {dag.py:3239} INFO - Sync 2 DAGs
[2025-02-08T10:57:26.461+0000] {logging_mixin.py:190} INFO - [2025-02-08T10:57:26.461+0000] {dag.py:4180} INFO - Setting next_dagrun for example_xcom_args to None, run_after=None
[2025-02-08T10:57:26.465+0000] {logging_mixin.py:190} INFO - [2025-02-08T10:57:26.464+0000] {dag.py:4180} INFO - Setting next_dagrun for example_xcom_args_with_operators to None, run_after=None
[2025-02-08T10:57:26.483+0000] {processor.py:208} INFO - Processing /home/airflow/.local/lib/python3.12/site-packages/airflow/example_dags/example_xcomargs.py took 0.068 seconds
[2025-02-08T10:57:56.847+0000] {processor.py:186} INFO - Started process (PID=3981) to work on /home/airflow/.local/lib/python3.12/site-packages/airflow/example_dags/example_xcomargs.py
[2025-02-08T10:57:56.848+0000] {processor.py:914} INFO - Processing file /home/airflow/.local/lib/python3.12/site-packages/airflow/example_dags/example_xcomargs.py for tasks to queue
[2025-02-08T10:57:56.849+0000] {logging_mixin.py:190} INFO - [2025-02-08T10:57:56.849+0000] {dagbag.py:588} INFO - Filling up the DagBag from /home/airflow/.local/lib/python3.12/site-packages/airflow/example_dags/example_xcomargs.py
[2025-02-08T10:57:56.857+0000] {processor.py:925} INFO - DAG(s) 'example_xcom_args_with_operators', 'example_xcom_args' retrieved from /home/airflow/.local/lib/python3.12/site-packages/airflow/example_dags/example_xcomargs.py
[2025-02-08T10:57:56.874+0000] {logging_mixin.py:190} INFO - [2025-02-08T10:57:56.873+0000] {dag.py:3239} INFO - Sync 2 DAGs
[2025-02-08T10:57:56.885+0000] {logging_mixin.py:190} INFO - [2025-02-08T10:57:56.885+0000] {dag.py:4180} INFO - Setting next_dagrun for example_xcom_args to None, run_after=None
[2025-02-08T10:57:56.888+0000] {logging_mixin.py:190} INFO - [2025-02-08T10:57:56.887+0000] {dag.py:4180} INFO - Setting next_dagrun for example_xcom_args_with_operators to None, run_after=None
[2025-02-08T10:57:56.900+0000] {processor.py:208} INFO - Processing /home/airflow/.local/lib/python3.12/site-packages/airflow/example_dags/example_xcomargs.py took 0.058 seconds
[2025-02-08T10:58:27.100+0000] {processor.py:186} INFO - Started process (PID=4275) to work on /home/airflow/.local/lib/python3.12/site-packages/airflow/example_dags/example_xcomargs.py
[2025-02-08T10:58:27.100+0000] {processor.py:914} INFO - Processing file /home/airflow/.local/lib/python3.12/site-packages/airflow/example_dags/example_xcomargs.py for tasks to queue
[2025-02-08T10:58:27.102+0000] {logging_mixin.py:190} INFO - [2025-02-08T10:58:27.102+0000] {dagbag.py:588} INFO - Filling up the DagBag from /home/airflow/.local/lib/python3.12/site-packages/airflow/example_dags/example_xcomargs.py
[2025-02-08T10:58:27.111+0000] {processor.py:925} INFO - DAG(s) 'example_xcom_args', 'example_xcom_args_with_operators' retrieved from /home/airflow/.local/lib/python3.12/site-packages/airflow/example_dags/example_xcomargs.py
[2025-02-08T10:58:27.133+0000] {logging_mixin.py:190} INFO - [2025-02-08T10:58:27.133+0000] {dag.py:3239} INFO - Sync 2 DAGs
[2025-02-08T10:58:27.146+0000] {logging_mixin.py:190} INFO - [2025-02-08T10:58:27.146+0000] {dag.py:4180} INFO - Setting next_dagrun for example_xcom_args to None, run_after=None
[2025-02-08T10:58:27.150+0000] {logging_mixin.py:190} INFO - [2025-02-08T10:58:27.149+0000] {dag.py:4180} INFO - Setting next_dagrun for example_xcom_args_with_operators to None, run_after=None
[2025-02-08T10:58:27.166+0000] {processor.py:208} INFO - Processing /home/airflow/.local/lib/python3.12/site-packages/airflow/example_dags/example_xcomargs.py took 0.071 seconds
[2025-02-08T10:58:57.532+0000] {processor.py:186} INFO - Started process (PID=4757) to work on /home/airflow/.local/lib/python3.12/site-packages/airflow/example_dags/example_xcomargs.py
[2025-02-08T10:58:57.533+0000] {processor.py:914} INFO - Processing file /home/airflow/.local/lib/python3.12/site-packages/airflow/example_dags/example_xcomargs.py for tasks to queue
[2025-02-08T10:58:57.535+0000] {logging_mixin.py:190} INFO - [2025-02-08T10:58:57.534+0000] {dagbag.py:588} INFO - Filling up the DagBag from /home/airflow/.local/lib/python3.12/site-packages/airflow/example_dags/example_xcomargs.py
[2025-02-08T10:58:57.543+0000] {processor.py:925} INFO - DAG(s) 'example_xcom_args', 'example_xcom_args_with_operators' retrieved from /home/airflow/.local/lib/python3.12/site-packages/airflow/example_dags/example_xcomargs.py
[2025-02-08T10:58:57.561+0000] {logging_mixin.py:190} INFO - [2025-02-08T10:58:57.561+0000] {dag.py:3239} INFO - Sync 2 DAGs
[2025-02-08T10:58:57.575+0000] {logging_mixin.py:190} INFO - [2025-02-08T10:58:57.575+0000] {dag.py:4180} INFO - Setting next_dagrun for example_xcom_args to None, run_after=None
[2025-02-08T10:58:57.579+0000] {logging_mixin.py:190} INFO - [2025-02-08T10:58:57.578+0000] {dag.py:4180} INFO - Setting next_dagrun for example_xcom_args_with_operators to None, run_after=None
[2025-02-08T10:58:57.603+0000] {processor.py:208} INFO - Processing /home/airflow/.local/lib/python3.12/site-packages/airflow/example_dags/example_xcomargs.py took 0.076 seconds
[2025-02-08T10:59:27.930+0000] {processor.py:186} INFO - Started process (PID=5107) to work on /home/airflow/.local/lib/python3.12/site-packages/airflow/example_dags/example_xcomargs.py
[2025-02-08T10:59:27.931+0000] {processor.py:914} INFO - Processing file /home/airflow/.local/lib/python3.12/site-packages/airflow/example_dags/example_xcomargs.py for tasks to queue
[2025-02-08T10:59:27.933+0000] {logging_mixin.py:190} INFO - [2025-02-08T10:59:27.933+0000] {dagbag.py:588} INFO - Filling up the DagBag from /home/airflow/.local/lib/python3.12/site-packages/airflow/example_dags/example_xcomargs.py
[2025-02-08T10:59:27.944+0000] {processor.py:925} INFO - DAG(s) 'example_xcom_args_with_operators', 'example_xcom_args' retrieved from /home/airflow/.local/lib/python3.12/site-packages/airflow/example_dags/example_xcomargs.py
[2025-02-08T10:59:27.964+0000] {logging_mixin.py:190} INFO - [2025-02-08T10:59:27.964+0000] {dag.py:3239} INFO - Sync 2 DAGs
[2025-02-08T10:59:27.978+0000] {logging_mixin.py:190} INFO - [2025-02-08T10:59:27.978+0000] {dag.py:4180} INFO - Setting next_dagrun for example_xcom_args to None, run_after=None
[2025-02-08T10:59:27.981+0000] {logging_mixin.py:190} INFO - [2025-02-08T10:59:27.981+0000] {dag.py:4180} INFO - Setting next_dagrun for example_xcom_args_with_operators to None, run_after=None
[2025-02-08T10:59:27.994+0000] {processor.py:208} INFO - Processing /home/airflow/.local/lib/python3.12/site-packages/airflow/example_dags/example_xcomargs.py took 0.069 seconds
[2025-02-08T11:01:58.154+0000] {processor.py:186} INFO - Started process (PID=268) to work on /home/airflow/.local/lib/python3.12/site-packages/airflow/example_dags/example_xcomargs.py
[2025-02-08T11:01:58.155+0000] {processor.py:914} INFO - Processing file /home/airflow/.local/lib/python3.12/site-packages/airflow/example_dags/example_xcomargs.py for tasks to queue
[2025-02-08T11:01:58.156+0000] {logging_mixin.py:190} INFO - [2025-02-08T11:01:58.156+0000] {dagbag.py:588} INFO - Filling up the DagBag from /home/airflow/.local/lib/python3.12/site-packages/airflow/example_dags/example_xcomargs.py
[2025-02-08T11:01:58.165+0000] {processor.py:925} INFO - DAG(s) 'example_xcom_args', 'example_xcom_args_with_operators' retrieved from /home/airflow/.local/lib/python3.12/site-packages/airflow/example_dags/example_xcomargs.py
[2025-02-08T11:01:58.247+0000] {logging_mixin.py:190} INFO - [2025-02-08T11:01:58.247+0000] {override.py:1900} INFO - Created Permission View: can read on DAG:example_xcom_args
[2025-02-08T11:01:58.257+0000] {logging_mixin.py:190} INFO - [2025-02-08T11:01:58.257+0000] {override.py:1900} INFO - Created Permission View: can delete on DAG:example_xcom_args
[2025-02-08T11:01:58.264+0000] {logging_mixin.py:190} INFO - [2025-02-08T11:01:58.264+0000] {override.py:1900} INFO - Created Permission View: can edit on DAG:example_xcom_args
[2025-02-08T11:01:58.276+0000] {logging_mixin.py:190} INFO - [2025-02-08T11:01:58.275+0000] {override.py:1900} INFO - Created Permission View: menu access on DAG Run:example_xcom_args
[2025-02-08T11:01:58.281+0000] {logging_mixin.py:190} INFO - [2025-02-08T11:01:58.281+0000] {override.py:1900} INFO - Created Permission View: can read on DAG Run:example_xcom_args
[2025-02-08T11:01:58.287+0000] {logging_mixin.py:190} INFO - [2025-02-08T11:01:58.287+0000] {override.py:1900} INFO - Created Permission View: can create on DAG Run:example_xcom_args
[2025-02-08T11:01:58.294+0000] {logging_mixin.py:190} INFO - [2025-02-08T11:01:58.293+0000] {override.py:1900} INFO - Created Permission View: can delete on DAG Run:example_xcom_args
[2025-02-08T11:01:58.305+0000] {logging_mixin.py:190} INFO - [2025-02-08T11:01:58.304+0000] {override.py:1900} INFO - Created Permission View: can read on DAG:example_xcom_args_with_operators
[2025-02-08T11:01:58.310+0000] {logging_mixin.py:190} INFO - [2025-02-08T11:01:58.310+0000] {override.py:1900} INFO - Created Permission View: can delete on DAG:example_xcom_args_with_operators
[2025-02-08T11:01:58.315+0000] {logging_mixin.py:190} INFO - [2025-02-08T11:01:58.315+0000] {override.py:1900} INFO - Created Permission View: can edit on DAG:example_xcom_args_with_operators
[2025-02-08T11:01:58.322+0000] {logging_mixin.py:190} INFO - [2025-02-08T11:01:58.321+0000] {override.py:1900} INFO - Created Permission View: menu access on DAG Run:example_xcom_args_with_operators
[2025-02-08T11:01:58.327+0000] {logging_mixin.py:190} INFO - [2025-02-08T11:01:58.327+0000] {override.py:1900} INFO - Created Permission View: can read on DAG Run:example_xcom_args_with_operators
[2025-02-08T11:01:58.332+0000] {logging_mixin.py:190} INFO - [2025-02-08T11:01:58.332+0000] {override.py:1900} INFO - Created Permission View: can create on DAG Run:example_xcom_args_with_operators
[2025-02-08T11:01:58.337+0000] {logging_mixin.py:190} INFO - [2025-02-08T11:01:58.337+0000] {override.py:1900} INFO - Created Permission View: can delete on DAG Run:example_xcom_args_with_operators
[2025-02-08T11:01:58.338+0000] {logging_mixin.py:190} INFO - [2025-02-08T11:01:58.337+0000] {dag.py:3239} INFO - Sync 2 DAGs
[2025-02-08T11:01:58.348+0000] {logging_mixin.py:190} INFO - [2025-02-08T11:01:58.348+0000] {dag.py:3262} INFO - Creating ORM DAG for example_xcom_args_with_operators
[2025-02-08T11:01:58.349+0000] {logging_mixin.py:190} INFO - [2025-02-08T11:01:58.349+0000] {dag.py:3262} INFO - Creating ORM DAG for example_xcom_args
[2025-02-08T11:01:58.350+0000] {logging_mixin.py:190} INFO - [2025-02-08T11:01:58.349+0000] {dag.py:4180} INFO - Setting next_dagrun for example_xcom_args to None, run_after=None
[2025-02-08T11:01:58.350+0000] {logging_mixin.py:190} INFO - [2025-02-08T11:01:58.350+0000] {dag.py:4180} INFO - Setting next_dagrun for example_xcom_args_with_operators to None, run_after=None
[2025-02-08T11:01:58.366+0000] {processor.py:208} INFO - Processing /home/airflow/.local/lib/python3.12/site-packages/airflow/example_dags/example_xcomargs.py took 0.217 seconds
[2025-02-08T11:02:28.775+0000] {processor.py:186} INFO - Started process (PID=554) to work on /home/airflow/.local/lib/python3.12/site-packages/airflow/example_dags/example_xcomargs.py
[2025-02-08T11:02:28.775+0000] {processor.py:914} INFO - Processing file /home/airflow/.local/lib/python3.12/site-packages/airflow/example_dags/example_xcomargs.py for tasks to queue
[2025-02-08T11:02:28.777+0000] {logging_mixin.py:190} INFO - [2025-02-08T11:02:28.777+0000] {dagbag.py:588} INFO - Filling up the DagBag from /home/airflow/.local/lib/python3.12/site-packages/airflow/example_dags/example_xcomargs.py
[2025-02-08T11:02:28.785+0000] {processor.py:925} INFO - DAG(s) 'example_xcom_args_with_operators', 'example_xcom_args' retrieved from /home/airflow/.local/lib/python3.12/site-packages/airflow/example_dags/example_xcomargs.py
[2025-02-08T11:02:28.803+0000] {logging_mixin.py:190} INFO - [2025-02-08T11:02:28.803+0000] {dag.py:3239} INFO - Sync 2 DAGs
[2025-02-08T11:02:28.814+0000] {logging_mixin.py:190} INFO - [2025-02-08T11:02:28.814+0000] {dag.py:4180} INFO - Setting next_dagrun for example_xcom_args to None, run_after=None
[2025-02-08T11:02:28.817+0000] {logging_mixin.py:190} INFO - [2025-02-08T11:02:28.817+0000] {dag.py:4180} INFO - Setting next_dagrun for example_xcom_args_with_operators to None, run_after=None
[2025-02-08T11:02:28.829+0000] {processor.py:208} INFO - Processing /home/airflow/.local/lib/python3.12/site-packages/airflow/example_dags/example_xcomargs.py took 0.059 seconds
[2025-02-08T11:03:37.993+0000] {processor.py:186} INFO - Started process (PID=268) to work on /home/airflow/.local/lib/python3.12/site-packages/airflow/example_dags/example_xcomargs.py
[2025-02-08T11:03:37.994+0000] {processor.py:914} INFO - Processing file /home/airflow/.local/lib/python3.12/site-packages/airflow/example_dags/example_xcomargs.py for tasks to queue
[2025-02-08T11:03:37.996+0000] {logging_mixin.py:190} INFO - [2025-02-08T11:03:37.995+0000] {dagbag.py:588} INFO - Filling up the DagBag from /home/airflow/.local/lib/python3.12/site-packages/airflow/example_dags/example_xcomargs.py
[2025-02-08T11:03:38.004+0000] {processor.py:925} INFO - DAG(s) 'example_xcom_args_with_operators', 'example_xcom_args' retrieved from /home/airflow/.local/lib/python3.12/site-packages/airflow/example_dags/example_xcomargs.py
[2025-02-08T11:03:38.028+0000] {logging_mixin.py:190} INFO - [2025-02-08T11:03:38.027+0000] {dag.py:3239} INFO - Sync 2 DAGs
[2025-02-08T11:03:38.039+0000] {logging_mixin.py:190} INFO - [2025-02-08T11:03:38.039+0000] {dag.py:4180} INFO - Setting next_dagrun for example_xcom_args to None, run_after=None
[2025-02-08T11:03:38.043+0000] {logging_mixin.py:190} INFO - [2025-02-08T11:03:38.043+0000] {dag.py:4180} INFO - Setting next_dagrun for example_xcom_args_with_operators to None, run_after=None
[2025-02-08T11:03:38.057+0000] {processor.py:208} INFO - Processing /home/airflow/.local/lib/python3.12/site-packages/airflow/example_dags/example_xcomargs.py took 0.068 seconds
[2025-02-08T11:04:08.408+0000] {processor.py:186} INFO - Started process (PID=556) to work on /home/airflow/.local/lib/python3.12/site-packages/airflow/example_dags/example_xcomargs.py
[2025-02-08T11:04:08.409+0000] {processor.py:914} INFO - Processing file /home/airflow/.local/lib/python3.12/site-packages/airflow/example_dags/example_xcomargs.py for tasks to queue
[2025-02-08T11:04:08.411+0000] {logging_mixin.py:190} INFO - [2025-02-08T11:04:08.411+0000] {dagbag.py:588} INFO - Filling up the DagBag from /home/airflow/.local/lib/python3.12/site-packages/airflow/example_dags/example_xcomargs.py
[2025-02-08T11:04:08.421+0000] {processor.py:925} INFO - DAG(s) 'example_xcom_args', 'example_xcom_args_with_operators' retrieved from /home/airflow/.local/lib/python3.12/site-packages/airflow/example_dags/example_xcomargs.py
[2025-02-08T11:04:08.439+0000] {logging_mixin.py:190} INFO - [2025-02-08T11:04:08.439+0000] {dag.py:3239} INFO - Sync 2 DAGs
[2025-02-08T11:04:08.453+0000] {logging_mixin.py:190} INFO - [2025-02-08T11:04:08.453+0000] {dag.py:4180} INFO - Setting next_dagrun for example_xcom_args to None, run_after=None
[2025-02-08T11:04:08.457+0000] {logging_mixin.py:190} INFO - [2025-02-08T11:04:08.456+0000] {dag.py:4180} INFO - Setting next_dagrun for example_xcom_args_with_operators to None, run_after=None
[2025-02-08T11:04:08.472+0000] {processor.py:208} INFO - Processing /home/airflow/.local/lib/python3.12/site-packages/airflow/example_dags/example_xcomargs.py took 0.069 seconds
[2025-02-08T11:04:38.651+0000] {processor.py:186} INFO - Started process (PID=842) to work on /home/airflow/.local/lib/python3.12/site-packages/airflow/example_dags/example_xcomargs.py
[2025-02-08T11:04:38.652+0000] {processor.py:914} INFO - Processing file /home/airflow/.local/lib/python3.12/site-packages/airflow/example_dags/example_xcomargs.py for tasks to queue
[2025-02-08T11:04:38.654+0000] {logging_mixin.py:190} INFO - [2025-02-08T11:04:38.653+0000] {dagbag.py:588} INFO - Filling up the DagBag from /home/airflow/.local/lib/python3.12/site-packages/airflow/example_dags/example_xcomargs.py
[2025-02-08T11:04:38.661+0000] {processor.py:925} INFO - DAG(s) 'example_xcom_args_with_operators', 'example_xcom_args' retrieved from /home/airflow/.local/lib/python3.12/site-packages/airflow/example_dags/example_xcomargs.py
[2025-02-08T11:04:38.679+0000] {logging_mixin.py:190} INFO - [2025-02-08T11:04:38.679+0000] {dag.py:3239} INFO - Sync 2 DAGs
[2025-02-08T11:04:38.690+0000] {logging_mixin.py:190} INFO - [2025-02-08T11:04:38.690+0000] {dag.py:4180} INFO - Setting next_dagrun for example_xcom_args to None, run_after=None
[2025-02-08T11:04:38.693+0000] {logging_mixin.py:190} INFO - [2025-02-08T11:04:38.693+0000] {dag.py:4180} INFO - Setting next_dagrun for example_xcom_args_with_operators to None, run_after=None
[2025-02-08T11:04:38.708+0000] {processor.py:208} INFO - Processing /home/airflow/.local/lib/python3.12/site-packages/airflow/example_dags/example_xcomargs.py took 0.062 seconds
[2025-02-08T11:33:18.645+0000] {processor.py:186} INFO - Started process (PID=270) to work on /home/airflow/.local/lib/python3.12/site-packages/airflow/example_dags/example_xcomargs.py
[2025-02-08T11:33:18.646+0000] {processor.py:914} INFO - Processing file /home/airflow/.local/lib/python3.12/site-packages/airflow/example_dags/example_xcomargs.py for tasks to queue
[2025-02-08T11:33:18.648+0000] {logging_mixin.py:190} INFO - [2025-02-08T11:33:18.647+0000] {dagbag.py:588} INFO - Filling up the DagBag from /home/airflow/.local/lib/python3.12/site-packages/airflow/example_dags/example_xcomargs.py
[2025-02-08T11:33:18.656+0000] {processor.py:925} INFO - DAG(s) 'example_xcom_args', 'example_xcom_args_with_operators' retrieved from /home/airflow/.local/lib/python3.12/site-packages/airflow/example_dags/example_xcomargs.py
[2025-02-08T11:33:18.743+0000] {logging_mixin.py:190} INFO - [2025-02-08T11:33:18.743+0000] {override.py:1900} INFO - Created Permission View: can edit on DAG:example_xcom_args
[2025-02-08T11:33:18.751+0000] {logging_mixin.py:190} INFO - [2025-02-08T11:33:18.750+0000] {override.py:1900} INFO - Created Permission View: can delete on DAG:example_xcom_args
[2025-02-08T11:33:18.755+0000] {logging_mixin.py:190} INFO - [2025-02-08T11:33:18.755+0000] {override.py:1900} INFO - Created Permission View: can read on DAG:example_xcom_args
[2025-02-08T11:33:18.765+0000] {logging_mixin.py:190} INFO - [2025-02-08T11:33:18.765+0000] {override.py:1900} INFO - Created Permission View: menu access on DAG Run:example_xcom_args
[2025-02-08T11:33:18.769+0000] {logging_mixin.py:190} INFO - [2025-02-08T11:33:18.769+0000] {override.py:1900} INFO - Created Permission View: can create on DAG Run:example_xcom_args
[2025-02-08T11:33:18.774+0000] {logging_mixin.py:190} INFO - [2025-02-08T11:33:18.774+0000] {override.py:1900} INFO - Created Permission View: can delete on DAG Run:example_xcom_args
[2025-02-08T11:33:18.779+0000] {logging_mixin.py:190} INFO - [2025-02-08T11:33:18.779+0000] {override.py:1900} INFO - Created Permission View: can read on DAG Run:example_xcom_args
[2025-02-08T11:33:18.789+0000] {logging_mixin.py:190} INFO - [2025-02-08T11:33:18.789+0000] {override.py:1900} INFO - Created Permission View: can edit on DAG:example_xcom_args_with_operators
[2025-02-08T11:33:18.794+0000] {logging_mixin.py:190} INFO - [2025-02-08T11:33:18.794+0000] {override.py:1900} INFO - Created Permission View: can delete on DAG:example_xcom_args_with_operators
[2025-02-08T11:33:18.799+0000] {logging_mixin.py:190} INFO - [2025-02-08T11:33:18.799+0000] {override.py:1900} INFO - Created Permission View: can read on DAG:example_xcom_args_with_operators
[2025-02-08T11:33:18.804+0000] {logging_mixin.py:190} INFO - [2025-02-08T11:33:18.804+0000] {override.py:1900} INFO - Created Permission View: menu access on DAG Run:example_xcom_args_with_operators
[2025-02-08T11:33:18.810+0000] {logging_mixin.py:190} INFO - [2025-02-08T11:33:18.809+0000] {override.py:1900} INFO - Created Permission View: can create on DAG Run:example_xcom_args_with_operators
[2025-02-08T11:33:18.815+0000] {logging_mixin.py:190} INFO - [2025-02-08T11:33:18.815+0000] {override.py:1900} INFO - Created Permission View: can delete on DAG Run:example_xcom_args_with_operators
[2025-02-08T11:33:18.820+0000] {logging_mixin.py:190} INFO - [2025-02-08T11:33:18.820+0000] {override.py:1900} INFO - Created Permission View: can read on DAG Run:example_xcom_args_with_operators
[2025-02-08T11:33:18.820+0000] {logging_mixin.py:190} INFO - [2025-02-08T11:33:18.820+0000] {dag.py:3239} INFO - Sync 2 DAGs
[2025-02-08T11:33:18.831+0000] {logging_mixin.py:190} INFO - [2025-02-08T11:33:18.831+0000] {dag.py:3262} INFO - Creating ORM DAG for example_xcom_args
[2025-02-08T11:33:18.831+0000] {logging_mixin.py:190} INFO - [2025-02-08T11:33:18.831+0000] {dag.py:3262} INFO - Creating ORM DAG for example_xcom_args_with_operators
[2025-02-08T11:33:18.832+0000] {logging_mixin.py:190} INFO - [2025-02-08T11:33:18.832+0000] {dag.py:4180} INFO - Setting next_dagrun for example_xcom_args to None, run_after=None
[2025-02-08T11:33:18.833+0000] {logging_mixin.py:190} INFO - [2025-02-08T11:33:18.833+0000] {dag.py:4180} INFO - Setting next_dagrun for example_xcom_args_with_operators to None, run_after=None
[2025-02-08T11:33:18.846+0000] {processor.py:208} INFO - Processing /home/airflow/.local/lib/python3.12/site-packages/airflow/example_dags/example_xcomargs.py took 0.205 seconds
[2025-02-08T11:33:49.583+0000] {processor.py:186} INFO - Started process (PID=556) to work on /home/airflow/.local/lib/python3.12/site-packages/airflow/example_dags/example_xcomargs.py
[2025-02-08T11:33:49.584+0000] {processor.py:914} INFO - Processing file /home/airflow/.local/lib/python3.12/site-packages/airflow/example_dags/example_xcomargs.py for tasks to queue
[2025-02-08T11:33:49.586+0000] {logging_mixin.py:190} INFO - [2025-02-08T11:33:49.586+0000] {dagbag.py:588} INFO - Filling up the DagBag from /home/airflow/.local/lib/python3.12/site-packages/airflow/example_dags/example_xcomargs.py
[2025-02-08T11:33:49.593+0000] {processor.py:925} INFO - DAG(s) 'example_xcom_args_with_operators', 'example_xcom_args' retrieved from /home/airflow/.local/lib/python3.12/site-packages/airflow/example_dags/example_xcomargs.py
[2025-02-08T11:33:49.611+0000] {logging_mixin.py:190} INFO - [2025-02-08T11:33:49.610+0000] {dag.py:3239} INFO - Sync 2 DAGs
[2025-02-08T11:33:49.622+0000] {logging_mixin.py:190} INFO - [2025-02-08T11:33:49.622+0000] {dag.py:4180} INFO - Setting next_dagrun for example_xcom_args to None, run_after=None
[2025-02-08T11:33:49.626+0000] {logging_mixin.py:190} INFO - [2025-02-08T11:33:49.626+0000] {dag.py:4180} INFO - Setting next_dagrun for example_xcom_args_with_operators to None, run_after=None
[2025-02-08T11:33:49.639+0000] {processor.py:208} INFO - Processing /home/airflow/.local/lib/python3.12/site-packages/airflow/example_dags/example_xcomargs.py took 0.060 seconds
[2025-02-08T11:34:20.039+0000] {processor.py:186} INFO - Started process (PID=842) to work on /home/airflow/.local/lib/python3.12/site-packages/airflow/example_dags/example_xcomargs.py
[2025-02-08T11:34:20.039+0000] {processor.py:914} INFO - Processing file /home/airflow/.local/lib/python3.12/site-packages/airflow/example_dags/example_xcomargs.py for tasks to queue
[2025-02-08T11:34:20.041+0000] {logging_mixin.py:190} INFO - [2025-02-08T11:34:20.041+0000] {dagbag.py:588} INFO - Filling up the DagBag from /home/airflow/.local/lib/python3.12/site-packages/airflow/example_dags/example_xcomargs.py
[2025-02-08T11:34:20.049+0000] {processor.py:925} INFO - DAG(s) 'example_xcom_args', 'example_xcom_args_with_operators' retrieved from /home/airflow/.local/lib/python3.12/site-packages/airflow/example_dags/example_xcomargs.py
[2025-02-08T11:34:20.067+0000] {logging_mixin.py:190} INFO - [2025-02-08T11:34:20.066+0000] {dag.py:3239} INFO - Sync 2 DAGs
[2025-02-08T11:34:20.079+0000] {logging_mixin.py:190} INFO - [2025-02-08T11:34:20.079+0000] {dag.py:4180} INFO - Setting next_dagrun for example_xcom_args to None, run_after=None
[2025-02-08T11:34:20.082+0000] {logging_mixin.py:190} INFO - [2025-02-08T11:34:20.082+0000] {dag.py:4180} INFO - Setting next_dagrun for example_xcom_args_with_operators to None, run_after=None
[2025-02-08T11:34:20.097+0000] {processor.py:208} INFO - Processing /home/airflow/.local/lib/python3.12/site-packages/airflow/example_dags/example_xcomargs.py took 0.064 seconds
[2025-02-08T11:34:50.262+0000] {processor.py:186} INFO - Started process (PID=1128) to work on /home/airflow/.local/lib/python3.12/site-packages/airflow/example_dags/example_xcomargs.py
[2025-02-08T11:34:50.263+0000] {processor.py:914} INFO - Processing file /home/airflow/.local/lib/python3.12/site-packages/airflow/example_dags/example_xcomargs.py for tasks to queue
[2025-02-08T11:34:50.265+0000] {logging_mixin.py:190} INFO - [2025-02-08T11:34:50.265+0000] {dagbag.py:588} INFO - Filling up the DagBag from /home/airflow/.local/lib/python3.12/site-packages/airflow/example_dags/example_xcomargs.py
[2025-02-08T11:34:50.272+0000] {processor.py:925} INFO - DAG(s) 'example_xcom_args', 'example_xcom_args_with_operators' retrieved from /home/airflow/.local/lib/python3.12/site-packages/airflow/example_dags/example_xcomargs.py
[2025-02-08T11:34:50.289+0000] {logging_mixin.py:190} INFO - [2025-02-08T11:34:50.289+0000] {dag.py:3239} INFO - Sync 2 DAGs
[2025-02-08T11:34:50.300+0000] {logging_mixin.py:190} INFO - [2025-02-08T11:34:50.300+0000] {dag.py:4180} INFO - Setting next_dagrun for example_xcom_args to None, run_after=None
[2025-02-08T11:34:50.303+0000] {logging_mixin.py:190} INFO - [2025-02-08T11:34:50.303+0000] {dag.py:4180} INFO - Setting next_dagrun for example_xcom_args_with_operators to None, run_after=None
[2025-02-08T11:34:50.316+0000] {processor.py:208} INFO - Processing /home/airflow/.local/lib/python3.12/site-packages/airflow/example_dags/example_xcomargs.py took 0.059 seconds
