[2025-02-08T10:51:23.972+0000] {processor.py:186} INFO - Started process (PID=333) to work on /home/airflow/.local/lib/python3.12/site-packages/airflow/example_dags/example_dag_decorator.py
[2025-02-08T10:51:23.973+0000] {processor.py:914} INFO - Processing file /home/airflow/.local/lib/python3.12/site-packages/airflow/example_dags/example_dag_decorator.py for tasks to queue
[2025-02-08T10:51:23.975+0000] {logging_mixin.py:190} INFO - [2025-02-08T10:51:23.975+0000] {dagbag.py:588} INFO - Filling up the DagBag from /home/airflow/.local/lib/python3.12/site-packages/airflow/example_dags/example_dag_decorator.py
[2025-02-08T10:51:23.986+0000] {processor.py:925} INFO - DAG(s) 'example_dag_decorator' retrieved from /home/airflow/.local/lib/python3.12/site-packages/airflow/example_dags/example_dag_decorator.py
[2025-02-08T10:51:24.080+0000] {logging_mixin.py:190} INFO - [2025-02-08T10:51:24.079+0000] {override.py:1900} INFO - Created Permission View: can delete on DAG:example_dag_decorator
[2025-02-08T10:51:24.088+0000] {logging_mixin.py:190} INFO - [2025-02-08T10:51:24.088+0000] {override.py:1900} INFO - Created Permission View: can read on DAG:example_dag_decorator
[2025-02-08T10:51:24.093+0000] {logging_mixin.py:190} INFO - [2025-02-08T10:51:24.093+0000] {override.py:1900} INFO - Created Permission View: can edit on DAG:example_dag_decorator
[2025-02-08T10:51:24.100+0000] {logging_mixin.py:190} INFO - [2025-02-08T10:51:24.100+0000] {override.py:1900} INFO - Created Permission View: can delete on DAG Run:example_dag_decorator
[2025-02-08T10:51:24.106+0000] {logging_mixin.py:190} INFO - [2025-02-08T10:51:24.105+0000] {override.py:1900} INFO - Created Permission View: can read on DAG Run:example_dag_decorator
[2025-02-08T10:51:24.111+0000] {logging_mixin.py:190} INFO - [2025-02-08T10:51:24.110+0000] {override.py:1900} INFO - Created Permission View: menu access on DAG Run:example_dag_decorator
[2025-02-08T10:51:24.117+0000] {logging_mixin.py:190} INFO - [2025-02-08T10:51:24.117+0000] {override.py:1900} INFO - Created Permission View: can create on DAG Run:example_dag_decorator
[2025-02-08T10:51:24.117+0000] {logging_mixin.py:190} INFO - [2025-02-08T10:51:24.117+0000] {dag.py:3239} INFO - Sync 1 DAGs
[2025-02-08T10:51:24.128+0000] {logging_mixin.py:190} INFO - [2025-02-08T10:51:24.128+0000] {dag.py:3262} INFO - Creating ORM DAG for example_dag_decorator
[2025-02-08T10:51:24.129+0000] {logging_mixin.py:190} INFO - [2025-02-08T10:51:24.129+0000] {dag.py:4180} INFO - Setting next_dagrun for example_dag_decorator to None, run_after=None
[2025-02-08T10:51:24.142+0000] {processor.py:208} INFO - Processing /home/airflow/.local/lib/python3.12/site-packages/airflow/example_dags/example_dag_decorator.py took 0.175 seconds
[2025-02-08T10:51:54.595+0000] {processor.py:186} INFO - Started process (PID=621) to work on /home/airflow/.local/lib/python3.12/site-packages/airflow/example_dags/example_dag_decorator.py
[2025-02-08T10:51:54.596+0000] {processor.py:914} INFO - Processing file /home/airflow/.local/lib/python3.12/site-packages/airflow/example_dags/example_dag_decorator.py for tasks to queue
[2025-02-08T10:51:54.598+0000] {logging_mixin.py:190} INFO - [2025-02-08T10:51:54.598+0000] {dagbag.py:588} INFO - Filling up the DagBag from /home/airflow/.local/lib/python3.12/site-packages/airflow/example_dags/example_dag_decorator.py
[2025-02-08T10:51:54.608+0000] {processor.py:925} INFO - DAG(s) 'example_dag_decorator' retrieved from /home/airflow/.local/lib/python3.12/site-packages/airflow/example_dags/example_dag_decorator.py
[2025-02-08T10:51:54.704+0000] {logging_mixin.py:190} INFO - [2025-02-08T10:51:54.704+0000] {dag.py:3239} INFO - Sync 1 DAGs
[2025-02-08T10:51:54.716+0000] {logging_mixin.py:190} INFO - [2025-02-08T10:51:54.716+0000] {dag.py:4180} INFO - Setting next_dagrun for example_dag_decorator to None, run_after=None
[2025-02-08T10:51:54.734+0000] {processor.py:208} INFO - Processing /home/airflow/.local/lib/python3.12/site-packages/airflow/example_dags/example_dag_decorator.py took 0.144 seconds
[2025-02-08T10:52:25.726+0000] {processor.py:186} INFO - Started process (PID=907) to work on /home/airflow/.local/lib/python3.12/site-packages/airflow/example_dags/example_dag_decorator.py
[2025-02-08T10:52:25.727+0000] {processor.py:914} INFO - Processing file /home/airflow/.local/lib/python3.12/site-packages/airflow/example_dags/example_dag_decorator.py for tasks to queue
[2025-02-08T10:52:25.729+0000] {logging_mixin.py:190} INFO - [2025-02-08T10:52:25.729+0000] {dagbag.py:588} INFO - Filling up the DagBag from /home/airflow/.local/lib/python3.12/site-packages/airflow/example_dags/example_dag_decorator.py
[2025-02-08T10:52:25.739+0000] {processor.py:925} INFO - DAG(s) 'example_dag_decorator' retrieved from /home/airflow/.local/lib/python3.12/site-packages/airflow/example_dags/example_dag_decorator.py
[2025-02-08T10:52:25.757+0000] {logging_mixin.py:190} INFO - [2025-02-08T10:52:25.757+0000] {dag.py:3239} INFO - Sync 1 DAGs
[2025-02-08T10:52:25.768+0000] {logging_mixin.py:190} INFO - [2025-02-08T10:52:25.768+0000] {dag.py:4180} INFO - Setting next_dagrun for example_dag_decorator to None, run_after=None
[2025-02-08T10:52:25.783+0000] {processor.py:208} INFO - Processing /home/airflow/.local/lib/python3.12/site-packages/airflow/example_dags/example_dag_decorator.py took 0.063 seconds
[2025-02-08T10:52:55.963+0000] {processor.py:186} INFO - Started process (PID=1193) to work on /home/airflow/.local/lib/python3.12/site-packages/airflow/example_dags/example_dag_decorator.py
[2025-02-08T10:52:55.964+0000] {processor.py:914} INFO - Processing file /home/airflow/.local/lib/python3.12/site-packages/airflow/example_dags/example_dag_decorator.py for tasks to queue
[2025-02-08T10:52:55.966+0000] {logging_mixin.py:190} INFO - [2025-02-08T10:52:55.965+0000] {dagbag.py:588} INFO - Filling up the DagBag from /home/airflow/.local/lib/python3.12/site-packages/airflow/example_dags/example_dag_decorator.py
[2025-02-08T10:52:55.975+0000] {processor.py:925} INFO - DAG(s) 'example_dag_decorator' retrieved from /home/airflow/.local/lib/python3.12/site-packages/airflow/example_dags/example_dag_decorator.py
[2025-02-08T10:52:55.992+0000] {logging_mixin.py:190} INFO - [2025-02-08T10:52:55.992+0000] {dag.py:3239} INFO - Sync 1 DAGs
[2025-02-08T10:52:56.004+0000] {logging_mixin.py:190} INFO - [2025-02-08T10:52:56.004+0000] {dag.py:4180} INFO - Setting next_dagrun for example_dag_decorator to None, run_after=None
[2025-02-08T10:52:56.024+0000] {processor.py:208} INFO - Processing /home/airflow/.local/lib/python3.12/site-packages/airflow/example_dags/example_dag_decorator.py took 0.067 seconds
[2025-02-08T10:53:26.173+0000] {processor.py:186} INFO - Started process (PID=1479) to work on /home/airflow/.local/lib/python3.12/site-packages/airflow/example_dags/example_dag_decorator.py
[2025-02-08T10:53:26.174+0000] {processor.py:914} INFO - Processing file /home/airflow/.local/lib/python3.12/site-packages/airflow/example_dags/example_dag_decorator.py for tasks to queue
[2025-02-08T10:53:26.176+0000] {logging_mixin.py:190} INFO - [2025-02-08T10:53:26.176+0000] {dagbag.py:588} INFO - Filling up the DagBag from /home/airflow/.local/lib/python3.12/site-packages/airflow/example_dags/example_dag_decorator.py
[2025-02-08T10:53:26.184+0000] {processor.py:925} INFO - DAG(s) 'example_dag_decorator' retrieved from /home/airflow/.local/lib/python3.12/site-packages/airflow/example_dags/example_dag_decorator.py
[2025-02-08T10:53:26.267+0000] {logging_mixin.py:190} INFO - [2025-02-08T10:53:26.267+0000] {dag.py:3239} INFO - Sync 1 DAGs
[2025-02-08T10:53:26.276+0000] {logging_mixin.py:190} INFO - [2025-02-08T10:53:26.276+0000] {dag.py:4180} INFO - Setting next_dagrun for example_dag_decorator to None, run_after=None
[2025-02-08T10:53:26.293+0000] {processor.py:208} INFO - Processing /home/airflow/.local/lib/python3.12/site-packages/airflow/example_dags/example_dag_decorator.py took 0.125 seconds
[2025-02-08T10:53:56.339+0000] {processor.py:186} INFO - Started process (PID=1765) to work on /home/airflow/.local/lib/python3.12/site-packages/airflow/example_dags/example_dag_decorator.py
[2025-02-08T10:53:56.340+0000] {processor.py:914} INFO - Processing file /home/airflow/.local/lib/python3.12/site-packages/airflow/example_dags/example_dag_decorator.py for tasks to queue
[2025-02-08T10:53:56.341+0000] {logging_mixin.py:190} INFO - [2025-02-08T10:53:56.341+0000] {dagbag.py:588} INFO - Filling up the DagBag from /home/airflow/.local/lib/python3.12/site-packages/airflow/example_dags/example_dag_decorator.py
[2025-02-08T10:53:56.351+0000] {processor.py:925} INFO - DAG(s) 'example_dag_decorator' retrieved from /home/airflow/.local/lib/python3.12/site-packages/airflow/example_dags/example_dag_decorator.py
[2025-02-08T10:53:56.441+0000] {logging_mixin.py:190} INFO - [2025-02-08T10:53:56.441+0000] {dag.py:3239} INFO - Sync 1 DAGs
[2025-02-08T10:53:56.451+0000] {logging_mixin.py:190} INFO - [2025-02-08T10:53:56.451+0000] {dag.py:4180} INFO - Setting next_dagrun for example_dag_decorator to None, run_after=None
[2025-02-08T10:53:56.470+0000] {processor.py:208} INFO - Processing /home/airflow/.local/lib/python3.12/site-packages/airflow/example_dags/example_dag_decorator.py took 0.136 seconds
[2025-02-08T10:54:26.592+0000] {processor.py:186} INFO - Started process (PID=2051) to work on /home/airflow/.local/lib/python3.12/site-packages/airflow/example_dags/example_dag_decorator.py
[2025-02-08T10:54:26.593+0000] {processor.py:914} INFO - Processing file /home/airflow/.local/lib/python3.12/site-packages/airflow/example_dags/example_dag_decorator.py for tasks to queue
[2025-02-08T10:54:26.595+0000] {logging_mixin.py:190} INFO - [2025-02-08T10:54:26.595+0000] {dagbag.py:588} INFO - Filling up the DagBag from /home/airflow/.local/lib/python3.12/site-packages/airflow/example_dags/example_dag_decorator.py
[2025-02-08T10:54:26.604+0000] {processor.py:925} INFO - DAG(s) 'example_dag_decorator' retrieved from /home/airflow/.local/lib/python3.12/site-packages/airflow/example_dags/example_dag_decorator.py
[2025-02-08T10:54:26.692+0000] {logging_mixin.py:190} INFO - [2025-02-08T10:54:26.692+0000] {dag.py:3239} INFO - Sync 1 DAGs
[2025-02-08T10:54:26.703+0000] {logging_mixin.py:190} INFO - [2025-02-08T10:54:26.703+0000] {dag.py:4180} INFO - Setting next_dagrun for example_dag_decorator to None, run_after=None
[2025-02-08T10:54:26.721+0000] {processor.py:208} INFO - Processing /home/airflow/.local/lib/python3.12/site-packages/airflow/example_dags/example_dag_decorator.py took 0.134 seconds
[2025-02-08T10:54:56.960+0000] {processor.py:186} INFO - Started process (PID=2337) to work on /home/airflow/.local/lib/python3.12/site-packages/airflow/example_dags/example_dag_decorator.py
[2025-02-08T10:54:56.961+0000] {processor.py:914} INFO - Processing file /home/airflow/.local/lib/python3.12/site-packages/airflow/example_dags/example_dag_decorator.py for tasks to queue
[2025-02-08T10:54:56.963+0000] {logging_mixin.py:190} INFO - [2025-02-08T10:54:56.963+0000] {dagbag.py:588} INFO - Filling up the DagBag from /home/airflow/.local/lib/python3.12/site-packages/airflow/example_dags/example_dag_decorator.py
[2025-02-08T10:54:56.973+0000] {processor.py:925} INFO - DAG(s) 'example_dag_decorator' retrieved from /home/airflow/.local/lib/python3.12/site-packages/airflow/example_dags/example_dag_decorator.py
[2025-02-08T10:54:56.992+0000] {logging_mixin.py:190} INFO - [2025-02-08T10:54:56.992+0000] {dag.py:3239} INFO - Sync 1 DAGs
[2025-02-08T10:54:57.004+0000] {logging_mixin.py:190} INFO - [2025-02-08T10:54:57.004+0000] {dag.py:4180} INFO - Setting next_dagrun for example_dag_decorator to None, run_after=None
[2025-02-08T10:54:57.023+0000] {processor.py:208} INFO - Processing /home/airflow/.local/lib/python3.12/site-packages/airflow/example_dags/example_dag_decorator.py took 0.069 seconds
[2025-02-08T10:55:27.263+0000] {processor.py:186} INFO - Started process (PID=2623) to work on /home/airflow/.local/lib/python3.12/site-packages/airflow/example_dags/example_dag_decorator.py
[2025-02-08T10:55:27.264+0000] {processor.py:914} INFO - Processing file /home/airflow/.local/lib/python3.12/site-packages/airflow/example_dags/example_dag_decorator.py for tasks to queue
[2025-02-08T10:55:27.266+0000] {logging_mixin.py:190} INFO - [2025-02-08T10:55:27.265+0000] {dagbag.py:588} INFO - Filling up the DagBag from /home/airflow/.local/lib/python3.12/site-packages/airflow/example_dags/example_dag_decorator.py
[2025-02-08T10:55:27.275+0000] {processor.py:925} INFO - DAG(s) 'example_dag_decorator' retrieved from /home/airflow/.local/lib/python3.12/site-packages/airflow/example_dags/example_dag_decorator.py
[2025-02-08T10:55:27.294+0000] {logging_mixin.py:190} INFO - [2025-02-08T10:55:27.294+0000] {dag.py:3239} INFO - Sync 1 DAGs
[2025-02-08T10:55:27.306+0000] {logging_mixin.py:190} INFO - [2025-02-08T10:55:27.305+0000] {dag.py:4180} INFO - Setting next_dagrun for example_dag_decorator to None, run_after=None
[2025-02-08T10:55:27.323+0000] {processor.py:208} INFO - Processing /home/airflow/.local/lib/python3.12/site-packages/airflow/example_dags/example_dag_decorator.py took 0.065 seconds
[2025-02-08T10:55:57.457+0000] {processor.py:186} INFO - Started process (PID=2909) to work on /home/airflow/.local/lib/python3.12/site-packages/airflow/example_dags/example_dag_decorator.py
[2025-02-08T10:55:57.457+0000] {processor.py:914} INFO - Processing file /home/airflow/.local/lib/python3.12/site-packages/airflow/example_dags/example_dag_decorator.py for tasks to queue
[2025-02-08T10:55:57.459+0000] {logging_mixin.py:190} INFO - [2025-02-08T10:55:57.459+0000] {dagbag.py:588} INFO - Filling up the DagBag from /home/airflow/.local/lib/python3.12/site-packages/airflow/example_dags/example_dag_decorator.py
[2025-02-08T10:55:57.470+0000] {processor.py:925} INFO - DAG(s) 'example_dag_decorator' retrieved from /home/airflow/.local/lib/python3.12/site-packages/airflow/example_dags/example_dag_decorator.py
[2025-02-08T10:55:57.554+0000] {logging_mixin.py:190} INFO - [2025-02-08T10:55:57.554+0000] {dag.py:3239} INFO - Sync 1 DAGs
[2025-02-08T10:55:57.564+0000] {logging_mixin.py:190} INFO - [2025-02-08T10:55:57.564+0000] {dag.py:4180} INFO - Setting next_dagrun for example_dag_decorator to None, run_after=None
[2025-02-08T10:55:57.581+0000] {processor.py:208} INFO - Processing /home/airflow/.local/lib/python3.12/site-packages/airflow/example_dags/example_dag_decorator.py took 0.129 seconds
[2025-02-08T10:56:27.685+0000] {processor.py:186} INFO - Started process (PID=3193) to work on /home/airflow/.local/lib/python3.12/site-packages/airflow/example_dags/example_dag_decorator.py
[2025-02-08T10:56:27.686+0000] {processor.py:914} INFO - Processing file /home/airflow/.local/lib/python3.12/site-packages/airflow/example_dags/example_dag_decorator.py for tasks to queue
[2025-02-08T10:56:27.687+0000] {logging_mixin.py:190} INFO - [2025-02-08T10:56:27.687+0000] {dagbag.py:588} INFO - Filling up the DagBag from /home/airflow/.local/lib/python3.12/site-packages/airflow/example_dags/example_dag_decorator.py
[2025-02-08T10:56:27.696+0000] {processor.py:925} INFO - DAG(s) 'example_dag_decorator' retrieved from /home/airflow/.local/lib/python3.12/site-packages/airflow/example_dags/example_dag_decorator.py
[2025-02-08T10:56:27.785+0000] {logging_mixin.py:190} INFO - [2025-02-08T10:56:27.785+0000] {dag.py:3239} INFO - Sync 1 DAGs
[2025-02-08T10:56:27.796+0000] {logging_mixin.py:190} INFO - [2025-02-08T10:56:27.796+0000] {dag.py:4180} INFO - Setting next_dagrun for example_dag_decorator to None, run_after=None
[2025-02-08T10:56:27.812+0000] {processor.py:208} INFO - Processing /home/airflow/.local/lib/python3.12/site-packages/airflow/example_dags/example_dag_decorator.py took 0.132 seconds
[2025-02-08T10:56:57.890+0000] {processor.py:186} INFO - Started process (PID=3479) to work on /home/airflow/.local/lib/python3.12/site-packages/airflow/example_dags/example_dag_decorator.py
[2025-02-08T10:56:57.890+0000] {processor.py:914} INFO - Processing file /home/airflow/.local/lib/python3.12/site-packages/airflow/example_dags/example_dag_decorator.py for tasks to queue
[2025-02-08T10:56:57.892+0000] {logging_mixin.py:190} INFO - [2025-02-08T10:56:57.892+0000] {dagbag.py:588} INFO - Filling up the DagBag from /home/airflow/.local/lib/python3.12/site-packages/airflow/example_dags/example_dag_decorator.py
[2025-02-08T10:56:57.901+0000] {processor.py:925} INFO - DAG(s) 'example_dag_decorator' retrieved from /home/airflow/.local/lib/python3.12/site-packages/airflow/example_dags/example_dag_decorator.py
[2025-02-08T10:56:57.987+0000] {logging_mixin.py:190} INFO - [2025-02-08T10:56:57.987+0000] {dag.py:3239} INFO - Sync 1 DAGs
[2025-02-08T10:56:57.995+0000] {logging_mixin.py:190} INFO - [2025-02-08T10:56:57.995+0000] {dag.py:4180} INFO - Setting next_dagrun for example_dag_decorator to None, run_after=None
[2025-02-08T10:56:58.012+0000] {processor.py:208} INFO - Processing /home/airflow/.local/lib/python3.12/site-packages/airflow/example_dags/example_dag_decorator.py took 0.127 seconds
[2025-02-08T10:57:28.263+0000] {processor.py:186} INFO - Started process (PID=3765) to work on /home/airflow/.local/lib/python3.12/site-packages/airflow/example_dags/example_dag_decorator.py
[2025-02-08T10:57:28.263+0000] {processor.py:914} INFO - Processing file /home/airflow/.local/lib/python3.12/site-packages/airflow/example_dags/example_dag_decorator.py for tasks to queue
[2025-02-08T10:57:28.266+0000] {logging_mixin.py:190} INFO - [2025-02-08T10:57:28.266+0000] {dagbag.py:588} INFO - Filling up the DagBag from /home/airflow/.local/lib/python3.12/site-packages/airflow/example_dags/example_dag_decorator.py
[2025-02-08T10:57:28.277+0000] {processor.py:925} INFO - DAG(s) 'example_dag_decorator' retrieved from /home/airflow/.local/lib/python3.12/site-packages/airflow/example_dags/example_dag_decorator.py
[2025-02-08T10:57:28.386+0000] {logging_mixin.py:190} INFO - [2025-02-08T10:57:28.386+0000] {dag.py:3239} INFO - Sync 1 DAGs
[2025-02-08T10:57:28.399+0000] {logging_mixin.py:190} INFO - [2025-02-08T10:57:28.398+0000] {dag.py:4180} INFO - Setting next_dagrun for example_dag_decorator to None, run_after=None
[2025-02-08T10:57:28.417+0000] {processor.py:208} INFO - Processing /home/airflow/.local/lib/python3.12/site-packages/airflow/example_dags/example_dag_decorator.py took 0.159 seconds
[2025-02-08T10:57:58.648+0000] {processor.py:186} INFO - Started process (PID=4053) to work on /home/airflow/.local/lib/python3.12/site-packages/airflow/example_dags/example_dag_decorator.py
[2025-02-08T10:57:58.649+0000] {processor.py:914} INFO - Processing file /home/airflow/.local/lib/python3.12/site-packages/airflow/example_dags/example_dag_decorator.py for tasks to queue
[2025-02-08T10:57:58.651+0000] {logging_mixin.py:190} INFO - [2025-02-08T10:57:58.650+0000] {dagbag.py:588} INFO - Filling up the DagBag from /home/airflow/.local/lib/python3.12/site-packages/airflow/example_dags/example_dag_decorator.py
[2025-02-08T10:57:58.661+0000] {processor.py:925} INFO - DAG(s) 'example_dag_decorator' retrieved from /home/airflow/.local/lib/python3.12/site-packages/airflow/example_dags/example_dag_decorator.py
[2025-02-08T10:57:58.679+0000] {logging_mixin.py:190} INFO - [2025-02-08T10:57:58.679+0000] {dag.py:3239} INFO - Sync 1 DAGs
[2025-02-08T10:57:58.693+0000] {logging_mixin.py:190} INFO - [2025-02-08T10:57:58.692+0000] {dag.py:4180} INFO - Setting next_dagrun for example_dag_decorator to None, run_after=None
[2025-02-08T10:57:58.711+0000] {processor.py:208} INFO - Processing /home/airflow/.local/lib/python3.12/site-packages/airflow/example_dags/example_dag_decorator.py took 0.068 seconds
[2025-02-08T10:58:29.069+0000] {processor.py:186} INFO - Started process (PID=4351) to work on /home/airflow/.local/lib/python3.12/site-packages/airflow/example_dags/example_dag_decorator.py
[2025-02-08T10:58:29.070+0000] {processor.py:914} INFO - Processing file /home/airflow/.local/lib/python3.12/site-packages/airflow/example_dags/example_dag_decorator.py for tasks to queue
[2025-02-08T10:58:29.072+0000] {logging_mixin.py:190} INFO - [2025-02-08T10:58:29.072+0000] {dagbag.py:588} INFO - Filling up the DagBag from /home/airflow/.local/lib/python3.12/site-packages/airflow/example_dags/example_dag_decorator.py
[2025-02-08T10:58:29.081+0000] {processor.py:925} INFO - DAG(s) 'example_dag_decorator' retrieved from /home/airflow/.local/lib/python3.12/site-packages/airflow/example_dags/example_dag_decorator.py
[2025-02-08T10:58:29.162+0000] {logging_mixin.py:190} INFO - [2025-02-08T10:58:29.162+0000] {dag.py:3239} INFO - Sync 1 DAGs
[2025-02-08T10:58:29.172+0000] {logging_mixin.py:190} INFO - [2025-02-08T10:58:29.172+0000] {dag.py:4180} INFO - Setting next_dagrun for example_dag_decorator to None, run_after=None
[2025-02-08T10:58:29.189+0000] {processor.py:208} INFO - Processing /home/airflow/.local/lib/python3.12/site-packages/airflow/example_dags/example_dag_decorator.py took 0.125 seconds
[2025-02-08T10:58:59.255+0000] {processor.py:186} INFO - Started process (PID=4827) to work on /home/airflow/.local/lib/python3.12/site-packages/airflow/example_dags/example_dag_decorator.py
[2025-02-08T10:58:59.255+0000] {processor.py:914} INFO - Processing file /home/airflow/.local/lib/python3.12/site-packages/airflow/example_dags/example_dag_decorator.py for tasks to queue
[2025-02-08T10:58:59.257+0000] {logging_mixin.py:190} INFO - [2025-02-08T10:58:59.257+0000] {dagbag.py:588} INFO - Filling up the DagBag from /home/airflow/.local/lib/python3.12/site-packages/airflow/example_dags/example_dag_decorator.py
[2025-02-08T10:58:59.266+0000] {processor.py:925} INFO - DAG(s) 'example_dag_decorator' retrieved from /home/airflow/.local/lib/python3.12/site-packages/airflow/example_dags/example_dag_decorator.py
[2025-02-08T10:58:59.354+0000] {logging_mixin.py:190} INFO - [2025-02-08T10:58:59.354+0000] {dag.py:3239} INFO - Sync 1 DAGs
[2025-02-08T10:58:59.363+0000] {logging_mixin.py:190} INFO - [2025-02-08T10:58:59.363+0000] {dag.py:4180} INFO - Setting next_dagrun for example_dag_decorator to None, run_after=None
[2025-02-08T10:58:59.380+0000] {processor.py:208} INFO - Processing /home/airflow/.local/lib/python3.12/site-packages/airflow/example_dags/example_dag_decorator.py took 0.131 seconds
[2025-02-08T11:01:59.452+0000] {processor.py:186} INFO - Started process (PID=333) to work on /home/airflow/.local/lib/python3.12/site-packages/airflow/example_dags/example_dag_decorator.py
[2025-02-08T11:01:59.453+0000] {processor.py:914} INFO - Processing file /home/airflow/.local/lib/python3.12/site-packages/airflow/example_dags/example_dag_decorator.py for tasks to queue
[2025-02-08T11:01:59.455+0000] {logging_mixin.py:190} INFO - [2025-02-08T11:01:59.455+0000] {dagbag.py:588} INFO - Filling up the DagBag from /home/airflow/.local/lib/python3.12/site-packages/airflow/example_dags/example_dag_decorator.py
[2025-02-08T11:01:59.465+0000] {processor.py:925} INFO - DAG(s) 'example_dag_decorator' retrieved from /home/airflow/.local/lib/python3.12/site-packages/airflow/example_dags/example_dag_decorator.py
[2025-02-08T11:01:59.554+0000] {logging_mixin.py:190} INFO - [2025-02-08T11:01:59.553+0000] {override.py:1900} INFO - Created Permission View: can read on DAG:example_dag_decorator
[2025-02-08T11:01:59.562+0000] {logging_mixin.py:190} INFO - [2025-02-08T11:01:59.562+0000] {override.py:1900} INFO - Created Permission View: can delete on DAG:example_dag_decorator
[2025-02-08T11:01:59.568+0000] {logging_mixin.py:190} INFO - [2025-02-08T11:01:59.567+0000] {override.py:1900} INFO - Created Permission View: can edit on DAG:example_dag_decorator
[2025-02-08T11:01:59.574+0000] {logging_mixin.py:190} INFO - [2025-02-08T11:01:59.574+0000] {override.py:1900} INFO - Created Permission View: menu access on DAG Run:example_dag_decorator
[2025-02-08T11:01:59.579+0000] {logging_mixin.py:190} INFO - [2025-02-08T11:01:59.579+0000] {override.py:1900} INFO - Created Permission View: can read on DAG Run:example_dag_decorator
[2025-02-08T11:01:59.585+0000] {logging_mixin.py:190} INFO - [2025-02-08T11:01:59.584+0000] {override.py:1900} INFO - Created Permission View: can create on DAG Run:example_dag_decorator
[2025-02-08T11:01:59.590+0000] {logging_mixin.py:190} INFO - [2025-02-08T11:01:59.590+0000] {override.py:1900} INFO - Created Permission View: can delete on DAG Run:example_dag_decorator
[2025-02-08T11:01:59.591+0000] {logging_mixin.py:190} INFO - [2025-02-08T11:01:59.591+0000] {dag.py:3239} INFO - Sync 1 DAGs
[2025-02-08T11:01:59.601+0000] {logging_mixin.py:190} INFO - [2025-02-08T11:01:59.601+0000] {dag.py:3262} INFO - Creating ORM DAG for example_dag_decorator
[2025-02-08T11:01:59.602+0000] {logging_mixin.py:190} INFO - [2025-02-08T11:01:59.601+0000] {dag.py:4180} INFO - Setting next_dagrun for example_dag_decorator to None, run_after=None
[2025-02-08T11:01:59.615+0000] {processor.py:208} INFO - Processing /home/airflow/.local/lib/python3.12/site-packages/airflow/example_dags/example_dag_decorator.py took 0.167 seconds
[2025-02-08T11:02:30.712+0000] {processor.py:186} INFO - Started process (PID=619) to work on /home/airflow/.local/lib/python3.12/site-packages/airflow/example_dags/example_dag_decorator.py
[2025-02-08T11:02:30.713+0000] {processor.py:914} INFO - Processing file /home/airflow/.local/lib/python3.12/site-packages/airflow/example_dags/example_dag_decorator.py for tasks to queue
[2025-02-08T11:02:30.714+0000] {logging_mixin.py:190} INFO - [2025-02-08T11:02:30.714+0000] {dagbag.py:588} INFO - Filling up the DagBag from /home/airflow/.local/lib/python3.12/site-packages/airflow/example_dags/example_dag_decorator.py
[2025-02-08T11:02:30.722+0000] {processor.py:925} INFO - DAG(s) 'example_dag_decorator' retrieved from /home/airflow/.local/lib/python3.12/site-packages/airflow/example_dags/example_dag_decorator.py
[2025-02-08T11:02:30.737+0000] {logging_mixin.py:190} INFO - [2025-02-08T11:02:30.737+0000] {dag.py:3239} INFO - Sync 1 DAGs
[2025-02-08T11:02:30.749+0000] {logging_mixin.py:190} INFO - [2025-02-08T11:02:30.749+0000] {dag.py:4180} INFO - Setting next_dagrun for example_dag_decorator to None, run_after=None
[2025-02-08T11:02:30.766+0000] {processor.py:208} INFO - Processing /home/airflow/.local/lib/python3.12/site-packages/airflow/example_dags/example_dag_decorator.py took 0.058 seconds
[2025-02-08T11:03:38.809+0000] {processor.py:186} INFO - Started process (PID=333) to work on /home/airflow/.local/lib/python3.12/site-packages/airflow/example_dags/example_dag_decorator.py
[2025-02-08T11:03:38.810+0000] {processor.py:914} INFO - Processing file /home/airflow/.local/lib/python3.12/site-packages/airflow/example_dags/example_dag_decorator.py for tasks to queue
[2025-02-08T11:03:38.813+0000] {logging_mixin.py:190} INFO - [2025-02-08T11:03:38.812+0000] {dagbag.py:588} INFO - Filling up the DagBag from /home/airflow/.local/lib/python3.12/site-packages/airflow/example_dags/example_dag_decorator.py
[2025-02-08T11:03:38.823+0000] {processor.py:925} INFO - DAG(s) 'example_dag_decorator' retrieved from /home/airflow/.local/lib/python3.12/site-packages/airflow/example_dags/example_dag_decorator.py
[2025-02-08T11:03:38.935+0000] {logging_mixin.py:190} INFO - [2025-02-08T11:03:38.934+0000] {dag.py:3239} INFO - Sync 1 DAGs
[2025-02-08T11:03:38.947+0000] {logging_mixin.py:190} INFO - [2025-02-08T11:03:38.947+0000] {dag.py:4180} INFO - Setting next_dagrun for example_dag_decorator to None, run_after=None
[2025-02-08T11:03:38.965+0000] {processor.py:208} INFO - Processing /home/airflow/.local/lib/python3.12/site-packages/airflow/example_dags/example_dag_decorator.py took 0.162 seconds
[2025-02-08T11:04:09.235+0000] {processor.py:186} INFO - Started process (PID=621) to work on /home/airflow/.local/lib/python3.12/site-packages/airflow/example_dags/example_dag_decorator.py
[2025-02-08T11:04:09.236+0000] {processor.py:914} INFO - Processing file /home/airflow/.local/lib/python3.12/site-packages/airflow/example_dags/example_dag_decorator.py for tasks to queue
[2025-02-08T11:04:09.238+0000] {logging_mixin.py:190} INFO - [2025-02-08T11:04:09.237+0000] {dagbag.py:588} INFO - Filling up the DagBag from /home/airflow/.local/lib/python3.12/site-packages/airflow/example_dags/example_dag_decorator.py
[2025-02-08T11:04:09.247+0000] {processor.py:925} INFO - DAG(s) 'example_dag_decorator' retrieved from /home/airflow/.local/lib/python3.12/site-packages/airflow/example_dags/example_dag_decorator.py
[2025-02-08T11:04:09.331+0000] {logging_mixin.py:190} INFO - [2025-02-08T11:04:09.331+0000] {dag.py:3239} INFO - Sync 1 DAGs
[2025-02-08T11:04:09.341+0000] {logging_mixin.py:190} INFO - [2025-02-08T11:04:09.341+0000] {dag.py:4180} INFO - Setting next_dagrun for example_dag_decorator to None, run_after=None
[2025-02-08T11:04:09.358+0000] {processor.py:208} INFO - Processing /home/airflow/.local/lib/python3.12/site-packages/airflow/example_dags/example_dag_decorator.py took 0.128 seconds
[2025-02-08T11:04:39.416+0000] {processor.py:186} INFO - Started process (PID=907) to work on /home/airflow/.local/lib/python3.12/site-packages/airflow/example_dags/example_dag_decorator.py
[2025-02-08T11:04:39.417+0000] {processor.py:914} INFO - Processing file /home/airflow/.local/lib/python3.12/site-packages/airflow/example_dags/example_dag_decorator.py for tasks to queue
[2025-02-08T11:04:39.419+0000] {logging_mixin.py:190} INFO - [2025-02-08T11:04:39.418+0000] {dagbag.py:588} INFO - Filling up the DagBag from /home/airflow/.local/lib/python3.12/site-packages/airflow/example_dags/example_dag_decorator.py
[2025-02-08T11:04:39.427+0000] {processor.py:925} INFO - DAG(s) 'example_dag_decorator' retrieved from /home/airflow/.local/lib/python3.12/site-packages/airflow/example_dags/example_dag_decorator.py
[2025-02-08T11:04:39.508+0000] {logging_mixin.py:190} INFO - [2025-02-08T11:04:39.507+0000] {dag.py:3239} INFO - Sync 1 DAGs
[2025-02-08T11:04:39.517+0000] {logging_mixin.py:190} INFO - [2025-02-08T11:04:39.517+0000] {dag.py:4180} INFO - Setting next_dagrun for example_dag_decorator to None, run_after=None
[2025-02-08T11:04:39.532+0000] {processor.py:208} INFO - Processing /home/airflow/.local/lib/python3.12/site-packages/airflow/example_dags/example_dag_decorator.py took 0.120 seconds
[2025-02-08T11:33:20.145+0000] {processor.py:186} INFO - Started process (PID=333) to work on /home/airflow/.local/lib/python3.12/site-packages/airflow/example_dags/example_dag_decorator.py
[2025-02-08T11:33:20.145+0000] {processor.py:914} INFO - Processing file /home/airflow/.local/lib/python3.12/site-packages/airflow/example_dags/example_dag_decorator.py for tasks to queue
[2025-02-08T11:33:20.147+0000] {logging_mixin.py:190} INFO - [2025-02-08T11:33:20.147+0000] {dagbag.py:588} INFO - Filling up the DagBag from /home/airflow/.local/lib/python3.12/site-packages/airflow/example_dags/example_dag_decorator.py
[2025-02-08T11:33:20.156+0000] {processor.py:925} INFO - DAG(s) 'example_dag_decorator' retrieved from /home/airflow/.local/lib/python3.12/site-packages/airflow/example_dags/example_dag_decorator.py
[2025-02-08T11:33:20.240+0000] {logging_mixin.py:190} INFO - [2025-02-08T11:33:20.239+0000] {override.py:1900} INFO - Created Permission View: can edit on DAG:example_dag_decorator
[2025-02-08T11:33:20.248+0000] {logging_mixin.py:190} INFO - [2025-02-08T11:33:20.248+0000] {override.py:1900} INFO - Created Permission View: can delete on DAG:example_dag_decorator
[2025-02-08T11:33:20.254+0000] {logging_mixin.py:190} INFO - [2025-02-08T11:33:20.253+0000] {override.py:1900} INFO - Created Permission View: can read on DAG:example_dag_decorator
[2025-02-08T11:33:20.260+0000] {logging_mixin.py:190} INFO - [2025-02-08T11:33:20.260+0000] {override.py:1900} INFO - Created Permission View: menu access on DAG Run:example_dag_decorator
[2025-02-08T11:33:20.265+0000] {logging_mixin.py:190} INFO - [2025-02-08T11:33:20.265+0000] {override.py:1900} INFO - Created Permission View: can create on DAG Run:example_dag_decorator
[2025-02-08T11:33:20.270+0000] {logging_mixin.py:190} INFO - [2025-02-08T11:33:20.270+0000] {override.py:1900} INFO - Created Permission View: can delete on DAG Run:example_dag_decorator
[2025-02-08T11:33:20.274+0000] {logging_mixin.py:190} INFO - [2025-02-08T11:33:20.274+0000] {override.py:1900} INFO - Created Permission View: can read on DAG Run:example_dag_decorator
[2025-02-08T11:33:20.275+0000] {logging_mixin.py:190} INFO - [2025-02-08T11:33:20.275+0000] {dag.py:3239} INFO - Sync 1 DAGs
[2025-02-08T11:33:20.285+0000] {logging_mixin.py:190} INFO - [2025-02-08T11:33:20.285+0000] {dag.py:3262} INFO - Creating ORM DAG for example_dag_decorator
[2025-02-08T11:33:20.285+0000] {logging_mixin.py:190} INFO - [2025-02-08T11:33:20.285+0000] {dag.py:4180} INFO - Setting next_dagrun for example_dag_decorator to None, run_after=None
[2025-02-08T11:33:20.298+0000] {processor.py:208} INFO - Processing /home/airflow/.local/lib/python3.12/site-packages/airflow/example_dags/example_dag_decorator.py took 0.158 seconds
[2025-02-08T11:33:50.394+0000] {processor.py:186} INFO - Started process (PID=621) to work on /home/airflow/.local/lib/python3.12/site-packages/airflow/example_dags/example_dag_decorator.py
[2025-02-08T11:33:50.395+0000] {processor.py:914} INFO - Processing file /home/airflow/.local/lib/python3.12/site-packages/airflow/example_dags/example_dag_decorator.py for tasks to queue
[2025-02-08T11:33:50.396+0000] {logging_mixin.py:190} INFO - [2025-02-08T11:33:50.396+0000] {dagbag.py:588} INFO - Filling up the DagBag from /home/airflow/.local/lib/python3.12/site-packages/airflow/example_dags/example_dag_decorator.py
[2025-02-08T11:33:50.405+0000] {processor.py:925} INFO - DAG(s) 'example_dag_decorator' retrieved from /home/airflow/.local/lib/python3.12/site-packages/airflow/example_dags/example_dag_decorator.py
[2025-02-08T11:33:50.504+0000] {logging_mixin.py:190} INFO - [2025-02-08T11:33:50.504+0000] {dag.py:3239} INFO - Sync 1 DAGs
[2025-02-08T11:33:50.517+0000] {logging_mixin.py:190} INFO - [2025-02-08T11:33:50.517+0000] {dag.py:4180} INFO - Setting next_dagrun for example_dag_decorator to None, run_after=None
[2025-02-08T11:33:50.536+0000] {processor.py:208} INFO - Processing /home/airflow/.local/lib/python3.12/site-packages/airflow/example_dags/example_dag_decorator.py took 0.148 seconds
[2025-02-08T11:34:20.747+0000] {processor.py:186} INFO - Started process (PID=905) to work on /home/airflow/.local/lib/python3.12/site-packages/airflow/example_dags/example_dag_decorator.py
[2025-02-08T11:34:20.747+0000] {processor.py:914} INFO - Processing file /home/airflow/.local/lib/python3.12/site-packages/airflow/example_dags/example_dag_decorator.py for tasks to queue
[2025-02-08T11:34:20.749+0000] {logging_mixin.py:190} INFO - [2025-02-08T11:34:20.749+0000] {dagbag.py:588} INFO - Filling up the DagBag from /home/airflow/.local/lib/python3.12/site-packages/airflow/example_dags/example_dag_decorator.py
[2025-02-08T11:34:20.759+0000] {processor.py:925} INFO - DAG(s) 'example_dag_decorator' retrieved from /home/airflow/.local/lib/python3.12/site-packages/airflow/example_dags/example_dag_decorator.py
[2025-02-08T11:34:20.841+0000] {logging_mixin.py:190} INFO - [2025-02-08T11:34:20.841+0000] {dag.py:3239} INFO - Sync 1 DAGs
[2025-02-08T11:34:20.851+0000] {logging_mixin.py:190} INFO - [2025-02-08T11:34:20.851+0000] {dag.py:4180} INFO - Setting next_dagrun for example_dag_decorator to None, run_after=None
[2025-02-08T11:34:20.866+0000] {processor.py:208} INFO - Processing /home/airflow/.local/lib/python3.12/site-packages/airflow/example_dags/example_dag_decorator.py took 0.124 seconds
[2025-02-08T11:34:51.039+0000] {processor.py:186} INFO - Started process (PID=1193) to work on /home/airflow/.local/lib/python3.12/site-packages/airflow/example_dags/example_dag_decorator.py
[2025-02-08T11:34:51.039+0000] {processor.py:914} INFO - Processing file /home/airflow/.local/lib/python3.12/site-packages/airflow/example_dags/example_dag_decorator.py for tasks to queue
[2025-02-08T11:34:51.041+0000] {logging_mixin.py:190} INFO - [2025-02-08T11:34:51.041+0000] {dagbag.py:588} INFO - Filling up the DagBag from /home/airflow/.local/lib/python3.12/site-packages/airflow/example_dags/example_dag_decorator.py
[2025-02-08T11:34:51.050+0000] {processor.py:925} INFO - DAG(s) 'example_dag_decorator' retrieved from /home/airflow/.local/lib/python3.12/site-packages/airflow/example_dags/example_dag_decorator.py
[2025-02-08T11:34:51.129+0000] {logging_mixin.py:190} INFO - [2025-02-08T11:34:51.129+0000] {dag.py:3239} INFO - Sync 1 DAGs
[2025-02-08T11:34:51.139+0000] {logging_mixin.py:190} INFO - [2025-02-08T11:34:51.139+0000] {dag.py:4180} INFO - Setting next_dagrun for example_dag_decorator to None, run_after=None
[2025-02-08T11:34:51.153+0000] {processor.py:208} INFO - Processing /home/airflow/.local/lib/python3.12/site-packages/airflow/example_dags/example_dag_decorator.py took 0.119 seconds
