[2025-02-08T10:51:22.507+0000] {processor.py:186} INFO - Started process (PID=273) to work on /home/airflow/.local/lib/python3.12/site-packages/airflow/example_dags/example_skip_dag.py
[2025-02-08T10:51:22.507+0000] {processor.py:914} INFO - Processing file /home/airflow/.local/lib/python3.12/site-packages/airflow/example_dags/example_skip_dag.py for tasks to queue
[2025-02-08T10:51:22.509+0000] {logging_mixin.py:190} INFO - [2025-02-08T10:51:22.509+0000] {dagbag.py:588} INFO - Filling up the DagBag from /home/airflow/.local/lib/python3.12/site-packages/airflow/example_dags/example_skip_dag.py
[2025-02-08T10:51:22.517+0000] {processor.py:925} INFO - DAG(s) 'example_skip_dag' retrieved from /home/airflow/.local/lib/python3.12/site-packages/airflow/example_dags/example_skip_dag.py
[2025-02-08T10:51:22.615+0000] {logging_mixin.py:190} INFO - [2025-02-08T10:51:22.614+0000] {override.py:1900} INFO - Created Permission View: can delete on DAG:example_skip_dag
[2025-02-08T10:51:22.627+0000] {logging_mixin.py:190} INFO - [2025-02-08T10:51:22.627+0000] {override.py:1900} INFO - Created Permission View: can read on DAG:example_skip_dag
[2025-02-08T10:51:22.634+0000] {logging_mixin.py:190} INFO - [2025-02-08T10:51:22.634+0000] {override.py:1900} INFO - Created Permission View: can edit on DAG:example_skip_dag
[2025-02-08T10:51:22.645+0000] {logging_mixin.py:190} INFO - [2025-02-08T10:51:22.644+0000] {override.py:1900} INFO - Created Permission View: can delete on DAG Run:example_skip_dag
[2025-02-08T10:51:22.652+0000] {logging_mixin.py:190} INFO - [2025-02-08T10:51:22.651+0000] {override.py:1900} INFO - Created Permission View: can read on DAG Run:example_skip_dag
[2025-02-08T10:51:22.661+0000] {logging_mixin.py:190} INFO - [2025-02-08T10:51:22.661+0000] {override.py:1900} INFO - Created Permission View: menu access on DAG Run:example_skip_dag
[2025-02-08T10:51:22.669+0000] {logging_mixin.py:190} INFO - [2025-02-08T10:51:22.669+0000] {override.py:1900} INFO - Created Permission View: can create on DAG Run:example_skip_dag
[2025-02-08T10:51:22.670+0000] {logging_mixin.py:190} INFO - [2025-02-08T10:51:22.670+0000] {dag.py:3239} INFO - Sync 1 DAGs
[2025-02-08T10:51:22.685+0000] {logging_mixin.py:190} INFO - [2025-02-08T10:51:22.685+0000] {dag.py:3262} INFO - Creating ORM DAG for example_skip_dag
[2025-02-08T10:51:22.697+0000] {logging_mixin.py:190} INFO - [2025-02-08T10:51:22.696+0000] {dag.py:4180} INFO - Setting next_dagrun for example_skip_dag to 2025-02-07 00:00:00+00:00, run_after=2025-02-08 00:00:00+00:00
[2025-02-08T10:51:22.713+0000] {processor.py:208} INFO - Processing /home/airflow/.local/lib/python3.12/site-packages/airflow/example_dags/example_skip_dag.py took 0.211 seconds
[2025-02-08T10:51:53.684+0000] {processor.py:186} INFO - Started process (PID=559) to work on /home/airflow/.local/lib/python3.12/site-packages/airflow/example_dags/example_skip_dag.py
[2025-02-08T10:51:53.685+0000] {processor.py:914} INFO - Processing file /home/airflow/.local/lib/python3.12/site-packages/airflow/example_dags/example_skip_dag.py for tasks to queue
[2025-02-08T10:51:53.687+0000] {logging_mixin.py:190} INFO - [2025-02-08T10:51:53.687+0000] {dagbag.py:588} INFO - Filling up the DagBag from /home/airflow/.local/lib/python3.12/site-packages/airflow/example_dags/example_skip_dag.py
[2025-02-08T10:51:53.693+0000] {processor.py:925} INFO - DAG(s) 'example_skip_dag' retrieved from /home/airflow/.local/lib/python3.12/site-packages/airflow/example_dags/example_skip_dag.py
[2025-02-08T10:51:53.712+0000] {logging_mixin.py:190} INFO - [2025-02-08T10:51:53.712+0000] {dag.py:3239} INFO - Sync 1 DAGs
[2025-02-08T10:51:53.732+0000] {logging_mixin.py:190} INFO - [2025-02-08T10:51:53.732+0000] {dag.py:4180} INFO - Setting next_dagrun for example_skip_dag to 2025-02-07 00:00:00+00:00, run_after=2025-02-08 00:00:00+00:00
[2025-02-08T10:51:53.747+0000] {processor.py:208} INFO - Processing /home/airflow/.local/lib/python3.12/site-packages/airflow/example_dags/example_skip_dag.py took 0.068 seconds
[2025-02-08T10:52:23.900+0000] {processor.py:186} INFO - Started process (PID=845) to work on /home/airflow/.local/lib/python3.12/site-packages/airflow/example_dags/example_skip_dag.py
[2025-02-08T10:52:23.901+0000] {processor.py:914} INFO - Processing file /home/airflow/.local/lib/python3.12/site-packages/airflow/example_dags/example_skip_dag.py for tasks to queue
[2025-02-08T10:52:23.903+0000] {logging_mixin.py:190} INFO - [2025-02-08T10:52:23.903+0000] {dagbag.py:588} INFO - Filling up the DagBag from /home/airflow/.local/lib/python3.12/site-packages/airflow/example_dags/example_skip_dag.py
[2025-02-08T10:52:23.909+0000] {processor.py:925} INFO - DAG(s) 'example_skip_dag' retrieved from /home/airflow/.local/lib/python3.12/site-packages/airflow/example_dags/example_skip_dag.py
[2025-02-08T10:52:23.926+0000] {logging_mixin.py:190} INFO - [2025-02-08T10:52:23.926+0000] {dag.py:3239} INFO - Sync 1 DAGs
[2025-02-08T10:52:23.945+0000] {logging_mixin.py:190} INFO - [2025-02-08T10:52:23.944+0000] {dag.py:4180} INFO - Setting next_dagrun for example_skip_dag to 2025-02-07 00:00:00+00:00, run_after=2025-02-08 00:00:00+00:00
[2025-02-08T10:52:23.959+0000] {processor.py:208} INFO - Processing /home/airflow/.local/lib/python3.12/site-packages/airflow/example_dags/example_skip_dag.py took 0.064 seconds
[2025-02-08T10:52:54.094+0000] {processor.py:186} INFO - Started process (PID=1131) to work on /home/airflow/.local/lib/python3.12/site-packages/airflow/example_dags/example_skip_dag.py
[2025-02-08T10:52:54.095+0000] {processor.py:914} INFO - Processing file /home/airflow/.local/lib/python3.12/site-packages/airflow/example_dags/example_skip_dag.py for tasks to queue
[2025-02-08T10:52:54.097+0000] {logging_mixin.py:190} INFO - [2025-02-08T10:52:54.096+0000] {dagbag.py:588} INFO - Filling up the DagBag from /home/airflow/.local/lib/python3.12/site-packages/airflow/example_dags/example_skip_dag.py
[2025-02-08T10:52:54.103+0000] {processor.py:925} INFO - DAG(s) 'example_skip_dag' retrieved from /home/airflow/.local/lib/python3.12/site-packages/airflow/example_dags/example_skip_dag.py
[2025-02-08T10:52:54.118+0000] {logging_mixin.py:190} INFO - [2025-02-08T10:52:54.118+0000] {dag.py:3239} INFO - Sync 1 DAGs
[2025-02-08T10:52:54.138+0000] {logging_mixin.py:190} INFO - [2025-02-08T10:52:54.138+0000] {dag.py:4180} INFO - Setting next_dagrun for example_skip_dag to 2025-02-07 00:00:00+00:00, run_after=2025-02-08 00:00:00+00:00
[2025-02-08T10:52:54.155+0000] {processor.py:208} INFO - Processing /home/airflow/.local/lib/python3.12/site-packages/airflow/example_dags/example_skip_dag.py took 0.067 seconds
[2025-02-08T10:53:24.438+0000] {processor.py:186} INFO - Started process (PID=1417) to work on /home/airflow/.local/lib/python3.12/site-packages/airflow/example_dags/example_skip_dag.py
[2025-02-08T10:53:24.438+0000] {processor.py:914} INFO - Processing file /home/airflow/.local/lib/python3.12/site-packages/airflow/example_dags/example_skip_dag.py for tasks to queue
[2025-02-08T10:53:24.440+0000] {logging_mixin.py:190} INFO - [2025-02-08T10:53:24.440+0000] {dagbag.py:588} INFO - Filling up the DagBag from /home/airflow/.local/lib/python3.12/site-packages/airflow/example_dags/example_skip_dag.py
[2025-02-08T10:53:24.447+0000] {processor.py:925} INFO - DAG(s) 'example_skip_dag' retrieved from /home/airflow/.local/lib/python3.12/site-packages/airflow/example_dags/example_skip_dag.py
[2025-02-08T10:53:24.465+0000] {logging_mixin.py:190} INFO - [2025-02-08T10:53:24.464+0000] {dag.py:3239} INFO - Sync 1 DAGs
[2025-02-08T10:53:24.481+0000] {logging_mixin.py:190} INFO - [2025-02-08T10:53:24.481+0000] {dag.py:4180} INFO - Setting next_dagrun for example_skip_dag to 2025-02-07 00:00:00+00:00, run_after=2025-02-08 00:00:00+00:00
[2025-02-08T10:53:24.498+0000] {processor.py:208} INFO - Processing /home/airflow/.local/lib/python3.12/site-packages/airflow/example_dags/example_skip_dag.py took 0.066 seconds
[2025-02-08T10:53:54.552+0000] {processor.py:186} INFO - Started process (PID=1700) to work on /home/airflow/.local/lib/python3.12/site-packages/airflow/example_dags/example_skip_dag.py
[2025-02-08T10:53:54.553+0000] {processor.py:914} INFO - Processing file /home/airflow/.local/lib/python3.12/site-packages/airflow/example_dags/example_skip_dag.py for tasks to queue
[2025-02-08T10:53:54.555+0000] {logging_mixin.py:190} INFO - [2025-02-08T10:53:54.554+0000] {dagbag.py:588} INFO - Filling up the DagBag from /home/airflow/.local/lib/python3.12/site-packages/airflow/example_dags/example_skip_dag.py
[2025-02-08T10:53:54.561+0000] {processor.py:925} INFO - DAG(s) 'example_skip_dag' retrieved from /home/airflow/.local/lib/python3.12/site-packages/airflow/example_dags/example_skip_dag.py
[2025-02-08T10:53:54.576+0000] {logging_mixin.py:190} INFO - [2025-02-08T10:53:54.576+0000] {dag.py:3239} INFO - Sync 1 DAGs
[2025-02-08T10:53:54.593+0000] {logging_mixin.py:190} INFO - [2025-02-08T10:53:54.593+0000] {dag.py:4180} INFO - Setting next_dagrun for example_skip_dag to 2025-02-07 00:00:00+00:00, run_after=2025-02-08 00:00:00+00:00
[2025-02-08T10:53:54.609+0000] {processor.py:208} INFO - Processing /home/airflow/.local/lib/python3.12/site-packages/airflow/example_dags/example_skip_dag.py took 0.062 seconds
[2025-02-08T10:54:24.651+0000] {processor.py:186} INFO - Started process (PID=1984) to work on /home/airflow/.local/lib/python3.12/site-packages/airflow/example_dags/example_skip_dag.py
[2025-02-08T10:54:24.652+0000] {processor.py:914} INFO - Processing file /home/airflow/.local/lib/python3.12/site-packages/airflow/example_dags/example_skip_dag.py for tasks to queue
[2025-02-08T10:54:24.654+0000] {logging_mixin.py:190} INFO - [2025-02-08T10:54:24.653+0000] {dagbag.py:588} INFO - Filling up the DagBag from /home/airflow/.local/lib/python3.12/site-packages/airflow/example_dags/example_skip_dag.py
[2025-02-08T10:54:24.660+0000] {processor.py:925} INFO - DAG(s) 'example_skip_dag' retrieved from /home/airflow/.local/lib/python3.12/site-packages/airflow/example_dags/example_skip_dag.py
[2025-02-08T10:54:24.677+0000] {logging_mixin.py:190} INFO - [2025-02-08T10:54:24.676+0000] {dag.py:3239} INFO - Sync 1 DAGs
[2025-02-08T10:54:24.695+0000] {logging_mixin.py:190} INFO - [2025-02-08T10:54:24.694+0000] {dag.py:4180} INFO - Setting next_dagrun for example_skip_dag to 2025-02-07 00:00:00+00:00, run_after=2025-02-08 00:00:00+00:00
[2025-02-08T10:54:24.709+0000] {processor.py:208} INFO - Processing /home/airflow/.local/lib/python3.12/site-packages/airflow/example_dags/example_skip_dag.py took 0.062 seconds
[2025-02-08T10:54:55.104+0000] {processor.py:186} INFO - Started process (PID=2270) to work on /home/airflow/.local/lib/python3.12/site-packages/airflow/example_dags/example_skip_dag.py
[2025-02-08T10:54:55.105+0000] {processor.py:914} INFO - Processing file /home/airflow/.local/lib/python3.12/site-packages/airflow/example_dags/example_skip_dag.py for tasks to queue
[2025-02-08T10:54:55.107+0000] {logging_mixin.py:190} INFO - [2025-02-08T10:54:55.107+0000] {dagbag.py:588} INFO - Filling up the DagBag from /home/airflow/.local/lib/python3.12/site-packages/airflow/example_dags/example_skip_dag.py
[2025-02-08T10:54:55.113+0000] {processor.py:925} INFO - DAG(s) 'example_skip_dag' retrieved from /home/airflow/.local/lib/python3.12/site-packages/airflow/example_dags/example_skip_dag.py
[2025-02-08T10:54:55.129+0000] {logging_mixin.py:190} INFO - [2025-02-08T10:54:55.129+0000] {dag.py:3239} INFO - Sync 1 DAGs
[2025-02-08T10:54:55.148+0000] {logging_mixin.py:190} INFO - [2025-02-08T10:54:55.148+0000] {dag.py:4180} INFO - Setting next_dagrun for example_skip_dag to 2025-02-07 00:00:00+00:00, run_after=2025-02-08 00:00:00+00:00
[2025-02-08T10:54:55.161+0000] {processor.py:208} INFO - Processing /home/airflow/.local/lib/python3.12/site-packages/airflow/example_dags/example_skip_dag.py took 0.063 seconds
[2025-02-08T10:55:25.475+0000] {processor.py:186} INFO - Started process (PID=2556) to work on /home/airflow/.local/lib/python3.12/site-packages/airflow/example_dags/example_skip_dag.py
[2025-02-08T10:55:25.475+0000] {processor.py:914} INFO - Processing file /home/airflow/.local/lib/python3.12/site-packages/airflow/example_dags/example_skip_dag.py for tasks to queue
[2025-02-08T10:55:25.477+0000] {logging_mixin.py:190} INFO - [2025-02-08T10:55:25.477+0000] {dagbag.py:588} INFO - Filling up the DagBag from /home/airflow/.local/lib/python3.12/site-packages/airflow/example_dags/example_skip_dag.py
[2025-02-08T10:55:25.483+0000] {processor.py:925} INFO - DAG(s) 'example_skip_dag' retrieved from /home/airflow/.local/lib/python3.12/site-packages/airflow/example_dags/example_skip_dag.py
[2025-02-08T10:55:25.498+0000] {logging_mixin.py:190} INFO - [2025-02-08T10:55:25.498+0000] {dag.py:3239} INFO - Sync 1 DAGs
[2025-02-08T10:55:25.515+0000] {logging_mixin.py:190} INFO - [2025-02-08T10:55:25.515+0000] {dag.py:4180} INFO - Setting next_dagrun for example_skip_dag to 2025-02-07 00:00:00+00:00, run_after=2025-02-08 00:00:00+00:00
[2025-02-08T10:55:25.528+0000] {processor.py:208} INFO - Processing /home/airflow/.local/lib/python3.12/site-packages/airflow/example_dags/example_skip_dag.py took 0.059 seconds
[2025-02-08T10:55:55.668+0000] {processor.py:186} INFO - Started process (PID=2844) to work on /home/airflow/.local/lib/python3.12/site-packages/airflow/example_dags/example_skip_dag.py
[2025-02-08T10:55:55.669+0000] {processor.py:914} INFO - Processing file /home/airflow/.local/lib/python3.12/site-packages/airflow/example_dags/example_skip_dag.py for tasks to queue
[2025-02-08T10:55:55.671+0000] {logging_mixin.py:190} INFO - [2025-02-08T10:55:55.671+0000] {dagbag.py:588} INFO - Filling up the DagBag from /home/airflow/.local/lib/python3.12/site-packages/airflow/example_dags/example_skip_dag.py
[2025-02-08T10:55:55.678+0000] {processor.py:925} INFO - DAG(s) 'example_skip_dag' retrieved from /home/airflow/.local/lib/python3.12/site-packages/airflow/example_dags/example_skip_dag.py
[2025-02-08T10:55:55.696+0000] {logging_mixin.py:190} INFO - [2025-02-08T10:55:55.696+0000] {dag.py:3239} INFO - Sync 1 DAGs
[2025-02-08T10:55:55.719+0000] {logging_mixin.py:190} INFO - [2025-02-08T10:55:55.719+0000] {dag.py:4180} INFO - Setting next_dagrun for example_skip_dag to 2025-02-07 00:00:00+00:00, run_after=2025-02-08 00:00:00+00:00
[2025-02-08T10:55:55.737+0000] {processor.py:208} INFO - Processing /home/airflow/.local/lib/python3.12/site-packages/airflow/example_dags/example_skip_dag.py took 0.074 seconds
[2025-02-08T10:56:25.843+0000] {processor.py:186} INFO - Started process (PID=3128) to work on /home/airflow/.local/lib/python3.12/site-packages/airflow/example_dags/example_skip_dag.py
[2025-02-08T10:56:25.844+0000] {processor.py:914} INFO - Processing file /home/airflow/.local/lib/python3.12/site-packages/airflow/example_dags/example_skip_dag.py for tasks to queue
[2025-02-08T10:56:25.847+0000] {logging_mixin.py:190} INFO - [2025-02-08T10:56:25.846+0000] {dagbag.py:588} INFO - Filling up the DagBag from /home/airflow/.local/lib/python3.12/site-packages/airflow/example_dags/example_skip_dag.py
[2025-02-08T10:56:25.854+0000] {processor.py:925} INFO - DAG(s) 'example_skip_dag' retrieved from /home/airflow/.local/lib/python3.12/site-packages/airflow/example_dags/example_skip_dag.py
[2025-02-08T10:56:25.878+0000] {logging_mixin.py:190} INFO - [2025-02-08T10:56:25.877+0000] {dag.py:3239} INFO - Sync 1 DAGs
[2025-02-08T10:56:25.896+0000] {logging_mixin.py:190} INFO - [2025-02-08T10:56:25.896+0000] {dag.py:4180} INFO - Setting next_dagrun for example_skip_dag to 2025-02-07 00:00:00+00:00, run_after=2025-02-08 00:00:00+00:00
[2025-02-08T10:56:25.916+0000] {processor.py:208} INFO - Processing /home/airflow/.local/lib/python3.12/site-packages/airflow/example_dags/example_skip_dag.py took 0.078 seconds
[2025-02-08T10:56:56.177+0000] {processor.py:186} INFO - Started process (PID=3416) to work on /home/airflow/.local/lib/python3.12/site-packages/airflow/example_dags/example_skip_dag.py
[2025-02-08T10:56:56.177+0000] {processor.py:914} INFO - Processing file /home/airflow/.local/lib/python3.12/site-packages/airflow/example_dags/example_skip_dag.py for tasks to queue
[2025-02-08T10:56:56.179+0000] {logging_mixin.py:190} INFO - [2025-02-08T10:56:56.179+0000] {dagbag.py:588} INFO - Filling up the DagBag from /home/airflow/.local/lib/python3.12/site-packages/airflow/example_dags/example_skip_dag.py
[2025-02-08T10:56:56.185+0000] {processor.py:925} INFO - DAG(s) 'example_skip_dag' retrieved from /home/airflow/.local/lib/python3.12/site-packages/airflow/example_dags/example_skip_dag.py
[2025-02-08T10:56:56.202+0000] {logging_mixin.py:190} INFO - [2025-02-08T10:56:56.202+0000] {dag.py:3239} INFO - Sync 1 DAGs
[2025-02-08T10:56:56.220+0000] {logging_mixin.py:190} INFO - [2025-02-08T10:56:56.219+0000] {dag.py:4180} INFO - Setting next_dagrun for example_skip_dag to 2025-02-07 00:00:00+00:00, run_after=2025-02-08 00:00:00+00:00
[2025-02-08T10:56:56.236+0000] {processor.py:208} INFO - Processing /home/airflow/.local/lib/python3.12/site-packages/airflow/example_dags/example_skip_dag.py took 0.064 seconds
[2025-02-08T10:57:26.426+0000] {processor.py:186} INFO - Started process (PID=3700) to work on /home/airflow/.local/lib/python3.12/site-packages/airflow/example_dags/example_skip_dag.py
[2025-02-08T10:57:26.427+0000] {processor.py:914} INFO - Processing file /home/airflow/.local/lib/python3.12/site-packages/airflow/example_dags/example_skip_dag.py for tasks to queue
[2025-02-08T10:57:26.429+0000] {logging_mixin.py:190} INFO - [2025-02-08T10:57:26.429+0000] {dagbag.py:588} INFO - Filling up the DagBag from /home/airflow/.local/lib/python3.12/site-packages/airflow/example_dags/example_skip_dag.py
[2025-02-08T10:57:26.435+0000] {processor.py:925} INFO - DAG(s) 'example_skip_dag' retrieved from /home/airflow/.local/lib/python3.12/site-packages/airflow/example_dags/example_skip_dag.py
[2025-02-08T10:57:26.452+0000] {logging_mixin.py:190} INFO - [2025-02-08T10:57:26.452+0000] {dag.py:3239} INFO - Sync 1 DAGs
[2025-02-08T10:57:26.472+0000] {logging_mixin.py:190} INFO - [2025-02-08T10:57:26.472+0000] {dag.py:4180} INFO - Setting next_dagrun for example_skip_dag to 2025-02-07 00:00:00+00:00, run_after=2025-02-08 00:00:00+00:00
[2025-02-08T10:57:26.490+0000] {processor.py:208} INFO - Processing /home/airflow/.local/lib/python3.12/site-packages/airflow/example_dags/example_skip_dag.py took 0.070 seconds
[2025-02-08T10:57:56.913+0000] {processor.py:186} INFO - Started process (PID=3987) to work on /home/airflow/.local/lib/python3.12/site-packages/airflow/example_dags/example_skip_dag.py
[2025-02-08T10:57:56.914+0000] {processor.py:914} INFO - Processing file /home/airflow/.local/lib/python3.12/site-packages/airflow/example_dags/example_skip_dag.py for tasks to queue
[2025-02-08T10:57:56.916+0000] {logging_mixin.py:190} INFO - [2025-02-08T10:57:56.915+0000] {dagbag.py:588} INFO - Filling up the DagBag from /home/airflow/.local/lib/python3.12/site-packages/airflow/example_dags/example_skip_dag.py
[2025-02-08T10:57:56.922+0000] {processor.py:925} INFO - DAG(s) 'example_skip_dag' retrieved from /home/airflow/.local/lib/python3.12/site-packages/airflow/example_dags/example_skip_dag.py
[2025-02-08T10:57:56.937+0000] {logging_mixin.py:190} INFO - [2025-02-08T10:57:56.937+0000] {dag.py:3239} INFO - Sync 1 DAGs
[2025-02-08T10:57:56.956+0000] {logging_mixin.py:190} INFO - [2025-02-08T10:57:56.956+0000] {dag.py:4180} INFO - Setting next_dagrun for example_skip_dag to 2025-02-07 00:00:00+00:00, run_after=2025-02-08 00:00:00+00:00
[2025-02-08T10:57:56.971+0000] {processor.py:208} INFO - Processing /home/airflow/.local/lib/python3.12/site-packages/airflow/example_dags/example_skip_dag.py took 0.062 seconds
[2025-02-08T10:58:27.200+0000] {processor.py:186} INFO - Started process (PID=4286) to work on /home/airflow/.local/lib/python3.12/site-packages/airflow/example_dags/example_skip_dag.py
[2025-02-08T10:58:27.201+0000] {processor.py:914} INFO - Processing file /home/airflow/.local/lib/python3.12/site-packages/airflow/example_dags/example_skip_dag.py for tasks to queue
[2025-02-08T10:58:27.203+0000] {logging_mixin.py:190} INFO - [2025-02-08T10:58:27.203+0000] {dagbag.py:588} INFO - Filling up the DagBag from /home/airflow/.local/lib/python3.12/site-packages/airflow/example_dags/example_skip_dag.py
[2025-02-08T10:58:27.210+0000] {processor.py:925} INFO - DAG(s) 'example_skip_dag' retrieved from /home/airflow/.local/lib/python3.12/site-packages/airflow/example_dags/example_skip_dag.py
[2025-02-08T10:58:27.229+0000] {logging_mixin.py:190} INFO - [2025-02-08T10:58:27.229+0000] {dag.py:3239} INFO - Sync 1 DAGs
[2025-02-08T10:58:27.252+0000] {logging_mixin.py:190} INFO - [2025-02-08T10:58:27.251+0000] {dag.py:4180} INFO - Setting next_dagrun for example_skip_dag to 2025-02-07 00:00:00+00:00, run_after=2025-02-08 00:00:00+00:00
[2025-02-08T10:58:27.271+0000] {processor.py:208} INFO - Processing /home/airflow/.local/lib/python3.12/site-packages/airflow/example_dags/example_skip_dag.py took 0.077 seconds
[2025-02-08T10:58:57.613+0000] {processor.py:186} INFO - Started process (PID=4762) to work on /home/airflow/.local/lib/python3.12/site-packages/airflow/example_dags/example_skip_dag.py
[2025-02-08T10:58:57.614+0000] {processor.py:914} INFO - Processing file /home/airflow/.local/lib/python3.12/site-packages/airflow/example_dags/example_skip_dag.py for tasks to queue
[2025-02-08T10:58:57.616+0000] {logging_mixin.py:190} INFO - [2025-02-08T10:58:57.616+0000] {dagbag.py:588} INFO - Filling up the DagBag from /home/airflow/.local/lib/python3.12/site-packages/airflow/example_dags/example_skip_dag.py
[2025-02-08T10:58:57.622+0000] {processor.py:925} INFO - DAG(s) 'example_skip_dag' retrieved from /home/airflow/.local/lib/python3.12/site-packages/airflow/example_dags/example_skip_dag.py
[2025-02-08T10:58:57.638+0000] {logging_mixin.py:190} INFO - [2025-02-08T10:58:57.638+0000] {dag.py:3239} INFO - Sync 1 DAGs
[2025-02-08T10:58:57.659+0000] {logging_mixin.py:190} INFO - [2025-02-08T10:58:57.658+0000] {dag.py:4180} INFO - Setting next_dagrun for example_skip_dag to 2025-02-07 00:00:00+00:00, run_after=2025-02-08 00:00:00+00:00
[2025-02-08T10:58:57.674+0000] {processor.py:208} INFO - Processing /home/airflow/.local/lib/python3.12/site-packages/airflow/example_dags/example_skip_dag.py took 0.066 seconds
[2025-02-08T10:59:27.932+0000] {processor.py:186} INFO - Started process (PID=5108) to work on /home/airflow/.local/lib/python3.12/site-packages/airflow/example_dags/example_skip_dag.py
[2025-02-08T10:59:27.933+0000] {processor.py:914} INFO - Processing file /home/airflow/.local/lib/python3.12/site-packages/airflow/example_dags/example_skip_dag.py for tasks to queue
[2025-02-08T10:59:27.935+0000] {logging_mixin.py:190} INFO - [2025-02-08T10:59:27.934+0000] {dagbag.py:588} INFO - Filling up the DagBag from /home/airflow/.local/lib/python3.12/site-packages/airflow/example_dags/example_skip_dag.py
[2025-02-08T10:59:27.941+0000] {processor.py:925} INFO - DAG(s) 'example_skip_dag' retrieved from /home/airflow/.local/lib/python3.12/site-packages/airflow/example_dags/example_skip_dag.py
[2025-02-08T10:59:27.961+0000] {logging_mixin.py:190} INFO - [2025-02-08T10:59:27.961+0000] {dag.py:3239} INFO - Sync 1 DAGs
[2025-02-08T10:59:27.980+0000] {logging_mixin.py:190} INFO - [2025-02-08T10:59:27.980+0000] {dag.py:4180} INFO - Setting next_dagrun for example_skip_dag to 2025-02-07 00:00:00+00:00, run_after=2025-02-08 00:00:00+00:00
[2025-02-08T10:59:27.995+0000] {processor.py:208} INFO - Processing /home/airflow/.local/lib/python3.12/site-packages/airflow/example_dags/example_skip_dag.py took 0.067 seconds
[2025-02-08T11:01:58.177+0000] {processor.py:186} INFO - Started process (PID=273) to work on /home/airflow/.local/lib/python3.12/site-packages/airflow/example_dags/example_skip_dag.py
[2025-02-08T11:01:58.178+0000] {processor.py:914} INFO - Processing file /home/airflow/.local/lib/python3.12/site-packages/airflow/example_dags/example_skip_dag.py for tasks to queue
[2025-02-08T11:01:58.179+0000] {logging_mixin.py:190} INFO - [2025-02-08T11:01:58.179+0000] {dagbag.py:588} INFO - Filling up the DagBag from /home/airflow/.local/lib/python3.12/site-packages/airflow/example_dags/example_skip_dag.py
[2025-02-08T11:01:58.187+0000] {processor.py:925} INFO - DAG(s) 'example_skip_dag' retrieved from /home/airflow/.local/lib/python3.12/site-packages/airflow/example_dags/example_skip_dag.py
[2025-02-08T11:01:58.274+0000] {logging_mixin.py:190} INFO - [2025-02-08T11:01:58.273+0000] {override.py:1900} INFO - Created Permission View: can read on DAG:example_skip_dag
[2025-02-08T11:01:58.282+0000] {logging_mixin.py:190} INFO - [2025-02-08T11:01:58.282+0000] {override.py:1900} INFO - Created Permission View: can delete on DAG:example_skip_dag
[2025-02-08T11:01:58.288+0000] {logging_mixin.py:190} INFO - [2025-02-08T11:01:58.288+0000] {override.py:1900} INFO - Created Permission View: can edit on DAG:example_skip_dag
[2025-02-08T11:01:58.295+0000] {logging_mixin.py:190} INFO - [2025-02-08T11:01:58.295+0000] {override.py:1900} INFO - Created Permission View: menu access on DAG Run:example_skip_dag
[2025-02-08T11:01:58.301+0000] {logging_mixin.py:190} INFO - [2025-02-08T11:01:58.300+0000] {override.py:1900} INFO - Created Permission View: can read on DAG Run:example_skip_dag
[2025-02-08T11:01:58.306+0000] {logging_mixin.py:190} INFO - [2025-02-08T11:01:58.306+0000] {override.py:1900} INFO - Created Permission View: can create on DAG Run:example_skip_dag
[2025-02-08T11:01:58.311+0000] {logging_mixin.py:190} INFO - [2025-02-08T11:01:58.311+0000] {override.py:1900} INFO - Created Permission View: can delete on DAG Run:example_skip_dag
[2025-02-08T11:01:58.312+0000] {logging_mixin.py:190} INFO - [2025-02-08T11:01:58.311+0000] {dag.py:3239} INFO - Sync 1 DAGs
[2025-02-08T11:01:58.321+0000] {logging_mixin.py:190} INFO - [2025-02-08T11:01:58.321+0000] {dag.py:3262} INFO - Creating ORM DAG for example_skip_dag
[2025-02-08T11:01:58.329+0000] {logging_mixin.py:190} INFO - [2025-02-08T11:01:58.329+0000] {dag.py:4180} INFO - Setting next_dagrun for example_skip_dag to 2025-02-07 00:00:00+00:00, run_after=2025-02-08 00:00:00+00:00
[2025-02-08T11:01:58.344+0000] {processor.py:208} INFO - Processing /home/airflow/.local/lib/python3.12/site-packages/airflow/example_dags/example_skip_dag.py took 0.172 seconds
[2025-02-08T11:02:28.803+0000] {processor.py:186} INFO - Started process (PID=559) to work on /home/airflow/.local/lib/python3.12/site-packages/airflow/example_dags/example_skip_dag.py
[2025-02-08T11:02:28.803+0000] {processor.py:914} INFO - Processing file /home/airflow/.local/lib/python3.12/site-packages/airflow/example_dags/example_skip_dag.py for tasks to queue
[2025-02-08T11:02:28.805+0000] {logging_mixin.py:190} INFO - [2025-02-08T11:02:28.805+0000] {dagbag.py:588} INFO - Filling up the DagBag from /home/airflow/.local/lib/python3.12/site-packages/airflow/example_dags/example_skip_dag.py
[2025-02-08T11:02:28.810+0000] {processor.py:925} INFO - DAG(s) 'example_skip_dag' retrieved from /home/airflow/.local/lib/python3.12/site-packages/airflow/example_dags/example_skip_dag.py
[2025-02-08T11:02:28.827+0000] {logging_mixin.py:190} INFO - [2025-02-08T11:02:28.827+0000] {dag.py:3239} INFO - Sync 1 DAGs
[2025-02-08T11:02:28.850+0000] {logging_mixin.py:190} INFO - [2025-02-08T11:02:28.850+0000] {dag.py:4180} INFO - Setting next_dagrun for example_skip_dag to 2025-02-07 00:00:00+00:00, run_after=2025-02-08 00:00:00+00:00
[2025-02-08T11:02:29.769+0000] {processor.py:208} INFO - Processing /home/airflow/.local/lib/python3.12/site-packages/airflow/example_dags/example_skip_dag.py took 0.971 seconds
[2025-02-08T11:03:38.050+0000] {processor.py:186} INFO - Started process (PID=273) to work on /home/airflow/.local/lib/python3.12/site-packages/airflow/example_dags/example_skip_dag.py
[2025-02-08T11:03:38.051+0000] {processor.py:914} INFO - Processing file /home/airflow/.local/lib/python3.12/site-packages/airflow/example_dags/example_skip_dag.py for tasks to queue
[2025-02-08T11:03:38.053+0000] {logging_mixin.py:190} INFO - [2025-02-08T11:03:38.052+0000] {dagbag.py:588} INFO - Filling up the DagBag from /home/airflow/.local/lib/python3.12/site-packages/airflow/example_dags/example_skip_dag.py
[2025-02-08T11:03:38.060+0000] {processor.py:925} INFO - DAG(s) 'example_skip_dag' retrieved from /home/airflow/.local/lib/python3.12/site-packages/airflow/example_dags/example_skip_dag.py
[2025-02-08T11:03:38.085+0000] {logging_mixin.py:190} INFO - [2025-02-08T11:03:38.085+0000] {dag.py:3239} INFO - Sync 1 DAGs
[2025-02-08T11:03:38.103+0000] {logging_mixin.py:190} INFO - [2025-02-08T11:03:38.103+0000] {dag.py:4180} INFO - Setting next_dagrun for example_skip_dag to 2025-02-07 00:00:00+00:00, run_after=2025-02-08 00:00:00+00:00
[2025-02-08T11:03:38.117+0000] {processor.py:208} INFO - Processing /home/airflow/.local/lib/python3.12/site-packages/airflow/example_dags/example_skip_dag.py took 0.071 seconds
[2025-02-08T11:04:08.410+0000] {processor.py:186} INFO - Started process (PID=559) to work on /home/airflow/.local/lib/python3.12/site-packages/airflow/example_dags/example_skip_dag.py
[2025-02-08T11:04:08.411+0000] {processor.py:914} INFO - Processing file /home/airflow/.local/lib/python3.12/site-packages/airflow/example_dags/example_skip_dag.py for tasks to queue
[2025-02-08T11:04:08.413+0000] {logging_mixin.py:190} INFO - [2025-02-08T11:04:08.413+0000] {dagbag.py:588} INFO - Filling up the DagBag from /home/airflow/.local/lib/python3.12/site-packages/airflow/example_dags/example_skip_dag.py
[2025-02-08T11:04:08.421+0000] {processor.py:925} INFO - DAG(s) 'example_skip_dag' retrieved from /home/airflow/.local/lib/python3.12/site-packages/airflow/example_dags/example_skip_dag.py
[2025-02-08T11:04:08.438+0000] {logging_mixin.py:190} INFO - [2025-02-08T11:04:08.438+0000] {dag.py:3239} INFO - Sync 1 DAGs
[2025-02-08T11:04:08.460+0000] {logging_mixin.py:190} INFO - [2025-02-08T11:04:08.460+0000] {dag.py:4180} INFO - Setting next_dagrun for example_skip_dag to 2025-02-07 00:00:00+00:00, run_after=2025-02-08 00:00:00+00:00
[2025-02-08T11:04:08.477+0000] {processor.py:208} INFO - Processing /home/airflow/.local/lib/python3.12/site-packages/airflow/example_dags/example_skip_dag.py took 0.073 seconds
[2025-02-08T11:04:38.653+0000] {processor.py:186} INFO - Started process (PID=845) to work on /home/airflow/.local/lib/python3.12/site-packages/airflow/example_dags/example_skip_dag.py
[2025-02-08T11:04:38.654+0000] {processor.py:914} INFO - Processing file /home/airflow/.local/lib/python3.12/site-packages/airflow/example_dags/example_skip_dag.py for tasks to queue
[2025-02-08T11:04:38.656+0000] {logging_mixin.py:190} INFO - [2025-02-08T11:04:38.655+0000] {dagbag.py:588} INFO - Filling up the DagBag from /home/airflow/.local/lib/python3.12/site-packages/airflow/example_dags/example_skip_dag.py
[2025-02-08T11:04:38.662+0000] {processor.py:925} INFO - DAG(s) 'example_skip_dag' retrieved from /home/airflow/.local/lib/python3.12/site-packages/airflow/example_dags/example_skip_dag.py
[2025-02-08T11:04:38.677+0000] {logging_mixin.py:190} INFO - [2025-02-08T11:04:38.677+0000] {dag.py:3239} INFO - Sync 1 DAGs
[2025-02-08T11:04:38.693+0000] {logging_mixin.py:190} INFO - [2025-02-08T11:04:38.693+0000] {dag.py:4180} INFO - Setting next_dagrun for example_skip_dag to 2025-02-07 00:00:00+00:00, run_after=2025-02-08 00:00:00+00:00
[2025-02-08T11:04:38.707+0000] {processor.py:208} INFO - Processing /home/airflow/.local/lib/python3.12/site-packages/airflow/example_dags/example_skip_dag.py took 0.060 seconds
[2025-02-08T11:33:18.875+0000] {processor.py:186} INFO - Started process (PID=275) to work on /home/airflow/.local/lib/python3.12/site-packages/airflow/example_dags/example_skip_dag.py
[2025-02-08T11:33:18.876+0000] {processor.py:914} INFO - Processing file /home/airflow/.local/lib/python3.12/site-packages/airflow/example_dags/example_skip_dag.py for tasks to queue
[2025-02-08T11:33:18.877+0000] {logging_mixin.py:190} INFO - [2025-02-08T11:33:18.877+0000] {dagbag.py:588} INFO - Filling up the DagBag from /home/airflow/.local/lib/python3.12/site-packages/airflow/example_dags/example_skip_dag.py
[2025-02-08T11:33:18.884+0000] {processor.py:925} INFO - DAG(s) 'example_skip_dag' retrieved from /home/airflow/.local/lib/python3.12/site-packages/airflow/example_dags/example_skip_dag.py
[2025-02-08T11:33:18.967+0000] {logging_mixin.py:190} INFO - [2025-02-08T11:33:18.967+0000] {override.py:1900} INFO - Created Permission View: can edit on DAG:example_skip_dag
[2025-02-08T11:33:18.975+0000] {logging_mixin.py:190} INFO - [2025-02-08T11:33:18.975+0000] {override.py:1900} INFO - Created Permission View: can delete on DAG:example_skip_dag
[2025-02-08T11:33:18.981+0000] {logging_mixin.py:190} INFO - [2025-02-08T11:33:18.981+0000] {override.py:1900} INFO - Created Permission View: can read on DAG:example_skip_dag
[2025-02-08T11:33:18.988+0000] {logging_mixin.py:190} INFO - [2025-02-08T11:33:18.988+0000] {override.py:1900} INFO - Created Permission View: menu access on DAG Run:example_skip_dag
[2025-02-08T11:33:18.993+0000] {logging_mixin.py:190} INFO - [2025-02-08T11:33:18.993+0000] {override.py:1900} INFO - Created Permission View: can create on DAG Run:example_skip_dag
[2025-02-08T11:33:18.998+0000] {logging_mixin.py:190} INFO - [2025-02-08T11:33:18.998+0000] {override.py:1900} INFO - Created Permission View: can delete on DAG Run:example_skip_dag
[2025-02-08T11:33:19.003+0000] {logging_mixin.py:190} INFO - [2025-02-08T11:33:19.003+0000] {override.py:1900} INFO - Created Permission View: can read on DAG Run:example_skip_dag
[2025-02-08T11:33:19.004+0000] {logging_mixin.py:190} INFO - [2025-02-08T11:33:19.004+0000] {dag.py:3239} INFO - Sync 1 DAGs
[2025-02-08T11:33:19.014+0000] {logging_mixin.py:190} INFO - [2025-02-08T11:33:19.013+0000] {dag.py:3262} INFO - Creating ORM DAG for example_skip_dag
[2025-02-08T11:33:19.022+0000] {logging_mixin.py:190} INFO - [2025-02-08T11:33:19.022+0000] {dag.py:4180} INFO - Setting next_dagrun for example_skip_dag to 2025-02-07 00:00:00+00:00, run_after=2025-02-08 00:00:00+00:00
[2025-02-08T11:33:19.038+0000] {processor.py:208} INFO - Processing /home/airflow/.local/lib/python3.12/site-packages/airflow/example_dags/example_skip_dag.py took 0.168 seconds
[2025-02-08T11:33:49.668+0000] {processor.py:186} INFO - Started process (PID=561) to work on /home/airflow/.local/lib/python3.12/site-packages/airflow/example_dags/example_skip_dag.py
[2025-02-08T11:33:49.669+0000] {processor.py:914} INFO - Processing file /home/airflow/.local/lib/python3.12/site-packages/airflow/example_dags/example_skip_dag.py for tasks to queue
[2025-02-08T11:33:49.670+0000] {logging_mixin.py:190} INFO - [2025-02-08T11:33:49.670+0000] {dagbag.py:588} INFO - Filling up the DagBag from /home/airflow/.local/lib/python3.12/site-packages/airflow/example_dags/example_skip_dag.py
[2025-02-08T11:33:49.676+0000] {processor.py:925} INFO - DAG(s) 'example_skip_dag' retrieved from /home/airflow/.local/lib/python3.12/site-packages/airflow/example_dags/example_skip_dag.py
[2025-02-08T11:33:49.691+0000] {logging_mixin.py:190} INFO - [2025-02-08T11:33:49.691+0000] {dag.py:3239} INFO - Sync 1 DAGs
[2025-02-08T11:33:49.707+0000] {logging_mixin.py:190} INFO - [2025-02-08T11:33:49.707+0000] {dag.py:4180} INFO - Setting next_dagrun for example_skip_dag to 2025-02-07 00:00:00+00:00, run_after=2025-02-08 00:00:00+00:00
[2025-02-08T11:33:49.724+0000] {processor.py:208} INFO - Processing /home/airflow/.local/lib/python3.12/site-packages/airflow/example_dags/example_skip_dag.py took 0.061 seconds
[2025-02-08T11:34:20.130+0000] {processor.py:186} INFO - Started process (PID=847) to work on /home/airflow/.local/lib/python3.12/site-packages/airflow/example_dags/example_skip_dag.py
[2025-02-08T11:34:20.131+0000] {processor.py:914} INFO - Processing file /home/airflow/.local/lib/python3.12/site-packages/airflow/example_dags/example_skip_dag.py for tasks to queue
[2025-02-08T11:34:20.133+0000] {logging_mixin.py:190} INFO - [2025-02-08T11:34:20.132+0000] {dagbag.py:588} INFO - Filling up the DagBag from /home/airflow/.local/lib/python3.12/site-packages/airflow/example_dags/example_skip_dag.py
[2025-02-08T11:34:20.138+0000] {processor.py:925} INFO - DAG(s) 'example_skip_dag' retrieved from /home/airflow/.local/lib/python3.12/site-packages/airflow/example_dags/example_skip_dag.py
[2025-02-08T11:34:20.155+0000] {logging_mixin.py:190} INFO - [2025-02-08T11:34:20.155+0000] {dag.py:3239} INFO - Sync 1 DAGs
[2025-02-08T11:34:20.173+0000] {logging_mixin.py:190} INFO - [2025-02-08T11:34:20.173+0000] {dag.py:4180} INFO - Setting next_dagrun for example_skip_dag to 2025-02-07 00:00:00+00:00, run_after=2025-02-08 00:00:00+00:00
[2025-02-08T11:34:20.187+0000] {processor.py:208} INFO - Processing /home/airflow/.local/lib/python3.12/site-packages/airflow/example_dags/example_skip_dag.py took 0.063 seconds
[2025-02-08T11:34:50.346+0000] {processor.py:186} INFO - Started process (PID=1133) to work on /home/airflow/.local/lib/python3.12/site-packages/airflow/example_dags/example_skip_dag.py
[2025-02-08T11:34:50.347+0000] {processor.py:914} INFO - Processing file /home/airflow/.local/lib/python3.12/site-packages/airflow/example_dags/example_skip_dag.py for tasks to queue
[2025-02-08T11:34:50.348+0000] {logging_mixin.py:190} INFO - [2025-02-08T11:34:50.348+0000] {dagbag.py:588} INFO - Filling up the DagBag from /home/airflow/.local/lib/python3.12/site-packages/airflow/example_dags/example_skip_dag.py
[2025-02-08T11:34:50.354+0000] {processor.py:925} INFO - DAG(s) 'example_skip_dag' retrieved from /home/airflow/.local/lib/python3.12/site-packages/airflow/example_dags/example_skip_dag.py
[2025-02-08T11:34:50.373+0000] {logging_mixin.py:190} INFO - [2025-02-08T11:34:50.372+0000] {dag.py:3239} INFO - Sync 1 DAGs
[2025-02-08T11:34:50.389+0000] {logging_mixin.py:190} INFO - [2025-02-08T11:34:50.388+0000] {dag.py:4180} INFO - Setting next_dagrun for example_skip_dag to 2025-02-07 00:00:00+00:00, run_after=2025-02-08 00:00:00+00:00
[2025-02-08T11:34:50.403+0000] {processor.py:208} INFO - Processing /home/airflow/.local/lib/python3.12/site-packages/airflow/example_dags/example_skip_dag.py took 0.062 seconds
