[2025-02-08T10:51:20.333+0000] {processor.py:186} INFO - Started process (PID=203) to work on /home/airflow/.local/lib/python3.12/site-packages/airflow/example_dags/example_complex.py
[2025-02-08T10:51:20.334+0000] {processor.py:914} INFO - Processing file /home/airflow/.local/lib/python3.12/site-packages/airflow/example_dags/example_complex.py for tasks to queue
[2025-02-08T10:51:20.336+0000] {logging_mixin.py:190} INFO - [2025-02-08T10:51:20.336+0000] {dagbag.py:588} INFO - Filling up the DagBag from /home/airflow/.local/lib/python3.12/site-packages/airflow/example_dags/example_complex.py
[2025-02-08T10:51:20.350+0000] {processor.py:925} INFO - DAG(s) 'example_complex' retrieved from /home/airflow/.local/lib/python3.12/site-packages/airflow/example_dags/example_complex.py
[2025-02-08T10:51:20.466+0000] {logging_mixin.py:190} INFO - [2025-02-08T10:51:20.466+0000] {override.py:1900} INFO - Created Permission View: can delete on DAG:example_complex
[2025-02-08T10:51:20.476+0000] {logging_mixin.py:190} INFO - [2025-02-08T10:51:20.476+0000] {override.py:1900} INFO - Created Permission View: can read on DAG:example_complex
[2025-02-08T10:51:20.486+0000] {logging_mixin.py:190} INFO - [2025-02-08T10:51:20.486+0000] {override.py:1900} INFO - Created Permission View: can edit on DAG:example_complex
[2025-02-08T10:51:20.502+0000] {logging_mixin.py:190} INFO - [2025-02-08T10:51:20.502+0000] {override.py:1900} INFO - Created Permission View: can delete on DAG Run:example_complex
[2025-02-08T10:51:20.510+0000] {logging_mixin.py:190} INFO - [2025-02-08T10:51:20.510+0000] {override.py:1900} INFO - Created Permission View: can read on DAG Run:example_complex
[2025-02-08T10:51:20.521+0000] {logging_mixin.py:190} INFO - [2025-02-08T10:51:20.521+0000] {override.py:1900} INFO - Created Permission View: menu access on DAG Run:example_complex
[2025-02-08T10:51:20.533+0000] {logging_mixin.py:190} INFO - [2025-02-08T10:51:20.533+0000] {override.py:1900} INFO - Created Permission View: can create on DAG Run:example_complex
[2025-02-08T10:51:20.534+0000] {logging_mixin.py:190} INFO - [2025-02-08T10:51:20.534+0000] {dag.py:3239} INFO - Sync 1 DAGs
[2025-02-08T10:51:20.544+0000] {logging_mixin.py:190} INFO - [2025-02-08T10:51:20.544+0000] {dag.py:3262} INFO - Creating ORM DAG for example_complex
[2025-02-08T10:51:20.545+0000] {logging_mixin.py:190} INFO - [2025-02-08T10:51:20.544+0000] {dag.py:4180} INFO - Setting next_dagrun for example_complex to None, run_after=None
[2025-02-08T10:51:20.561+0000] {processor.py:208} INFO - Processing /home/airflow/.local/lib/python3.12/site-packages/airflow/example_dags/example_complex.py took 0.232 seconds
[2025-02-08T10:51:50.830+0000] {processor.py:186} INFO - Started process (PID=489) to work on /home/airflow/.local/lib/python3.12/site-packages/airflow/example_dags/example_complex.py
[2025-02-08T10:51:50.831+0000] {processor.py:914} INFO - Processing file /home/airflow/.local/lib/python3.12/site-packages/airflow/example_dags/example_complex.py for tasks to queue
[2025-02-08T10:51:50.833+0000] {logging_mixin.py:190} INFO - [2025-02-08T10:51:50.833+0000] {dagbag.py:588} INFO - Filling up the DagBag from /home/airflow/.local/lib/python3.12/site-packages/airflow/example_dags/example_complex.py
[2025-02-08T10:51:50.843+0000] {processor.py:925} INFO - DAG(s) 'example_complex' retrieved from /home/airflow/.local/lib/python3.12/site-packages/airflow/example_dags/example_complex.py
[2025-02-08T10:51:50.868+0000] {logging_mixin.py:190} INFO - [2025-02-08T10:51:50.868+0000] {dag.py:3239} INFO - Sync 1 DAGs
[2025-02-08T10:51:50.878+0000] {logging_mixin.py:190} INFO - [2025-02-08T10:51:50.878+0000] {dag.py:4180} INFO - Setting next_dagrun for example_complex to None, run_after=None
[2025-02-08T10:51:50.894+0000] {processor.py:208} INFO - Processing /home/airflow/.local/lib/python3.12/site-packages/airflow/example_dags/example_complex.py took 0.068 seconds
[2025-02-08T10:52:21.177+0000] {processor.py:186} INFO - Started process (PID=775) to work on /home/airflow/.local/lib/python3.12/site-packages/airflow/example_dags/example_complex.py
[2025-02-08T10:52:21.178+0000] {processor.py:914} INFO - Processing file /home/airflow/.local/lib/python3.12/site-packages/airflow/example_dags/example_complex.py for tasks to queue
[2025-02-08T10:52:21.180+0000] {logging_mixin.py:190} INFO - [2025-02-08T10:52:21.180+0000] {dagbag.py:588} INFO - Filling up the DagBag from /home/airflow/.local/lib/python3.12/site-packages/airflow/example_dags/example_complex.py
[2025-02-08T10:52:21.191+0000] {processor.py:925} INFO - DAG(s) 'example_complex' retrieved from /home/airflow/.local/lib/python3.12/site-packages/airflow/example_dags/example_complex.py
[2025-02-08T10:52:21.217+0000] {logging_mixin.py:190} INFO - [2025-02-08T10:52:21.217+0000] {dag.py:3239} INFO - Sync 1 DAGs
[2025-02-08T10:52:21.228+0000] {logging_mixin.py:190} INFO - [2025-02-08T10:52:21.228+0000] {dag.py:4180} INFO - Setting next_dagrun for example_complex to None, run_after=None
[2025-02-08T10:52:21.245+0000] {processor.py:208} INFO - Processing /home/airflow/.local/lib/python3.12/site-packages/airflow/example_dags/example_complex.py took 0.072 seconds
[2025-02-08T10:52:51.333+0000] {processor.py:186} INFO - Started process (PID=1061) to work on /home/airflow/.local/lib/python3.12/site-packages/airflow/example_dags/example_complex.py
[2025-02-08T10:52:51.334+0000] {processor.py:914} INFO - Processing file /home/airflow/.local/lib/python3.12/site-packages/airflow/example_dags/example_complex.py for tasks to queue
[2025-02-08T10:52:51.335+0000] {logging_mixin.py:190} INFO - [2025-02-08T10:52:51.335+0000] {dagbag.py:588} INFO - Filling up the DagBag from /home/airflow/.local/lib/python3.12/site-packages/airflow/example_dags/example_complex.py
[2025-02-08T10:52:51.344+0000] {processor.py:925} INFO - DAG(s) 'example_complex' retrieved from /home/airflow/.local/lib/python3.12/site-packages/airflow/example_dags/example_complex.py
[2025-02-08T10:52:51.368+0000] {logging_mixin.py:190} INFO - [2025-02-08T10:52:51.368+0000] {dag.py:3239} INFO - Sync 1 DAGs
[2025-02-08T10:52:51.378+0000] {logging_mixin.py:190} INFO - [2025-02-08T10:52:51.378+0000] {dag.py:4180} INFO - Setting next_dagrun for example_complex to None, run_after=None
[2025-02-08T10:52:51.392+0000] {processor.py:208} INFO - Processing /home/airflow/.local/lib/python3.12/site-packages/airflow/example_dags/example_complex.py took 0.064 seconds
[2025-02-08T10:53:21.706+0000] {processor.py:186} INFO - Started process (PID=1347) to work on /home/airflow/.local/lib/python3.12/site-packages/airflow/example_dags/example_complex.py
[2025-02-08T10:53:21.707+0000] {processor.py:914} INFO - Processing file /home/airflow/.local/lib/python3.12/site-packages/airflow/example_dags/example_complex.py for tasks to queue
[2025-02-08T10:53:21.709+0000] {logging_mixin.py:190} INFO - [2025-02-08T10:53:21.708+0000] {dagbag.py:588} INFO - Filling up the DagBag from /home/airflow/.local/lib/python3.12/site-packages/airflow/example_dags/example_complex.py
[2025-02-08T10:53:21.717+0000] {processor.py:925} INFO - DAG(s) 'example_complex' retrieved from /home/airflow/.local/lib/python3.12/site-packages/airflow/example_dags/example_complex.py
[2025-02-08T10:53:21.742+0000] {logging_mixin.py:190} INFO - [2025-02-08T10:53:21.742+0000] {dag.py:3239} INFO - Sync 1 DAGs
[2025-02-08T10:53:21.756+0000] {logging_mixin.py:190} INFO - [2025-02-08T10:53:21.756+0000] {dag.py:4180} INFO - Setting next_dagrun for example_complex to None, run_after=None
[2025-02-08T10:53:21.772+0000] {processor.py:208} INFO - Processing /home/airflow/.local/lib/python3.12/site-packages/airflow/example_dags/example_complex.py took 0.072 seconds
[2025-02-08T10:53:52.687+0000] {processor.py:186} INFO - Started process (PID=1633) to work on /home/airflow/.local/lib/python3.12/site-packages/airflow/example_dags/example_complex.py
[2025-02-08T10:53:52.688+0000] {processor.py:914} INFO - Processing file /home/airflow/.local/lib/python3.12/site-packages/airflow/example_dags/example_complex.py for tasks to queue
[2025-02-08T10:53:52.690+0000] {logging_mixin.py:190} INFO - [2025-02-08T10:53:52.689+0000] {dagbag.py:588} INFO - Filling up the DagBag from /home/airflow/.local/lib/python3.12/site-packages/airflow/example_dags/example_complex.py
[2025-02-08T10:53:52.699+0000] {processor.py:925} INFO - DAG(s) 'example_complex' retrieved from /home/airflow/.local/lib/python3.12/site-packages/airflow/example_dags/example_complex.py
[2025-02-08T10:53:52.722+0000] {logging_mixin.py:190} INFO - [2025-02-08T10:53:52.722+0000] {dag.py:3239} INFO - Sync 1 DAGs
[2025-02-08T10:53:52.734+0000] {logging_mixin.py:190} INFO - [2025-02-08T10:53:52.734+0000] {dag.py:4180} INFO - Setting next_dagrun for example_complex to None, run_after=None
[2025-02-08T10:53:52.748+0000] {processor.py:208} INFO - Processing /home/airflow/.local/lib/python3.12/site-packages/airflow/example_dags/example_complex.py took 0.067 seconds
[2025-02-08T10:54:22.957+0000] {processor.py:186} INFO - Started process (PID=1919) to work on /home/airflow/.local/lib/python3.12/site-packages/airflow/example_dags/example_complex.py
[2025-02-08T10:54:22.958+0000] {processor.py:914} INFO - Processing file /home/airflow/.local/lib/python3.12/site-packages/airflow/example_dags/example_complex.py for tasks to queue
[2025-02-08T10:54:22.960+0000] {logging_mixin.py:190} INFO - [2025-02-08T10:54:22.960+0000] {dagbag.py:588} INFO - Filling up the DagBag from /home/airflow/.local/lib/python3.12/site-packages/airflow/example_dags/example_complex.py
[2025-02-08T10:54:22.969+0000] {processor.py:925} INFO - DAG(s) 'example_complex' retrieved from /home/airflow/.local/lib/python3.12/site-packages/airflow/example_dags/example_complex.py
[2025-02-08T10:54:22.992+0000] {logging_mixin.py:190} INFO - [2025-02-08T10:54:22.991+0000] {dag.py:3239} INFO - Sync 1 DAGs
[2025-02-08T10:54:23.005+0000] {logging_mixin.py:190} INFO - [2025-02-08T10:54:23.005+0000] {dag.py:4180} INFO - Setting next_dagrun for example_complex to None, run_after=None
[2025-02-08T10:54:23.019+0000] {processor.py:208} INFO - Processing /home/airflow/.local/lib/python3.12/site-packages/airflow/example_dags/example_complex.py took 0.067 seconds
[2025-02-08T10:54:53.438+0000] {processor.py:186} INFO - Started process (PID=2207) to work on /home/airflow/.local/lib/python3.12/site-packages/airflow/example_dags/example_complex.py
[2025-02-08T10:54:53.439+0000] {processor.py:914} INFO - Processing file /home/airflow/.local/lib/python3.12/site-packages/airflow/example_dags/example_complex.py for tasks to queue
[2025-02-08T10:54:53.441+0000] {logging_mixin.py:190} INFO - [2025-02-08T10:54:53.440+0000] {dagbag.py:588} INFO - Filling up the DagBag from /home/airflow/.local/lib/python3.12/site-packages/airflow/example_dags/example_complex.py
[2025-02-08T10:54:53.450+0000] {processor.py:925} INFO - DAG(s) 'example_complex' retrieved from /home/airflow/.local/lib/python3.12/site-packages/airflow/example_dags/example_complex.py
[2025-02-08T10:54:53.475+0000] {logging_mixin.py:190} INFO - [2025-02-08T10:54:53.475+0000] {dag.py:3239} INFO - Sync 1 DAGs
[2025-02-08T10:54:53.486+0000] {logging_mixin.py:190} INFO - [2025-02-08T10:54:53.486+0000] {dag.py:4180} INFO - Setting next_dagrun for example_complex to None, run_after=None
[2025-02-08T10:54:53.502+0000] {processor.py:208} INFO - Processing /home/airflow/.local/lib/python3.12/site-packages/airflow/example_dags/example_complex.py took 0.069 seconds
[2025-02-08T10:55:23.764+0000] {processor.py:186} INFO - Started process (PID=2493) to work on /home/airflow/.local/lib/python3.12/site-packages/airflow/example_dags/example_complex.py
[2025-02-08T10:55:23.765+0000] {processor.py:914} INFO - Processing file /home/airflow/.local/lib/python3.12/site-packages/airflow/example_dags/example_complex.py for tasks to queue
[2025-02-08T10:55:23.767+0000] {logging_mixin.py:190} INFO - [2025-02-08T10:55:23.766+0000] {dagbag.py:588} INFO - Filling up the DagBag from /home/airflow/.local/lib/python3.12/site-packages/airflow/example_dags/example_complex.py
[2025-02-08T10:55:23.775+0000] {processor.py:925} INFO - DAG(s) 'example_complex' retrieved from /home/airflow/.local/lib/python3.12/site-packages/airflow/example_dags/example_complex.py
[2025-02-08T10:55:23.799+0000] {logging_mixin.py:190} INFO - [2025-02-08T10:55:23.799+0000] {dag.py:3239} INFO - Sync 1 DAGs
[2025-02-08T10:55:23.810+0000] {logging_mixin.py:190} INFO - [2025-02-08T10:55:23.809+0000] {dag.py:4180} INFO - Setting next_dagrun for example_complex to None, run_after=None
[2025-02-08T10:55:23.823+0000] {processor.py:208} INFO - Processing /home/airflow/.local/lib/python3.12/site-packages/airflow/example_dags/example_complex.py took 0.063 seconds
[2025-02-08T10:55:53.858+0000] {processor.py:186} INFO - Started process (PID=2777) to work on /home/airflow/.local/lib/python3.12/site-packages/airflow/example_dags/example_complex.py
[2025-02-08T10:55:53.859+0000] {processor.py:914} INFO - Processing file /home/airflow/.local/lib/python3.12/site-packages/airflow/example_dags/example_complex.py for tasks to queue
[2025-02-08T10:55:53.861+0000] {logging_mixin.py:190} INFO - [2025-02-08T10:55:53.861+0000] {dagbag.py:588} INFO - Filling up the DagBag from /home/airflow/.local/lib/python3.12/site-packages/airflow/example_dags/example_complex.py
[2025-02-08T10:55:53.872+0000] {processor.py:925} INFO - DAG(s) 'example_complex' retrieved from /home/airflow/.local/lib/python3.12/site-packages/airflow/example_dags/example_complex.py
[2025-02-08T10:55:53.898+0000] {logging_mixin.py:190} INFO - [2025-02-08T10:55:53.898+0000] {dag.py:3239} INFO - Sync 1 DAGs
[2025-02-08T10:55:53.911+0000] {logging_mixin.py:190} INFO - [2025-02-08T10:55:53.911+0000] {dag.py:4180} INFO - Setting next_dagrun for example_complex to None, run_after=None
[2025-02-08T10:55:53.928+0000] {processor.py:208} INFO - Processing /home/airflow/.local/lib/python3.12/site-packages/airflow/example_dags/example_complex.py took 0.076 seconds
[2025-02-08T10:56:24.083+0000] {processor.py:186} INFO - Started process (PID=3063) to work on /home/airflow/.local/lib/python3.12/site-packages/airflow/example_dags/example_complex.py
[2025-02-08T10:56:24.083+0000] {processor.py:914} INFO - Processing file /home/airflow/.local/lib/python3.12/site-packages/airflow/example_dags/example_complex.py for tasks to queue
[2025-02-08T10:56:24.086+0000] {logging_mixin.py:190} INFO - [2025-02-08T10:56:24.085+0000] {dagbag.py:588} INFO - Filling up the DagBag from /home/airflow/.local/lib/python3.12/site-packages/airflow/example_dags/example_complex.py
[2025-02-08T10:56:24.095+0000] {processor.py:925} INFO - DAG(s) 'example_complex' retrieved from /home/airflow/.local/lib/python3.12/site-packages/airflow/example_dags/example_complex.py
[2025-02-08T10:56:24.119+0000] {logging_mixin.py:190} INFO - [2025-02-08T10:56:24.119+0000] {dag.py:3239} INFO - Sync 1 DAGs
[2025-02-08T10:56:24.130+0000] {logging_mixin.py:190} INFO - [2025-02-08T10:56:24.130+0000] {dag.py:4180} INFO - Setting next_dagrun for example_complex to None, run_after=None
[2025-02-08T10:56:24.143+0000] {processor.py:208} INFO - Processing /home/airflow/.local/lib/python3.12/site-packages/airflow/example_dags/example_complex.py took 0.066 seconds
[2025-02-08T10:56:54.322+0000] {processor.py:186} INFO - Started process (PID=3349) to work on /home/airflow/.local/lib/python3.12/site-packages/airflow/example_dags/example_complex.py
[2025-02-08T10:56:54.325+0000] {processor.py:914} INFO - Processing file /home/airflow/.local/lib/python3.12/site-packages/airflow/example_dags/example_complex.py for tasks to queue
[2025-02-08T10:56:54.327+0000] {logging_mixin.py:190} INFO - [2025-02-08T10:56:54.327+0000] {dagbag.py:588} INFO - Filling up the DagBag from /home/airflow/.local/lib/python3.12/site-packages/airflow/example_dags/example_complex.py
[2025-02-08T10:56:54.337+0000] {processor.py:925} INFO - DAG(s) 'example_complex' retrieved from /home/airflow/.local/lib/python3.12/site-packages/airflow/example_dags/example_complex.py
[2025-02-08T10:56:54.364+0000] {logging_mixin.py:190} INFO - [2025-02-08T10:56:54.364+0000] {dag.py:3239} INFO - Sync 1 DAGs
[2025-02-08T10:56:54.378+0000] {logging_mixin.py:190} INFO - [2025-02-08T10:56:54.378+0000] {dag.py:4180} INFO - Setting next_dagrun for example_complex to None, run_after=None
[2025-02-08T10:56:54.396+0000] {processor.py:208} INFO - Processing /home/airflow/.local/lib/python3.12/site-packages/airflow/example_dags/example_complex.py took 0.082 seconds
[2025-02-08T10:57:24.645+0000] {processor.py:186} INFO - Started process (PID=3635) to work on /home/airflow/.local/lib/python3.12/site-packages/airflow/example_dags/example_complex.py
[2025-02-08T10:57:24.646+0000] {processor.py:914} INFO - Processing file /home/airflow/.local/lib/python3.12/site-packages/airflow/example_dags/example_complex.py for tasks to queue
[2025-02-08T10:57:24.647+0000] {logging_mixin.py:190} INFO - [2025-02-08T10:57:24.647+0000] {dagbag.py:588} INFO - Filling up the DagBag from /home/airflow/.local/lib/python3.12/site-packages/airflow/example_dags/example_complex.py
[2025-02-08T10:57:24.657+0000] {processor.py:925} INFO - DAG(s) 'example_complex' retrieved from /home/airflow/.local/lib/python3.12/site-packages/airflow/example_dags/example_complex.py
[2025-02-08T10:57:24.681+0000] {logging_mixin.py:190} INFO - [2025-02-08T10:57:24.681+0000] {dag.py:3239} INFO - Sync 1 DAGs
[2025-02-08T10:57:24.692+0000] {logging_mixin.py:190} INFO - [2025-02-08T10:57:24.692+0000] {dag.py:4180} INFO - Setting next_dagrun for example_complex to None, run_after=None
[2025-02-08T10:57:24.706+0000] {processor.py:208} INFO - Processing /home/airflow/.local/lib/python3.12/site-packages/airflow/example_dags/example_complex.py took 0.066 seconds
[2025-02-08T10:57:55.203+0000] {processor.py:186} INFO - Started process (PID=3921) to work on /home/airflow/.local/lib/python3.12/site-packages/airflow/example_dags/example_complex.py
[2025-02-08T10:57:55.205+0000] {processor.py:914} INFO - Processing file /home/airflow/.local/lib/python3.12/site-packages/airflow/example_dags/example_complex.py for tasks to queue
[2025-02-08T10:57:55.207+0000] {logging_mixin.py:190} INFO - [2025-02-08T10:57:55.207+0000] {dagbag.py:588} INFO - Filling up the DagBag from /home/airflow/.local/lib/python3.12/site-packages/airflow/example_dags/example_complex.py
[2025-02-08T10:57:55.219+0000] {processor.py:925} INFO - DAG(s) 'example_complex' retrieved from /home/airflow/.local/lib/python3.12/site-packages/airflow/example_dags/example_complex.py
[2025-02-08T10:57:55.241+0000] {logging_mixin.py:190} INFO - [2025-02-08T10:57:55.241+0000] {dag.py:3239} INFO - Sync 1 DAGs
[2025-02-08T10:57:55.252+0000] {logging_mixin.py:190} INFO - [2025-02-08T10:57:55.252+0000] {dag.py:4180} INFO - Setting next_dagrun for example_complex to None, run_after=None
[2025-02-08T10:57:55.265+0000] {processor.py:208} INFO - Processing /home/airflow/.local/lib/python3.12/site-packages/airflow/example_dags/example_complex.py took 0.067 seconds
[2025-02-08T10:58:26.254+0000] {processor.py:186} INFO - Started process (PID=4209) to work on /home/airflow/.local/lib/python3.12/site-packages/airflow/example_dags/example_complex.py
[2025-02-08T10:58:26.254+0000] {processor.py:914} INFO - Processing file /home/airflow/.local/lib/python3.12/site-packages/airflow/example_dags/example_complex.py for tasks to queue
[2025-02-08T10:58:26.257+0000] {logging_mixin.py:190} INFO - [2025-02-08T10:58:26.256+0000] {dagbag.py:588} INFO - Filling up the DagBag from /home/airflow/.local/lib/python3.12/site-packages/airflow/example_dags/example_complex.py
[2025-02-08T10:58:26.268+0000] {processor.py:925} INFO - DAG(s) 'example_complex' retrieved from /home/airflow/.local/lib/python3.12/site-packages/airflow/example_dags/example_complex.py
[2025-02-08T10:58:26.300+0000] {logging_mixin.py:190} INFO - [2025-02-08T10:58:26.300+0000] {dag.py:3239} INFO - Sync 1 DAGs
[2025-02-08T10:58:26.315+0000] {logging_mixin.py:190} INFO - [2025-02-08T10:58:26.315+0000] {dag.py:4180} INFO - Setting next_dagrun for example_complex to None, run_after=None
[2025-02-08T10:58:26.333+0000] {processor.py:208} INFO - Processing /home/airflow/.local/lib/python3.12/site-packages/airflow/example_dags/example_complex.py took 0.085 seconds
[2025-02-08T10:58:56.919+0000] {processor.py:186} INFO - Started process (PID=4697) to work on /home/airflow/.local/lib/python3.12/site-packages/airflow/example_dags/example_complex.py
[2025-02-08T10:58:56.920+0000] {processor.py:914} INFO - Processing file /home/airflow/.local/lib/python3.12/site-packages/airflow/example_dags/example_complex.py for tasks to queue
[2025-02-08T10:58:56.922+0000] {logging_mixin.py:190} INFO - [2025-02-08T10:58:56.922+0000] {dagbag.py:588} INFO - Filling up the DagBag from /home/airflow/.local/lib/python3.12/site-packages/airflow/example_dags/example_complex.py
[2025-02-08T10:58:56.931+0000] {processor.py:925} INFO - DAG(s) 'example_complex' retrieved from /home/airflow/.local/lib/python3.12/site-packages/airflow/example_dags/example_complex.py
[2025-02-08T10:58:56.962+0000] {logging_mixin.py:190} INFO - [2025-02-08T10:58:56.961+0000] {dag.py:3239} INFO - Sync 1 DAGs
[2025-02-08T10:58:56.973+0000] {logging_mixin.py:190} INFO - [2025-02-08T10:58:56.973+0000] {dag.py:4180} INFO - Setting next_dagrun for example_complex to None, run_after=None
[2025-02-08T10:58:56.988+0000] {processor.py:208} INFO - Processing /home/airflow/.local/lib/python3.12/site-packages/airflow/example_dags/example_complex.py took 0.074 seconds
[2025-02-08T10:59:27.048+0000] {processor.py:186} INFO - Started process (PID=4983) to work on /home/airflow/.local/lib/python3.12/site-packages/airflow/example_dags/example_complex.py
[2025-02-08T10:59:27.049+0000] {processor.py:914} INFO - Processing file /home/airflow/.local/lib/python3.12/site-packages/airflow/example_dags/example_complex.py for tasks to queue
[2025-02-08T10:59:27.051+0000] {logging_mixin.py:190} INFO - [2025-02-08T10:59:27.051+0000] {dagbag.py:588} INFO - Filling up the DagBag from /home/airflow/.local/lib/python3.12/site-packages/airflow/example_dags/example_complex.py
[2025-02-08T10:59:27.060+0000] {processor.py:925} INFO - DAG(s) 'example_complex' retrieved from /home/airflow/.local/lib/python3.12/site-packages/airflow/example_dags/example_complex.py
[2025-02-08T10:59:27.087+0000] {logging_mixin.py:190} INFO - [2025-02-08T10:59:27.087+0000] {dag.py:3239} INFO - Sync 1 DAGs
[2025-02-08T10:59:27.100+0000] {logging_mixin.py:190} INFO - [2025-02-08T10:59:27.099+0000] {dag.py:4180} INFO - Setting next_dagrun for example_complex to None, run_after=None
[2025-02-08T10:59:27.116+0000] {processor.py:208} INFO - Processing /home/airflow/.local/lib/python3.12/site-packages/airflow/example_dags/example_complex.py took 0.073 seconds
[2025-02-08T11:01:56.342+0000] {processor.py:186} INFO - Started process (PID=203) to work on /home/airflow/.local/lib/python3.12/site-packages/airflow/example_dags/example_complex.py
[2025-02-08T11:01:56.342+0000] {processor.py:914} INFO - Processing file /home/airflow/.local/lib/python3.12/site-packages/airflow/example_dags/example_complex.py for tasks to queue
[2025-02-08T11:01:56.344+0000] {logging_mixin.py:190} INFO - [2025-02-08T11:01:56.344+0000] {dagbag.py:588} INFO - Filling up the DagBag from /home/airflow/.local/lib/python3.12/site-packages/airflow/example_dags/example_complex.py
[2025-02-08T11:01:56.354+0000] {processor.py:925} INFO - DAG(s) 'example_complex' retrieved from /home/airflow/.local/lib/python3.12/site-packages/airflow/example_dags/example_complex.py
[2025-02-08T11:01:56.452+0000] {logging_mixin.py:190} INFO - [2025-02-08T11:01:56.451+0000] {override.py:1900} INFO - Created Permission View: can read on DAG:example_complex
[2025-02-08T11:01:56.462+0000] {logging_mixin.py:190} INFO - [2025-02-08T11:01:56.462+0000] {override.py:1900} INFO - Created Permission View: can delete on DAG:example_complex
[2025-02-08T11:01:56.468+0000] {logging_mixin.py:190} INFO - [2025-02-08T11:01:56.467+0000] {override.py:1900} INFO - Created Permission View: can edit on DAG:example_complex
[2025-02-08T11:01:56.473+0000] {logging_mixin.py:190} INFO - [2025-02-08T11:01:56.473+0000] {override.py:1900} INFO - Created Permission View: menu access on DAG Run:example_complex
[2025-02-08T11:01:56.479+0000] {logging_mixin.py:190} INFO - [2025-02-08T11:01:56.479+0000] {override.py:1900} INFO - Created Permission View: can read on DAG Run:example_complex
[2025-02-08T11:01:56.483+0000] {logging_mixin.py:190} INFO - [2025-02-08T11:01:56.483+0000] {override.py:1900} INFO - Created Permission View: can create on DAG Run:example_complex
[2025-02-08T11:01:56.488+0000] {logging_mixin.py:190} INFO - [2025-02-08T11:01:56.488+0000] {override.py:1900} INFO - Created Permission View: can delete on DAG Run:example_complex
[2025-02-08T11:01:56.489+0000] {logging_mixin.py:190} INFO - [2025-02-08T11:01:56.489+0000] {dag.py:3239} INFO - Sync 1 DAGs
[2025-02-08T11:01:56.499+0000] {logging_mixin.py:190} INFO - [2025-02-08T11:01:56.499+0000] {dag.py:3262} INFO - Creating ORM DAG for example_complex
[2025-02-08T11:01:56.499+0000] {logging_mixin.py:190} INFO - [2025-02-08T11:01:56.499+0000] {dag.py:4180} INFO - Setting next_dagrun for example_complex to None, run_after=None
[2025-02-08T11:01:56.514+0000] {processor.py:208} INFO - Processing /home/airflow/.local/lib/python3.12/site-packages/airflow/example_dags/example_complex.py took 0.178 seconds
[2025-02-08T11:02:27.019+0000] {processor.py:186} INFO - Started process (PID=489) to work on /home/airflow/.local/lib/python3.12/site-packages/airflow/example_dags/example_complex.py
[2025-02-08T11:02:27.020+0000] {processor.py:914} INFO - Processing file /home/airflow/.local/lib/python3.12/site-packages/airflow/example_dags/example_complex.py for tasks to queue
[2025-02-08T11:02:27.022+0000] {logging_mixin.py:190} INFO - [2025-02-08T11:02:27.022+0000] {dagbag.py:588} INFO - Filling up the DagBag from /home/airflow/.local/lib/python3.12/site-packages/airflow/example_dags/example_complex.py
[2025-02-08T11:02:27.031+0000] {processor.py:925} INFO - DAG(s) 'example_complex' retrieved from /home/airflow/.local/lib/python3.12/site-packages/airflow/example_dags/example_complex.py
[2025-02-08T11:02:27.054+0000] {logging_mixin.py:190} INFO - [2025-02-08T11:02:27.054+0000] {dag.py:3239} INFO - Sync 1 DAGs
[2025-02-08T11:02:27.065+0000] {logging_mixin.py:190} INFO - [2025-02-08T11:02:27.064+0000] {dag.py:4180} INFO - Setting next_dagrun for example_complex to None, run_after=None
[2025-02-08T11:02:27.078+0000] {processor.py:208} INFO - Processing /home/airflow/.local/lib/python3.12/site-packages/airflow/example_dags/example_complex.py took 0.064 seconds
[2025-02-08T11:03:37.011+0000] {processor.py:186} INFO - Started process (PID=203) to work on /home/airflow/.local/lib/python3.12/site-packages/airflow/example_dags/example_complex.py
[2025-02-08T11:03:37.012+0000] {processor.py:914} INFO - Processing file /home/airflow/.local/lib/python3.12/site-packages/airflow/example_dags/example_complex.py for tasks to queue
[2025-02-08T11:03:37.014+0000] {logging_mixin.py:190} INFO - [2025-02-08T11:03:37.013+0000] {dagbag.py:588} INFO - Filling up the DagBag from /home/airflow/.local/lib/python3.12/site-packages/airflow/example_dags/example_complex.py
[2025-02-08T11:03:37.024+0000] {processor.py:925} INFO - DAG(s) 'example_complex' retrieved from /home/airflow/.local/lib/python3.12/site-packages/airflow/example_dags/example_complex.py
[2025-02-08T11:03:37.055+0000] {logging_mixin.py:190} INFO - [2025-02-08T11:03:37.055+0000] {dag.py:3239} INFO - Sync 1 DAGs
[2025-02-08T11:03:37.067+0000] {logging_mixin.py:190} INFO - [2025-02-08T11:03:37.067+0000] {dag.py:4180} INFO - Setting next_dagrun for example_complex to None, run_after=None
[2025-02-08T11:03:37.080+0000] {processor.py:208} INFO - Processing /home/airflow/.local/lib/python3.12/site-packages/airflow/example_dags/example_complex.py took 0.074 seconds
[2025-02-08T11:04:07.509+0000] {processor.py:186} INFO - Started process (PID=489) to work on /home/airflow/.local/lib/python3.12/site-packages/airflow/example_dags/example_complex.py
[2025-02-08T11:04:07.510+0000] {processor.py:914} INFO - Processing file /home/airflow/.local/lib/python3.12/site-packages/airflow/example_dags/example_complex.py for tasks to queue
[2025-02-08T11:04:07.512+0000] {logging_mixin.py:190} INFO - [2025-02-08T11:04:07.511+0000] {dagbag.py:588} INFO - Filling up the DagBag from /home/airflow/.local/lib/python3.12/site-packages/airflow/example_dags/example_complex.py
[2025-02-08T11:04:07.522+0000] {processor.py:925} INFO - DAG(s) 'example_complex' retrieved from /home/airflow/.local/lib/python3.12/site-packages/airflow/example_dags/example_complex.py
[2025-02-08T11:04:07.549+0000] {logging_mixin.py:190} INFO - [2025-02-08T11:04:07.548+0000] {dag.py:3239} INFO - Sync 1 DAGs
[2025-02-08T11:04:07.563+0000] {logging_mixin.py:190} INFO - [2025-02-08T11:04:07.563+0000] {dag.py:4180} INFO - Setting next_dagrun for example_complex to None, run_after=None
[2025-02-08T11:04:07.581+0000] {processor.py:208} INFO - Processing /home/airflow/.local/lib/python3.12/site-packages/airflow/example_dags/example_complex.py took 0.077 seconds
[2025-02-08T11:04:37.891+0000] {processor.py:186} INFO - Started process (PID=777) to work on /home/airflow/.local/lib/python3.12/site-packages/airflow/example_dags/example_complex.py
[2025-02-08T11:04:37.892+0000] {processor.py:914} INFO - Processing file /home/airflow/.local/lib/python3.12/site-packages/airflow/example_dags/example_complex.py for tasks to queue
[2025-02-08T11:04:37.894+0000] {logging_mixin.py:190} INFO - [2025-02-08T11:04:37.894+0000] {dagbag.py:588} INFO - Filling up the DagBag from /home/airflow/.local/lib/python3.12/site-packages/airflow/example_dags/example_complex.py
[2025-02-08T11:04:37.903+0000] {processor.py:925} INFO - DAG(s) 'example_complex' retrieved from /home/airflow/.local/lib/python3.12/site-packages/airflow/example_dags/example_complex.py
[2025-02-08T11:04:37.927+0000] {logging_mixin.py:190} INFO - [2025-02-08T11:04:37.927+0000] {dag.py:3239} INFO - Sync 1 DAGs
[2025-02-08T11:04:37.938+0000] {logging_mixin.py:190} INFO - [2025-02-08T11:04:37.938+0000] {dag.py:4180} INFO - Setting next_dagrun for example_complex to None, run_after=None
[2025-02-08T11:04:37.952+0000] {processor.py:208} INFO - Processing /home/airflow/.local/lib/python3.12/site-packages/airflow/example_dags/example_complex.py took 0.066 seconds
[2025-02-08T11:33:15.952+0000] {processor.py:186} INFO - Started process (PID=203) to work on /home/airflow/.local/lib/python3.12/site-packages/airflow/example_dags/example_complex.py
[2025-02-08T11:33:15.952+0000] {processor.py:914} INFO - Processing file /home/airflow/.local/lib/python3.12/site-packages/airflow/example_dags/example_complex.py for tasks to queue
[2025-02-08T11:33:15.954+0000] {logging_mixin.py:190} INFO - [2025-02-08T11:33:15.954+0000] {dagbag.py:588} INFO - Filling up the DagBag from /home/airflow/.local/lib/python3.12/site-packages/airflow/example_dags/example_complex.py
[2025-02-08T11:33:15.967+0000] {processor.py:925} INFO - DAG(s) 'example_complex' retrieved from /home/airflow/.local/lib/python3.12/site-packages/airflow/example_dags/example_complex.py
[2025-02-08T11:33:16.077+0000] {logging_mixin.py:190} INFO - [2025-02-08T11:33:16.076+0000] {override.py:1900} INFO - Created Permission View: can edit on DAG:example_complex
[2025-02-08T11:33:16.085+0000] {logging_mixin.py:190} INFO - [2025-02-08T11:33:16.085+0000] {override.py:1900} INFO - Created Permission View: can delete on DAG:example_complex
[2025-02-08T11:33:16.091+0000] {logging_mixin.py:190} INFO - [2025-02-08T11:33:16.091+0000] {override.py:1900} INFO - Created Permission View: can read on DAG:example_complex
[2025-02-08T11:33:16.099+0000] {logging_mixin.py:190} INFO - [2025-02-08T11:33:16.099+0000] {override.py:1900} INFO - Created Permission View: menu access on DAG Run:example_complex
[2025-02-08T11:33:16.105+0000] {logging_mixin.py:190} INFO - [2025-02-08T11:33:16.104+0000] {override.py:1900} INFO - Created Permission View: can create on DAG Run:example_complex
[2025-02-08T11:33:16.111+0000] {logging_mixin.py:190} INFO - [2025-02-08T11:33:16.111+0000] {override.py:1900} INFO - Created Permission View: can delete on DAG Run:example_complex
[2025-02-08T11:33:16.118+0000] {logging_mixin.py:190} INFO - [2025-02-08T11:33:16.117+0000] {override.py:1900} INFO - Created Permission View: can read on DAG Run:example_complex
[2025-02-08T11:33:16.118+0000] {logging_mixin.py:190} INFO - [2025-02-08T11:33:16.118+0000] {dag.py:3239} INFO - Sync 1 DAGs
[2025-02-08T11:33:16.128+0000] {logging_mixin.py:190} INFO - [2025-02-08T11:33:16.128+0000] {dag.py:3262} INFO - Creating ORM DAG for example_complex
[2025-02-08T11:33:16.129+0000] {logging_mixin.py:190} INFO - [2025-02-08T11:33:16.129+0000] {dag.py:4180} INFO - Setting next_dagrun for example_complex to None, run_after=None
[2025-02-08T11:33:16.144+0000] {processor.py:208} INFO - Processing /home/airflow/.local/lib/python3.12/site-packages/airflow/example_dags/example_complex.py took 0.197 seconds
[2025-02-08T11:33:46.856+0000] {processor.py:186} INFO - Started process (PID=489) to work on /home/airflow/.local/lib/python3.12/site-packages/airflow/example_dags/example_complex.py
[2025-02-08T11:33:46.857+0000] {processor.py:914} INFO - Processing file /home/airflow/.local/lib/python3.12/site-packages/airflow/example_dags/example_complex.py for tasks to queue
[2025-02-08T11:33:46.859+0000] {logging_mixin.py:190} INFO - [2025-02-08T11:33:46.858+0000] {dagbag.py:588} INFO - Filling up the DagBag from /home/airflow/.local/lib/python3.12/site-packages/airflow/example_dags/example_complex.py
[2025-02-08T11:33:46.867+0000] {processor.py:925} INFO - DAG(s) 'example_complex' retrieved from /home/airflow/.local/lib/python3.12/site-packages/airflow/example_dags/example_complex.py
[2025-02-08T11:33:46.893+0000] {logging_mixin.py:190} INFO - [2025-02-08T11:33:46.893+0000] {dag.py:3239} INFO - Sync 1 DAGs
[2025-02-08T11:33:46.904+0000] {logging_mixin.py:190} INFO - [2025-02-08T11:33:46.903+0000] {dag.py:4180} INFO - Setting next_dagrun for example_complex to None, run_after=None
[2025-02-08T11:33:46.918+0000] {processor.py:208} INFO - Processing /home/airflow/.local/lib/python3.12/site-packages/airflow/example_dags/example_complex.py took 0.067 seconds
[2025-02-08T11:34:17.382+0000] {processor.py:186} INFO - Started process (PID=775) to work on /home/airflow/.local/lib/python3.12/site-packages/airflow/example_dags/example_complex.py
[2025-02-08T11:34:17.383+0000] {processor.py:914} INFO - Processing file /home/airflow/.local/lib/python3.12/site-packages/airflow/example_dags/example_complex.py for tasks to queue
[2025-02-08T11:34:17.385+0000] {logging_mixin.py:190} INFO - [2025-02-08T11:34:17.385+0000] {dagbag.py:588} INFO - Filling up the DagBag from /home/airflow/.local/lib/python3.12/site-packages/airflow/example_dags/example_complex.py
[2025-02-08T11:34:17.394+0000] {processor.py:925} INFO - DAG(s) 'example_complex' retrieved from /home/airflow/.local/lib/python3.12/site-packages/airflow/example_dags/example_complex.py
[2025-02-08T11:34:17.418+0000] {logging_mixin.py:190} INFO - [2025-02-08T11:34:17.417+0000] {dag.py:3239} INFO - Sync 1 DAGs
[2025-02-08T11:34:17.428+0000] {logging_mixin.py:190} INFO - [2025-02-08T11:34:17.428+0000] {dag.py:4180} INFO - Setting next_dagrun for example_complex to None, run_after=None
[2025-02-08T11:34:17.441+0000] {processor.py:208} INFO - Processing /home/airflow/.local/lib/python3.12/site-packages/airflow/example_dags/example_complex.py took 0.063 seconds
[2025-02-08T11:34:47.575+0000] {processor.py:186} INFO - Started process (PID=1061) to work on /home/airflow/.local/lib/python3.12/site-packages/airflow/example_dags/example_complex.py
[2025-02-08T11:34:47.576+0000] {processor.py:914} INFO - Processing file /home/airflow/.local/lib/python3.12/site-packages/airflow/example_dags/example_complex.py for tasks to queue
[2025-02-08T11:34:47.577+0000] {logging_mixin.py:190} INFO - [2025-02-08T11:34:47.577+0000] {dagbag.py:588} INFO - Filling up the DagBag from /home/airflow/.local/lib/python3.12/site-packages/airflow/example_dags/example_complex.py
[2025-02-08T11:34:47.587+0000] {processor.py:925} INFO - DAG(s) 'example_complex' retrieved from /home/airflow/.local/lib/python3.12/site-packages/airflow/example_dags/example_complex.py
[2025-02-08T11:34:47.609+0000] {logging_mixin.py:190} INFO - [2025-02-08T11:34:47.609+0000] {dag.py:3239} INFO - Sync 1 DAGs
[2025-02-08T11:34:47.621+0000] {logging_mixin.py:190} INFO - [2025-02-08T11:34:47.621+0000] {dag.py:4180} INFO - Setting next_dagrun for example_complex to None, run_after=None
[2025-02-08T11:34:47.637+0000] {processor.py:208} INFO - Processing /home/airflow/.local/lib/python3.12/site-packages/airflow/example_dags/example_complex.py took 0.066 seconds
[2025-02-08T11:35:17.680+0000] {processor.py:186} INFO - Started process (PID=1347) to work on /home/airflow/.local/lib/python3.12/site-packages/airflow/example_dags/example_complex.py
[2025-02-08T11:35:17.681+0000] {processor.py:914} INFO - Processing file /home/airflow/.local/lib/python3.12/site-packages/airflow/example_dags/example_complex.py for tasks to queue
[2025-02-08T11:35:17.683+0000] {logging_mixin.py:190} INFO - [2025-02-08T11:35:17.683+0000] {dagbag.py:588} INFO - Filling up the DagBag from /home/airflow/.local/lib/python3.12/site-packages/airflow/example_dags/example_complex.py
[2025-02-08T11:35:17.693+0000] {processor.py:925} INFO - DAG(s) 'example_complex' retrieved from /home/airflow/.local/lib/python3.12/site-packages/airflow/example_dags/example_complex.py
[2025-02-08T11:35:17.717+0000] {logging_mixin.py:190} INFO - [2025-02-08T11:35:17.716+0000] {dag.py:3239} INFO - Sync 1 DAGs
[2025-02-08T11:35:17.728+0000] {logging_mixin.py:190} INFO - [2025-02-08T11:35:17.728+0000] {dag.py:4180} INFO - Setting next_dagrun for example_complex to None, run_after=None
[2025-02-08T11:35:17.742+0000] {processor.py:208} INFO - Processing /home/airflow/.local/lib/python3.12/site-packages/airflow/example_dags/example_complex.py took 0.066 seconds
