[2025-02-08T10:51:23.765+0000] {processor.py:186} INFO - Started process (PID=323) to work on /home/airflow/.local/lib/python3.12/site-packages/airflow/example_dags/example_display_name.py
[2025-02-08T10:51:23.766+0000] {processor.py:914} INFO - Processing file /home/airflow/.local/lib/python3.12/site-packages/airflow/example_dags/example_display_name.py for tasks to queue
[2025-02-08T10:51:23.768+0000] {logging_mixin.py:190} INFO - [2025-02-08T10:51:23.768+0000] {dagbag.py:588} INFO - Filling up the DagBag from /home/airflow/.local/lib/python3.12/site-packages/airflow/example_dags/example_display_name.py
[2025-02-08T10:51:23.776+0000] {processor.py:925} INFO - DAG(s) 'example_display_name' retrieved from /home/airflow/.local/lib/python3.12/site-packages/airflow/example_dags/example_display_name.py
[2025-02-08T10:51:23.870+0000] {logging_mixin.py:190} INFO - [2025-02-08T10:51:23.870+0000] {override.py:1900} INFO - Created Permission View: can delete on DAG:example_display_name
[2025-02-08T10:51:23.878+0000] {logging_mixin.py:190} INFO - [2025-02-08T10:51:23.878+0000] {override.py:1900} INFO - Created Permission View: can read on DAG:example_display_name
[2025-02-08T10:51:23.885+0000] {logging_mixin.py:190} INFO - [2025-02-08T10:51:23.884+0000] {override.py:1900} INFO - Created Permission View: can edit on DAG:example_display_name
[2025-02-08T10:51:23.891+0000] {logging_mixin.py:190} INFO - [2025-02-08T10:51:23.891+0000] {override.py:1900} INFO - Created Permission View: can delete on DAG Run:example_display_name
[2025-02-08T10:51:23.897+0000] {logging_mixin.py:190} INFO - [2025-02-08T10:51:23.897+0000] {override.py:1900} INFO - Created Permission View: can read on DAG Run:example_display_name
[2025-02-08T10:51:23.904+0000] {logging_mixin.py:190} INFO - [2025-02-08T10:51:23.904+0000] {override.py:1900} INFO - Created Permission View: menu access on DAG Run:example_display_name
[2025-02-08T10:51:23.911+0000] {logging_mixin.py:190} INFO - [2025-02-08T10:51:23.910+0000] {override.py:1900} INFO - Created Permission View: can create on DAG Run:example_display_name
[2025-02-08T10:51:23.911+0000] {logging_mixin.py:190} INFO - [2025-02-08T10:51:23.911+0000] {dag.py:3239} INFO - Sync 1 DAGs
[2025-02-08T10:51:23.923+0000] {logging_mixin.py:190} INFO - [2025-02-08T10:51:23.923+0000] {dag.py:3262} INFO - Creating ORM DAG for example_display_name
[2025-02-08T10:51:23.924+0000] {logging_mixin.py:190} INFO - [2025-02-08T10:51:23.924+0000] {dag.py:4180} INFO - Setting next_dagrun for example_display_name to None, run_after=None
[2025-02-08T10:51:23.938+0000] {processor.py:208} INFO - Processing /home/airflow/.local/lib/python3.12/site-packages/airflow/example_dags/example_display_name.py took 0.177 seconds
[2025-02-08T10:51:54.503+0000] {processor.py:186} INFO - Started process (PID=611) to work on /home/airflow/.local/lib/python3.12/site-packages/airflow/example_dags/example_display_name.py
[2025-02-08T10:51:54.504+0000] {processor.py:914} INFO - Processing file /home/airflow/.local/lib/python3.12/site-packages/airflow/example_dags/example_display_name.py for tasks to queue
[2025-02-08T10:51:54.506+0000] {logging_mixin.py:190} INFO - [2025-02-08T10:51:54.506+0000] {dagbag.py:588} INFO - Filling up the DagBag from /home/airflow/.local/lib/python3.12/site-packages/airflow/example_dags/example_display_name.py
[2025-02-08T10:51:54.512+0000] {processor.py:925} INFO - DAG(s) 'example_display_name' retrieved from /home/airflow/.local/lib/python3.12/site-packages/airflow/example_dags/example_display_name.py
[2025-02-08T10:51:54.528+0000] {logging_mixin.py:190} INFO - [2025-02-08T10:51:54.528+0000] {dag.py:3239} INFO - Sync 1 DAGs
[2025-02-08T10:51:54.539+0000] {logging_mixin.py:190} INFO - [2025-02-08T10:51:54.539+0000] {dag.py:4180} INFO - Setting next_dagrun for example_display_name to None, run_after=None
[2025-02-08T10:51:54.558+0000] {processor.py:208} INFO - Processing /home/airflow/.local/lib/python3.12/site-packages/airflow/example_dags/example_display_name.py took 0.061 seconds
[2025-02-08T10:52:24.631+0000] {processor.py:186} INFO - Started process (PID=897) to work on /home/airflow/.local/lib/python3.12/site-packages/airflow/example_dags/example_display_name.py
[2025-02-08T10:52:24.631+0000] {processor.py:914} INFO - Processing file /home/airflow/.local/lib/python3.12/site-packages/airflow/example_dags/example_display_name.py for tasks to queue
[2025-02-08T10:52:24.633+0000] {logging_mixin.py:190} INFO - [2025-02-08T10:52:24.633+0000] {dagbag.py:588} INFO - Filling up the DagBag from /home/airflow/.local/lib/python3.12/site-packages/airflow/example_dags/example_display_name.py
[2025-02-08T10:52:24.640+0000] {processor.py:925} INFO - DAG(s) 'example_display_name' retrieved from /home/airflow/.local/lib/python3.12/site-packages/airflow/example_dags/example_display_name.py
[2025-02-08T10:52:24.655+0000] {logging_mixin.py:190} INFO - [2025-02-08T10:52:24.654+0000] {dag.py:3239} INFO - Sync 1 DAGs
[2025-02-08T10:52:24.667+0000] {logging_mixin.py:190} INFO - [2025-02-08T10:52:24.667+0000] {dag.py:4180} INFO - Setting next_dagrun for example_display_name to None, run_after=None
[2025-02-08T10:52:24.686+0000] {processor.py:208} INFO - Processing /home/airflow/.local/lib/python3.12/site-packages/airflow/example_dags/example_display_name.py took 0.061 seconds
[2025-02-08T10:52:54.863+0000] {processor.py:186} INFO - Started process (PID=1183) to work on /home/airflow/.local/lib/python3.12/site-packages/airflow/example_dags/example_display_name.py
[2025-02-08T10:52:54.864+0000] {processor.py:914} INFO - Processing file /home/airflow/.local/lib/python3.12/site-packages/airflow/example_dags/example_display_name.py for tasks to queue
[2025-02-08T10:52:54.867+0000] {logging_mixin.py:190} INFO - [2025-02-08T10:52:54.867+0000] {dagbag.py:588} INFO - Filling up the DagBag from /home/airflow/.local/lib/python3.12/site-packages/airflow/example_dags/example_display_name.py
[2025-02-08T10:52:54.873+0000] {processor.py:925} INFO - DAG(s) 'example_display_name' retrieved from /home/airflow/.local/lib/python3.12/site-packages/airflow/example_dags/example_display_name.py
[2025-02-08T10:52:54.888+0000] {logging_mixin.py:190} INFO - [2025-02-08T10:52:54.888+0000] {dag.py:3239} INFO - Sync 1 DAGs
[2025-02-08T10:52:54.901+0000] {logging_mixin.py:190} INFO - [2025-02-08T10:52:54.901+0000] {dag.py:4180} INFO - Setting next_dagrun for example_display_name to None, run_after=None
[2025-02-08T10:52:54.919+0000] {processor.py:208} INFO - Processing /home/airflow/.local/lib/python3.12/site-packages/airflow/example_dags/example_display_name.py took 0.062 seconds
[2025-02-08T10:53:25.086+0000] {processor.py:186} INFO - Started process (PID=1469) to work on /home/airflow/.local/lib/python3.12/site-packages/airflow/example_dags/example_display_name.py
[2025-02-08T10:53:25.087+0000] {processor.py:914} INFO - Processing file /home/airflow/.local/lib/python3.12/site-packages/airflow/example_dags/example_display_name.py for tasks to queue
[2025-02-08T10:53:25.089+0000] {logging_mixin.py:190} INFO - [2025-02-08T10:53:25.088+0000] {dagbag.py:588} INFO - Filling up the DagBag from /home/airflow/.local/lib/python3.12/site-packages/airflow/example_dags/example_display_name.py
[2025-02-08T10:53:25.094+0000] {processor.py:925} INFO - DAG(s) 'example_display_name' retrieved from /home/airflow/.local/lib/python3.12/site-packages/airflow/example_dags/example_display_name.py
[2025-02-08T10:53:25.110+0000] {logging_mixin.py:190} INFO - [2025-02-08T10:53:25.110+0000] {dag.py:3239} INFO - Sync 1 DAGs
[2025-02-08T10:53:25.122+0000] {logging_mixin.py:190} INFO - [2025-02-08T10:53:25.122+0000] {dag.py:4180} INFO - Setting next_dagrun for example_display_name to None, run_after=None
[2025-02-08T10:53:25.137+0000] {processor.py:208} INFO - Processing /home/airflow/.local/lib/python3.12/site-packages/airflow/example_dags/example_display_name.py took 0.056 seconds
[2025-02-08T10:53:55.244+0000] {processor.py:186} INFO - Started process (PID=1753) to work on /home/airflow/.local/lib/python3.12/site-packages/airflow/example_dags/example_display_name.py
[2025-02-08T10:53:55.245+0000] {processor.py:914} INFO - Processing file /home/airflow/.local/lib/python3.12/site-packages/airflow/example_dags/example_display_name.py for tasks to queue
[2025-02-08T10:53:55.247+0000] {logging_mixin.py:190} INFO - [2025-02-08T10:53:55.247+0000] {dagbag.py:588} INFO - Filling up the DagBag from /home/airflow/.local/lib/python3.12/site-packages/airflow/example_dags/example_display_name.py
[2025-02-08T10:53:55.255+0000] {processor.py:925} INFO - DAG(s) 'example_display_name' retrieved from /home/airflow/.local/lib/python3.12/site-packages/airflow/example_dags/example_display_name.py
[2025-02-08T10:53:55.271+0000] {logging_mixin.py:190} INFO - [2025-02-08T10:53:55.271+0000] {dag.py:3239} INFO - Sync 1 DAGs
[2025-02-08T10:53:55.282+0000] {logging_mixin.py:190} INFO - [2025-02-08T10:53:55.282+0000] {dag.py:4180} INFO - Setting next_dagrun for example_display_name to None, run_after=None
[2025-02-08T10:53:55.298+0000] {processor.py:208} INFO - Processing /home/airflow/.local/lib/python3.12/site-packages/airflow/example_dags/example_display_name.py took 0.059 seconds
[2025-02-08T10:54:25.501+0000] {processor.py:186} INFO - Started process (PID=2039) to work on /home/airflow/.local/lib/python3.12/site-packages/airflow/example_dags/example_display_name.py
[2025-02-08T10:54:25.502+0000] {processor.py:914} INFO - Processing file /home/airflow/.local/lib/python3.12/site-packages/airflow/example_dags/example_display_name.py for tasks to queue
[2025-02-08T10:54:25.504+0000] {logging_mixin.py:190} INFO - [2025-02-08T10:54:25.503+0000] {dagbag.py:588} INFO - Filling up the DagBag from /home/airflow/.local/lib/python3.12/site-packages/airflow/example_dags/example_display_name.py
[2025-02-08T10:54:25.510+0000] {processor.py:925} INFO - DAG(s) 'example_display_name' retrieved from /home/airflow/.local/lib/python3.12/site-packages/airflow/example_dags/example_display_name.py
[2025-02-08T10:54:25.524+0000] {logging_mixin.py:190} INFO - [2025-02-08T10:54:25.524+0000] {dag.py:3239} INFO - Sync 1 DAGs
[2025-02-08T10:54:25.535+0000] {logging_mixin.py:190} INFO - [2025-02-08T10:54:25.535+0000] {dag.py:4180} INFO - Setting next_dagrun for example_display_name to None, run_after=None
[2025-02-08T10:54:25.554+0000] {processor.py:208} INFO - Processing /home/airflow/.local/lib/python3.12/site-packages/airflow/example_dags/example_display_name.py took 0.059 seconds
[2025-02-08T10:54:55.863+0000] {processor.py:186} INFO - Started process (PID=2325) to work on /home/airflow/.local/lib/python3.12/site-packages/airflow/example_dags/example_display_name.py
[2025-02-08T10:54:55.864+0000] {processor.py:914} INFO - Processing file /home/airflow/.local/lib/python3.12/site-packages/airflow/example_dags/example_display_name.py for tasks to queue
[2025-02-08T10:54:55.866+0000] {logging_mixin.py:190} INFO - [2025-02-08T10:54:55.866+0000] {dagbag.py:588} INFO - Filling up the DagBag from /home/airflow/.local/lib/python3.12/site-packages/airflow/example_dags/example_display_name.py
[2025-02-08T10:54:55.872+0000] {processor.py:925} INFO - DAG(s) 'example_display_name' retrieved from /home/airflow/.local/lib/python3.12/site-packages/airflow/example_dags/example_display_name.py
[2025-02-08T10:54:55.888+0000] {logging_mixin.py:190} INFO - [2025-02-08T10:54:55.888+0000] {dag.py:3239} INFO - Sync 1 DAGs
[2025-02-08T10:54:55.901+0000] {logging_mixin.py:190} INFO - [2025-02-08T10:54:55.900+0000] {dag.py:4180} INFO - Setting next_dagrun for example_display_name to None, run_after=None
[2025-02-08T10:54:55.917+0000] {processor.py:208} INFO - Processing /home/airflow/.local/lib/python3.12/site-packages/airflow/example_dags/example_display_name.py took 0.059 seconds
[2025-02-08T10:55:26.173+0000] {processor.py:186} INFO - Started process (PID=2611) to work on /home/airflow/.local/lib/python3.12/site-packages/airflow/example_dags/example_display_name.py
[2025-02-08T10:55:26.174+0000] {processor.py:914} INFO - Processing file /home/airflow/.local/lib/python3.12/site-packages/airflow/example_dags/example_display_name.py for tasks to queue
[2025-02-08T10:55:26.175+0000] {logging_mixin.py:190} INFO - [2025-02-08T10:55:26.175+0000] {dagbag.py:588} INFO - Filling up the DagBag from /home/airflow/.local/lib/python3.12/site-packages/airflow/example_dags/example_display_name.py
[2025-02-08T10:55:26.182+0000] {processor.py:925} INFO - DAG(s) 'example_display_name' retrieved from /home/airflow/.local/lib/python3.12/site-packages/airflow/example_dags/example_display_name.py
[2025-02-08T10:55:26.195+0000] {logging_mixin.py:190} INFO - [2025-02-08T10:55:26.195+0000] {dag.py:3239} INFO - Sync 1 DAGs
[2025-02-08T10:55:26.207+0000] {logging_mixin.py:190} INFO - [2025-02-08T10:55:26.207+0000] {dag.py:4180} INFO - Setting next_dagrun for example_display_name to None, run_after=None
[2025-02-08T10:55:26.221+0000] {processor.py:208} INFO - Processing /home/airflow/.local/lib/python3.12/site-packages/airflow/example_dags/example_display_name.py took 0.053 seconds
[2025-02-08T10:55:57.279+0000] {processor.py:186} INFO - Started process (PID=2897) to work on /home/airflow/.local/lib/python3.12/site-packages/airflow/example_dags/example_display_name.py
[2025-02-08T10:55:57.280+0000] {processor.py:914} INFO - Processing file /home/airflow/.local/lib/python3.12/site-packages/airflow/example_dags/example_display_name.py for tasks to queue
[2025-02-08T10:55:57.281+0000] {logging_mixin.py:190} INFO - [2025-02-08T10:55:57.281+0000] {dagbag.py:588} INFO - Filling up the DagBag from /home/airflow/.local/lib/python3.12/site-packages/airflow/example_dags/example_display_name.py
[2025-02-08T10:55:57.288+0000] {processor.py:925} INFO - DAG(s) 'example_display_name' retrieved from /home/airflow/.local/lib/python3.12/site-packages/airflow/example_dags/example_display_name.py
[2025-02-08T10:55:57.302+0000] {logging_mixin.py:190} INFO - [2025-02-08T10:55:57.302+0000] {dag.py:3239} INFO - Sync 1 DAGs
[2025-02-08T10:55:57.313+0000] {logging_mixin.py:190} INFO - [2025-02-08T10:55:57.313+0000] {dag.py:4180} INFO - Setting next_dagrun for example_display_name to None, run_after=None
[2025-02-08T10:55:57.329+0000] {processor.py:208} INFO - Processing /home/airflow/.local/lib/python3.12/site-packages/airflow/example_dags/example_display_name.py took 0.055 seconds
[2025-02-08T10:56:27.597+0000] {processor.py:186} INFO - Started process (PID=3185) to work on /home/airflow/.local/lib/python3.12/site-packages/airflow/example_dags/example_display_name.py
[2025-02-08T10:56:27.598+0000] {processor.py:914} INFO - Processing file /home/airflow/.local/lib/python3.12/site-packages/airflow/example_dags/example_display_name.py for tasks to queue
[2025-02-08T10:56:27.600+0000] {logging_mixin.py:190} INFO - [2025-02-08T10:56:27.600+0000] {dagbag.py:588} INFO - Filling up the DagBag from /home/airflow/.local/lib/python3.12/site-packages/airflow/example_dags/example_display_name.py
[2025-02-08T10:56:27.606+0000] {processor.py:925} INFO - DAG(s) 'example_display_name' retrieved from /home/airflow/.local/lib/python3.12/site-packages/airflow/example_dags/example_display_name.py
[2025-02-08T10:56:27.620+0000] {logging_mixin.py:190} INFO - [2025-02-08T10:56:27.620+0000] {dag.py:3239} INFO - Sync 1 DAGs
[2025-02-08T10:56:27.632+0000] {logging_mixin.py:190} INFO - [2025-02-08T10:56:27.632+0000] {dag.py:4180} INFO - Setting next_dagrun for example_display_name to None, run_after=None
[2025-02-08T10:56:27.649+0000] {processor.py:208} INFO - Processing /home/airflow/.local/lib/python3.12/site-packages/airflow/example_dags/example_display_name.py took 0.056 seconds
[2025-02-08T10:56:57.813+0000] {processor.py:186} INFO - Started process (PID=3469) to work on /home/airflow/.local/lib/python3.12/site-packages/airflow/example_dags/example_display_name.py
[2025-02-08T10:56:57.814+0000] {processor.py:914} INFO - Processing file /home/airflow/.local/lib/python3.12/site-packages/airflow/example_dags/example_display_name.py for tasks to queue
[2025-02-08T10:56:57.815+0000] {logging_mixin.py:190} INFO - [2025-02-08T10:56:57.815+0000] {dagbag.py:588} INFO - Filling up the DagBag from /home/airflow/.local/lib/python3.12/site-packages/airflow/example_dags/example_display_name.py
[2025-02-08T10:56:57.821+0000] {processor.py:925} INFO - DAG(s) 'example_display_name' retrieved from /home/airflow/.local/lib/python3.12/site-packages/airflow/example_dags/example_display_name.py
[2025-02-08T10:56:57.836+0000] {logging_mixin.py:190} INFO - [2025-02-08T10:56:57.836+0000] {dag.py:3239} INFO - Sync 1 DAGs
[2025-02-08T10:56:57.847+0000] {logging_mixin.py:190} INFO - [2025-02-08T10:56:57.847+0000] {dag.py:4180} INFO - Setting next_dagrun for example_display_name to None, run_after=None
[2025-02-08T10:56:57.862+0000] {processor.py:208} INFO - Processing /home/airflow/.local/lib/python3.12/site-packages/airflow/example_dags/example_display_name.py took 0.054 seconds
[2025-02-08T10:57:28.160+0000] {processor.py:186} INFO - Started process (PID=3757) to work on /home/airflow/.local/lib/python3.12/site-packages/airflow/example_dags/example_display_name.py
[2025-02-08T10:57:28.161+0000] {processor.py:914} INFO - Processing file /home/airflow/.local/lib/python3.12/site-packages/airflow/example_dags/example_display_name.py for tasks to queue
[2025-02-08T10:57:28.163+0000] {logging_mixin.py:190} INFO - [2025-02-08T10:57:28.163+0000] {dagbag.py:588} INFO - Filling up the DagBag from /home/airflow/.local/lib/python3.12/site-packages/airflow/example_dags/example_display_name.py
[2025-02-08T10:57:28.171+0000] {processor.py:925} INFO - DAG(s) 'example_display_name' retrieved from /home/airflow/.local/lib/python3.12/site-packages/airflow/example_dags/example_display_name.py
[2025-02-08T10:57:28.192+0000] {logging_mixin.py:190} INFO - [2025-02-08T10:57:28.192+0000] {dag.py:3239} INFO - Sync 1 DAGs
[2025-02-08T10:57:28.206+0000] {logging_mixin.py:190} INFO - [2025-02-08T10:57:28.205+0000] {dag.py:4180} INFO - Setting next_dagrun for example_display_name to None, run_after=None
[2025-02-08T10:57:28.221+0000] {processor.py:208} INFO - Processing /home/airflow/.local/lib/python3.12/site-packages/airflow/example_dags/example_display_name.py took 0.066 seconds
[2025-02-08T10:57:58.482+0000] {processor.py:186} INFO - Started process (PID=4041) to work on /home/airflow/.local/lib/python3.12/site-packages/airflow/example_dags/example_display_name.py
[2025-02-08T10:57:58.483+0000] {processor.py:914} INFO - Processing file /home/airflow/.local/lib/python3.12/site-packages/airflow/example_dags/example_display_name.py for tasks to queue
[2025-02-08T10:57:58.485+0000] {logging_mixin.py:190} INFO - [2025-02-08T10:57:58.485+0000] {dagbag.py:588} INFO - Filling up the DagBag from /home/airflow/.local/lib/python3.12/site-packages/airflow/example_dags/example_display_name.py
[2025-02-08T10:57:58.492+0000] {processor.py:925} INFO - DAG(s) 'example_display_name' retrieved from /home/airflow/.local/lib/python3.12/site-packages/airflow/example_dags/example_display_name.py
[2025-02-08T10:57:58.508+0000] {logging_mixin.py:190} INFO - [2025-02-08T10:57:58.508+0000] {dag.py:3239} INFO - Sync 1 DAGs
[2025-02-08T10:57:58.519+0000] {logging_mixin.py:190} INFO - [2025-02-08T10:57:58.519+0000] {dag.py:4180} INFO - Setting next_dagrun for example_display_name to None, run_after=None
[2025-02-08T10:57:58.535+0000] {processor.py:208} INFO - Processing /home/airflow/.local/lib/python3.12/site-packages/airflow/example_dags/example_display_name.py took 0.057 seconds
[2025-02-08T10:58:28.893+0000] {processor.py:186} INFO - Started process (PID=4339) to work on /home/airflow/.local/lib/python3.12/site-packages/airflow/example_dags/example_display_name.py
[2025-02-08T10:58:28.894+0000] {processor.py:914} INFO - Processing file /home/airflow/.local/lib/python3.12/site-packages/airflow/example_dags/example_display_name.py for tasks to queue
[2025-02-08T10:58:28.896+0000] {logging_mixin.py:190} INFO - [2025-02-08T10:58:28.896+0000] {dagbag.py:588} INFO - Filling up the DagBag from /home/airflow/.local/lib/python3.12/site-packages/airflow/example_dags/example_display_name.py
[2025-02-08T10:58:28.902+0000] {processor.py:925} INFO - DAG(s) 'example_display_name' retrieved from /home/airflow/.local/lib/python3.12/site-packages/airflow/example_dags/example_display_name.py
[2025-02-08T10:58:28.917+0000] {logging_mixin.py:190} INFO - [2025-02-08T10:58:28.917+0000] {dag.py:3239} INFO - Sync 1 DAGs
[2025-02-08T10:58:28.928+0000] {logging_mixin.py:190} INFO - [2025-02-08T10:58:28.928+0000] {dag.py:4180} INFO - Setting next_dagrun for example_display_name to None, run_after=None
[2025-02-08T10:58:28.944+0000] {processor.py:208} INFO - Processing /home/airflow/.local/lib/python3.12/site-packages/airflow/example_dags/example_display_name.py took 0.056 seconds
[2025-02-08T10:58:59.172+0000] {processor.py:186} INFO - Started process (PID=4817) to work on /home/airflow/.local/lib/python3.12/site-packages/airflow/example_dags/example_display_name.py
[2025-02-08T10:58:59.173+0000] {processor.py:914} INFO - Processing file /home/airflow/.local/lib/python3.12/site-packages/airflow/example_dags/example_display_name.py for tasks to queue
[2025-02-08T10:58:59.174+0000] {logging_mixin.py:190} INFO - [2025-02-08T10:58:59.174+0000] {dagbag.py:588} INFO - Filling up the DagBag from /home/airflow/.local/lib/python3.12/site-packages/airflow/example_dags/example_display_name.py
[2025-02-08T10:58:59.181+0000] {processor.py:925} INFO - DAG(s) 'example_display_name' retrieved from /home/airflow/.local/lib/python3.12/site-packages/airflow/example_dags/example_display_name.py
[2025-02-08T10:58:59.196+0000] {logging_mixin.py:190} INFO - [2025-02-08T10:58:59.196+0000] {dag.py:3239} INFO - Sync 1 DAGs
[2025-02-08T10:58:59.208+0000] {logging_mixin.py:190} INFO - [2025-02-08T10:58:59.208+0000] {dag.py:4180} INFO - Setting next_dagrun for example_display_name to None, run_after=None
[2025-02-08T10:58:59.223+0000] {processor.py:208} INFO - Processing /home/airflow/.local/lib/python3.12/site-packages/airflow/example_dags/example_display_name.py took 0.057 seconds
[2025-02-08T11:01:59.276+0000] {processor.py:186} INFO - Started process (PID=323) to work on /home/airflow/.local/lib/python3.12/site-packages/airflow/example_dags/example_display_name.py
[2025-02-08T11:01:59.277+0000] {processor.py:914} INFO - Processing file /home/airflow/.local/lib/python3.12/site-packages/airflow/example_dags/example_display_name.py for tasks to queue
[2025-02-08T11:01:59.279+0000] {logging_mixin.py:190} INFO - [2025-02-08T11:01:59.278+0000] {dagbag.py:588} INFO - Filling up the DagBag from /home/airflow/.local/lib/python3.12/site-packages/airflow/example_dags/example_display_name.py
[2025-02-08T11:01:59.285+0000] {processor.py:925} INFO - DAG(s) 'example_display_name' retrieved from /home/airflow/.local/lib/python3.12/site-packages/airflow/example_dags/example_display_name.py
[2025-02-08T11:01:59.366+0000] {logging_mixin.py:190} INFO - [2025-02-08T11:01:59.366+0000] {override.py:1900} INFO - Created Permission View: can read on DAG:example_display_name
[2025-02-08T11:01:59.374+0000] {logging_mixin.py:190} INFO - [2025-02-08T11:01:59.374+0000] {override.py:1900} INFO - Created Permission View: can delete on DAG:example_display_name
[2025-02-08T11:01:59.379+0000] {logging_mixin.py:190} INFO - [2025-02-08T11:01:59.379+0000] {override.py:1900} INFO - Created Permission View: can edit on DAG:example_display_name
[2025-02-08T11:01:59.385+0000] {logging_mixin.py:190} INFO - [2025-02-08T11:01:59.385+0000] {override.py:1900} INFO - Created Permission View: menu access on DAG Run:example_display_name
[2025-02-08T11:01:59.391+0000] {logging_mixin.py:190} INFO - [2025-02-08T11:01:59.391+0000] {override.py:1900} INFO - Created Permission View: can read on DAG Run:example_display_name
[2025-02-08T11:01:59.396+0000] {logging_mixin.py:190} INFO - [2025-02-08T11:01:59.396+0000] {override.py:1900} INFO - Created Permission View: can create on DAG Run:example_display_name
[2025-02-08T11:01:59.402+0000] {logging_mixin.py:190} INFO - [2025-02-08T11:01:59.401+0000] {override.py:1900} INFO - Created Permission View: can delete on DAG Run:example_display_name
[2025-02-08T11:01:59.402+0000] {logging_mixin.py:190} INFO - [2025-02-08T11:01:59.402+0000] {dag.py:3239} INFO - Sync 1 DAGs
[2025-02-08T11:01:59.413+0000] {logging_mixin.py:190} INFO - [2025-02-08T11:01:59.412+0000] {dag.py:3262} INFO - Creating ORM DAG for example_display_name
[2025-02-08T11:01:59.413+0000] {logging_mixin.py:190} INFO - [2025-02-08T11:01:59.413+0000] {dag.py:4180} INFO - Setting next_dagrun for example_display_name to None, run_after=None
[2025-02-08T11:01:59.425+0000] {processor.py:208} INFO - Processing /home/airflow/.local/lib/python3.12/site-packages/airflow/example_dags/example_display_name.py took 0.154 seconds
[2025-02-08T11:02:30.579+0000] {processor.py:186} INFO - Started process (PID=609) to work on /home/airflow/.local/lib/python3.12/site-packages/airflow/example_dags/example_display_name.py
[2025-02-08T11:02:30.580+0000] {processor.py:914} INFO - Processing file /home/airflow/.local/lib/python3.12/site-packages/airflow/example_dags/example_display_name.py for tasks to queue
[2025-02-08T11:02:30.582+0000] {logging_mixin.py:190} INFO - [2025-02-08T11:02:30.582+0000] {dagbag.py:588} INFO - Filling up the DagBag from /home/airflow/.local/lib/python3.12/site-packages/airflow/example_dags/example_display_name.py
[2025-02-08T11:02:30.588+0000] {processor.py:925} INFO - DAG(s) 'example_display_name' retrieved from /home/airflow/.local/lib/python3.12/site-packages/airflow/example_dags/example_display_name.py
[2025-02-08T11:02:30.602+0000] {logging_mixin.py:190} INFO - [2025-02-08T11:02:30.602+0000] {dag.py:3239} INFO - Sync 1 DAGs
[2025-02-08T11:02:30.612+0000] {logging_mixin.py:190} INFO - [2025-02-08T11:02:30.612+0000] {dag.py:4180} INFO - Setting next_dagrun for example_display_name to None, run_after=None
[2025-02-08T11:02:30.679+0000] {processor.py:208} INFO - Processing /home/airflow/.local/lib/python3.12/site-packages/airflow/example_dags/example_display_name.py took 0.104 seconds
[2025-02-08T11:03:38.645+0000] {processor.py:186} INFO - Started process (PID=323) to work on /home/airflow/.local/lib/python3.12/site-packages/airflow/example_dags/example_display_name.py
[2025-02-08T11:03:38.646+0000] {processor.py:914} INFO - Processing file /home/airflow/.local/lib/python3.12/site-packages/airflow/example_dags/example_display_name.py for tasks to queue
[2025-02-08T11:03:38.648+0000] {logging_mixin.py:190} INFO - [2025-02-08T11:03:38.648+0000] {dagbag.py:588} INFO - Filling up the DagBag from /home/airflow/.local/lib/python3.12/site-packages/airflow/example_dags/example_display_name.py
[2025-02-08T11:03:38.656+0000] {processor.py:925} INFO - DAG(s) 'example_display_name' retrieved from /home/airflow/.local/lib/python3.12/site-packages/airflow/example_dags/example_display_name.py
[2025-02-08T11:03:38.678+0000] {logging_mixin.py:190} INFO - [2025-02-08T11:03:38.678+0000] {dag.py:3239} INFO - Sync 1 DAGs
[2025-02-08T11:03:38.690+0000] {logging_mixin.py:190} INFO - [2025-02-08T11:03:38.689+0000] {dag.py:4180} INFO - Setting next_dagrun for example_display_name to None, run_after=None
[2025-02-08T11:03:38.710+0000] {processor.py:208} INFO - Processing /home/airflow/.local/lib/python3.12/site-packages/airflow/example_dags/example_display_name.py took 0.069 seconds
[2025-02-08T11:04:09.156+0000] {processor.py:186} INFO - Started process (PID=611) to work on /home/airflow/.local/lib/python3.12/site-packages/airflow/example_dags/example_display_name.py
[2025-02-08T11:04:09.157+0000] {processor.py:914} INFO - Processing file /home/airflow/.local/lib/python3.12/site-packages/airflow/example_dags/example_display_name.py for tasks to queue
[2025-02-08T11:04:09.159+0000] {logging_mixin.py:190} INFO - [2025-02-08T11:04:09.159+0000] {dagbag.py:588} INFO - Filling up the DagBag from /home/airflow/.local/lib/python3.12/site-packages/airflow/example_dags/example_display_name.py
[2025-02-08T11:04:09.165+0000] {processor.py:925} INFO - DAG(s) 'example_display_name' retrieved from /home/airflow/.local/lib/python3.12/site-packages/airflow/example_dags/example_display_name.py
[2025-02-08T11:04:09.179+0000] {logging_mixin.py:190} INFO - [2025-02-08T11:04:09.179+0000] {dag.py:3239} INFO - Sync 1 DAGs
[2025-02-08T11:04:09.191+0000] {logging_mixin.py:190} INFO - [2025-02-08T11:04:09.191+0000] {dag.py:4180} INFO - Setting next_dagrun for example_display_name to None, run_after=None
[2025-02-08T11:04:09.207+0000] {processor.py:208} INFO - Processing /home/airflow/.local/lib/python3.12/site-packages/airflow/example_dags/example_display_name.py took 0.056 seconds
[2025-02-08T11:04:39.255+0000] {processor.py:186} INFO - Started process (PID=895) to work on /home/airflow/.local/lib/python3.12/site-packages/airflow/example_dags/example_display_name.py
[2025-02-08T11:04:39.255+0000] {processor.py:914} INFO - Processing file /home/airflow/.local/lib/python3.12/site-packages/airflow/example_dags/example_display_name.py for tasks to queue
[2025-02-08T11:04:39.257+0000] {logging_mixin.py:190} INFO - [2025-02-08T11:04:39.257+0000] {dagbag.py:588} INFO - Filling up the DagBag from /home/airflow/.local/lib/python3.12/site-packages/airflow/example_dags/example_display_name.py
[2025-02-08T11:04:39.262+0000] {processor.py:925} INFO - DAG(s) 'example_display_name' retrieved from /home/airflow/.local/lib/python3.12/site-packages/airflow/example_dags/example_display_name.py
[2025-02-08T11:04:39.276+0000] {logging_mixin.py:190} INFO - [2025-02-08T11:04:39.276+0000] {dag.py:3239} INFO - Sync 1 DAGs
[2025-02-08T11:04:39.287+0000] {logging_mixin.py:190} INFO - [2025-02-08T11:04:39.286+0000] {dag.py:4180} INFO - Setting next_dagrun for example_display_name to None, run_after=None
[2025-02-08T11:04:39.301+0000] {processor.py:208} INFO - Processing /home/airflow/.local/lib/python3.12/site-packages/airflow/example_dags/example_display_name.py took 0.051 seconds
[2025-02-08T11:33:19.960+0000] {processor.py:186} INFO - Started process (PID=323) to work on /home/airflow/.local/lib/python3.12/site-packages/airflow/example_dags/example_display_name.py
[2025-02-08T11:33:19.961+0000] {processor.py:914} INFO - Processing file /home/airflow/.local/lib/python3.12/site-packages/airflow/example_dags/example_display_name.py for tasks to queue
[2025-02-08T11:33:19.963+0000] {logging_mixin.py:190} INFO - [2025-02-08T11:33:19.963+0000] {dagbag.py:588} INFO - Filling up the DagBag from /home/airflow/.local/lib/python3.12/site-packages/airflow/example_dags/example_display_name.py
[2025-02-08T11:33:19.970+0000] {processor.py:925} INFO - DAG(s) 'example_display_name' retrieved from /home/airflow/.local/lib/python3.12/site-packages/airflow/example_dags/example_display_name.py
[2025-02-08T11:33:20.056+0000] {logging_mixin.py:190} INFO - [2025-02-08T11:33:20.056+0000] {override.py:1900} INFO - Created Permission View: can edit on DAG:example_display_name
[2025-02-08T11:33:20.064+0000] {logging_mixin.py:190} INFO - [2025-02-08T11:33:20.064+0000] {override.py:1900} INFO - Created Permission View: can delete on DAG:example_display_name
[2025-02-08T11:33:20.069+0000] {logging_mixin.py:190} INFO - [2025-02-08T11:33:20.069+0000] {override.py:1900} INFO - Created Permission View: can read on DAG:example_display_name
[2025-02-08T11:33:20.075+0000] {logging_mixin.py:190} INFO - [2025-02-08T11:33:20.075+0000] {override.py:1900} INFO - Created Permission View: menu access on DAG Run:example_display_name
[2025-02-08T11:33:20.080+0000] {logging_mixin.py:190} INFO - [2025-02-08T11:33:20.080+0000] {override.py:1900} INFO - Created Permission View: can create on DAG Run:example_display_name
[2025-02-08T11:33:20.086+0000] {logging_mixin.py:190} INFO - [2025-02-08T11:33:20.086+0000] {override.py:1900} INFO - Created Permission View: can delete on DAG Run:example_display_name
[2025-02-08T11:33:20.092+0000] {logging_mixin.py:190} INFO - [2025-02-08T11:33:20.092+0000] {override.py:1900} INFO - Created Permission View: can read on DAG Run:example_display_name
[2025-02-08T11:33:20.092+0000] {logging_mixin.py:190} INFO - [2025-02-08T11:33:20.092+0000] {dag.py:3239} INFO - Sync 1 DAGs
[2025-02-08T11:33:20.103+0000] {logging_mixin.py:190} INFO - [2025-02-08T11:33:20.103+0000] {dag.py:3262} INFO - Creating ORM DAG for example_display_name
[2025-02-08T11:33:20.104+0000] {logging_mixin.py:190} INFO - [2025-02-08T11:33:20.104+0000] {dag.py:4180} INFO - Setting next_dagrun for example_display_name to None, run_after=None
[2025-02-08T11:33:20.117+0000] {processor.py:208} INFO - Processing /home/airflow/.local/lib/python3.12/site-packages/airflow/example_dags/example_display_name.py took 0.162 seconds
[2025-02-08T11:33:50.223+0000] {processor.py:186} INFO - Started process (PID=611) to work on /home/airflow/.local/lib/python3.12/site-packages/airflow/example_dags/example_display_name.py
[2025-02-08T11:33:50.224+0000] {processor.py:914} INFO - Processing file /home/airflow/.local/lib/python3.12/site-packages/airflow/example_dags/example_display_name.py for tasks to queue
[2025-02-08T11:33:50.226+0000] {logging_mixin.py:190} INFO - [2025-02-08T11:33:50.225+0000] {dagbag.py:588} INFO - Filling up the DagBag from /home/airflow/.local/lib/python3.12/site-packages/airflow/example_dags/example_display_name.py
[2025-02-08T11:33:50.231+0000] {processor.py:925} INFO - DAG(s) 'example_display_name' retrieved from /home/airflow/.local/lib/python3.12/site-packages/airflow/example_dags/example_display_name.py
[2025-02-08T11:33:50.247+0000] {logging_mixin.py:190} INFO - [2025-02-08T11:33:50.247+0000] {dag.py:3239} INFO - Sync 1 DAGs
[2025-02-08T11:33:50.258+0000] {logging_mixin.py:190} INFO - [2025-02-08T11:33:50.258+0000] {dag.py:4180} INFO - Setting next_dagrun for example_display_name to None, run_after=None
[2025-02-08T11:33:50.273+0000] {processor.py:208} INFO - Processing /home/airflow/.local/lib/python3.12/site-packages/airflow/example_dags/example_display_name.py took 0.057 seconds
[2025-02-08T11:34:20.666+0000] {processor.py:186} INFO - Started process (PID=895) to work on /home/airflow/.local/lib/python3.12/site-packages/airflow/example_dags/example_display_name.py
[2025-02-08T11:34:20.667+0000] {processor.py:914} INFO - Processing file /home/airflow/.local/lib/python3.12/site-packages/airflow/example_dags/example_display_name.py for tasks to queue
[2025-02-08T11:34:20.669+0000] {logging_mixin.py:190} INFO - [2025-02-08T11:34:20.669+0000] {dagbag.py:588} INFO - Filling up the DagBag from /home/airflow/.local/lib/python3.12/site-packages/airflow/example_dags/example_display_name.py
[2025-02-08T11:34:20.676+0000] {processor.py:925} INFO - DAG(s) 'example_display_name' retrieved from /home/airflow/.local/lib/python3.12/site-packages/airflow/example_dags/example_display_name.py
[2025-02-08T11:34:20.690+0000] {logging_mixin.py:190} INFO - [2025-02-08T11:34:20.690+0000] {dag.py:3239} INFO - Sync 1 DAGs
[2025-02-08T11:34:20.701+0000] {logging_mixin.py:190} INFO - [2025-02-08T11:34:20.701+0000] {dag.py:4180} INFO - Setting next_dagrun for example_display_name to None, run_after=None
[2025-02-08T11:34:20.719+0000] {processor.py:208} INFO - Processing /home/airflow/.local/lib/python3.12/site-packages/airflow/example_dags/example_display_name.py took 0.059 seconds
[2025-02-08T11:34:50.961+0000] {processor.py:186} INFO - Started process (PID=1183) to work on /home/airflow/.local/lib/python3.12/site-packages/airflow/example_dags/example_display_name.py
[2025-02-08T11:34:50.962+0000] {processor.py:914} INFO - Processing file /home/airflow/.local/lib/python3.12/site-packages/airflow/example_dags/example_display_name.py for tasks to queue
[2025-02-08T11:34:50.964+0000] {logging_mixin.py:190} INFO - [2025-02-08T11:34:50.964+0000] {dagbag.py:588} INFO - Filling up the DagBag from /home/airflow/.local/lib/python3.12/site-packages/airflow/example_dags/example_display_name.py
[2025-02-08T11:34:50.970+0000] {processor.py:925} INFO - DAG(s) 'example_display_name' retrieved from /home/airflow/.local/lib/python3.12/site-packages/airflow/example_dags/example_display_name.py
[2025-02-08T11:34:50.984+0000] {logging_mixin.py:190} INFO - [2025-02-08T11:34:50.984+0000] {dag.py:3239} INFO - Sync 1 DAGs
[2025-02-08T11:34:50.996+0000] {logging_mixin.py:190} INFO - [2025-02-08T11:34:50.996+0000] {dag.py:4180} INFO - Setting next_dagrun for example_display_name to None, run_after=None
[2025-02-08T11:34:51.010+0000] {processor.py:208} INFO - Processing /home/airflow/.local/lib/python3.12/site-packages/airflow/example_dags/example_display_name.py took 0.054 seconds
