[2025-02-08T10:51:23.715+0000] {processor.py:186} INFO - Started process (PID=318) to work on /home/airflow/.local/lib/python3.12/site-packages/airflow/example_dags/example_bash_decorator.py
[2025-02-08T10:51:23.716+0000] {processor.py:914} INFO - Processing file /home/airflow/.local/lib/python3.12/site-packages/airflow/example_dags/example_bash_decorator.py for tasks to queue
[2025-02-08T10:51:23.719+0000] {logging_mixin.py:190} INFO - [2025-02-08T10:51:23.718+0000] {dagbag.py:588} INFO - Filling up the DagBag from /home/airflow/.local/lib/python3.12/site-packages/airflow/example_dags/example_bash_decorator.py
[2025-02-08T10:51:23.733+0000] {processor.py:925} INFO - DAG(s) 'example_bash_decorator' retrieved from /home/airflow/.local/lib/python3.12/site-packages/airflow/example_dags/example_bash_decorator.py
[2025-02-08T10:51:23.830+0000] {logging_mixin.py:190} INFO - [2025-02-08T10:51:23.830+0000] {override.py:1900} INFO - Created Permission View: can delete on DAG:example_bash_decorator
[2025-02-08T10:51:23.839+0000] {logging_mixin.py:190} INFO - [2025-02-08T10:51:23.839+0000] {override.py:1900} INFO - Created Permission View: can read on DAG:example_bash_decorator
[2025-02-08T10:51:23.844+0000] {logging_mixin.py:190} INFO - [2025-02-08T10:51:23.844+0000] {override.py:1900} INFO - Created Permission View: can edit on DAG:example_bash_decorator
[2025-02-08T10:51:23.851+0000] {logging_mixin.py:190} INFO - [2025-02-08T10:51:23.850+0000] {override.py:1900} INFO - Created Permission View: can delete on DAG Run:example_bash_decorator
[2025-02-08T10:51:23.857+0000] {logging_mixin.py:190} INFO - [2025-02-08T10:51:23.856+0000] {override.py:1900} INFO - Created Permission View: can read on DAG Run:example_bash_decorator
[2025-02-08T10:51:23.862+0000] {logging_mixin.py:190} INFO - [2025-02-08T10:51:23.862+0000] {override.py:1900} INFO - Created Permission View: menu access on DAG Run:example_bash_decorator
[2025-02-08T10:51:23.868+0000] {logging_mixin.py:190} INFO - [2025-02-08T10:51:23.868+0000] {override.py:1900} INFO - Created Permission View: can create on DAG Run:example_bash_decorator
[2025-02-08T10:51:23.869+0000] {logging_mixin.py:190} INFO - [2025-02-08T10:51:23.869+0000] {dag.py:3239} INFO - Sync 1 DAGs
[2025-02-08T10:51:23.882+0000] {logging_mixin.py:190} INFO - [2025-02-08T10:51:23.881+0000] {dag.py:3262} INFO - Creating ORM DAG for example_bash_decorator
[2025-02-08T10:51:23.882+0000] {logging_mixin.py:190} INFO - [2025-02-08T10:51:23.882+0000] {dag.py:4180} INFO - Setting next_dagrun for example_bash_decorator to None, run_after=None
[2025-02-08T10:51:23.895+0000] {processor.py:208} INFO - Processing /home/airflow/.local/lib/python3.12/site-packages/airflow/example_dags/example_bash_decorator.py took 0.185 seconds
[2025-02-08T10:51:54.399+0000] {processor.py:186} INFO - Started process (PID=606) to work on /home/airflow/.local/lib/python3.12/site-packages/airflow/example_dags/example_bash_decorator.py
[2025-02-08T10:51:54.400+0000] {processor.py:914} INFO - Processing file /home/airflow/.local/lib/python3.12/site-packages/airflow/example_dags/example_bash_decorator.py for tasks to queue
[2025-02-08T10:51:54.402+0000] {logging_mixin.py:190} INFO - [2025-02-08T10:51:54.402+0000] {dagbag.py:588} INFO - Filling up the DagBag from /home/airflow/.local/lib/python3.12/site-packages/airflow/example_dags/example_bash_decorator.py
[2025-02-08T10:51:54.416+0000] {processor.py:925} INFO - DAG(s) 'example_bash_decorator' retrieved from /home/airflow/.local/lib/python3.12/site-packages/airflow/example_dags/example_bash_decorator.py
[2025-02-08T10:51:54.437+0000] {logging_mixin.py:190} INFO - [2025-02-08T10:51:54.437+0000] {dag.py:3239} INFO - Sync 1 DAGs
[2025-02-08T10:51:54.450+0000] {logging_mixin.py:190} INFO - [2025-02-08T10:51:54.450+0000] {dag.py:4180} INFO - Setting next_dagrun for example_bash_decorator to None, run_after=None
[2025-02-08T10:51:54.467+0000] {processor.py:208} INFO - Processing /home/airflow/.local/lib/python3.12/site-packages/airflow/example_dags/example_bash_decorator.py took 0.074 seconds
[2025-02-08T10:52:24.536+0000] {processor.py:186} INFO - Started process (PID=892) to work on /home/airflow/.local/lib/python3.12/site-packages/airflow/example_dags/example_bash_decorator.py
[2025-02-08T10:52:24.537+0000] {processor.py:914} INFO - Processing file /home/airflow/.local/lib/python3.12/site-packages/airflow/example_dags/example_bash_decorator.py for tasks to queue
[2025-02-08T10:52:24.539+0000] {logging_mixin.py:190} INFO - [2025-02-08T10:52:24.539+0000] {dagbag.py:588} INFO - Filling up the DagBag from /home/airflow/.local/lib/python3.12/site-packages/airflow/example_dags/example_bash_decorator.py
[2025-02-08T10:52:24.552+0000] {processor.py:925} INFO - DAG(s) 'example_bash_decorator' retrieved from /home/airflow/.local/lib/python3.12/site-packages/airflow/example_dags/example_bash_decorator.py
[2025-02-08T10:52:24.570+0000] {logging_mixin.py:190} INFO - [2025-02-08T10:52:24.570+0000] {dag.py:3239} INFO - Sync 1 DAGs
[2025-02-08T10:52:24.582+0000] {logging_mixin.py:190} INFO - [2025-02-08T10:52:24.582+0000] {dag.py:4180} INFO - Setting next_dagrun for example_bash_decorator to None, run_after=None
[2025-02-08T10:52:24.598+0000] {processor.py:208} INFO - Processing /home/airflow/.local/lib/python3.12/site-packages/airflow/example_dags/example_bash_decorator.py took 0.067 seconds
[2025-02-08T10:52:54.754+0000] {processor.py:186} INFO - Started process (PID=1178) to work on /home/airflow/.local/lib/python3.12/site-packages/airflow/example_dags/example_bash_decorator.py
[2025-02-08T10:52:54.754+0000] {processor.py:914} INFO - Processing file /home/airflow/.local/lib/python3.12/site-packages/airflow/example_dags/example_bash_decorator.py for tasks to queue
[2025-02-08T10:52:54.757+0000] {logging_mixin.py:190} INFO - [2025-02-08T10:52:54.757+0000] {dagbag.py:588} INFO - Filling up the DagBag from /home/airflow/.local/lib/python3.12/site-packages/airflow/example_dags/example_bash_decorator.py
[2025-02-08T10:52:54.771+0000] {processor.py:925} INFO - DAG(s) 'example_bash_decorator' retrieved from /home/airflow/.local/lib/python3.12/site-packages/airflow/example_dags/example_bash_decorator.py
[2025-02-08T10:52:54.792+0000] {logging_mixin.py:190} INFO - [2025-02-08T10:52:54.792+0000] {dag.py:3239} INFO - Sync 1 DAGs
[2025-02-08T10:52:54.806+0000] {logging_mixin.py:190} INFO - [2025-02-08T10:52:54.805+0000] {dag.py:4180} INFO - Setting next_dagrun for example_bash_decorator to None, run_after=None
[2025-02-08T10:52:54.826+0000] {processor.py:208} INFO - Processing /home/airflow/.local/lib/python3.12/site-packages/airflow/example_dags/example_bash_decorator.py took 0.077 seconds
[2025-02-08T10:53:24.996+0000] {processor.py:186} INFO - Started process (PID=1464) to work on /home/airflow/.local/lib/python3.12/site-packages/airflow/example_dags/example_bash_decorator.py
[2025-02-08T10:53:24.997+0000] {processor.py:914} INFO - Processing file /home/airflow/.local/lib/python3.12/site-packages/airflow/example_dags/example_bash_decorator.py for tasks to queue
[2025-02-08T10:53:24.999+0000] {logging_mixin.py:190} INFO - [2025-02-08T10:53:24.998+0000] {dagbag.py:588} INFO - Filling up the DagBag from /home/airflow/.local/lib/python3.12/site-packages/airflow/example_dags/example_bash_decorator.py
[2025-02-08T10:53:25.010+0000] {processor.py:925} INFO - DAG(s) 'example_bash_decorator' retrieved from /home/airflow/.local/lib/python3.12/site-packages/airflow/example_dags/example_bash_decorator.py
[2025-02-08T10:53:25.027+0000] {logging_mixin.py:190} INFO - [2025-02-08T10:53:25.027+0000] {dag.py:3239} INFO - Sync 1 DAGs
[2025-02-08T10:53:25.038+0000] {logging_mixin.py:190} INFO - [2025-02-08T10:53:25.037+0000] {dag.py:4180} INFO - Setting next_dagrun for example_bash_decorator to None, run_after=None
[2025-02-08T10:53:25.053+0000] {processor.py:208} INFO - Processing /home/airflow/.local/lib/python3.12/site-packages/airflow/example_dags/example_bash_decorator.py took 0.061 seconds
[2025-02-08T10:53:55.241+0000] {processor.py:186} INFO - Started process (PID=1750) to work on /home/airflow/.local/lib/python3.12/site-packages/airflow/example_dags/example_bash_decorator.py
[2025-02-08T10:53:55.242+0000] {processor.py:914} INFO - Processing file /home/airflow/.local/lib/python3.12/site-packages/airflow/example_dags/example_bash_decorator.py for tasks to queue
[2025-02-08T10:53:55.245+0000] {logging_mixin.py:190} INFO - [2025-02-08T10:53:55.244+0000] {dagbag.py:588} INFO - Filling up the DagBag from /home/airflow/.local/lib/python3.12/site-packages/airflow/example_dags/example_bash_decorator.py
[2025-02-08T10:53:55.259+0000] {processor.py:925} INFO - DAG(s) 'example_bash_decorator' retrieved from /home/airflow/.local/lib/python3.12/site-packages/airflow/example_dags/example_bash_decorator.py
[2025-02-08T10:53:55.278+0000] {logging_mixin.py:190} INFO - [2025-02-08T10:53:55.277+0000] {dag.py:3239} INFO - Sync 1 DAGs
[2025-02-08T10:53:55.288+0000] {logging_mixin.py:190} INFO - [2025-02-08T10:53:55.287+0000] {dag.py:4180} INFO - Setting next_dagrun for example_bash_decorator to None, run_after=None
[2025-02-08T10:53:55.300+0000] {processor.py:208} INFO - Processing /home/airflow/.local/lib/python3.12/site-packages/airflow/example_dags/example_bash_decorator.py took 0.065 seconds
[2025-02-08T10:54:25.456+0000] {processor.py:186} INFO - Started process (PID=2034) to work on /home/airflow/.local/lib/python3.12/site-packages/airflow/example_dags/example_bash_decorator.py
[2025-02-08T10:54:25.457+0000] {processor.py:914} INFO - Processing file /home/airflow/.local/lib/python3.12/site-packages/airflow/example_dags/example_bash_decorator.py for tasks to queue
[2025-02-08T10:54:25.459+0000] {logging_mixin.py:190} INFO - [2025-02-08T10:54:25.458+0000] {dagbag.py:588} INFO - Filling up the DagBag from /home/airflow/.local/lib/python3.12/site-packages/airflow/example_dags/example_bash_decorator.py
[2025-02-08T10:54:25.470+0000] {processor.py:925} INFO - DAG(s) 'example_bash_decorator' retrieved from /home/airflow/.local/lib/python3.12/site-packages/airflow/example_dags/example_bash_decorator.py
[2025-02-08T10:54:25.488+0000] {logging_mixin.py:190} INFO - [2025-02-08T10:54:25.488+0000] {dag.py:3239} INFO - Sync 1 DAGs
[2025-02-08T10:54:25.501+0000] {logging_mixin.py:190} INFO - [2025-02-08T10:54:25.500+0000] {dag.py:4180} INFO - Setting next_dagrun for example_bash_decorator to None, run_after=None
[2025-02-08T10:54:25.524+0000] {processor.py:208} INFO - Processing /home/airflow/.local/lib/python3.12/site-packages/airflow/example_dags/example_bash_decorator.py took 0.074 seconds
[2025-02-08T10:54:55.833+0000] {processor.py:186} INFO - Started process (PID=2320) to work on /home/airflow/.local/lib/python3.12/site-packages/airflow/example_dags/example_bash_decorator.py
[2025-02-08T10:54:55.834+0000] {processor.py:914} INFO - Processing file /home/airflow/.local/lib/python3.12/site-packages/airflow/example_dags/example_bash_decorator.py for tasks to queue
[2025-02-08T10:54:55.836+0000] {logging_mixin.py:190} INFO - [2025-02-08T10:54:55.836+0000] {dagbag.py:588} INFO - Filling up the DagBag from /home/airflow/.local/lib/python3.12/site-packages/airflow/example_dags/example_bash_decorator.py
[2025-02-08T10:54:55.851+0000] {processor.py:925} INFO - DAG(s) 'example_bash_decorator' retrieved from /home/airflow/.local/lib/python3.12/site-packages/airflow/example_dags/example_bash_decorator.py
[2025-02-08T10:54:55.872+0000] {logging_mixin.py:190} INFO - [2025-02-08T10:54:55.872+0000] {dag.py:3239} INFO - Sync 1 DAGs
[2025-02-08T10:54:55.885+0000] {logging_mixin.py:190} INFO - [2025-02-08T10:54:55.885+0000] {dag.py:4180} INFO - Setting next_dagrun for example_bash_decorator to None, run_after=None
[2025-02-08T10:54:55.901+0000] {processor.py:208} INFO - Processing /home/airflow/.local/lib/python3.12/site-packages/airflow/example_dags/example_bash_decorator.py took 0.074 seconds
[2025-02-08T10:55:26.151+0000] {processor.py:186} INFO - Started process (PID=2606) to work on /home/airflow/.local/lib/python3.12/site-packages/airflow/example_dags/example_bash_decorator.py
[2025-02-08T10:55:26.152+0000] {processor.py:914} INFO - Processing file /home/airflow/.local/lib/python3.12/site-packages/airflow/example_dags/example_bash_decorator.py for tasks to queue
[2025-02-08T10:55:26.154+0000] {logging_mixin.py:190} INFO - [2025-02-08T10:55:26.154+0000] {dagbag.py:588} INFO - Filling up the DagBag from /home/airflow/.local/lib/python3.12/site-packages/airflow/example_dags/example_bash_decorator.py
[2025-02-08T10:55:26.165+0000] {processor.py:925} INFO - DAG(s) 'example_bash_decorator' retrieved from /home/airflow/.local/lib/python3.12/site-packages/airflow/example_dags/example_bash_decorator.py
[2025-02-08T10:55:26.182+0000] {logging_mixin.py:190} INFO - [2025-02-08T10:55:26.182+0000] {dag.py:3239} INFO - Sync 1 DAGs
[2025-02-08T10:55:26.193+0000] {logging_mixin.py:190} INFO - [2025-02-08T10:55:26.193+0000] {dag.py:4180} INFO - Setting next_dagrun for example_bash_decorator to None, run_after=None
[2025-02-08T10:55:26.210+0000] {processor.py:208} INFO - Processing /home/airflow/.local/lib/python3.12/site-packages/airflow/example_dags/example_bash_decorator.py took 0.064 seconds
[2025-02-08T10:55:57.262+0000] {processor.py:186} INFO - Started process (PID=2892) to work on /home/airflow/.local/lib/python3.12/site-packages/airflow/example_dags/example_bash_decorator.py
[2025-02-08T10:55:57.263+0000] {processor.py:914} INFO - Processing file /home/airflow/.local/lib/python3.12/site-packages/airflow/example_dags/example_bash_decorator.py for tasks to queue
[2025-02-08T10:55:57.265+0000] {logging_mixin.py:190} INFO - [2025-02-08T10:55:57.264+0000] {dagbag.py:588} INFO - Filling up the DagBag from /home/airflow/.local/lib/python3.12/site-packages/airflow/example_dags/example_bash_decorator.py
[2025-02-08T10:55:57.276+0000] {processor.py:925} INFO - DAG(s) 'example_bash_decorator' retrieved from /home/airflow/.local/lib/python3.12/site-packages/airflow/example_dags/example_bash_decorator.py
[2025-02-08T10:55:57.293+0000] {logging_mixin.py:190} INFO - [2025-02-08T10:55:57.293+0000] {dag.py:3239} INFO - Sync 1 DAGs
[2025-02-08T10:55:57.306+0000] {logging_mixin.py:190} INFO - [2025-02-08T10:55:57.305+0000] {dag.py:4180} INFO - Setting next_dagrun for example_bash_decorator to None, run_after=None
[2025-02-08T10:55:57.323+0000] {processor.py:208} INFO - Processing /home/airflow/.local/lib/python3.12/site-packages/airflow/example_dags/example_bash_decorator.py took 0.065 seconds
[2025-02-08T10:56:27.520+0000] {processor.py:186} INFO - Started process (PID=3178) to work on /home/airflow/.local/lib/python3.12/site-packages/airflow/example_dags/example_bash_decorator.py
[2025-02-08T10:56:27.521+0000] {processor.py:914} INFO - Processing file /home/airflow/.local/lib/python3.12/site-packages/airflow/example_dags/example_bash_decorator.py for tasks to queue
[2025-02-08T10:56:27.523+0000] {logging_mixin.py:190} INFO - [2025-02-08T10:56:27.522+0000] {dagbag.py:588} INFO - Filling up the DagBag from /home/airflow/.local/lib/python3.12/site-packages/airflow/example_dags/example_bash_decorator.py
[2025-02-08T10:56:27.533+0000] {processor.py:925} INFO - DAG(s) 'example_bash_decorator' retrieved from /home/airflow/.local/lib/python3.12/site-packages/airflow/example_dags/example_bash_decorator.py
[2025-02-08T10:56:27.550+0000] {logging_mixin.py:190} INFO - [2025-02-08T10:56:27.550+0000] {dag.py:3239} INFO - Sync 1 DAGs
[2025-02-08T10:56:27.560+0000] {logging_mixin.py:190} INFO - [2025-02-08T10:56:27.560+0000] {dag.py:4180} INFO - Setting next_dagrun for example_bash_decorator to None, run_after=None
[2025-02-08T10:56:27.575+0000] {processor.py:208} INFO - Processing /home/airflow/.local/lib/python3.12/site-packages/airflow/example_dags/example_bash_decorator.py took 0.060 seconds
[2025-02-08T10:56:57.786+0000] {processor.py:186} INFO - Started process (PID=3464) to work on /home/airflow/.local/lib/python3.12/site-packages/airflow/example_dags/example_bash_decorator.py
[2025-02-08T10:56:57.787+0000] {processor.py:914} INFO - Processing file /home/airflow/.local/lib/python3.12/site-packages/airflow/example_dags/example_bash_decorator.py for tasks to queue
[2025-02-08T10:56:57.789+0000] {logging_mixin.py:190} INFO - [2025-02-08T10:56:57.789+0000] {dagbag.py:588} INFO - Filling up the DagBag from /home/airflow/.local/lib/python3.12/site-packages/airflow/example_dags/example_bash_decorator.py
[2025-02-08T10:56:57.801+0000] {processor.py:925} INFO - DAG(s) 'example_bash_decorator' retrieved from /home/airflow/.local/lib/python3.12/site-packages/airflow/example_dags/example_bash_decorator.py
[2025-02-08T10:56:57.818+0000] {logging_mixin.py:190} INFO - [2025-02-08T10:56:57.818+0000] {dag.py:3239} INFO - Sync 1 DAGs
[2025-02-08T10:56:57.829+0000] {logging_mixin.py:190} INFO - [2025-02-08T10:56:57.829+0000] {dag.py:4180} INFO - Setting next_dagrun for example_bash_decorator to None, run_after=None
[2025-02-08T10:56:57.843+0000] {processor.py:208} INFO - Processing /home/airflow/.local/lib/python3.12/site-packages/airflow/example_dags/example_bash_decorator.py took 0.061 seconds
[2025-02-08T10:57:28.056+0000] {processor.py:186} INFO - Started process (PID=3752) to work on /home/airflow/.local/lib/python3.12/site-packages/airflow/example_dags/example_bash_decorator.py
[2025-02-08T10:57:28.056+0000] {processor.py:914} INFO - Processing file /home/airflow/.local/lib/python3.12/site-packages/airflow/example_dags/example_bash_decorator.py for tasks to queue
[2025-02-08T10:57:28.058+0000] {logging_mixin.py:190} INFO - [2025-02-08T10:57:28.058+0000] {dagbag.py:588} INFO - Filling up the DagBag from /home/airflow/.local/lib/python3.12/site-packages/airflow/example_dags/example_bash_decorator.py
[2025-02-08T10:57:28.072+0000] {processor.py:925} INFO - DAG(s) 'example_bash_decorator' retrieved from /home/airflow/.local/lib/python3.12/site-packages/airflow/example_dags/example_bash_decorator.py
[2025-02-08T10:57:28.098+0000] {logging_mixin.py:190} INFO - [2025-02-08T10:57:28.098+0000] {dag.py:3239} INFO - Sync 1 DAGs
[2025-02-08T10:57:28.110+0000] {logging_mixin.py:190} INFO - [2025-02-08T10:57:28.110+0000] {dag.py:4180} INFO - Setting next_dagrun for example_bash_decorator to None, run_after=None
[2025-02-08T10:57:28.126+0000] {processor.py:208} INFO - Processing /home/airflow/.local/lib/python3.12/site-packages/airflow/example_dags/example_bash_decorator.py took 0.075 seconds
[2025-02-08T10:57:58.467+0000] {processor.py:186} INFO - Started process (PID=4038) to work on /home/airflow/.local/lib/python3.12/site-packages/airflow/example_dags/example_bash_decorator.py
[2025-02-08T10:57:58.468+0000] {processor.py:914} INFO - Processing file /home/airflow/.local/lib/python3.12/site-packages/airflow/example_dags/example_bash_decorator.py for tasks to queue
[2025-02-08T10:57:58.469+0000] {logging_mixin.py:190} INFO - [2025-02-08T10:57:58.469+0000] {dagbag.py:588} INFO - Filling up the DagBag from /home/airflow/.local/lib/python3.12/site-packages/airflow/example_dags/example_bash_decorator.py
[2025-02-08T10:57:58.481+0000] {processor.py:925} INFO - DAG(s) 'example_bash_decorator' retrieved from /home/airflow/.local/lib/python3.12/site-packages/airflow/example_dags/example_bash_decorator.py
[2025-02-08T10:57:58.499+0000] {logging_mixin.py:190} INFO - [2025-02-08T10:57:58.498+0000] {dag.py:3239} INFO - Sync 1 DAGs
[2025-02-08T10:57:58.510+0000] {logging_mixin.py:190} INFO - [2025-02-08T10:57:58.510+0000] {dag.py:4180} INFO - Setting next_dagrun for example_bash_decorator to None, run_after=None
[2025-02-08T10:57:58.527+0000] {processor.py:208} INFO - Processing /home/airflow/.local/lib/python3.12/site-packages/airflow/example_dags/example_bash_decorator.py took 0.064 seconds
[2025-02-08T10:58:28.885+0000] {processor.py:186} INFO - Started process (PID=4336) to work on /home/airflow/.local/lib/python3.12/site-packages/airflow/example_dags/example_bash_decorator.py
[2025-02-08T10:58:28.886+0000] {processor.py:914} INFO - Processing file /home/airflow/.local/lib/python3.12/site-packages/airflow/example_dags/example_bash_decorator.py for tasks to queue
[2025-02-08T10:58:28.888+0000] {logging_mixin.py:190} INFO - [2025-02-08T10:58:28.888+0000] {dagbag.py:588} INFO - Filling up the DagBag from /home/airflow/.local/lib/python3.12/site-packages/airflow/example_dags/example_bash_decorator.py
[2025-02-08T10:58:28.900+0000] {processor.py:925} INFO - DAG(s) 'example_bash_decorator' retrieved from /home/airflow/.local/lib/python3.12/site-packages/airflow/example_dags/example_bash_decorator.py
[2025-02-08T10:58:28.917+0000] {logging_mixin.py:190} INFO - [2025-02-08T10:58:28.917+0000] {dag.py:3239} INFO - Sync 1 DAGs
[2025-02-08T10:58:28.930+0000] {logging_mixin.py:190} INFO - [2025-02-08T10:58:28.930+0000] {dag.py:4180} INFO - Setting next_dagrun for example_bash_decorator to None, run_after=None
[2025-02-08T10:58:28.944+0000] {processor.py:208} INFO - Processing /home/airflow/.local/lib/python3.12/site-packages/airflow/example_dags/example_bash_decorator.py took 0.063 seconds
[2025-02-08T10:58:59.152+0000] {processor.py:186} INFO - Started process (PID=4812) to work on /home/airflow/.local/lib/python3.12/site-packages/airflow/example_dags/example_bash_decorator.py
[2025-02-08T10:58:59.153+0000] {processor.py:914} INFO - Processing file /home/airflow/.local/lib/python3.12/site-packages/airflow/example_dags/example_bash_decorator.py for tasks to queue
[2025-02-08T10:58:59.155+0000] {logging_mixin.py:190} INFO - [2025-02-08T10:58:59.154+0000] {dagbag.py:588} INFO - Filling up the DagBag from /home/airflow/.local/lib/python3.12/site-packages/airflow/example_dags/example_bash_decorator.py
[2025-02-08T10:58:59.167+0000] {processor.py:925} INFO - DAG(s) 'example_bash_decorator' retrieved from /home/airflow/.local/lib/python3.12/site-packages/airflow/example_dags/example_bash_decorator.py
[2025-02-08T10:58:59.186+0000] {logging_mixin.py:190} INFO - [2025-02-08T10:58:59.186+0000] {dag.py:3239} INFO - Sync 1 DAGs
[2025-02-08T10:58:59.198+0000] {logging_mixin.py:190} INFO - [2025-02-08T10:58:59.197+0000] {dag.py:4180} INFO - Setting next_dagrun for example_bash_decorator to None, run_after=None
[2025-02-08T10:58:59.214+0000] {processor.py:208} INFO - Processing /home/airflow/.local/lib/python3.12/site-packages/airflow/example_dags/example_bash_decorator.py took 0.067 seconds
[2025-02-08T11:01:59.183+0000] {processor.py:186} INFO - Started process (PID=318) to work on /home/airflow/.local/lib/python3.12/site-packages/airflow/example_dags/example_bash_decorator.py
[2025-02-08T11:01:59.184+0000] {processor.py:914} INFO - Processing file /home/airflow/.local/lib/python3.12/site-packages/airflow/example_dags/example_bash_decorator.py for tasks to queue
[2025-02-08T11:01:59.186+0000] {logging_mixin.py:190} INFO - [2025-02-08T11:01:59.186+0000] {dagbag.py:588} INFO - Filling up the DagBag from /home/airflow/.local/lib/python3.12/site-packages/airflow/example_dags/example_bash_decorator.py
[2025-02-08T11:01:59.199+0000] {processor.py:925} INFO - DAG(s) 'example_bash_decorator' retrieved from /home/airflow/.local/lib/python3.12/site-packages/airflow/example_dags/example_bash_decorator.py
[2025-02-08T11:01:59.287+0000] {logging_mixin.py:190} INFO - [2025-02-08T11:01:59.286+0000] {override.py:1900} INFO - Created Permission View: can read on DAG:example_bash_decorator
[2025-02-08T11:01:59.294+0000] {logging_mixin.py:190} INFO - [2025-02-08T11:01:59.294+0000] {override.py:1900} INFO - Created Permission View: can delete on DAG:example_bash_decorator
[2025-02-08T11:01:59.299+0000] {logging_mixin.py:190} INFO - [2025-02-08T11:01:59.299+0000] {override.py:1900} INFO - Created Permission View: can edit on DAG:example_bash_decorator
[2025-02-08T11:01:59.306+0000] {logging_mixin.py:190} INFO - [2025-02-08T11:01:59.306+0000] {override.py:1900} INFO - Created Permission View: menu access on DAG Run:example_bash_decorator
[2025-02-08T11:01:59.312+0000] {logging_mixin.py:190} INFO - [2025-02-08T11:01:59.311+0000] {override.py:1900} INFO - Created Permission View: can read on DAG Run:example_bash_decorator
[2025-02-08T11:01:59.317+0000] {logging_mixin.py:190} INFO - [2025-02-08T11:01:59.317+0000] {override.py:1900} INFO - Created Permission View: can create on DAG Run:example_bash_decorator
[2025-02-08T11:01:59.322+0000] {logging_mixin.py:190} INFO - [2025-02-08T11:01:59.322+0000] {override.py:1900} INFO - Created Permission View: can delete on DAG Run:example_bash_decorator
[2025-02-08T11:01:59.322+0000] {logging_mixin.py:190} INFO - [2025-02-08T11:01:59.322+0000] {dag.py:3239} INFO - Sync 1 DAGs
[2025-02-08T11:01:59.333+0000] {logging_mixin.py:190} INFO - [2025-02-08T11:01:59.333+0000] {dag.py:3262} INFO - Creating ORM DAG for example_bash_decorator
[2025-02-08T11:01:59.334+0000] {logging_mixin.py:190} INFO - [2025-02-08T11:01:59.334+0000] {dag.py:4180} INFO - Setting next_dagrun for example_bash_decorator to None, run_after=None
[2025-02-08T11:01:59.345+0000] {processor.py:208} INFO - Processing /home/airflow/.local/lib/python3.12/site-packages/airflow/example_dags/example_bash_decorator.py took 0.166 seconds
[2025-02-08T11:02:30.540+0000] {processor.py:186} INFO - Started process (PID=604) to work on /home/airflow/.local/lib/python3.12/site-packages/airflow/example_dags/example_bash_decorator.py
[2025-02-08T11:02:30.541+0000] {processor.py:914} INFO - Processing file /home/airflow/.local/lib/python3.12/site-packages/airflow/example_dags/example_bash_decorator.py for tasks to queue
[2025-02-08T11:02:30.543+0000] {logging_mixin.py:190} INFO - [2025-02-08T11:02:30.542+0000] {dagbag.py:588} INFO - Filling up the DagBag from /home/airflow/.local/lib/python3.12/site-packages/airflow/example_dags/example_bash_decorator.py
[2025-02-08T11:02:30.556+0000] {processor.py:925} INFO - DAG(s) 'example_bash_decorator' retrieved from /home/airflow/.local/lib/python3.12/site-packages/airflow/example_dags/example_bash_decorator.py
[2025-02-08T11:02:30.575+0000] {logging_mixin.py:190} INFO - [2025-02-08T11:02:30.575+0000] {dag.py:3239} INFO - Sync 1 DAGs
[2025-02-08T11:02:30.588+0000] {logging_mixin.py:190} INFO - [2025-02-08T11:02:30.588+0000] {dag.py:4180} INFO - Setting next_dagrun for example_bash_decorator to None, run_after=None
[2025-02-08T11:02:30.679+0000] {processor.py:208} INFO - Processing /home/airflow/.local/lib/python3.12/site-packages/airflow/example_dags/example_bash_decorator.py took 0.144 seconds
[2025-02-08T11:03:38.617+0000] {processor.py:186} INFO - Started process (PID=318) to work on /home/airflow/.local/lib/python3.12/site-packages/airflow/example_dags/example_bash_decorator.py
[2025-02-08T11:03:38.618+0000] {processor.py:914} INFO - Processing file /home/airflow/.local/lib/python3.12/site-packages/airflow/example_dags/example_bash_decorator.py for tasks to queue
[2025-02-08T11:03:38.620+0000] {logging_mixin.py:190} INFO - [2025-02-08T11:03:38.620+0000] {dagbag.py:588} INFO - Filling up the DagBag from /home/airflow/.local/lib/python3.12/site-packages/airflow/example_dags/example_bash_decorator.py
[2025-02-08T11:03:38.635+0000] {processor.py:925} INFO - DAG(s) 'example_bash_decorator' retrieved from /home/airflow/.local/lib/python3.12/site-packages/airflow/example_dags/example_bash_decorator.py
[2025-02-08T11:03:38.740+0000] {logging_mixin.py:190} INFO - [2025-02-08T11:03:38.740+0000] {dag.py:3239} INFO - Sync 1 DAGs
[2025-02-08T11:03:38.754+0000] {logging_mixin.py:190} INFO - [2025-02-08T11:03:38.754+0000] {dag.py:4180} INFO - Setting next_dagrun for example_bash_decorator to None, run_after=None
[2025-02-08T11:03:38.775+0000] {processor.py:208} INFO - Processing /home/airflow/.local/lib/python3.12/site-packages/airflow/example_dags/example_bash_decorator.py took 0.163 seconds
[2025-02-08T11:04:09.062+0000] {processor.py:186} INFO - Started process (PID=606) to work on /home/airflow/.local/lib/python3.12/site-packages/airflow/example_dags/example_bash_decorator.py
[2025-02-08T11:04:09.063+0000] {processor.py:914} INFO - Processing file /home/airflow/.local/lib/python3.12/site-packages/airflow/example_dags/example_bash_decorator.py for tasks to queue
[2025-02-08T11:04:09.065+0000] {logging_mixin.py:190} INFO - [2025-02-08T11:04:09.065+0000] {dagbag.py:588} INFO - Filling up the DagBag from /home/airflow/.local/lib/python3.12/site-packages/airflow/example_dags/example_bash_decorator.py
[2025-02-08T11:04:09.079+0000] {processor.py:925} INFO - DAG(s) 'example_bash_decorator' retrieved from /home/airflow/.local/lib/python3.12/site-packages/airflow/example_dags/example_bash_decorator.py
[2025-02-08T11:04:09.097+0000] {logging_mixin.py:190} INFO - [2025-02-08T11:04:09.097+0000] {dag.py:3239} INFO - Sync 1 DAGs
[2025-02-08T11:04:09.109+0000] {logging_mixin.py:190} INFO - [2025-02-08T11:04:09.109+0000] {dag.py:4180} INFO - Setting next_dagrun for example_bash_decorator to None, run_after=None
[2025-02-08T11:04:09.124+0000] {processor.py:208} INFO - Processing /home/airflow/.local/lib/python3.12/site-packages/airflow/example_dags/example_bash_decorator.py took 0.067 seconds
[2025-02-08T11:04:39.253+0000] {processor.py:186} INFO - Started process (PID=892) to work on /home/airflow/.local/lib/python3.12/site-packages/airflow/example_dags/example_bash_decorator.py
[2025-02-08T11:04:39.254+0000] {processor.py:914} INFO - Processing file /home/airflow/.local/lib/python3.12/site-packages/airflow/example_dags/example_bash_decorator.py for tasks to queue
[2025-02-08T11:04:39.256+0000] {logging_mixin.py:190} INFO - [2025-02-08T11:04:39.255+0000] {dagbag.py:588} INFO - Filling up the DagBag from /home/airflow/.local/lib/python3.12/site-packages/airflow/example_dags/example_bash_decorator.py
[2025-02-08T11:04:39.267+0000] {processor.py:925} INFO - DAG(s) 'example_bash_decorator' retrieved from /home/airflow/.local/lib/python3.12/site-packages/airflow/example_dags/example_bash_decorator.py
[2025-02-08T11:04:39.283+0000] {logging_mixin.py:190} INFO - [2025-02-08T11:04:39.283+0000] {dag.py:3239} INFO - Sync 1 DAGs
[2025-02-08T11:04:39.293+0000] {logging_mixin.py:190} INFO - [2025-02-08T11:04:39.292+0000] {dag.py:4180} INFO - Setting next_dagrun for example_bash_decorator to None, run_after=None
[2025-02-08T11:04:39.305+0000] {processor.py:208} INFO - Processing /home/airflow/.local/lib/python3.12/site-packages/airflow/example_dags/example_bash_decorator.py took 0.057 seconds
[2025-02-08T11:33:19.867+0000] {processor.py:186} INFO - Started process (PID=318) to work on /home/airflow/.local/lib/python3.12/site-packages/airflow/example_dags/example_bash_decorator.py
[2025-02-08T11:33:19.868+0000] {processor.py:914} INFO - Processing file /home/airflow/.local/lib/python3.12/site-packages/airflow/example_dags/example_bash_decorator.py for tasks to queue
[2025-02-08T11:33:19.870+0000] {logging_mixin.py:190} INFO - [2025-02-08T11:33:19.869+0000] {dagbag.py:588} INFO - Filling up the DagBag from /home/airflow/.local/lib/python3.12/site-packages/airflow/example_dags/example_bash_decorator.py
[2025-02-08T11:33:19.883+0000] {processor.py:925} INFO - DAG(s) 'example_bash_decorator' retrieved from /home/airflow/.local/lib/python3.12/site-packages/airflow/example_dags/example_bash_decorator.py
[2025-02-08T11:33:19.973+0000] {logging_mixin.py:190} INFO - [2025-02-08T11:33:19.972+0000] {override.py:1900} INFO - Created Permission View: can edit on DAG:example_bash_decorator
[2025-02-08T11:33:19.981+0000] {logging_mixin.py:190} INFO - [2025-02-08T11:33:19.981+0000] {override.py:1900} INFO - Created Permission View: can delete on DAG:example_bash_decorator
[2025-02-08T11:33:19.987+0000] {logging_mixin.py:190} INFO - [2025-02-08T11:33:19.986+0000] {override.py:1900} INFO - Created Permission View: can read on DAG:example_bash_decorator
[2025-02-08T11:33:19.993+0000] {logging_mixin.py:190} INFO - [2025-02-08T11:33:19.993+0000] {override.py:1900} INFO - Created Permission View: menu access on DAG Run:example_bash_decorator
[2025-02-08T11:33:19.999+0000] {logging_mixin.py:190} INFO - [2025-02-08T11:33:19.998+0000] {override.py:1900} INFO - Created Permission View: can create on DAG Run:example_bash_decorator
[2025-02-08T11:33:20.004+0000] {logging_mixin.py:190} INFO - [2025-02-08T11:33:20.004+0000] {override.py:1900} INFO - Created Permission View: can delete on DAG Run:example_bash_decorator
[2025-02-08T11:33:20.009+0000] {logging_mixin.py:190} INFO - [2025-02-08T11:33:20.009+0000] {override.py:1900} INFO - Created Permission View: can read on DAG Run:example_bash_decorator
[2025-02-08T11:33:20.010+0000] {logging_mixin.py:190} INFO - [2025-02-08T11:33:20.010+0000] {dag.py:3239} INFO - Sync 1 DAGs
[2025-02-08T11:33:20.018+0000] {logging_mixin.py:190} INFO - [2025-02-08T11:33:20.018+0000] {dag.py:3262} INFO - Creating ORM DAG for example_bash_decorator
[2025-02-08T11:33:20.019+0000] {logging_mixin.py:190} INFO - [2025-02-08T11:33:20.019+0000] {dag.py:4180} INFO - Setting next_dagrun for example_bash_decorator to None, run_after=None
[2025-02-08T11:33:20.032+0000] {processor.py:208} INFO - Processing /home/airflow/.local/lib/python3.12/site-packages/airflow/example_dags/example_bash_decorator.py took 0.169 seconds
[2025-02-08T11:33:50.125+0000] {processor.py:186} INFO - Started process (PID=606) to work on /home/airflow/.local/lib/python3.12/site-packages/airflow/example_dags/example_bash_decorator.py
[2025-02-08T11:33:50.126+0000] {processor.py:914} INFO - Processing file /home/airflow/.local/lib/python3.12/site-packages/airflow/example_dags/example_bash_decorator.py for tasks to queue
[2025-02-08T11:33:50.128+0000] {logging_mixin.py:190} INFO - [2025-02-08T11:33:50.128+0000] {dagbag.py:588} INFO - Filling up the DagBag from /home/airflow/.local/lib/python3.12/site-packages/airflow/example_dags/example_bash_decorator.py
[2025-02-08T11:33:50.142+0000] {processor.py:925} INFO - DAG(s) 'example_bash_decorator' retrieved from /home/airflow/.local/lib/python3.12/site-packages/airflow/example_dags/example_bash_decorator.py
[2025-02-08T11:33:50.164+0000] {logging_mixin.py:190} INFO - [2025-02-08T11:33:50.164+0000] {dag.py:3239} INFO - Sync 1 DAGs
[2025-02-08T11:33:50.175+0000] {logging_mixin.py:190} INFO - [2025-02-08T11:33:50.175+0000] {dag.py:4180} INFO - Setting next_dagrun for example_bash_decorator to None, run_after=None
[2025-02-08T11:33:50.191+0000] {processor.py:208} INFO - Processing /home/airflow/.local/lib/python3.12/site-packages/airflow/example_dags/example_bash_decorator.py took 0.072 seconds
[2025-02-08T11:34:20.575+0000] {processor.py:186} INFO - Started process (PID=890) to work on /home/airflow/.local/lib/python3.12/site-packages/airflow/example_dags/example_bash_decorator.py
[2025-02-08T11:34:20.576+0000] {processor.py:914} INFO - Processing file /home/airflow/.local/lib/python3.12/site-packages/airflow/example_dags/example_bash_decorator.py for tasks to queue
[2025-02-08T11:34:20.578+0000] {logging_mixin.py:190} INFO - [2025-02-08T11:34:20.578+0000] {dagbag.py:588} INFO - Filling up the DagBag from /home/airflow/.local/lib/python3.12/site-packages/airflow/example_dags/example_bash_decorator.py
[2025-02-08T11:34:20.591+0000] {processor.py:925} INFO - DAG(s) 'example_bash_decorator' retrieved from /home/airflow/.local/lib/python3.12/site-packages/airflow/example_dags/example_bash_decorator.py
[2025-02-08T11:34:20.608+0000] {logging_mixin.py:190} INFO - [2025-02-08T11:34:20.608+0000] {dag.py:3239} INFO - Sync 1 DAGs
[2025-02-08T11:34:20.621+0000] {logging_mixin.py:190} INFO - [2025-02-08T11:34:20.621+0000] {dag.py:4180} INFO - Setting next_dagrun for example_bash_decorator to None, run_after=None
[2025-02-08T11:34:20.647+0000] {processor.py:208} INFO - Processing /home/airflow/.local/lib/python3.12/site-packages/airflow/example_dags/example_bash_decorator.py took 0.077 seconds
[2025-02-08T11:34:50.874+0000] {processor.py:186} INFO - Started process (PID=1178) to work on /home/airflow/.local/lib/python3.12/site-packages/airflow/example_dags/example_bash_decorator.py
[2025-02-08T11:34:50.875+0000] {processor.py:914} INFO - Processing file /home/airflow/.local/lib/python3.12/site-packages/airflow/example_dags/example_bash_decorator.py for tasks to queue
[2025-02-08T11:34:50.877+0000] {logging_mixin.py:190} INFO - [2025-02-08T11:34:50.876+0000] {dagbag.py:588} INFO - Filling up the DagBag from /home/airflow/.local/lib/python3.12/site-packages/airflow/example_dags/example_bash_decorator.py
[2025-02-08T11:34:50.888+0000] {processor.py:925} INFO - DAG(s) 'example_bash_decorator' retrieved from /home/airflow/.local/lib/python3.12/site-packages/airflow/example_dags/example_bash_decorator.py
[2025-02-08T11:34:50.907+0000] {logging_mixin.py:190} INFO - [2025-02-08T11:34:50.907+0000] {dag.py:3239} INFO - Sync 1 DAGs
[2025-02-08T11:34:50.918+0000] {logging_mixin.py:190} INFO - [2025-02-08T11:34:50.918+0000] {dag.py:4180} INFO - Setting next_dagrun for example_bash_decorator to None, run_after=None
[2025-02-08T11:34:50.933+0000] {processor.py:208} INFO - Processing /home/airflow/.local/lib/python3.12/site-packages/airflow/example_dags/example_bash_decorator.py took 0.064 seconds
