[2025-02-08T10:51:19.807+0000] {processor.py:186} INFO - Started process (PID=188) to work on /home/airflow/.local/lib/python3.12/site-packages/airflow/example_dags/example_short_circuit_operator.py
[2025-02-08T10:51:19.808+0000] {processor.py:914} INFO - Processing file /home/airflow/.local/lib/python3.12/site-packages/airflow/example_dags/example_short_circuit_operator.py for tasks to queue
[2025-02-08T10:51:19.810+0000] {logging_mixin.py:190} INFO - [2025-02-08T10:51:19.810+0000] {dagbag.py:588} INFO - Filling up the DagBag from /home/airflow/.local/lib/python3.12/site-packages/airflow/example_dags/example_short_circuit_operator.py
[2025-02-08T10:51:19.833+0000] {processor.py:925} INFO - DAG(s) 'example_short_circuit_operator' retrieved from /home/airflow/.local/lib/python3.12/site-packages/airflow/example_dags/example_short_circuit_operator.py
[2025-02-08T10:51:19.938+0000] {logging_mixin.py:190} INFO - [2025-02-08T10:51:19.937+0000] {override.py:1900} INFO - Created Permission View: can delete on DAG:example_short_circuit_operator
[2025-02-08T10:51:19.952+0000] {logging_mixin.py:190} INFO - [2025-02-08T10:51:19.951+0000] {override.py:1900} INFO - Created Permission View: can read on DAG:example_short_circuit_operator
[2025-02-08T10:51:19.959+0000] {logging_mixin.py:190} INFO - [2025-02-08T10:51:19.959+0000] {override.py:1900} INFO - Created Permission View: can edit on DAG:example_short_circuit_operator
[2025-02-08T10:51:19.975+0000] {logging_mixin.py:190} INFO - [2025-02-08T10:51:19.975+0000] {override.py:1900} INFO - Created Permission View: can delete on DAG Run:example_short_circuit_operator
[2025-02-08T10:51:19.986+0000] {logging_mixin.py:190} INFO - [2025-02-08T10:51:19.985+0000] {override.py:1900} INFO - Created Permission View: can read on DAG Run:example_short_circuit_operator
[2025-02-08T10:51:20.001+0000] {logging_mixin.py:190} INFO - [2025-02-08T10:51:20.001+0000] {override.py:1900} INFO - Created Permission View: menu access on DAG Run:example_short_circuit_operator
[2025-02-08T10:51:20.010+0000] {logging_mixin.py:190} INFO - [2025-02-08T10:51:20.010+0000] {override.py:1900} INFO - Created Permission View: can create on DAG Run:example_short_circuit_operator
[2025-02-08T10:51:20.011+0000] {logging_mixin.py:190} INFO - [2025-02-08T10:51:20.010+0000] {dag.py:3239} INFO - Sync 1 DAGs
[2025-02-08T10:51:20.020+0000] {logging_mixin.py:190} INFO - [2025-02-08T10:51:20.020+0000] {dag.py:3262} INFO - Creating ORM DAG for example_short_circuit_operator
[2025-02-08T10:51:20.021+0000] {logging_mixin.py:190} INFO - [2025-02-08T10:51:20.020+0000] {dag.py:4180} INFO - Setting next_dagrun for example_short_circuit_operator to None, run_after=None
[2025-02-08T10:51:20.035+0000] {processor.py:208} INFO - Processing /home/airflow/.local/lib/python3.12/site-packages/airflow/example_dags/example_short_circuit_operator.py took 0.233 seconds
[2025-02-08T10:51:50.652+0000] {processor.py:186} INFO - Started process (PID=474) to work on /home/airflow/.local/lib/python3.12/site-packages/airflow/example_dags/example_short_circuit_operator.py
[2025-02-08T10:51:50.653+0000] {processor.py:914} INFO - Processing file /home/airflow/.local/lib/python3.12/site-packages/airflow/example_dags/example_short_circuit_operator.py for tasks to queue
[2025-02-08T10:51:50.655+0000] {logging_mixin.py:190} INFO - [2025-02-08T10:51:50.655+0000] {dagbag.py:588} INFO - Filling up the DagBag from /home/airflow/.local/lib/python3.12/site-packages/airflow/example_dags/example_short_circuit_operator.py
[2025-02-08T10:51:50.663+0000] {processor.py:925} INFO - DAG(s) 'example_short_circuit_operator' retrieved from /home/airflow/.local/lib/python3.12/site-packages/airflow/example_dags/example_short_circuit_operator.py
[2025-02-08T10:51:50.681+0000] {logging_mixin.py:190} INFO - [2025-02-08T10:51:50.681+0000] {dag.py:3239} INFO - Sync 1 DAGs
[2025-02-08T10:51:50.692+0000] {logging_mixin.py:190} INFO - [2025-02-08T10:51:50.692+0000] {dag.py:4180} INFO - Setting next_dagrun for example_short_circuit_operator to None, run_after=None
[2025-02-08T10:51:50.709+0000] {processor.py:208} INFO - Processing /home/airflow/.local/lib/python3.12/site-packages/airflow/example_dags/example_short_circuit_operator.py took 0.062 seconds
[2025-02-08T10:52:21.003+0000] {processor.py:186} INFO - Started process (PID=760) to work on /home/airflow/.local/lib/python3.12/site-packages/airflow/example_dags/example_short_circuit_operator.py
[2025-02-08T10:52:21.004+0000] {processor.py:914} INFO - Processing file /home/airflow/.local/lib/python3.12/site-packages/airflow/example_dags/example_short_circuit_operator.py for tasks to queue
[2025-02-08T10:52:21.005+0000] {logging_mixin.py:190} INFO - [2025-02-08T10:52:21.005+0000] {dagbag.py:588} INFO - Filling up the DagBag from /home/airflow/.local/lib/python3.12/site-packages/airflow/example_dags/example_short_circuit_operator.py
[2025-02-08T10:52:21.013+0000] {processor.py:925} INFO - DAG(s) 'example_short_circuit_operator' retrieved from /home/airflow/.local/lib/python3.12/site-packages/airflow/example_dags/example_short_circuit_operator.py
[2025-02-08T10:52:21.030+0000] {logging_mixin.py:190} INFO - [2025-02-08T10:52:21.030+0000] {dag.py:3239} INFO - Sync 1 DAGs
[2025-02-08T10:52:21.041+0000] {logging_mixin.py:190} INFO - [2025-02-08T10:52:21.041+0000] {dag.py:4180} INFO - Setting next_dagrun for example_short_circuit_operator to None, run_after=None
[2025-02-08T10:52:21.059+0000] {processor.py:208} INFO - Processing /home/airflow/.local/lib/python3.12/site-packages/airflow/example_dags/example_short_circuit_operator.py took 0.060 seconds
[2025-02-08T10:52:51.162+0000] {processor.py:186} INFO - Started process (PID=1046) to work on /home/airflow/.local/lib/python3.12/site-packages/airflow/example_dags/example_short_circuit_operator.py
[2025-02-08T10:52:51.163+0000] {processor.py:914} INFO - Processing file /home/airflow/.local/lib/python3.12/site-packages/airflow/example_dags/example_short_circuit_operator.py for tasks to queue
[2025-02-08T10:52:51.164+0000] {logging_mixin.py:190} INFO - [2025-02-08T10:52:51.164+0000] {dagbag.py:588} INFO - Filling up the DagBag from /home/airflow/.local/lib/python3.12/site-packages/airflow/example_dags/example_short_circuit_operator.py
[2025-02-08T10:52:51.171+0000] {processor.py:925} INFO - DAG(s) 'example_short_circuit_operator' retrieved from /home/airflow/.local/lib/python3.12/site-packages/airflow/example_dags/example_short_circuit_operator.py
[2025-02-08T10:52:51.189+0000] {logging_mixin.py:190} INFO - [2025-02-08T10:52:51.188+0000] {dag.py:3239} INFO - Sync 1 DAGs
[2025-02-08T10:52:51.199+0000] {logging_mixin.py:190} INFO - [2025-02-08T10:52:51.199+0000] {dag.py:4180} INFO - Setting next_dagrun for example_short_circuit_operator to None, run_after=None
[2025-02-08T10:52:51.216+0000] {processor.py:208} INFO - Processing /home/airflow/.local/lib/python3.12/site-packages/airflow/example_dags/example_short_circuit_operator.py took 0.058 seconds
[2025-02-08T10:53:21.514+0000] {processor.py:186} INFO - Started process (PID=1332) to work on /home/airflow/.local/lib/python3.12/site-packages/airflow/example_dags/example_short_circuit_operator.py
[2025-02-08T10:53:21.515+0000] {processor.py:914} INFO - Processing file /home/airflow/.local/lib/python3.12/site-packages/airflow/example_dags/example_short_circuit_operator.py for tasks to queue
[2025-02-08T10:53:21.516+0000] {logging_mixin.py:190} INFO - [2025-02-08T10:53:21.516+0000] {dagbag.py:588} INFO - Filling up the DagBag from /home/airflow/.local/lib/python3.12/site-packages/airflow/example_dags/example_short_circuit_operator.py
[2025-02-08T10:53:21.524+0000] {processor.py:925} INFO - DAG(s) 'example_short_circuit_operator' retrieved from /home/airflow/.local/lib/python3.12/site-packages/airflow/example_dags/example_short_circuit_operator.py
[2025-02-08T10:53:21.543+0000] {logging_mixin.py:190} INFO - [2025-02-08T10:53:21.543+0000] {dag.py:3239} INFO - Sync 1 DAGs
[2025-02-08T10:53:21.555+0000] {logging_mixin.py:190} INFO - [2025-02-08T10:53:21.555+0000] {dag.py:4180} INFO - Setting next_dagrun for example_short_circuit_operator to None, run_after=None
[2025-02-08T10:53:21.573+0000] {processor.py:208} INFO - Processing /home/airflow/.local/lib/python3.12/site-packages/airflow/example_dags/example_short_circuit_operator.py took 0.066 seconds
[2025-02-08T10:53:52.576+0000] {processor.py:186} INFO - Started process (PID=1618) to work on /home/airflow/.local/lib/python3.12/site-packages/airflow/example_dags/example_short_circuit_operator.py
[2025-02-08T10:53:52.577+0000] {processor.py:914} INFO - Processing file /home/airflow/.local/lib/python3.12/site-packages/airflow/example_dags/example_short_circuit_operator.py for tasks to queue
[2025-02-08T10:53:52.579+0000] {logging_mixin.py:190} INFO - [2025-02-08T10:53:52.578+0000] {dagbag.py:588} INFO - Filling up the DagBag from /home/airflow/.local/lib/python3.12/site-packages/airflow/example_dags/example_short_circuit_operator.py
[2025-02-08T10:53:52.586+0000] {processor.py:925} INFO - DAG(s) 'example_short_circuit_operator' retrieved from /home/airflow/.local/lib/python3.12/site-packages/airflow/example_dags/example_short_circuit_operator.py
[2025-02-08T10:53:52.602+0000] {logging_mixin.py:190} INFO - [2025-02-08T10:53:52.602+0000] {dag.py:3239} INFO - Sync 1 DAGs
[2025-02-08T10:53:52.613+0000] {logging_mixin.py:190} INFO - [2025-02-08T10:53:52.613+0000] {dag.py:4180} INFO - Setting next_dagrun for example_short_circuit_operator to None, run_after=None
[2025-02-08T10:53:52.630+0000] {processor.py:208} INFO - Processing /home/airflow/.local/lib/python3.12/site-packages/airflow/example_dags/example_short_circuit_operator.py took 0.059 seconds
[2025-02-08T10:54:22.843+0000] {processor.py:186} INFO - Started process (PID=1904) to work on /home/airflow/.local/lib/python3.12/site-packages/airflow/example_dags/example_short_circuit_operator.py
[2025-02-08T10:54:22.843+0000] {processor.py:914} INFO - Processing file /home/airflow/.local/lib/python3.12/site-packages/airflow/example_dags/example_short_circuit_operator.py for tasks to queue
[2025-02-08T10:54:22.845+0000] {logging_mixin.py:190} INFO - [2025-02-08T10:54:22.845+0000] {dagbag.py:588} INFO - Filling up the DagBag from /home/airflow/.local/lib/python3.12/site-packages/airflow/example_dags/example_short_circuit_operator.py
[2025-02-08T10:54:22.853+0000] {processor.py:925} INFO - DAG(s) 'example_short_circuit_operator' retrieved from /home/airflow/.local/lib/python3.12/site-packages/airflow/example_dags/example_short_circuit_operator.py
[2025-02-08T10:54:22.871+0000] {logging_mixin.py:190} INFO - [2025-02-08T10:54:22.871+0000] {dag.py:3239} INFO - Sync 1 DAGs
[2025-02-08T10:54:22.883+0000] {logging_mixin.py:190} INFO - [2025-02-08T10:54:22.883+0000] {dag.py:4180} INFO - Setting next_dagrun for example_short_circuit_operator to None, run_after=None
[2025-02-08T10:54:22.898+0000] {processor.py:208} INFO - Processing /home/airflow/.local/lib/python3.12/site-packages/airflow/example_dags/example_short_circuit_operator.py took 0.060 seconds
[2025-02-08T10:54:53.222+0000] {processor.py:186} INFO - Started process (PID=2192) to work on /home/airflow/.local/lib/python3.12/site-packages/airflow/example_dags/example_short_circuit_operator.py
[2025-02-08T10:54:53.223+0000] {processor.py:914} INFO - Processing file /home/airflow/.local/lib/python3.12/site-packages/airflow/example_dags/example_short_circuit_operator.py for tasks to queue
[2025-02-08T10:54:53.226+0000] {logging_mixin.py:190} INFO - [2025-02-08T10:54:53.225+0000] {dagbag.py:588} INFO - Filling up the DagBag from /home/airflow/.local/lib/python3.12/site-packages/airflow/example_dags/example_short_circuit_operator.py
[2025-02-08T10:54:53.233+0000] {processor.py:925} INFO - DAG(s) 'example_short_circuit_operator' retrieved from /home/airflow/.local/lib/python3.12/site-packages/airflow/example_dags/example_short_circuit_operator.py
[2025-02-08T10:54:53.251+0000] {logging_mixin.py:190} INFO - [2025-02-08T10:54:53.251+0000] {dag.py:3239} INFO - Sync 1 DAGs
[2025-02-08T10:54:53.265+0000] {logging_mixin.py:190} INFO - [2025-02-08T10:54:53.264+0000] {dag.py:4180} INFO - Setting next_dagrun for example_short_circuit_operator to None, run_after=None
[2025-02-08T10:54:53.284+0000] {processor.py:208} INFO - Processing /home/airflow/.local/lib/python3.12/site-packages/airflow/example_dags/example_short_circuit_operator.py took 0.067 seconds
[2025-02-08T10:55:23.581+0000] {processor.py:186} INFO - Started process (PID=2478) to work on /home/airflow/.local/lib/python3.12/site-packages/airflow/example_dags/example_short_circuit_operator.py
[2025-02-08T10:55:23.582+0000] {processor.py:914} INFO - Processing file /home/airflow/.local/lib/python3.12/site-packages/airflow/example_dags/example_short_circuit_operator.py for tasks to queue
[2025-02-08T10:55:23.583+0000] {logging_mixin.py:190} INFO - [2025-02-08T10:55:23.583+0000] {dagbag.py:588} INFO - Filling up the DagBag from /home/airflow/.local/lib/python3.12/site-packages/airflow/example_dags/example_short_circuit_operator.py
[2025-02-08T10:55:23.589+0000] {processor.py:925} INFO - DAG(s) 'example_short_circuit_operator' retrieved from /home/airflow/.local/lib/python3.12/site-packages/airflow/example_dags/example_short_circuit_operator.py
[2025-02-08T10:55:23.605+0000] {logging_mixin.py:190} INFO - [2025-02-08T10:55:23.605+0000] {dag.py:3239} INFO - Sync 1 DAGs
[2025-02-08T10:55:23.615+0000] {logging_mixin.py:190} INFO - [2025-02-08T10:55:23.615+0000] {dag.py:4180} INFO - Setting next_dagrun for example_short_circuit_operator to None, run_after=None
[2025-02-08T10:55:23.631+0000] {processor.py:208} INFO - Processing /home/airflow/.local/lib/python3.12/site-packages/airflow/example_dags/example_short_circuit_operator.py took 0.055 seconds
[2025-02-08T10:55:53.671+0000] {processor.py:186} INFO - Started process (PID=2762) to work on /home/airflow/.local/lib/python3.12/site-packages/airflow/example_dags/example_short_circuit_operator.py
[2025-02-08T10:55:53.672+0000] {processor.py:914} INFO - Processing file /home/airflow/.local/lib/python3.12/site-packages/airflow/example_dags/example_short_circuit_operator.py for tasks to queue
[2025-02-08T10:55:53.675+0000] {logging_mixin.py:190} INFO - [2025-02-08T10:55:53.674+0000] {dagbag.py:588} INFO - Filling up the DagBag from /home/airflow/.local/lib/python3.12/site-packages/airflow/example_dags/example_short_circuit_operator.py
[2025-02-08T10:55:53.684+0000] {processor.py:925} INFO - DAG(s) 'example_short_circuit_operator' retrieved from /home/airflow/.local/lib/python3.12/site-packages/airflow/example_dags/example_short_circuit_operator.py
[2025-02-08T10:55:53.703+0000] {logging_mixin.py:190} INFO - [2025-02-08T10:55:53.702+0000] {dag.py:3239} INFO - Sync 1 DAGs
[2025-02-08T10:55:53.714+0000] {logging_mixin.py:190} INFO - [2025-02-08T10:55:53.713+0000] {dag.py:4180} INFO - Setting next_dagrun for example_short_circuit_operator to None, run_after=None
[2025-02-08T10:55:53.728+0000] {processor.py:208} INFO - Processing /home/airflow/.local/lib/python3.12/site-packages/airflow/example_dags/example_short_circuit_operator.py took 0.064 seconds
[2025-02-08T10:56:23.906+0000] {processor.py:186} INFO - Started process (PID=3048) to work on /home/airflow/.local/lib/python3.12/site-packages/airflow/example_dags/example_short_circuit_operator.py
[2025-02-08T10:56:23.907+0000] {processor.py:914} INFO - Processing file /home/airflow/.local/lib/python3.12/site-packages/airflow/example_dags/example_short_circuit_operator.py for tasks to queue
[2025-02-08T10:56:23.909+0000] {logging_mixin.py:190} INFO - [2025-02-08T10:56:23.908+0000] {dagbag.py:588} INFO - Filling up the DagBag from /home/airflow/.local/lib/python3.12/site-packages/airflow/example_dags/example_short_circuit_operator.py
[2025-02-08T10:56:23.915+0000] {processor.py:925} INFO - DAG(s) 'example_short_circuit_operator' retrieved from /home/airflow/.local/lib/python3.12/site-packages/airflow/example_dags/example_short_circuit_operator.py
[2025-02-08T10:56:23.935+0000] {logging_mixin.py:190} INFO - [2025-02-08T10:56:23.935+0000] {dag.py:3239} INFO - Sync 1 DAGs
[2025-02-08T10:56:23.947+0000] {logging_mixin.py:190} INFO - [2025-02-08T10:56:23.946+0000] {dag.py:4180} INFO - Setting next_dagrun for example_short_circuit_operator to None, run_after=None
[2025-02-08T10:56:23.964+0000] {processor.py:208} INFO - Processing /home/airflow/.local/lib/python3.12/site-packages/airflow/example_dags/example_short_circuit_operator.py took 0.063 seconds
[2025-02-08T10:56:54.125+0000] {processor.py:186} INFO - Started process (PID=3334) to work on /home/airflow/.local/lib/python3.12/site-packages/airflow/example_dags/example_short_circuit_operator.py
[2025-02-08T10:56:54.126+0000] {processor.py:914} INFO - Processing file /home/airflow/.local/lib/python3.12/site-packages/airflow/example_dags/example_short_circuit_operator.py for tasks to queue
[2025-02-08T10:56:54.129+0000] {logging_mixin.py:190} INFO - [2025-02-08T10:56:54.128+0000] {dagbag.py:588} INFO - Filling up the DagBag from /home/airflow/.local/lib/python3.12/site-packages/airflow/example_dags/example_short_circuit_operator.py
[2025-02-08T10:56:54.138+0000] {processor.py:925} INFO - DAG(s) 'example_short_circuit_operator' retrieved from /home/airflow/.local/lib/python3.12/site-packages/airflow/example_dags/example_short_circuit_operator.py
[2025-02-08T10:56:54.156+0000] {logging_mixin.py:190} INFO - [2025-02-08T10:56:54.156+0000] {dag.py:3239} INFO - Sync 1 DAGs
[2025-02-08T10:56:54.169+0000] {logging_mixin.py:190} INFO - [2025-02-08T10:56:54.168+0000] {dag.py:4180} INFO - Setting next_dagrun for example_short_circuit_operator to None, run_after=None
[2025-02-08T10:56:54.187+0000] {processor.py:208} INFO - Processing /home/airflow/.local/lib/python3.12/site-packages/airflow/example_dags/example_short_circuit_operator.py took 0.066 seconds
[2025-02-08T10:57:24.468+0000] {processor.py:186} INFO - Started process (PID=3620) to work on /home/airflow/.local/lib/python3.12/site-packages/airflow/example_dags/example_short_circuit_operator.py
[2025-02-08T10:57:24.469+0000] {processor.py:914} INFO - Processing file /home/airflow/.local/lib/python3.12/site-packages/airflow/example_dags/example_short_circuit_operator.py for tasks to queue
[2025-02-08T10:57:24.471+0000] {logging_mixin.py:190} INFO - [2025-02-08T10:57:24.470+0000] {dagbag.py:588} INFO - Filling up the DagBag from /home/airflow/.local/lib/python3.12/site-packages/airflow/example_dags/example_short_circuit_operator.py
[2025-02-08T10:57:24.477+0000] {processor.py:925} INFO - DAG(s) 'example_short_circuit_operator' retrieved from /home/airflow/.local/lib/python3.12/site-packages/airflow/example_dags/example_short_circuit_operator.py
[2025-02-08T10:57:24.498+0000] {logging_mixin.py:190} INFO - [2025-02-08T10:57:24.498+0000] {dag.py:3239} INFO - Sync 1 DAGs
[2025-02-08T10:57:24.509+0000] {logging_mixin.py:190} INFO - [2025-02-08T10:57:24.509+0000] {dag.py:4180} INFO - Setting next_dagrun for example_short_circuit_operator to None, run_after=None
[2025-02-08T10:57:24.527+0000] {processor.py:208} INFO - Processing /home/airflow/.local/lib/python3.12/site-packages/airflow/example_dags/example_short_circuit_operator.py took 0.064 seconds
[2025-02-08T10:57:55.028+0000] {processor.py:186} INFO - Started process (PID=3906) to work on /home/airflow/.local/lib/python3.12/site-packages/airflow/example_dags/example_short_circuit_operator.py
[2025-02-08T10:57:55.029+0000] {processor.py:914} INFO - Processing file /home/airflow/.local/lib/python3.12/site-packages/airflow/example_dags/example_short_circuit_operator.py for tasks to queue
[2025-02-08T10:57:55.030+0000] {logging_mixin.py:190} INFO - [2025-02-08T10:57:55.030+0000] {dagbag.py:588} INFO - Filling up the DagBag from /home/airflow/.local/lib/python3.12/site-packages/airflow/example_dags/example_short_circuit_operator.py
[2025-02-08T10:57:55.037+0000] {processor.py:925} INFO - DAG(s) 'example_short_circuit_operator' retrieved from /home/airflow/.local/lib/python3.12/site-packages/airflow/example_dags/example_short_circuit_operator.py
[2025-02-08T10:57:55.055+0000] {logging_mixin.py:190} INFO - [2025-02-08T10:57:55.055+0000] {dag.py:3239} INFO - Sync 1 DAGs
[2025-02-08T10:57:55.068+0000] {logging_mixin.py:190} INFO - [2025-02-08T10:57:55.068+0000] {dag.py:4180} INFO - Setting next_dagrun for example_short_circuit_operator to None, run_after=None
[2025-02-08T10:57:55.088+0000] {processor.py:208} INFO - Processing /home/airflow/.local/lib/python3.12/site-packages/airflow/example_dags/example_short_circuit_operator.py took 0.065 seconds
[2025-02-08T10:58:26.078+0000] {processor.py:186} INFO - Started process (PID=4194) to work on /home/airflow/.local/lib/python3.12/site-packages/airflow/example_dags/example_short_circuit_operator.py
[2025-02-08T10:58:26.079+0000] {processor.py:914} INFO - Processing file /home/airflow/.local/lib/python3.12/site-packages/airflow/example_dags/example_short_circuit_operator.py for tasks to queue
[2025-02-08T10:58:26.083+0000] {logging_mixin.py:190} INFO - [2025-02-08T10:58:26.082+0000] {dagbag.py:588} INFO - Filling up the DagBag from /home/airflow/.local/lib/python3.12/site-packages/airflow/example_dags/example_short_circuit_operator.py
[2025-02-08T10:58:26.092+0000] {processor.py:925} INFO - DAG(s) 'example_short_circuit_operator' retrieved from /home/airflow/.local/lib/python3.12/site-packages/airflow/example_dags/example_short_circuit_operator.py
[2025-02-08T10:58:26.113+0000] {logging_mixin.py:190} INFO - [2025-02-08T10:58:26.113+0000] {dag.py:3239} INFO - Sync 1 DAGs
[2025-02-08T10:58:26.128+0000] {logging_mixin.py:190} INFO - [2025-02-08T10:58:26.127+0000] {dag.py:4180} INFO - Setting next_dagrun for example_short_circuit_operator to None, run_after=None
[2025-02-08T10:58:26.149+0000] {processor.py:208} INFO - Processing /home/airflow/.local/lib/python3.12/site-packages/airflow/example_dags/example_short_circuit_operator.py took 0.077 seconds
[2025-02-08T10:58:56.739+0000] {processor.py:186} INFO - Started process (PID=4682) to work on /home/airflow/.local/lib/python3.12/site-packages/airflow/example_dags/example_short_circuit_operator.py
[2025-02-08T10:58:56.740+0000] {processor.py:914} INFO - Processing file /home/airflow/.local/lib/python3.12/site-packages/airflow/example_dags/example_short_circuit_operator.py for tasks to queue
[2025-02-08T10:58:56.741+0000] {logging_mixin.py:190} INFO - [2025-02-08T10:58:56.741+0000] {dagbag.py:588} INFO - Filling up the DagBag from /home/airflow/.local/lib/python3.12/site-packages/airflow/example_dags/example_short_circuit_operator.py
[2025-02-08T10:58:56.748+0000] {processor.py:925} INFO - DAG(s) 'example_short_circuit_operator' retrieved from /home/airflow/.local/lib/python3.12/site-packages/airflow/example_dags/example_short_circuit_operator.py
[2025-02-08T10:58:56.765+0000] {logging_mixin.py:190} INFO - [2025-02-08T10:58:56.765+0000] {dag.py:3239} INFO - Sync 1 DAGs
[2025-02-08T10:58:56.778+0000] {logging_mixin.py:190} INFO - [2025-02-08T10:58:56.778+0000] {dag.py:4180} INFO - Setting next_dagrun for example_short_circuit_operator to None, run_after=None
[2025-02-08T10:58:56.796+0000] {processor.py:208} INFO - Processing /home/airflow/.local/lib/python3.12/site-packages/airflow/example_dags/example_short_circuit_operator.py took 0.062 seconds
[2025-02-08T10:59:26.874+0000] {processor.py:186} INFO - Started process (PID=4968) to work on /home/airflow/.local/lib/python3.12/site-packages/airflow/example_dags/example_short_circuit_operator.py
[2025-02-08T10:59:26.874+0000] {processor.py:914} INFO - Processing file /home/airflow/.local/lib/python3.12/site-packages/airflow/example_dags/example_short_circuit_operator.py for tasks to queue
[2025-02-08T10:59:26.876+0000] {logging_mixin.py:190} INFO - [2025-02-08T10:59:26.876+0000] {dagbag.py:588} INFO - Filling up the DagBag from /home/airflow/.local/lib/python3.12/site-packages/airflow/example_dags/example_short_circuit_operator.py
[2025-02-08T10:59:26.883+0000] {processor.py:925} INFO - DAG(s) 'example_short_circuit_operator' retrieved from /home/airflow/.local/lib/python3.12/site-packages/airflow/example_dags/example_short_circuit_operator.py
[2025-02-08T10:59:26.900+0000] {logging_mixin.py:190} INFO - [2025-02-08T10:59:26.900+0000] {dag.py:3239} INFO - Sync 1 DAGs
[2025-02-08T10:59:26.911+0000] {logging_mixin.py:190} INFO - [2025-02-08T10:59:26.911+0000] {dag.py:4180} INFO - Setting next_dagrun for example_short_circuit_operator to None, run_after=None
[2025-02-08T10:59:26.925+0000] {processor.py:208} INFO - Processing /home/airflow/.local/lib/python3.12/site-packages/airflow/example_dags/example_short_circuit_operator.py took 0.056 seconds
[2025-02-08T11:01:55.969+0000] {processor.py:186} INFO - Started process (PID=188) to work on /home/airflow/.local/lib/python3.12/site-packages/airflow/example_dags/example_short_circuit_operator.py
[2025-02-08T11:01:55.970+0000] {processor.py:914} INFO - Processing file /home/airflow/.local/lib/python3.12/site-packages/airflow/example_dags/example_short_circuit_operator.py for tasks to queue
[2025-02-08T11:01:55.971+0000] {logging_mixin.py:190} INFO - [2025-02-08T11:01:55.971+0000] {dagbag.py:588} INFO - Filling up the DagBag from /home/airflow/.local/lib/python3.12/site-packages/airflow/example_dags/example_short_circuit_operator.py
[2025-02-08T11:01:55.978+0000] {processor.py:925} INFO - DAG(s) 'example_short_circuit_operator' retrieved from /home/airflow/.local/lib/python3.12/site-packages/airflow/example_dags/example_short_circuit_operator.py
[2025-02-08T11:01:56.065+0000] {logging_mixin.py:190} INFO - [2025-02-08T11:01:56.065+0000] {override.py:1900} INFO - Created Permission View: can read on DAG:example_short_circuit_operator
[2025-02-08T11:01:56.073+0000] {logging_mixin.py:190} INFO - [2025-02-08T11:01:56.073+0000] {override.py:1900} INFO - Created Permission View: can delete on DAG:example_short_circuit_operator
[2025-02-08T11:01:56.079+0000] {logging_mixin.py:190} INFO - [2025-02-08T11:01:56.078+0000] {override.py:1900} INFO - Created Permission View: can edit on DAG:example_short_circuit_operator
[2025-02-08T11:01:56.084+0000] {logging_mixin.py:190} INFO - [2025-02-08T11:01:56.084+0000] {override.py:1900} INFO - Created Permission View: menu access on DAG Run:example_short_circuit_operator
[2025-02-08T11:01:56.090+0000] {logging_mixin.py:190} INFO - [2025-02-08T11:01:56.089+0000] {override.py:1900} INFO - Created Permission View: can read on DAG Run:example_short_circuit_operator
[2025-02-08T11:01:56.095+0000] {logging_mixin.py:190} INFO - [2025-02-08T11:01:56.095+0000] {override.py:1900} INFO - Created Permission View: can create on DAG Run:example_short_circuit_operator
[2025-02-08T11:01:56.100+0000] {logging_mixin.py:190} INFO - [2025-02-08T11:01:56.099+0000] {override.py:1900} INFO - Created Permission View: can delete on DAG Run:example_short_circuit_operator
[2025-02-08T11:01:56.100+0000] {logging_mixin.py:190} INFO - [2025-02-08T11:01:56.100+0000] {dag.py:3239} INFO - Sync 1 DAGs
[2025-02-08T11:01:56.109+0000] {logging_mixin.py:190} INFO - [2025-02-08T11:01:56.109+0000] {dag.py:3262} INFO - Creating ORM DAG for example_short_circuit_operator
[2025-02-08T11:01:56.110+0000] {logging_mixin.py:190} INFO - [2025-02-08T11:01:56.110+0000] {dag.py:4180} INFO - Setting next_dagrun for example_short_circuit_operator to None, run_after=None
[2025-02-08T11:01:56.123+0000] {processor.py:208} INFO - Processing /home/airflow/.local/lib/python3.12/site-packages/airflow/example_dags/example_short_circuit_operator.py took 0.158 seconds
[2025-02-08T11:02:26.911+0000] {processor.py:186} INFO - Started process (PID=474) to work on /home/airflow/.local/lib/python3.12/site-packages/airflow/example_dags/example_short_circuit_operator.py
[2025-02-08T11:02:26.912+0000] {processor.py:914} INFO - Processing file /home/airflow/.local/lib/python3.12/site-packages/airflow/example_dags/example_short_circuit_operator.py for tasks to queue
[2025-02-08T11:02:26.914+0000] {logging_mixin.py:190} INFO - [2025-02-08T11:02:26.913+0000] {dagbag.py:588} INFO - Filling up the DagBag from /home/airflow/.local/lib/python3.12/site-packages/airflow/example_dags/example_short_circuit_operator.py
[2025-02-08T11:02:26.921+0000] {processor.py:925} INFO - DAG(s) 'example_short_circuit_operator' retrieved from /home/airflow/.local/lib/python3.12/site-packages/airflow/example_dags/example_short_circuit_operator.py
[2025-02-08T11:02:26.938+0000] {logging_mixin.py:190} INFO - [2025-02-08T11:02:26.938+0000] {dag.py:3239} INFO - Sync 1 DAGs
[2025-02-08T11:02:26.949+0000] {logging_mixin.py:190} INFO - [2025-02-08T11:02:26.949+0000] {dag.py:4180} INFO - Setting next_dagrun for example_short_circuit_operator to None, run_after=None
[2025-02-08T11:02:26.963+0000] {processor.py:208} INFO - Processing /home/airflow/.local/lib/python3.12/site-packages/airflow/example_dags/example_short_circuit_operator.py took 0.057 seconds
[2025-02-08T11:03:36.754+0000] {processor.py:186} INFO - Started process (PID=188) to work on /home/airflow/.local/lib/python3.12/site-packages/airflow/example_dags/example_short_circuit_operator.py
[2025-02-08T11:03:36.755+0000] {processor.py:914} INFO - Processing file /home/airflow/.local/lib/python3.12/site-packages/airflow/example_dags/example_short_circuit_operator.py for tasks to queue
[2025-02-08T11:03:36.757+0000] {logging_mixin.py:190} INFO - [2025-02-08T11:03:36.756+0000] {dagbag.py:588} INFO - Filling up the DagBag from /home/airflow/.local/lib/python3.12/site-packages/airflow/example_dags/example_short_circuit_operator.py
[2025-02-08T11:03:36.764+0000] {processor.py:925} INFO - DAG(s) 'example_short_circuit_operator' retrieved from /home/airflow/.local/lib/python3.12/site-packages/airflow/example_dags/example_short_circuit_operator.py
[2025-02-08T11:03:36.785+0000] {logging_mixin.py:190} INFO - [2025-02-08T11:03:36.785+0000] {dag.py:3239} INFO - Sync 1 DAGs
[2025-02-08T11:03:36.799+0000] {logging_mixin.py:190} INFO - [2025-02-08T11:03:36.799+0000] {dag.py:4180} INFO - Setting next_dagrun for example_short_circuit_operator to None, run_after=None
[2025-02-08T11:03:36.814+0000] {processor.py:208} INFO - Processing /home/airflow/.local/lib/python3.12/site-packages/airflow/example_dags/example_short_circuit_operator.py took 0.064 seconds
[2025-02-08T11:04:07.365+0000] {processor.py:186} INFO - Started process (PID=474) to work on /home/airflow/.local/lib/python3.12/site-packages/airflow/example_dags/example_short_circuit_operator.py
[2025-02-08T11:04:07.366+0000] {processor.py:914} INFO - Processing file /home/airflow/.local/lib/python3.12/site-packages/airflow/example_dags/example_short_circuit_operator.py for tasks to queue
[2025-02-08T11:04:07.369+0000] {logging_mixin.py:190} INFO - [2025-02-08T11:04:07.369+0000] {dagbag.py:588} INFO - Filling up the DagBag from /home/airflow/.local/lib/python3.12/site-packages/airflow/example_dags/example_short_circuit_operator.py
[2025-02-08T11:04:07.379+0000] {processor.py:925} INFO - DAG(s) 'example_short_circuit_operator' retrieved from /home/airflow/.local/lib/python3.12/site-packages/airflow/example_dags/example_short_circuit_operator.py
[2025-02-08T11:04:07.406+0000] {logging_mixin.py:190} INFO - [2025-02-08T11:04:07.406+0000] {dag.py:3239} INFO - Sync 1 DAGs
[2025-02-08T11:04:07.423+0000] {logging_mixin.py:190} INFO - [2025-02-08T11:04:07.423+0000] {dag.py:4180} INFO - Setting next_dagrun for example_short_circuit_operator to None, run_after=None
[2025-02-08T11:04:07.443+0000] {processor.py:208} INFO - Processing /home/airflow/.local/lib/python3.12/site-packages/airflow/example_dags/example_short_circuit_operator.py took 0.084 seconds
[2025-02-08T11:04:37.707+0000] {processor.py:186} INFO - Started process (PID=762) to work on /home/airflow/.local/lib/python3.12/site-packages/airflow/example_dags/example_short_circuit_operator.py
[2025-02-08T11:04:37.707+0000] {processor.py:914} INFO - Processing file /home/airflow/.local/lib/python3.12/site-packages/airflow/example_dags/example_short_circuit_operator.py for tasks to queue
[2025-02-08T11:04:37.709+0000] {logging_mixin.py:190} INFO - [2025-02-08T11:04:37.709+0000] {dagbag.py:588} INFO - Filling up the DagBag from /home/airflow/.local/lib/python3.12/site-packages/airflow/example_dags/example_short_circuit_operator.py
[2025-02-08T11:04:37.716+0000] {processor.py:925} INFO - DAG(s) 'example_short_circuit_operator' retrieved from /home/airflow/.local/lib/python3.12/site-packages/airflow/example_dags/example_short_circuit_operator.py
[2025-02-08T11:04:37.733+0000] {logging_mixin.py:190} INFO - [2025-02-08T11:04:37.732+0000] {dag.py:3239} INFO - Sync 1 DAGs
[2025-02-08T11:04:37.743+0000] {logging_mixin.py:190} INFO - [2025-02-08T11:04:37.743+0000] {dag.py:4180} INFO - Setting next_dagrun for example_short_circuit_operator to None, run_after=None
[2025-02-08T11:04:37.758+0000] {processor.py:208} INFO - Processing /home/airflow/.local/lib/python3.12/site-packages/airflow/example_dags/example_short_circuit_operator.py took 0.056 seconds
[2025-02-08T11:33:15.546+0000] {processor.py:186} INFO - Started process (PID=188) to work on /home/airflow/.local/lib/python3.12/site-packages/airflow/example_dags/example_short_circuit_operator.py
[2025-02-08T11:33:15.547+0000] {processor.py:914} INFO - Processing file /home/airflow/.local/lib/python3.12/site-packages/airflow/example_dags/example_short_circuit_operator.py for tasks to queue
[2025-02-08T11:33:15.549+0000] {logging_mixin.py:190} INFO - [2025-02-08T11:33:15.549+0000] {dagbag.py:588} INFO - Filling up the DagBag from /home/airflow/.local/lib/python3.12/site-packages/airflow/example_dags/example_short_circuit_operator.py
[2025-02-08T11:33:15.556+0000] {processor.py:925} INFO - DAG(s) 'example_short_circuit_operator' retrieved from /home/airflow/.local/lib/python3.12/site-packages/airflow/example_dags/example_short_circuit_operator.py
[2025-02-08T11:33:15.655+0000] {logging_mixin.py:190} INFO - [2025-02-08T11:33:15.655+0000] {override.py:1900} INFO - Created Permission View: can edit on DAG:example_short_circuit_operator
[2025-02-08T11:33:15.663+0000] {logging_mixin.py:190} INFO - [2025-02-08T11:33:15.663+0000] {override.py:1900} INFO - Created Permission View: can delete on DAG:example_short_circuit_operator
[2025-02-08T11:33:15.670+0000] {logging_mixin.py:190} INFO - [2025-02-08T11:33:15.670+0000] {override.py:1900} INFO - Created Permission View: can read on DAG:example_short_circuit_operator
[2025-02-08T11:33:15.677+0000] {logging_mixin.py:190} INFO - [2025-02-08T11:33:15.677+0000] {override.py:1900} INFO - Created Permission View: menu access on DAG Run:example_short_circuit_operator
[2025-02-08T11:33:15.683+0000] {logging_mixin.py:190} INFO - [2025-02-08T11:33:15.682+0000] {override.py:1900} INFO - Created Permission View: can create on DAG Run:example_short_circuit_operator
[2025-02-08T11:33:15.688+0000] {logging_mixin.py:190} INFO - [2025-02-08T11:33:15.688+0000] {override.py:1900} INFO - Created Permission View: can delete on DAG Run:example_short_circuit_operator
[2025-02-08T11:33:15.693+0000] {logging_mixin.py:190} INFO - [2025-02-08T11:33:15.693+0000] {override.py:1900} INFO - Created Permission View: can read on DAG Run:example_short_circuit_operator
[2025-02-08T11:33:15.694+0000] {logging_mixin.py:190} INFO - [2025-02-08T11:33:15.694+0000] {dag.py:3239} INFO - Sync 1 DAGs
[2025-02-08T11:33:15.704+0000] {logging_mixin.py:190} INFO - [2025-02-08T11:33:15.704+0000] {dag.py:3262} INFO - Creating ORM DAG for example_short_circuit_operator
[2025-02-08T11:33:15.705+0000] {logging_mixin.py:190} INFO - [2025-02-08T11:33:15.705+0000] {dag.py:4180} INFO - Setting next_dagrun for example_short_circuit_operator to None, run_after=None
[2025-02-08T11:33:15.718+0000] {processor.py:208} INFO - Processing /home/airflow/.local/lib/python3.12/site-packages/airflow/example_dags/example_short_circuit_operator.py took 0.177 seconds
[2025-02-08T11:33:46.668+0000] {processor.py:186} INFO - Started process (PID=474) to work on /home/airflow/.local/lib/python3.12/site-packages/airflow/example_dags/example_short_circuit_operator.py
[2025-02-08T11:33:46.669+0000] {processor.py:914} INFO - Processing file /home/airflow/.local/lib/python3.12/site-packages/airflow/example_dags/example_short_circuit_operator.py for tasks to queue
[2025-02-08T11:33:46.671+0000] {logging_mixin.py:190} INFO - [2025-02-08T11:33:46.670+0000] {dagbag.py:588} INFO - Filling up the DagBag from /home/airflow/.local/lib/python3.12/site-packages/airflow/example_dags/example_short_circuit_operator.py
[2025-02-08T11:33:46.678+0000] {processor.py:925} INFO - DAG(s) 'example_short_circuit_operator' retrieved from /home/airflow/.local/lib/python3.12/site-packages/airflow/example_dags/example_short_circuit_operator.py
[2025-02-08T11:33:46.699+0000] {logging_mixin.py:190} INFO - [2025-02-08T11:33:46.699+0000] {dag.py:3239} INFO - Sync 1 DAGs
[2025-02-08T11:33:46.713+0000] {logging_mixin.py:190} INFO - [2025-02-08T11:33:46.713+0000] {dag.py:4180} INFO - Setting next_dagrun for example_short_circuit_operator to None, run_after=None
[2025-02-08T11:33:46.729+0000] {processor.py:208} INFO - Processing /home/airflow/.local/lib/python3.12/site-packages/airflow/example_dags/example_short_circuit_operator.py took 0.065 seconds
[2025-02-08T11:34:17.219+0000] {processor.py:186} INFO - Started process (PID=760) to work on /home/airflow/.local/lib/python3.12/site-packages/airflow/example_dags/example_short_circuit_operator.py
[2025-02-08T11:34:17.219+0000] {processor.py:914} INFO - Processing file /home/airflow/.local/lib/python3.12/site-packages/airflow/example_dags/example_short_circuit_operator.py for tasks to queue
[2025-02-08T11:34:17.221+0000] {logging_mixin.py:190} INFO - [2025-02-08T11:34:17.221+0000] {dagbag.py:588} INFO - Filling up the DagBag from /home/airflow/.local/lib/python3.12/site-packages/airflow/example_dags/example_short_circuit_operator.py
[2025-02-08T11:34:17.227+0000] {processor.py:925} INFO - DAG(s) 'example_short_circuit_operator' retrieved from /home/airflow/.local/lib/python3.12/site-packages/airflow/example_dags/example_short_circuit_operator.py
[2025-02-08T11:34:17.246+0000] {logging_mixin.py:190} INFO - [2025-02-08T11:34:17.246+0000] {dag.py:3239} INFO - Sync 1 DAGs
[2025-02-08T11:34:17.259+0000] {logging_mixin.py:190} INFO - [2025-02-08T11:34:17.259+0000] {dag.py:4180} INFO - Setting next_dagrun for example_short_circuit_operator to None, run_after=None
[2025-02-08T11:34:17.275+0000] {processor.py:208} INFO - Processing /home/airflow/.local/lib/python3.12/site-packages/airflow/example_dags/example_short_circuit_operator.py took 0.060 seconds
[2025-02-08T11:34:47.386+0000] {processor.py:186} INFO - Started process (PID=1046) to work on /home/airflow/.local/lib/python3.12/site-packages/airflow/example_dags/example_short_circuit_operator.py
[2025-02-08T11:34:47.386+0000] {processor.py:914} INFO - Processing file /home/airflow/.local/lib/python3.12/site-packages/airflow/example_dags/example_short_circuit_operator.py for tasks to queue
[2025-02-08T11:34:47.388+0000] {logging_mixin.py:190} INFO - [2025-02-08T11:34:47.388+0000] {dagbag.py:588} INFO - Filling up the DagBag from /home/airflow/.local/lib/python3.12/site-packages/airflow/example_dags/example_short_circuit_operator.py
[2025-02-08T11:34:47.395+0000] {processor.py:925} INFO - DAG(s) 'example_short_circuit_operator' retrieved from /home/airflow/.local/lib/python3.12/site-packages/airflow/example_dags/example_short_circuit_operator.py
[2025-02-08T11:34:47.413+0000] {logging_mixin.py:190} INFO - [2025-02-08T11:34:47.413+0000] {dag.py:3239} INFO - Sync 1 DAGs
[2025-02-08T11:34:47.423+0000] {logging_mixin.py:190} INFO - [2025-02-08T11:34:47.423+0000] {dag.py:4180} INFO - Setting next_dagrun for example_short_circuit_operator to None, run_after=None
[2025-02-08T11:34:47.438+0000] {processor.py:208} INFO - Processing /home/airflow/.local/lib/python3.12/site-packages/airflow/example_dags/example_short_circuit_operator.py took 0.057 seconds
[2025-02-08T11:35:17.514+0000] {processor.py:186} INFO - Started process (PID=1332) to work on /home/airflow/.local/lib/python3.12/site-packages/airflow/example_dags/example_short_circuit_operator.py
[2025-02-08T11:35:17.515+0000] {processor.py:914} INFO - Processing file /home/airflow/.local/lib/python3.12/site-packages/airflow/example_dags/example_short_circuit_operator.py for tasks to queue
[2025-02-08T11:35:17.517+0000] {logging_mixin.py:190} INFO - [2025-02-08T11:35:17.516+0000] {dagbag.py:588} INFO - Filling up the DagBag from /home/airflow/.local/lib/python3.12/site-packages/airflow/example_dags/example_short_circuit_operator.py
[2025-02-08T11:35:17.523+0000] {processor.py:925} INFO - DAG(s) 'example_short_circuit_operator' retrieved from /home/airflow/.local/lib/python3.12/site-packages/airflow/example_dags/example_short_circuit_operator.py
[2025-02-08T11:35:17.541+0000] {logging_mixin.py:190} INFO - [2025-02-08T11:35:17.540+0000] {dag.py:3239} INFO - Sync 1 DAGs
[2025-02-08T11:35:17.552+0000] {logging_mixin.py:190} INFO - [2025-02-08T11:35:17.552+0000] {dag.py:4180} INFO - Setting next_dagrun for example_short_circuit_operator to None, run_after=None
[2025-02-08T11:35:17.568+0000] {processor.py:208} INFO - Processing /home/airflow/.local/lib/python3.12/site-packages/airflow/example_dags/example_short_circuit_operator.py took 0.058 seconds
