[2025-02-08T10:51:25.202+0000] {processor.py:186} INFO - Started process (PID=383) to work on /home/airflow/.local/lib/python3.12/site-packages/airflow/example_dags/example_branch_datetime_operator.py
[2025-02-08T10:51:25.204+0000] {processor.py:914} INFO - Processing file /home/airflow/.local/lib/python3.12/site-packages/airflow/example_dags/example_branch_datetime_operator.py for tasks to queue
[2025-02-08T10:51:25.206+0000] {logging_mixin.py:190} INFO - [2025-02-08T10:51:25.206+0000] {dagbag.py:588} INFO - Filling up the DagBag from /home/airflow/.local/lib/python3.12/site-packages/airflow/example_dags/example_branch_datetime_operator.py
[2025-02-08T10:51:25.217+0000] {processor.py:925} INFO - DAG(s) 'example_branch_datetime_operator_2', 'example_branch_datetime_operator', 'example_branch_datetime_operator_3' retrieved from /home/airflow/.local/lib/python3.12/site-packages/airflow/example_dags/example_branch_datetime_operator.py
[2025-02-08T10:51:25.304+0000] {logging_mixin.py:190} INFO - [2025-02-08T10:51:25.303+0000] {override.py:1900} INFO - Created Permission View: can delete on DAG:example_branch_datetime_operator_2
[2025-02-08T10:51:25.314+0000] {logging_mixin.py:190} INFO - [2025-02-08T10:51:25.314+0000] {override.py:1900} INFO - Created Permission View: can read on DAG:example_branch_datetime_operator_2
[2025-02-08T10:51:25.320+0000] {logging_mixin.py:190} INFO - [2025-02-08T10:51:25.320+0000] {override.py:1900} INFO - Created Permission View: can edit on DAG:example_branch_datetime_operator_2
[2025-02-08T10:51:25.326+0000] {logging_mixin.py:190} INFO - [2025-02-08T10:51:25.326+0000] {override.py:1900} INFO - Created Permission View: can delete on DAG Run:example_branch_datetime_operator_2
[2025-02-08T10:51:25.333+0000] {logging_mixin.py:190} INFO - [2025-02-08T10:51:25.332+0000] {override.py:1900} INFO - Created Permission View: can read on DAG Run:example_branch_datetime_operator_2
[2025-02-08T10:51:25.338+0000] {logging_mixin.py:190} INFO - [2025-02-08T10:51:25.338+0000] {override.py:1900} INFO - Created Permission View: menu access on DAG Run:example_branch_datetime_operator_2
[2025-02-08T10:51:25.344+0000] {logging_mixin.py:190} INFO - [2025-02-08T10:51:25.344+0000] {override.py:1900} INFO - Created Permission View: can create on DAG Run:example_branch_datetime_operator_2
[2025-02-08T10:51:25.355+0000] {logging_mixin.py:190} INFO - [2025-02-08T10:51:25.355+0000] {override.py:1900} INFO - Created Permission View: can delete on DAG:example_branch_datetime_operator
[2025-02-08T10:51:25.361+0000] {logging_mixin.py:190} INFO - [2025-02-08T10:51:25.361+0000] {override.py:1900} INFO - Created Permission View: can read on DAG:example_branch_datetime_operator
[2025-02-08T10:51:25.368+0000] {logging_mixin.py:190} INFO - [2025-02-08T10:51:25.367+0000] {override.py:1900} INFO - Created Permission View: can edit on DAG:example_branch_datetime_operator
[2025-02-08T10:51:25.374+0000] {logging_mixin.py:190} INFO - [2025-02-08T10:51:25.374+0000] {override.py:1900} INFO - Created Permission View: can delete on DAG Run:example_branch_datetime_operator
[2025-02-08T10:51:25.381+0000] {logging_mixin.py:190} INFO - [2025-02-08T10:51:25.380+0000] {override.py:1900} INFO - Created Permission View: can read on DAG Run:example_branch_datetime_operator
[2025-02-08T10:51:25.387+0000] {logging_mixin.py:190} INFO - [2025-02-08T10:51:25.386+0000] {override.py:1900} INFO - Created Permission View: menu access on DAG Run:example_branch_datetime_operator
[2025-02-08T10:51:25.392+0000] {logging_mixin.py:190} INFO - [2025-02-08T10:51:25.392+0000] {override.py:1900} INFO - Created Permission View: can create on DAG Run:example_branch_datetime_operator
[2025-02-08T10:51:25.404+0000] {logging_mixin.py:190} INFO - [2025-02-08T10:51:25.404+0000] {override.py:1900} INFO - Created Permission View: can delete on DAG:example_branch_datetime_operator_3
[2025-02-08T10:51:25.411+0000] {logging_mixin.py:190} INFO - [2025-02-08T10:51:25.410+0000] {override.py:1900} INFO - Created Permission View: can read on DAG:example_branch_datetime_operator_3
[2025-02-08T10:51:25.416+0000] {logging_mixin.py:190} INFO - [2025-02-08T10:51:25.416+0000] {override.py:1900} INFO - Created Permission View: can edit on DAG:example_branch_datetime_operator_3
[2025-02-08T10:51:25.423+0000] {logging_mixin.py:190} INFO - [2025-02-08T10:51:25.423+0000] {override.py:1900} INFO - Created Permission View: can delete on DAG Run:example_branch_datetime_operator_3
[2025-02-08T10:51:25.428+0000] {logging_mixin.py:190} INFO - [2025-02-08T10:51:25.428+0000] {override.py:1900} INFO - Created Permission View: can read on DAG Run:example_branch_datetime_operator_3
[2025-02-08T10:51:25.434+0000] {logging_mixin.py:190} INFO - [2025-02-08T10:51:25.434+0000] {override.py:1900} INFO - Created Permission View: menu access on DAG Run:example_branch_datetime_operator_3
[2025-02-08T10:51:25.440+0000] {logging_mixin.py:190} INFO - [2025-02-08T10:51:25.440+0000] {override.py:1900} INFO - Created Permission View: can create on DAG Run:example_branch_datetime_operator_3
[2025-02-08T10:51:25.441+0000] {logging_mixin.py:190} INFO - [2025-02-08T10:51:25.441+0000] {dag.py:3239} INFO - Sync 3 DAGs
[2025-02-08T10:51:25.450+0000] {logging_mixin.py:190} INFO - [2025-02-08T10:51:25.450+0000] {dag.py:3262} INFO - Creating ORM DAG for example_branch_datetime_operator_2
[2025-02-08T10:51:25.451+0000] {logging_mixin.py:190} INFO - [2025-02-08T10:51:25.451+0000] {dag.py:3262} INFO - Creating ORM DAG for example_branch_datetime_operator
[2025-02-08T10:51:25.452+0000] {logging_mixin.py:190} INFO - [2025-02-08T10:51:25.452+0000] {dag.py:3262} INFO - Creating ORM DAG for example_branch_datetime_operator_3
[2025-02-08T10:51:25.460+0000] {logging_mixin.py:190} INFO - [2025-02-08T10:51:25.460+0000] {dag.py:4180} INFO - Setting next_dagrun for example_branch_datetime_operator to 2025-02-07 00:00:00+00:00, run_after=2025-02-08 00:00:00+00:00
[2025-02-08T10:51:25.461+0000] {logging_mixin.py:190} INFO - [2025-02-08T10:51:25.461+0000] {dag.py:4180} INFO - Setting next_dagrun for example_branch_datetime_operator_2 to 2025-02-07 00:00:00+00:00, run_after=2025-02-08 00:00:00+00:00
[2025-02-08T10:51:25.462+0000] {logging_mixin.py:190} INFO - [2025-02-08T10:51:25.462+0000] {dag.py:4180} INFO - Setting next_dagrun for example_branch_datetime_operator_3 to 2025-02-07 00:00:00+00:00, run_after=2025-02-08 00:00:00+00:00
[2025-02-08T10:51:25.477+0000] {processor.py:208} INFO - Processing /home/airflow/.local/lib/python3.12/site-packages/airflow/example_dags/example_branch_datetime_operator.py took 0.280 seconds
[2025-02-08T10:51:56.147+0000] {processor.py:186} INFO - Started process (PID=669) to work on /home/airflow/.local/lib/python3.12/site-packages/airflow/example_dags/example_branch_datetime_operator.py
[2025-02-08T10:51:56.148+0000] {processor.py:914} INFO - Processing file /home/airflow/.local/lib/python3.12/site-packages/airflow/example_dags/example_branch_datetime_operator.py for tasks to queue
[2025-02-08T10:51:56.150+0000] {logging_mixin.py:190} INFO - [2025-02-08T10:51:56.150+0000] {dagbag.py:588} INFO - Filling up the DagBag from /home/airflow/.local/lib/python3.12/site-packages/airflow/example_dags/example_branch_datetime_operator.py
[2025-02-08T10:51:56.161+0000] {processor.py:925} INFO - DAG(s) 'example_branch_datetime_operator_2', 'example_branch_datetime_operator_3', 'example_branch_datetime_operator' retrieved from /home/airflow/.local/lib/python3.12/site-packages/airflow/example_dags/example_branch_datetime_operator.py
[2025-02-08T10:51:56.184+0000] {logging_mixin.py:190} INFO - [2025-02-08T10:51:56.184+0000] {dag.py:3239} INFO - Sync 3 DAGs
[2025-02-08T10:51:56.208+0000] {logging_mixin.py:190} INFO - [2025-02-08T10:51:56.208+0000] {dag.py:4180} INFO - Setting next_dagrun for example_branch_datetime_operator to 2025-02-07 00:00:00+00:00, run_after=2025-02-08 00:00:00+00:00
[2025-02-08T10:51:56.213+0000] {logging_mixin.py:190} INFO - [2025-02-08T10:51:56.213+0000] {dag.py:4180} INFO - Setting next_dagrun for example_branch_datetime_operator_2 to 2025-02-07 00:00:00+00:00, run_after=2025-02-08 00:00:00+00:00
[2025-02-08T10:51:56.215+0000] {logging_mixin.py:190} INFO - [2025-02-08T10:51:56.215+0000] {dag.py:4180} INFO - Setting next_dagrun for example_branch_datetime_operator_3 to 2025-02-07 00:00:00+00:00, run_after=2025-02-08 00:00:00+00:00
[2025-02-08T10:51:56.233+0000] {processor.py:208} INFO - Processing /home/airflow/.local/lib/python3.12/site-packages/airflow/example_dags/example_branch_datetime_operator.py took 0.092 seconds
[2025-02-08T10:52:26.268+0000] {processor.py:186} INFO - Started process (PID=955) to work on /home/airflow/.local/lib/python3.12/site-packages/airflow/example_dags/example_branch_datetime_operator.py
[2025-02-08T10:52:26.269+0000] {processor.py:914} INFO - Processing file /home/airflow/.local/lib/python3.12/site-packages/airflow/example_dags/example_branch_datetime_operator.py for tasks to queue
[2025-02-08T10:52:26.271+0000] {logging_mixin.py:190} INFO - [2025-02-08T10:52:26.271+0000] {dagbag.py:588} INFO - Filling up the DagBag from /home/airflow/.local/lib/python3.12/site-packages/airflow/example_dags/example_branch_datetime_operator.py
[2025-02-08T10:52:26.281+0000] {processor.py:925} INFO - DAG(s) 'example_branch_datetime_operator_3', 'example_branch_datetime_operator', 'example_branch_datetime_operator_2' retrieved from /home/airflow/.local/lib/python3.12/site-packages/airflow/example_dags/example_branch_datetime_operator.py
[2025-02-08T10:52:26.303+0000] {logging_mixin.py:190} INFO - [2025-02-08T10:52:26.302+0000] {dag.py:3239} INFO - Sync 3 DAGs
[2025-02-08T10:52:26.323+0000] {logging_mixin.py:190} INFO - [2025-02-08T10:52:26.323+0000] {dag.py:4180} INFO - Setting next_dagrun for example_branch_datetime_operator to 2025-02-07 00:00:00+00:00, run_after=2025-02-08 00:00:00+00:00
[2025-02-08T10:52:26.328+0000] {logging_mixin.py:190} INFO - [2025-02-08T10:52:26.328+0000] {dag.py:4180} INFO - Setting next_dagrun for example_branch_datetime_operator_2 to 2025-02-07 00:00:00+00:00, run_after=2025-02-08 00:00:00+00:00
[2025-02-08T10:52:26.330+0000] {logging_mixin.py:190} INFO - [2025-02-08T10:52:26.330+0000] {dag.py:4180} INFO - Setting next_dagrun for example_branch_datetime_operator_3 to 2025-02-07 00:00:00+00:00, run_after=2025-02-08 00:00:00+00:00
[2025-02-08T10:52:26.345+0000] {processor.py:208} INFO - Processing /home/airflow/.local/lib/python3.12/site-packages/airflow/example_dags/example_branch_datetime_operator.py took 0.081 seconds
[2025-02-08T10:52:56.544+0000] {processor.py:186} INFO - Started process (PID=1241) to work on /home/airflow/.local/lib/python3.12/site-packages/airflow/example_dags/example_branch_datetime_operator.py
[2025-02-08T10:52:56.545+0000] {processor.py:914} INFO - Processing file /home/airflow/.local/lib/python3.12/site-packages/airflow/example_dags/example_branch_datetime_operator.py for tasks to queue
[2025-02-08T10:52:56.547+0000] {logging_mixin.py:190} INFO - [2025-02-08T10:52:56.547+0000] {dagbag.py:588} INFO - Filling up the DagBag from /home/airflow/.local/lib/python3.12/site-packages/airflow/example_dags/example_branch_datetime_operator.py
[2025-02-08T10:52:56.557+0000] {processor.py:925} INFO - DAG(s) 'example_branch_datetime_operator_3', 'example_branch_datetime_operator', 'example_branch_datetime_operator_2' retrieved from /home/airflow/.local/lib/python3.12/site-packages/airflow/example_dags/example_branch_datetime_operator.py
[2025-02-08T10:52:56.576+0000] {logging_mixin.py:190} INFO - [2025-02-08T10:52:56.576+0000] {dag.py:3239} INFO - Sync 3 DAGs
[2025-02-08T10:52:56.596+0000] {logging_mixin.py:190} INFO - [2025-02-08T10:52:56.596+0000] {dag.py:4180} INFO - Setting next_dagrun for example_branch_datetime_operator to 2025-02-07 00:00:00+00:00, run_after=2025-02-08 00:00:00+00:00
[2025-02-08T10:52:56.600+0000] {logging_mixin.py:190} INFO - [2025-02-08T10:52:56.600+0000] {dag.py:4180} INFO - Setting next_dagrun for example_branch_datetime_operator_2 to 2025-02-07 00:00:00+00:00, run_after=2025-02-08 00:00:00+00:00
[2025-02-08T10:52:56.602+0000] {logging_mixin.py:190} INFO - [2025-02-08T10:52:56.602+0000] {dag.py:4180} INFO - Setting next_dagrun for example_branch_datetime_operator_3 to 2025-02-07 00:00:00+00:00, run_after=2025-02-08 00:00:00+00:00
[2025-02-08T10:52:56.615+0000] {processor.py:208} INFO - Processing /home/airflow/.local/lib/python3.12/site-packages/airflow/example_dags/example_branch_datetime_operator.py took 0.075 seconds
[2025-02-08T10:53:26.688+0000] {processor.py:186} INFO - Started process (PID=1527) to work on /home/airflow/.local/lib/python3.12/site-packages/airflow/example_dags/example_branch_datetime_operator.py
[2025-02-08T10:53:26.689+0000] {processor.py:914} INFO - Processing file /home/airflow/.local/lib/python3.12/site-packages/airflow/example_dags/example_branch_datetime_operator.py for tasks to queue
[2025-02-08T10:53:26.692+0000] {logging_mixin.py:190} INFO - [2025-02-08T10:53:26.691+0000] {dagbag.py:588} INFO - Filling up the DagBag from /home/airflow/.local/lib/python3.12/site-packages/airflow/example_dags/example_branch_datetime_operator.py
[2025-02-08T10:53:26.702+0000] {processor.py:925} INFO - DAG(s) 'example_branch_datetime_operator', 'example_branch_datetime_operator_3', 'example_branch_datetime_operator_2' retrieved from /home/airflow/.local/lib/python3.12/site-packages/airflow/example_dags/example_branch_datetime_operator.py
[2025-02-08T10:53:26.721+0000] {logging_mixin.py:190} INFO - [2025-02-08T10:53:26.720+0000] {dag.py:3239} INFO - Sync 3 DAGs
[2025-02-08T10:53:26.738+0000] {logging_mixin.py:190} INFO - [2025-02-08T10:53:26.738+0000] {dag.py:4180} INFO - Setting next_dagrun for example_branch_datetime_operator to 2025-02-07 00:00:00+00:00, run_after=2025-02-08 00:00:00+00:00
[2025-02-08T10:53:26.742+0000] {logging_mixin.py:190} INFO - [2025-02-08T10:53:26.742+0000] {dag.py:4180} INFO - Setting next_dagrun for example_branch_datetime_operator_2 to 2025-02-07 00:00:00+00:00, run_after=2025-02-08 00:00:00+00:00
[2025-02-08T10:53:26.744+0000] {logging_mixin.py:190} INFO - [2025-02-08T10:53:26.743+0000] {dag.py:4180} INFO - Setting next_dagrun for example_branch_datetime_operator_3 to 2025-02-07 00:00:00+00:00, run_after=2025-02-08 00:00:00+00:00
[2025-02-08T10:53:26.755+0000] {processor.py:208} INFO - Processing /home/airflow/.local/lib/python3.12/site-packages/airflow/example_dags/example_branch_datetime_operator.py took 0.071 seconds
[2025-02-08T10:53:57.025+0000] {processor.py:186} INFO - Started process (PID=1813) to work on /home/airflow/.local/lib/python3.12/site-packages/airflow/example_dags/example_branch_datetime_operator.py
[2025-02-08T10:53:57.026+0000] {processor.py:914} INFO - Processing file /home/airflow/.local/lib/python3.12/site-packages/airflow/example_dags/example_branch_datetime_operator.py for tasks to queue
[2025-02-08T10:53:57.027+0000] {logging_mixin.py:190} INFO - [2025-02-08T10:53:57.027+0000] {dagbag.py:588} INFO - Filling up the DagBag from /home/airflow/.local/lib/python3.12/site-packages/airflow/example_dags/example_branch_datetime_operator.py
[2025-02-08T10:53:57.036+0000] {processor.py:925} INFO - DAG(s) 'example_branch_datetime_operator_3', 'example_branch_datetime_operator', 'example_branch_datetime_operator_2' retrieved from /home/airflow/.local/lib/python3.12/site-packages/airflow/example_dags/example_branch_datetime_operator.py
[2025-02-08T10:53:57.059+0000] {logging_mixin.py:190} INFO - [2025-02-08T10:53:57.059+0000] {dag.py:3239} INFO - Sync 3 DAGs
[2025-02-08T10:53:57.082+0000] {logging_mixin.py:190} INFO - [2025-02-08T10:53:57.081+0000] {dag.py:4180} INFO - Setting next_dagrun for example_branch_datetime_operator to 2025-02-07 00:00:00+00:00, run_after=2025-02-08 00:00:00+00:00
[2025-02-08T10:53:57.086+0000] {logging_mixin.py:190} INFO - [2025-02-08T10:53:57.085+0000] {dag.py:4180} INFO - Setting next_dagrun for example_branch_datetime_operator_2 to 2025-02-07 00:00:00+00:00, run_after=2025-02-08 00:00:00+00:00
[2025-02-08T10:53:57.088+0000] {logging_mixin.py:190} INFO - [2025-02-08T10:53:57.088+0000] {dag.py:4180} INFO - Setting next_dagrun for example_branch_datetime_operator_3 to 2025-02-07 00:00:00+00:00, run_after=2025-02-08 00:00:00+00:00
[2025-02-08T10:53:57.102+0000] {processor.py:208} INFO - Processing /home/airflow/.local/lib/python3.12/site-packages/airflow/example_dags/example_branch_datetime_operator.py took 0.082 seconds
[2025-02-08T10:54:27.227+0000] {processor.py:186} INFO - Started process (PID=2099) to work on /home/airflow/.local/lib/python3.12/site-packages/airflow/example_dags/example_branch_datetime_operator.py
[2025-02-08T10:54:27.228+0000] {processor.py:914} INFO - Processing file /home/airflow/.local/lib/python3.12/site-packages/airflow/example_dags/example_branch_datetime_operator.py for tasks to queue
[2025-02-08T10:54:27.230+0000] {logging_mixin.py:190} INFO - [2025-02-08T10:54:27.230+0000] {dagbag.py:588} INFO - Filling up the DagBag from /home/airflow/.local/lib/python3.12/site-packages/airflow/example_dags/example_branch_datetime_operator.py
[2025-02-08T10:54:27.242+0000] {processor.py:925} INFO - DAG(s) 'example_branch_datetime_operator_2', 'example_branch_datetime_operator', 'example_branch_datetime_operator_3' retrieved from /home/airflow/.local/lib/python3.12/site-packages/airflow/example_dags/example_branch_datetime_operator.py
[2025-02-08T10:54:27.262+0000] {logging_mixin.py:190} INFO - [2025-02-08T10:54:27.262+0000] {dag.py:3239} INFO - Sync 3 DAGs
[2025-02-08T10:54:27.281+0000] {logging_mixin.py:190} INFO - [2025-02-08T10:54:27.281+0000] {dag.py:4180} INFO - Setting next_dagrun for example_branch_datetime_operator to 2025-02-07 00:00:00+00:00, run_after=2025-02-08 00:00:00+00:00
[2025-02-08T10:54:27.285+0000] {logging_mixin.py:190} INFO - [2025-02-08T10:54:27.285+0000] {dag.py:4180} INFO - Setting next_dagrun for example_branch_datetime_operator_2 to 2025-02-07 00:00:00+00:00, run_after=2025-02-08 00:00:00+00:00
[2025-02-08T10:54:27.287+0000] {logging_mixin.py:190} INFO - [2025-02-08T10:54:27.287+0000] {dag.py:4180} INFO - Setting next_dagrun for example_branch_datetime_operator_3 to 2025-02-07 00:00:00+00:00, run_after=2025-02-08 00:00:00+00:00
[2025-02-08T10:54:27.301+0000] {processor.py:208} INFO - Processing /home/airflow/.local/lib/python3.12/site-packages/airflow/example_dags/example_branch_datetime_operator.py took 0.079 seconds
[2025-02-08T10:54:57.694+0000] {processor.py:186} INFO - Started process (PID=2387) to work on /home/airflow/.local/lib/python3.12/site-packages/airflow/example_dags/example_branch_datetime_operator.py
[2025-02-08T10:54:57.695+0000] {processor.py:914} INFO - Processing file /home/airflow/.local/lib/python3.12/site-packages/airflow/example_dags/example_branch_datetime_operator.py for tasks to queue
[2025-02-08T10:54:57.697+0000] {logging_mixin.py:190} INFO - [2025-02-08T10:54:57.696+0000] {dagbag.py:588} INFO - Filling up the DagBag from /home/airflow/.local/lib/python3.12/site-packages/airflow/example_dags/example_branch_datetime_operator.py
[2025-02-08T10:54:57.705+0000] {processor.py:925} INFO - DAG(s) 'example_branch_datetime_operator', 'example_branch_datetime_operator_3', 'example_branch_datetime_operator_2' retrieved from /home/airflow/.local/lib/python3.12/site-packages/airflow/example_dags/example_branch_datetime_operator.py
[2025-02-08T10:54:57.724+0000] {logging_mixin.py:190} INFO - [2025-02-08T10:54:57.724+0000] {dag.py:3239} INFO - Sync 3 DAGs
[2025-02-08T10:54:57.741+0000] {logging_mixin.py:190} INFO - [2025-02-08T10:54:57.741+0000] {dag.py:4180} INFO - Setting next_dagrun for example_branch_datetime_operator to 2025-02-07 00:00:00+00:00, run_after=2025-02-08 00:00:00+00:00
[2025-02-08T10:54:57.745+0000] {logging_mixin.py:190} INFO - [2025-02-08T10:54:57.745+0000] {dag.py:4180} INFO - Setting next_dagrun for example_branch_datetime_operator_2 to 2025-02-07 00:00:00+00:00, run_after=2025-02-08 00:00:00+00:00
[2025-02-08T10:54:57.747+0000] {logging_mixin.py:190} INFO - [2025-02-08T10:54:57.747+0000] {dag.py:4180} INFO - Setting next_dagrun for example_branch_datetime_operator_3 to 2025-02-07 00:00:00+00:00, run_after=2025-02-08 00:00:00+00:00
[2025-02-08T10:54:57.761+0000] {processor.py:208} INFO - Processing /home/airflow/.local/lib/python3.12/site-packages/airflow/example_dags/example_branch_datetime_operator.py took 0.072 seconds
[2025-02-08T10:55:27.848+0000] {processor.py:186} INFO - Started process (PID=2671) to work on /home/airflow/.local/lib/python3.12/site-packages/airflow/example_dags/example_branch_datetime_operator.py
[2025-02-08T10:55:27.849+0000] {processor.py:914} INFO - Processing file /home/airflow/.local/lib/python3.12/site-packages/airflow/example_dags/example_branch_datetime_operator.py for tasks to queue
[2025-02-08T10:55:27.850+0000] {logging_mixin.py:190} INFO - [2025-02-08T10:55:27.850+0000] {dagbag.py:588} INFO - Filling up the DagBag from /home/airflow/.local/lib/python3.12/site-packages/airflow/example_dags/example_branch_datetime_operator.py
[2025-02-08T10:55:27.860+0000] {processor.py:925} INFO - DAG(s) 'example_branch_datetime_operator_3', 'example_branch_datetime_operator_2', 'example_branch_datetime_operator' retrieved from /home/airflow/.local/lib/python3.12/site-packages/airflow/example_dags/example_branch_datetime_operator.py
[2025-02-08T10:55:27.880+0000] {logging_mixin.py:190} INFO - [2025-02-08T10:55:27.880+0000] {dag.py:3239} INFO - Sync 3 DAGs
[2025-02-08T10:55:27.898+0000] {logging_mixin.py:190} INFO - [2025-02-08T10:55:27.898+0000] {dag.py:4180} INFO - Setting next_dagrun for example_branch_datetime_operator to 2025-02-07 00:00:00+00:00, run_after=2025-02-08 00:00:00+00:00
[2025-02-08T10:55:27.903+0000] {logging_mixin.py:190} INFO - [2025-02-08T10:55:27.902+0000] {dag.py:4180} INFO - Setting next_dagrun for example_branch_datetime_operator_2 to 2025-02-07 00:00:00+00:00, run_after=2025-02-08 00:00:00+00:00
[2025-02-08T10:55:27.905+0000] {logging_mixin.py:190} INFO - [2025-02-08T10:55:27.905+0000] {dag.py:4180} INFO - Setting next_dagrun for example_branch_datetime_operator_3 to 2025-02-07 00:00:00+00:00, run_after=2025-02-08 00:00:00+00:00
[2025-02-08T10:55:27.919+0000] {processor.py:208} INFO - Processing /home/airflow/.local/lib/python3.12/site-packages/airflow/example_dags/example_branch_datetime_operator.py took 0.076 seconds
[2025-02-08T10:55:57.997+0000] {processor.py:186} INFO - Started process (PID=2957) to work on /home/airflow/.local/lib/python3.12/site-packages/airflow/example_dags/example_branch_datetime_operator.py
[2025-02-08T10:55:57.998+0000] {processor.py:914} INFO - Processing file /home/airflow/.local/lib/python3.12/site-packages/airflow/example_dags/example_branch_datetime_operator.py for tasks to queue
[2025-02-08T10:55:57.999+0000] {logging_mixin.py:190} INFO - [2025-02-08T10:55:57.999+0000] {dagbag.py:588} INFO - Filling up the DagBag from /home/airflow/.local/lib/python3.12/site-packages/airflow/example_dags/example_branch_datetime_operator.py
[2025-02-08T10:55:58.009+0000] {processor.py:925} INFO - DAG(s) 'example_branch_datetime_operator', 'example_branch_datetime_operator_3', 'example_branch_datetime_operator_2' retrieved from /home/airflow/.local/lib/python3.12/site-packages/airflow/example_dags/example_branch_datetime_operator.py
[2025-02-08T10:55:58.029+0000] {logging_mixin.py:190} INFO - [2025-02-08T10:55:58.028+0000] {dag.py:3239} INFO - Sync 3 DAGs
[2025-02-08T10:55:58.050+0000] {logging_mixin.py:190} INFO - [2025-02-08T10:55:58.049+0000] {dag.py:4180} INFO - Setting next_dagrun for example_branch_datetime_operator to 2025-02-07 00:00:00+00:00, run_after=2025-02-08 00:00:00+00:00
[2025-02-08T10:55:58.054+0000] {logging_mixin.py:190} INFO - [2025-02-08T10:55:58.053+0000] {dag.py:4180} INFO - Setting next_dagrun for example_branch_datetime_operator_2 to 2025-02-07 00:00:00+00:00, run_after=2025-02-08 00:00:00+00:00
[2025-02-08T10:55:58.056+0000] {logging_mixin.py:190} INFO - [2025-02-08T10:55:58.056+0000] {dag.py:4180} INFO - Setting next_dagrun for example_branch_datetime_operator_3 to 2025-02-07 00:00:00+00:00, run_after=2025-02-08 00:00:00+00:00
[2025-02-08T10:55:58.070+0000] {processor.py:208} INFO - Processing /home/airflow/.local/lib/python3.12/site-packages/airflow/example_dags/example_branch_datetime_operator.py took 0.077 seconds
[2025-02-08T10:56:28.249+0000] {processor.py:186} INFO - Started process (PID=3243) to work on /home/airflow/.local/lib/python3.12/site-packages/airflow/example_dags/example_branch_datetime_operator.py
[2025-02-08T10:56:28.250+0000] {processor.py:914} INFO - Processing file /home/airflow/.local/lib/python3.12/site-packages/airflow/example_dags/example_branch_datetime_operator.py for tasks to queue
[2025-02-08T10:56:28.252+0000] {logging_mixin.py:190} INFO - [2025-02-08T10:56:28.252+0000] {dagbag.py:588} INFO - Filling up the DagBag from /home/airflow/.local/lib/python3.12/site-packages/airflow/example_dags/example_branch_datetime_operator.py
[2025-02-08T10:56:28.263+0000] {processor.py:925} INFO - DAG(s) 'example_branch_datetime_operator_2', 'example_branch_datetime_operator', 'example_branch_datetime_operator_3' retrieved from /home/airflow/.local/lib/python3.12/site-packages/airflow/example_dags/example_branch_datetime_operator.py
[2025-02-08T10:56:28.285+0000] {logging_mixin.py:190} INFO - [2025-02-08T10:56:28.285+0000] {dag.py:3239} INFO - Sync 3 DAGs
[2025-02-08T10:56:28.308+0000] {logging_mixin.py:190} INFO - [2025-02-08T10:56:28.308+0000] {dag.py:4180} INFO - Setting next_dagrun for example_branch_datetime_operator to 2025-02-07 00:00:00+00:00, run_after=2025-02-08 00:00:00+00:00
[2025-02-08T10:56:28.312+0000] {logging_mixin.py:190} INFO - [2025-02-08T10:56:28.312+0000] {dag.py:4180} INFO - Setting next_dagrun for example_branch_datetime_operator_2 to 2025-02-07 00:00:00+00:00, run_after=2025-02-08 00:00:00+00:00
[2025-02-08T10:56:28.314+0000] {logging_mixin.py:190} INFO - [2025-02-08T10:56:28.314+0000] {dag.py:4180} INFO - Setting next_dagrun for example_branch_datetime_operator_3 to 2025-02-07 00:00:00+00:00, run_after=2025-02-08 00:00:00+00:00
[2025-02-08T10:56:28.330+0000] {processor.py:208} INFO - Processing /home/airflow/.local/lib/python3.12/site-packages/airflow/example_dags/example_branch_datetime_operator.py took 0.086 seconds
[2025-02-08T10:56:58.574+0000] {processor.py:186} INFO - Started process (PID=3529) to work on /home/airflow/.local/lib/python3.12/site-packages/airflow/example_dags/example_branch_datetime_operator.py
[2025-02-08T10:56:58.575+0000] {processor.py:914} INFO - Processing file /home/airflow/.local/lib/python3.12/site-packages/airflow/example_dags/example_branch_datetime_operator.py for tasks to queue
[2025-02-08T10:56:58.577+0000] {logging_mixin.py:190} INFO - [2025-02-08T10:56:58.577+0000] {dagbag.py:588} INFO - Filling up the DagBag from /home/airflow/.local/lib/python3.12/site-packages/airflow/example_dags/example_branch_datetime_operator.py
[2025-02-08T10:56:58.586+0000] {processor.py:925} INFO - DAG(s) 'example_branch_datetime_operator_2', 'example_branch_datetime_operator', 'example_branch_datetime_operator_3' retrieved from /home/airflow/.local/lib/python3.12/site-packages/airflow/example_dags/example_branch_datetime_operator.py
[2025-02-08T10:56:58.610+0000] {logging_mixin.py:190} INFO - [2025-02-08T10:56:58.610+0000] {dag.py:3239} INFO - Sync 3 DAGs
[2025-02-08T10:56:58.632+0000] {logging_mixin.py:190} INFO - [2025-02-08T10:56:58.631+0000] {dag.py:4180} INFO - Setting next_dagrun for example_branch_datetime_operator to 2025-02-07 00:00:00+00:00, run_after=2025-02-08 00:00:00+00:00
[2025-02-08T10:56:58.636+0000] {logging_mixin.py:190} INFO - [2025-02-08T10:56:58.636+0000] {dag.py:4180} INFO - Setting next_dagrun for example_branch_datetime_operator_2 to 2025-02-07 00:00:00+00:00, run_after=2025-02-08 00:00:00+00:00
[2025-02-08T10:56:58.639+0000] {logging_mixin.py:190} INFO - [2025-02-08T10:56:58.638+0000] {dag.py:4180} INFO - Setting next_dagrun for example_branch_datetime_operator_3 to 2025-02-07 00:00:00+00:00, run_after=2025-02-08 00:00:00+00:00
[2025-02-08T10:56:58.655+0000] {processor.py:208} INFO - Processing /home/airflow/.local/lib/python3.12/site-packages/airflow/example_dags/example_branch_datetime_operator.py took 0.086 seconds
[2025-02-08T10:57:28.994+0000] {processor.py:186} INFO - Started process (PID=3815) to work on /home/airflow/.local/lib/python3.12/site-packages/airflow/example_dags/example_branch_datetime_operator.py
[2025-02-08T10:57:28.994+0000] {processor.py:914} INFO - Processing file /home/airflow/.local/lib/python3.12/site-packages/airflow/example_dags/example_branch_datetime_operator.py for tasks to queue
[2025-02-08T10:57:28.996+0000] {logging_mixin.py:190} INFO - [2025-02-08T10:57:28.996+0000] {dagbag.py:588} INFO - Filling up the DagBag from /home/airflow/.local/lib/python3.12/site-packages/airflow/example_dags/example_branch_datetime_operator.py
[2025-02-08T10:57:29.008+0000] {processor.py:925} INFO - DAG(s) 'example_branch_datetime_operator_2', 'example_branch_datetime_operator', 'example_branch_datetime_operator_3' retrieved from /home/airflow/.local/lib/python3.12/site-packages/airflow/example_dags/example_branch_datetime_operator.py
[2025-02-08T10:57:29.031+0000] {logging_mixin.py:190} INFO - [2025-02-08T10:57:29.030+0000] {dag.py:3239} INFO - Sync 3 DAGs
[2025-02-08T10:57:29.053+0000] {logging_mixin.py:190} INFO - [2025-02-08T10:57:29.053+0000] {dag.py:4180} INFO - Setting next_dagrun for example_branch_datetime_operator to 2025-02-07 00:00:00+00:00, run_after=2025-02-08 00:00:00+00:00
[2025-02-08T10:57:29.059+0000] {logging_mixin.py:190} INFO - [2025-02-08T10:57:29.058+0000] {dag.py:4180} INFO - Setting next_dagrun for example_branch_datetime_operator_2 to 2025-02-07 00:00:00+00:00, run_after=2025-02-08 00:00:00+00:00
[2025-02-08T10:57:29.062+0000] {logging_mixin.py:190} INFO - [2025-02-08T10:57:29.062+0000] {dag.py:4180} INFO - Setting next_dagrun for example_branch_datetime_operator_3 to 2025-02-07 00:00:00+00:00, run_after=2025-02-08 00:00:00+00:00
[2025-02-08T10:57:29.080+0000] {processor.py:208} INFO - Processing /home/airflow/.local/lib/python3.12/site-packages/airflow/example_dags/example_branch_datetime_operator.py took 0.092 seconds
[2025-02-08T10:57:59.207+0000] {processor.py:186} INFO - Started process (PID=4101) to work on /home/airflow/.local/lib/python3.12/site-packages/airflow/example_dags/example_branch_datetime_operator.py
[2025-02-08T10:57:59.207+0000] {processor.py:914} INFO - Processing file /home/airflow/.local/lib/python3.12/site-packages/airflow/example_dags/example_branch_datetime_operator.py for tasks to queue
[2025-02-08T10:57:59.209+0000] {logging_mixin.py:190} INFO - [2025-02-08T10:57:59.209+0000] {dagbag.py:588} INFO - Filling up the DagBag from /home/airflow/.local/lib/python3.12/site-packages/airflow/example_dags/example_branch_datetime_operator.py
[2025-02-08T10:57:59.220+0000] {processor.py:925} INFO - DAG(s) 'example_branch_datetime_operator_2', 'example_branch_datetime_operator', 'example_branch_datetime_operator_3' retrieved from /home/airflow/.local/lib/python3.12/site-packages/airflow/example_dags/example_branch_datetime_operator.py
[2025-02-08T10:57:59.242+0000] {logging_mixin.py:190} INFO - [2025-02-08T10:57:59.242+0000] {dag.py:3239} INFO - Sync 3 DAGs
[2025-02-08T10:57:59.262+0000] {logging_mixin.py:190} INFO - [2025-02-08T10:57:59.262+0000] {dag.py:4180} INFO - Setting next_dagrun for example_branch_datetime_operator to 2025-02-07 00:00:00+00:00, run_after=2025-02-08 00:00:00+00:00
[2025-02-08T10:57:59.266+0000] {logging_mixin.py:190} INFO - [2025-02-08T10:57:59.266+0000] {dag.py:4180} INFO - Setting next_dagrun for example_branch_datetime_operator_2 to 2025-02-07 00:00:00+00:00, run_after=2025-02-08 00:00:00+00:00
[2025-02-08T10:57:59.268+0000] {logging_mixin.py:190} INFO - [2025-02-08T10:57:59.268+0000] {dag.py:4180} INFO - Setting next_dagrun for example_branch_datetime_operator_3 to 2025-02-07 00:00:00+00:00, run_after=2025-02-08 00:00:00+00:00
[2025-02-08T10:57:59.280+0000] {processor.py:208} INFO - Processing /home/airflow/.local/lib/python3.12/site-packages/airflow/example_dags/example_branch_datetime_operator.py took 0.078 seconds
[2025-02-08T10:58:29.794+0000] {processor.py:186} INFO - Started process (PID=4399) to work on /home/airflow/.local/lib/python3.12/site-packages/airflow/example_dags/example_branch_datetime_operator.py
[2025-02-08T10:58:29.795+0000] {processor.py:914} INFO - Processing file /home/airflow/.local/lib/python3.12/site-packages/airflow/example_dags/example_branch_datetime_operator.py for tasks to queue
[2025-02-08T10:58:29.797+0000] {logging_mixin.py:190} INFO - [2025-02-08T10:58:29.797+0000] {dagbag.py:588} INFO - Filling up the DagBag from /home/airflow/.local/lib/python3.12/site-packages/airflow/example_dags/example_branch_datetime_operator.py
[2025-02-08T10:58:29.806+0000] {processor.py:925} INFO - DAG(s) 'example_branch_datetime_operator', 'example_branch_datetime_operator_3', 'example_branch_datetime_operator_2' retrieved from /home/airflow/.local/lib/python3.12/site-packages/airflow/example_dags/example_branch_datetime_operator.py
[2025-02-08T10:58:29.826+0000] {logging_mixin.py:190} INFO - [2025-02-08T10:58:29.826+0000] {dag.py:3239} INFO - Sync 3 DAGs
[2025-02-08T10:58:29.847+0000] {logging_mixin.py:190} INFO - [2025-02-08T10:58:29.847+0000] {dag.py:4180} INFO - Setting next_dagrun for example_branch_datetime_operator to 2025-02-07 00:00:00+00:00, run_after=2025-02-08 00:00:00+00:00
[2025-02-08T10:58:29.851+0000] {logging_mixin.py:190} INFO - [2025-02-08T10:58:29.851+0000] {dag.py:4180} INFO - Setting next_dagrun for example_branch_datetime_operator_2 to 2025-02-07 00:00:00+00:00, run_after=2025-02-08 00:00:00+00:00
[2025-02-08T10:58:29.854+0000] {logging_mixin.py:190} INFO - [2025-02-08T10:58:29.854+0000] {dag.py:4180} INFO - Setting next_dagrun for example_branch_datetime_operator_3 to 2025-02-07 00:00:00+00:00, run_after=2025-02-08 00:00:00+00:00
[2025-02-08T10:58:29.869+0000] {processor.py:208} INFO - Processing /home/airflow/.local/lib/python3.12/site-packages/airflow/example_dags/example_branch_datetime_operator.py took 0.079 seconds
[2025-02-08T10:58:59.913+0000] {processor.py:186} INFO - Started process (PID=4877) to work on /home/airflow/.local/lib/python3.12/site-packages/airflow/example_dags/example_branch_datetime_operator.py
[2025-02-08T10:58:59.913+0000] {processor.py:914} INFO - Processing file /home/airflow/.local/lib/python3.12/site-packages/airflow/example_dags/example_branch_datetime_operator.py for tasks to queue
[2025-02-08T10:58:59.915+0000] {logging_mixin.py:190} INFO - [2025-02-08T10:58:59.915+0000] {dagbag.py:588} INFO - Filling up the DagBag from /home/airflow/.local/lib/python3.12/site-packages/airflow/example_dags/example_branch_datetime_operator.py
[2025-02-08T10:58:59.924+0000] {processor.py:925} INFO - DAG(s) 'example_branch_datetime_operator_2', 'example_branch_datetime_operator', 'example_branch_datetime_operator_3' retrieved from /home/airflow/.local/lib/python3.12/site-packages/airflow/example_dags/example_branch_datetime_operator.py
[2025-02-08T10:58:59.942+0000] {logging_mixin.py:190} INFO - [2025-02-08T10:58:59.942+0000] {dag.py:3239} INFO - Sync 3 DAGs
[2025-02-08T10:58:59.964+0000] {logging_mixin.py:190} INFO - [2025-02-08T10:58:59.963+0000] {dag.py:4180} INFO - Setting next_dagrun for example_branch_datetime_operator to 2025-02-07 00:00:00+00:00, run_after=2025-02-08 00:00:00+00:00
[2025-02-08T10:58:59.967+0000] {logging_mixin.py:190} INFO - [2025-02-08T10:58:59.967+0000] {dag.py:4180} INFO - Setting next_dagrun for example_branch_datetime_operator_2 to 2025-02-07 00:00:00+00:00, run_after=2025-02-08 00:00:00+00:00
[2025-02-08T10:58:59.969+0000] {logging_mixin.py:190} INFO - [2025-02-08T10:58:59.969+0000] {dag.py:4180} INFO - Setting next_dagrun for example_branch_datetime_operator_3 to 2025-02-07 00:00:00+00:00, run_after=2025-02-08 00:00:00+00:00
[2025-02-08T10:58:59.983+0000] {processor.py:208} INFO - Processing /home/airflow/.local/lib/python3.12/site-packages/airflow/example_dags/example_branch_datetime_operator.py took 0.075 seconds
[2025-02-08T11:02:00.536+0000] {processor.py:186} INFO - Started process (PID=383) to work on /home/airflow/.local/lib/python3.12/site-packages/airflow/example_dags/example_branch_datetime_operator.py
[2025-02-08T11:02:00.537+0000] {processor.py:914} INFO - Processing file /home/airflow/.local/lib/python3.12/site-packages/airflow/example_dags/example_branch_datetime_operator.py for tasks to queue
[2025-02-08T11:02:00.539+0000] {logging_mixin.py:190} INFO - [2025-02-08T11:02:00.539+0000] {dagbag.py:588} INFO - Filling up the DagBag from /home/airflow/.local/lib/python3.12/site-packages/airflow/example_dags/example_branch_datetime_operator.py
[2025-02-08T11:02:00.551+0000] {processor.py:925} INFO - DAG(s) 'example_branch_datetime_operator_3', 'example_branch_datetime_operator_2', 'example_branch_datetime_operator' retrieved from /home/airflow/.local/lib/python3.12/site-packages/airflow/example_dags/example_branch_datetime_operator.py
[2025-02-08T11:02:00.640+0000] {logging_mixin.py:190} INFO - [2025-02-08T11:02:00.639+0000] {override.py:1900} INFO - Created Permission View: can read on DAG:example_branch_datetime_operator_3
[2025-02-08T11:02:00.649+0000] {logging_mixin.py:190} INFO - [2025-02-08T11:02:00.649+0000] {override.py:1900} INFO - Created Permission View: can delete on DAG:example_branch_datetime_operator_3
[2025-02-08T11:02:00.655+0000] {logging_mixin.py:190} INFO - [2025-02-08T11:02:00.655+0000] {override.py:1900} INFO - Created Permission View: can edit on DAG:example_branch_datetime_operator_3
[2025-02-08T11:02:00.661+0000] {logging_mixin.py:190} INFO - [2025-02-08T11:02:00.661+0000] {override.py:1900} INFO - Created Permission View: menu access on DAG Run:example_branch_datetime_operator_3
[2025-02-08T11:02:00.667+0000] {logging_mixin.py:190} INFO - [2025-02-08T11:02:00.666+0000] {override.py:1900} INFO - Created Permission View: can read on DAG Run:example_branch_datetime_operator_3
[2025-02-08T11:02:00.672+0000] {logging_mixin.py:190} INFO - [2025-02-08T11:02:00.672+0000] {override.py:1900} INFO - Created Permission View: can create on DAG Run:example_branch_datetime_operator_3
[2025-02-08T11:02:00.678+0000] {logging_mixin.py:190} INFO - [2025-02-08T11:02:00.678+0000] {override.py:1900} INFO - Created Permission View: can delete on DAG Run:example_branch_datetime_operator_3
[2025-02-08T11:02:00.688+0000] {logging_mixin.py:190} INFO - [2025-02-08T11:02:00.688+0000] {override.py:1900} INFO - Created Permission View: can read on DAG:example_branch_datetime_operator_2
[2025-02-08T11:02:00.693+0000] {logging_mixin.py:190} INFO - [2025-02-08T11:02:00.693+0000] {override.py:1900} INFO - Created Permission View: can delete on DAG:example_branch_datetime_operator_2
[2025-02-08T11:02:00.698+0000] {logging_mixin.py:190} INFO - [2025-02-08T11:02:00.698+0000] {override.py:1900} INFO - Created Permission View: can edit on DAG:example_branch_datetime_operator_2
[2025-02-08T11:02:00.704+0000] {logging_mixin.py:190} INFO - [2025-02-08T11:02:00.704+0000] {override.py:1900} INFO - Created Permission View: menu access on DAG Run:example_branch_datetime_operator_2
[2025-02-08T11:02:00.710+0000] {logging_mixin.py:190} INFO - [2025-02-08T11:02:00.709+0000] {override.py:1900} INFO - Created Permission View: can read on DAG Run:example_branch_datetime_operator_2
[2025-02-08T11:02:00.714+0000] {logging_mixin.py:190} INFO - [2025-02-08T11:02:00.714+0000] {override.py:1900} INFO - Created Permission View: can create on DAG Run:example_branch_datetime_operator_2
[2025-02-08T11:02:00.720+0000] {logging_mixin.py:190} INFO - [2025-02-08T11:02:00.720+0000] {override.py:1900} INFO - Created Permission View: can delete on DAG Run:example_branch_datetime_operator_2
[2025-02-08T11:02:00.729+0000] {logging_mixin.py:190} INFO - [2025-02-08T11:02:00.729+0000] {override.py:1900} INFO - Created Permission View: can read on DAG:example_branch_datetime_operator
[2025-02-08T11:02:00.734+0000] {logging_mixin.py:190} INFO - [2025-02-08T11:02:00.734+0000] {override.py:1900} INFO - Created Permission View: can delete on DAG:example_branch_datetime_operator
[2025-02-08T11:02:00.739+0000] {logging_mixin.py:190} INFO - [2025-02-08T11:02:00.739+0000] {override.py:1900} INFO - Created Permission View: can edit on DAG:example_branch_datetime_operator
[2025-02-08T11:02:00.746+0000] {logging_mixin.py:190} INFO - [2025-02-08T11:02:00.746+0000] {override.py:1900} INFO - Created Permission View: menu access on DAG Run:example_branch_datetime_operator
[2025-02-08T11:02:00.750+0000] {logging_mixin.py:190} INFO - [2025-02-08T11:02:00.750+0000] {override.py:1900} INFO - Created Permission View: can read on DAG Run:example_branch_datetime_operator
[2025-02-08T11:02:00.756+0000] {logging_mixin.py:190} INFO - [2025-02-08T11:02:00.756+0000] {override.py:1900} INFO - Created Permission View: can create on DAG Run:example_branch_datetime_operator
[2025-02-08T11:02:00.762+0000] {logging_mixin.py:190} INFO - [2025-02-08T11:02:00.762+0000] {override.py:1900} INFO - Created Permission View: can delete on DAG Run:example_branch_datetime_operator
[2025-02-08T11:02:00.763+0000] {logging_mixin.py:190} INFO - [2025-02-08T11:02:00.763+0000] {dag.py:3239} INFO - Sync 3 DAGs
[2025-02-08T11:02:00.772+0000] {logging_mixin.py:190} INFO - [2025-02-08T11:02:00.772+0000] {dag.py:3262} INFO - Creating ORM DAG for example_branch_datetime_operator_3
[2025-02-08T11:02:00.773+0000] {logging_mixin.py:190} INFO - [2025-02-08T11:02:00.773+0000] {dag.py:3262} INFO - Creating ORM DAG for example_branch_datetime_operator_2
[2025-02-08T11:02:00.774+0000] {logging_mixin.py:190} INFO - [2025-02-08T11:02:00.773+0000] {dag.py:3262} INFO - Creating ORM DAG for example_branch_datetime_operator
[2025-02-08T11:02:00.782+0000] {logging_mixin.py:190} INFO - [2025-02-08T11:02:00.781+0000] {dag.py:4180} INFO - Setting next_dagrun for example_branch_datetime_operator to 2025-02-07 00:00:00+00:00, run_after=2025-02-08 00:00:00+00:00
[2025-02-08T11:02:00.784+0000] {logging_mixin.py:190} INFO - [2025-02-08T11:02:00.783+0000] {dag.py:4180} INFO - Setting next_dagrun for example_branch_datetime_operator_2 to 2025-02-07 00:00:00+00:00, run_after=2025-02-08 00:00:00+00:00
[2025-02-08T11:02:00.785+0000] {logging_mixin.py:190} INFO - [2025-02-08T11:02:00.785+0000] {dag.py:4180} INFO - Setting next_dagrun for example_branch_datetime_operator_3 to 2025-02-07 00:00:00+00:00, run_after=2025-02-08 00:00:00+00:00
[2025-02-08T11:02:00.801+0000] {processor.py:208} INFO - Processing /home/airflow/.local/lib/python3.12/site-packages/airflow/example_dags/example_branch_datetime_operator.py took 0.270 seconds
[2025-02-08T11:02:31.435+0000] {processor.py:186} INFO - Started process (PID=669) to work on /home/airflow/.local/lib/python3.12/site-packages/airflow/example_dags/example_branch_datetime_operator.py
[2025-02-08T11:02:31.436+0000] {processor.py:914} INFO - Processing file /home/airflow/.local/lib/python3.12/site-packages/airflow/example_dags/example_branch_datetime_operator.py for tasks to queue
[2025-02-08T11:02:31.438+0000] {logging_mixin.py:190} INFO - [2025-02-08T11:02:31.438+0000] {dagbag.py:588} INFO - Filling up the DagBag from /home/airflow/.local/lib/python3.12/site-packages/airflow/example_dags/example_branch_datetime_operator.py
[2025-02-08T11:02:31.446+0000] {processor.py:925} INFO - DAG(s) 'example_branch_datetime_operator_2', 'example_branch_datetime_operator', 'example_branch_datetime_operator_3' retrieved from /home/airflow/.local/lib/python3.12/site-packages/airflow/example_dags/example_branch_datetime_operator.py
[2025-02-08T11:02:31.465+0000] {logging_mixin.py:190} INFO - [2025-02-08T11:02:31.465+0000] {dag.py:3239} INFO - Sync 3 DAGs
[2025-02-08T11:02:31.483+0000] {logging_mixin.py:190} INFO - [2025-02-08T11:02:31.482+0000] {dag.py:4180} INFO - Setting next_dagrun for example_branch_datetime_operator to 2025-02-07 00:00:00+00:00, run_after=2025-02-08 00:00:00+00:00
[2025-02-08T11:02:31.486+0000] {logging_mixin.py:190} INFO - [2025-02-08T11:02:31.486+0000] {dag.py:4180} INFO - Setting next_dagrun for example_branch_datetime_operator_2 to 2025-02-07 00:00:00+00:00, run_after=2025-02-08 00:00:00+00:00
[2025-02-08T11:02:31.488+0000] {logging_mixin.py:190} INFO - [2025-02-08T11:02:31.488+0000] {dag.py:4180} INFO - Setting next_dagrun for example_branch_datetime_operator_3 to 2025-02-07 00:00:00+00:00, run_after=2025-02-08 00:00:00+00:00
[2025-02-08T11:02:31.512+0000] {processor.py:208} INFO - Processing /home/airflow/.local/lib/python3.12/site-packages/airflow/example_dags/example_branch_datetime_operator.py took 0.082 seconds
[2025-02-08T11:03:39.480+0000] {processor.py:186} INFO - Started process (PID=383) to work on /home/airflow/.local/lib/python3.12/site-packages/airflow/example_dags/example_branch_datetime_operator.py
[2025-02-08T11:03:39.481+0000] {processor.py:914} INFO - Processing file /home/airflow/.local/lib/python3.12/site-packages/airflow/example_dags/example_branch_datetime_operator.py for tasks to queue
[2025-02-08T11:03:39.483+0000] {logging_mixin.py:190} INFO - [2025-02-08T11:03:39.482+0000] {dagbag.py:588} INFO - Filling up the DagBag from /home/airflow/.local/lib/python3.12/site-packages/airflow/example_dags/example_branch_datetime_operator.py
[2025-02-08T11:03:39.493+0000] {processor.py:925} INFO - DAG(s) 'example_branch_datetime_operator_3', 'example_branch_datetime_operator', 'example_branch_datetime_operator_2' retrieved from /home/airflow/.local/lib/python3.12/site-packages/airflow/example_dags/example_branch_datetime_operator.py
[2025-02-08T11:03:39.515+0000] {logging_mixin.py:190} INFO - [2025-02-08T11:03:39.515+0000] {dag.py:3239} INFO - Sync 3 DAGs
[2025-02-08T11:03:39.536+0000] {logging_mixin.py:190} INFO - [2025-02-08T11:03:39.536+0000] {dag.py:4180} INFO - Setting next_dagrun for example_branch_datetime_operator to 2025-02-07 00:00:00+00:00, run_after=2025-02-08 00:00:00+00:00
[2025-02-08T11:03:39.540+0000] {logging_mixin.py:190} INFO - [2025-02-08T11:03:39.540+0000] {dag.py:4180} INFO - Setting next_dagrun for example_branch_datetime_operator_2 to 2025-02-07 00:00:00+00:00, run_after=2025-02-08 00:00:00+00:00
[2025-02-08T11:03:39.542+0000] {logging_mixin.py:190} INFO - [2025-02-08T11:03:39.542+0000] {dag.py:4180} INFO - Setting next_dagrun for example_branch_datetime_operator_3 to 2025-02-07 00:00:00+00:00, run_after=2025-02-08 00:00:00+00:00
[2025-02-08T11:03:39.558+0000] {processor.py:208} INFO - Processing /home/airflow/.local/lib/python3.12/site-packages/airflow/example_dags/example_branch_datetime_operator.py took 0.083 seconds
[2025-02-08T11:04:09.743+0000] {processor.py:186} INFO - Started process (PID=669) to work on /home/airflow/.local/lib/python3.12/site-packages/airflow/example_dags/example_branch_datetime_operator.py
[2025-02-08T11:04:09.744+0000] {processor.py:914} INFO - Processing file /home/airflow/.local/lib/python3.12/site-packages/airflow/example_dags/example_branch_datetime_operator.py for tasks to queue
[2025-02-08T11:04:09.747+0000] {logging_mixin.py:190} INFO - [2025-02-08T11:04:09.747+0000] {dagbag.py:588} INFO - Filling up the DagBag from /home/airflow/.local/lib/python3.12/site-packages/airflow/example_dags/example_branch_datetime_operator.py
[2025-02-08T11:04:09.756+0000] {processor.py:925} INFO - DAG(s) 'example_branch_datetime_operator_3', 'example_branch_datetime_operator', 'example_branch_datetime_operator_2' retrieved from /home/airflow/.local/lib/python3.12/site-packages/airflow/example_dags/example_branch_datetime_operator.py
[2025-02-08T11:04:09.777+0000] {logging_mixin.py:190} INFO - [2025-02-08T11:04:09.777+0000] {dag.py:3239} INFO - Sync 3 DAGs
[2025-02-08T11:04:09.796+0000] {logging_mixin.py:190} INFO - [2025-02-08T11:04:09.796+0000] {dag.py:4180} INFO - Setting next_dagrun for example_branch_datetime_operator to 2025-02-07 00:00:00+00:00, run_after=2025-02-08 00:00:00+00:00
[2025-02-08T11:04:09.800+0000] {logging_mixin.py:190} INFO - [2025-02-08T11:04:09.800+0000] {dag.py:4180} INFO - Setting next_dagrun for example_branch_datetime_operator_2 to 2025-02-07 00:00:00+00:00, run_after=2025-02-08 00:00:00+00:00
[2025-02-08T11:04:09.802+0000] {logging_mixin.py:190} INFO - [2025-02-08T11:04:09.802+0000] {dag.py:4180} INFO - Setting next_dagrun for example_branch_datetime_operator_3 to 2025-02-07 00:00:00+00:00, run_after=2025-02-08 00:00:00+00:00
[2025-02-08T11:04:09.814+0000] {processor.py:208} INFO - Processing /home/airflow/.local/lib/python3.12/site-packages/airflow/example_dags/example_branch_datetime_operator.py took 0.075 seconds
[2025-02-08T11:04:40.073+0000] {processor.py:186} INFO - Started process (PID=955) to work on /home/airflow/.local/lib/python3.12/site-packages/airflow/example_dags/example_branch_datetime_operator.py
[2025-02-08T11:04:40.073+0000] {processor.py:914} INFO - Processing file /home/airflow/.local/lib/python3.12/site-packages/airflow/example_dags/example_branch_datetime_operator.py for tasks to queue
[2025-02-08T11:04:40.075+0000] {logging_mixin.py:190} INFO - [2025-02-08T11:04:40.075+0000] {dagbag.py:588} INFO - Filling up the DagBag from /home/airflow/.local/lib/python3.12/site-packages/airflow/example_dags/example_branch_datetime_operator.py
[2025-02-08T11:04:40.086+0000] {processor.py:925} INFO - DAG(s) 'example_branch_datetime_operator', 'example_branch_datetime_operator_3', 'example_branch_datetime_operator_2' retrieved from /home/airflow/.local/lib/python3.12/site-packages/airflow/example_dags/example_branch_datetime_operator.py
[2025-02-08T11:04:40.106+0000] {logging_mixin.py:190} INFO - [2025-02-08T11:04:40.106+0000] {dag.py:3239} INFO - Sync 3 DAGs
[2025-02-08T11:04:40.124+0000] {logging_mixin.py:190} INFO - [2025-02-08T11:04:40.124+0000] {dag.py:4180} INFO - Setting next_dagrun for example_branch_datetime_operator to 2025-02-07 00:00:00+00:00, run_after=2025-02-08 00:00:00+00:00
[2025-02-08T11:04:40.128+0000] {logging_mixin.py:190} INFO - [2025-02-08T11:04:40.128+0000] {dag.py:4180} INFO - Setting next_dagrun for example_branch_datetime_operator_2 to 2025-02-07 00:00:00+00:00, run_after=2025-02-08 00:00:00+00:00
[2025-02-08T11:04:40.131+0000] {logging_mixin.py:190} INFO - [2025-02-08T11:04:40.131+0000] {dag.py:4180} INFO - Setting next_dagrun for example_branch_datetime_operator_3 to 2025-02-07 00:00:00+00:00, run_after=2025-02-08 00:00:00+00:00
[2025-02-08T11:04:40.145+0000] {processor.py:208} INFO - Processing /home/airflow/.local/lib/python3.12/site-packages/airflow/example_dags/example_branch_datetime_operator.py took 0.077 seconds
[2025-02-08T11:33:21.234+0000] {processor.py:186} INFO - Started process (PID=383) to work on /home/airflow/.local/lib/python3.12/site-packages/airflow/example_dags/example_branch_datetime_operator.py
[2025-02-08T11:33:21.235+0000] {processor.py:914} INFO - Processing file /home/airflow/.local/lib/python3.12/site-packages/airflow/example_dags/example_branch_datetime_operator.py for tasks to queue
[2025-02-08T11:33:21.237+0000] {logging_mixin.py:190} INFO - [2025-02-08T11:33:21.236+0000] {dagbag.py:588} INFO - Filling up the DagBag from /home/airflow/.local/lib/python3.12/site-packages/airflow/example_dags/example_branch_datetime_operator.py
[2025-02-08T11:33:21.248+0000] {processor.py:925} INFO - DAG(s) 'example_branch_datetime_operator_2', 'example_branch_datetime_operator', 'example_branch_datetime_operator_3' retrieved from /home/airflow/.local/lib/python3.12/site-packages/airflow/example_dags/example_branch_datetime_operator.py
[2025-02-08T11:33:21.341+0000] {logging_mixin.py:190} INFO - [2025-02-08T11:33:21.340+0000] {override.py:1900} INFO - Created Permission View: can edit on DAG:example_branch_datetime_operator_2
[2025-02-08T11:33:21.349+0000] {logging_mixin.py:190} INFO - [2025-02-08T11:33:21.349+0000] {override.py:1900} INFO - Created Permission View: can delete on DAG:example_branch_datetime_operator_2
[2025-02-08T11:33:21.355+0000] {logging_mixin.py:190} INFO - [2025-02-08T11:33:21.355+0000] {override.py:1900} INFO - Created Permission View: can read on DAG:example_branch_datetime_operator_2
[2025-02-08T11:33:21.363+0000] {logging_mixin.py:190} INFO - [2025-02-08T11:33:21.362+0000] {override.py:1900} INFO - Created Permission View: menu access on DAG Run:example_branch_datetime_operator_2
[2025-02-08T11:33:21.369+0000] {logging_mixin.py:190} INFO - [2025-02-08T11:33:21.369+0000] {override.py:1900} INFO - Created Permission View: can create on DAG Run:example_branch_datetime_operator_2
[2025-02-08T11:33:21.375+0000] {logging_mixin.py:190} INFO - [2025-02-08T11:33:21.375+0000] {override.py:1900} INFO - Created Permission View: can delete on DAG Run:example_branch_datetime_operator_2
[2025-02-08T11:33:21.380+0000] {logging_mixin.py:190} INFO - [2025-02-08T11:33:21.380+0000] {override.py:1900} INFO - Created Permission View: can read on DAG Run:example_branch_datetime_operator_2
[2025-02-08T11:33:21.392+0000] {logging_mixin.py:190} INFO - [2025-02-08T11:33:21.392+0000] {override.py:1900} INFO - Created Permission View: can edit on DAG:example_branch_datetime_operator
[2025-02-08T11:33:21.397+0000] {logging_mixin.py:190} INFO - [2025-02-08T11:33:21.397+0000] {override.py:1900} INFO - Created Permission View: can delete on DAG:example_branch_datetime_operator
[2025-02-08T11:33:21.403+0000] {logging_mixin.py:190} INFO - [2025-02-08T11:33:21.403+0000] {override.py:1900} INFO - Created Permission View: can read on DAG:example_branch_datetime_operator
[2025-02-08T11:33:21.411+0000] {logging_mixin.py:190} INFO - [2025-02-08T11:33:21.410+0000] {override.py:1900} INFO - Created Permission View: menu access on DAG Run:example_branch_datetime_operator
[2025-02-08T11:33:21.416+0000] {logging_mixin.py:190} INFO - [2025-02-08T11:33:21.416+0000] {override.py:1900} INFO - Created Permission View: can create on DAG Run:example_branch_datetime_operator
[2025-02-08T11:33:21.423+0000] {logging_mixin.py:190} INFO - [2025-02-08T11:33:21.423+0000] {override.py:1900} INFO - Created Permission View: can delete on DAG Run:example_branch_datetime_operator
[2025-02-08T11:33:21.429+0000] {logging_mixin.py:190} INFO - [2025-02-08T11:33:21.429+0000] {override.py:1900} INFO - Created Permission View: can read on DAG Run:example_branch_datetime_operator
[2025-02-08T11:33:21.441+0000] {logging_mixin.py:190} INFO - [2025-02-08T11:33:21.441+0000] {override.py:1900} INFO - Created Permission View: can edit on DAG:example_branch_datetime_operator_3
[2025-02-08T11:33:21.448+0000] {logging_mixin.py:190} INFO - [2025-02-08T11:33:21.448+0000] {override.py:1900} INFO - Created Permission View: can delete on DAG:example_branch_datetime_operator_3
[2025-02-08T11:33:21.455+0000] {logging_mixin.py:190} INFO - [2025-02-08T11:33:21.455+0000] {override.py:1900} INFO - Created Permission View: can read on DAG:example_branch_datetime_operator_3
[2025-02-08T11:33:21.463+0000] {logging_mixin.py:190} INFO - [2025-02-08T11:33:21.462+0000] {override.py:1900} INFO - Created Permission View: menu access on DAG Run:example_branch_datetime_operator_3
[2025-02-08T11:33:21.469+0000] {logging_mixin.py:190} INFO - [2025-02-08T11:33:21.469+0000] {override.py:1900} INFO - Created Permission View: can create on DAG Run:example_branch_datetime_operator_3
[2025-02-08T11:33:21.475+0000] {logging_mixin.py:190} INFO - [2025-02-08T11:33:21.474+0000] {override.py:1900} INFO - Created Permission View: can delete on DAG Run:example_branch_datetime_operator_3
[2025-02-08T11:33:21.482+0000] {logging_mixin.py:190} INFO - [2025-02-08T11:33:21.482+0000] {override.py:1900} INFO - Created Permission View: can read on DAG Run:example_branch_datetime_operator_3
[2025-02-08T11:33:21.482+0000] {logging_mixin.py:190} INFO - [2025-02-08T11:33:21.482+0000] {dag.py:3239} INFO - Sync 3 DAGs
[2025-02-08T11:33:21.492+0000] {logging_mixin.py:190} INFO - [2025-02-08T11:33:21.492+0000] {dag.py:3262} INFO - Creating ORM DAG for example_branch_datetime_operator_3
[2025-02-08T11:33:21.493+0000] {logging_mixin.py:190} INFO - [2025-02-08T11:33:21.493+0000] {dag.py:3262} INFO - Creating ORM DAG for example_branch_datetime_operator
[2025-02-08T11:33:21.494+0000] {logging_mixin.py:190} INFO - [2025-02-08T11:33:21.494+0000] {dag.py:3262} INFO - Creating ORM DAG for example_branch_datetime_operator_2
[2025-02-08T11:33:21.501+0000] {logging_mixin.py:190} INFO - [2025-02-08T11:33:21.501+0000] {dag.py:4180} INFO - Setting next_dagrun for example_branch_datetime_operator to 2025-02-07 00:00:00+00:00, run_after=2025-02-08 00:00:00+00:00
[2025-02-08T11:33:21.503+0000] {logging_mixin.py:190} INFO - [2025-02-08T11:33:21.503+0000] {dag.py:4180} INFO - Setting next_dagrun for example_branch_datetime_operator_2 to 2025-02-07 00:00:00+00:00, run_after=2025-02-08 00:00:00+00:00
[2025-02-08T11:33:21.504+0000] {logging_mixin.py:190} INFO - [2025-02-08T11:33:21.504+0000] {dag.py:4180} INFO - Setting next_dagrun for example_branch_datetime_operator_3 to 2025-02-07 00:00:00+00:00, run_after=2025-02-08 00:00:00+00:00
[2025-02-08T11:33:21.519+0000] {processor.py:208} INFO - Processing /home/airflow/.local/lib/python3.12/site-packages/airflow/example_dags/example_branch_datetime_operator.py took 0.291 seconds
[2025-02-08T11:33:52.390+0000] {processor.py:186} INFO - Started process (PID=671) to work on /home/airflow/.local/lib/python3.12/site-packages/airflow/example_dags/example_branch_datetime_operator.py
[2025-02-08T11:33:52.391+0000] {processor.py:914} INFO - Processing file /home/airflow/.local/lib/python3.12/site-packages/airflow/example_dags/example_branch_datetime_operator.py for tasks to queue
[2025-02-08T11:33:52.393+0000] {logging_mixin.py:190} INFO - [2025-02-08T11:33:52.392+0000] {dagbag.py:588} INFO - Filling up the DagBag from /home/airflow/.local/lib/python3.12/site-packages/airflow/example_dags/example_branch_datetime_operator.py
[2025-02-08T11:33:52.406+0000] {processor.py:925} INFO - DAG(s) 'example_branch_datetime_operator_2', 'example_branch_datetime_operator', 'example_branch_datetime_operator_3' retrieved from /home/airflow/.local/lib/python3.12/site-packages/airflow/example_dags/example_branch_datetime_operator.py
[2025-02-08T11:33:52.430+0000] {logging_mixin.py:190} INFO - [2025-02-08T11:33:52.430+0000] {dag.py:3239} INFO - Sync 3 DAGs
[2025-02-08T11:33:52.454+0000] {logging_mixin.py:190} INFO - [2025-02-08T11:33:52.454+0000] {dag.py:4180} INFO - Setting next_dagrun for example_branch_datetime_operator to 2025-02-07 00:00:00+00:00, run_after=2025-02-08 00:00:00+00:00
[2025-02-08T11:33:52.458+0000] {logging_mixin.py:190} INFO - [2025-02-08T11:33:52.458+0000] {dag.py:4180} INFO - Setting next_dagrun for example_branch_datetime_operator_2 to 2025-02-07 00:00:00+00:00, run_after=2025-02-08 00:00:00+00:00
[2025-02-08T11:33:52.460+0000] {logging_mixin.py:190} INFO - [2025-02-08T11:33:52.460+0000] {dag.py:4180} INFO - Setting next_dagrun for example_branch_datetime_operator_3 to 2025-02-07 00:00:00+00:00, run_after=2025-02-08 00:00:00+00:00
[2025-02-08T11:33:52.473+0000] {processor.py:208} INFO - Processing /home/airflow/.local/lib/python3.12/site-packages/airflow/example_dags/example_branch_datetime_operator.py took 0.088 seconds
[2025-02-08T11:34:22.508+0000] {processor.py:186} INFO - Started process (PID=957) to work on /home/airflow/.local/lib/python3.12/site-packages/airflow/example_dags/example_branch_datetime_operator.py
[2025-02-08T11:34:22.509+0000] {processor.py:914} INFO - Processing file /home/airflow/.local/lib/python3.12/site-packages/airflow/example_dags/example_branch_datetime_operator.py for tasks to queue
[2025-02-08T11:34:22.510+0000] {logging_mixin.py:190} INFO - [2025-02-08T11:34:22.510+0000] {dagbag.py:588} INFO - Filling up the DagBag from /home/airflow/.local/lib/python3.12/site-packages/airflow/example_dags/example_branch_datetime_operator.py
[2025-02-08T11:34:22.519+0000] {processor.py:925} INFO - DAG(s) 'example_branch_datetime_operator_2', 'example_branch_datetime_operator_3', 'example_branch_datetime_operator' retrieved from /home/airflow/.local/lib/python3.12/site-packages/airflow/example_dags/example_branch_datetime_operator.py
[2025-02-08T11:34:22.539+0000] {logging_mixin.py:190} INFO - [2025-02-08T11:34:22.539+0000] {dag.py:3239} INFO - Sync 3 DAGs
[2025-02-08T11:34:22.557+0000] {logging_mixin.py:190} INFO - [2025-02-08T11:34:22.557+0000] {dag.py:4180} INFO - Setting next_dagrun for example_branch_datetime_operator to 2025-02-07 00:00:00+00:00, run_after=2025-02-08 00:00:00+00:00
[2025-02-08T11:34:22.562+0000] {logging_mixin.py:190} INFO - [2025-02-08T11:34:22.561+0000] {dag.py:4180} INFO - Setting next_dagrun for example_branch_datetime_operator_2 to 2025-02-07 00:00:00+00:00, run_after=2025-02-08 00:00:00+00:00
[2025-02-08T11:34:22.563+0000] {logging_mixin.py:190} INFO - [2025-02-08T11:34:22.563+0000] {dag.py:4180} INFO - Setting next_dagrun for example_branch_datetime_operator_3 to 2025-02-07 00:00:00+00:00, run_after=2025-02-08 00:00:00+00:00
[2025-02-08T11:34:22.578+0000] {processor.py:208} INFO - Processing /home/airflow/.local/lib/python3.12/site-packages/airflow/example_dags/example_branch_datetime_operator.py took 0.075 seconds
[2025-02-08T11:34:52.742+0000] {processor.py:186} INFO - Started process (PID=1243) to work on /home/airflow/.local/lib/python3.12/site-packages/airflow/example_dags/example_branch_datetime_operator.py
[2025-02-08T11:34:52.743+0000] {processor.py:914} INFO - Processing file /home/airflow/.local/lib/python3.12/site-packages/airflow/example_dags/example_branch_datetime_operator.py for tasks to queue
[2025-02-08T11:34:52.745+0000] {logging_mixin.py:190} INFO - [2025-02-08T11:34:52.745+0000] {dagbag.py:588} INFO - Filling up the DagBag from /home/airflow/.local/lib/python3.12/site-packages/airflow/example_dags/example_branch_datetime_operator.py
[2025-02-08T11:34:52.755+0000] {processor.py:925} INFO - DAG(s) 'example_branch_datetime_operator_3', 'example_branch_datetime_operator_2', 'example_branch_datetime_operator' retrieved from /home/airflow/.local/lib/python3.12/site-packages/airflow/example_dags/example_branch_datetime_operator.py
[2025-02-08T11:34:52.774+0000] {logging_mixin.py:190} INFO - [2025-02-08T11:34:52.774+0000] {dag.py:3239} INFO - Sync 3 DAGs
[2025-02-08T11:34:52.793+0000] {logging_mixin.py:190} INFO - [2025-02-08T11:34:52.793+0000] {dag.py:4180} INFO - Setting next_dagrun for example_branch_datetime_operator to 2025-02-07 00:00:00+00:00, run_after=2025-02-08 00:00:00+00:00
[2025-02-08T11:34:52.797+0000] {logging_mixin.py:190} INFO - [2025-02-08T11:34:52.797+0000] {dag.py:4180} INFO - Setting next_dagrun for example_branch_datetime_operator_2 to 2025-02-07 00:00:00+00:00, run_after=2025-02-08 00:00:00+00:00
[2025-02-08T11:34:52.799+0000] {logging_mixin.py:190} INFO - [2025-02-08T11:34:52.798+0000] {dag.py:4180} INFO - Setting next_dagrun for example_branch_datetime_operator_3 to 2025-02-07 00:00:00+00:00, run_after=2025-02-08 00:00:00+00:00
[2025-02-08T11:34:52.811+0000] {processor.py:208} INFO - Processing /home/airflow/.local/lib/python3.12/site-packages/airflow/example_dags/example_branch_datetime_operator.py took 0.074 seconds
