[2025-02-08T10:51:22.739+0000] {processor.py:186} INFO - Started process (PID=280) to work on /home/airflow/.local/lib/python3.12/site-packages/airflow/example_dags/tutorial_dag.py
[2025-02-08T10:51:22.739+0000] {processor.py:914} INFO - Processing file /home/airflow/.local/lib/python3.12/site-packages/airflow/example_dags/tutorial_dag.py for tasks to queue
[2025-02-08T10:51:22.741+0000] {logging_mixin.py:190} INFO - [2025-02-08T10:51:22.741+0000] {dagbag.py:588} INFO - Filling up the DagBag from /home/airflow/.local/lib/python3.12/site-packages/airflow/example_dags/tutorial_dag.py
[2025-02-08T10:51:22.748+0000] {processor.py:925} INFO - DAG(s) 'tutorial_dag' retrieved from /home/airflow/.local/lib/python3.12/site-packages/airflow/example_dags/tutorial_dag.py
[2025-02-08T10:51:22.831+0000] {logging_mixin.py:190} INFO - [2025-02-08T10:51:22.830+0000] {override.py:1900} INFO - Created Permission View: can delete on DAG:tutorial_dag
[2025-02-08T10:51:22.840+0000] {logging_mixin.py:190} INFO - [2025-02-08T10:51:22.839+0000] {override.py:1900} INFO - Created Permission View: can read on DAG:tutorial_dag
[2025-02-08T10:51:22.845+0000] {logging_mixin.py:190} INFO - [2025-02-08T10:51:22.845+0000] {override.py:1900} INFO - Created Permission View: can edit on DAG:tutorial_dag
[2025-02-08T10:51:22.852+0000] {logging_mixin.py:190} INFO - [2025-02-08T10:51:22.852+0000] {override.py:1900} INFO - Created Permission View: can delete on DAG Run:tutorial_dag
[2025-02-08T10:51:22.858+0000] {logging_mixin.py:190} INFO - [2025-02-08T10:51:22.857+0000] {override.py:1900} INFO - Created Permission View: can read on DAG Run:tutorial_dag
[2025-02-08T10:51:22.863+0000] {logging_mixin.py:190} INFO - [2025-02-08T10:51:22.863+0000] {override.py:1900} INFO - Created Permission View: menu access on DAG Run:tutorial_dag
[2025-02-08T10:51:22.869+0000] {logging_mixin.py:190} INFO - [2025-02-08T10:51:22.868+0000] {override.py:1900} INFO - Created Permission View: can create on DAG Run:tutorial_dag
[2025-02-08T10:51:22.869+0000] {logging_mixin.py:190} INFO - [2025-02-08T10:51:22.869+0000] {dag.py:3239} INFO - Sync 1 DAGs
[2025-02-08T10:51:22.878+0000] {logging_mixin.py:190} INFO - [2025-02-08T10:51:22.878+0000] {dag.py:3262} INFO - Creating ORM DAG for tutorial_dag
[2025-02-08T10:51:22.879+0000] {logging_mixin.py:190} INFO - [2025-02-08T10:51:22.879+0000] {dag.py:4180} INFO - Setting next_dagrun for tutorial_dag to None, run_after=None
[2025-02-08T10:51:22.892+0000] {processor.py:208} INFO - Processing /home/airflow/.local/lib/python3.12/site-packages/airflow/example_dags/tutorial_dag.py took 0.158 seconds
[2025-02-08T10:51:53.775+0000] {processor.py:186} INFO - Started process (PID=566) to work on /home/airflow/.local/lib/python3.12/site-packages/airflow/example_dags/tutorial_dag.py
[2025-02-08T10:51:53.776+0000] {processor.py:914} INFO - Processing file /home/airflow/.local/lib/python3.12/site-packages/airflow/example_dags/tutorial_dag.py for tasks to queue
[2025-02-08T10:51:53.778+0000] {logging_mixin.py:190} INFO - [2025-02-08T10:51:53.777+0000] {dagbag.py:588} INFO - Filling up the DagBag from /home/airflow/.local/lib/python3.12/site-packages/airflow/example_dags/tutorial_dag.py
[2025-02-08T10:51:53.784+0000] {processor.py:925} INFO - DAG(s) 'tutorial_dag' retrieved from /home/airflow/.local/lib/python3.12/site-packages/airflow/example_dags/tutorial_dag.py
[2025-02-08T10:51:53.800+0000] {logging_mixin.py:190} INFO - [2025-02-08T10:51:53.800+0000] {dag.py:3239} INFO - Sync 1 DAGs
[2025-02-08T10:51:53.811+0000] {logging_mixin.py:190} INFO - [2025-02-08T10:51:53.810+0000] {dag.py:4180} INFO - Setting next_dagrun for tutorial_dag to None, run_after=None
[2025-02-08T10:51:53.828+0000] {processor.py:208} INFO - Processing /home/airflow/.local/lib/python3.12/site-packages/airflow/example_dags/tutorial_dag.py took 0.057 seconds
[2025-02-08T10:52:23.986+0000] {processor.py:186} INFO - Started process (PID=852) to work on /home/airflow/.local/lib/python3.12/site-packages/airflow/example_dags/tutorial_dag.py
[2025-02-08T10:52:23.987+0000] {processor.py:914} INFO - Processing file /home/airflow/.local/lib/python3.12/site-packages/airflow/example_dags/tutorial_dag.py for tasks to queue
[2025-02-08T10:52:23.989+0000] {logging_mixin.py:190} INFO - [2025-02-08T10:52:23.989+0000] {dagbag.py:588} INFO - Filling up the DagBag from /home/airflow/.local/lib/python3.12/site-packages/airflow/example_dags/tutorial_dag.py
[2025-02-08T10:52:23.995+0000] {processor.py:925} INFO - DAG(s) 'tutorial_dag' retrieved from /home/airflow/.local/lib/python3.12/site-packages/airflow/example_dags/tutorial_dag.py
[2025-02-08T10:52:24.011+0000] {logging_mixin.py:190} INFO - [2025-02-08T10:52:24.010+0000] {dag.py:3239} INFO - Sync 1 DAGs
[2025-02-08T10:52:24.024+0000] {logging_mixin.py:190} INFO - [2025-02-08T10:52:24.024+0000] {dag.py:4180} INFO - Setting next_dagrun for tutorial_dag to None, run_after=None
[2025-02-08T10:52:24.042+0000] {processor.py:208} INFO - Processing /home/airflow/.local/lib/python3.12/site-packages/airflow/example_dags/tutorial_dag.py took 0.060 seconds
[2025-02-08T10:52:54.183+0000] {processor.py:186} INFO - Started process (PID=1136) to work on /home/airflow/.local/lib/python3.12/site-packages/airflow/example_dags/tutorial_dag.py
[2025-02-08T10:52:54.184+0000] {processor.py:914} INFO - Processing file /home/airflow/.local/lib/python3.12/site-packages/airflow/example_dags/tutorial_dag.py for tasks to queue
[2025-02-08T10:52:54.186+0000] {logging_mixin.py:190} INFO - [2025-02-08T10:52:54.185+0000] {dagbag.py:588} INFO - Filling up the DagBag from /home/airflow/.local/lib/python3.12/site-packages/airflow/example_dags/tutorial_dag.py
[2025-02-08T10:52:54.191+0000] {processor.py:925} INFO - DAG(s) 'tutorial_dag' retrieved from /home/airflow/.local/lib/python3.12/site-packages/airflow/example_dags/tutorial_dag.py
[2025-02-08T10:52:54.208+0000] {logging_mixin.py:190} INFO - [2025-02-08T10:52:54.207+0000] {dag.py:3239} INFO - Sync 1 DAGs
[2025-02-08T10:52:54.221+0000] {logging_mixin.py:190} INFO - [2025-02-08T10:52:54.221+0000] {dag.py:4180} INFO - Setting next_dagrun for tutorial_dag to None, run_after=None
[2025-02-08T10:52:54.236+0000] {processor.py:208} INFO - Processing /home/airflow/.local/lib/python3.12/site-packages/airflow/example_dags/tutorial_dag.py took 0.058 seconds
[2025-02-08T10:53:24.527+0000] {processor.py:186} INFO - Started process (PID=1422) to work on /home/airflow/.local/lib/python3.12/site-packages/airflow/example_dags/tutorial_dag.py
[2025-02-08T10:53:24.528+0000] {processor.py:914} INFO - Processing file /home/airflow/.local/lib/python3.12/site-packages/airflow/example_dags/tutorial_dag.py for tasks to queue
[2025-02-08T10:53:24.529+0000] {logging_mixin.py:190} INFO - [2025-02-08T10:53:24.529+0000] {dagbag.py:588} INFO - Filling up the DagBag from /home/airflow/.local/lib/python3.12/site-packages/airflow/example_dags/tutorial_dag.py
[2025-02-08T10:53:24.535+0000] {processor.py:925} INFO - DAG(s) 'tutorial_dag' retrieved from /home/airflow/.local/lib/python3.12/site-packages/airflow/example_dags/tutorial_dag.py
[2025-02-08T10:53:24.551+0000] {logging_mixin.py:190} INFO - [2025-02-08T10:53:24.551+0000] {dag.py:3239} INFO - Sync 1 DAGs
[2025-02-08T10:53:24.563+0000] {logging_mixin.py:190} INFO - [2025-02-08T10:53:24.563+0000] {dag.py:4180} INFO - Setting next_dagrun for tutorial_dag to None, run_after=None
[2025-02-08T10:53:24.580+0000] {processor.py:208} INFO - Processing /home/airflow/.local/lib/python3.12/site-packages/airflow/example_dags/tutorial_dag.py took 0.058 seconds
[2025-02-08T10:53:54.641+0000] {processor.py:186} INFO - Started process (PID=1708) to work on /home/airflow/.local/lib/python3.12/site-packages/airflow/example_dags/tutorial_dag.py
[2025-02-08T10:53:54.642+0000] {processor.py:914} INFO - Processing file /home/airflow/.local/lib/python3.12/site-packages/airflow/example_dags/tutorial_dag.py for tasks to queue
[2025-02-08T10:53:54.644+0000] {logging_mixin.py:190} INFO - [2025-02-08T10:53:54.643+0000] {dagbag.py:588} INFO - Filling up the DagBag from /home/airflow/.local/lib/python3.12/site-packages/airflow/example_dags/tutorial_dag.py
[2025-02-08T10:53:54.649+0000] {processor.py:925} INFO - DAG(s) 'tutorial_dag' retrieved from /home/airflow/.local/lib/python3.12/site-packages/airflow/example_dags/tutorial_dag.py
[2025-02-08T10:53:54.664+0000] {logging_mixin.py:190} INFO - [2025-02-08T10:53:54.663+0000] {dag.py:3239} INFO - Sync 1 DAGs
[2025-02-08T10:53:54.674+0000] {logging_mixin.py:190} INFO - [2025-02-08T10:53:54.674+0000] {dag.py:4180} INFO - Setting next_dagrun for tutorial_dag to None, run_after=None
[2025-02-08T10:53:54.692+0000] {processor.py:208} INFO - Processing /home/airflow/.local/lib/python3.12/site-packages/airflow/example_dags/tutorial_dag.py took 0.055 seconds
[2025-02-08T10:54:24.740+0000] {processor.py:186} INFO - Started process (PID=1991) to work on /home/airflow/.local/lib/python3.12/site-packages/airflow/example_dags/tutorial_dag.py
[2025-02-08T10:54:24.741+0000] {processor.py:914} INFO - Processing file /home/airflow/.local/lib/python3.12/site-packages/airflow/example_dags/tutorial_dag.py for tasks to queue
[2025-02-08T10:54:24.742+0000] {logging_mixin.py:190} INFO - [2025-02-08T10:54:24.742+0000] {dagbag.py:588} INFO - Filling up the DagBag from /home/airflow/.local/lib/python3.12/site-packages/airflow/example_dags/tutorial_dag.py
[2025-02-08T10:54:24.748+0000] {processor.py:925} INFO - DAG(s) 'tutorial_dag' retrieved from /home/airflow/.local/lib/python3.12/site-packages/airflow/example_dags/tutorial_dag.py
[2025-02-08T10:54:24.761+0000] {logging_mixin.py:190} INFO - [2025-02-08T10:54:24.761+0000] {dag.py:3239} INFO - Sync 1 DAGs
[2025-02-08T10:54:24.773+0000] {logging_mixin.py:190} INFO - [2025-02-08T10:54:24.773+0000] {dag.py:4180} INFO - Setting next_dagrun for tutorial_dag to None, run_after=None
[2025-02-08T10:54:24.789+0000] {processor.py:208} INFO - Processing /home/airflow/.local/lib/python3.12/site-packages/airflow/example_dags/tutorial_dag.py took 0.054 seconds
[2025-02-08T10:54:55.195+0000] {processor.py:186} INFO - Started process (PID=2277) to work on /home/airflow/.local/lib/python3.12/site-packages/airflow/example_dags/tutorial_dag.py
[2025-02-08T10:54:55.196+0000] {processor.py:914} INFO - Processing file /home/airflow/.local/lib/python3.12/site-packages/airflow/example_dags/tutorial_dag.py for tasks to queue
[2025-02-08T10:54:55.198+0000] {logging_mixin.py:190} INFO - [2025-02-08T10:54:55.198+0000] {dagbag.py:588} INFO - Filling up the DagBag from /home/airflow/.local/lib/python3.12/site-packages/airflow/example_dags/tutorial_dag.py
[2025-02-08T10:54:55.204+0000] {processor.py:925} INFO - DAG(s) 'tutorial_dag' retrieved from /home/airflow/.local/lib/python3.12/site-packages/airflow/example_dags/tutorial_dag.py
[2025-02-08T10:54:55.219+0000] {logging_mixin.py:190} INFO - [2025-02-08T10:54:55.219+0000] {dag.py:3239} INFO - Sync 1 DAGs
[2025-02-08T10:54:55.234+0000] {logging_mixin.py:190} INFO - [2025-02-08T10:54:55.233+0000] {dag.py:4180} INFO - Setting next_dagrun for tutorial_dag to None, run_after=None
[2025-02-08T10:54:55.251+0000] {processor.py:208} INFO - Processing /home/airflow/.local/lib/python3.12/site-packages/airflow/example_dags/tutorial_dag.py took 0.060 seconds
[2025-02-08T10:55:25.557+0000] {processor.py:186} INFO - Started process (PID=2563) to work on /home/airflow/.local/lib/python3.12/site-packages/airflow/example_dags/tutorial_dag.py
[2025-02-08T10:55:25.558+0000] {processor.py:914} INFO - Processing file /home/airflow/.local/lib/python3.12/site-packages/airflow/example_dags/tutorial_dag.py for tasks to queue
[2025-02-08T10:55:25.559+0000] {logging_mixin.py:190} INFO - [2025-02-08T10:55:25.559+0000] {dagbag.py:588} INFO - Filling up the DagBag from /home/airflow/.local/lib/python3.12/site-packages/airflow/example_dags/tutorial_dag.py
[2025-02-08T10:55:25.565+0000] {processor.py:925} INFO - DAG(s) 'tutorial_dag' retrieved from /home/airflow/.local/lib/python3.12/site-packages/airflow/example_dags/tutorial_dag.py
[2025-02-08T10:55:25.578+0000] {logging_mixin.py:190} INFO - [2025-02-08T10:55:25.578+0000] {dag.py:3239} INFO - Sync 1 DAGs
[2025-02-08T10:55:25.589+0000] {logging_mixin.py:190} INFO - [2025-02-08T10:55:25.588+0000] {dag.py:4180} INFO - Setting next_dagrun for tutorial_dag to None, run_after=None
[2025-02-08T10:55:25.605+0000] {processor.py:208} INFO - Processing /home/airflow/.local/lib/python3.12/site-packages/airflow/example_dags/tutorial_dag.py took 0.053 seconds
[2025-02-08T10:55:55.686+0000] {processor.py:186} INFO - Started process (PID=2847) to work on /home/airflow/.local/lib/python3.12/site-packages/airflow/example_dags/tutorial_dag.py
[2025-02-08T10:55:55.687+0000] {processor.py:914} INFO - Processing file /home/airflow/.local/lib/python3.12/site-packages/airflow/example_dags/tutorial_dag.py for tasks to queue
[2025-02-08T10:55:55.689+0000] {logging_mixin.py:190} INFO - [2025-02-08T10:55:55.689+0000] {dagbag.py:588} INFO - Filling up the DagBag from /home/airflow/.local/lib/python3.12/site-packages/airflow/example_dags/tutorial_dag.py
[2025-02-08T10:55:55.695+0000] {processor.py:925} INFO - DAG(s) 'tutorial_dag' retrieved from /home/airflow/.local/lib/python3.12/site-packages/airflow/example_dags/tutorial_dag.py
[2025-02-08T10:55:55.711+0000] {logging_mixin.py:190} INFO - [2025-02-08T10:55:55.711+0000] {dag.py:3239} INFO - Sync 1 DAGs
[2025-02-08T10:55:55.723+0000] {logging_mixin.py:190} INFO - [2025-02-08T10:55:55.723+0000] {dag.py:4180} INFO - Setting next_dagrun for tutorial_dag to None, run_after=None
[2025-02-08T10:55:55.739+0000] {processor.py:208} INFO - Processing /home/airflow/.local/lib/python3.12/site-packages/airflow/example_dags/tutorial_dag.py took 0.058 seconds
[2025-02-08T10:56:25.936+0000] {processor.py:186} INFO - Started process (PID=3135) to work on /home/airflow/.local/lib/python3.12/site-packages/airflow/example_dags/tutorial_dag.py
[2025-02-08T10:56:25.937+0000] {processor.py:914} INFO - Processing file /home/airflow/.local/lib/python3.12/site-packages/airflow/example_dags/tutorial_dag.py for tasks to queue
[2025-02-08T10:56:25.939+0000] {logging_mixin.py:190} INFO - [2025-02-08T10:56:25.939+0000] {dagbag.py:588} INFO - Filling up the DagBag from /home/airflow/.local/lib/python3.12/site-packages/airflow/example_dags/tutorial_dag.py
[2025-02-08T10:56:25.946+0000] {processor.py:925} INFO - DAG(s) 'tutorial_dag' retrieved from /home/airflow/.local/lib/python3.12/site-packages/airflow/example_dags/tutorial_dag.py
[2025-02-08T10:56:25.964+0000] {logging_mixin.py:190} INFO - [2025-02-08T10:56:25.963+0000] {dag.py:3239} INFO - Sync 1 DAGs
[2025-02-08T10:56:25.978+0000] {logging_mixin.py:190} INFO - [2025-02-08T10:56:25.978+0000] {dag.py:4180} INFO - Setting next_dagrun for tutorial_dag to None, run_after=None
[2025-02-08T10:56:25.999+0000] {processor.py:208} INFO - Processing /home/airflow/.local/lib/python3.12/site-packages/airflow/example_dags/tutorial_dag.py took 0.068 seconds
[2025-02-08T10:56:56.272+0000] {processor.py:186} INFO - Started process (PID=3421) to work on /home/airflow/.local/lib/python3.12/site-packages/airflow/example_dags/tutorial_dag.py
[2025-02-08T10:56:56.273+0000] {processor.py:914} INFO - Processing file /home/airflow/.local/lib/python3.12/site-packages/airflow/example_dags/tutorial_dag.py for tasks to queue
[2025-02-08T10:56:56.276+0000] {logging_mixin.py:190} INFO - [2025-02-08T10:56:56.275+0000] {dagbag.py:588} INFO - Filling up the DagBag from /home/airflow/.local/lib/python3.12/site-packages/airflow/example_dags/tutorial_dag.py
[2025-02-08T10:56:56.283+0000] {processor.py:925} INFO - DAG(s) 'tutorial_dag' retrieved from /home/airflow/.local/lib/python3.12/site-packages/airflow/example_dags/tutorial_dag.py
[2025-02-08T10:56:56.300+0000] {logging_mixin.py:190} INFO - [2025-02-08T10:56:56.300+0000] {dag.py:3239} INFO - Sync 1 DAGs
[2025-02-08T10:56:56.312+0000] {logging_mixin.py:190} INFO - [2025-02-08T10:56:56.312+0000] {dag.py:4180} INFO - Setting next_dagrun for tutorial_dag to None, run_after=None
[2025-02-08T10:56:56.330+0000] {processor.py:208} INFO - Processing /home/airflow/.local/lib/python3.12/site-packages/airflow/example_dags/tutorial_dag.py took 0.064 seconds
[2025-02-08T10:57:26.523+0000] {processor.py:186} INFO - Started process (PID=3707) to work on /home/airflow/.local/lib/python3.12/site-packages/airflow/example_dags/tutorial_dag.py
[2025-02-08T10:57:26.524+0000] {processor.py:914} INFO - Processing file /home/airflow/.local/lib/python3.12/site-packages/airflow/example_dags/tutorial_dag.py for tasks to queue
[2025-02-08T10:57:26.526+0000] {logging_mixin.py:190} INFO - [2025-02-08T10:57:26.526+0000] {dagbag.py:588} INFO - Filling up the DagBag from /home/airflow/.local/lib/python3.12/site-packages/airflow/example_dags/tutorial_dag.py
[2025-02-08T10:57:26.534+0000] {processor.py:925} INFO - DAG(s) 'tutorial_dag' retrieved from /home/airflow/.local/lib/python3.12/site-packages/airflow/example_dags/tutorial_dag.py
[2025-02-08T10:57:26.551+0000] {logging_mixin.py:190} INFO - [2025-02-08T10:57:26.550+0000] {dag.py:3239} INFO - Sync 1 DAGs
[2025-02-08T10:57:26.563+0000] {logging_mixin.py:190} INFO - [2025-02-08T10:57:26.563+0000] {dag.py:4180} INFO - Setting next_dagrun for tutorial_dag to None, run_after=None
[2025-02-08T10:57:26.583+0000] {processor.py:208} INFO - Processing /home/airflow/.local/lib/python3.12/site-packages/airflow/example_dags/tutorial_dag.py took 0.067 seconds
[2025-02-08T10:57:56.929+0000] {processor.py:186} INFO - Started process (PID=3991) to work on /home/airflow/.local/lib/python3.12/site-packages/airflow/example_dags/tutorial_dag.py
[2025-02-08T10:57:56.930+0000] {processor.py:914} INFO - Processing file /home/airflow/.local/lib/python3.12/site-packages/airflow/example_dags/tutorial_dag.py for tasks to queue
[2025-02-08T10:57:56.932+0000] {logging_mixin.py:190} INFO - [2025-02-08T10:57:56.931+0000] {dagbag.py:588} INFO - Filling up the DagBag from /home/airflow/.local/lib/python3.12/site-packages/airflow/example_dags/tutorial_dag.py
[2025-02-08T10:57:56.937+0000] {processor.py:925} INFO - DAG(s) 'tutorial_dag' retrieved from /home/airflow/.local/lib/python3.12/site-packages/airflow/example_dags/tutorial_dag.py
[2025-02-08T10:57:56.952+0000] {logging_mixin.py:190} INFO - [2025-02-08T10:57:56.952+0000] {dag.py:3239} INFO - Sync 1 DAGs
[2025-02-08T10:57:56.963+0000] {logging_mixin.py:190} INFO - [2025-02-08T10:57:56.963+0000] {dag.py:4180} INFO - Setting next_dagrun for tutorial_dag to None, run_after=None
[2025-02-08T10:57:56.977+0000] {processor.py:208} INFO - Processing /home/airflow/.local/lib/python3.12/site-packages/airflow/example_dags/tutorial_dag.py took 0.052 seconds
[2025-02-08T10:58:27.316+0000] {processor.py:186} INFO - Started process (PID=4291) to work on /home/airflow/.local/lib/python3.12/site-packages/airflow/example_dags/tutorial_dag.py
[2025-02-08T10:58:27.317+0000] {processor.py:914} INFO - Processing file /home/airflow/.local/lib/python3.12/site-packages/airflow/example_dags/tutorial_dag.py for tasks to queue
[2025-02-08T10:58:27.319+0000] {logging_mixin.py:190} INFO - [2025-02-08T10:58:27.318+0000] {dagbag.py:588} INFO - Filling up the DagBag from /home/airflow/.local/lib/python3.12/site-packages/airflow/example_dags/tutorial_dag.py
[2025-02-08T10:58:27.325+0000] {processor.py:925} INFO - DAG(s) 'tutorial_dag' retrieved from /home/airflow/.local/lib/python3.12/site-packages/airflow/example_dags/tutorial_dag.py
[2025-02-08T10:58:27.342+0000] {logging_mixin.py:190} INFO - [2025-02-08T10:58:27.342+0000] {dag.py:3239} INFO - Sync 1 DAGs
[2025-02-08T10:58:27.356+0000] {logging_mixin.py:190} INFO - [2025-02-08T10:58:27.356+0000] {dag.py:4180} INFO - Setting next_dagrun for tutorial_dag to None, run_after=None
[2025-02-08T10:58:27.375+0000] {processor.py:208} INFO - Processing /home/airflow/.local/lib/python3.12/site-packages/airflow/example_dags/tutorial_dag.py took 0.066 seconds
[2025-02-08T10:58:57.631+0000] {processor.py:186} INFO - Started process (PID=4767) to work on /home/airflow/.local/lib/python3.12/site-packages/airflow/example_dags/tutorial_dag.py
[2025-02-08T10:58:57.632+0000] {processor.py:914} INFO - Processing file /home/airflow/.local/lib/python3.12/site-packages/airflow/example_dags/tutorial_dag.py for tasks to queue
[2025-02-08T10:58:57.634+0000] {logging_mixin.py:190} INFO - [2025-02-08T10:58:57.634+0000] {dagbag.py:588} INFO - Filling up the DagBag from /home/airflow/.local/lib/python3.12/site-packages/airflow/example_dags/tutorial_dag.py
[2025-02-08T10:58:57.640+0000] {processor.py:925} INFO - DAG(s) 'tutorial_dag' retrieved from /home/airflow/.local/lib/python3.12/site-packages/airflow/example_dags/tutorial_dag.py
[2025-02-08T10:58:57.655+0000] {logging_mixin.py:190} INFO - [2025-02-08T10:58:57.655+0000] {dag.py:3239} INFO - Sync 1 DAGs
[2025-02-08T10:58:57.668+0000] {logging_mixin.py:190} INFO - [2025-02-08T10:58:57.668+0000] {dag.py:4180} INFO - Setting next_dagrun for tutorial_dag to None, run_after=None
[2025-02-08T10:58:57.684+0000] {processor.py:208} INFO - Processing /home/airflow/.local/lib/python3.12/site-packages/airflow/example_dags/tutorial_dag.py took 0.058 seconds
[2025-02-08T10:59:28.024+0000] {processor.py:186} INFO - Started process (PID=5109) to work on /home/airflow/.local/lib/python3.12/site-packages/airflow/example_dags/tutorial_dag.py
[2025-02-08T10:59:28.025+0000] {processor.py:914} INFO - Processing file /home/airflow/.local/lib/python3.12/site-packages/airflow/example_dags/tutorial_dag.py for tasks to queue
[2025-02-08T10:59:28.027+0000] {logging_mixin.py:190} INFO - [2025-02-08T10:59:28.027+0000] {dagbag.py:588} INFO - Filling up the DagBag from /home/airflow/.local/lib/python3.12/site-packages/airflow/example_dags/tutorial_dag.py
[2025-02-08T10:59:28.035+0000] {processor.py:925} INFO - DAG(s) 'tutorial_dag' retrieved from /home/airflow/.local/lib/python3.12/site-packages/airflow/example_dags/tutorial_dag.py
[2025-02-08T10:59:28.052+0000] {logging_mixin.py:190} INFO - [2025-02-08T10:59:28.052+0000] {dag.py:3239} INFO - Sync 1 DAGs
[2025-02-08T10:59:28.065+0000] {logging_mixin.py:190} INFO - [2025-02-08T10:59:28.065+0000] {dag.py:4180} INFO - Setting next_dagrun for tutorial_dag to None, run_after=None
[2025-02-08T10:59:28.081+0000] {processor.py:208} INFO - Processing /home/airflow/.local/lib/python3.12/site-packages/airflow/example_dags/tutorial_dag.py took 0.062 seconds
[2025-02-08T11:01:58.371+0000] {processor.py:186} INFO - Started process (PID=278) to work on /home/airflow/.local/lib/python3.12/site-packages/airflow/example_dags/tutorial_dag.py
[2025-02-08T11:01:58.372+0000] {processor.py:914} INFO - Processing file /home/airflow/.local/lib/python3.12/site-packages/airflow/example_dags/tutorial_dag.py for tasks to queue
[2025-02-08T11:01:58.373+0000] {logging_mixin.py:190} INFO - [2025-02-08T11:01:58.373+0000] {dagbag.py:588} INFO - Filling up the DagBag from /home/airflow/.local/lib/python3.12/site-packages/airflow/example_dags/tutorial_dag.py
[2025-02-08T11:01:58.379+0000] {processor.py:925} INFO - DAG(s) 'tutorial_dag' retrieved from /home/airflow/.local/lib/python3.12/site-packages/airflow/example_dags/tutorial_dag.py
[2025-02-08T11:01:58.482+0000] {logging_mixin.py:190} INFO - [2025-02-08T11:01:58.482+0000] {override.py:1900} INFO - Created Permission View: can read on DAG:tutorial_dag
[2025-02-08T11:01:58.491+0000] {logging_mixin.py:190} INFO - [2025-02-08T11:01:58.490+0000] {override.py:1900} INFO - Created Permission View: can delete on DAG:tutorial_dag
[2025-02-08T11:01:58.497+0000] {logging_mixin.py:190} INFO - [2025-02-08T11:01:58.496+0000] {override.py:1900} INFO - Created Permission View: can edit on DAG:tutorial_dag
[2025-02-08T11:01:58.504+0000] {logging_mixin.py:190} INFO - [2025-02-08T11:01:58.504+0000] {override.py:1900} INFO - Created Permission View: menu access on DAG Run:tutorial_dag
[2025-02-08T11:01:58.509+0000] {logging_mixin.py:190} INFO - [2025-02-08T11:01:58.509+0000] {override.py:1900} INFO - Created Permission View: can read on DAG Run:tutorial_dag
[2025-02-08T11:01:58.515+0000] {logging_mixin.py:190} INFO - [2025-02-08T11:01:58.514+0000] {override.py:1900} INFO - Created Permission View: can create on DAG Run:tutorial_dag
[2025-02-08T11:01:58.519+0000] {logging_mixin.py:190} INFO - [2025-02-08T11:01:58.519+0000] {override.py:1900} INFO - Created Permission View: can delete on DAG Run:tutorial_dag
[2025-02-08T11:01:58.520+0000] {logging_mixin.py:190} INFO - [2025-02-08T11:01:58.519+0000] {dag.py:3239} INFO - Sync 1 DAGs
[2025-02-08T11:01:58.529+0000] {logging_mixin.py:190} INFO - [2025-02-08T11:01:58.529+0000] {dag.py:3262} INFO - Creating ORM DAG for tutorial_dag
[2025-02-08T11:01:58.530+0000] {logging_mixin.py:190} INFO - [2025-02-08T11:01:58.529+0000] {dag.py:4180} INFO - Setting next_dagrun for tutorial_dag to None, run_after=None
[2025-02-08T11:01:58.541+0000] {processor.py:208} INFO - Processing /home/airflow/.local/lib/python3.12/site-packages/airflow/example_dags/tutorial_dag.py took 0.175 seconds
[2025-02-08T11:02:28.861+0000] {processor.py:186} INFO - Started process (PID=564) to work on /home/airflow/.local/lib/python3.12/site-packages/airflow/example_dags/tutorial_dag.py
[2025-02-08T11:02:28.862+0000] {processor.py:914} INFO - Processing file /home/airflow/.local/lib/python3.12/site-packages/airflow/example_dags/tutorial_dag.py for tasks to queue
[2025-02-08T11:02:28.864+0000] {logging_mixin.py:190} INFO - [2025-02-08T11:02:28.863+0000] {dagbag.py:588} INFO - Filling up the DagBag from /home/airflow/.local/lib/python3.12/site-packages/airflow/example_dags/tutorial_dag.py
[2025-02-08T11:02:28.870+0000] {processor.py:925} INFO - DAG(s) 'tutorial_dag' retrieved from /home/airflow/.local/lib/python3.12/site-packages/airflow/example_dags/tutorial_dag.py
[2025-02-08T11:02:28.884+0000] {logging_mixin.py:190} INFO - [2025-02-08T11:02:28.884+0000] {dag.py:3239} INFO - Sync 1 DAGs
[2025-02-08T11:02:28.896+0000] {logging_mixin.py:190} INFO - [2025-02-08T11:02:28.896+0000] {dag.py:4180} INFO - Setting next_dagrun for tutorial_dag to None, run_after=None
[2025-02-08T11:02:30.029+0000] {processor.py:208} INFO - Processing /home/airflow/.local/lib/python3.12/site-packages/airflow/example_dags/tutorial_dag.py took 1.173 seconds
[2025-02-08T11:03:38.085+0000] {processor.py:186} INFO - Started process (PID=278) to work on /home/airflow/.local/lib/python3.12/site-packages/airflow/example_dags/tutorial_dag.py
[2025-02-08T11:03:38.086+0000] {processor.py:914} INFO - Processing file /home/airflow/.local/lib/python3.12/site-packages/airflow/example_dags/tutorial_dag.py for tasks to queue
[2025-02-08T11:03:38.088+0000] {logging_mixin.py:190} INFO - [2025-02-08T11:03:38.087+0000] {dagbag.py:588} INFO - Filling up the DagBag from /home/airflow/.local/lib/python3.12/site-packages/airflow/example_dags/tutorial_dag.py
[2025-02-08T11:03:38.093+0000] {processor.py:925} INFO - DAG(s) 'tutorial_dag' retrieved from /home/airflow/.local/lib/python3.12/site-packages/airflow/example_dags/tutorial_dag.py
[2025-02-08T11:03:38.112+0000] {logging_mixin.py:190} INFO - [2025-02-08T11:03:38.112+0000] {dag.py:3239} INFO - Sync 1 DAGs
[2025-02-08T11:03:38.123+0000] {logging_mixin.py:190} INFO - [2025-02-08T11:03:38.123+0000] {dag.py:4180} INFO - Setting next_dagrun for tutorial_dag to None, run_after=None
[2025-02-08T11:03:38.139+0000] {processor.py:208} INFO - Processing /home/airflow/.local/lib/python3.12/site-packages/airflow/example_dags/tutorial_dag.py took 0.059 seconds
[2025-02-08T11:04:08.504+0000] {processor.py:186} INFO - Started process (PID=566) to work on /home/airflow/.local/lib/python3.12/site-packages/airflow/example_dags/tutorial_dag.py
[2025-02-08T11:04:08.504+0000] {processor.py:914} INFO - Processing file /home/airflow/.local/lib/python3.12/site-packages/airflow/example_dags/tutorial_dag.py for tasks to queue
[2025-02-08T11:04:08.506+0000] {logging_mixin.py:190} INFO - [2025-02-08T11:04:08.506+0000] {dagbag.py:588} INFO - Filling up the DagBag from /home/airflow/.local/lib/python3.12/site-packages/airflow/example_dags/tutorial_dag.py
[2025-02-08T11:04:08.512+0000] {processor.py:925} INFO - DAG(s) 'tutorial_dag' retrieved from /home/airflow/.local/lib/python3.12/site-packages/airflow/example_dags/tutorial_dag.py
[2025-02-08T11:04:08.529+0000] {logging_mixin.py:190} INFO - [2025-02-08T11:04:08.529+0000] {dag.py:3239} INFO - Sync 1 DAGs
[2025-02-08T11:04:08.541+0000] {logging_mixin.py:190} INFO - [2025-02-08T11:04:08.541+0000] {dag.py:4180} INFO - Setting next_dagrun for tutorial_dag to None, run_after=None
[2025-02-08T11:04:08.558+0000] {processor.py:208} INFO - Processing /home/airflow/.local/lib/python3.12/site-packages/airflow/example_dags/tutorial_dag.py took 0.060 seconds
[2025-02-08T11:04:38.737+0000] {processor.py:186} INFO - Started process (PID=852) to work on /home/airflow/.local/lib/python3.12/site-packages/airflow/example_dags/tutorial_dag.py
[2025-02-08T11:04:38.738+0000] {processor.py:914} INFO - Processing file /home/airflow/.local/lib/python3.12/site-packages/airflow/example_dags/tutorial_dag.py for tasks to queue
[2025-02-08T11:04:38.740+0000] {logging_mixin.py:190} INFO - [2025-02-08T11:04:38.740+0000] {dagbag.py:588} INFO - Filling up the DagBag from /home/airflow/.local/lib/python3.12/site-packages/airflow/example_dags/tutorial_dag.py
[2025-02-08T11:04:38.746+0000] {processor.py:925} INFO - DAG(s) 'tutorial_dag' retrieved from /home/airflow/.local/lib/python3.12/site-packages/airflow/example_dags/tutorial_dag.py
[2025-02-08T11:04:38.762+0000] {logging_mixin.py:190} INFO - [2025-02-08T11:04:38.761+0000] {dag.py:3239} INFO - Sync 1 DAGs
[2025-02-08T11:04:38.774+0000] {logging_mixin.py:190} INFO - [2025-02-08T11:04:38.774+0000] {dag.py:4180} INFO - Setting next_dagrun for tutorial_dag to None, run_after=None
[2025-02-08T11:04:38.790+0000] {processor.py:208} INFO - Processing /home/airflow/.local/lib/python3.12/site-packages/airflow/example_dags/tutorial_dag.py took 0.057 seconds
[2025-02-08T11:33:18.876+0000] {processor.py:186} INFO - Started process (PID=278) to work on /home/airflow/.local/lib/python3.12/site-packages/airflow/example_dags/tutorial_dag.py
[2025-02-08T11:33:18.877+0000] {processor.py:914} INFO - Processing file /home/airflow/.local/lib/python3.12/site-packages/airflow/example_dags/tutorial_dag.py for tasks to queue
[2025-02-08T11:33:18.879+0000] {logging_mixin.py:190} INFO - [2025-02-08T11:33:18.878+0000] {dagbag.py:588} INFO - Filling up the DagBag from /home/airflow/.local/lib/python3.12/site-packages/airflow/example_dags/tutorial_dag.py
[2025-02-08T11:33:18.885+0000] {processor.py:925} INFO - DAG(s) 'tutorial_dag' retrieved from /home/airflow/.local/lib/python3.12/site-packages/airflow/example_dags/tutorial_dag.py
[2025-02-08T11:33:18.967+0000] {logging_mixin.py:190} INFO - [2025-02-08T11:33:18.966+0000] {override.py:1900} INFO - Created Permission View: can edit on DAG:tutorial_dag
[2025-02-08T11:33:18.974+0000] {logging_mixin.py:190} INFO - [2025-02-08T11:33:18.974+0000] {override.py:1900} INFO - Created Permission View: can delete on DAG:tutorial_dag
[2025-02-08T11:33:18.980+0000] {logging_mixin.py:190} INFO - [2025-02-08T11:33:18.980+0000] {override.py:1900} INFO - Created Permission View: can read on DAG:tutorial_dag
[2025-02-08T11:33:18.987+0000] {logging_mixin.py:190} INFO - [2025-02-08T11:33:18.986+0000] {override.py:1900} INFO - Created Permission View: menu access on DAG Run:tutorial_dag
[2025-02-08T11:33:18.992+0000] {logging_mixin.py:190} INFO - [2025-02-08T11:33:18.992+0000] {override.py:1900} INFO - Created Permission View: can create on DAG Run:tutorial_dag
[2025-02-08T11:33:18.999+0000] {logging_mixin.py:190} INFO - [2025-02-08T11:33:18.999+0000] {override.py:1900} INFO - Created Permission View: can delete on DAG Run:tutorial_dag
[2025-02-08T11:33:19.005+0000] {logging_mixin.py:190} INFO - [2025-02-08T11:33:19.004+0000] {override.py:1900} INFO - Created Permission View: can read on DAG Run:tutorial_dag
[2025-02-08T11:33:19.005+0000] {logging_mixin.py:190} INFO - [2025-02-08T11:33:19.005+0000] {dag.py:3239} INFO - Sync 1 DAGs
[2025-02-08T11:33:19.017+0000] {logging_mixin.py:190} INFO - [2025-02-08T11:33:19.017+0000] {dag.py:3262} INFO - Creating ORM DAG for tutorial_dag
[2025-02-08T11:33:19.018+0000] {logging_mixin.py:190} INFO - [2025-02-08T11:33:19.018+0000] {dag.py:4180} INFO - Setting next_dagrun for tutorial_dag to None, run_after=None
[2025-02-08T11:33:19.032+0000] {processor.py:208} INFO - Processing /home/airflow/.local/lib/python3.12/site-packages/airflow/example_dags/tutorial_dag.py took 0.161 seconds
[2025-02-08T11:33:49.669+0000] {processor.py:186} INFO - Started process (PID=564) to work on /home/airflow/.local/lib/python3.12/site-packages/airflow/example_dags/tutorial_dag.py
[2025-02-08T11:33:49.670+0000] {processor.py:914} INFO - Processing file /home/airflow/.local/lib/python3.12/site-packages/airflow/example_dags/tutorial_dag.py for tasks to queue
[2025-02-08T11:33:49.671+0000] {logging_mixin.py:190} INFO - [2025-02-08T11:33:49.671+0000] {dagbag.py:588} INFO - Filling up the DagBag from /home/airflow/.local/lib/python3.12/site-packages/airflow/example_dags/tutorial_dag.py
[2025-02-08T11:33:49.676+0000] {processor.py:925} INFO - DAG(s) 'tutorial_dag' retrieved from /home/airflow/.local/lib/python3.12/site-packages/airflow/example_dags/tutorial_dag.py
[2025-02-08T11:33:49.690+0000] {logging_mixin.py:190} INFO - [2025-02-08T11:33:49.690+0000] {dag.py:3239} INFO - Sync 1 DAGs
[2025-02-08T11:33:49.701+0000] {logging_mixin.py:190} INFO - [2025-02-08T11:33:49.701+0000] {dag.py:4180} INFO - Setting next_dagrun for tutorial_dag to None, run_after=None
[2025-02-08T11:33:49.716+0000] {processor.py:208} INFO - Processing /home/airflow/.local/lib/python3.12/site-packages/airflow/example_dags/tutorial_dag.py took 0.051 seconds
[2025-02-08T11:34:20.130+0000] {processor.py:186} INFO - Started process (PID=850) to work on /home/airflow/.local/lib/python3.12/site-packages/airflow/example_dags/tutorial_dag.py
[2025-02-08T11:34:20.131+0000] {processor.py:914} INFO - Processing file /home/airflow/.local/lib/python3.12/site-packages/airflow/example_dags/tutorial_dag.py for tasks to queue
[2025-02-08T11:34:20.133+0000] {logging_mixin.py:190} INFO - [2025-02-08T11:34:20.132+0000] {dagbag.py:588} INFO - Filling up the DagBag from /home/airflow/.local/lib/python3.12/site-packages/airflow/example_dags/tutorial_dag.py
[2025-02-08T11:34:20.138+0000] {processor.py:925} INFO - DAG(s) 'tutorial_dag' retrieved from /home/airflow/.local/lib/python3.12/site-packages/airflow/example_dags/tutorial_dag.py
[2025-02-08T11:34:20.153+0000] {logging_mixin.py:190} INFO - [2025-02-08T11:34:20.153+0000] {dag.py:3239} INFO - Sync 1 DAGs
[2025-02-08T11:34:20.163+0000] {logging_mixin.py:190} INFO - [2025-02-08T11:34:20.163+0000] {dag.py:4180} INFO - Setting next_dagrun for tutorial_dag to None, run_after=None
[2025-02-08T11:34:20.178+0000] {processor.py:208} INFO - Processing /home/airflow/.local/lib/python3.12/site-packages/airflow/example_dags/tutorial_dag.py took 0.053 seconds
[2025-02-08T11:34:50.346+0000] {processor.py:186} INFO - Started process (PID=1136) to work on /home/airflow/.local/lib/python3.12/site-packages/airflow/example_dags/tutorial_dag.py
[2025-02-08T11:34:50.347+0000] {processor.py:914} INFO - Processing file /home/airflow/.local/lib/python3.12/site-packages/airflow/example_dags/tutorial_dag.py for tasks to queue
[2025-02-08T11:34:50.348+0000] {logging_mixin.py:190} INFO - [2025-02-08T11:34:50.348+0000] {dagbag.py:588} INFO - Filling up the DagBag from /home/airflow/.local/lib/python3.12/site-packages/airflow/example_dags/tutorial_dag.py
[2025-02-08T11:34:50.354+0000] {processor.py:925} INFO - DAG(s) 'tutorial_dag' retrieved from /home/airflow/.local/lib/python3.12/site-packages/airflow/example_dags/tutorial_dag.py
[2025-02-08T11:34:50.370+0000] {logging_mixin.py:190} INFO - [2025-02-08T11:34:50.370+0000] {dag.py:3239} INFO - Sync 1 DAGs
[2025-02-08T11:34:50.381+0000] {logging_mixin.py:190} INFO - [2025-02-08T11:34:50.381+0000] {dag.py:4180} INFO - Setting next_dagrun for tutorial_dag to None, run_after=None
[2025-02-08T11:34:50.395+0000] {processor.py:208} INFO - Processing /home/airflow/.local/lib/python3.12/site-packages/airflow/example_dags/tutorial_dag.py took 0.054 seconds
