[2025-02-08T10:51:21.655+0000] {processor.py:186} INFO - Started process (PID=243) to work on /home/airflow/.local/lib/python3.12/site-packages/airflow/example_dags/tutorial_taskflow_api.py
[2025-02-08T10:51:21.656+0000] {processor.py:914} INFO - Processing file /home/airflow/.local/lib/python3.12/site-packages/airflow/example_dags/tutorial_taskflow_api.py for tasks to queue
[2025-02-08T10:51:21.658+0000] {logging_mixin.py:190} INFO - [2025-02-08T10:51:21.657+0000] {dagbag.py:588} INFO - Filling up the DagBag from /home/airflow/.local/lib/python3.12/site-packages/airflow/example_dags/tutorial_taskflow_api.py
[2025-02-08T10:51:21.665+0000] {processor.py:925} INFO - DAG(s) 'tutorial_taskflow_api' retrieved from /home/airflow/.local/lib/python3.12/site-packages/airflow/example_dags/tutorial_taskflow_api.py
[2025-02-08T10:51:21.754+0000] {logging_mixin.py:190} INFO - [2025-02-08T10:51:21.753+0000] {override.py:1900} INFO - Created Permission View: can delete on DAG:tutorial_taskflow_api
[2025-02-08T10:51:21.762+0000] {logging_mixin.py:190} INFO - [2025-02-08T10:51:21.762+0000] {override.py:1900} INFO - Created Permission View: can read on DAG:tutorial_taskflow_api
[2025-02-08T10:51:21.767+0000] {logging_mixin.py:190} INFO - [2025-02-08T10:51:21.767+0000] {override.py:1900} INFO - Created Permission View: can edit on DAG:tutorial_taskflow_api
[2025-02-08T10:51:21.774+0000] {logging_mixin.py:190} INFO - [2025-02-08T10:51:21.774+0000] {override.py:1900} INFO - Created Permission View: can delete on DAG Run:tutorial_taskflow_api
[2025-02-08T10:51:21.781+0000] {logging_mixin.py:190} INFO - [2025-02-08T10:51:21.781+0000] {override.py:1900} INFO - Created Permission View: can read on DAG Run:tutorial_taskflow_api
[2025-02-08T10:51:21.786+0000] {logging_mixin.py:190} INFO - [2025-02-08T10:51:21.786+0000] {override.py:1900} INFO - Created Permission View: menu access on DAG Run:tutorial_taskflow_api
[2025-02-08T10:51:21.792+0000] {logging_mixin.py:190} INFO - [2025-02-08T10:51:21.792+0000] {override.py:1900} INFO - Created Permission View: can create on DAG Run:tutorial_taskflow_api
[2025-02-08T10:51:21.793+0000] {logging_mixin.py:190} INFO - [2025-02-08T10:51:21.792+0000] {dag.py:3239} INFO - Sync 1 DAGs
[2025-02-08T10:51:21.805+0000] {logging_mixin.py:190} INFO - [2025-02-08T10:51:21.804+0000] {dag.py:3262} INFO - Creating ORM DAG for tutorial_taskflow_api
[2025-02-08T10:51:21.805+0000] {logging_mixin.py:190} INFO - [2025-02-08T10:51:21.805+0000] {dag.py:4180} INFO - Setting next_dagrun for tutorial_taskflow_api to None, run_after=None
[2025-02-08T10:51:21.820+0000] {processor.py:208} INFO - Processing /home/airflow/.local/lib/python3.12/site-packages/airflow/example_dags/tutorial_taskflow_api.py took 0.170 seconds
[2025-02-08T10:51:52.175+0000] {processor.py:186} INFO - Started process (PID=524) to work on /home/airflow/.local/lib/python3.12/site-packages/airflow/example_dags/tutorial_taskflow_api.py
[2025-02-08T10:51:52.176+0000] {processor.py:914} INFO - Processing file /home/airflow/.local/lib/python3.12/site-packages/airflow/example_dags/tutorial_taskflow_api.py for tasks to queue
[2025-02-08T10:51:52.177+0000] {logging_mixin.py:190} INFO - [2025-02-08T10:51:52.177+0000] {dagbag.py:588} INFO - Filling up the DagBag from /home/airflow/.local/lib/python3.12/site-packages/airflow/example_dags/tutorial_taskflow_api.py
[2025-02-08T10:51:52.184+0000] {processor.py:925} INFO - DAG(s) 'tutorial_taskflow_api' retrieved from /home/airflow/.local/lib/python3.12/site-packages/airflow/example_dags/tutorial_taskflow_api.py
[2025-02-08T10:51:52.201+0000] {logging_mixin.py:190} INFO - [2025-02-08T10:51:52.201+0000] {dag.py:3239} INFO - Sync 1 DAGs
[2025-02-08T10:51:52.214+0000] {logging_mixin.py:190} INFO - [2025-02-08T10:51:52.214+0000] {dag.py:4180} INFO - Setting next_dagrun for tutorial_taskflow_api to None, run_after=None
[2025-02-08T10:51:52.232+0000] {processor.py:208} INFO - Processing /home/airflow/.local/lib/python3.12/site-packages/airflow/example_dags/tutorial_taskflow_api.py took 0.062 seconds
[2025-02-08T10:52:22.605+0000] {processor.py:186} INFO - Started process (PID=812) to work on /home/airflow/.local/lib/python3.12/site-packages/airflow/example_dags/tutorial_taskflow_api.py
[2025-02-08T10:52:22.606+0000] {processor.py:914} INFO - Processing file /home/airflow/.local/lib/python3.12/site-packages/airflow/example_dags/tutorial_taskflow_api.py for tasks to queue
[2025-02-08T10:52:22.608+0000] {logging_mixin.py:190} INFO - [2025-02-08T10:52:22.607+0000] {dagbag.py:588} INFO - Filling up the DagBag from /home/airflow/.local/lib/python3.12/site-packages/airflow/example_dags/tutorial_taskflow_api.py
[2025-02-08T10:52:22.614+0000] {processor.py:925} INFO - DAG(s) 'tutorial_taskflow_api' retrieved from /home/airflow/.local/lib/python3.12/site-packages/airflow/example_dags/tutorial_taskflow_api.py
[2025-02-08T10:52:22.629+0000] {logging_mixin.py:190} INFO - [2025-02-08T10:52:22.629+0000] {dag.py:3239} INFO - Sync 1 DAGs
[2025-02-08T10:52:22.640+0000] {logging_mixin.py:190} INFO - [2025-02-08T10:52:22.640+0000] {dag.py:4180} INFO - Setting next_dagrun for tutorial_taskflow_api to None, run_after=None
[2025-02-08T10:52:22.655+0000] {processor.py:208} INFO - Processing /home/airflow/.local/lib/python3.12/site-packages/airflow/example_dags/tutorial_taskflow_api.py took 0.056 seconds
[2025-02-08T10:52:52.721+0000] {processor.py:186} INFO - Started process (PID=1096) to work on /home/airflow/.local/lib/python3.12/site-packages/airflow/example_dags/tutorial_taskflow_api.py
[2025-02-08T10:52:52.722+0000] {processor.py:914} INFO - Processing file /home/airflow/.local/lib/python3.12/site-packages/airflow/example_dags/tutorial_taskflow_api.py for tasks to queue
[2025-02-08T10:52:52.724+0000] {logging_mixin.py:190} INFO - [2025-02-08T10:52:52.724+0000] {dagbag.py:588} INFO - Filling up the DagBag from /home/airflow/.local/lib/python3.12/site-packages/airflow/example_dags/tutorial_taskflow_api.py
[2025-02-08T10:52:52.731+0000] {processor.py:925} INFO - DAG(s) 'tutorial_taskflow_api' retrieved from /home/airflow/.local/lib/python3.12/site-packages/airflow/example_dags/tutorial_taskflow_api.py
[2025-02-08T10:52:52.746+0000] {logging_mixin.py:190} INFO - [2025-02-08T10:52:52.745+0000] {dag.py:3239} INFO - Sync 1 DAGs
[2025-02-08T10:52:52.758+0000] {logging_mixin.py:190} INFO - [2025-02-08T10:52:52.758+0000] {dag.py:4180} INFO - Setting next_dagrun for tutorial_taskflow_api to None, run_after=None
[2025-02-08T10:52:52.772+0000] {processor.py:208} INFO - Processing /home/airflow/.local/lib/python3.12/site-packages/airflow/example_dags/tutorial_taskflow_api.py took 0.056 seconds
[2025-02-08T10:53:23.093+0000] {processor.py:186} INFO - Started process (PID=1384) to work on /home/airflow/.local/lib/python3.12/site-packages/airflow/example_dags/tutorial_taskflow_api.py
[2025-02-08T10:53:23.093+0000] {processor.py:914} INFO - Processing file /home/airflow/.local/lib/python3.12/site-packages/airflow/example_dags/tutorial_taskflow_api.py for tasks to queue
[2025-02-08T10:53:23.095+0000] {logging_mixin.py:190} INFO - [2025-02-08T10:53:23.095+0000] {dagbag.py:588} INFO - Filling up the DagBag from /home/airflow/.local/lib/python3.12/site-packages/airflow/example_dags/tutorial_taskflow_api.py
[2025-02-08T10:53:23.102+0000] {processor.py:925} INFO - DAG(s) 'tutorial_taskflow_api' retrieved from /home/airflow/.local/lib/python3.12/site-packages/airflow/example_dags/tutorial_taskflow_api.py
[2025-02-08T10:53:23.117+0000] {logging_mixin.py:190} INFO - [2025-02-08T10:53:23.116+0000] {dag.py:3239} INFO - Sync 1 DAGs
[2025-02-08T10:53:23.127+0000] {logging_mixin.py:190} INFO - [2025-02-08T10:53:23.127+0000] {dag.py:4180} INFO - Setting next_dagrun for tutorial_taskflow_api to None, run_after=None
[2025-02-08T10:53:23.141+0000] {processor.py:208} INFO - Processing /home/airflow/.local/lib/python3.12/site-packages/airflow/example_dags/tutorial_taskflow_api.py took 0.053 seconds
[2025-02-08T10:53:53.271+0000] {processor.py:186} INFO - Started process (PID=1670) to work on /home/airflow/.local/lib/python3.12/site-packages/airflow/example_dags/tutorial_taskflow_api.py
[2025-02-08T10:53:53.272+0000] {processor.py:914} INFO - Processing file /home/airflow/.local/lib/python3.12/site-packages/airflow/example_dags/tutorial_taskflow_api.py for tasks to queue
[2025-02-08T10:53:53.274+0000] {logging_mixin.py:190} INFO - [2025-02-08T10:53:53.273+0000] {dagbag.py:588} INFO - Filling up the DagBag from /home/airflow/.local/lib/python3.12/site-packages/airflow/example_dags/tutorial_taskflow_api.py
[2025-02-08T10:53:53.280+0000] {processor.py:925} INFO - DAG(s) 'tutorial_taskflow_api' retrieved from /home/airflow/.local/lib/python3.12/site-packages/airflow/example_dags/tutorial_taskflow_api.py
[2025-02-08T10:53:53.295+0000] {logging_mixin.py:190} INFO - [2025-02-08T10:53:53.295+0000] {dag.py:3239} INFO - Sync 1 DAGs
[2025-02-08T10:53:53.307+0000] {logging_mixin.py:190} INFO - [2025-02-08T10:53:53.307+0000] {dag.py:4180} INFO - Setting next_dagrun for tutorial_taskflow_api to None, run_after=None
[2025-02-08T10:53:53.324+0000] {processor.py:208} INFO - Processing /home/airflow/.local/lib/python3.12/site-packages/airflow/example_dags/tutorial_taskflow_api.py took 0.058 seconds
[2025-02-08T10:54:23.402+0000] {processor.py:186} INFO - Started process (PID=1954) to work on /home/airflow/.local/lib/python3.12/site-packages/airflow/example_dags/tutorial_taskflow_api.py
[2025-02-08T10:54:23.403+0000] {processor.py:914} INFO - Processing file /home/airflow/.local/lib/python3.12/site-packages/airflow/example_dags/tutorial_taskflow_api.py for tasks to queue
[2025-02-08T10:54:23.405+0000] {logging_mixin.py:190} INFO - [2025-02-08T10:54:23.405+0000] {dagbag.py:588} INFO - Filling up the DagBag from /home/airflow/.local/lib/python3.12/site-packages/airflow/example_dags/tutorial_taskflow_api.py
[2025-02-08T10:54:23.412+0000] {processor.py:925} INFO - DAG(s) 'tutorial_taskflow_api' retrieved from /home/airflow/.local/lib/python3.12/site-packages/airflow/example_dags/tutorial_taskflow_api.py
[2025-02-08T10:54:23.425+0000] {logging_mixin.py:190} INFO - [2025-02-08T10:54:23.425+0000] {dag.py:3239} INFO - Sync 1 DAGs
[2025-02-08T10:54:23.436+0000] {logging_mixin.py:190} INFO - [2025-02-08T10:54:23.436+0000] {dag.py:4180} INFO - Setting next_dagrun for tutorial_taskflow_api to None, run_after=None
[2025-02-08T10:54:23.453+0000] {processor.py:208} INFO - Processing /home/airflow/.local/lib/python3.12/site-packages/airflow/example_dags/tutorial_taskflow_api.py took 0.055 seconds
[2025-02-08T10:54:53.809+0000] {processor.py:186} INFO - Started process (PID=2240) to work on /home/airflow/.local/lib/python3.12/site-packages/airflow/example_dags/tutorial_taskflow_api.py
[2025-02-08T10:54:53.810+0000] {processor.py:914} INFO - Processing file /home/airflow/.local/lib/python3.12/site-packages/airflow/example_dags/tutorial_taskflow_api.py for tasks to queue
[2025-02-08T10:54:53.812+0000] {logging_mixin.py:190} INFO - [2025-02-08T10:54:53.811+0000] {dagbag.py:588} INFO - Filling up the DagBag from /home/airflow/.local/lib/python3.12/site-packages/airflow/example_dags/tutorial_taskflow_api.py
[2025-02-08T10:54:53.818+0000] {processor.py:925} INFO - DAG(s) 'tutorial_taskflow_api' retrieved from /home/airflow/.local/lib/python3.12/site-packages/airflow/example_dags/tutorial_taskflow_api.py
[2025-02-08T10:54:53.833+0000] {logging_mixin.py:190} INFO - [2025-02-08T10:54:53.833+0000] {dag.py:3239} INFO - Sync 1 DAGs
[2025-02-08T10:54:53.845+0000] {logging_mixin.py:190} INFO - [2025-02-08T10:54:53.845+0000] {dag.py:4180} INFO - Setting next_dagrun for tutorial_taskflow_api to None, run_after=None
[2025-02-08T10:54:53.862+0000] {processor.py:208} INFO - Processing /home/airflow/.local/lib/python3.12/site-packages/airflow/example_dags/tutorial_taskflow_api.py took 0.058 seconds
[2025-02-08T10:55:24.218+0000] {processor.py:186} INFO - Started process (PID=2528) to work on /home/airflow/.local/lib/python3.12/site-packages/airflow/example_dags/tutorial_taskflow_api.py
[2025-02-08T10:55:24.218+0000] {processor.py:914} INFO - Processing file /home/airflow/.local/lib/python3.12/site-packages/airflow/example_dags/tutorial_taskflow_api.py for tasks to queue
[2025-02-08T10:55:24.220+0000] {logging_mixin.py:190} INFO - [2025-02-08T10:55:24.220+0000] {dagbag.py:588} INFO - Filling up the DagBag from /home/airflow/.local/lib/python3.12/site-packages/airflow/example_dags/tutorial_taskflow_api.py
[2025-02-08T10:55:24.227+0000] {processor.py:925} INFO - DAG(s) 'tutorial_taskflow_api' retrieved from /home/airflow/.local/lib/python3.12/site-packages/airflow/example_dags/tutorial_taskflow_api.py
[2025-02-08T10:55:24.242+0000] {logging_mixin.py:190} INFO - [2025-02-08T10:55:24.242+0000] {dag.py:3239} INFO - Sync 1 DAGs
[2025-02-08T10:55:24.253+0000] {logging_mixin.py:190} INFO - [2025-02-08T10:55:24.253+0000] {dag.py:4180} INFO - Setting next_dagrun for tutorial_taskflow_api to None, run_after=None
[2025-02-08T10:55:24.269+0000] {processor.py:208} INFO - Processing /home/airflow/.local/lib/python3.12/site-packages/airflow/example_dags/tutorial_taskflow_api.py took 0.057 seconds
[2025-02-08T10:55:55.281+0000] {processor.py:186} INFO - Started process (PID=2812) to work on /home/airflow/.local/lib/python3.12/site-packages/airflow/example_dags/tutorial_taskflow_api.py
[2025-02-08T10:55:55.282+0000] {processor.py:914} INFO - Processing file /home/airflow/.local/lib/python3.12/site-packages/airflow/example_dags/tutorial_taskflow_api.py for tasks to queue
[2025-02-08T10:55:55.283+0000] {logging_mixin.py:190} INFO - [2025-02-08T10:55:55.283+0000] {dagbag.py:588} INFO - Filling up the DagBag from /home/airflow/.local/lib/python3.12/site-packages/airflow/example_dags/tutorial_taskflow_api.py
[2025-02-08T10:55:55.290+0000] {processor.py:925} INFO - DAG(s) 'tutorial_taskflow_api' retrieved from /home/airflow/.local/lib/python3.12/site-packages/airflow/example_dags/tutorial_taskflow_api.py
[2025-02-08T10:55:55.304+0000] {logging_mixin.py:190} INFO - [2025-02-08T10:55:55.304+0000] {dag.py:3239} INFO - Sync 1 DAGs
[2025-02-08T10:55:55.315+0000] {logging_mixin.py:190} INFO - [2025-02-08T10:55:55.314+0000] {dag.py:4180} INFO - Setting next_dagrun for tutorial_taskflow_api to None, run_after=None
[2025-02-08T10:55:55.330+0000] {processor.py:208} INFO - Processing /home/airflow/.local/lib/python3.12/site-packages/airflow/example_dags/tutorial_taskflow_api.py took 0.054 seconds
[2025-02-08T10:56:25.478+0000] {processor.py:186} INFO - Started process (PID=3098) to work on /home/airflow/.local/lib/python3.12/site-packages/airflow/example_dags/tutorial_taskflow_api.py
[2025-02-08T10:56:25.479+0000] {processor.py:914} INFO - Processing file /home/airflow/.local/lib/python3.12/site-packages/airflow/example_dags/tutorial_taskflow_api.py for tasks to queue
[2025-02-08T10:56:25.481+0000] {logging_mixin.py:190} INFO - [2025-02-08T10:56:25.481+0000] {dagbag.py:588} INFO - Filling up the DagBag from /home/airflow/.local/lib/python3.12/site-packages/airflow/example_dags/tutorial_taskflow_api.py
[2025-02-08T10:56:25.488+0000] {processor.py:925} INFO - DAG(s) 'tutorial_taskflow_api' retrieved from /home/airflow/.local/lib/python3.12/site-packages/airflow/example_dags/tutorial_taskflow_api.py
[2025-02-08T10:56:25.502+0000] {logging_mixin.py:190} INFO - [2025-02-08T10:56:25.502+0000] {dag.py:3239} INFO - Sync 1 DAGs
[2025-02-08T10:56:25.514+0000] {logging_mixin.py:190} INFO - [2025-02-08T10:56:25.513+0000] {dag.py:4180} INFO - Setting next_dagrun for tutorial_taskflow_api to None, run_after=None
[2025-02-08T10:56:25.530+0000] {processor.py:208} INFO - Processing /home/airflow/.local/lib/python3.12/site-packages/airflow/example_dags/tutorial_taskflow_api.py took 0.057 seconds
[2025-02-08T10:56:55.720+0000] {processor.py:186} INFO - Started process (PID=3384) to work on /home/airflow/.local/lib/python3.12/site-packages/airflow/example_dags/tutorial_taskflow_api.py
[2025-02-08T10:56:55.720+0000] {processor.py:914} INFO - Processing file /home/airflow/.local/lib/python3.12/site-packages/airflow/example_dags/tutorial_taskflow_api.py for tasks to queue
[2025-02-08T10:56:55.722+0000] {logging_mixin.py:190} INFO - [2025-02-08T10:56:55.722+0000] {dagbag.py:588} INFO - Filling up the DagBag from /home/airflow/.local/lib/python3.12/site-packages/airflow/example_dags/tutorial_taskflow_api.py
[2025-02-08T10:56:55.728+0000] {processor.py:925} INFO - DAG(s) 'tutorial_taskflow_api' retrieved from /home/airflow/.local/lib/python3.12/site-packages/airflow/example_dags/tutorial_taskflow_api.py
[2025-02-08T10:56:55.741+0000] {logging_mixin.py:190} INFO - [2025-02-08T10:56:55.741+0000] {dag.py:3239} INFO - Sync 1 DAGs
[2025-02-08T10:56:55.751+0000] {logging_mixin.py:190} INFO - [2025-02-08T10:56:55.751+0000] {dag.py:4180} INFO - Setting next_dagrun for tutorial_taskflow_api to None, run_after=None
[2025-02-08T10:56:55.767+0000] {processor.py:208} INFO - Processing /home/airflow/.local/lib/python3.12/site-packages/airflow/example_dags/tutorial_taskflow_api.py took 0.051 seconds
[2025-02-08T10:57:26.052+0000] {processor.py:186} INFO - Started process (PID=3670) to work on /home/airflow/.local/lib/python3.12/site-packages/airflow/example_dags/tutorial_taskflow_api.py
[2025-02-08T10:57:26.052+0000] {processor.py:914} INFO - Processing file /home/airflow/.local/lib/python3.12/site-packages/airflow/example_dags/tutorial_taskflow_api.py for tasks to queue
[2025-02-08T10:57:26.055+0000] {logging_mixin.py:190} INFO - [2025-02-08T10:57:26.054+0000] {dagbag.py:588} INFO - Filling up the DagBag from /home/airflow/.local/lib/python3.12/site-packages/airflow/example_dags/tutorial_taskflow_api.py
[2025-02-08T10:57:26.063+0000] {processor.py:925} INFO - DAG(s) 'tutorial_taskflow_api' retrieved from /home/airflow/.local/lib/python3.12/site-packages/airflow/example_dags/tutorial_taskflow_api.py
[2025-02-08T10:57:26.078+0000] {logging_mixin.py:190} INFO - [2025-02-08T10:57:26.078+0000] {dag.py:3239} INFO - Sync 1 DAGs
[2025-02-08T10:57:26.090+0000] {logging_mixin.py:190} INFO - [2025-02-08T10:57:26.089+0000] {dag.py:4180} INFO - Setting next_dagrun for tutorial_taskflow_api to None, run_after=None
[2025-02-08T10:57:26.107+0000] {processor.py:208} INFO - Processing /home/airflow/.local/lib/python3.12/site-packages/airflow/example_dags/tutorial_taskflow_api.py took 0.061 seconds
[2025-02-08T10:57:56.584+0000] {processor.py:186} INFO - Started process (PID=3956) to work on /home/airflow/.local/lib/python3.12/site-packages/airflow/example_dags/tutorial_taskflow_api.py
[2025-02-08T10:57:56.585+0000] {processor.py:914} INFO - Processing file /home/airflow/.local/lib/python3.12/site-packages/airflow/example_dags/tutorial_taskflow_api.py for tasks to queue
[2025-02-08T10:57:56.587+0000] {logging_mixin.py:190} INFO - [2025-02-08T10:57:56.587+0000] {dagbag.py:588} INFO - Filling up the DagBag from /home/airflow/.local/lib/python3.12/site-packages/airflow/example_dags/tutorial_taskflow_api.py
[2025-02-08T10:57:56.593+0000] {processor.py:925} INFO - DAG(s) 'tutorial_taskflow_api' retrieved from /home/airflow/.local/lib/python3.12/site-packages/airflow/example_dags/tutorial_taskflow_api.py
[2025-02-08T10:57:56.608+0000] {logging_mixin.py:190} INFO - [2025-02-08T10:57:56.608+0000] {dag.py:3239} INFO - Sync 1 DAGs
[2025-02-08T10:57:56.620+0000] {logging_mixin.py:190} INFO - [2025-02-08T10:57:56.620+0000] {dag.py:4180} INFO - Setting next_dagrun for tutorial_taskflow_api to None, run_after=None
[2025-02-08T10:57:56.635+0000] {processor.py:208} INFO - Processing /home/airflow/.local/lib/python3.12/site-packages/airflow/example_dags/tutorial_taskflow_api.py took 0.056 seconds
[2025-02-08T10:58:26.802+0000] {processor.py:186} INFO - Started process (PID=4250) to work on /home/airflow/.local/lib/python3.12/site-packages/airflow/example_dags/tutorial_taskflow_api.py
[2025-02-08T10:58:26.803+0000] {processor.py:914} INFO - Processing file /home/airflow/.local/lib/python3.12/site-packages/airflow/example_dags/tutorial_taskflow_api.py for tasks to queue
[2025-02-08T10:58:26.805+0000] {logging_mixin.py:190} INFO - [2025-02-08T10:58:26.805+0000] {dagbag.py:588} INFO - Filling up the DagBag from /home/airflow/.local/lib/python3.12/site-packages/airflow/example_dags/tutorial_taskflow_api.py
[2025-02-08T10:58:26.813+0000] {processor.py:925} INFO - DAG(s) 'tutorial_taskflow_api' retrieved from /home/airflow/.local/lib/python3.12/site-packages/airflow/example_dags/tutorial_taskflow_api.py
[2025-02-08T10:58:26.830+0000] {logging_mixin.py:190} INFO - [2025-02-08T10:58:26.830+0000] {dag.py:3239} INFO - Sync 1 DAGs
[2025-02-08T10:58:26.845+0000] {logging_mixin.py:190} INFO - [2025-02-08T10:58:26.845+0000] {dag.py:4180} INFO - Setting next_dagrun for tutorial_taskflow_api to None, run_after=None
[2025-02-08T10:58:26.861+0000] {processor.py:208} INFO - Processing /home/airflow/.local/lib/python3.12/site-packages/airflow/example_dags/tutorial_taskflow_api.py took 0.065 seconds
[2025-02-08T10:58:57.322+0000] {processor.py:186} INFO - Started process (PID=4732) to work on /home/airflow/.local/lib/python3.12/site-packages/airflow/example_dags/tutorial_taskflow_api.py
[2025-02-08T10:58:57.323+0000] {processor.py:914} INFO - Processing file /home/airflow/.local/lib/python3.12/site-packages/airflow/example_dags/tutorial_taskflow_api.py for tasks to queue
[2025-02-08T10:58:57.325+0000] {logging_mixin.py:190} INFO - [2025-02-08T10:58:57.325+0000] {dagbag.py:588} INFO - Filling up the DagBag from /home/airflow/.local/lib/python3.12/site-packages/airflow/example_dags/tutorial_taskflow_api.py
[2025-02-08T10:58:57.333+0000] {processor.py:925} INFO - DAG(s) 'tutorial_taskflow_api' retrieved from /home/airflow/.local/lib/python3.12/site-packages/airflow/example_dags/tutorial_taskflow_api.py
[2025-02-08T10:58:57.352+0000] {logging_mixin.py:190} INFO - [2025-02-08T10:58:57.351+0000] {dag.py:3239} INFO - Sync 1 DAGs
[2025-02-08T10:58:57.367+0000] {logging_mixin.py:190} INFO - [2025-02-08T10:58:57.367+0000] {dag.py:4180} INFO - Setting next_dagrun for tutorial_taskflow_api to None, run_after=None
[2025-02-08T10:58:57.386+0000] {processor.py:208} INFO - Processing /home/airflow/.local/lib/python3.12/site-packages/airflow/example_dags/tutorial_taskflow_api.py took 0.070 seconds
[2025-02-08T10:59:27.612+0000] {processor.py:186} INFO - Started process (PID=5025) to work on /home/airflow/.local/lib/python3.12/site-packages/airflow/example_dags/tutorial_taskflow_api.py
[2025-02-08T10:59:27.614+0000] {processor.py:914} INFO - Processing file /home/airflow/.local/lib/python3.12/site-packages/airflow/example_dags/tutorial_taskflow_api.py for tasks to queue
[2025-02-08T10:59:27.616+0000] {logging_mixin.py:190} INFO - [2025-02-08T10:59:27.616+0000] {dagbag.py:588} INFO - Filling up the DagBag from /home/airflow/.local/lib/python3.12/site-packages/airflow/example_dags/tutorial_taskflow_api.py
[2025-02-08T10:59:27.626+0000] {processor.py:925} INFO - DAG(s) 'tutorial_taskflow_api' retrieved from /home/airflow/.local/lib/python3.12/site-packages/airflow/example_dags/tutorial_taskflow_api.py
[2025-02-08T10:59:27.643+0000] {logging_mixin.py:190} INFO - [2025-02-08T10:59:27.643+0000] {dag.py:3239} INFO - Sync 1 DAGs
[2025-02-08T10:59:27.655+0000] {logging_mixin.py:190} INFO - [2025-02-08T10:59:27.655+0000] {dag.py:4180} INFO - Setting next_dagrun for tutorial_taskflow_api to None, run_after=None
[2025-02-08T10:59:27.674+0000] {processor.py:208} INFO - Processing /home/airflow/.local/lib/python3.12/site-packages/airflow/example_dags/tutorial_taskflow_api.py took 0.068 seconds
[2025-02-08T11:01:57.373+0000] {processor.py:186} INFO - Started process (PID=243) to work on /home/airflow/.local/lib/python3.12/site-packages/airflow/example_dags/tutorial_taskflow_api.py
[2025-02-08T11:01:57.374+0000] {processor.py:914} INFO - Processing file /home/airflow/.local/lib/python3.12/site-packages/airflow/example_dags/tutorial_taskflow_api.py for tasks to queue
[2025-02-08T11:01:57.376+0000] {logging_mixin.py:190} INFO - [2025-02-08T11:01:57.376+0000] {dagbag.py:588} INFO - Filling up the DagBag from /home/airflow/.local/lib/python3.12/site-packages/airflow/example_dags/tutorial_taskflow_api.py
[2025-02-08T11:01:57.384+0000] {processor.py:925} INFO - DAG(s) 'tutorial_taskflow_api' retrieved from /home/airflow/.local/lib/python3.12/site-packages/airflow/example_dags/tutorial_taskflow_api.py
[2025-02-08T11:01:57.478+0000] {logging_mixin.py:190} INFO - [2025-02-08T11:01:57.478+0000] {override.py:1900} INFO - Created Permission View: can read on DAG:tutorial_taskflow_api
[2025-02-08T11:01:57.486+0000] {logging_mixin.py:190} INFO - [2025-02-08T11:01:57.486+0000] {override.py:1900} INFO - Created Permission View: can delete on DAG:tutorial_taskflow_api
[2025-02-08T11:01:57.492+0000] {logging_mixin.py:190} INFO - [2025-02-08T11:01:57.491+0000] {override.py:1900} INFO - Created Permission View: can edit on DAG:tutorial_taskflow_api
[2025-02-08T11:01:57.498+0000] {logging_mixin.py:190} INFO - [2025-02-08T11:01:57.498+0000] {override.py:1900} INFO - Created Permission View: menu access on DAG Run:tutorial_taskflow_api
[2025-02-08T11:01:57.504+0000] {logging_mixin.py:190} INFO - [2025-02-08T11:01:57.503+0000] {override.py:1900} INFO - Created Permission View: can read on DAG Run:tutorial_taskflow_api
[2025-02-08T11:01:57.509+0000] {logging_mixin.py:190} INFO - [2025-02-08T11:01:57.508+0000] {override.py:1900} INFO - Created Permission View: can create on DAG Run:tutorial_taskflow_api
[2025-02-08T11:01:57.515+0000] {logging_mixin.py:190} INFO - [2025-02-08T11:01:57.515+0000] {override.py:1900} INFO - Created Permission View: can delete on DAG Run:tutorial_taskflow_api
[2025-02-08T11:01:57.516+0000] {logging_mixin.py:190} INFO - [2025-02-08T11:01:57.516+0000] {dag.py:3239} INFO - Sync 1 DAGs
[2025-02-08T11:01:57.525+0000] {logging_mixin.py:190} INFO - [2025-02-08T11:01:57.524+0000] {dag.py:3262} INFO - Creating ORM DAG for tutorial_taskflow_api
[2025-02-08T11:01:57.525+0000] {logging_mixin.py:190} INFO - [2025-02-08T11:01:57.525+0000] {dag.py:4180} INFO - Setting next_dagrun for tutorial_taskflow_api to None, run_after=None
[2025-02-08T11:01:57.537+0000] {processor.py:208} INFO - Processing /home/airflow/.local/lib/python3.12/site-packages/airflow/example_dags/tutorial_taskflow_api.py took 0.169 seconds
[2025-02-08T11:02:28.463+0000] {processor.py:186} INFO - Started process (PID=529) to work on /home/airflow/.local/lib/python3.12/site-packages/airflow/example_dags/tutorial_taskflow_api.py
[2025-02-08T11:02:28.464+0000] {processor.py:914} INFO - Processing file /home/airflow/.local/lib/python3.12/site-packages/airflow/example_dags/tutorial_taskflow_api.py for tasks to queue
[2025-02-08T11:02:28.466+0000] {logging_mixin.py:190} INFO - [2025-02-08T11:02:28.466+0000] {dagbag.py:588} INFO - Filling up the DagBag from /home/airflow/.local/lib/python3.12/site-packages/airflow/example_dags/tutorial_taskflow_api.py
[2025-02-08T11:02:28.473+0000] {processor.py:925} INFO - DAG(s) 'tutorial_taskflow_api' retrieved from /home/airflow/.local/lib/python3.12/site-packages/airflow/example_dags/tutorial_taskflow_api.py
[2025-02-08T11:02:28.490+0000] {logging_mixin.py:190} INFO - [2025-02-08T11:02:28.490+0000] {dag.py:3239} INFO - Sync 1 DAGs
[2025-02-08T11:02:28.501+0000] {logging_mixin.py:190} INFO - [2025-02-08T11:02:28.500+0000] {dag.py:4180} INFO - Setting next_dagrun for tutorial_taskflow_api to None, run_after=None
[2025-02-08T11:02:28.518+0000] {processor.py:208} INFO - Processing /home/airflow/.local/lib/python3.12/site-packages/airflow/example_dags/tutorial_taskflow_api.py took 0.059 seconds
[2025-02-08T11:03:37.609+0000] {processor.py:186} INFO - Started process (PID=243) to work on /home/airflow/.local/lib/python3.12/site-packages/airflow/example_dags/tutorial_taskflow_api.py
[2025-02-08T11:03:37.610+0000] {processor.py:914} INFO - Processing file /home/airflow/.local/lib/python3.12/site-packages/airflow/example_dags/tutorial_taskflow_api.py for tasks to queue
[2025-02-08T11:03:37.611+0000] {logging_mixin.py:190} INFO - [2025-02-08T11:03:37.611+0000] {dagbag.py:588} INFO - Filling up the DagBag from /home/airflow/.local/lib/python3.12/site-packages/airflow/example_dags/tutorial_taskflow_api.py
[2025-02-08T11:03:37.621+0000] {processor.py:925} INFO - DAG(s) 'tutorial_taskflow_api' retrieved from /home/airflow/.local/lib/python3.12/site-packages/airflow/example_dags/tutorial_taskflow_api.py
[2025-02-08T11:03:37.641+0000] {logging_mixin.py:190} INFO - [2025-02-08T11:03:37.641+0000] {dag.py:3239} INFO - Sync 1 DAGs
[2025-02-08T11:03:37.652+0000] {logging_mixin.py:190} INFO - [2025-02-08T11:03:37.652+0000] {dag.py:4180} INFO - Setting next_dagrun for tutorial_taskflow_api to None, run_after=None
[2025-02-08T11:03:37.670+0000] {processor.py:208} INFO - Processing /home/airflow/.local/lib/python3.12/site-packages/airflow/example_dags/tutorial_taskflow_api.py took 0.066 seconds
[2025-02-08T11:04:08.005+0000] {processor.py:186} INFO - Started process (PID=529) to work on /home/airflow/.local/lib/python3.12/site-packages/airflow/example_dags/tutorial_taskflow_api.py
[2025-02-08T11:04:08.006+0000] {processor.py:914} INFO - Processing file /home/airflow/.local/lib/python3.12/site-packages/airflow/example_dags/tutorial_taskflow_api.py for tasks to queue
[2025-02-08T11:04:08.008+0000] {logging_mixin.py:190} INFO - [2025-02-08T11:04:08.008+0000] {dagbag.py:588} INFO - Filling up the DagBag from /home/airflow/.local/lib/python3.12/site-packages/airflow/example_dags/tutorial_taskflow_api.py
[2025-02-08T11:04:08.015+0000] {processor.py:925} INFO - DAG(s) 'tutorial_taskflow_api' retrieved from /home/airflow/.local/lib/python3.12/site-packages/airflow/example_dags/tutorial_taskflow_api.py
[2025-02-08T11:04:08.031+0000] {logging_mixin.py:190} INFO - [2025-02-08T11:04:08.031+0000] {dag.py:3239} INFO - Sync 1 DAGs
[2025-02-08T11:04:08.044+0000] {logging_mixin.py:190} INFO - [2025-02-08T11:04:08.043+0000] {dag.py:4180} INFO - Setting next_dagrun for tutorial_taskflow_api to None, run_after=None
[2025-02-08T11:04:08.062+0000] {processor.py:208} INFO - Processing /home/airflow/.local/lib/python3.12/site-packages/airflow/example_dags/tutorial_taskflow_api.py took 0.062 seconds
[2025-02-08T11:04:38.319+0000] {processor.py:186} INFO - Started process (PID=815) to work on /home/airflow/.local/lib/python3.12/site-packages/airflow/example_dags/tutorial_taskflow_api.py
[2025-02-08T11:04:38.320+0000] {processor.py:914} INFO - Processing file /home/airflow/.local/lib/python3.12/site-packages/airflow/example_dags/tutorial_taskflow_api.py for tasks to queue
[2025-02-08T11:04:38.322+0000] {logging_mixin.py:190} INFO - [2025-02-08T11:04:38.322+0000] {dagbag.py:588} INFO - Filling up the DagBag from /home/airflow/.local/lib/python3.12/site-packages/airflow/example_dags/tutorial_taskflow_api.py
[2025-02-08T11:04:38.328+0000] {processor.py:925} INFO - DAG(s) 'tutorial_taskflow_api' retrieved from /home/airflow/.local/lib/python3.12/site-packages/airflow/example_dags/tutorial_taskflow_api.py
[2025-02-08T11:04:38.343+0000] {logging_mixin.py:190} INFO - [2025-02-08T11:04:38.342+0000] {dag.py:3239} INFO - Sync 1 DAGs
[2025-02-08T11:04:38.353+0000] {logging_mixin.py:190} INFO - [2025-02-08T11:04:38.353+0000] {dag.py:4180} INFO - Setting next_dagrun for tutorial_taskflow_api to None, run_after=None
[2025-02-08T11:04:38.368+0000] {processor.py:208} INFO - Processing /home/airflow/.local/lib/python3.12/site-packages/airflow/example_dags/tutorial_taskflow_api.py took 0.053 seconds
[2025-02-08T11:33:18.038+0000] {processor.py:186} INFO - Started process (PID=245) to work on /home/airflow/.local/lib/python3.12/site-packages/airflow/example_dags/tutorial_taskflow_api.py
[2025-02-08T11:33:18.039+0000] {processor.py:914} INFO - Processing file /home/airflow/.local/lib/python3.12/site-packages/airflow/example_dags/tutorial_taskflow_api.py for tasks to queue
[2025-02-08T11:33:18.040+0000] {logging_mixin.py:190} INFO - [2025-02-08T11:33:18.040+0000] {dagbag.py:588} INFO - Filling up the DagBag from /home/airflow/.local/lib/python3.12/site-packages/airflow/example_dags/tutorial_taskflow_api.py
[2025-02-08T11:33:18.050+0000] {processor.py:925} INFO - DAG(s) 'tutorial_taskflow_api' retrieved from /home/airflow/.local/lib/python3.12/site-packages/airflow/example_dags/tutorial_taskflow_api.py
[2025-02-08T11:33:18.139+0000] {logging_mixin.py:190} INFO - [2025-02-08T11:33:18.139+0000] {override.py:1900} INFO - Created Permission View: can edit on DAG:tutorial_taskflow_api
[2025-02-08T11:33:18.149+0000] {logging_mixin.py:190} INFO - [2025-02-08T11:33:18.149+0000] {override.py:1900} INFO - Created Permission View: can delete on DAG:tutorial_taskflow_api
[2025-02-08T11:33:18.155+0000] {logging_mixin.py:190} INFO - [2025-02-08T11:33:18.155+0000] {override.py:1900} INFO - Created Permission View: can read on DAG:tutorial_taskflow_api
[2025-02-08T11:33:18.164+0000] {logging_mixin.py:190} INFO - [2025-02-08T11:33:18.164+0000] {override.py:1900} INFO - Created Permission View: menu access on DAG Run:tutorial_taskflow_api
[2025-02-08T11:33:18.170+0000] {logging_mixin.py:190} INFO - [2025-02-08T11:33:18.170+0000] {override.py:1900} INFO - Created Permission View: can create on DAG Run:tutorial_taskflow_api
[2025-02-08T11:33:18.177+0000] {logging_mixin.py:190} INFO - [2025-02-08T11:33:18.177+0000] {override.py:1900} INFO - Created Permission View: can delete on DAG Run:tutorial_taskflow_api
[2025-02-08T11:33:18.183+0000] {logging_mixin.py:190} INFO - [2025-02-08T11:33:18.183+0000] {override.py:1900} INFO - Created Permission View: can read on DAG Run:tutorial_taskflow_api
[2025-02-08T11:33:18.184+0000] {logging_mixin.py:190} INFO - [2025-02-08T11:33:18.184+0000] {dag.py:3239} INFO - Sync 1 DAGs
[2025-02-08T11:33:18.195+0000] {logging_mixin.py:190} INFO - [2025-02-08T11:33:18.195+0000] {dag.py:3262} INFO - Creating ORM DAG for tutorial_taskflow_api
[2025-02-08T11:33:18.196+0000] {logging_mixin.py:190} INFO - [2025-02-08T11:33:18.196+0000] {dag.py:4180} INFO - Setting next_dagrun for tutorial_taskflow_api to None, run_after=None
[2025-02-08T11:33:18.210+0000] {processor.py:208} INFO - Processing /home/airflow/.local/lib/python3.12/site-packages/airflow/example_dags/tutorial_taskflow_api.py took 0.177 seconds
[2025-02-08T11:33:48.262+0000] {processor.py:186} INFO - Started process (PID=529) to work on /home/airflow/.local/lib/python3.12/site-packages/airflow/example_dags/tutorial_taskflow_api.py
[2025-02-08T11:33:48.263+0000] {processor.py:914} INFO - Processing file /home/airflow/.local/lib/python3.12/site-packages/airflow/example_dags/tutorial_taskflow_api.py for tasks to queue
[2025-02-08T11:33:48.265+0000] {logging_mixin.py:190} INFO - [2025-02-08T11:33:48.265+0000] {dagbag.py:588} INFO - Filling up the DagBag from /home/airflow/.local/lib/python3.12/site-packages/airflow/example_dags/tutorial_taskflow_api.py
[2025-02-08T11:33:48.271+0000] {processor.py:925} INFO - DAG(s) 'tutorial_taskflow_api' retrieved from /home/airflow/.local/lib/python3.12/site-packages/airflow/example_dags/tutorial_taskflow_api.py
[2025-02-08T11:33:48.286+0000] {logging_mixin.py:190} INFO - [2025-02-08T11:33:48.285+0000] {dag.py:3239} INFO - Sync 1 DAGs
[2025-02-08T11:33:48.296+0000] {logging_mixin.py:190} INFO - [2025-02-08T11:33:48.296+0000] {dag.py:4180} INFO - Setting next_dagrun for tutorial_taskflow_api to None, run_after=None
[2025-02-08T11:33:48.312+0000] {processor.py:208} INFO - Processing /home/airflow/.local/lib/python3.12/site-packages/airflow/example_dags/tutorial_taskflow_api.py took 0.056 seconds
[2025-02-08T11:34:18.793+0000] {processor.py:186} INFO - Started process (PID=815) to work on /home/airflow/.local/lib/python3.12/site-packages/airflow/example_dags/tutorial_taskflow_api.py
[2025-02-08T11:34:18.793+0000] {processor.py:914} INFO - Processing file /home/airflow/.local/lib/python3.12/site-packages/airflow/example_dags/tutorial_taskflow_api.py for tasks to queue
[2025-02-08T11:34:18.795+0000] {logging_mixin.py:190} INFO - [2025-02-08T11:34:18.795+0000] {dagbag.py:588} INFO - Filling up the DagBag from /home/airflow/.local/lib/python3.12/site-packages/airflow/example_dags/tutorial_taskflow_api.py
[2025-02-08T11:34:18.802+0000] {processor.py:925} INFO - DAG(s) 'tutorial_taskflow_api' retrieved from /home/airflow/.local/lib/python3.12/site-packages/airflow/example_dags/tutorial_taskflow_api.py
[2025-02-08T11:34:18.817+0000] {logging_mixin.py:190} INFO - [2025-02-08T11:34:18.817+0000] {dag.py:3239} INFO - Sync 1 DAGs
[2025-02-08T11:34:18.829+0000] {logging_mixin.py:190} INFO - [2025-02-08T11:34:18.829+0000] {dag.py:4180} INFO - Setting next_dagrun for tutorial_taskflow_api to None, run_after=None
[2025-02-08T11:34:18.845+0000] {processor.py:208} INFO - Processing /home/airflow/.local/lib/python3.12/site-packages/airflow/example_dags/tutorial_taskflow_api.py took 0.057 seconds
[2025-02-08T11:34:49.022+0000] {processor.py:186} INFO - Started process (PID=1101) to work on /home/airflow/.local/lib/python3.12/site-packages/airflow/example_dags/tutorial_taskflow_api.py
[2025-02-08T11:34:49.023+0000] {processor.py:914} INFO - Processing file /home/airflow/.local/lib/python3.12/site-packages/airflow/example_dags/tutorial_taskflow_api.py for tasks to queue
[2025-02-08T11:34:49.025+0000] {logging_mixin.py:190} INFO - [2025-02-08T11:34:49.024+0000] {dagbag.py:588} INFO - Filling up the DagBag from /home/airflow/.local/lib/python3.12/site-packages/airflow/example_dags/tutorial_taskflow_api.py
[2025-02-08T11:34:49.031+0000] {processor.py:925} INFO - DAG(s) 'tutorial_taskflow_api' retrieved from /home/airflow/.local/lib/python3.12/site-packages/airflow/example_dags/tutorial_taskflow_api.py
[2025-02-08T11:34:49.046+0000] {logging_mixin.py:190} INFO - [2025-02-08T11:34:49.045+0000] {dag.py:3239} INFO - Sync 1 DAGs
[2025-02-08T11:34:49.057+0000] {logging_mixin.py:190} INFO - [2025-02-08T11:34:49.057+0000] {dag.py:4180} INFO - Setting next_dagrun for tutorial_taskflow_api to None, run_after=None
[2025-02-08T11:34:49.071+0000] {processor.py:208} INFO - Processing /home/airflow/.local/lib/python3.12/site-packages/airflow/example_dags/tutorial_taskflow_api.py took 0.054 seconds
[2025-02-08T11:35:19.135+0000] {processor.py:186} INFO - Started process (PID=1384) to work on /home/airflow/.local/lib/python3.12/site-packages/airflow/example_dags/tutorial_taskflow_api.py
[2025-02-08T11:35:19.136+0000] {processor.py:914} INFO - Processing file /home/airflow/.local/lib/python3.12/site-packages/airflow/example_dags/tutorial_taskflow_api.py for tasks to queue
[2025-02-08T11:35:19.138+0000] {logging_mixin.py:190} INFO - [2025-02-08T11:35:19.138+0000] {dagbag.py:588} INFO - Filling up the DagBag from /home/airflow/.local/lib/python3.12/site-packages/airflow/example_dags/tutorial_taskflow_api.py
[2025-02-08T11:35:19.145+0000] {processor.py:925} INFO - DAG(s) 'tutorial_taskflow_api' retrieved from /home/airflow/.local/lib/python3.12/site-packages/airflow/example_dags/tutorial_taskflow_api.py
[2025-02-08T11:35:19.163+0000] {logging_mixin.py:190} INFO - [2025-02-08T11:35:19.163+0000] {dag.py:3239} INFO - Sync 1 DAGs
[2025-02-08T11:35:19.175+0000] {logging_mixin.py:190} INFO - [2025-02-08T11:35:19.175+0000] {dag.py:4180} INFO - Setting next_dagrun for tutorial_taskflow_api to None, run_after=None
[2025-02-08T11:35:19.191+0000] {processor.py:208} INFO - Processing /home/airflow/.local/lib/python3.12/site-packages/airflow/example_dags/tutorial_taskflow_api.py took 0.061 seconds
