[2025-02-08T10:51:21.421+0000] {processor.py:186} INFO - Started process (PID=233) to work on /home/airflow/.local/lib/python3.12/site-packages/airflow/example_dags/tutorial.py
[2025-02-08T10:51:21.422+0000] {processor.py:914} INFO - Processing file /home/airflow/.local/lib/python3.12/site-packages/airflow/example_dags/tutorial.py for tasks to queue
[2025-02-08T10:51:21.424+0000] {logging_mixin.py:190} INFO - [2025-02-08T10:51:21.423+0000] {dagbag.py:588} INFO - Filling up the DagBag from /home/airflow/.local/lib/python3.12/site-packages/airflow/example_dags/tutorial.py
[2025-02-08T10:51:21.444+0000] {processor.py:925} INFO - DAG(s) 'tutorial' retrieved from /home/airflow/.local/lib/python3.12/site-packages/airflow/example_dags/tutorial.py
[2025-02-08T10:51:21.544+0000] {logging_mixin.py:190} INFO - [2025-02-08T10:51:21.543+0000] {override.py:1900} INFO - Created Permission View: can delete on DAG:tutorial
[2025-02-08T10:51:21.553+0000] {logging_mixin.py:190} INFO - [2025-02-08T10:51:21.553+0000] {override.py:1900} INFO - Created Permission View: can read on DAG:tutorial
[2025-02-08T10:51:21.565+0000] {logging_mixin.py:190} INFO - [2025-02-08T10:51:21.565+0000] {override.py:1900} INFO - Created Permission View: can edit on DAG:tutorial
[2025-02-08T10:51:21.572+0000] {logging_mixin.py:190} INFO - [2025-02-08T10:51:21.572+0000] {override.py:1900} INFO - Created Permission View: can delete on DAG Run:tutorial
[2025-02-08T10:51:21.579+0000] {logging_mixin.py:190} INFO - [2025-02-08T10:51:21.579+0000] {override.py:1900} INFO - Created Permission View: can read on DAG Run:tutorial
[2025-02-08T10:51:21.586+0000] {logging_mixin.py:190} INFO - [2025-02-08T10:51:21.586+0000] {override.py:1900} INFO - Created Permission View: menu access on DAG Run:tutorial
[2025-02-08T10:51:21.592+0000] {logging_mixin.py:190} INFO - [2025-02-08T10:51:21.591+0000] {override.py:1900} INFO - Created Permission View: can create on DAG Run:tutorial
[2025-02-08T10:51:21.592+0000] {logging_mixin.py:190} INFO - [2025-02-08T10:51:21.592+0000] {dag.py:3239} INFO - Sync 1 DAGs
[2025-02-08T10:51:21.604+0000] {logging_mixin.py:190} INFO - [2025-02-08T10:51:21.603+0000] {dag.py:3262} INFO - Creating ORM DAG for tutorial
[2025-02-08T10:51:21.611+0000] {logging_mixin.py:190} INFO - [2025-02-08T10:51:21.611+0000] {dag.py:4180} INFO - Setting next_dagrun for tutorial to 2025-02-07 00:00:00+00:00, run_after=2025-02-08 00:00:00+00:00
[2025-02-08T10:51:21.624+0000] {processor.py:208} INFO - Processing /home/airflow/.local/lib/python3.12/site-packages/airflow/example_dags/tutorial.py took 0.207 seconds
[2025-02-08T10:51:52.165+0000] {processor.py:186} INFO - Started process (PID=521) to work on /home/airflow/.local/lib/python3.12/site-packages/airflow/example_dags/tutorial.py
[2025-02-08T10:51:52.166+0000] {processor.py:914} INFO - Processing file /home/airflow/.local/lib/python3.12/site-packages/airflow/example_dags/tutorial.py for tasks to queue
[2025-02-08T10:51:52.168+0000] {logging_mixin.py:190} INFO - [2025-02-08T10:51:52.168+0000] {dagbag.py:588} INFO - Filling up the DagBag from /home/airflow/.local/lib/python3.12/site-packages/airflow/example_dags/tutorial.py
[2025-02-08T10:51:52.174+0000] {processor.py:925} INFO - DAG(s) 'tutorial' retrieved from /home/airflow/.local/lib/python3.12/site-packages/airflow/example_dags/tutorial.py
[2025-02-08T10:51:52.189+0000] {logging_mixin.py:190} INFO - [2025-02-08T10:51:52.189+0000] {dag.py:3239} INFO - Sync 1 DAGs
[2025-02-08T10:51:52.211+0000] {logging_mixin.py:190} INFO - [2025-02-08T10:51:52.211+0000] {dag.py:4180} INFO - Setting next_dagrun for tutorial to 2025-02-07 00:00:00+00:00, run_after=2025-02-08 00:00:00+00:00
[2025-02-08T10:51:52.230+0000] {processor.py:208} INFO - Processing /home/airflow/.local/lib/python3.12/site-packages/airflow/example_dags/tutorial.py took 0.069 seconds
[2025-02-08T10:52:22.511+0000] {processor.py:186} INFO - Started process (PID=807) to work on /home/airflow/.local/lib/python3.12/site-packages/airflow/example_dags/tutorial.py
[2025-02-08T10:52:22.512+0000] {processor.py:914} INFO - Processing file /home/airflow/.local/lib/python3.12/site-packages/airflow/example_dags/tutorial.py for tasks to queue
[2025-02-08T10:52:22.513+0000] {logging_mixin.py:190} INFO - [2025-02-08T10:52:22.513+0000] {dagbag.py:588} INFO - Filling up the DagBag from /home/airflow/.local/lib/python3.12/site-packages/airflow/example_dags/tutorial.py
[2025-02-08T10:52:22.521+0000] {processor.py:925} INFO - DAG(s) 'tutorial' retrieved from /home/airflow/.local/lib/python3.12/site-packages/airflow/example_dags/tutorial.py
[2025-02-08T10:52:22.537+0000] {logging_mixin.py:190} INFO - [2025-02-08T10:52:22.537+0000] {dag.py:3239} INFO - Sync 1 DAGs
[2025-02-08T10:52:22.557+0000] {logging_mixin.py:190} INFO - [2025-02-08T10:52:22.557+0000] {dag.py:4180} INFO - Setting next_dagrun for tutorial to 2025-02-07 00:00:00+00:00, run_after=2025-02-08 00:00:00+00:00
[2025-02-08T10:52:22.574+0000] {processor.py:208} INFO - Processing /home/airflow/.local/lib/python3.12/site-packages/airflow/example_dags/tutorial.py took 0.068 seconds
[2025-02-08T10:52:52.653+0000] {processor.py:186} INFO - Started process (PID=1091) to work on /home/airflow/.local/lib/python3.12/site-packages/airflow/example_dags/tutorial.py
[2025-02-08T10:52:52.654+0000] {processor.py:914} INFO - Processing file /home/airflow/.local/lib/python3.12/site-packages/airflow/example_dags/tutorial.py for tasks to queue
[2025-02-08T10:52:52.655+0000] {logging_mixin.py:190} INFO - [2025-02-08T10:52:52.655+0000] {dagbag.py:588} INFO - Filling up the DagBag from /home/airflow/.local/lib/python3.12/site-packages/airflow/example_dags/tutorial.py
[2025-02-08T10:52:52.661+0000] {processor.py:925} INFO - DAG(s) 'tutorial' retrieved from /home/airflow/.local/lib/python3.12/site-packages/airflow/example_dags/tutorial.py
[2025-02-08T10:52:52.675+0000] {logging_mixin.py:190} INFO - [2025-02-08T10:52:52.675+0000] {dag.py:3239} INFO - Sync 1 DAGs
[2025-02-08T10:52:52.694+0000] {logging_mixin.py:190} INFO - [2025-02-08T10:52:52.694+0000] {dag.py:4180} INFO - Setting next_dagrun for tutorial to 2025-02-07 00:00:00+00:00, run_after=2025-02-08 00:00:00+00:00
[2025-02-08T10:52:52.712+0000] {processor.py:208} INFO - Processing /home/airflow/.local/lib/python3.12/site-packages/airflow/example_dags/tutorial.py took 0.064 seconds
[2025-02-08T10:53:23.008+0000] {processor.py:186} INFO - Started process (PID=1379) to work on /home/airflow/.local/lib/python3.12/site-packages/airflow/example_dags/tutorial.py
[2025-02-08T10:53:23.009+0000] {processor.py:914} INFO - Processing file /home/airflow/.local/lib/python3.12/site-packages/airflow/example_dags/tutorial.py for tasks to queue
[2025-02-08T10:53:23.010+0000] {logging_mixin.py:190} INFO - [2025-02-08T10:53:23.010+0000] {dagbag.py:588} INFO - Filling up the DagBag from /home/airflow/.local/lib/python3.12/site-packages/airflow/example_dags/tutorial.py
[2025-02-08T10:53:23.016+0000] {processor.py:925} INFO - DAG(s) 'tutorial' retrieved from /home/airflow/.local/lib/python3.12/site-packages/airflow/example_dags/tutorial.py
[2025-02-08T10:53:23.030+0000] {logging_mixin.py:190} INFO - [2025-02-08T10:53:23.029+0000] {dag.py:3239} INFO - Sync 1 DAGs
[2025-02-08T10:53:23.047+0000] {logging_mixin.py:190} INFO - [2025-02-08T10:53:23.046+0000] {dag.py:4180} INFO - Setting next_dagrun for tutorial to 2025-02-07 00:00:00+00:00, run_after=2025-02-08 00:00:00+00:00
[2025-02-08T10:53:23.062+0000] {processor.py:208} INFO - Processing /home/airflow/.local/lib/python3.12/site-packages/airflow/example_dags/tutorial.py took 0.058 seconds
[2025-02-08T10:53:53.173+0000] {processor.py:186} INFO - Started process (PID=1663) to work on /home/airflow/.local/lib/python3.12/site-packages/airflow/example_dags/tutorial.py
[2025-02-08T10:53:53.174+0000] {processor.py:914} INFO - Processing file /home/airflow/.local/lib/python3.12/site-packages/airflow/example_dags/tutorial.py for tasks to queue
[2025-02-08T10:53:53.176+0000] {logging_mixin.py:190} INFO - [2025-02-08T10:53:53.176+0000] {dagbag.py:588} INFO - Filling up the DagBag from /home/airflow/.local/lib/python3.12/site-packages/airflow/example_dags/tutorial.py
[2025-02-08T10:53:53.183+0000] {processor.py:925} INFO - DAG(s) 'tutorial' retrieved from /home/airflow/.local/lib/python3.12/site-packages/airflow/example_dags/tutorial.py
[2025-02-08T10:53:53.198+0000] {logging_mixin.py:190} INFO - [2025-02-08T10:53:53.198+0000] {dag.py:3239} INFO - Sync 1 DAGs
[2025-02-08T10:53:53.219+0000] {logging_mixin.py:190} INFO - [2025-02-08T10:53:53.218+0000] {dag.py:4180} INFO - Setting next_dagrun for tutorial to 2025-02-07 00:00:00+00:00, run_after=2025-02-08 00:00:00+00:00
[2025-02-08T10:53:53.237+0000] {processor.py:208} INFO - Processing /home/airflow/.local/lib/python3.12/site-packages/airflow/example_dags/tutorial.py took 0.070 seconds
[2025-02-08T10:54:23.315+0000] {processor.py:186} INFO - Started process (PID=1949) to work on /home/airflow/.local/lib/python3.12/site-packages/airflow/example_dags/tutorial.py
[2025-02-08T10:54:23.315+0000] {processor.py:914} INFO - Processing file /home/airflow/.local/lib/python3.12/site-packages/airflow/example_dags/tutorial.py for tasks to queue
[2025-02-08T10:54:23.317+0000] {logging_mixin.py:190} INFO - [2025-02-08T10:54:23.317+0000] {dagbag.py:588} INFO - Filling up the DagBag from /home/airflow/.local/lib/python3.12/site-packages/airflow/example_dags/tutorial.py
[2025-02-08T10:54:23.324+0000] {processor.py:925} INFO - DAG(s) 'tutorial' retrieved from /home/airflow/.local/lib/python3.12/site-packages/airflow/example_dags/tutorial.py
[2025-02-08T10:54:23.339+0000] {logging_mixin.py:190} INFO - [2025-02-08T10:54:23.339+0000] {dag.py:3239} INFO - Sync 1 DAGs
[2025-02-08T10:54:23.358+0000] {logging_mixin.py:190} INFO - [2025-02-08T10:54:23.358+0000] {dag.py:4180} INFO - Setting next_dagrun for tutorial to 2025-02-07 00:00:00+00:00, run_after=2025-02-08 00:00:00+00:00
[2025-02-08T10:54:23.374+0000] {processor.py:208} INFO - Processing /home/airflow/.local/lib/python3.12/site-packages/airflow/example_dags/tutorial.py took 0.065 seconds
[2025-02-08T10:54:53.807+0000] {processor.py:186} INFO - Started process (PID=2237) to work on /home/airflow/.local/lib/python3.12/site-packages/airflow/example_dags/tutorial.py
[2025-02-08T10:54:53.808+0000] {processor.py:914} INFO - Processing file /home/airflow/.local/lib/python3.12/site-packages/airflow/example_dags/tutorial.py for tasks to queue
[2025-02-08T10:54:53.810+0000] {logging_mixin.py:190} INFO - [2025-02-08T10:54:53.810+0000] {dagbag.py:588} INFO - Filling up the DagBag from /home/airflow/.local/lib/python3.12/site-packages/airflow/example_dags/tutorial.py
[2025-02-08T10:54:53.816+0000] {processor.py:925} INFO - DAG(s) 'tutorial' retrieved from /home/airflow/.local/lib/python3.12/site-packages/airflow/example_dags/tutorial.py
[2025-02-08T10:54:53.833+0000] {logging_mixin.py:190} INFO - [2025-02-08T10:54:53.833+0000] {dag.py:3239} INFO - Sync 1 DAGs
[2025-02-08T10:54:53.852+0000] {logging_mixin.py:190} INFO - [2025-02-08T10:54:53.852+0000] {dag.py:4180} INFO - Setting next_dagrun for tutorial to 2025-02-07 00:00:00+00:00, run_after=2025-02-08 00:00:00+00:00
[2025-02-08T10:54:53.867+0000] {processor.py:208} INFO - Processing /home/airflow/.local/lib/python3.12/site-packages/airflow/example_dags/tutorial.py took 0.065 seconds
[2025-02-08T10:55:24.134+0000] {processor.py:186} INFO - Started process (PID=2521) to work on /home/airflow/.local/lib/python3.12/site-packages/airflow/example_dags/tutorial.py
[2025-02-08T10:55:24.135+0000] {processor.py:914} INFO - Processing file /home/airflow/.local/lib/python3.12/site-packages/airflow/example_dags/tutorial.py for tasks to queue
[2025-02-08T10:55:24.137+0000] {logging_mixin.py:190} INFO - [2025-02-08T10:55:24.137+0000] {dagbag.py:588} INFO - Filling up the DagBag from /home/airflow/.local/lib/python3.12/site-packages/airflow/example_dags/tutorial.py
[2025-02-08T10:55:24.144+0000] {processor.py:925} INFO - DAG(s) 'tutorial' retrieved from /home/airflow/.local/lib/python3.12/site-packages/airflow/example_dags/tutorial.py
[2025-02-08T10:55:24.161+0000] {logging_mixin.py:190} INFO - [2025-02-08T10:55:24.161+0000] {dag.py:3239} INFO - Sync 1 DAGs
[2025-02-08T10:55:24.179+0000] {logging_mixin.py:190} INFO - [2025-02-08T10:55:24.179+0000] {dag.py:4180} INFO - Setting next_dagrun for tutorial to 2025-02-07 00:00:00+00:00, run_after=2025-02-08 00:00:00+00:00
[2025-02-08T10:55:24.195+0000] {processor.py:208} INFO - Processing /home/airflow/.local/lib/python3.12/site-packages/airflow/example_dags/tutorial.py took 0.066 seconds
[2025-02-08T10:55:55.280+0000] {processor.py:186} INFO - Started process (PID=2809) to work on /home/airflow/.local/lib/python3.12/site-packages/airflow/example_dags/tutorial.py
[2025-02-08T10:55:55.280+0000] {processor.py:914} INFO - Processing file /home/airflow/.local/lib/python3.12/site-packages/airflow/example_dags/tutorial.py for tasks to queue
[2025-02-08T10:55:55.282+0000] {logging_mixin.py:190} INFO - [2025-02-08T10:55:55.282+0000] {dagbag.py:588} INFO - Filling up the DagBag from /home/airflow/.local/lib/python3.12/site-packages/airflow/example_dags/tutorial.py
[2025-02-08T10:55:55.288+0000] {processor.py:925} INFO - DAG(s) 'tutorial' retrieved from /home/airflow/.local/lib/python3.12/site-packages/airflow/example_dags/tutorial.py
[2025-02-08T10:55:55.303+0000] {logging_mixin.py:190} INFO - [2025-02-08T10:55:55.303+0000] {dag.py:3239} INFO - Sync 1 DAGs
[2025-02-08T10:55:55.321+0000] {logging_mixin.py:190} INFO - [2025-02-08T10:55:55.320+0000] {dag.py:4180} INFO - Setting next_dagrun for tutorial to 2025-02-07 00:00:00+00:00, run_after=2025-02-08 00:00:00+00:00
[2025-02-08T10:55:55.336+0000] {processor.py:208} INFO - Processing /home/airflow/.local/lib/python3.12/site-packages/airflow/example_dags/tutorial.py took 0.061 seconds
[2025-02-08T10:56:25.477+0000] {processor.py:186} INFO - Started process (PID=3095) to work on /home/airflow/.local/lib/python3.12/site-packages/airflow/example_dags/tutorial.py
[2025-02-08T10:56:25.478+0000] {processor.py:914} INFO - Processing file /home/airflow/.local/lib/python3.12/site-packages/airflow/example_dags/tutorial.py for tasks to queue
[2025-02-08T10:56:25.480+0000] {logging_mixin.py:190} INFO - [2025-02-08T10:56:25.480+0000] {dagbag.py:588} INFO - Filling up the DagBag from /home/airflow/.local/lib/python3.12/site-packages/airflow/example_dags/tutorial.py
[2025-02-08T10:56:25.487+0000] {processor.py:925} INFO - DAG(s) 'tutorial' retrieved from /home/airflow/.local/lib/python3.12/site-packages/airflow/example_dags/tutorial.py
[2025-02-08T10:56:25.502+0000] {logging_mixin.py:190} INFO - [2025-02-08T10:56:25.502+0000] {dag.py:3239} INFO - Sync 1 DAGs
[2025-02-08T10:56:25.522+0000] {logging_mixin.py:190} INFO - [2025-02-08T10:56:25.521+0000] {dag.py:4180} INFO - Setting next_dagrun for tutorial to 2025-02-07 00:00:00+00:00, run_after=2025-02-08 00:00:00+00:00
[2025-02-08T10:56:25.539+0000] {processor.py:208} INFO - Processing /home/airflow/.local/lib/python3.12/site-packages/airflow/example_dags/tutorial.py took 0.066 seconds
[2025-02-08T10:56:55.719+0000] {processor.py:186} INFO - Started process (PID=3381) to work on /home/airflow/.local/lib/python3.12/site-packages/airflow/example_dags/tutorial.py
[2025-02-08T10:56:55.720+0000] {processor.py:914} INFO - Processing file /home/airflow/.local/lib/python3.12/site-packages/airflow/example_dags/tutorial.py for tasks to queue
[2025-02-08T10:56:55.722+0000] {logging_mixin.py:190} INFO - [2025-02-08T10:56:55.721+0000] {dagbag.py:588} INFO - Filling up the DagBag from /home/airflow/.local/lib/python3.12/site-packages/airflow/example_dags/tutorial.py
[2025-02-08T10:56:55.728+0000] {processor.py:925} INFO - DAG(s) 'tutorial' retrieved from /home/airflow/.local/lib/python3.12/site-packages/airflow/example_dags/tutorial.py
[2025-02-08T10:56:55.741+0000] {logging_mixin.py:190} INFO - [2025-02-08T10:56:55.741+0000] {dag.py:3239} INFO - Sync 1 DAGs
[2025-02-08T10:56:55.758+0000] {logging_mixin.py:190} INFO - [2025-02-08T10:56:55.758+0000] {dag.py:4180} INFO - Setting next_dagrun for tutorial to 2025-02-07 00:00:00+00:00, run_after=2025-02-08 00:00:00+00:00
[2025-02-08T10:56:55.771+0000] {processor.py:208} INFO - Processing /home/airflow/.local/lib/python3.12/site-packages/airflow/example_dags/tutorial.py took 0.057 seconds
[2025-02-08T10:57:26.048+0000] {processor.py:186} INFO - Started process (PID=3667) to work on /home/airflow/.local/lib/python3.12/site-packages/airflow/example_dags/tutorial.py
[2025-02-08T10:57:26.049+0000] {processor.py:914} INFO - Processing file /home/airflow/.local/lib/python3.12/site-packages/airflow/example_dags/tutorial.py for tasks to queue
[2025-02-08T10:57:26.051+0000] {logging_mixin.py:190} INFO - [2025-02-08T10:57:26.051+0000] {dagbag.py:588} INFO - Filling up the DagBag from /home/airflow/.local/lib/python3.12/site-packages/airflow/example_dags/tutorial.py
[2025-02-08T10:57:26.059+0000] {processor.py:925} INFO - DAG(s) 'tutorial' retrieved from /home/airflow/.local/lib/python3.12/site-packages/airflow/example_dags/tutorial.py
[2025-02-08T10:57:26.075+0000] {logging_mixin.py:190} INFO - [2025-02-08T10:57:26.075+0000] {dag.py:3239} INFO - Sync 1 DAGs
[2025-02-08T10:57:26.093+0000] {logging_mixin.py:190} INFO - [2025-02-08T10:57:26.093+0000] {dag.py:4180} INFO - Setting next_dagrun for tutorial to 2025-02-07 00:00:00+00:00, run_after=2025-02-08 00:00:00+00:00
[2025-02-08T10:57:26.109+0000] {processor.py:208} INFO - Processing /home/airflow/.local/lib/python3.12/site-packages/airflow/example_dags/tutorial.py took 0.067 seconds
[2025-02-08T10:57:56.579+0000] {processor.py:186} INFO - Started process (PID=3953) to work on /home/airflow/.local/lib/python3.12/site-packages/airflow/example_dags/tutorial.py
[2025-02-08T10:57:56.580+0000] {processor.py:914} INFO - Processing file /home/airflow/.local/lib/python3.12/site-packages/airflow/example_dags/tutorial.py for tasks to queue
[2025-02-08T10:57:56.581+0000] {logging_mixin.py:190} INFO - [2025-02-08T10:57:56.581+0000] {dagbag.py:588} INFO - Filling up the DagBag from /home/airflow/.local/lib/python3.12/site-packages/airflow/example_dags/tutorial.py
[2025-02-08T10:57:56.589+0000] {processor.py:925} INFO - DAG(s) 'tutorial' retrieved from /home/airflow/.local/lib/python3.12/site-packages/airflow/example_dags/tutorial.py
[2025-02-08T10:57:56.605+0000] {logging_mixin.py:190} INFO - [2025-02-08T10:57:56.605+0000] {dag.py:3239} INFO - Sync 1 DAGs
[2025-02-08T10:57:56.624+0000] {logging_mixin.py:190} INFO - [2025-02-08T10:57:56.623+0000] {dag.py:4180} INFO - Setting next_dagrun for tutorial to 2025-02-07 00:00:00+00:00, run_after=2025-02-08 00:00:00+00:00
[2025-02-08T10:57:56.637+0000] {processor.py:208} INFO - Processing /home/airflow/.local/lib/python3.12/site-packages/airflow/example_dags/tutorial.py took 0.063 seconds
[2025-02-08T10:58:26.784+0000] {processor.py:186} INFO - Started process (PID=4247) to work on /home/airflow/.local/lib/python3.12/site-packages/airflow/example_dags/tutorial.py
[2025-02-08T10:58:26.785+0000] {processor.py:914} INFO - Processing file /home/airflow/.local/lib/python3.12/site-packages/airflow/example_dags/tutorial.py for tasks to queue
[2025-02-08T10:58:26.788+0000] {logging_mixin.py:190} INFO - [2025-02-08T10:58:26.787+0000] {dagbag.py:588} INFO - Filling up the DagBag from /home/airflow/.local/lib/python3.12/site-packages/airflow/example_dags/tutorial.py
[2025-02-08T10:58:26.796+0000] {processor.py:925} INFO - DAG(s) 'tutorial' retrieved from /home/airflow/.local/lib/python3.12/site-packages/airflow/example_dags/tutorial.py
[2025-02-08T10:58:26.815+0000] {logging_mixin.py:190} INFO - [2025-02-08T10:58:26.815+0000] {dag.py:3239} INFO - Sync 1 DAGs
[2025-02-08T10:58:26.835+0000] {logging_mixin.py:190} INFO - [2025-02-08T10:58:26.835+0000] {dag.py:4180} INFO - Setting next_dagrun for tutorial to 2025-02-07 00:00:00+00:00, run_after=2025-02-08 00:00:00+00:00
[2025-02-08T10:58:26.854+0000] {processor.py:208} INFO - Processing /home/airflow/.local/lib/python3.12/site-packages/airflow/example_dags/tutorial.py took 0.075 seconds
[2025-02-08T10:58:57.259+0000] {processor.py:186} INFO - Started process (PID=4727) to work on /home/airflow/.local/lib/python3.12/site-packages/airflow/example_dags/tutorial.py
[2025-02-08T10:58:57.260+0000] {processor.py:914} INFO - Processing file /home/airflow/.local/lib/python3.12/site-packages/airflow/example_dags/tutorial.py for tasks to queue
[2025-02-08T10:58:57.262+0000] {logging_mixin.py:190} INFO - [2025-02-08T10:58:57.262+0000] {dagbag.py:588} INFO - Filling up the DagBag from /home/airflow/.local/lib/python3.12/site-packages/airflow/example_dags/tutorial.py
[2025-02-08T10:58:57.270+0000] {processor.py:925} INFO - DAG(s) 'tutorial' retrieved from /home/airflow/.local/lib/python3.12/site-packages/airflow/example_dags/tutorial.py
[2025-02-08T10:58:57.287+0000] {logging_mixin.py:190} INFO - [2025-02-08T10:58:57.287+0000] {dag.py:3239} INFO - Sync 1 DAGs
[2025-02-08T10:58:57.310+0000] {logging_mixin.py:190} INFO - [2025-02-08T10:58:57.310+0000] {dag.py:4180} INFO - Setting next_dagrun for tutorial to 2025-02-07 00:00:00+00:00, run_after=2025-02-08 00:00:00+00:00
[2025-02-08T10:58:57.326+0000] {processor.py:208} INFO - Processing /home/airflow/.local/lib/python3.12/site-packages/airflow/example_dags/tutorial.py took 0.074 seconds
[2025-02-08T10:59:27.457+0000] {processor.py:186} INFO - Started process (PID=5013) to work on /home/airflow/.local/lib/python3.12/site-packages/airflow/example_dags/tutorial.py
[2025-02-08T10:59:27.458+0000] {processor.py:914} INFO - Processing file /home/airflow/.local/lib/python3.12/site-packages/airflow/example_dags/tutorial.py for tasks to queue
[2025-02-08T10:59:27.460+0000] {logging_mixin.py:190} INFO - [2025-02-08T10:59:27.460+0000] {dagbag.py:588} INFO - Filling up the DagBag from /home/airflow/.local/lib/python3.12/site-packages/airflow/example_dags/tutorial.py
[2025-02-08T10:59:27.467+0000] {processor.py:925} INFO - DAG(s) 'tutorial' retrieved from /home/airflow/.local/lib/python3.12/site-packages/airflow/example_dags/tutorial.py
[2025-02-08T10:59:27.484+0000] {logging_mixin.py:190} INFO - [2025-02-08T10:59:27.484+0000] {dag.py:3239} INFO - Sync 1 DAGs
[2025-02-08T10:59:27.505+0000] {logging_mixin.py:190} INFO - [2025-02-08T10:59:27.505+0000] {dag.py:4180} INFO - Setting next_dagrun for tutorial to 2025-02-07 00:00:00+00:00, run_after=2025-02-08 00:00:00+00:00
[2025-02-08T10:59:27.522+0000] {processor.py:208} INFO - Processing /home/airflow/.local/lib/python3.12/site-packages/airflow/example_dags/tutorial.py took 0.069 seconds
[2025-02-08T11:01:57.170+0000] {processor.py:186} INFO - Started process (PID=233) to work on /home/airflow/.local/lib/python3.12/site-packages/airflow/example_dags/tutorial.py
[2025-02-08T11:01:57.170+0000] {processor.py:914} INFO - Processing file /home/airflow/.local/lib/python3.12/site-packages/airflow/example_dags/tutorial.py for tasks to queue
[2025-02-08T11:01:57.173+0000] {logging_mixin.py:190} INFO - [2025-02-08T11:01:57.172+0000] {dagbag.py:588} INFO - Filling up the DagBag from /home/airflow/.local/lib/python3.12/site-packages/airflow/example_dags/tutorial.py
[2025-02-08T11:01:57.181+0000] {processor.py:925} INFO - DAG(s) 'tutorial' retrieved from /home/airflow/.local/lib/python3.12/site-packages/airflow/example_dags/tutorial.py
[2025-02-08T11:01:57.265+0000] {logging_mixin.py:190} INFO - [2025-02-08T11:01:57.265+0000] {override.py:1900} INFO - Created Permission View: can read on DAG:tutorial
[2025-02-08T11:01:57.275+0000] {logging_mixin.py:190} INFO - [2025-02-08T11:01:57.275+0000] {override.py:1900} INFO - Created Permission View: can delete on DAG:tutorial
[2025-02-08T11:01:57.281+0000] {logging_mixin.py:190} INFO - [2025-02-08T11:01:57.281+0000] {override.py:1900} INFO - Created Permission View: can edit on DAG:tutorial
[2025-02-08T11:01:57.288+0000] {logging_mixin.py:190} INFO - [2025-02-08T11:01:57.287+0000] {override.py:1900} INFO - Created Permission View: menu access on DAG Run:tutorial
[2025-02-08T11:01:57.293+0000] {logging_mixin.py:190} INFO - [2025-02-08T11:01:57.293+0000] {override.py:1900} INFO - Created Permission View: can read on DAG Run:tutorial
[2025-02-08T11:01:57.299+0000] {logging_mixin.py:190} INFO - [2025-02-08T11:01:57.299+0000] {override.py:1900} INFO - Created Permission View: can create on DAG Run:tutorial
[2025-02-08T11:01:57.305+0000] {logging_mixin.py:190} INFO - [2025-02-08T11:01:57.305+0000] {override.py:1900} INFO - Created Permission View: can delete on DAG Run:tutorial
[2025-02-08T11:01:57.306+0000] {logging_mixin.py:190} INFO - [2025-02-08T11:01:57.306+0000] {dag.py:3239} INFO - Sync 1 DAGs
[2025-02-08T11:01:57.317+0000] {logging_mixin.py:190} INFO - [2025-02-08T11:01:57.317+0000] {dag.py:3262} INFO - Creating ORM DAG for tutorial
[2025-02-08T11:01:57.325+0000] {logging_mixin.py:190} INFO - [2025-02-08T11:01:57.325+0000] {dag.py:4180} INFO - Setting next_dagrun for tutorial to 2025-02-07 00:00:00+00:00, run_after=2025-02-08 00:00:00+00:00
[2025-02-08T11:01:57.342+0000] {processor.py:208} INFO - Processing /home/airflow/.local/lib/python3.12/site-packages/airflow/example_dags/tutorial.py took 0.177 seconds
[2025-02-08T11:02:27.449+0000] {processor.py:186} INFO - Started process (PID=521) to work on /home/airflow/.local/lib/python3.12/site-packages/airflow/example_dags/tutorial.py
[2025-02-08T11:02:27.450+0000] {processor.py:914} INFO - Processing file /home/airflow/.local/lib/python3.12/site-packages/airflow/example_dags/tutorial.py for tasks to queue
[2025-02-08T11:02:27.452+0000] {logging_mixin.py:190} INFO - [2025-02-08T11:02:27.451+0000] {dagbag.py:588} INFO - Filling up the DagBag from /home/airflow/.local/lib/python3.12/site-packages/airflow/example_dags/tutorial.py
[2025-02-08T11:02:27.458+0000] {processor.py:925} INFO - DAG(s) 'tutorial' retrieved from /home/airflow/.local/lib/python3.12/site-packages/airflow/example_dags/tutorial.py
[2025-02-08T11:02:27.472+0000] {logging_mixin.py:190} INFO - [2025-02-08T11:02:27.471+0000] {dag.py:3239} INFO - Sync 1 DAGs
[2025-02-08T11:02:27.489+0000] {logging_mixin.py:190} INFO - [2025-02-08T11:02:27.489+0000] {dag.py:4180} INFO - Setting next_dagrun for tutorial to 2025-02-07 00:00:00+00:00, run_after=2025-02-08 00:00:00+00:00
[2025-02-08T11:02:27.508+0000] {processor.py:208} INFO - Processing /home/airflow/.local/lib/python3.12/site-packages/airflow/example_dags/tutorial.py took 0.064 seconds
[2025-02-08T11:03:37.447+0000] {processor.py:186} INFO - Started process (PID=233) to work on /home/airflow/.local/lib/python3.12/site-packages/airflow/example_dags/tutorial.py
[2025-02-08T11:03:37.448+0000] {processor.py:914} INFO - Processing file /home/airflow/.local/lib/python3.12/site-packages/airflow/example_dags/tutorial.py for tasks to queue
[2025-02-08T11:03:37.451+0000] {logging_mixin.py:190} INFO - [2025-02-08T11:03:37.450+0000] {dagbag.py:588} INFO - Filling up the DagBag from /home/airflow/.local/lib/python3.12/site-packages/airflow/example_dags/tutorial.py
[2025-02-08T11:03:37.458+0000] {processor.py:925} INFO - DAG(s) 'tutorial' retrieved from /home/airflow/.local/lib/python3.12/site-packages/airflow/example_dags/tutorial.py
[2025-02-08T11:03:37.485+0000] {logging_mixin.py:190} INFO - [2025-02-08T11:03:37.485+0000] {dag.py:3239} INFO - Sync 1 DAGs
[2025-02-08T11:03:37.507+0000] {logging_mixin.py:190} INFO - [2025-02-08T11:03:37.507+0000] {dag.py:4180} INFO - Setting next_dagrun for tutorial to 2025-02-07 00:00:00+00:00, run_after=2025-02-08 00:00:00+00:00
[2025-02-08T11:03:37.522+0000] {processor.py:208} INFO - Processing /home/airflow/.local/lib/python3.12/site-packages/airflow/example_dags/tutorial.py took 0.079 seconds
[2025-02-08T11:04:07.901+0000] {processor.py:186} INFO - Started process (PID=519) to work on /home/airflow/.local/lib/python3.12/site-packages/airflow/example_dags/tutorial.py
[2025-02-08T11:04:07.902+0000] {processor.py:914} INFO - Processing file /home/airflow/.local/lib/python3.12/site-packages/airflow/example_dags/tutorial.py for tasks to queue
[2025-02-08T11:04:07.904+0000] {logging_mixin.py:190} INFO - [2025-02-08T11:04:07.904+0000] {dagbag.py:588} INFO - Filling up the DagBag from /home/airflow/.local/lib/python3.12/site-packages/airflow/example_dags/tutorial.py
[2025-02-08T11:04:07.912+0000] {processor.py:925} INFO - DAG(s) 'tutorial' retrieved from /home/airflow/.local/lib/python3.12/site-packages/airflow/example_dags/tutorial.py
[2025-02-08T11:04:07.930+0000] {logging_mixin.py:190} INFO - [2025-02-08T11:04:07.930+0000] {dag.py:3239} INFO - Sync 1 DAGs
[2025-02-08T11:04:07.953+0000] {logging_mixin.py:190} INFO - [2025-02-08T11:04:07.953+0000] {dag.py:4180} INFO - Setting next_dagrun for tutorial to 2025-02-07 00:00:00+00:00, run_after=2025-02-08 00:00:00+00:00
[2025-02-08T11:04:07.973+0000] {processor.py:208} INFO - Processing /home/airflow/.local/lib/python3.12/site-packages/airflow/example_dags/tutorial.py took 0.077 seconds
[2025-02-08T11:04:38.238+0000] {processor.py:186} INFO - Started process (PID=807) to work on /home/airflow/.local/lib/python3.12/site-packages/airflow/example_dags/tutorial.py
[2025-02-08T11:04:38.238+0000] {processor.py:914} INFO - Processing file /home/airflow/.local/lib/python3.12/site-packages/airflow/example_dags/tutorial.py for tasks to queue
[2025-02-08T11:04:38.240+0000] {logging_mixin.py:190} INFO - [2025-02-08T11:04:38.240+0000] {dagbag.py:588} INFO - Filling up the DagBag from /home/airflow/.local/lib/python3.12/site-packages/airflow/example_dags/tutorial.py
[2025-02-08T11:04:38.246+0000] {processor.py:925} INFO - DAG(s) 'tutorial' retrieved from /home/airflow/.local/lib/python3.12/site-packages/airflow/example_dags/tutorial.py
[2025-02-08T11:04:38.260+0000] {logging_mixin.py:190} INFO - [2025-02-08T11:04:38.260+0000] {dag.py:3239} INFO - Sync 1 DAGs
[2025-02-08T11:04:38.277+0000] {logging_mixin.py:190} INFO - [2025-02-08T11:04:38.277+0000] {dag.py:4180} INFO - Setting next_dagrun for tutorial to 2025-02-07 00:00:00+00:00, run_after=2025-02-08 00:00:00+00:00
[2025-02-08T11:04:38.291+0000] {processor.py:208} INFO - Processing /home/airflow/.local/lib/python3.12/site-packages/airflow/example_dags/tutorial.py took 0.058 seconds
[2025-02-08T11:33:17.158+0000] {processor.py:186} INFO - Started process (PID=233) to work on /home/airflow/.local/lib/python3.12/site-packages/airflow/example_dags/tutorial.py
[2025-02-08T11:33:17.159+0000] {processor.py:914} INFO - Processing file /home/airflow/.local/lib/python3.12/site-packages/airflow/example_dags/tutorial.py for tasks to queue
[2025-02-08T11:33:17.161+0000] {logging_mixin.py:190} INFO - [2025-02-08T11:33:17.161+0000] {dagbag.py:588} INFO - Filling up the DagBag from /home/airflow/.local/lib/python3.12/site-packages/airflow/example_dags/tutorial.py
[2025-02-08T11:33:17.168+0000] {processor.py:925} INFO - DAG(s) 'tutorial' retrieved from /home/airflow/.local/lib/python3.12/site-packages/airflow/example_dags/tutorial.py
[2025-02-08T11:33:17.253+0000] {logging_mixin.py:190} INFO - [2025-02-08T11:33:17.252+0000] {override.py:1900} INFO - Created Permission View: can edit on DAG:tutorial
[2025-02-08T11:33:17.260+0000] {logging_mixin.py:190} INFO - [2025-02-08T11:33:17.260+0000] {override.py:1900} INFO - Created Permission View: can delete on DAG:tutorial
[2025-02-08T11:33:17.266+0000] {logging_mixin.py:190} INFO - [2025-02-08T11:33:17.266+0000] {override.py:1900} INFO - Created Permission View: can read on DAG:tutorial
[2025-02-08T11:33:17.271+0000] {logging_mixin.py:190} INFO - [2025-02-08T11:33:17.271+0000] {override.py:1900} INFO - Created Permission View: menu access on DAG Run:tutorial
[2025-02-08T11:33:17.276+0000] {logging_mixin.py:190} INFO - [2025-02-08T11:33:17.276+0000] {override.py:1900} INFO - Created Permission View: can create on DAG Run:tutorial
[2025-02-08T11:33:17.282+0000] {logging_mixin.py:190} INFO - [2025-02-08T11:33:17.282+0000] {override.py:1900} INFO - Created Permission View: can delete on DAG Run:tutorial
[2025-02-08T11:33:17.287+0000] {logging_mixin.py:190} INFO - [2025-02-08T11:33:17.287+0000] {override.py:1900} INFO - Created Permission View: can read on DAG Run:tutorial
[2025-02-08T11:33:17.288+0000] {logging_mixin.py:190} INFO - [2025-02-08T11:33:17.287+0000] {dag.py:3239} INFO - Sync 1 DAGs
[2025-02-08T11:33:17.297+0000] {logging_mixin.py:190} INFO - [2025-02-08T11:33:17.297+0000] {dag.py:3262} INFO - Creating ORM DAG for tutorial
[2025-02-08T11:33:17.304+0000] {logging_mixin.py:190} INFO - [2025-02-08T11:33:17.304+0000] {dag.py:4180} INFO - Setting next_dagrun for tutorial to 2025-02-07 00:00:00+00:00, run_after=2025-02-08 00:00:00+00:00
[2025-02-08T11:33:17.318+0000] {processor.py:208} INFO - Processing /home/airflow/.local/lib/python3.12/site-packages/airflow/example_dags/tutorial.py took 0.165 seconds
[2025-02-08T11:33:48.166+0000] {processor.py:186} INFO - Started process (PID=521) to work on /home/airflow/.local/lib/python3.12/site-packages/airflow/example_dags/tutorial.py
[2025-02-08T11:33:48.167+0000] {processor.py:914} INFO - Processing file /home/airflow/.local/lib/python3.12/site-packages/airflow/example_dags/tutorial.py for tasks to queue
[2025-02-08T11:33:48.169+0000] {logging_mixin.py:190} INFO - [2025-02-08T11:33:48.169+0000] {dagbag.py:588} INFO - Filling up the DagBag from /home/airflow/.local/lib/python3.12/site-packages/airflow/example_dags/tutorial.py
[2025-02-08T11:33:48.175+0000] {processor.py:925} INFO - DAG(s) 'tutorial' retrieved from /home/airflow/.local/lib/python3.12/site-packages/airflow/example_dags/tutorial.py
[2025-02-08T11:33:48.191+0000] {logging_mixin.py:190} INFO - [2025-02-08T11:33:48.191+0000] {dag.py:3239} INFO - Sync 1 DAGs
[2025-02-08T11:33:48.208+0000] {logging_mixin.py:190} INFO - [2025-02-08T11:33:48.208+0000] {dag.py:4180} INFO - Setting next_dagrun for tutorial to 2025-02-07 00:00:00+00:00, run_after=2025-02-08 00:00:00+00:00
[2025-02-08T11:33:48.223+0000] {processor.py:208} INFO - Processing /home/airflow/.local/lib/python3.12/site-packages/airflow/example_dags/tutorial.py took 0.061 seconds
[2025-02-08T11:34:18.704+0000] {processor.py:186} INFO - Started process (PID=807) to work on /home/airflow/.local/lib/python3.12/site-packages/airflow/example_dags/tutorial.py
[2025-02-08T11:34:18.705+0000] {processor.py:914} INFO - Processing file /home/airflow/.local/lib/python3.12/site-packages/airflow/example_dags/tutorial.py for tasks to queue
[2025-02-08T11:34:18.707+0000] {logging_mixin.py:190} INFO - [2025-02-08T11:34:18.706+0000] {dagbag.py:588} INFO - Filling up the DagBag from /home/airflow/.local/lib/python3.12/site-packages/airflow/example_dags/tutorial.py
[2025-02-08T11:34:18.713+0000] {processor.py:925} INFO - DAG(s) 'tutorial' retrieved from /home/airflow/.local/lib/python3.12/site-packages/airflow/example_dags/tutorial.py
[2025-02-08T11:34:18.728+0000] {logging_mixin.py:190} INFO - [2025-02-08T11:34:18.728+0000] {dag.py:3239} INFO - Sync 1 DAGs
[2025-02-08T11:34:18.747+0000] {logging_mixin.py:190} INFO - [2025-02-08T11:34:18.747+0000] {dag.py:4180} INFO - Setting next_dagrun for tutorial to 2025-02-07 00:00:00+00:00, run_after=2025-02-08 00:00:00+00:00
[2025-02-08T11:34:18.763+0000] {processor.py:208} INFO - Processing /home/airflow/.local/lib/python3.12/site-packages/airflow/example_dags/tutorial.py took 0.064 seconds
[2025-02-08T11:34:48.939+0000] {processor.py:186} INFO - Started process (PID=1093) to work on /home/airflow/.local/lib/python3.12/site-packages/airflow/example_dags/tutorial.py
[2025-02-08T11:34:48.940+0000] {processor.py:914} INFO - Processing file /home/airflow/.local/lib/python3.12/site-packages/airflow/example_dags/tutorial.py for tasks to queue
[2025-02-08T11:34:48.941+0000] {logging_mixin.py:190} INFO - [2025-02-08T11:34:48.941+0000] {dagbag.py:588} INFO - Filling up the DagBag from /home/airflow/.local/lib/python3.12/site-packages/airflow/example_dags/tutorial.py
[2025-02-08T11:34:48.948+0000] {processor.py:925} INFO - DAG(s) 'tutorial' retrieved from /home/airflow/.local/lib/python3.12/site-packages/airflow/example_dags/tutorial.py
[2025-02-08T11:34:48.963+0000] {logging_mixin.py:190} INFO - [2025-02-08T11:34:48.962+0000] {dag.py:3239} INFO - Sync 1 DAGs
[2025-02-08T11:34:48.980+0000] {logging_mixin.py:190} INFO - [2025-02-08T11:34:48.980+0000] {dag.py:4180} INFO - Setting next_dagrun for tutorial to 2025-02-07 00:00:00+00:00, run_after=2025-02-08 00:00:00+00:00
[2025-02-08T11:34:48.996+0000] {processor.py:208} INFO - Processing /home/airflow/.local/lib/python3.12/site-packages/airflow/example_dags/tutorial.py took 0.062 seconds
[2025-02-08T11:35:19.045+0000] {processor.py:186} INFO - Started process (PID=1377) to work on /home/airflow/.local/lib/python3.12/site-packages/airflow/example_dags/tutorial.py
[2025-02-08T11:35:19.046+0000] {processor.py:914} INFO - Processing file /home/airflow/.local/lib/python3.12/site-packages/airflow/example_dags/tutorial.py for tasks to queue
[2025-02-08T11:35:19.048+0000] {logging_mixin.py:190} INFO - [2025-02-08T11:35:19.048+0000] {dagbag.py:588} INFO - Filling up the DagBag from /home/airflow/.local/lib/python3.12/site-packages/airflow/example_dags/tutorial.py
[2025-02-08T11:35:19.055+0000] {processor.py:925} INFO - DAG(s) 'tutorial' retrieved from /home/airflow/.local/lib/python3.12/site-packages/airflow/example_dags/tutorial.py
[2025-02-08T11:35:19.070+0000] {logging_mixin.py:190} INFO - [2025-02-08T11:35:19.070+0000] {dag.py:3239} INFO - Sync 1 DAGs
[2025-02-08T11:35:19.089+0000] {logging_mixin.py:190} INFO - [2025-02-08T11:35:19.089+0000] {dag.py:4180} INFO - Setting next_dagrun for tutorial to 2025-02-07 00:00:00+00:00, run_after=2025-02-08 00:00:00+00:00
[2025-02-08T11:35:19.105+0000] {processor.py:208} INFO - Processing /home/airflow/.local/lib/python3.12/site-packages/airflow/example_dags/tutorial.py took 0.066 seconds
