[2025-02-08T19:03:16.248+0000] {local_task_job_runner.py:123} INFO - ::group::Pre task execution logs
[2025-02-08T19:03:16.263+0000] {taskinstance.py:2612} INFO - Dependencies all met for dep_context=non-requeueable deps ti=<TaskInstance: branch_dim_gen.generate_branch_dim_data scheduled__2024-12-30T00:00:00+00:00 [queued]>
[2025-02-08T19:03:16.273+0000] {taskinstance.py:2612} INFO - Dependencies all met for dep_context=requeueable deps ti=<TaskInstance: branch_dim_gen.generate_branch_dim_data scheduled__2024-12-30T00:00:00+00:00 [queued]>
[2025-02-08T19:03:16.274+0000] {taskinstance.py:2865} INFO - Starting attempt 1 of 1
[2025-02-08T19:03:16.295+0000] {taskinstance.py:2888} INFO - Executing <Task(PythonOperator): generate_branch_dim_data> on 2024-12-30 00:00:00+00:00
[2025-02-08T19:03:16.304+0000] {logging_mixin.py:190} WARNING - /home/***/.local/lib/python3.12/site-packages/***/task/task_runner/standard_task_runner.py:70 DeprecationWarning: This process (pid=2066) is multi-threaded, use of fork() may lead to deadlocks in the child.
[2025-02-08T19:03:16.305+0000] {standard_task_runner.py:72} INFO - Started process 2091 to run task
[2025-02-08T19:03:16.304+0000] {standard_task_runner.py:104} INFO - Running: ['***', 'tasks', 'run', 'branch_dim_gen', 'generate_branch_dim_data', 'scheduled__2024-12-30T00:00:00+00:00', '--job-id', '371', '--raw', '--subdir', 'DAGS_FOLDER/brnach_dim_gen.py', '--cfg-path', '/tmp/tmp7x1kxuir']
[2025-02-08T19:03:16.306+0000] {standard_task_runner.py:105} INFO - Job 371: Subtask generate_branch_dim_data
[2025-02-08T19:03:16.355+0000] {task_command.py:467} INFO - Running <TaskInstance: branch_dim_gen.generate_branch_dim_data scheduled__2024-12-30T00:00:00+00:00 [running]> on host 2c1cd59afcc0
[2025-02-08T19:03:16.433+0000] {taskinstance.py:3131} INFO - Exporting env vars: AIRFLOW_CTX_DAG_OWNER='Saleh' AIRFLOW_CTX_DAG_ID='branch_dim_gen' AIRFLOW_CTX_TASK_ID='generate_branch_dim_data' AIRFLOW_CTX_EXECUTION_DATE='2024-12-30T00:00:00+00:00' AIRFLOW_CTX_TRY_NUMBER='1' AIRFLOW_CTX_DAG_RUN_ID='scheduled__2024-12-30T00:00:00+00:00'
[2025-02-08T19:03:16.435+0000] {taskinstance.py:731} INFO - ::endgroup::
[2025-02-08T19:03:16.452+0000] {logging_mixin.py:190} INFO - CSV file './branch_dim_large_data.csv' with 50 rows has been generated successfully.
[2025-02-08T19:03:16.452+0000] {python.py:240} INFO - Done. Returned value was: None
[2025-02-08T19:03:16.460+0000] {taskinstance.py:340} INFO - ::group::Post task execution logs
[2025-02-08T19:03:16.461+0000] {taskinstance.py:352} INFO - Marking task as SUCCESS. dag_id=branch_dim_gen, task_id=generate_branch_dim_data, run_id=scheduled__2024-12-30T00:00:00+00:00, execution_date=20241230T000000, start_date=20250208T190316, end_date=20250208T190316
[2025-02-08T19:03:16.523+0000] {local_task_job_runner.py:266} INFO - Task exited with return code 0
[2025-02-08T19:03:16.536+0000] {taskinstance.py:3900} INFO - 0 downstream tasks scheduled from follow-on schedule check
[2025-02-08T19:03:16.538+0000] {local_task_job_runner.py:245} INFO - ::endgroup::
[2025-02-08T20:41:07.481+0000] {local_task_job_runner.py:123} INFO - ::group::Pre task execution logs
[2025-02-08T20:41:07.499+0000] {taskinstance.py:2612} INFO - Dependencies all met for dep_context=non-requeueable deps ti=<TaskInstance: branch_dim_gen.generate_branch_dim_data scheduled__2024-12-30T00:00:00+00:00 [queued]>
[2025-02-08T20:41:07.509+0000] {taskinstance.py:2612} INFO - Dependencies all met for dep_context=requeueable deps ti=<TaskInstance: branch_dim_gen.generate_branch_dim_data scheduled__2024-12-30T00:00:00+00:00 [queued]>
[2025-02-08T20:41:07.509+0000] {taskinstance.py:2865} INFO - Starting attempt 1 of 1
[2025-02-08T20:41:07.603+0000] {taskinstance.py:2888} INFO - Executing <Task(PythonOperator): generate_branch_dim_data> on 2024-12-30 00:00:00+00:00
[2025-02-08T20:41:07.620+0000] {logging_mixin.py:190} WARNING - /home/***/.local/lib/python3.12/site-packages/***/task/task_runner/standard_task_runner.py:70 DeprecationWarning: This process (pid=1942) is multi-threaded, use of fork() may lead to deadlocks in the child.
[2025-02-08T20:41:07.621+0000] {standard_task_runner.py:72} INFO - Started process 1963 to run task
[2025-02-08T20:41:07.621+0000] {standard_task_runner.py:104} INFO - Running: ['***', 'tasks', 'run', 'branch_dim_gen', 'generate_branch_dim_data', 'scheduled__2024-12-30T00:00:00+00:00', '--job-id', '323', '--raw', '--subdir', 'DAGS_FOLDER/brnach_dim_gen.py', '--cfg-path', '/tmp/tmpzva2io4s']
[2025-02-08T20:41:07.635+0000] {standard_task_runner.py:105} INFO - Job 323: Subtask generate_branch_dim_data
[2025-02-08T20:41:07.710+0000] {task_command.py:467} INFO - Running <TaskInstance: branch_dim_gen.generate_branch_dim_data scheduled__2024-12-30T00:00:00+00:00 [running]> on host 7e959c1a2a8b
[2025-02-08T20:41:07.858+0000] {taskinstance.py:3131} INFO - Exporting env vars: AIRFLOW_CTX_DAG_OWNER='Saleh' AIRFLOW_CTX_DAG_ID='branch_dim_gen' AIRFLOW_CTX_TASK_ID='generate_branch_dim_data' AIRFLOW_CTX_EXECUTION_DATE='2024-12-30T00:00:00+00:00' AIRFLOW_CTX_TRY_NUMBER='1' AIRFLOW_CTX_DAG_RUN_ID='scheduled__2024-12-30T00:00:00+00:00'
[2025-02-08T20:41:07.861+0000] {taskinstance.py:731} INFO - ::endgroup::
[2025-02-08T20:41:07.891+0000] {logging_mixin.py:190} INFO - CSV file './branch_dim_large_data.csv' with 50 rows has been generated successfully.
[2025-02-08T20:41:07.895+0000] {python.py:240} INFO - Done. Returned value was: None
[2025-02-08T20:41:07.913+0000] {taskinstance.py:340} INFO - ::group::Post task execution logs
[2025-02-08T20:41:07.914+0000] {taskinstance.py:352} INFO - Marking task as SUCCESS. dag_id=branch_dim_gen, task_id=generate_branch_dim_data, run_id=scheduled__2024-12-30T00:00:00+00:00, execution_date=20241230T000000, start_date=20250208T204107, end_date=20250208T204107
[2025-02-08T20:41:07.973+0000] {local_task_job_runner.py:266} INFO - Task exited with return code 0
[2025-02-08T20:41:07.993+0000] {taskinstance.py:3900} INFO - 0 downstream tasks scheduled from follow-on schedule check
[2025-02-08T20:41:07.998+0000] {local_task_job_runner.py:245} INFO - ::endgroup::
