[2025-02-08T19:03:02.349+0000] {local_task_job_runner.py:123} INFO - ::group::Pre task execution logs
[2025-02-08T19:03:02.364+0000] {taskinstance.py:2612} INFO - Dependencies all met for dep_context=non-requeueable deps ti=<TaskInstance: customer_dim_generator.generate_customer_dim_data scheduled__2025-01-02T00:00:00+00:00 [queued]>
[2025-02-08T19:03:02.372+0000] {taskinstance.py:2612} INFO - Dependencies all met for dep_context=requeueable deps ti=<TaskInstance: customer_dim_generator.generate_customer_dim_data scheduled__2025-01-02T00:00:00+00:00 [queued]>
[2025-02-08T19:03:02.373+0000] {taskinstance.py:2865} INFO - Starting attempt 1 of 1
[2025-02-08T19:03:02.388+0000] {taskinstance.py:2888} INFO - Executing <Task(PythonOperator): generate_customer_dim_data> on 2025-01-02 00:00:00+00:00
[2025-02-08T19:03:02.396+0000] {logging_mixin.py:190} WARNING - /home/***/.local/lib/python3.12/site-packages/***/task/task_runner/standard_task_runner.py:70 DeprecationWarning: This process (pid=1892) is multi-threaded, use of fork() may lead to deadlocks in the child.
[2025-02-08T19:03:02.397+0000] {standard_task_runner.py:72} INFO - Started process 1911 to run task
[2025-02-08T19:03:02.397+0000] {standard_task_runner.py:104} INFO - Running: ['***', 'tasks', 'run', 'customer_dim_generator', 'generate_customer_dim_data', 'scheduled__2025-01-02T00:00:00+00:00', '--job-id', '330', '--raw', '--subdir', 'DAGS_FOLDER/customer_dim_gen.py', '--cfg-path', '/tmp/tmpw87tsu2k']
[2025-02-08T19:03:02.399+0000] {standard_task_runner.py:105} INFO - Job 330: Subtask generate_customer_dim_data
[2025-02-08T19:03:02.438+0000] {task_command.py:467} INFO - Running <TaskInstance: customer_dim_generator.generate_customer_dim_data scheduled__2025-01-02T00:00:00+00:00 [running]> on host 2c1cd59afcc0
[2025-02-08T19:03:02.510+0000] {taskinstance.py:3131} INFO - Exporting env vars: AIRFLOW_CTX_DAG_OWNER='Saleh' AIRFLOW_CTX_DAG_ID='customer_dim_generator' AIRFLOW_CTX_TASK_ID='generate_customer_dim_data' AIRFLOW_CTX_EXECUTION_DATE='2025-01-02T00:00:00+00:00' AIRFLOW_CTX_TRY_NUMBER='1' AIRFLOW_CTX_DAG_RUN_ID='scheduled__2025-01-02T00:00:00+00:00'
[2025-02-08T19:03:02.511+0000] {taskinstance.py:731} INFO - ::endgroup::
[2025-02-08T19:03:02.529+0000] {logging_mixin.py:190} INFO - CSV file './customer_dim_large_data.csv' with 100 rows has been generated successfully.
[2025-02-08T19:03:02.530+0000] {python.py:240} INFO - Done. Returned value was: None
[2025-02-08T19:03:02.538+0000] {taskinstance.py:340} INFO - ::group::Post task execution logs
[2025-02-08T19:03:02.538+0000] {taskinstance.py:352} INFO - Marking task as SUCCESS. dag_id=customer_dim_generator, task_id=generate_customer_dim_data, run_id=scheduled__2025-01-02T00:00:00+00:00, execution_date=20250102T000000, start_date=20250208T190302, end_date=20250208T190302
[2025-02-08T19:03:02.571+0000] {local_task_job_runner.py:266} INFO - Task exited with return code 0
[2025-02-08T19:03:02.590+0000] {taskinstance.py:3900} INFO - 0 downstream tasks scheduled from follow-on schedule check
[2025-02-08T19:03:02.592+0000] {local_task_job_runner.py:245} INFO - ::endgroup::
[2025-02-08T20:40:49.234+0000] {local_task_job_runner.py:123} INFO - ::group::Pre task execution logs
[2025-02-08T20:40:49.263+0000] {taskinstance.py:2612} INFO - Dependencies all met for dep_context=non-requeueable deps ti=<TaskInstance: customer_dim_generator.generate_customer_dim_data scheduled__2025-01-02T00:00:00+00:00 [queued]>
[2025-02-08T20:40:49.278+0000] {taskinstance.py:2612} INFO - Dependencies all met for dep_context=requeueable deps ti=<TaskInstance: customer_dim_generator.generate_customer_dim_data scheduled__2025-01-02T00:00:00+00:00 [queued]>
[2025-02-08T20:40:49.283+0000] {taskinstance.py:2865} INFO - Starting attempt 1 of 1
[2025-02-08T20:40:49.335+0000] {taskinstance.py:2888} INFO - Executing <Task(PythonOperator): generate_customer_dim_data> on 2025-01-02 00:00:00+00:00
[2025-02-08T20:40:49.347+0000] {logging_mixin.py:190} WARNING - /home/***/.local/lib/python3.12/site-packages/***/task/task_runner/standard_task_runner.py:70 DeprecationWarning: This process (pid=1671) is multi-threaded, use of fork() may lead to deadlocks in the child.
[2025-02-08T20:40:49.353+0000] {standard_task_runner.py:72} INFO - Started process 1701 to run task
[2025-02-08T20:40:49.368+0000] {standard_task_runner.py:104} INFO - Running: ['***', 'tasks', 'run', 'customer_dim_generator', 'generate_customer_dim_data', 'scheduled__2025-01-02T00:00:00+00:00', '--job-id', '261', '--raw', '--subdir', 'DAGS_FOLDER/customer_dim_gen.py', '--cfg-path', '/tmp/tmpm4_h12wr']
[2025-02-08T20:40:49.371+0000] {standard_task_runner.py:105} INFO - Job 261: Subtask generate_customer_dim_data
[2025-02-08T20:40:49.446+0000] {task_command.py:467} INFO - Running <TaskInstance: customer_dim_generator.generate_customer_dim_data scheduled__2025-01-02T00:00:00+00:00 [running]> on host 7e959c1a2a8b
[2025-02-08T20:40:49.590+0000] {taskinstance.py:3131} INFO - Exporting env vars: AIRFLOW_CTX_DAG_OWNER='Saleh' AIRFLOW_CTX_DAG_ID='customer_dim_generator' AIRFLOW_CTX_TASK_ID='generate_customer_dim_data' AIRFLOW_CTX_EXECUTION_DATE='2025-01-02T00:00:00+00:00' AIRFLOW_CTX_TRY_NUMBER='1' AIRFLOW_CTX_DAG_RUN_ID='scheduled__2025-01-02T00:00:00+00:00'
[2025-02-08T20:40:49.592+0000] {taskinstance.py:731} INFO - ::endgroup::
[2025-02-08T20:40:49.618+0000] {logging_mixin.py:190} INFO - CSV file './customer_dim_large_data.csv' with 100 rows has been generated successfully.
[2025-02-08T20:40:49.619+0000] {python.py:240} INFO - Done. Returned value was: None
[2025-02-08T20:40:49.628+0000] {taskinstance.py:340} INFO - ::group::Post task execution logs
[2025-02-08T20:40:49.629+0000] {taskinstance.py:352} INFO - Marking task as SUCCESS. dag_id=customer_dim_generator, task_id=generate_customer_dim_data, run_id=scheduled__2025-01-02T00:00:00+00:00, execution_date=20250102T000000, start_date=20250208T204049, end_date=20250208T204049
[2025-02-08T20:40:49.657+0000] {local_task_job_runner.py:266} INFO - Task exited with return code 0
[2025-02-08T20:40:49.673+0000] {taskinstance.py:3900} INFO - 0 downstream tasks scheduled from follow-on schedule check
[2025-02-08T20:40:49.676+0000] {local_task_job_runner.py:245} INFO - ::endgroup::
[2025-02-08T20:43:32.404+0000] {local_task_job_runner.py:123} INFO - ::group::Pre task execution logs
[2025-02-08T20:43:32.421+0000] {taskinstance.py:2612} INFO - Dependencies all met for dep_context=non-requeueable deps ti=<TaskInstance: customer_dim_generator.generate_customer_dim_data scheduled__2025-01-02T00:00:00+00:00 [queued]>
[2025-02-08T20:43:32.430+0000] {taskinstance.py:2612} INFO - Dependencies all met for dep_context=requeueable deps ti=<TaskInstance: customer_dim_generator.generate_customer_dim_data scheduled__2025-01-02T00:00:00+00:00 [queued]>
[2025-02-08T20:43:32.430+0000] {taskinstance.py:2865} INFO - Starting attempt 1 of 1
[2025-02-08T20:43:32.516+0000] {taskinstance.py:2888} INFO - Executing <Task(PythonOperator): generate_customer_dim_data> on 2025-01-02 00:00:00+00:00
[2025-02-08T20:43:32.524+0000] {logging_mixin.py:190} WARNING - /home/***/.local/lib/python3.12/site-packages/***/task/task_runner/standard_task_runner.py:70 DeprecationWarning: This process (pid=762) is multi-threaded, use of fork() may lead to deadlocks in the child.
[2025-02-08T20:43:32.525+0000] {standard_task_runner.py:72} INFO - Started process 784 to run task
[2025-02-08T20:43:32.525+0000] {standard_task_runner.py:104} INFO - Running: ['***', 'tasks', 'run', 'customer_dim_generator', 'generate_customer_dim_data', 'scheduled__2025-01-02T00:00:00+00:00', '--job-id', '492', '--raw', '--subdir', 'DAGS_FOLDER/customer_dim_gen.py', '--cfg-path', '/tmp/tmprvvkfsvg']
[2025-02-08T20:43:32.528+0000] {standard_task_runner.py:105} INFO - Job 492: Subtask generate_customer_dim_data
[2025-02-08T20:43:32.578+0000] {task_command.py:467} INFO - Running <TaskInstance: customer_dim_generator.generate_customer_dim_data scheduled__2025-01-02T00:00:00+00:00 [running]> on host 86932746817d
[2025-02-08T20:43:32.659+0000] {taskinstance.py:3131} INFO - Exporting env vars: AIRFLOW_CTX_DAG_OWNER='Saleh' AIRFLOW_CTX_DAG_ID='customer_dim_generator' AIRFLOW_CTX_TASK_ID='generate_customer_dim_data' AIRFLOW_CTX_EXECUTION_DATE='2025-01-02T00:00:00+00:00' AIRFLOW_CTX_TRY_NUMBER='1' AIRFLOW_CTX_DAG_RUN_ID='scheduled__2025-01-02T00:00:00+00:00'
[2025-02-08T20:43:32.660+0000] {taskinstance.py:731} INFO - ::endgroup::
[2025-02-08T20:43:32.678+0000] {logging_mixin.py:190} INFO - CSV file './customer_dim_large_data.csv' with 100 rows has been generated successfully.
[2025-02-08T20:43:32.678+0000] {python.py:240} INFO - Done. Returned value was: None
[2025-02-08T20:43:32.686+0000] {taskinstance.py:340} INFO - ::group::Post task execution logs
[2025-02-08T20:43:32.686+0000] {taskinstance.py:352} INFO - Marking task as SUCCESS. dag_id=customer_dim_generator, task_id=generate_customer_dim_data, run_id=scheduled__2025-01-02T00:00:00+00:00, execution_date=20250102T000000, start_date=20250208T204332, end_date=20250208T204332
[2025-02-08T20:43:32.742+0000] {local_task_job_runner.py:266} INFO - Task exited with return code 0
[2025-02-08T20:43:32.758+0000] {taskinstance.py:3900} INFO - 0 downstream tasks scheduled from follow-on schedule check
[2025-02-08T20:43:32.760+0000] {local_task_job_runner.py:245} INFO - ::endgroup::
