[2025-02-08T19:00:59.551+0000] {local_task_job_runner.py:123} INFO - ::group::Pre task execution logs
[2025-02-08T19:00:59.569+0000] {taskinstance.py:2612} INFO - Dependencies all met for dep_context=non-requeueable deps ti=<TaskInstance: account_dim_gen.generate_account_dim_data scheduled__2025-01-03T00:00:00+00:00 [queued]>
[2025-02-08T19:00:59.578+0000] {taskinstance.py:2612} INFO - Dependencies all met for dep_context=requeueable deps ti=<TaskInstance: account_dim_gen.generate_account_dim_data scheduled__2025-01-03T00:00:00+00:00 [queued]>
[2025-02-08T19:00:59.578+0000] {taskinstance.py:2865} INFO - Starting attempt 1 of 1
[2025-02-08T19:00:59.601+0000] {taskinstance.py:2888} INFO - Executing <Task(PythonOperator): generate_account_dim_data> on 2025-01-03 00:00:00+00:00
[2025-02-08T19:00:59.609+0000] {logging_mixin.py:190} WARNING - /home/***/.local/lib/python3.12/site-packages/***/task/task_runner/standard_task_runner.py:70 DeprecationWarning: This process (pid=958) is multi-threaded, use of fork() may lead to deadlocks in the child.
[2025-02-08T19:00:59.610+0000] {standard_task_runner.py:72} INFO - Started process 969 to run task
[2025-02-08T19:00:59.609+0000] {standard_task_runner.py:104} INFO - Running: ['***', 'tasks', 'run', 'account_dim_gen', 'generate_account_dim_data', 'scheduled__2025-01-03T00:00:00+00:00', '--job-id', '119', '--raw', '--subdir', 'DAGS_FOLDER/account_dim_gen.py', '--cfg-path', '/tmp/tmpo4rfa1a3']
[2025-02-08T19:00:59.611+0000] {standard_task_runner.py:105} INFO - Job 119: Subtask generate_account_dim_data
[2025-02-08T19:00:59.657+0000] {task_command.py:467} INFO - Running <TaskInstance: account_dim_gen.generate_account_dim_data scheduled__2025-01-03T00:00:00+00:00 [running]> on host 2c1cd59afcc0
[2025-02-08T19:00:59.727+0000] {taskinstance.py:3131} INFO - Exporting env vars: AIRFLOW_CTX_DAG_OWNER='Saleh' AIRFLOW_CTX_DAG_ID='account_dim_gen' AIRFLOW_CTX_TASK_ID='generate_account_dim_data' AIRFLOW_CTX_EXECUTION_DATE='2025-01-03T00:00:00+00:00' AIRFLOW_CTX_TRY_NUMBER='1' AIRFLOW_CTX_DAG_RUN_ID='scheduled__2025-01-03T00:00:00+00:00'
[2025-02-08T19:00:59.728+0000] {taskinstance.py:731} INFO - ::endgroup::
[2025-02-08T19:00:59.743+0000] {logging_mixin.py:190} INFO - CSV file ./account_dim_large_data.csv with 50 row has been generated successfully!
[2025-02-08T19:00:59.744+0000] {python.py:240} INFO - Done. Returned value was: None
[2025-02-08T19:00:59.751+0000] {taskinstance.py:340} INFO - ::group::Post task execution logs
[2025-02-08T19:00:59.751+0000] {taskinstance.py:352} INFO - Marking task as SUCCESS. dag_id=account_dim_gen, task_id=generate_account_dim_data, run_id=scheduled__2025-01-03T00:00:00+00:00, execution_date=20250103T000000, start_date=20250208T190059, end_date=20250208T190059
[2025-02-08T19:00:59.784+0000] {local_task_job_runner.py:266} INFO - Task exited with return code 0
[2025-02-08T19:00:59.796+0000] {taskinstance.py:3900} INFO - 0 downstream tasks scheduled from follow-on schedule check
[2025-02-08T19:00:59.808+0000] {local_task_job_runner.py:245} INFO - ::endgroup::
[2025-02-08T20:41:09.102+0000] {local_task_job_runner.py:123} INFO - ::group::Pre task execution logs
[2025-02-08T20:41:09.127+0000] {taskinstance.py:2612} INFO - Dependencies all met for dep_context=non-requeueable deps ti=<TaskInstance: account_dim_gen.generate_account_dim_data scheduled__2025-01-03T00:00:00+00:00 [queued]>
[2025-02-08T20:41:09.148+0000] {taskinstance.py:2612} INFO - Dependencies all met for dep_context=requeueable deps ti=<TaskInstance: account_dim_gen.generate_account_dim_data scheduled__2025-01-03T00:00:00+00:00 [queued]>
[2025-02-08T20:41:09.149+0000] {taskinstance.py:2865} INFO - Starting attempt 1 of 1
[2025-02-08T20:41:09.175+0000] {taskinstance.py:2888} INFO - Executing <Task(PythonOperator): generate_account_dim_data> on 2025-01-03 00:00:00+00:00
[2025-02-08T20:41:09.189+0000] {logging_mixin.py:190} WARNING - /home/***/.local/lib/python3.12/site-packages/***/task/task_runner/standard_task_runner.py:70 DeprecationWarning: This process (pid=1979) is multi-threaded, use of fork() may lead to deadlocks in the child.
[2025-02-08T20:41:09.191+0000] {standard_task_runner.py:72} INFO - Started process 2002 to run task
[2025-02-08T20:41:09.193+0000] {standard_task_runner.py:104} INFO - Running: ['***', 'tasks', 'run', 'account_dim_gen', 'generate_account_dim_data', 'scheduled__2025-01-03T00:00:00+00:00', '--job-id', '334', '--raw', '--subdir', 'DAGS_FOLDER/account_dim_gen.py', '--cfg-path', '/tmp/tmpul3ep43n']
[2025-02-08T20:41:09.196+0000] {standard_task_runner.py:105} INFO - Job 334: Subtask generate_account_dim_data
[2025-02-08T20:41:09.255+0000] {task_command.py:467} INFO - Running <TaskInstance: account_dim_gen.generate_account_dim_data scheduled__2025-01-03T00:00:00+00:00 [running]> on host 7e959c1a2a8b
[2025-02-08T20:41:09.369+0000] {taskinstance.py:3131} INFO - Exporting env vars: AIRFLOW_CTX_DAG_OWNER='Saleh' AIRFLOW_CTX_DAG_ID='account_dim_gen' AIRFLOW_CTX_TASK_ID='generate_account_dim_data' AIRFLOW_CTX_EXECUTION_DATE='2025-01-03T00:00:00+00:00' AIRFLOW_CTX_TRY_NUMBER='1' AIRFLOW_CTX_DAG_RUN_ID='scheduled__2025-01-03T00:00:00+00:00'
[2025-02-08T20:41:09.372+0000] {taskinstance.py:731} INFO - ::endgroup::
[2025-02-08T20:41:09.405+0000] {logging_mixin.py:190} INFO - CSV file ./account_dim_large_data.csv with 50 row has been generated successfully!
[2025-02-08T20:41:09.408+0000] {python.py:240} INFO - Done. Returned value was: None
[2025-02-08T20:41:09.418+0000] {taskinstance.py:340} INFO - ::group::Post task execution logs
[2025-02-08T20:41:09.419+0000] {taskinstance.py:352} INFO - Marking task as SUCCESS. dag_id=account_dim_gen, task_id=generate_account_dim_data, run_id=scheduled__2025-01-03T00:00:00+00:00, execution_date=20250103T000000, start_date=20250208T204109, end_date=20250208T204109
[2025-02-08T20:41:09.453+0000] {local_task_job_runner.py:266} INFO - Task exited with return code 0
[2025-02-08T20:41:09.471+0000] {taskinstance.py:3900} INFO - 0 downstream tasks scheduled from follow-on schedule check
[2025-02-08T20:41:09.474+0000] {local_task_job_runner.py:245} INFO - ::endgroup::
