[2025-02-08T19:00:11.398+0000] {local_task_job_runner.py:123} INFO - ::group::Pre task execution logs
[2025-02-08T19:00:11.413+0000] {taskinstance.py:2612} INFO - Dependencies all met for dep_context=non-requeueable deps ti=<TaskInstance: account_dim_gen.generate_account_dim_data scheduled__2024-10-06T00:00:00+00:00 [queued]>
[2025-02-08T19:00:11.422+0000] {taskinstance.py:2612} INFO - Dependencies all met for dep_context=requeueable deps ti=<TaskInstance: account_dim_gen.generate_account_dim_data scheduled__2024-10-06T00:00:00+00:00 [queued]>
[2025-02-08T19:00:11.432+0000] {taskinstance.py:2865} INFO - Starting attempt 1 of 1
[2025-02-08T19:00:11.448+0000] {taskinstance.py:2888} INFO - Executing <Task(PythonOperator): generate_account_dim_data> on 2024-10-06 00:00:00+00:00
[2025-02-08T19:00:11.459+0000] {standard_task_runner.py:104} INFO - Running: ['***', 'tasks', 'run', 'account_dim_gen', 'generate_account_dim_data', 'scheduled__2024-10-06T00:00:00+00:00', '--job-id', '30', '--raw', '--subdir', 'DAGS_FOLDER/account_dim_gen.py', '--cfg-path', '/tmp/tmpqsylwtw6']
[2025-02-08T19:00:11.462+0000] {standard_task_runner.py:105} INFO - Job 30: Subtask generate_account_dim_data
[2025-02-08T19:00:11.464+0000] {logging_mixin.py:190} WARNING - /home/***/.local/lib/python3.12/site-packages/***/task/task_runner/standard_task_runner.py:70 DeprecationWarning: This process (pid=563) is multi-threaded, use of fork() may lead to deadlocks in the child.
[2025-02-08T19:00:11.465+0000] {standard_task_runner.py:72} INFO - Started process 583 to run task
[2025-02-08T19:00:11.509+0000] {task_command.py:467} INFO - Running <TaskInstance: account_dim_gen.generate_account_dim_data scheduled__2024-10-06T00:00:00+00:00 [running]> on host 2c1cd59afcc0
[2025-02-08T19:00:11.661+0000] {taskinstance.py:3131} INFO - Exporting env vars: AIRFLOW_CTX_DAG_OWNER='Saleh' AIRFLOW_CTX_DAG_ID='account_dim_gen' AIRFLOW_CTX_TASK_ID='generate_account_dim_data' AIRFLOW_CTX_EXECUTION_DATE='2024-10-06T00:00:00+00:00' AIRFLOW_CTX_TRY_NUMBER='1' AIRFLOW_CTX_DAG_RUN_ID='scheduled__2024-10-06T00:00:00+00:00'
[2025-02-08T19:00:11.663+0000] {taskinstance.py:731} INFO - ::endgroup::
[2025-02-08T19:00:11.686+0000] {logging_mixin.py:190} INFO - CSV file ./account_dim_large_data.csv with 50 row has been generated successfully!
[2025-02-08T19:00:11.686+0000] {python.py:240} INFO - Done. Returned value was: None
[2025-02-08T19:00:11.712+0000] {taskinstance.py:340} INFO - ::group::Post task execution logs
[2025-02-08T19:00:11.715+0000] {taskinstance.py:352} INFO - Marking task as SUCCESS. dag_id=account_dim_gen, task_id=generate_account_dim_data, run_id=scheduled__2024-10-06T00:00:00+00:00, execution_date=20241006T000000, start_date=20250208T190011, end_date=20250208T190011
[2025-02-08T19:00:11.883+0000] {local_task_job_runner.py:266} INFO - Task exited with return code 0
[2025-02-08T19:00:11.896+0000] {taskinstance.py:3900} INFO - 0 downstream tasks scheduled from follow-on schedule check
[2025-02-08T19:00:11.907+0000] {local_task_job_runner.py:245} INFO - ::endgroup::
[2025-02-08T20:39:53.302+0000] {local_task_job_runner.py:123} INFO - ::group::Pre task execution logs
[2025-02-08T20:39:53.333+0000] {taskinstance.py:2612} INFO - Dependencies all met for dep_context=non-requeueable deps ti=<TaskInstance: account_dim_gen.generate_account_dim_data scheduled__2024-10-06T00:00:00+00:00 [queued]>
[2025-02-08T20:39:53.344+0000] {taskinstance.py:2612} INFO - Dependencies all met for dep_context=requeueable deps ti=<TaskInstance: account_dim_gen.generate_account_dim_data scheduled__2024-10-06T00:00:00+00:00 [queued]>
[2025-02-08T20:39:53.345+0000] {taskinstance.py:2865} INFO - Starting attempt 1 of 1
[2025-02-08T20:39:53.468+0000] {taskinstance.py:2888} INFO - Executing <Task(PythonOperator): generate_account_dim_data> on 2024-10-06 00:00:00+00:00
[2025-02-08T20:39:53.480+0000] {logging_mixin.py:190} WARNING - /home/***/.local/lib/python3.12/site-packages/***/task/task_runner/standard_task_runner.py:70 DeprecationWarning: This process (pid=845) is multi-threaded, use of fork() may lead to deadlocks in the child.
[2025-02-08T20:39:53.482+0000] {standard_task_runner.py:72} INFO - Started process 875 to run task
[2025-02-08T20:39:53.482+0000] {standard_task_runner.py:104} INFO - Running: ['***', 'tasks', 'run', 'account_dim_gen', 'generate_account_dim_data', 'scheduled__2024-10-06T00:00:00+00:00', '--job-id', '68', '--raw', '--subdir', 'DAGS_FOLDER/account_dim_gen.py', '--cfg-path', '/tmp/tmpi7ip6qzn']
[2025-02-08T20:39:53.484+0000] {standard_task_runner.py:105} INFO - Job 68: Subtask generate_account_dim_data
[2025-02-08T20:39:53.549+0000] {task_command.py:467} INFO - Running <TaskInstance: account_dim_gen.generate_account_dim_data scheduled__2024-10-06T00:00:00+00:00 [running]> on host 7e959c1a2a8b
[2025-02-08T20:39:53.652+0000] {taskinstance.py:3131} INFO - Exporting env vars: AIRFLOW_CTX_DAG_OWNER='Saleh' AIRFLOW_CTX_DAG_ID='account_dim_gen' AIRFLOW_CTX_TASK_ID='generate_account_dim_data' AIRFLOW_CTX_EXECUTION_DATE='2024-10-06T00:00:00+00:00' AIRFLOW_CTX_TRY_NUMBER='1' AIRFLOW_CTX_DAG_RUN_ID='scheduled__2024-10-06T00:00:00+00:00'
[2025-02-08T20:39:53.654+0000] {taskinstance.py:731} INFO - ::endgroup::
[2025-02-08T20:39:53.677+0000] {logging_mixin.py:190} INFO - CSV file ./account_dim_large_data.csv with 50 row has been generated successfully!
[2025-02-08T20:39:53.677+0000] {python.py:240} INFO - Done. Returned value was: None
[2025-02-08T20:39:53.685+0000] {taskinstance.py:340} INFO - ::group::Post task execution logs
[2025-02-08T20:39:53.686+0000] {taskinstance.py:352} INFO - Marking task as SUCCESS. dag_id=account_dim_gen, task_id=generate_account_dim_data, run_id=scheduled__2024-10-06T00:00:00+00:00, execution_date=20241006T000000, start_date=20250208T203953, end_date=20250208T203953
[2025-02-08T20:39:53.738+0000] {local_task_job_runner.py:266} INFO - Task exited with return code 0
[2025-02-08T20:39:53.759+0000] {taskinstance.py:3900} INFO - 0 downstream tasks scheduled from follow-on schedule check
[2025-02-08T20:39:53.761+0000] {local_task_job_runner.py:245} INFO - ::endgroup::
