[2025-02-08T19:03:16.000+0000] {local_task_job_runner.py:123} INFO - ::group::Pre task execution logs
[2025-02-08T19:03:16.020+0000] {taskinstance.py:2612} INFO - Dependencies all met for dep_context=non-requeueable deps ti=<TaskInstance: customer_dim_generator.generate_customer_dim_data scheduled__2025-01-21T00:00:00+00:00 [queued]>
[2025-02-08T19:03:16.037+0000] {taskinstance.py:2612} INFO - Dependencies all met for dep_context=requeueable deps ti=<TaskInstance: customer_dim_generator.generate_customer_dim_data scheduled__2025-01-21T00:00:00+00:00 [queued]>
[2025-02-08T19:03:16.038+0000] {taskinstance.py:2865} INFO - Starting attempt 1 of 1
[2025-02-08T19:03:16.060+0000] {taskinstance.py:2888} INFO - Executing <Task(PythonOperator): generate_customer_dim_data> on 2025-01-21 00:00:00+00:00
[2025-02-08T19:03:16.071+0000] {logging_mixin.py:190} WARNING - /home/***/.local/lib/python3.12/site-packages/***/task/task_runner/standard_task_runner.py:70 DeprecationWarning: This process (pid=2060) is multi-threaded, use of fork() may lead to deadlocks in the child.
[2025-02-08T19:03:16.074+0000] {standard_task_runner.py:72} INFO - Started process 2085 to run task
[2025-02-08T19:03:16.072+0000] {standard_task_runner.py:104} INFO - Running: ['***', 'tasks', 'run', 'customer_dim_generator', 'generate_customer_dim_data', 'scheduled__2025-01-21T00:00:00+00:00', '--job-id', '369', '--raw', '--subdir', 'DAGS_FOLDER/customer_dim_gen.py', '--cfg-path', '/tmp/tmpi6h8hjv8']
[2025-02-08T19:03:16.076+0000] {standard_task_runner.py:105} INFO - Job 369: Subtask generate_customer_dim_data
[2025-02-08T19:03:16.125+0000] {task_command.py:467} INFO - Running <TaskInstance: customer_dim_generator.generate_customer_dim_data scheduled__2025-01-21T00:00:00+00:00 [running]> on host 2c1cd59afcc0
[2025-02-08T19:03:16.229+0000] {taskinstance.py:3131} INFO - Exporting env vars: AIRFLOW_CTX_DAG_OWNER='Saleh' AIRFLOW_CTX_DAG_ID='customer_dim_generator' AIRFLOW_CTX_TASK_ID='generate_customer_dim_data' AIRFLOW_CTX_EXECUTION_DATE='2025-01-21T00:00:00+00:00' AIRFLOW_CTX_TRY_NUMBER='1' AIRFLOW_CTX_DAG_RUN_ID='scheduled__2025-01-21T00:00:00+00:00'
[2025-02-08T19:03:16.231+0000] {taskinstance.py:731} INFO - ::endgroup::
[2025-02-08T19:03:16.251+0000] {logging_mixin.py:190} INFO - CSV file './customer_dim_large_data.csv' with 100 rows has been generated successfully.
[2025-02-08T19:03:16.251+0000] {python.py:240} INFO - Done. Returned value was: None
[2025-02-08T19:03:16.260+0000] {taskinstance.py:340} INFO - ::group::Post task execution logs
[2025-02-08T19:03:16.261+0000] {taskinstance.py:352} INFO - Marking task as SUCCESS. dag_id=customer_dim_generator, task_id=generate_customer_dim_data, run_id=scheduled__2025-01-21T00:00:00+00:00, execution_date=20250121T000000, start_date=20250208T190316, end_date=20250208T190316
[2025-02-08T19:03:16.289+0000] {local_task_job_runner.py:266} INFO - Task exited with return code 0
[2025-02-08T19:03:16.304+0000] {taskinstance.py:3900} INFO - 0 downstream tasks scheduled from follow-on schedule check
[2025-02-08T19:03:16.310+0000] {local_task_job_runner.py:245} INFO - ::endgroup::
[2025-02-08T20:41:03.640+0000] {local_task_job_runner.py:123} INFO - ::group::Pre task execution logs
[2025-02-08T20:41:03.656+0000] {taskinstance.py:2612} INFO - Dependencies all met for dep_context=non-requeueable deps ti=<TaskInstance: customer_dim_generator.generate_customer_dim_data scheduled__2025-01-21T00:00:00+00:00 [queued]>
[2025-02-08T20:41:03.665+0000] {taskinstance.py:2612} INFO - Dependencies all met for dep_context=requeueable deps ti=<TaskInstance: customer_dim_generator.generate_customer_dim_data scheduled__2025-01-21T00:00:00+00:00 [queued]>
[2025-02-08T20:41:03.666+0000] {taskinstance.py:2865} INFO - Starting attempt 1 of 1
[2025-02-08T20:41:03.677+0000] {taskinstance.py:2888} INFO - Executing <Task(PythonOperator): generate_customer_dim_data> on 2025-01-21 00:00:00+00:00
[2025-02-08T20:41:03.688+0000] {logging_mixin.py:190} WARNING - /home/***/.local/lib/python3.12/site-packages/***/task/task_runner/standard_task_runner.py:70 DeprecationWarning: This process (pid=1923) is multi-threaded, use of fork() may lead to deadlocks in the child.
[2025-02-08T20:41:03.689+0000] {standard_task_runner.py:72} INFO - Started process 1940 to run task
[2025-02-08T20:41:03.688+0000] {standard_task_runner.py:104} INFO - Running: ['***', 'tasks', 'run', 'customer_dim_generator', 'generate_customer_dim_data', 'scheduled__2025-01-21T00:00:00+00:00', '--job-id', '321', '--raw', '--subdir', 'DAGS_FOLDER/customer_dim_gen.py', '--cfg-path', '/tmp/tmpp4pr569f']
[2025-02-08T20:41:03.690+0000] {standard_task_runner.py:105} INFO - Job 321: Subtask generate_customer_dim_data
[2025-02-08T20:41:03.728+0000] {task_command.py:467} INFO - Running <TaskInstance: customer_dim_generator.generate_customer_dim_data scheduled__2025-01-21T00:00:00+00:00 [running]> on host 7e959c1a2a8b
[2025-02-08T20:41:03.804+0000] {taskinstance.py:3131} INFO - Exporting env vars: AIRFLOW_CTX_DAG_OWNER='Saleh' AIRFLOW_CTX_DAG_ID='customer_dim_generator' AIRFLOW_CTX_TASK_ID='generate_customer_dim_data' AIRFLOW_CTX_EXECUTION_DATE='2025-01-21T00:00:00+00:00' AIRFLOW_CTX_TRY_NUMBER='1' AIRFLOW_CTX_DAG_RUN_ID='scheduled__2025-01-21T00:00:00+00:00'
[2025-02-08T20:41:03.806+0000] {taskinstance.py:731} INFO - ::endgroup::
[2025-02-08T20:41:03.822+0000] {logging_mixin.py:190} INFO - CSV file './customer_dim_large_data.csv' with 100 rows has been generated successfully.
[2025-02-08T20:41:03.822+0000] {python.py:240} INFO - Done. Returned value was: None
[2025-02-08T20:41:03.830+0000] {taskinstance.py:340} INFO - ::group::Post task execution logs
[2025-02-08T20:41:03.830+0000] {taskinstance.py:352} INFO - Marking task as SUCCESS. dag_id=customer_dim_generator, task_id=generate_customer_dim_data, run_id=scheduled__2025-01-21T00:00:00+00:00, execution_date=20250121T000000, start_date=20250208T204103, end_date=20250208T204103
[2025-02-08T20:41:03.864+0000] {local_task_job_runner.py:266} INFO - Task exited with return code 0
[2025-02-08T20:41:03.877+0000] {taskinstance.py:3900} INFO - 0 downstream tasks scheduled from follow-on schedule check
[2025-02-08T20:41:03.880+0000] {local_task_job_runner.py:245} INFO - ::endgroup::
[2025-02-08T20:43:48.164+0000] {local_task_job_runner.py:123} INFO - ::group::Pre task execution logs
[2025-02-08T20:43:48.189+0000] {taskinstance.py:2612} INFO - Dependencies all met for dep_context=non-requeueable deps ti=<TaskInstance: customer_dim_generator.generate_customer_dim_data scheduled__2025-01-21T00:00:00+00:00 [queued]>
[2025-02-08T20:43:48.198+0000] {taskinstance.py:2612} INFO - Dependencies all met for dep_context=requeueable deps ti=<TaskInstance: customer_dim_generator.generate_customer_dim_data scheduled__2025-01-21T00:00:00+00:00 [queued]>
[2025-02-08T20:43:48.199+0000] {taskinstance.py:2865} INFO - Starting attempt 1 of 1
[2025-02-08T20:43:48.223+0000] {taskinstance.py:2888} INFO - Executing <Task(PythonOperator): generate_customer_dim_data> on 2025-01-21 00:00:00+00:00
[2025-02-08T20:43:48.240+0000] {logging_mixin.py:190} WARNING - /home/***/.local/lib/python3.12/site-packages/***/task/task_runner/standard_task_runner.py:70 DeprecationWarning: This process (pid=853) is multi-threaded, use of fork() may lead to deadlocks in the child.
[2025-02-08T20:43:48.241+0000] {standard_task_runner.py:72} INFO - Started process 869 to run task
[2025-02-08T20:43:48.238+0000] {standard_task_runner.py:104} INFO - Running: ['***', 'tasks', 'run', 'customer_dim_generator', 'generate_customer_dim_data', 'scheduled__2025-01-21T00:00:00+00:00', '--job-id', '511', '--raw', '--subdir', 'DAGS_FOLDER/customer_dim_gen.py', '--cfg-path', '/tmp/tmp52etrf0r']
[2025-02-08T20:43:48.243+0000] {standard_task_runner.py:105} INFO - Job 511: Subtask generate_customer_dim_data
[2025-02-08T20:43:48.300+0000] {task_command.py:467} INFO - Running <TaskInstance: customer_dim_generator.generate_customer_dim_data scheduled__2025-01-21T00:00:00+00:00 [running]> on host 86932746817d
[2025-02-08T20:43:48.400+0000] {taskinstance.py:3131} INFO - Exporting env vars: AIRFLOW_CTX_DAG_OWNER='Saleh' AIRFLOW_CTX_DAG_ID='customer_dim_generator' AIRFLOW_CTX_TASK_ID='generate_customer_dim_data' AIRFLOW_CTX_EXECUTION_DATE='2025-01-21T00:00:00+00:00' AIRFLOW_CTX_TRY_NUMBER='1' AIRFLOW_CTX_DAG_RUN_ID='scheduled__2025-01-21T00:00:00+00:00'
[2025-02-08T20:43:48.405+0000] {taskinstance.py:731} INFO - ::endgroup::
[2025-02-08T20:43:48.428+0000] {logging_mixin.py:190} INFO - CSV file './customer_dim_large_data.csv' with 100 rows has been generated successfully.
[2025-02-08T20:43:48.429+0000] {python.py:240} INFO - Done. Returned value was: None
[2025-02-08T20:43:48.441+0000] {taskinstance.py:340} INFO - ::group::Post task execution logs
[2025-02-08T20:43:48.442+0000] {taskinstance.py:352} INFO - Marking task as SUCCESS. dag_id=customer_dim_generator, task_id=generate_customer_dim_data, run_id=scheduled__2025-01-21T00:00:00+00:00, execution_date=20250121T000000, start_date=20250208T204348, end_date=20250208T204348
[2025-02-08T20:43:48.582+0000] {local_task_job_runner.py:266} INFO - Task exited with return code 0
[2025-02-08T20:43:48.602+0000] {taskinstance.py:3900} INFO - 0 downstream tasks scheduled from follow-on schedule check
[2025-02-08T20:43:48.611+0000] {local_task_job_runner.py:245} INFO - ::endgroup::
