[2025-02-08T19:02:43.375+0000] {local_task_job_runner.py:123} INFO - ::group::Pre task execution logs
[2025-02-08T19:02:43.392+0000] {taskinstance.py:2612} INFO - Dependencies all met for dep_context=non-requeueable deps ti=<TaskInstance: branch_dim_gen.generate_branch_dim_data scheduled__2024-11-08T00:00:00+00:00 [queued]>
[2025-02-08T19:02:43.402+0000] {taskinstance.py:2612} INFO - Dependencies all met for dep_context=requeueable deps ti=<TaskInstance: branch_dim_gen.generate_branch_dim_data scheduled__2024-11-08T00:00:00+00:00 [queued]>
[2025-02-08T19:02:43.403+0000] {taskinstance.py:2865} INFO - Starting attempt 1 of 1
[2025-02-08T19:02:43.539+0000] {taskinstance.py:2888} INFO - Executing <Task(PythonOperator): generate_branch_dim_data> on 2024-11-08 00:00:00+00:00
[2025-02-08T19:02:43.550+0000] {logging_mixin.py:190} WARNING - /home/***/.local/lib/python3.12/site-packages/***/task/task_runner/standard_task_runner.py:70 DeprecationWarning: This process (pid=1615) is multi-threaded, use of fork() may lead to deadlocks in the child.
[2025-02-08T19:02:43.552+0000] {standard_task_runner.py:72} INFO - Started process 1652 to run task
[2025-02-08T19:02:43.551+0000] {standard_task_runner.py:104} INFO - Running: ['***', 'tasks', 'run', 'branch_dim_gen', 'generate_branch_dim_data', 'scheduled__2024-11-08T00:00:00+00:00', '--job-id', '266', '--raw', '--subdir', 'DAGS_FOLDER/brnach_dim_gen.py', '--cfg-path', '/tmp/tmpkx661bv2']
[2025-02-08T19:02:43.554+0000] {standard_task_runner.py:105} INFO - Job 266: Subtask generate_branch_dim_data
[2025-02-08T19:02:43.639+0000] {task_command.py:467} INFO - Running <TaskInstance: branch_dim_gen.generate_branch_dim_data scheduled__2024-11-08T00:00:00+00:00 [running]> on host 2c1cd59afcc0
[2025-02-08T19:02:43.734+0000] {taskinstance.py:3131} INFO - Exporting env vars: AIRFLOW_CTX_DAG_OWNER='Saleh' AIRFLOW_CTX_DAG_ID='branch_dim_gen' AIRFLOW_CTX_TASK_ID='generate_branch_dim_data' AIRFLOW_CTX_EXECUTION_DATE='2024-11-08T00:00:00+00:00' AIRFLOW_CTX_TRY_NUMBER='1' AIRFLOW_CTX_DAG_RUN_ID='scheduled__2024-11-08T00:00:00+00:00'
[2025-02-08T19:02:43.737+0000] {taskinstance.py:731} INFO - ::endgroup::
[2025-02-08T19:02:43.765+0000] {logging_mixin.py:190} INFO - CSV file './branch_dim_large_data.csv' with 50 rows has been generated successfully.
[2025-02-08T19:02:43.766+0000] {python.py:240} INFO - Done. Returned value was: None
[2025-02-08T19:02:43.782+0000] {taskinstance.py:340} INFO - ::group::Post task execution logs
[2025-02-08T19:02:43.783+0000] {taskinstance.py:352} INFO - Marking task as SUCCESS. dag_id=branch_dim_gen, task_id=generate_branch_dim_data, run_id=scheduled__2024-11-08T00:00:00+00:00, execution_date=20241108T000000, start_date=20250208T190243, end_date=20250208T190243
[2025-02-08T19:02:43.851+0000] {local_task_job_runner.py:266} INFO - Task exited with return code 0
[2025-02-08T19:02:43.867+0000] {local_task_job_runner.py:245} INFO - ::endgroup::
[2025-02-08T20:40:28.687+0000] {local_task_job_runner.py:123} INFO - ::group::Pre task execution logs
[2025-02-08T20:40:28.705+0000] {taskinstance.py:2612} INFO - Dependencies all met for dep_context=non-requeueable deps ti=<TaskInstance: branch_dim_gen.generate_branch_dim_data scheduled__2024-11-08T00:00:00+00:00 [queued]>
[2025-02-08T20:40:28.715+0000] {taskinstance.py:2612} INFO - Dependencies all met for dep_context=requeueable deps ti=<TaskInstance: branch_dim_gen.generate_branch_dim_data scheduled__2024-11-08T00:00:00+00:00 [queued]>
[2025-02-08T20:40:28.716+0000] {taskinstance.py:2865} INFO - Starting attempt 1 of 1
[2025-02-08T20:40:28.730+0000] {taskinstance.py:2888} INFO - Executing <Task(PythonOperator): generate_branch_dim_data> on 2024-11-08 00:00:00+00:00
[2025-02-08T20:40:28.742+0000] {logging_mixin.py:190} WARNING - /home/***/.local/lib/python3.12/site-packages/***/task/task_runner/standard_task_runner.py:70 DeprecationWarning: This process (pid=1308) is multi-threaded, use of fork() may lead to deadlocks in the child.
[2025-02-08T20:40:28.745+0000] {standard_task_runner.py:72} INFO - Started process 1328 to run task
[2025-02-08T20:40:28.743+0000] {standard_task_runner.py:104} INFO - Running: ['***', 'tasks', 'run', 'branch_dim_gen', 'generate_branch_dim_data', 'scheduled__2024-11-08T00:00:00+00:00', '--job-id', '172', '--raw', '--subdir', 'DAGS_FOLDER/brnach_dim_gen.py', '--cfg-path', '/tmp/tmp2bqk_cyu']
[2025-02-08T20:40:28.746+0000] {standard_task_runner.py:105} INFO - Job 172: Subtask generate_branch_dim_data
[2025-02-08T20:40:28.801+0000] {task_command.py:467} INFO - Running <TaskInstance: branch_dim_gen.generate_branch_dim_data scheduled__2024-11-08T00:00:00+00:00 [running]> on host 7e959c1a2a8b
[2025-02-08T20:40:28.974+0000] {taskinstance.py:3131} INFO - Exporting env vars: AIRFLOW_CTX_DAG_OWNER='Saleh' AIRFLOW_CTX_DAG_ID='branch_dim_gen' AIRFLOW_CTX_TASK_ID='generate_branch_dim_data' AIRFLOW_CTX_EXECUTION_DATE='2024-11-08T00:00:00+00:00' AIRFLOW_CTX_TRY_NUMBER='1' AIRFLOW_CTX_DAG_RUN_ID='scheduled__2024-11-08T00:00:00+00:00'
[2025-02-08T20:40:28.976+0000] {taskinstance.py:731} INFO - ::endgroup::
[2025-02-08T20:40:29.003+0000] {logging_mixin.py:190} INFO - CSV file './branch_dim_large_data.csv' with 50 rows has been generated successfully.
[2025-02-08T20:40:29.003+0000] {python.py:240} INFO - Done. Returned value was: None
[2025-02-08T20:40:29.016+0000] {taskinstance.py:340} INFO - ::group::Post task execution logs
[2025-02-08T20:40:29.016+0000] {taskinstance.py:352} INFO - Marking task as SUCCESS. dag_id=branch_dim_gen, task_id=generate_branch_dim_data, run_id=scheduled__2024-11-08T00:00:00+00:00, execution_date=20241108T000000, start_date=20250208T204028, end_date=20250208T204029
[2025-02-08T20:40:29.046+0000] {local_task_job_runner.py:266} INFO - Task exited with return code 0
[2025-02-08T20:40:29.061+0000] {local_task_job_runner.py:245} INFO - ::endgroup::
