[2025-02-08T19:00:45.318+0000] {local_task_job_runner.py:123} INFO - ::group::Pre task execution logs
[2025-02-08T19:00:45.334+0000] {taskinstance.py:2612} INFO - Dependencies all met for dep_context=non-requeueable deps ti=<TaskInstance: account_dim_gen.generate_account_dim_data scheduled__2024-12-06T00:00:00+00:00 [queued]>
[2025-02-08T19:00:45.342+0000] {taskinstance.py:2612} INFO - Dependencies all met for dep_context=requeueable deps ti=<TaskInstance: account_dim_gen.generate_account_dim_data scheduled__2024-12-06T00:00:00+00:00 [queued]>
[2025-02-08T19:00:45.342+0000] {taskinstance.py:2865} INFO - Starting attempt 1 of 1
[2025-02-08T19:00:45.418+0000] {taskinstance.py:2888} INFO - Executing <Task(PythonOperator): generate_account_dim_data> on 2024-12-06 00:00:00+00:00
[2025-02-08T19:00:45.425+0000] {logging_mixin.py:190} WARNING - /home/***/.local/lib/python3.12/site-packages/***/task/task_runner/standard_task_runner.py:70 DeprecationWarning: This process (pid=831) is multi-threaded, use of fork() may lead to deadlocks in the child.
[2025-02-08T19:00:45.426+0000] {standard_task_runner.py:72} INFO - Started process 853 to run task
[2025-02-08T19:00:45.425+0000] {standard_task_runner.py:104} INFO - Running: ['***', 'tasks', 'run', 'account_dim_gen', 'generate_account_dim_data', 'scheduled__2024-12-06T00:00:00+00:00', '--job-id', '91', '--raw', '--subdir', 'DAGS_FOLDER/account_dim_gen.py', '--cfg-path', '/tmp/tmpto__dv_g']
[2025-02-08T19:00:45.427+0000] {standard_task_runner.py:105} INFO - Job 91: Subtask generate_account_dim_data
[2025-02-08T19:00:45.469+0000] {task_command.py:467} INFO - Running <TaskInstance: account_dim_gen.generate_account_dim_data scheduled__2024-12-06T00:00:00+00:00 [running]> on host 2c1cd59afcc0
[2025-02-08T19:00:45.543+0000] {taskinstance.py:3131} INFO - Exporting env vars: AIRFLOW_CTX_DAG_OWNER='Saleh' AIRFLOW_CTX_DAG_ID='account_dim_gen' AIRFLOW_CTX_TASK_ID='generate_account_dim_data' AIRFLOW_CTX_EXECUTION_DATE='2024-12-06T00:00:00+00:00' AIRFLOW_CTX_TRY_NUMBER='1' AIRFLOW_CTX_DAG_RUN_ID='scheduled__2024-12-06T00:00:00+00:00'
[2025-02-08T19:00:45.545+0000] {taskinstance.py:731} INFO - ::endgroup::
[2025-02-08T19:00:45.562+0000] {logging_mixin.py:190} INFO - CSV file ./account_dim_large_data.csv with 50 row has been generated successfully!
[2025-02-08T19:00:45.563+0000] {python.py:240} INFO - Done. Returned value was: None
[2025-02-08T19:00:45.570+0000] {taskinstance.py:340} INFO - ::group::Post task execution logs
[2025-02-08T19:00:45.571+0000] {taskinstance.py:352} INFO - Marking task as SUCCESS. dag_id=account_dim_gen, task_id=generate_account_dim_data, run_id=scheduled__2024-12-06T00:00:00+00:00, execution_date=20241206T000000, start_date=20250208T190045, end_date=20250208T190045
[2025-02-08T19:00:45.600+0000] {local_task_job_runner.py:266} INFO - Task exited with return code 0
[2025-02-08T19:00:45.607+0000] {local_task_job_runner.py:245} INFO - ::endgroup::
[2025-02-08T20:40:48.191+0000] {local_task_job_runner.py:123} INFO - ::group::Pre task execution logs
[2025-02-08T20:40:48.211+0000] {taskinstance.py:2612} INFO - Dependencies all met for dep_context=non-requeueable deps ti=<TaskInstance: account_dim_gen.generate_account_dim_data scheduled__2024-12-06T00:00:00+00:00 [queued]>
[2025-02-08T20:40:48.219+0000] {taskinstance.py:2612} INFO - Dependencies all met for dep_context=requeueable deps ti=<TaskInstance: account_dim_gen.generate_account_dim_data scheduled__2024-12-06T00:00:00+00:00 [queued]>
[2025-02-08T20:40:48.220+0000] {taskinstance.py:2865} INFO - Starting attempt 1 of 1
[2025-02-08T20:40:48.235+0000] {taskinstance.py:2888} INFO - Executing <Task(PythonOperator): generate_account_dim_data> on 2024-12-06 00:00:00+00:00
[2025-02-08T20:40:48.247+0000] {logging_mixin.py:190} WARNING - /home/***/.local/lib/python3.12/site-packages/***/task/task_runner/standard_task_runner.py:70 DeprecationWarning: This process (pid=1639) is multi-threaded, use of fork() may lead to deadlocks in the child.
[2025-02-08T20:40:48.249+0000] {standard_task_runner.py:72} INFO - Started process 1661 to run task
[2025-02-08T20:40:48.248+0000] {standard_task_runner.py:104} INFO - Running: ['***', 'tasks', 'run', 'account_dim_gen', 'generate_account_dim_data', 'scheduled__2024-12-06T00:00:00+00:00', '--job-id', '251', '--raw', '--subdir', 'DAGS_FOLDER/account_dim_gen.py', '--cfg-path', '/tmp/tmpbrhslw2e']
[2025-02-08T20:40:48.250+0000] {standard_task_runner.py:105} INFO - Job 251: Subtask generate_account_dim_data
[2025-02-08T20:40:48.315+0000] {task_command.py:467} INFO - Running <TaskInstance: account_dim_gen.generate_account_dim_data scheduled__2024-12-06T00:00:00+00:00 [running]> on host 7e959c1a2a8b
[2025-02-08T20:40:48.492+0000] {taskinstance.py:3131} INFO - Exporting env vars: AIRFLOW_CTX_DAG_OWNER='Saleh' AIRFLOW_CTX_DAG_ID='account_dim_gen' AIRFLOW_CTX_TASK_ID='generate_account_dim_data' AIRFLOW_CTX_EXECUTION_DATE='2024-12-06T00:00:00+00:00' AIRFLOW_CTX_TRY_NUMBER='1' AIRFLOW_CTX_DAG_RUN_ID='scheduled__2024-12-06T00:00:00+00:00'
[2025-02-08T20:40:48.495+0000] {taskinstance.py:731} INFO - ::endgroup::
[2025-02-08T20:40:48.517+0000] {logging_mixin.py:190} INFO - CSV file ./account_dim_large_data.csv with 50 row has been generated successfully!
[2025-02-08T20:40:48.517+0000] {python.py:240} INFO - Done. Returned value was: None
[2025-02-08T20:40:48.526+0000] {taskinstance.py:340} INFO - ::group::Post task execution logs
[2025-02-08T20:40:48.526+0000] {taskinstance.py:352} INFO - Marking task as SUCCESS. dag_id=account_dim_gen, task_id=generate_account_dim_data, run_id=scheduled__2024-12-06T00:00:00+00:00, execution_date=20241206T000000, start_date=20250208T204048, end_date=20250208T204048
[2025-02-08T20:40:48.595+0000] {local_task_job_runner.py:266} INFO - Task exited with return code 0
[2025-02-08T20:40:48.621+0000] {local_task_job_runner.py:245} INFO - ::endgroup::
