[2025-02-08T19:03:28.006+0000] {local_task_job_runner.py:123} INFO - ::group::Pre task execution logs
[2025-02-08T19:03:28.020+0000] {taskinstance.py:2612} INFO - Dependencies all met for dep_context=non-requeueable deps ti=<TaskInstance: branch_dim_gen.generate_branch_dim_data scheduled__2025-01-16T00:00:00+00:00 [queued]>
[2025-02-08T19:03:28.029+0000] {taskinstance.py:2612} INFO - Dependencies all met for dep_context=requeueable deps ti=<TaskInstance: branch_dim_gen.generate_branch_dim_data scheduled__2025-01-16T00:00:00+00:00 [queued]>
[2025-02-08T19:03:28.030+0000] {taskinstance.py:2865} INFO - Starting attempt 1 of 1
[2025-02-08T19:03:28.094+0000] {taskinstance.py:2888} INFO - Executing <Task(PythonOperator): generate_branch_dim_data> on 2025-01-16 00:00:00+00:00
[2025-02-08T19:03:28.104+0000] {logging_mixin.py:190} WARNING - /home/***/.local/lib/python3.12/site-packages/***/task/task_runner/standard_task_runner.py:70 DeprecationWarning: This process (pid=2202) is multi-threaded, use of fork() may lead to deadlocks in the child.
[2025-02-08T19:03:28.106+0000] {standard_task_runner.py:72} INFO - Started process 2229 to run task
[2025-02-08T19:03:28.104+0000] {standard_task_runner.py:104} INFO - Running: ['***', 'tasks', 'run', 'branch_dim_gen', 'generate_branch_dim_data', 'scheduled__2025-01-16T00:00:00+00:00', '--job-id', '404', '--raw', '--subdir', 'DAGS_FOLDER/brnach_dim_gen.py', '--cfg-path', '/tmp/tmpkdyvfzn2']
[2025-02-08T19:03:28.106+0000] {standard_task_runner.py:105} INFO - Job 404: Subtask generate_branch_dim_data
[2025-02-08T19:03:28.150+0000] {task_command.py:467} INFO - Running <TaskInstance: branch_dim_gen.generate_branch_dim_data scheduled__2025-01-16T00:00:00+00:00 [running]> on host 2c1cd59afcc0
[2025-02-08T19:03:28.228+0000] {taskinstance.py:3131} INFO - Exporting env vars: AIRFLOW_CTX_DAG_OWNER='Saleh' AIRFLOW_CTX_DAG_ID='branch_dim_gen' AIRFLOW_CTX_TASK_ID='generate_branch_dim_data' AIRFLOW_CTX_EXECUTION_DATE='2025-01-16T00:00:00+00:00' AIRFLOW_CTX_TRY_NUMBER='1' AIRFLOW_CTX_DAG_RUN_ID='scheduled__2025-01-16T00:00:00+00:00'
[2025-02-08T19:03:28.230+0000] {taskinstance.py:731} INFO - ::endgroup::
[2025-02-08T19:03:28.249+0000] {logging_mixin.py:190} INFO - CSV file './branch_dim_large_data.csv' with 50 rows has been generated successfully.
[2025-02-08T19:03:28.250+0000] {python.py:240} INFO - Done. Returned value was: None
[2025-02-08T19:03:28.257+0000] {taskinstance.py:340} INFO - ::group::Post task execution logs
[2025-02-08T19:03:28.258+0000] {taskinstance.py:352} INFO - Marking task as SUCCESS. dag_id=branch_dim_gen, task_id=generate_branch_dim_data, run_id=scheduled__2025-01-16T00:00:00+00:00, execution_date=20250116T000000, start_date=20250208T190328, end_date=20250208T190328
[2025-02-08T19:03:28.280+0000] {local_task_job_runner.py:266} INFO - Task exited with return code 0
[2025-02-08T19:03:28.293+0000] {taskinstance.py:3900} INFO - 0 downstream tasks scheduled from follow-on schedule check
[2025-02-08T19:03:28.295+0000] {local_task_job_runner.py:245} INFO - ::endgroup::
[2025-02-08T20:41:21.130+0000] {local_task_job_runner.py:123} INFO - ::group::Pre task execution logs
[2025-02-08T20:41:21.148+0000] {taskinstance.py:2612} INFO - Dependencies all met for dep_context=non-requeueable deps ti=<TaskInstance: branch_dim_gen.generate_branch_dim_data scheduled__2025-01-16T00:00:00+00:00 [queued]>
[2025-02-08T20:41:21.158+0000] {taskinstance.py:2612} INFO - Dependencies all met for dep_context=requeueable deps ti=<TaskInstance: branch_dim_gen.generate_branch_dim_data scheduled__2025-01-16T00:00:00+00:00 [queued]>
[2025-02-08T20:41:21.158+0000] {taskinstance.py:2865} INFO - Starting attempt 1 of 1
[2025-02-08T20:41:21.171+0000] {taskinstance.py:2888} INFO - Executing <Task(PythonOperator): generate_branch_dim_data> on 2025-01-16 00:00:00+00:00
[2025-02-08T20:41:21.181+0000] {logging_mixin.py:190} WARNING - /home/***/.local/lib/python3.12/site-packages/***/task/task_runner/standard_task_runner.py:70 DeprecationWarning: This process (pid=2093) is multi-threaded, use of fork() may lead to deadlocks in the child.
[2025-02-08T20:41:21.182+0000] {standard_task_runner.py:72} INFO - Started process 2106 to run task
[2025-02-08T20:41:21.181+0000] {standard_task_runner.py:104} INFO - Running: ['***', 'tasks', 'run', 'branch_dim_gen', 'generate_branch_dim_data', 'scheduled__2025-01-16T00:00:00+00:00', '--job-id', '357', '--raw', '--subdir', 'DAGS_FOLDER/brnach_dim_gen.py', '--cfg-path', '/tmp/tmpz6rpozyj']
[2025-02-08T20:41:21.183+0000] {standard_task_runner.py:105} INFO - Job 357: Subtask generate_branch_dim_data
[2025-02-08T20:41:21.221+0000] {task_command.py:467} INFO - Running <TaskInstance: branch_dim_gen.generate_branch_dim_data scheduled__2025-01-16T00:00:00+00:00 [running]> on host 7e959c1a2a8b
[2025-02-08T20:41:21.300+0000] {taskinstance.py:3131} INFO - Exporting env vars: AIRFLOW_CTX_DAG_OWNER='Saleh' AIRFLOW_CTX_DAG_ID='branch_dim_gen' AIRFLOW_CTX_TASK_ID='generate_branch_dim_data' AIRFLOW_CTX_EXECUTION_DATE='2025-01-16T00:00:00+00:00' AIRFLOW_CTX_TRY_NUMBER='1' AIRFLOW_CTX_DAG_RUN_ID='scheduled__2025-01-16T00:00:00+00:00'
[2025-02-08T20:41:21.301+0000] {taskinstance.py:731} INFO - ::endgroup::
[2025-02-08T20:41:21.318+0000] {logging_mixin.py:190} INFO - CSV file './branch_dim_large_data.csv' with 50 rows has been generated successfully.
[2025-02-08T20:41:21.319+0000] {python.py:240} INFO - Done. Returned value was: None
[2025-02-08T20:41:21.327+0000] {taskinstance.py:340} INFO - ::group::Post task execution logs
[2025-02-08T20:41:21.328+0000] {taskinstance.py:352} INFO - Marking task as SUCCESS. dag_id=branch_dim_gen, task_id=generate_branch_dim_data, run_id=scheduled__2025-01-16T00:00:00+00:00, execution_date=20250116T000000, start_date=20250208T204121, end_date=20250208T204121
[2025-02-08T20:41:21.348+0000] {local_task_job_runner.py:127} ERROR - Received SIGTERM. Terminating subprocesses
[2025-02-08T20:41:21.349+0000] {local_task_job_runner.py:266} INFO - Task exited with return code 143
[2025-02-08T20:41:21.366+0000] {taskinstance.py:3900} INFO - 0 downstream tasks scheduled from follow-on schedule check
[2025-02-08T20:41:23.151+0000] {local_task_job_runner.py:127} ERROR - Received SIGTERM. Terminating subprocesses
