[2025-02-09T18:47:16.346+0000] {local_task_job_runner.py:123} INFO - ::group::Pre task execution logs
[2025-02-09T18:47:16.368+0000] {taskinstance.py:2612} INFO - Dependencies all met for dep_context=non-requeueable deps ti=<TaskInstance: dimension_batch_ingestion.ingest_account_dim manual__2025-02-09T18:47:15.210633+00:00 [queued]>
[2025-02-09T18:47:16.556+0000] {taskinstance.py:2612} INFO - Dependencies all met for dep_context=requeueable deps ti=<TaskInstance: dimension_batch_ingestion.ingest_account_dim manual__2025-02-09T18:47:15.210633+00:00 [queued]>
[2025-02-09T18:47:16.557+0000] {taskinstance.py:2865} INFO - Starting attempt 1 of 1
[2025-02-09T18:47:16.579+0000] {taskinstance.py:2888} INFO - Executing <Task(BashOperator): ingest_account_dim> on 2025-02-09 18:47:15.210633+00:00
[2025-02-09T18:47:16.589+0000] {logging_mixin.py:190} WARNING - /home/***/.local/lib/python3.12/site-packages/***/task/task_runner/standard_task_runner.py:70 DeprecationWarning: This process (pid=6886) is multi-threaded, use of fork() may lead to deadlocks in the child.
[2025-02-09T18:47:16.590+0000] {standard_task_runner.py:72} INFO - Started process 6908 to run task
[2025-02-09T18:47:16.589+0000] {standard_task_runner.py:104} INFO - Running: ['***', 'tasks', 'run', 'dimension_batch_ingestion', 'ingest_account_dim', 'manual__2025-02-09T18:47:15.210633+00:00', '--job-id', '927', '--raw', '--subdir', 'DAGS_FOLDER/loader_dag.py', '--cfg-path', '/tmp/tmpz4rf2a5m']
[2025-02-09T18:47:16.591+0000] {standard_task_runner.py:105} INFO - Job 927: Subtask ingest_account_dim
[2025-02-09T18:47:16.640+0000] {task_command.py:467} INFO - Running <TaskInstance: dimension_batch_ingestion.ingest_account_dim manual__2025-02-09T18:47:15.210633+00:00 [running]> on host 3aeaa30cef4e
[2025-02-09T18:47:16.719+0000] {taskinstance.py:3131} INFO - Exporting env vars: AIRFLOW_CTX_DAG_OWNER='Saleh' AIRFLOW_CTX_DAG_ID='dimension_batch_ingestion' AIRFLOW_CTX_TASK_ID='ingest_account_dim' AIRFLOW_CTX_EXECUTION_DATE='2025-02-09T18:47:15.210633+00:00' AIRFLOW_CTX_TRY_NUMBER='1' AIRFLOW_CTX_DAG_RUN_ID='manual__2025-02-09T18:47:15.210633+00:00'
[2025-02-09T18:47:16.720+0000] {taskinstance.py:731} INFO - ::endgroup::
[2025-02-09T18:47:16.739+0000] {subprocess.py:63} INFO - Tmp dir root location: /tmp
[2025-02-09T18:47:16.740+0000] {subprocess.py:75} INFO - Running command: ['/usr/bin/bash', '-c', 'curl -X POST -F file=@/opt/***/account_dim_large_data.csv -H "Content-Type: multipart/form-data" "http://pinot-controller:9000/ingestFromFile?tableNameWithType=account_dim_OFFLINE&batchConfigMapStr=%7B%22inputFormat%22%3A%22csv%22%2C%22recordReader.prop.delimiter%22%3A%22%2C%22%7D"']
[2025-02-09T18:47:16.751+0000] {subprocess.py:86} INFO - Output:
[2025-02-09T18:47:16.759+0000] {subprocess.py:93} INFO -   % Total    % Received % Xferd  Average Speed   Time    Time     Time  Current
[2025-02-09T18:47:16.760+0000] {subprocess.py:93} INFO -                                  Dload  Upload   Total   Spent    Left  Speed
[2025-02-09T18:47:17.413+0000] {subprocess.py:93} INFO -   0     0    0     0    0     0      0      0 --:--:-- --:--:-- --:--:--     0100  2822    0     0  100  2822      0  14029 --:--:-- --:--:-- --:--:-- 14039100  2931  100   109  100  2822    166   4313 --:--:-- --:--:-- --:--:--  4481
[2025-02-09T18:47:17.414+0000] {subprocess.py:93} INFO - {"status":"Successfully ingested file into table: account_dim_OFFLINE as segment: account_dim_1739126836786"}
[2025-02-09T18:47:17.415+0000] {subprocess.py:97} INFO - Command exited with return code 0
[2025-02-09T18:47:17.441+0000] {taskinstance.py:340} INFO - ::group::Post task execution logs
[2025-02-09T18:47:17.442+0000] {taskinstance.py:352} INFO - Marking task as SUCCESS. dag_id=dimension_batch_ingestion, task_id=ingest_account_dim, run_id=manual__2025-02-09T18:47:15.210633+00:00, execution_date=20250209T184715, start_date=20250209T184716, end_date=20250209T184717
[2025-02-09T18:47:17.488+0000] {local_task_job_runner.py:266} INFO - Task exited with return code 0
[2025-02-09T18:47:17.503+0000] {taskinstance.py:3900} INFO - 0 downstream tasks scheduled from follow-on schedule check
[2025-02-09T18:47:17.506+0000] {local_task_job_runner.py:245} INFO - ::endgroup::
