[2025-02-08T19:02:36.932+0000] {local_task_job_runner.py:123} INFO - ::group::Pre task execution logs
[2025-02-08T19:02:36.949+0000] {taskinstance.py:2612} INFO - Dependencies all met for dep_context=non-requeueable deps ti=<TaskInstance: branch_dim_gen.generate_branch_dim_data scheduled__2024-10-29T00:00:00+00:00 [queued]>
[2025-02-08T19:02:36.960+0000] {taskinstance.py:2612} INFO - Dependencies all met for dep_context=requeueable deps ti=<TaskInstance: branch_dim_gen.generate_branch_dim_data scheduled__2024-10-29T00:00:00+00:00 [queued]>
[2025-02-08T19:02:36.962+0000] {taskinstance.py:2865} INFO - Starting attempt 1 of 1
[2025-02-08T19:02:36.984+0000] {taskinstance.py:2888} INFO - Executing <Task(PythonOperator): generate_branch_dim_data> on 2024-10-29 00:00:00+00:00
[2025-02-08T19:02:36.995+0000] {logging_mixin.py:190} WARNING - /home/***/.local/lib/python3.12/site-packages/***/task/task_runner/standard_task_runner.py:70 DeprecationWarning: This process (pid=1533) is multi-threaded, use of fork() may lead to deadlocks in the child.
[2025-02-08T19:02:36.996+0000] {standard_task_runner.py:72} INFO - Started process 1559 to run task
[2025-02-08T19:02:37.002+0000] {standard_task_runner.py:104} INFO - Running: ['***', 'tasks', 'run', 'branch_dim_gen', 'generate_branch_dim_data', 'scheduled__2024-10-29T00:00:00+00:00', '--job-id', '246', '--raw', '--subdir', 'DAGS_FOLDER/brnach_dim_gen.py', '--cfg-path', '/tmp/tmptuie9rjk']
[2025-02-08T19:02:37.005+0000] {standard_task_runner.py:105} INFO - Job 246: Subtask generate_branch_dim_data
[2025-02-08T19:02:37.057+0000] {task_command.py:467} INFO - Running <TaskInstance: branch_dim_gen.generate_branch_dim_data scheduled__2024-10-29T00:00:00+00:00 [running]> on host 2c1cd59afcc0
[2025-02-08T19:02:37.173+0000] {taskinstance.py:3131} INFO - Exporting env vars: AIRFLOW_CTX_DAG_OWNER='Saleh' AIRFLOW_CTX_DAG_ID='branch_dim_gen' AIRFLOW_CTX_TASK_ID='generate_branch_dim_data' AIRFLOW_CTX_EXECUTION_DATE='2024-10-29T00:00:00+00:00' AIRFLOW_CTX_TRY_NUMBER='1' AIRFLOW_CTX_DAG_RUN_ID='scheduled__2024-10-29T00:00:00+00:00'
[2025-02-08T19:02:37.175+0000] {taskinstance.py:731} INFO - ::endgroup::
[2025-02-08T19:02:37.200+0000] {logging_mixin.py:190} INFO - CSV file './branch_dim_large_data.csv' with 50 rows has been generated successfully.
[2025-02-08T19:02:37.201+0000] {python.py:240} INFO - Done. Returned value was: None
[2025-02-08T19:02:37.211+0000] {taskinstance.py:340} INFO - ::group::Post task execution logs
[2025-02-08T19:02:37.212+0000] {taskinstance.py:352} INFO - Marking task as SUCCESS. dag_id=branch_dim_gen, task_id=generate_branch_dim_data, run_id=scheduled__2024-10-29T00:00:00+00:00, execution_date=20241029T000000, start_date=20250208T190236, end_date=20250208T190237
[2025-02-08T19:02:37.252+0000] {local_task_job_runner.py:266} INFO - Task exited with return code 0
[2025-02-08T19:02:37.262+0000] {local_task_job_runner.py:245} INFO - ::endgroup::
[2025-02-08T20:40:16.546+0000] {local_task_job_runner.py:123} INFO - ::group::Pre task execution logs
[2025-02-08T20:40:16.567+0000] {taskinstance.py:2612} INFO - Dependencies all met for dep_context=non-requeueable deps ti=<TaskInstance: branch_dim_gen.generate_branch_dim_data scheduled__2024-10-29T00:00:00+00:00 [queued]>
[2025-02-08T20:40:16.582+0000] {taskinstance.py:2612} INFO - Dependencies all met for dep_context=requeueable deps ti=<TaskInstance: branch_dim_gen.generate_branch_dim_data scheduled__2024-10-29T00:00:00+00:00 [queued]>
[2025-02-08T20:40:16.583+0000] {taskinstance.py:2865} INFO - Starting attempt 1 of 1
[2025-02-08T20:40:16.600+0000] {taskinstance.py:2888} INFO - Executing <Task(PythonOperator): generate_branch_dim_data> on 2024-10-29 00:00:00+00:00
[2025-02-08T20:40:16.609+0000] {logging_mixin.py:190} WARNING - /home/***/.local/lib/python3.12/site-packages/***/task/task_runner/standard_task_runner.py:70 DeprecationWarning: This process (pid=1166) is multi-threaded, use of fork() may lead to deadlocks in the child.
[2025-02-08T20:40:16.610+0000] {standard_task_runner.py:72} INFO - Started process 1190 to run task
[2025-02-08T20:40:16.610+0000] {standard_task_runner.py:104} INFO - Running: ['***', 'tasks', 'run', 'branch_dim_gen', 'generate_branch_dim_data', 'scheduled__2024-10-29T00:00:00+00:00', '--job-id', '142', '--raw', '--subdir', 'DAGS_FOLDER/brnach_dim_gen.py', '--cfg-path', '/tmp/tmpjdztj0hl']
[2025-02-08T20:40:16.612+0000] {standard_task_runner.py:105} INFO - Job 142: Subtask generate_branch_dim_data
[2025-02-08T20:40:16.653+0000] {task_command.py:467} INFO - Running <TaskInstance: branch_dim_gen.generate_branch_dim_data scheduled__2024-10-29T00:00:00+00:00 [running]> on host 7e959c1a2a8b
[2025-02-08T20:40:16.739+0000] {taskinstance.py:3131} INFO - Exporting env vars: AIRFLOW_CTX_DAG_OWNER='Saleh' AIRFLOW_CTX_DAG_ID='branch_dim_gen' AIRFLOW_CTX_TASK_ID='generate_branch_dim_data' AIRFLOW_CTX_EXECUTION_DATE='2024-10-29T00:00:00+00:00' AIRFLOW_CTX_TRY_NUMBER='1' AIRFLOW_CTX_DAG_RUN_ID='scheduled__2024-10-29T00:00:00+00:00'
[2025-02-08T20:40:16.741+0000] {taskinstance.py:731} INFO - ::endgroup::
[2025-02-08T20:40:16.759+0000] {logging_mixin.py:190} INFO - CSV file './branch_dim_large_data.csv' with 50 rows has been generated successfully.
[2025-02-08T20:40:16.759+0000] {python.py:240} INFO - Done. Returned value was: None
[2025-02-08T20:40:16.766+0000] {taskinstance.py:340} INFO - ::group::Post task execution logs
[2025-02-08T20:40:16.767+0000] {taskinstance.py:352} INFO - Marking task as SUCCESS. dag_id=branch_dim_gen, task_id=generate_branch_dim_data, run_id=scheduled__2024-10-29T00:00:00+00:00, execution_date=20241029T000000, start_date=20250208T204016, end_date=20250208T204016
[2025-02-08T20:40:16.785+0000] {local_task_job_runner.py:266} INFO - Task exited with return code 0
[2025-02-08T20:40:16.801+0000] {taskinstance.py:3900} INFO - 0 downstream tasks scheduled from follow-on schedule check
[2025-02-08T20:40:16.803+0000] {local_task_job_runner.py:245} INFO - ::endgroup::
