[2025-02-08T19:01:06.120+0000] {local_task_job_runner.py:123} INFO - ::group::Pre task execution logs
[2025-02-08T19:01:06.137+0000] {taskinstance.py:2612} INFO - Dependencies all met for dep_context=non-requeueable deps ti=<TaskInstance: account_dim_gen.generate_account_dim_data scheduled__2025-01-10T00:00:00+00:00 [queued]>
[2025-02-08T19:01:06.149+0000] {taskinstance.py:2612} INFO - Dependencies all met for dep_context=requeueable deps ti=<TaskInstance: account_dim_gen.generate_account_dim_data scheduled__2025-01-10T00:00:00+00:00 [queued]>
[2025-02-08T19:01:06.150+0000] {taskinstance.py:2865} INFO - Starting attempt 1 of 1
[2025-02-08T19:01:06.233+0000] {taskinstance.py:2888} INFO - Executing <Task(PythonOperator): generate_account_dim_data> on 2025-01-10 00:00:00+00:00
[2025-02-08T19:01:06.240+0000] {logging_mixin.py:190} WARNING - /home/***/.local/lib/python3.12/site-packages/***/task/task_runner/standard_task_runner.py:70 DeprecationWarning: This process (pid=983) is multi-threaded, use of fork() may lead to deadlocks in the child.
[2025-02-08T19:01:06.241+0000] {standard_task_runner.py:72} INFO - Started process 1005 to run task
[2025-02-08T19:01:06.240+0000] {standard_task_runner.py:104} INFO - Running: ['***', 'tasks', 'run', 'account_dim_gen', 'generate_account_dim_data', 'scheduled__2025-01-10T00:00:00+00:00', '--job-id', '126', '--raw', '--subdir', 'DAGS_FOLDER/account_dim_gen.py', '--cfg-path', '/tmp/tmpimtdxno6']
[2025-02-08T19:01:06.242+0000] {standard_task_runner.py:105} INFO - Job 126: Subtask generate_account_dim_data
[2025-02-08T19:01:06.286+0000] {task_command.py:467} INFO - Running <TaskInstance: account_dim_gen.generate_account_dim_data scheduled__2025-01-10T00:00:00+00:00 [running]> on host 2c1cd59afcc0
[2025-02-08T19:01:06.362+0000] {taskinstance.py:3131} INFO - Exporting env vars: AIRFLOW_CTX_DAG_OWNER='Saleh' AIRFLOW_CTX_DAG_ID='account_dim_gen' AIRFLOW_CTX_TASK_ID='generate_account_dim_data' AIRFLOW_CTX_EXECUTION_DATE='2025-01-10T00:00:00+00:00' AIRFLOW_CTX_TRY_NUMBER='1' AIRFLOW_CTX_DAG_RUN_ID='scheduled__2025-01-10T00:00:00+00:00'
[2025-02-08T19:01:06.363+0000] {taskinstance.py:731} INFO - ::endgroup::
[2025-02-08T19:01:06.382+0000] {logging_mixin.py:190} INFO - CSV file ./account_dim_large_data.csv with 50 row has been generated successfully!
[2025-02-08T19:01:06.383+0000] {python.py:240} INFO - Done. Returned value was: None
[2025-02-08T19:01:06.390+0000] {taskinstance.py:340} INFO - ::group::Post task execution logs
[2025-02-08T19:01:06.391+0000] {taskinstance.py:352} INFO - Marking task as SUCCESS. dag_id=account_dim_gen, task_id=generate_account_dim_data, run_id=scheduled__2025-01-10T00:00:00+00:00, execution_date=20250110T000000, start_date=20250208T190106, end_date=20250208T190106
[2025-02-08T19:01:06.415+0000] {local_task_job_runner.py:266} INFO - Task exited with return code 0
[2025-02-08T19:01:06.431+0000] {taskinstance.py:3900} INFO - 0 downstream tasks scheduled from follow-on schedule check
[2025-02-08T19:01:06.434+0000] {local_task_job_runner.py:245} INFO - ::endgroup::
[2025-02-08T20:41:16.234+0000] {local_task_job_runner.py:123} INFO - ::group::Pre task execution logs
[2025-02-08T20:41:16.247+0000] {taskinstance.py:2612} INFO - Dependencies all met for dep_context=non-requeueable deps ti=<TaskInstance: account_dim_gen.generate_account_dim_data scheduled__2025-01-10T00:00:00+00:00 [queued]>
[2025-02-08T20:41:16.254+0000] {taskinstance.py:2612} INFO - Dependencies all met for dep_context=requeueable deps ti=<TaskInstance: account_dim_gen.generate_account_dim_data scheduled__2025-01-10T00:00:00+00:00 [queued]>
[2025-02-08T20:41:16.255+0000] {taskinstance.py:2865} INFO - Starting attempt 1 of 1
[2025-02-08T20:41:16.268+0000] {taskinstance.py:2888} INFO - Executing <Task(PythonOperator): generate_account_dim_data> on 2025-01-10 00:00:00+00:00
[2025-02-08T20:41:16.276+0000] {logging_mixin.py:190} WARNING - /home/***/.local/lib/python3.12/site-packages/***/task/task_runner/standard_task_runner.py:70 DeprecationWarning: This process (pid=2059) is multi-threaded, use of fork() may lead to deadlocks in the child.
[2025-02-08T20:41:16.277+0000] {standard_task_runner.py:72} INFO - Started process 2068 to run task
[2025-02-08T20:41:16.277+0000] {standard_task_runner.py:104} INFO - Running: ['***', 'tasks', 'run', 'account_dim_gen', 'generate_account_dim_data', 'scheduled__2025-01-10T00:00:00+00:00', '--job-id', '349', '--raw', '--subdir', 'DAGS_FOLDER/account_dim_gen.py', '--cfg-path', '/tmp/tmpbarn6noj']
[2025-02-08T20:41:16.279+0000] {standard_task_runner.py:105} INFO - Job 349: Subtask generate_account_dim_data
[2025-02-08T20:41:16.316+0000] {task_command.py:467} INFO - Running <TaskInstance: account_dim_gen.generate_account_dim_data scheduled__2025-01-10T00:00:00+00:00 [running]> on host 7e959c1a2a8b
[2025-02-08T20:41:16.379+0000] {taskinstance.py:3131} INFO - Exporting env vars: AIRFLOW_CTX_DAG_OWNER='Saleh' AIRFLOW_CTX_DAG_ID='account_dim_gen' AIRFLOW_CTX_TASK_ID='generate_account_dim_data' AIRFLOW_CTX_EXECUTION_DATE='2025-01-10T00:00:00+00:00' AIRFLOW_CTX_TRY_NUMBER='1' AIRFLOW_CTX_DAG_RUN_ID='scheduled__2025-01-10T00:00:00+00:00'
[2025-02-08T20:41:16.381+0000] {taskinstance.py:731} INFO - ::endgroup::
[2025-02-08T20:41:16.397+0000] {logging_mixin.py:190} INFO - CSV file ./account_dim_large_data.csv with 50 row has been generated successfully!
[2025-02-08T20:41:16.398+0000] {python.py:240} INFO - Done. Returned value was: None
[2025-02-08T20:41:16.406+0000] {taskinstance.py:340} INFO - ::group::Post task execution logs
[2025-02-08T20:41:16.407+0000] {taskinstance.py:352} INFO - Marking task as SUCCESS. dag_id=account_dim_gen, task_id=generate_account_dim_data, run_id=scheduled__2025-01-10T00:00:00+00:00, execution_date=20250110T000000, start_date=20250208T204116, end_date=20250208T204116
[2025-02-08T20:41:16.452+0000] {local_task_job_runner.py:266} INFO - Task exited with return code 0
[2025-02-08T20:41:16.466+0000] {taskinstance.py:3900} INFO - 0 downstream tasks scheduled from follow-on schedule check
[2025-02-08T20:41:16.468+0000] {local_task_job_runner.py:245} INFO - ::endgroup::
