[2025-02-08T19:03:02.763+0000] {local_task_job_runner.py:123} INFO - ::group::Pre task execution logs
[2025-02-08T19:03:02.776+0000] {taskinstance.py:2612} INFO - Dependencies all met for dep_context=non-requeueable deps ti=<TaskInstance: branch_dim_gen.generate_branch_dim_data scheduled__2024-12-12T00:00:00+00:00 [queued]>
[2025-02-08T19:03:02.785+0000] {taskinstance.py:2612} INFO - Dependencies all met for dep_context=requeueable deps ti=<TaskInstance: branch_dim_gen.generate_branch_dim_data scheduled__2024-12-12T00:00:00+00:00 [queued]>
[2025-02-08T19:03:02.785+0000] {taskinstance.py:2865} INFO - Starting attempt 1 of 1
[2025-02-08T19:03:02.796+0000] {taskinstance.py:2888} INFO - Executing <Task(PythonOperator): generate_branch_dim_data> on 2024-12-12 00:00:00+00:00
[2025-02-08T19:03:02.805+0000] {logging_mixin.py:190} WARNING - /home/***/.local/lib/python3.12/site-packages/***/task/task_runner/standard_task_runner.py:70 DeprecationWarning: This process (pid=1909) is multi-threaded, use of fork() may lead to deadlocks in the child.
[2025-02-08T19:03:02.806+0000] {standard_task_runner.py:72} INFO - Started process 1919 to run task
[2025-02-08T19:03:02.805+0000] {standard_task_runner.py:104} INFO - Running: ['***', 'tasks', 'run', 'branch_dim_gen', 'generate_branch_dim_data', 'scheduled__2024-12-12T00:00:00+00:00', '--job-id', '334', '--raw', '--subdir', 'DAGS_FOLDER/brnach_dim_gen.py', '--cfg-path', '/tmp/tmpkgm7z8ox']
[2025-02-08T19:03:02.807+0000] {standard_task_runner.py:105} INFO - Job 334: Subtask generate_branch_dim_data
[2025-02-08T19:03:02.841+0000] {task_command.py:467} INFO - Running <TaskInstance: branch_dim_gen.generate_branch_dim_data scheduled__2024-12-12T00:00:00+00:00 [running]> on host 2c1cd59afcc0
[2025-02-08T19:03:02.906+0000] {taskinstance.py:3131} INFO - Exporting env vars: AIRFLOW_CTX_DAG_OWNER='Saleh' AIRFLOW_CTX_DAG_ID='branch_dim_gen' AIRFLOW_CTX_TASK_ID='generate_branch_dim_data' AIRFLOW_CTX_EXECUTION_DATE='2024-12-12T00:00:00+00:00' AIRFLOW_CTX_TRY_NUMBER='1' AIRFLOW_CTX_DAG_RUN_ID='scheduled__2024-12-12T00:00:00+00:00'
[2025-02-08T19:03:02.907+0000] {taskinstance.py:731} INFO - ::endgroup::
[2025-02-08T19:03:02.922+0000] {logging_mixin.py:190} INFO - CSV file './branch_dim_large_data.csv' with 50 rows has been generated successfully.
[2025-02-08T19:03:02.922+0000] {python.py:240} INFO - Done. Returned value was: None
[2025-02-08T19:03:02.928+0000] {taskinstance.py:340} INFO - ::group::Post task execution logs
[2025-02-08T19:03:02.929+0000] {taskinstance.py:352} INFO - Marking task as SUCCESS. dag_id=branch_dim_gen, task_id=generate_branch_dim_data, run_id=scheduled__2024-12-12T00:00:00+00:00, execution_date=20241212T000000, start_date=20250208T190302, end_date=20250208T190302
[2025-02-08T19:03:02.980+0000] {local_task_job_runner.py:266} INFO - Task exited with return code 0
[2025-02-08T19:03:02.995+0000] {taskinstance.py:3900} INFO - 0 downstream tasks scheduled from follow-on schedule check
[2025-02-08T19:03:02.999+0000] {local_task_job_runner.py:245} INFO - ::endgroup::
[2025-02-08T20:40:55.843+0000] {local_task_job_runner.py:123} INFO - ::group::Pre task execution logs
[2025-02-08T20:40:55.869+0000] {taskinstance.py:2612} INFO - Dependencies all met for dep_context=non-requeueable deps ti=<TaskInstance: branch_dim_gen.generate_branch_dim_data scheduled__2024-12-12T00:00:00+00:00 [queued]>
[2025-02-08T20:40:55.886+0000] {taskinstance.py:2612} INFO - Dependencies all met for dep_context=requeueable deps ti=<TaskInstance: branch_dim_gen.generate_branch_dim_data scheduled__2024-12-12T00:00:00+00:00 [queued]>
[2025-02-08T20:40:55.886+0000] {taskinstance.py:2865} INFO - Starting attempt 1 of 1
[2025-02-08T20:40:55.904+0000] {taskinstance.py:2888} INFO - Executing <Task(PythonOperator): generate_branch_dim_data> on 2024-12-12 00:00:00+00:00
[2025-02-08T20:40:55.925+0000] {logging_mixin.py:190} WARNING - /home/***/.local/lib/python3.12/site-packages/***/task/task_runner/standard_task_runner.py:70 DeprecationWarning: This process (pid=1748) is multi-threaded, use of fork() may lead to deadlocks in the child.
[2025-02-08T20:40:55.927+0000] {standard_task_runner.py:72} INFO - Started process 1770 to run task
[2025-02-08T20:40:55.940+0000] {standard_task_runner.py:104} INFO - Running: ['***', 'tasks', 'run', 'branch_dim_gen', 'generate_branch_dim_data', 'scheduled__2024-12-12T00:00:00+00:00', '--job-id', '275', '--raw', '--subdir', 'DAGS_FOLDER/brnach_dim_gen.py', '--cfg-path', '/tmp/tmpuv3a2388']
[2025-02-08T20:40:55.943+0000] {standard_task_runner.py:105} INFO - Job 275: Subtask generate_branch_dim_data
[2025-02-08T20:40:56.007+0000] {task_command.py:467} INFO - Running <TaskInstance: branch_dim_gen.generate_branch_dim_data scheduled__2024-12-12T00:00:00+00:00 [running]> on host 7e959c1a2a8b
[2025-02-08T20:40:56.188+0000] {taskinstance.py:3131} INFO - Exporting env vars: AIRFLOW_CTX_DAG_OWNER='Saleh' AIRFLOW_CTX_DAG_ID='branch_dim_gen' AIRFLOW_CTX_TASK_ID='generate_branch_dim_data' AIRFLOW_CTX_EXECUTION_DATE='2024-12-12T00:00:00+00:00' AIRFLOW_CTX_TRY_NUMBER='1' AIRFLOW_CTX_DAG_RUN_ID='scheduled__2024-12-12T00:00:00+00:00'
[2025-02-08T20:40:56.195+0000] {taskinstance.py:731} INFO - ::endgroup::
[2025-02-08T20:40:56.249+0000] {logging_mixin.py:190} INFO - CSV file './branch_dim_large_data.csv' with 50 rows has been generated successfully.
[2025-02-08T20:40:56.250+0000] {python.py:240} INFO - Done. Returned value was: None
[2025-02-08T20:40:56.273+0000] {taskinstance.py:340} INFO - ::group::Post task execution logs
[2025-02-08T20:40:56.280+0000] {taskinstance.py:352} INFO - Marking task as SUCCESS. dag_id=branch_dim_gen, task_id=generate_branch_dim_data, run_id=scheduled__2024-12-12T00:00:00+00:00, execution_date=20241212T000000, start_date=20250208T204055, end_date=20250208T204056
[2025-02-08T20:40:56.317+0000] {local_task_job_runner.py:266} INFO - Task exited with return code 0
[2025-02-08T20:40:56.342+0000] {taskinstance.py:3900} INFO - 0 downstream tasks scheduled from follow-on schedule check
[2025-02-08T20:40:56.346+0000] {local_task_job_runner.py:245} INFO - ::endgroup::
