[2025-02-08T19:02:06.629+0000] {local_task_job_runner.py:123} INFO - ::group::Pre task execution logs
[2025-02-08T19:02:06.656+0000] {taskinstance.py:2612} INFO - Dependencies all met for dep_context=non-requeueable deps ti=<TaskInstance: customer_dim_generator.generate_customer_dim_data scheduled__2024-10-14T00:00:00+00:00 [queued]>
[2025-02-08T19:02:06.673+0000] {taskinstance.py:2612} INFO - Dependencies all met for dep_context=requeueable deps ti=<TaskInstance: customer_dim_generator.generate_customer_dim_data scheduled__2024-10-14T00:00:00+00:00 [queued]>
[2025-02-08T19:02:06.675+0000] {taskinstance.py:2865} INFO - Starting attempt 1 of 1
[2025-02-08T19:02:06.702+0000] {taskinstance.py:2888} INFO - Executing <Task(PythonOperator): generate_customer_dim_data> on 2024-10-14 00:00:00+00:00
[2025-02-08T19:02:06.715+0000] {logging_mixin.py:190} WARNING - /home/***/.local/lib/python3.12/site-packages/***/task/task_runner/standard_task_runner.py:70 DeprecationWarning: This process (pid=1192) is multi-threaded, use of fork() may lead to deadlocks in the child.
[2025-02-08T19:02:06.717+0000] {standard_task_runner.py:72} INFO - Started process 1262 to run task
[2025-02-08T19:02:06.717+0000] {standard_task_runner.py:104} INFO - Running: ['***', 'tasks', 'run', 'customer_dim_generator', 'generate_customer_dim_data', 'scheduled__2024-10-14T00:00:00+00:00', '--job-id', '177', '--raw', '--subdir', 'DAGS_FOLDER/customer_dim_gen.py', '--cfg-path', '/tmp/tmpqls6vnfy']
[2025-02-08T19:02:06.719+0000] {standard_task_runner.py:105} INFO - Job 177: Subtask generate_customer_dim_data
[2025-02-08T19:02:06.804+0000] {task_command.py:467} INFO - Running <TaskInstance: customer_dim_generator.generate_customer_dim_data scheduled__2024-10-14T00:00:00+00:00 [running]> on host 2c1cd59afcc0
[2025-02-08T19:02:06.949+0000] {taskinstance.py:3131} INFO - Exporting env vars: AIRFLOW_CTX_DAG_OWNER='Saleh' AIRFLOW_CTX_DAG_ID='customer_dim_generator' AIRFLOW_CTX_TASK_ID='generate_customer_dim_data' AIRFLOW_CTX_EXECUTION_DATE='2024-10-14T00:00:00+00:00' AIRFLOW_CTX_TRY_NUMBER='1' AIRFLOW_CTX_DAG_RUN_ID='scheduled__2024-10-14T00:00:00+00:00'
[2025-02-08T19:02:06.951+0000] {taskinstance.py:731} INFO - ::endgroup::
[2025-02-08T19:02:06.986+0000] {logging_mixin.py:190} INFO - CSV file './customer_dim_large_data.csv' with 100 rows has been generated successfully.
[2025-02-08T19:02:06.987+0000] {python.py:240} INFO - Done. Returned value was: None
[2025-02-08T19:02:07.002+0000] {taskinstance.py:340} INFO - ::group::Post task execution logs
[2025-02-08T19:02:07.003+0000] {taskinstance.py:352} INFO - Marking task as SUCCESS. dag_id=customer_dim_generator, task_id=generate_customer_dim_data, run_id=scheduled__2024-10-14T00:00:00+00:00, execution_date=20241014T000000, start_date=20250208T190206, end_date=20250208T190207
[2025-02-08T19:02:07.069+0000] {local_task_job_runner.py:266} INFO - Task exited with return code 0
[2025-02-08T19:02:07.086+0000] {taskinstance.py:3900} INFO - 0 downstream tasks scheduled from follow-on schedule check
[2025-02-08T19:02:07.088+0000] {local_task_job_runner.py:245} INFO - ::endgroup::
[2025-02-08T20:39:38.084+0000] {local_task_job_runner.py:123} INFO - ::group::Pre task execution logs
[2025-02-08T20:39:38.168+0000] {taskinstance.py:2612} INFO - Dependencies all met for dep_context=non-requeueable deps ti=<TaskInstance: customer_dim_generator.generate_customer_dim_data scheduled__2024-10-14T00:00:00+00:00 [queued]>
[2025-02-08T20:39:38.193+0000] {taskinstance.py:2612} INFO - Dependencies all met for dep_context=requeueable deps ti=<TaskInstance: customer_dim_generator.generate_customer_dim_data scheduled__2024-10-14T00:00:00+00:00 [queued]>
[2025-02-08T20:39:38.194+0000] {taskinstance.py:2865} INFO - Starting attempt 1 of 1
[2025-02-08T20:39:38.250+0000] {taskinstance.py:2888} INFO - Executing <Task(PythonOperator): generate_customer_dim_data> on 2024-10-14 00:00:00+00:00
[2025-02-08T20:39:38.285+0000] {logging_mixin.py:190} WARNING - /home/***/.local/lib/python3.12/site-packages/***/task/task_runner/standard_task_runner.py:70 DeprecationWarning: This process (pid=608) is multi-threaded, use of fork() may lead to deadlocks in the child.
[2025-02-08T20:39:38.286+0000] {standard_task_runner.py:72} INFO - Started process 669 to run task
[2025-02-08T20:39:38.285+0000] {standard_task_runner.py:104} INFO - Running: ['***', 'tasks', 'run', 'customer_dim_generator', 'generate_customer_dim_data', 'scheduled__2024-10-14T00:00:00+00:00', '--job-id', '32', '--raw', '--subdir', 'DAGS_FOLDER/customer_dim_gen.py', '--cfg-path', '/tmp/tmp4v4en_h1']
[2025-02-08T20:39:38.295+0000] {standard_task_runner.py:105} INFO - Job 32: Subtask generate_customer_dim_data
[2025-02-08T20:39:38.518+0000] {task_command.py:467} INFO - Running <TaskInstance: customer_dim_generator.generate_customer_dim_data scheduled__2024-10-14T00:00:00+00:00 [running]> on host 7e959c1a2a8b
[2025-02-08T20:39:39.553+0000] {taskinstance.py:3131} INFO - Exporting env vars: AIRFLOW_CTX_DAG_OWNER='Saleh' AIRFLOW_CTX_DAG_ID='customer_dim_generator' AIRFLOW_CTX_TASK_ID='generate_customer_dim_data' AIRFLOW_CTX_EXECUTION_DATE='2024-10-14T00:00:00+00:00' AIRFLOW_CTX_TRY_NUMBER='1' AIRFLOW_CTX_DAG_RUN_ID='scheduled__2024-10-14T00:00:00+00:00'
[2025-02-08T20:39:39.554+0000] {taskinstance.py:731} INFO - ::endgroup::
[2025-02-08T20:39:40.555+0000] {logging_mixin.py:190} INFO - CSV file './customer_dim_large_data.csv' with 100 rows has been generated successfully.
[2025-02-08T20:39:40.556+0000] {python.py:240} INFO - Done. Returned value was: None
[2025-02-08T20:39:40.571+0000] {taskinstance.py:340} INFO - ::group::Post task execution logs
[2025-02-08T20:39:40.572+0000] {taskinstance.py:352} INFO - Marking task as SUCCESS. dag_id=customer_dim_generator, task_id=generate_customer_dim_data, run_id=scheduled__2024-10-14T00:00:00+00:00, execution_date=20241014T000000, start_date=20250208T203938, end_date=20250208T203940
[2025-02-08T20:39:40.811+0000] {local_task_job_runner.py:266} INFO - Task exited with return code 0
[2025-02-08T20:39:40.833+0000] {taskinstance.py:3900} INFO - 0 downstream tasks scheduled from follow-on schedule check
[2025-02-08T20:39:40.871+0000] {local_task_job_runner.py:245} INFO - ::endgroup::
[2025-02-08T20:42:46.375+0000] {local_task_job_runner.py:123} INFO - ::group::Pre task execution logs
[2025-02-08T20:42:46.390+0000] {taskinstance.py:2612} INFO - Dependencies all met for dep_context=non-requeueable deps ti=<TaskInstance: customer_dim_generator.generate_customer_dim_data scheduled__2024-10-14T00:00:00+00:00 [queued]>
[2025-02-08T20:42:46.399+0000] {taskinstance.py:2612} INFO - Dependencies all met for dep_context=requeueable deps ti=<TaskInstance: customer_dim_generator.generate_customer_dim_data scheduled__2024-10-14T00:00:00+00:00 [queued]>
[2025-02-08T20:42:46.399+0000] {taskinstance.py:2865} INFO - Starting attempt 1 of 1
[2025-02-08T20:42:46.411+0000] {taskinstance.py:2888} INFO - Executing <Task(PythonOperator): generate_customer_dim_data> on 2024-10-14 00:00:00+00:00
[2025-02-08T20:42:46.420+0000] {logging_mixin.py:190} WARNING - /home/***/.local/lib/python3.12/site-packages/***/task/task_runner/standard_task_runner.py:70 DeprecationWarning: This process (pid=390) is multi-threaded, use of fork() may lead to deadlocks in the child.
[2025-02-08T20:42:46.419+0000] {standard_task_runner.py:104} INFO - Running: ['***', 'tasks', 'run', 'customer_dim_generator', 'generate_customer_dim_data', 'scheduled__2024-10-14T00:00:00+00:00', '--job-id', '412', '--raw', '--subdir', 'DAGS_FOLDER/customer_dim_gen.py', '--cfg-path', '/tmp/tmphcwzihw0']
[2025-02-08T20:42:46.421+0000] {standard_task_runner.py:72} INFO - Started process 406 to run task
[2025-02-08T20:42:46.421+0000] {standard_task_runner.py:105} INFO - Job 412: Subtask generate_customer_dim_data
[2025-02-08T20:42:46.458+0000] {task_command.py:467} INFO - Running <TaskInstance: customer_dim_generator.generate_customer_dim_data scheduled__2024-10-14T00:00:00+00:00 [running]> on host 86932746817d
[2025-02-08T20:42:46.521+0000] {taskinstance.py:3131} INFO - Exporting env vars: AIRFLOW_CTX_DAG_OWNER='Saleh' AIRFLOW_CTX_DAG_ID='customer_dim_generator' AIRFLOW_CTX_TASK_ID='generate_customer_dim_data' AIRFLOW_CTX_EXECUTION_DATE='2024-10-14T00:00:00+00:00' AIRFLOW_CTX_TRY_NUMBER='1' AIRFLOW_CTX_DAG_RUN_ID='scheduled__2024-10-14T00:00:00+00:00'
[2025-02-08T20:42:46.522+0000] {taskinstance.py:731} INFO - ::endgroup::
[2025-02-08T20:42:46.538+0000] {logging_mixin.py:190} INFO - CSV file './customer_dim_large_data.csv' with 100 rows has been generated successfully.
[2025-02-08T20:42:46.538+0000] {python.py:240} INFO - Done. Returned value was: None
[2025-02-08T20:42:46.545+0000] {taskinstance.py:340} INFO - ::group::Post task execution logs
[2025-02-08T20:42:46.545+0000] {taskinstance.py:352} INFO - Marking task as SUCCESS. dag_id=customer_dim_generator, task_id=generate_customer_dim_data, run_id=scheduled__2024-10-14T00:00:00+00:00, execution_date=20241014T000000, start_date=20250208T204246, end_date=20250208T204246
[2025-02-08T20:42:46.595+0000] {local_task_job_runner.py:266} INFO - Task exited with return code 0
[2025-02-08T20:42:46.610+0000] {taskinstance.py:3900} INFO - 0 downstream tasks scheduled from follow-on schedule check
[2025-02-08T20:42:46.612+0000] {local_task_job_runner.py:245} INFO - ::endgroup::
