[2025-02-09T19:59:36.794+0000] {local_task_job_runner.py:123} INFO - ::group::Pre task execution logs
[2025-02-09T19:59:36.946+0000] {taskinstance.py:2612} INFO - Dependencies all met for dep_context=non-requeueable deps ti=<TaskInstance: dimension_batch_ingestion.ingest_customer_dim manual__2025-02-09T19:59:36.069955+00:00 [queued]>
[2025-02-09T19:59:36.955+0000] {taskinstance.py:2612} INFO - Dependencies all met for dep_context=requeueable deps ti=<TaskInstance: dimension_batch_ingestion.ingest_customer_dim manual__2025-02-09T19:59:36.069955+00:00 [queued]>
[2025-02-09T19:59:36.957+0000] {taskinstance.py:2865} INFO - Starting attempt 1 of 1
[2025-02-09T19:59:36.969+0000] {taskinstance.py:2888} INFO - Executing <Task(BashOperator): ingest_customer_dim> on 2025-02-09 19:59:36.069955+00:00
[2025-02-09T19:59:36.979+0000] {logging_mixin.py:190} WARNING - /home/***/.local/lib/python3.12/site-packages/***/task/task_runner/standard_task_runner.py:70 DeprecationWarning: This process (pid=992) is multi-threaded, use of fork() may lead to deadlocks in the child.
[2025-02-09T19:59:36.980+0000] {standard_task_runner.py:72} INFO - Started process 993 to run task
[2025-02-09T19:59:36.977+0000] {standard_task_runner.py:104} INFO - Running: ['***', 'tasks', 'run', 'dimension_batch_ingestion', 'ingest_customer_dim', 'manual__2025-02-09T19:59:36.069955+00:00', '--job-id', '950', '--raw', '--subdir', 'DAGS_FOLDER/loader_dag.py', '--cfg-path', '/tmp/tmpnj9oabv7']
[2025-02-09T19:59:36.980+0000] {standard_task_runner.py:105} INFO - Job 950: Subtask ingest_customer_dim
[2025-02-09T19:59:37.024+0000] {task_command.py:467} INFO - Running <TaskInstance: dimension_batch_ingestion.ingest_customer_dim manual__2025-02-09T19:59:36.069955+00:00 [running]> on host a541c7aa2e43
[2025-02-09T19:59:37.101+0000] {taskinstance.py:3131} INFO - Exporting env vars: AIRFLOW_CTX_DAG_OWNER='Saleh' AIRFLOW_CTX_DAG_ID='dimension_batch_ingestion' AIRFLOW_CTX_TASK_ID='ingest_customer_dim' AIRFLOW_CTX_EXECUTION_DATE='2025-02-09T19:59:36.069955+00:00' AIRFLOW_CTX_TRY_NUMBER='1' AIRFLOW_CTX_DAG_RUN_ID='manual__2025-02-09T19:59:36.069955+00:00'
[2025-02-09T19:59:37.101+0000] {taskinstance.py:731} INFO - ::endgroup::
[2025-02-09T19:59:37.116+0000] {subprocess.py:63} INFO - Tmp dir root location: /tmp
[2025-02-09T19:59:37.117+0000] {subprocess.py:75} INFO - Running command: ['/usr/bin/bash', '-c', 'curl -X POST -F file=@/opt/***/customer_dim_large_data.csv -H "Content-Type: multipart/form-data" "http://pinot-controller:9000/ingestFromFile?tableNameWithType=customer_dim_OFFLINE&batchConfigMapStr=%7B%22inputFormat%22%3A%22csv%22%2C%22recordReader.prop.delimiter%22%3A%22%2C%22%7D"']
[2025-02-09T19:59:37.124+0000] {subprocess.py:86} INFO - Output:
[2025-02-09T19:59:37.130+0000] {subprocess.py:93} INFO -   % Total    % Received % Xferd  Average Speed   Time    Time     Time  Current
[2025-02-09T19:59:37.130+0000] {subprocess.py:93} INFO -                                  Dload  Upload   Total   Spent    Left  Speed
[2025-02-09T19:59:38.177+0000] {subprocess.py:93} INFO -   0     0    0     0    0     0      0      0 --:--:-- --:--:-- --:--:--     0100  8576  100   111  100  8465    106   8087  0:00:01  0:00:01 --:--:--  8198100  8576  100   111  100  8465    106   8086  0:00:01  0:00:01 --:--:--  8198
[2025-02-09T19:59:38.177+0000] {subprocess.py:93} INFO - {"status":"Successfully ingested file into table: customer_dim_OFFLINE as segment: customer_dim_1739131177196"}
[2025-02-09T19:59:38.178+0000] {subprocess.py:97} INFO - Command exited with return code 0
[2025-02-09T19:59:38.203+0000] {taskinstance.py:340} INFO - ::group::Post task execution logs
[2025-02-09T19:59:38.204+0000] {taskinstance.py:352} INFO - Marking task as SUCCESS. dag_id=dimension_batch_ingestion, task_id=ingest_customer_dim, run_id=manual__2025-02-09T19:59:36.069955+00:00, execution_date=20250209T195936, start_date=20250209T195936, end_date=20250209T195938
[2025-02-09T19:59:38.237+0000] {local_task_job_runner.py:266} INFO - Task exited with return code 0
[2025-02-09T19:59:38.248+0000] {local_task_job_runner.py:245} INFO - ::endgroup::
