[2025-02-08T19:02:07.385+0000] {local_task_job_runner.py:123} INFO - ::group::Pre task execution logs
[2025-02-08T19:02:07.399+0000] {taskinstance.py:2612} INFO - Dependencies all met for dep_context=non-requeueable deps ti=<TaskInstance: branch_dim_gen.generate_branch_dim_data scheduled__2024-09-26T00:00:00+00:00 [queued]>
[2025-02-08T19:02:07.408+0000] {taskinstance.py:2612} INFO - Dependencies all met for dep_context=requeueable deps ti=<TaskInstance: branch_dim_gen.generate_branch_dim_data scheduled__2024-09-26T00:00:00+00:00 [queued]>
[2025-02-08T19:02:07.409+0000] {taskinstance.py:2865} INFO - Starting attempt 1 of 1
[2025-02-08T19:02:07.424+0000] {taskinstance.py:2888} INFO - Executing <Task(PythonOperator): generate_branch_dim_data> on 2024-09-26 00:00:00+00:00
[2025-02-08T19:02:07.432+0000] {logging_mixin.py:190} WARNING - /home/***/.local/lib/python3.12/site-packages/***/task/task_runner/standard_task_runner.py:70 DeprecationWarning: This process (pid=1252) is multi-threaded, use of fork() may lead to deadlocks in the child.
[2025-02-08T19:02:07.433+0000] {standard_task_runner.py:72} INFO - Started process 1273 to run task
[2025-02-08T19:02:07.432+0000] {standard_task_runner.py:104} INFO - Running: ['***', 'tasks', 'run', 'branch_dim_gen', 'generate_branch_dim_data', 'scheduled__2024-09-26T00:00:00+00:00', '--job-id', '183', '--raw', '--subdir', 'DAGS_FOLDER/brnach_dim_gen.py', '--cfg-path', '/tmp/tmpibk_6vry']
[2025-02-08T19:02:07.435+0000] {standard_task_runner.py:105} INFO - Job 183: Subtask generate_branch_dim_data
[2025-02-08T19:02:07.480+0000] {task_command.py:467} INFO - Running <TaskInstance: branch_dim_gen.generate_branch_dim_data scheduled__2024-09-26T00:00:00+00:00 [running]> on host 2c1cd59afcc0
[2025-02-08T19:02:07.553+0000] {taskinstance.py:3131} INFO - Exporting env vars: AIRFLOW_CTX_DAG_OWNER='Saleh' AIRFLOW_CTX_DAG_ID='branch_dim_gen' AIRFLOW_CTX_TASK_ID='generate_branch_dim_data' AIRFLOW_CTX_EXECUTION_DATE='2024-09-26T00:00:00+00:00' AIRFLOW_CTX_TRY_NUMBER='1' AIRFLOW_CTX_DAG_RUN_ID='scheduled__2024-09-26T00:00:00+00:00'
[2025-02-08T19:02:07.554+0000] {taskinstance.py:731} INFO - ::endgroup::
[2025-02-08T19:02:07.572+0000] {logging_mixin.py:190} INFO - CSV file './branch_dim_large_data.csv' with 50 rows has been generated successfully.
[2025-02-08T19:02:07.572+0000] {python.py:240} INFO - Done. Returned value was: None
[2025-02-08T19:02:07.579+0000] {taskinstance.py:340} INFO - ::group::Post task execution logs
[2025-02-08T19:02:07.580+0000] {taskinstance.py:352} INFO - Marking task as SUCCESS. dag_id=branch_dim_gen, task_id=generate_branch_dim_data, run_id=scheduled__2024-09-26T00:00:00+00:00, execution_date=20240926T000000, start_date=20250208T190207, end_date=20250208T190207
[2025-02-08T19:02:07.608+0000] {local_task_job_runner.py:266} INFO - Task exited with return code 0
[2025-02-08T19:02:07.621+0000] {taskinstance.py:3900} INFO - 0 downstream tasks scheduled from follow-on schedule check
[2025-02-08T19:02:07.623+0000] {local_task_job_runner.py:245} INFO - ::endgroup::
[2025-02-08T20:39:44.871+0000] {local_task_job_runner.py:123} INFO - ::group::Pre task execution logs
[2025-02-08T20:39:44.911+0000] {taskinstance.py:2612} INFO - Dependencies all met for dep_context=non-requeueable deps ti=<TaskInstance: branch_dim_gen.generate_branch_dim_data scheduled__2024-09-26T00:00:00+00:00 [queued]>
[2025-02-08T20:39:44.921+0000] {taskinstance.py:2612} INFO - Dependencies all met for dep_context=requeueable deps ti=<TaskInstance: branch_dim_gen.generate_branch_dim_data scheduled__2024-09-26T00:00:00+00:00 [queued]>
[2025-02-08T20:39:44.922+0000] {taskinstance.py:2865} INFO - Starting attempt 1 of 1
[2025-02-08T20:39:44.938+0000] {taskinstance.py:2888} INFO - Executing <Task(PythonOperator): generate_branch_dim_data> on 2024-09-26 00:00:00+00:00
[2025-02-08T20:39:44.950+0000] {logging_mixin.py:190} WARNING - /home/***/.local/lib/python3.12/site-packages/***/task/task_runner/standard_task_runner.py:70 DeprecationWarning: This process (pid=722) is multi-threaded, use of fork() may lead to deadlocks in the child.
[2025-02-08T20:39:44.952+0000] {standard_task_runner.py:72} INFO - Started process 765 to run task
[2025-02-08T20:39:44.952+0000] {standard_task_runner.py:104} INFO - Running: ['***', 'tasks', 'run', 'branch_dim_gen', 'generate_branch_dim_data', 'scheduled__2024-09-26T00:00:00+00:00', '--job-id', '43', '--raw', '--subdir', 'DAGS_FOLDER/brnach_dim_gen.py', '--cfg-path', '/tmp/tmp953fy015']
[2025-02-08T20:39:44.954+0000] {standard_task_runner.py:105} INFO - Job 43: Subtask generate_branch_dim_data
[2025-02-08T20:39:45.074+0000] {task_command.py:467} INFO - Running <TaskInstance: branch_dim_gen.generate_branch_dim_data scheduled__2024-09-26T00:00:00+00:00 [running]> on host 7e959c1a2a8b
[2025-02-08T20:39:45.227+0000] {taskinstance.py:3131} INFO - Exporting env vars: AIRFLOW_CTX_DAG_OWNER='Saleh' AIRFLOW_CTX_DAG_ID='branch_dim_gen' AIRFLOW_CTX_TASK_ID='generate_branch_dim_data' AIRFLOW_CTX_EXECUTION_DATE='2024-09-26T00:00:00+00:00' AIRFLOW_CTX_TRY_NUMBER='1' AIRFLOW_CTX_DAG_RUN_ID='scheduled__2024-09-26T00:00:00+00:00'
[2025-02-08T20:39:45.231+0000] {taskinstance.py:731} INFO - ::endgroup::
[2025-02-08T20:39:45.265+0000] {logging_mixin.py:190} INFO - CSV file './branch_dim_large_data.csv' with 50 rows has been generated successfully.
[2025-02-08T20:39:45.271+0000] {python.py:240} INFO - Done. Returned value was: None
[2025-02-08T20:39:45.294+0000] {taskinstance.py:340} INFO - ::group::Post task execution logs
[2025-02-08T20:39:45.295+0000] {taskinstance.py:352} INFO - Marking task as SUCCESS. dag_id=branch_dim_gen, task_id=generate_branch_dim_data, run_id=scheduled__2024-09-26T00:00:00+00:00, execution_date=20240926T000000, start_date=20250208T203944, end_date=20250208T203945
[2025-02-08T20:39:45.337+0000] {local_task_job_runner.py:266} INFO - Task exited with return code 0
[2025-02-08T20:39:45.355+0000] {taskinstance.py:3900} INFO - 0 downstream tasks scheduled from follow-on schedule check
[2025-02-08T20:39:45.358+0000] {local_task_job_runner.py:245} INFO - ::endgroup::
