[2025-02-08T19:03:08.178+0000] {local_task_job_runner.py:123} INFO - ::group::Pre task execution logs
[2025-02-08T19:03:08.202+0000] {taskinstance.py:2612} INFO - Dependencies all met for dep_context=non-requeueable deps ti=<TaskInstance: branch_dim_gen.generate_branch_dim_data scheduled__2024-12-15T00:00:00+00:00 [queued]>
[2025-02-08T19:03:08.214+0000] {taskinstance.py:2612} INFO - Dependencies all met for dep_context=requeueable deps ti=<TaskInstance: branch_dim_gen.generate_branch_dim_data scheduled__2024-12-15T00:00:00+00:00 [queued]>
[2025-02-08T19:03:08.215+0000] {taskinstance.py:2865} INFO - Starting attempt 1 of 1
[2025-02-08T19:03:08.245+0000] {taskinstance.py:2888} INFO - Executing <Task(PythonOperator): generate_branch_dim_data> on 2024-12-15 00:00:00+00:00
[2025-02-08T19:03:08.262+0000] {logging_mixin.py:190} WARNING - /home/***/.local/lib/python3.12/site-packages/***/task/task_runner/standard_task_runner.py:70 DeprecationWarning: This process (pid=1935) is multi-threaded, use of fork() may lead to deadlocks in the child.
[2025-02-08T19:03:08.264+0000] {standard_task_runner.py:72} INFO - Started process 1963 to run task
[2025-02-08T19:03:08.261+0000] {standard_task_runner.py:104} INFO - Running: ['***', 'tasks', 'run', 'branch_dim_gen', 'generate_branch_dim_data', 'scheduled__2024-12-15T00:00:00+00:00', '--job-id', '340', '--raw', '--subdir', 'DAGS_FOLDER/brnach_dim_gen.py', '--cfg-path', '/tmp/tmppurlp61e']
[2025-02-08T19:03:08.270+0000] {standard_task_runner.py:105} INFO - Job 340: Subtask generate_branch_dim_data
[2025-02-08T19:03:08.339+0000] {task_command.py:467} INFO - Running <TaskInstance: branch_dim_gen.generate_branch_dim_data scheduled__2024-12-15T00:00:00+00:00 [running]> on host 2c1cd59afcc0
[2025-02-08T19:03:08.425+0000] {taskinstance.py:3131} INFO - Exporting env vars: AIRFLOW_CTX_DAG_OWNER='Saleh' AIRFLOW_CTX_DAG_ID='branch_dim_gen' AIRFLOW_CTX_TASK_ID='generate_branch_dim_data' AIRFLOW_CTX_EXECUTION_DATE='2024-12-15T00:00:00+00:00' AIRFLOW_CTX_TRY_NUMBER='1' AIRFLOW_CTX_DAG_RUN_ID='scheduled__2024-12-15T00:00:00+00:00'
[2025-02-08T19:03:08.426+0000] {taskinstance.py:731} INFO - ::endgroup::
[2025-02-08T19:03:08.449+0000] {logging_mixin.py:190} INFO - CSV file './branch_dim_large_data.csv' with 50 rows has been generated successfully.
[2025-02-08T19:03:08.450+0000] {python.py:240} INFO - Done. Returned value was: None
[2025-02-08T19:03:08.459+0000] {taskinstance.py:340} INFO - ::group::Post task execution logs
[2025-02-08T19:03:08.459+0000] {taskinstance.py:352} INFO - Marking task as SUCCESS. dag_id=branch_dim_gen, task_id=generate_branch_dim_data, run_id=scheduled__2024-12-15T00:00:00+00:00, execution_date=20241215T000000, start_date=20250208T190308, end_date=20250208T190308
[2025-02-08T19:03:08.499+0000] {local_task_job_runner.py:266} INFO - Task exited with return code 0
[2025-02-08T19:03:08.516+0000] {taskinstance.py:3900} INFO - 0 downstream tasks scheduled from follow-on schedule check
[2025-02-08T19:03:08.520+0000] {local_task_job_runner.py:245} INFO - ::endgroup::
[2025-02-08T20:40:56.558+0000] {local_task_job_runner.py:123} INFO - ::group::Pre task execution logs
[2025-02-08T20:40:56.577+0000] {taskinstance.py:2612} INFO - Dependencies all met for dep_context=non-requeueable deps ti=<TaskInstance: branch_dim_gen.generate_branch_dim_data scheduled__2024-12-15T00:00:00+00:00 [queued]>
[2025-02-08T20:40:56.588+0000] {taskinstance.py:2612} INFO - Dependencies all met for dep_context=requeueable deps ti=<TaskInstance: branch_dim_gen.generate_branch_dim_data scheduled__2024-12-15T00:00:00+00:00 [queued]>
[2025-02-08T20:40:56.589+0000] {taskinstance.py:2865} INFO - Starting attempt 1 of 1
[2025-02-08T20:40:56.607+0000] {taskinstance.py:2888} INFO - Executing <Task(PythonOperator): generate_branch_dim_data> on 2024-12-15 00:00:00+00:00
[2025-02-08T20:40:56.620+0000] {logging_mixin.py:190} WARNING - /home/***/.local/lib/python3.12/site-packages/***/task/task_runner/standard_task_runner.py:70 DeprecationWarning: This process (pid=1766) is multi-threaded, use of fork() may lead to deadlocks in the child.
[2025-02-08T20:40:56.622+0000] {standard_task_runner.py:72} INFO - Started process 1793 to run task
[2025-02-08T20:40:56.619+0000] {standard_task_runner.py:104} INFO - Running: ['***', 'tasks', 'run', 'branch_dim_gen', 'generate_branch_dim_data', 'scheduled__2024-12-15T00:00:00+00:00', '--job-id', '284', '--raw', '--subdir', 'DAGS_FOLDER/brnach_dim_gen.py', '--cfg-path', '/tmp/tmpdn9wh3_l']
[2025-02-08T20:40:56.623+0000] {standard_task_runner.py:105} INFO - Job 284: Subtask generate_branch_dim_data
[2025-02-08T20:40:56.676+0000] {task_command.py:467} INFO - Running <TaskInstance: branch_dim_gen.generate_branch_dim_data scheduled__2024-12-15T00:00:00+00:00 [running]> on host 7e959c1a2a8b
[2025-02-08T20:40:56.787+0000] {taskinstance.py:3131} INFO - Exporting env vars: AIRFLOW_CTX_DAG_OWNER='Saleh' AIRFLOW_CTX_DAG_ID='branch_dim_gen' AIRFLOW_CTX_TASK_ID='generate_branch_dim_data' AIRFLOW_CTX_EXECUTION_DATE='2024-12-15T00:00:00+00:00' AIRFLOW_CTX_TRY_NUMBER='1' AIRFLOW_CTX_DAG_RUN_ID='scheduled__2024-12-15T00:00:00+00:00'
[2025-02-08T20:40:56.789+0000] {taskinstance.py:731} INFO - ::endgroup::
[2025-02-08T20:40:56.810+0000] {logging_mixin.py:190} INFO - CSV file './branch_dim_large_data.csv' with 50 rows has been generated successfully.
[2025-02-08T20:40:56.810+0000] {python.py:240} INFO - Done. Returned value was: None
[2025-02-08T20:40:56.821+0000] {taskinstance.py:340} INFO - ::group::Post task execution logs
[2025-02-08T20:40:56.822+0000] {taskinstance.py:352} INFO - Marking task as SUCCESS. dag_id=branch_dim_gen, task_id=generate_branch_dim_data, run_id=scheduled__2024-12-15T00:00:00+00:00, execution_date=20241215T000000, start_date=20250208T204056, end_date=20250208T204056
[2025-02-08T20:40:56.885+0000] {local_task_job_runner.py:266} INFO - Task exited with return code 0
[2025-02-08T20:40:56.901+0000] {taskinstance.py:3900} INFO - 0 downstream tasks scheduled from follow-on schedule check
[2025-02-08T20:40:56.904+0000] {local_task_job_runner.py:245} INFO - ::endgroup::
