[2025-02-08T19:00:45.457+0000] {local_task_job_runner.py:123} INFO - ::group::Pre task execution logs
[2025-02-08T19:00:45.473+0000] {taskinstance.py:2612} INFO - Dependencies all met for dep_context=non-requeueable deps ti=<TaskInstance: account_dim_gen.generate_account_dim_data scheduled__2024-12-07T00:00:00+00:00 [queued]>
[2025-02-08T19:00:45.481+0000] {taskinstance.py:2612} INFO - Dependencies all met for dep_context=requeueable deps ti=<TaskInstance: account_dim_gen.generate_account_dim_data scheduled__2024-12-07T00:00:00+00:00 [queued]>
[2025-02-08T19:00:45.481+0000] {taskinstance.py:2865} INFO - Starting attempt 1 of 1
[2025-02-08T19:00:45.533+0000] {taskinstance.py:2888} INFO - Executing <Task(PythonOperator): generate_account_dim_data> on 2024-12-07 00:00:00+00:00
[2025-02-08T19:00:45.541+0000] {logging_mixin.py:190} WARNING - /home/***/.local/lib/python3.12/site-packages/***/task/task_runner/standard_task_runner.py:70 DeprecationWarning: This process (pid=835) is multi-threaded, use of fork() may lead to deadlocks in the child.
[2025-02-08T19:00:45.542+0000] {standard_task_runner.py:72} INFO - Started process 857 to run task
[2025-02-08T19:00:45.541+0000] {standard_task_runner.py:104} INFO - Running: ['***', 'tasks', 'run', 'account_dim_gen', 'generate_account_dim_data', 'scheduled__2024-12-07T00:00:00+00:00', '--job-id', '92', '--raw', '--subdir', 'DAGS_FOLDER/account_dim_gen.py', '--cfg-path', '/tmp/tmpe98wdvu3']
[2025-02-08T19:00:45.544+0000] {standard_task_runner.py:105} INFO - Job 92: Subtask generate_account_dim_data
[2025-02-08T19:00:45.582+0000] {task_command.py:467} INFO - Running <TaskInstance: account_dim_gen.generate_account_dim_data scheduled__2024-12-07T00:00:00+00:00 [running]> on host 2c1cd59afcc0
[2025-02-08T19:00:45.657+0000] {taskinstance.py:3131} INFO - Exporting env vars: AIRFLOW_CTX_DAG_OWNER='Saleh' AIRFLOW_CTX_DAG_ID='account_dim_gen' AIRFLOW_CTX_TASK_ID='generate_account_dim_data' AIRFLOW_CTX_EXECUTION_DATE='2024-12-07T00:00:00+00:00' AIRFLOW_CTX_TRY_NUMBER='1' AIRFLOW_CTX_DAG_RUN_ID='scheduled__2024-12-07T00:00:00+00:00'
[2025-02-08T19:00:45.658+0000] {taskinstance.py:731} INFO - ::endgroup::
[2025-02-08T19:00:45.676+0000] {logging_mixin.py:190} INFO - CSV file ./account_dim_large_data.csv with 50 row has been generated successfully!
[2025-02-08T19:00:45.677+0000] {python.py:240} INFO - Done. Returned value was: None
[2025-02-08T19:00:45.685+0000] {taskinstance.py:340} INFO - ::group::Post task execution logs
[2025-02-08T19:00:45.686+0000] {taskinstance.py:352} INFO - Marking task as SUCCESS. dag_id=account_dim_gen, task_id=generate_account_dim_data, run_id=scheduled__2024-12-07T00:00:00+00:00, execution_date=20241207T000000, start_date=20250208T190045, end_date=20250208T190045
[2025-02-08T19:00:45.716+0000] {local_task_job_runner.py:266} INFO - Task exited with return code 0
[2025-02-08T19:00:45.730+0000] {taskinstance.py:3900} INFO - 0 downstream tasks scheduled from follow-on schedule check
[2025-02-08T19:00:45.732+0000] {local_task_job_runner.py:245} INFO - ::endgroup::
[2025-02-08T20:40:48.517+0000] {local_task_job_runner.py:123} INFO - ::group::Pre task execution logs
[2025-02-08T20:40:48.537+0000] {taskinstance.py:2612} INFO - Dependencies all met for dep_context=non-requeueable deps ti=<TaskInstance: account_dim_gen.generate_account_dim_data scheduled__2024-12-07T00:00:00+00:00 [queued]>
[2025-02-08T20:40:48.567+0000] {taskinstance.py:2612} INFO - Dependencies all met for dep_context=requeueable deps ti=<TaskInstance: account_dim_gen.generate_account_dim_data scheduled__2024-12-07T00:00:00+00:00 [queued]>
[2025-02-08T20:40:48.567+0000] {taskinstance.py:2865} INFO - Starting attempt 1 of 1
[2025-02-08T20:40:48.615+0000] {taskinstance.py:2888} INFO - Executing <Task(PythonOperator): generate_account_dim_data> on 2024-12-07 00:00:00+00:00
[2025-02-08T20:40:48.628+0000] {logging_mixin.py:190} WARNING - /home/***/.local/lib/python3.12/site-packages/***/task/task_runner/standard_task_runner.py:70 DeprecationWarning: This process (pid=1646) is multi-threaded, use of fork() may lead to deadlocks in the child.
[2025-02-08T20:40:48.628+0000] {standard_task_runner.py:104} INFO - Running: ['***', 'tasks', 'run', 'account_dim_gen', 'generate_account_dim_data', 'scheduled__2024-12-07T00:00:00+00:00', '--job-id', '255', '--raw', '--subdir', 'DAGS_FOLDER/account_dim_gen.py', '--cfg-path', '/tmp/tmporq9x_99']
[2025-02-08T20:40:48.635+0000] {standard_task_runner.py:72} INFO - Started process 1681 to run task
[2025-02-08T20:40:48.635+0000] {standard_task_runner.py:105} INFO - Job 255: Subtask generate_account_dim_data
[2025-02-08T20:40:48.714+0000] {task_command.py:467} INFO - Running <TaskInstance: account_dim_gen.generate_account_dim_data scheduled__2024-12-07T00:00:00+00:00 [running]> on host 7e959c1a2a8b
[2025-02-08T20:40:48.845+0000] {taskinstance.py:3131} INFO - Exporting env vars: AIRFLOW_CTX_DAG_OWNER='Saleh' AIRFLOW_CTX_DAG_ID='account_dim_gen' AIRFLOW_CTX_TASK_ID='generate_account_dim_data' AIRFLOW_CTX_EXECUTION_DATE='2024-12-07T00:00:00+00:00' AIRFLOW_CTX_TRY_NUMBER='1' AIRFLOW_CTX_DAG_RUN_ID='scheduled__2024-12-07T00:00:00+00:00'
[2025-02-08T20:40:48.848+0000] {taskinstance.py:731} INFO - ::endgroup::
[2025-02-08T20:40:48.870+0000] {logging_mixin.py:190} INFO - CSV file ./account_dim_large_data.csv with 50 row has been generated successfully!
[2025-02-08T20:40:48.870+0000] {python.py:240} INFO - Done. Returned value was: None
[2025-02-08T20:40:48.880+0000] {taskinstance.py:340} INFO - ::group::Post task execution logs
[2025-02-08T20:40:48.880+0000] {taskinstance.py:352} INFO - Marking task as SUCCESS. dag_id=account_dim_gen, task_id=generate_account_dim_data, run_id=scheduled__2024-12-07T00:00:00+00:00, execution_date=20241207T000000, start_date=20250208T204048, end_date=20250208T204048
[2025-02-08T20:40:48.939+0000] {local_task_job_runner.py:266} INFO - Task exited with return code 0
[2025-02-08T20:40:48.953+0000] {local_task_job_runner.py:245} INFO - ::endgroup::
