[2025-02-08T19:02:44.382+0000] {local_task_job_runner.py:123} INFO - ::group::Pre task execution logs
[2025-02-08T19:02:44.404+0000] {taskinstance.py:2612} INFO - Dependencies all met for dep_context=non-requeueable deps ti=<TaskInstance: branch_dim_gen.generate_branch_dim_data scheduled__2024-11-12T00:00:00+00:00 [queued]>
[2025-02-08T19:02:44.413+0000] {taskinstance.py:2612} INFO - Dependencies all met for dep_context=requeueable deps ti=<TaskInstance: branch_dim_gen.generate_branch_dim_data scheduled__2024-11-12T00:00:00+00:00 [queued]>
[2025-02-08T19:02:44.414+0000] {taskinstance.py:2865} INFO - Starting attempt 1 of 1
[2025-02-08T19:02:44.427+0000] {taskinstance.py:2888} INFO - Executing <Task(PythonOperator): generate_branch_dim_data> on 2024-11-12 00:00:00+00:00
[2025-02-08T19:02:44.437+0000] {logging_mixin.py:190} WARNING - /home/***/.local/lib/python3.12/site-packages/***/task/task_runner/standard_task_runner.py:70 DeprecationWarning: This process (pid=1655) is multi-threaded, use of fork() may lead to deadlocks in the child.
[2025-02-08T19:02:44.439+0000] {standard_task_runner.py:72} INFO - Started process 1675 to run task
[2025-02-08T19:02:44.437+0000] {standard_task_runner.py:104} INFO - Running: ['***', 'tasks', 'run', 'branch_dim_gen', 'generate_branch_dim_data', 'scheduled__2024-11-12T00:00:00+00:00', '--job-id', '273', '--raw', '--subdir', 'DAGS_FOLDER/brnach_dim_gen.py', '--cfg-path', '/tmp/tmpcnviqpk_']
[2025-02-08T19:02:44.439+0000] {standard_task_runner.py:105} INFO - Job 273: Subtask generate_branch_dim_data
[2025-02-08T19:02:44.596+0000] {task_command.py:467} INFO - Running <TaskInstance: branch_dim_gen.generate_branch_dim_data scheduled__2024-11-12T00:00:00+00:00 [running]> on host 2c1cd59afcc0
[2025-02-08T19:02:44.764+0000] {taskinstance.py:3131} INFO - Exporting env vars: AIRFLOW_CTX_DAG_OWNER='Saleh' AIRFLOW_CTX_DAG_ID='branch_dim_gen' AIRFLOW_CTX_TASK_ID='generate_branch_dim_data' AIRFLOW_CTX_EXECUTION_DATE='2024-11-12T00:00:00+00:00' AIRFLOW_CTX_TRY_NUMBER='1' AIRFLOW_CTX_DAG_RUN_ID='scheduled__2024-11-12T00:00:00+00:00'
[2025-02-08T19:02:44.765+0000] {taskinstance.py:731} INFO - ::endgroup::
[2025-02-08T19:02:44.781+0000] {logging_mixin.py:190} INFO - CSV file './branch_dim_large_data.csv' with 50 rows has been generated successfully.
[2025-02-08T19:02:44.782+0000] {python.py:240} INFO - Done. Returned value was: None
[2025-02-08T19:02:44.788+0000] {taskinstance.py:340} INFO - ::group::Post task execution logs
[2025-02-08T19:02:44.789+0000] {taskinstance.py:352} INFO - Marking task as SUCCESS. dag_id=branch_dim_gen, task_id=generate_branch_dim_data, run_id=scheduled__2024-11-12T00:00:00+00:00, execution_date=20241112T000000, start_date=20250208T190244, end_date=20250208T190244
[2025-02-08T19:02:44.820+0000] {local_task_job_runner.py:266} INFO - Task exited with return code 0
[2025-02-08T19:02:44.833+0000] {taskinstance.py:3900} INFO - 0 downstream tasks scheduled from follow-on schedule check
[2025-02-08T19:02:44.835+0000] {local_task_job_runner.py:245} INFO - ::endgroup::
[2025-02-08T20:40:30.044+0000] {local_task_job_runner.py:123} INFO - ::group::Pre task execution logs
[2025-02-08T20:40:30.082+0000] {taskinstance.py:2612} INFO - Dependencies all met for dep_context=non-requeueable deps ti=<TaskInstance: branch_dim_gen.generate_branch_dim_data scheduled__2024-11-12T00:00:00+00:00 [queued]>
[2025-02-08T20:40:30.094+0000] {taskinstance.py:2612} INFO - Dependencies all met for dep_context=requeueable deps ti=<TaskInstance: branch_dim_gen.generate_branch_dim_data scheduled__2024-11-12T00:00:00+00:00 [queued]>
[2025-02-08T20:40:30.098+0000] {taskinstance.py:2865} INFO - Starting attempt 1 of 1
[2025-02-08T20:40:30.131+0000] {taskinstance.py:2888} INFO - Executing <Task(PythonOperator): generate_branch_dim_data> on 2024-11-12 00:00:00+00:00
[2025-02-08T20:40:30.166+0000] {standard_task_runner.py:104} INFO - Running: ['***', 'tasks', 'run', 'branch_dim_gen', 'generate_branch_dim_data', 'scheduled__2024-11-12T00:00:00+00:00', '--job-id', '183', '--raw', '--subdir', 'DAGS_FOLDER/brnach_dim_gen.py', '--cfg-path', '/tmp/tmpxq84a8b7']
[2025-02-08T20:40:30.169+0000] {standard_task_runner.py:105} INFO - Job 183: Subtask generate_branch_dim_data
[2025-02-08T20:40:30.175+0000] {logging_mixin.py:190} WARNING - /home/***/.local/lib/python3.12/site-packages/***/task/task_runner/standard_task_runner.py:70 DeprecationWarning: This process (pid=1330) is multi-threaded, use of fork() may lead to deadlocks in the child.
[2025-02-08T20:40:30.179+0000] {standard_task_runner.py:72} INFO - Started process 1369 to run task
[2025-02-08T20:40:30.236+0000] {task_command.py:467} INFO - Running <TaskInstance: branch_dim_gen.generate_branch_dim_data scheduled__2024-11-12T00:00:00+00:00 [running]> on host 7e959c1a2a8b
[2025-02-08T20:40:30.385+0000] {taskinstance.py:3131} INFO - Exporting env vars: AIRFLOW_CTX_DAG_OWNER='Saleh' AIRFLOW_CTX_DAG_ID='branch_dim_gen' AIRFLOW_CTX_TASK_ID='generate_branch_dim_data' AIRFLOW_CTX_EXECUTION_DATE='2024-11-12T00:00:00+00:00' AIRFLOW_CTX_TRY_NUMBER='1' AIRFLOW_CTX_DAG_RUN_ID='scheduled__2024-11-12T00:00:00+00:00'
[2025-02-08T20:40:30.387+0000] {taskinstance.py:731} INFO - ::endgroup::
[2025-02-08T20:40:30.413+0000] {logging_mixin.py:190} INFO - CSV file './branch_dim_large_data.csv' with 50 rows has been generated successfully.
[2025-02-08T20:40:30.414+0000] {python.py:240} INFO - Done. Returned value was: None
[2025-02-08T20:40:30.434+0000] {taskinstance.py:340} INFO - ::group::Post task execution logs
[2025-02-08T20:40:30.435+0000] {taskinstance.py:352} INFO - Marking task as SUCCESS. dag_id=branch_dim_gen, task_id=generate_branch_dim_data, run_id=scheduled__2024-11-12T00:00:00+00:00, execution_date=20241112T000000, start_date=20250208T204030, end_date=20250208T204030
[2025-02-08T20:40:30.493+0000] {local_task_job_runner.py:266} INFO - Task exited with return code 0
[2025-02-08T20:40:30.508+0000] {local_task_job_runner.py:245} INFO - ::endgroup::
