[2025-02-08T19:02:13.639+0000] {local_task_job_runner.py:123} INFO - ::group::Pre task execution logs
[2025-02-08T19:02:13.659+0000] {taskinstance.py:2612} INFO - Dependencies all met for dep_context=non-requeueable deps ti=<TaskInstance: customer_dim_generator.generate_customer_dim_data scheduled__2024-10-22T00:00:00+00:00 [queued]>
[2025-02-08T19:02:13.669+0000] {taskinstance.py:2612} INFO - Dependencies all met for dep_context=requeueable deps ti=<TaskInstance: customer_dim_generator.generate_customer_dim_data scheduled__2024-10-22T00:00:00+00:00 [queued]>
[2025-02-08T19:02:13.673+0000] {taskinstance.py:2865} INFO - Starting attempt 1 of 1
[2025-02-08T19:02:13.708+0000] {taskinstance.py:2888} INFO - Executing <Task(PythonOperator): generate_customer_dim_data> on 2024-10-22 00:00:00+00:00
[2025-02-08T19:02:13.716+0000] {logging_mixin.py:190} WARNING - /home/***/.local/lib/python3.12/site-packages/***/task/task_runner/standard_task_runner.py:70 DeprecationWarning: This process (pid=1292) is multi-threaded, use of fork() may lead to deadlocks in the child.
[2025-02-08T19:02:13.718+0000] {standard_task_runner.py:72} INFO - Started process 1311 to run task
[2025-02-08T19:02:13.719+0000] {standard_task_runner.py:104} INFO - Running: ['***', 'tasks', 'run', 'customer_dim_generator', 'generate_customer_dim_data', 'scheduled__2024-10-22T00:00:00+00:00', '--job-id', '186', '--raw', '--subdir', 'DAGS_FOLDER/customer_dim_gen.py', '--cfg-path', '/tmp/tmpfurocgmd']
[2025-02-08T19:02:13.722+0000] {standard_task_runner.py:105} INFO - Job 186: Subtask generate_customer_dim_data
[2025-02-08T19:02:13.776+0000] {task_command.py:467} INFO - Running <TaskInstance: customer_dim_generator.generate_customer_dim_data scheduled__2024-10-22T00:00:00+00:00 [running]> on host 2c1cd59afcc0
[2025-02-08T19:02:13.894+0000] {taskinstance.py:3131} INFO - Exporting env vars: AIRFLOW_CTX_DAG_OWNER='Saleh' AIRFLOW_CTX_DAG_ID='customer_dim_generator' AIRFLOW_CTX_TASK_ID='generate_customer_dim_data' AIRFLOW_CTX_EXECUTION_DATE='2024-10-22T00:00:00+00:00' AIRFLOW_CTX_TRY_NUMBER='1' AIRFLOW_CTX_DAG_RUN_ID='scheduled__2024-10-22T00:00:00+00:00'
[2025-02-08T19:02:13.895+0000] {taskinstance.py:731} INFO - ::endgroup::
[2025-02-08T19:02:13.915+0000] {logging_mixin.py:190} INFO - CSV file './customer_dim_large_data.csv' with 100 rows has been generated successfully.
[2025-02-08T19:02:13.916+0000] {python.py:240} INFO - Done. Returned value was: None
[2025-02-08T19:02:13.930+0000] {taskinstance.py:340} INFO - ::group::Post task execution logs
[2025-02-08T19:02:13.930+0000] {taskinstance.py:352} INFO - Marking task as SUCCESS. dag_id=customer_dim_generator, task_id=generate_customer_dim_data, run_id=scheduled__2024-10-22T00:00:00+00:00, execution_date=20241022T000000, start_date=20250208T190213, end_date=20250208T190213
[2025-02-08T19:02:13.979+0000] {local_task_job_runner.py:266} INFO - Task exited with return code 0
[2025-02-08T19:02:13.991+0000] {local_task_job_runner.py:245} INFO - ::endgroup::
[2025-02-08T20:39:48.739+0000] {local_task_job_runner.py:123} INFO - ::group::Pre task execution logs
[2025-02-08T20:39:48.752+0000] {taskinstance.py:2612} INFO - Dependencies all met for dep_context=non-requeueable deps ti=<TaskInstance: customer_dim_generator.generate_customer_dim_data scheduled__2024-10-22T00:00:00+00:00 [queued]>
[2025-02-08T20:39:48.759+0000] {taskinstance.py:2612} INFO - Dependencies all met for dep_context=requeueable deps ti=<TaskInstance: customer_dim_generator.generate_customer_dim_data scheduled__2024-10-22T00:00:00+00:00 [queued]>
[2025-02-08T20:39:48.759+0000] {taskinstance.py:2865} INFO - Starting attempt 1 of 1
[2025-02-08T20:39:48.770+0000] {taskinstance.py:2888} INFO - Executing <Task(PythonOperator): generate_customer_dim_data> on 2024-10-22 00:00:00+00:00
[2025-02-08T20:39:48.778+0000] {logging_mixin.py:190} WARNING - /home/***/.local/lib/python3.12/site-packages/***/task/task_runner/standard_task_runner.py:70 DeprecationWarning: This process (pid=785) is multi-threaded, use of fork() may lead to deadlocks in the child.
[2025-02-08T20:39:48.779+0000] {standard_task_runner.py:72} INFO - Started process 787 to run task
[2025-02-08T20:39:48.778+0000] {standard_task_runner.py:104} INFO - Running: ['***', 'tasks', 'run', 'customer_dim_generator', 'generate_customer_dim_data', 'scheduled__2024-10-22T00:00:00+00:00', '--job-id', '50', '--raw', '--subdir', 'DAGS_FOLDER/customer_dim_gen.py', '--cfg-path', '/tmp/tmp0i1b1rpt']
[2025-02-08T20:39:48.780+0000] {standard_task_runner.py:105} INFO - Job 50: Subtask generate_customer_dim_data
[2025-02-08T20:39:48.816+0000] {task_command.py:467} INFO - Running <TaskInstance: customer_dim_generator.generate_customer_dim_data scheduled__2024-10-22T00:00:00+00:00 [running]> on host 7e959c1a2a8b
[2025-02-08T20:39:48.881+0000] {taskinstance.py:3131} INFO - Exporting env vars: AIRFLOW_CTX_DAG_OWNER='Saleh' AIRFLOW_CTX_DAG_ID='customer_dim_generator' AIRFLOW_CTX_TASK_ID='generate_customer_dim_data' AIRFLOW_CTX_EXECUTION_DATE='2024-10-22T00:00:00+00:00' AIRFLOW_CTX_TRY_NUMBER='1' AIRFLOW_CTX_DAG_RUN_ID='scheduled__2024-10-22T00:00:00+00:00'
[2025-02-08T20:39:48.882+0000] {taskinstance.py:731} INFO - ::endgroup::
[2025-02-08T20:39:48.898+0000] {logging_mixin.py:190} INFO - CSV file './customer_dim_large_data.csv' with 100 rows has been generated successfully.
[2025-02-08T20:39:48.898+0000] {python.py:240} INFO - Done. Returned value was: None
[2025-02-08T20:39:48.906+0000] {taskinstance.py:340} INFO - ::group::Post task execution logs
[2025-02-08T20:39:48.907+0000] {taskinstance.py:352} INFO - Marking task as SUCCESS. dag_id=customer_dim_generator, task_id=generate_customer_dim_data, run_id=scheduled__2024-10-22T00:00:00+00:00, execution_date=20241022T000000, start_date=20250208T203948, end_date=20250208T203948
[2025-02-08T20:39:48.953+0000] {local_task_job_runner.py:266} INFO - Task exited with return code 0
[2025-02-08T20:39:48.966+0000] {taskinstance.py:3900} INFO - 0 downstream tasks scheduled from follow-on schedule check
[2025-02-08T20:39:48.968+0000] {local_task_job_runner.py:245} INFO - ::endgroup::
[2025-02-08T20:42:52.047+0000] {local_task_job_runner.py:123} INFO - ::group::Pre task execution logs
[2025-02-08T20:42:52.066+0000] {taskinstance.py:2612} INFO - Dependencies all met for dep_context=non-requeueable deps ti=<TaskInstance: customer_dim_generator.generate_customer_dim_data scheduled__2024-10-22T00:00:00+00:00 [queued]>
[2025-02-08T20:42:52.076+0000] {taskinstance.py:2612} INFO - Dependencies all met for dep_context=requeueable deps ti=<TaskInstance: customer_dim_generator.generate_customer_dim_data scheduled__2024-10-22T00:00:00+00:00 [queued]>
[2025-02-08T20:42:52.076+0000] {taskinstance.py:2865} INFO - Starting attempt 1 of 1
[2025-02-08T20:42:52.105+0000] {taskinstance.py:2888} INFO - Executing <Task(PythonOperator): generate_customer_dim_data> on 2024-10-22 00:00:00+00:00
[2025-02-08T20:42:52.113+0000] {logging_mixin.py:190} WARNING - /home/***/.local/lib/python3.12/site-packages/***/task/task_runner/standard_task_runner.py:70 DeprecationWarning: This process (pid=435) is multi-threaded, use of fork() may lead to deadlocks in the child.
[2025-02-08T20:42:52.115+0000] {standard_task_runner.py:72} INFO - Started process 463 to run task
[2025-02-08T20:42:52.113+0000] {standard_task_runner.py:104} INFO - Running: ['***', 'tasks', 'run', 'customer_dim_generator', 'generate_customer_dim_data', 'scheduled__2024-10-22T00:00:00+00:00', '--job-id', '420', '--raw', '--subdir', 'DAGS_FOLDER/customer_dim_gen.py', '--cfg-path', '/tmp/tmp8njrtics']
[2025-02-08T20:42:52.115+0000] {standard_task_runner.py:105} INFO - Job 420: Subtask generate_customer_dim_data
[2025-02-08T20:42:52.182+0000] {task_command.py:467} INFO - Running <TaskInstance: customer_dim_generator.generate_customer_dim_data scheduled__2024-10-22T00:00:00+00:00 [running]> on host 86932746817d
[2025-02-08T20:42:52.472+0000] {taskinstance.py:3131} INFO - Exporting env vars: AIRFLOW_CTX_DAG_OWNER='Saleh' AIRFLOW_CTX_DAG_ID='customer_dim_generator' AIRFLOW_CTX_TASK_ID='generate_customer_dim_data' AIRFLOW_CTX_EXECUTION_DATE='2024-10-22T00:00:00+00:00' AIRFLOW_CTX_TRY_NUMBER='1' AIRFLOW_CTX_DAG_RUN_ID='scheduled__2024-10-22T00:00:00+00:00'
[2025-02-08T20:42:52.473+0000] {taskinstance.py:731} INFO - ::endgroup::
[2025-02-08T20:42:52.492+0000] {logging_mixin.py:190} INFO - CSV file './customer_dim_large_data.csv' with 100 rows has been generated successfully.
[2025-02-08T20:42:52.492+0000] {python.py:240} INFO - Done. Returned value was: None
[2025-02-08T20:42:52.500+0000] {taskinstance.py:340} INFO - ::group::Post task execution logs
[2025-02-08T20:42:52.501+0000] {taskinstance.py:352} INFO - Marking task as SUCCESS. dag_id=customer_dim_generator, task_id=generate_customer_dim_data, run_id=scheduled__2024-10-22T00:00:00+00:00, execution_date=20241022T000000, start_date=20250208T204252, end_date=20250208T204252
[2025-02-08T20:42:52.569+0000] {local_task_job_runner.py:266} INFO - Task exited with return code 0
[2025-02-08T20:42:52.586+0000] {taskinstance.py:3900} INFO - 0 downstream tasks scheduled from follow-on schedule check
[2025-02-08T20:42:52.590+0000] {local_task_job_runner.py:245} INFO - ::endgroup::
