[2025-02-08T19:03:34.667+0000] {local_task_job_runner.py:123} INFO - ::group::Pre task execution logs
[2025-02-08T19:03:34.680+0000] {taskinstance.py:2612} INFO - Dependencies all met for dep_context=non-requeueable deps ti=<TaskInstance: branch_dim_gen.generate_branch_dim_data scheduled__2025-02-02T00:00:00+00:00 [queued]>
[2025-02-08T19:03:34.689+0000] {taskinstance.py:2612} INFO - Dependencies all met for dep_context=requeueable deps ti=<TaskInstance: branch_dim_gen.generate_branch_dim_data scheduled__2025-02-02T00:00:00+00:00 [queued]>
[2025-02-08T19:03:34.690+0000] {taskinstance.py:2865} INFO - Starting attempt 1 of 1
[2025-02-08T19:03:34.701+0000] {taskinstance.py:2888} INFO - Executing <Task(PythonOperator): generate_branch_dim_data> on 2025-02-02 00:00:00+00:00
[2025-02-08T19:03:34.713+0000] {logging_mixin.py:190} WARNING - /home/***/.local/lib/python3.12/site-packages/***/task/task_runner/standard_task_runner.py:70 DeprecationWarning: This process (pid=2281) is multi-threaded, use of fork() may lead to deadlocks in the child.
[2025-02-08T19:03:34.714+0000] {standard_task_runner.py:72} INFO - Started process 2291 to run task
[2025-02-08T19:03:34.713+0000] {standard_task_runner.py:104} INFO - Running: ['***', 'tasks', 'run', 'branch_dim_gen', 'generate_branch_dim_data', 'scheduled__2025-02-02T00:00:00+00:00', '--job-id', '421', '--raw', '--subdir', 'DAGS_FOLDER/brnach_dim_gen.py', '--cfg-path', '/tmp/tmp9w58dqmk']
[2025-02-08T19:03:34.715+0000] {standard_task_runner.py:105} INFO - Job 421: Subtask generate_branch_dim_data
[2025-02-08T19:03:34.751+0000] {task_command.py:467} INFO - Running <TaskInstance: branch_dim_gen.generate_branch_dim_data scheduled__2025-02-02T00:00:00+00:00 [running]> on host 2c1cd59afcc0
[2025-02-08T19:03:34.817+0000] {taskinstance.py:3131} INFO - Exporting env vars: AIRFLOW_CTX_DAG_OWNER='Saleh' AIRFLOW_CTX_DAG_ID='branch_dim_gen' AIRFLOW_CTX_TASK_ID='generate_branch_dim_data' AIRFLOW_CTX_EXECUTION_DATE='2025-02-02T00:00:00+00:00' AIRFLOW_CTX_TRY_NUMBER='1' AIRFLOW_CTX_DAG_RUN_ID='scheduled__2025-02-02T00:00:00+00:00'
[2025-02-08T19:03:34.818+0000] {taskinstance.py:731} INFO - ::endgroup::
[2025-02-08T19:03:34.836+0000] {logging_mixin.py:190} INFO - CSV file './branch_dim_large_data.csv' with 50 rows has been generated successfully.
[2025-02-08T19:03:34.836+0000] {python.py:240} INFO - Done. Returned value was: None
[2025-02-08T19:03:34.842+0000] {taskinstance.py:340} INFO - ::group::Post task execution logs
[2025-02-08T19:03:34.843+0000] {taskinstance.py:352} INFO - Marking task as SUCCESS. dag_id=branch_dim_gen, task_id=generate_branch_dim_data, run_id=scheduled__2025-02-02T00:00:00+00:00, execution_date=20250202T000000, start_date=20250208T190334, end_date=20250208T190334
[2025-02-08T19:03:34.888+0000] {local_task_job_runner.py:266} INFO - Task exited with return code 0
[2025-02-08T19:03:34.901+0000] {taskinstance.py:3900} INFO - 0 downstream tasks scheduled from follow-on schedule check
[2025-02-08T19:03:34.903+0000] {local_task_job_runner.py:245} INFO - ::endgroup::
[2025-02-08T20:42:41.157+0000] {local_task_job_runner.py:123} INFO - ::group::Pre task execution logs
[2025-02-08T20:42:41.171+0000] {taskinstance.py:2612} INFO - Dependencies all met for dep_context=non-requeueable deps ti=<TaskInstance: branch_dim_gen.generate_branch_dim_data scheduled__2025-02-02T00:00:00+00:00 [queued]>
[2025-02-08T20:42:41.181+0000] {taskinstance.py:2612} INFO - Dependencies all met for dep_context=requeueable deps ti=<TaskInstance: branch_dim_gen.generate_branch_dim_data scheduled__2025-02-02T00:00:00+00:00 [queued]>
[2025-02-08T20:42:41.181+0000] {taskinstance.py:2865} INFO - Starting attempt 1 of 1
[2025-02-08T20:42:41.193+0000] {taskinstance.py:2888} INFO - Executing <Task(PythonOperator): generate_branch_dim_data> on 2025-02-02 00:00:00+00:00
[2025-02-08T20:42:41.201+0000] {standard_task_runner.py:104} INFO - Running: ['***', 'tasks', 'run', 'branch_dim_gen', 'generate_branch_dim_data', 'scheduled__2025-02-02T00:00:00+00:00', '--job-id', '391', '--raw', '--subdir', 'DAGS_FOLDER/brnach_dim_gen.py', '--cfg-path', '/tmp/tmpme27j58h']
[2025-02-08T20:42:41.204+0000] {standard_task_runner.py:105} INFO - Job 391: Subtask generate_branch_dim_data
[2025-02-08T20:42:41.204+0000] {logging_mixin.py:190} WARNING - /home/***/.local/lib/python3.12/site-packages/***/task/task_runner/standard_task_runner.py:70 DeprecationWarning: This process (pid=319) is multi-threaded, use of fork() may lead to deadlocks in the child.
[2025-02-08T20:42:41.205+0000] {standard_task_runner.py:72} INFO - Started process 331 to run task
[2025-02-08T20:42:41.245+0000] {task_command.py:467} INFO - Running <TaskInstance: branch_dim_gen.generate_branch_dim_data scheduled__2025-02-02T00:00:00+00:00 [running]> on host 86932746817d
[2025-02-08T20:42:41.317+0000] {taskinstance.py:3131} INFO - Exporting env vars: AIRFLOW_CTX_DAG_OWNER='Saleh' AIRFLOW_CTX_DAG_ID='branch_dim_gen' AIRFLOW_CTX_TASK_ID='generate_branch_dim_data' AIRFLOW_CTX_EXECUTION_DATE='2025-02-02T00:00:00+00:00' AIRFLOW_CTX_TRY_NUMBER='1' AIRFLOW_CTX_DAG_RUN_ID='scheduled__2025-02-02T00:00:00+00:00'
[2025-02-08T20:42:41.318+0000] {taskinstance.py:731} INFO - ::endgroup::
[2025-02-08T20:42:41.338+0000] {logging_mixin.py:190} INFO - CSV file './branch_dim_large_data.csv' with 50 rows has been generated successfully.
[2025-02-08T20:42:41.339+0000] {python.py:240} INFO - Done. Returned value was: None
[2025-02-08T20:42:41.346+0000] {taskinstance.py:340} INFO - ::group::Post task execution logs
[2025-02-08T20:42:41.347+0000] {taskinstance.py:352} INFO - Marking task as SUCCESS. dag_id=branch_dim_gen, task_id=generate_branch_dim_data, run_id=scheduled__2025-02-02T00:00:00+00:00, execution_date=20250202T000000, start_date=20250208T204241, end_date=20250208T204241
[2025-02-08T20:42:41.379+0000] {local_task_job_runner.py:266} INFO - Task exited with return code 0
[2025-02-08T20:42:41.393+0000] {taskinstance.py:3900} INFO - 0 downstream tasks scheduled from follow-on schedule check
[2025-02-08T20:42:41.395+0000] {local_task_job_runner.py:245} INFO - ::endgroup::
