[2025-02-08T19:03:07.820+0000] {local_task_job_runner.py:123} INFO - ::group::Pre task execution logs
[2025-02-08T19:03:07.835+0000] {taskinstance.py:2612} INFO - Dependencies all met for dep_context=non-requeueable deps ti=<TaskInstance: branch_dim_gen.generate_branch_dim_data scheduled__2024-12-13T00:00:00+00:00 [queued]>
[2025-02-08T19:03:07.847+0000] {taskinstance.py:2612} INFO - Dependencies all met for dep_context=requeueable deps ti=<TaskInstance: branch_dim_gen.generate_branch_dim_data scheduled__2024-12-13T00:00:00+00:00 [queued]>
[2025-02-08T19:03:07.848+0000] {taskinstance.py:2865} INFO - Starting attempt 1 of 1
[2025-02-08T19:03:07.947+0000] {taskinstance.py:2888} INFO - Executing <Task(PythonOperator): generate_branch_dim_data> on 2024-12-13 00:00:00+00:00
[2025-02-08T19:03:07.957+0000] {logging_mixin.py:190} WARNING - /home/***/.local/lib/python3.12/site-packages/***/task/task_runner/standard_task_runner.py:70 DeprecationWarning: This process (pid=1927) is multi-threaded, use of fork() may lead to deadlocks in the child.
[2025-02-08T19:03:07.958+0000] {standard_task_runner.py:72} INFO - Started process 1948 to run task
[2025-02-08T19:03:07.957+0000] {standard_task_runner.py:104} INFO - Running: ['***', 'tasks', 'run', 'branch_dim_gen', 'generate_branch_dim_data', 'scheduled__2024-12-13T00:00:00+00:00', '--job-id', '335', '--raw', '--subdir', 'DAGS_FOLDER/brnach_dim_gen.py', '--cfg-path', '/tmp/tmprw4dw28c']
[2025-02-08T19:03:07.960+0000] {standard_task_runner.py:105} INFO - Job 335: Subtask generate_branch_dim_data
[2025-02-08T19:03:08.013+0000] {task_command.py:467} INFO - Running <TaskInstance: branch_dim_gen.generate_branch_dim_data scheduled__2024-12-13T00:00:00+00:00 [running]> on host 2c1cd59afcc0
[2025-02-08T19:03:08.118+0000] {taskinstance.py:3131} INFO - Exporting env vars: AIRFLOW_CTX_DAG_OWNER='Saleh' AIRFLOW_CTX_DAG_ID='branch_dim_gen' AIRFLOW_CTX_TASK_ID='generate_branch_dim_data' AIRFLOW_CTX_EXECUTION_DATE='2024-12-13T00:00:00+00:00' AIRFLOW_CTX_TRY_NUMBER='1' AIRFLOW_CTX_DAG_RUN_ID='scheduled__2024-12-13T00:00:00+00:00'
[2025-02-08T19:03:08.119+0000] {taskinstance.py:731} INFO - ::endgroup::
[2025-02-08T19:03:08.156+0000] {logging_mixin.py:190} INFO - CSV file './branch_dim_large_data.csv' with 50 rows has been generated successfully.
[2025-02-08T19:03:08.157+0000] {python.py:240} INFO - Done. Returned value was: None
[2025-02-08T19:03:08.166+0000] {taskinstance.py:340} INFO - ::group::Post task execution logs
[2025-02-08T19:03:08.167+0000] {taskinstance.py:352} INFO - Marking task as SUCCESS. dag_id=branch_dim_gen, task_id=generate_branch_dim_data, run_id=scheduled__2024-12-13T00:00:00+00:00, execution_date=20241213T000000, start_date=20250208T190307, end_date=20250208T190308
[2025-02-08T19:03:08.225+0000] {local_task_job_runner.py:266} INFO - Task exited with return code 0
[2025-02-08T19:03:08.247+0000] {taskinstance.py:3900} INFO - 0 downstream tasks scheduled from follow-on schedule check
[2025-02-08T19:03:08.258+0000] {local_task_job_runner.py:245} INFO - ::endgroup::
[2025-02-08T20:40:56.083+0000] {local_task_job_runner.py:123} INFO - ::group::Pre task execution logs
[2025-02-08T20:40:56.105+0000] {taskinstance.py:2612} INFO - Dependencies all met for dep_context=non-requeueable deps ti=<TaskInstance: branch_dim_gen.generate_branch_dim_data scheduled__2024-12-13T00:00:00+00:00 [queued]>
[2025-02-08T20:40:56.116+0000] {taskinstance.py:2612} INFO - Dependencies all met for dep_context=requeueable deps ti=<TaskInstance: branch_dim_gen.generate_branch_dim_data scheduled__2024-12-13T00:00:00+00:00 [queued]>
[2025-02-08T20:40:56.117+0000] {taskinstance.py:2865} INFO - Starting attempt 1 of 1
[2025-02-08T20:40:56.138+0000] {taskinstance.py:2888} INFO - Executing <Task(PythonOperator): generate_branch_dim_data> on 2024-12-13 00:00:00+00:00
[2025-02-08T20:40:56.153+0000] {logging_mixin.py:190} WARNING - /home/***/.local/lib/python3.12/site-packages/***/task/task_runner/standard_task_runner.py:70 DeprecationWarning: This process (pid=1754) is multi-threaded, use of fork() may lead to deadlocks in the child.
[2025-02-08T20:40:56.158+0000] {standard_task_runner.py:72} INFO - Started process 1780 to run task
[2025-02-08T20:40:56.159+0000] {standard_task_runner.py:104} INFO - Running: ['***', 'tasks', 'run', 'branch_dim_gen', 'generate_branch_dim_data', 'scheduled__2024-12-13T00:00:00+00:00', '--job-id', '280', '--raw', '--subdir', 'DAGS_FOLDER/brnach_dim_gen.py', '--cfg-path', '/tmp/tmpm91scc0x']
[2025-02-08T20:40:56.164+0000] {standard_task_runner.py:105} INFO - Job 280: Subtask generate_branch_dim_data
[2025-02-08T20:40:56.292+0000] {task_command.py:467} INFO - Running <TaskInstance: branch_dim_gen.generate_branch_dim_data scheduled__2024-12-13T00:00:00+00:00 [running]> on host 7e959c1a2a8b
[2025-02-08T20:40:56.431+0000] {taskinstance.py:3131} INFO - Exporting env vars: AIRFLOW_CTX_DAG_OWNER='Saleh' AIRFLOW_CTX_DAG_ID='branch_dim_gen' AIRFLOW_CTX_TASK_ID='generate_branch_dim_data' AIRFLOW_CTX_EXECUTION_DATE='2024-12-13T00:00:00+00:00' AIRFLOW_CTX_TRY_NUMBER='1' AIRFLOW_CTX_DAG_RUN_ID='scheduled__2024-12-13T00:00:00+00:00'
[2025-02-08T20:40:56.433+0000] {taskinstance.py:731} INFO - ::endgroup::
[2025-02-08T20:40:56.457+0000] {logging_mixin.py:190} INFO - CSV file './branch_dim_large_data.csv' with 50 rows has been generated successfully.
[2025-02-08T20:40:56.458+0000] {python.py:240} INFO - Done. Returned value was: None
[2025-02-08T20:40:56.469+0000] {taskinstance.py:340} INFO - ::group::Post task execution logs
[2025-02-08T20:40:56.470+0000] {taskinstance.py:352} INFO - Marking task as SUCCESS. dag_id=branch_dim_gen, task_id=generate_branch_dim_data, run_id=scheduled__2024-12-13T00:00:00+00:00, execution_date=20241213T000000, start_date=20250208T204056, end_date=20250208T204056
[2025-02-08T20:40:56.501+0000] {local_task_job_runner.py:266} INFO - Task exited with return code 0
[2025-02-08T20:40:56.511+0000] {local_task_job_runner.py:245} INFO - ::endgroup::
