[2025-02-08T19:02:04.925+0000] {local_task_job_runner.py:123} INFO - ::group::Pre task execution logs
[2025-02-08T19:02:04.958+0000] {taskinstance.py:2612} INFO - Dependencies all met for dep_context=non-requeueable deps ti=<TaskInstance: customer_dim_generator.generate_customer_dim_data scheduled__2024-10-11T00:00:00+00:00 [queued]>
[2025-02-08T19:02:04.973+0000] {taskinstance.py:2612} INFO - Dependencies all met for dep_context=requeueable deps ti=<TaskInstance: customer_dim_generator.generate_customer_dim_data scheduled__2024-10-11T00:00:00+00:00 [queued]>
[2025-02-08T19:02:04.976+0000] {taskinstance.py:2865} INFO - Starting attempt 1 of 1
[2025-02-08T19:02:05.003+0000] {taskinstance.py:2888} INFO - Executing <Task(PythonOperator): generate_customer_dim_data> on 2024-10-11 00:00:00+00:00
[2025-02-08T19:02:05.022+0000] {standard_task_runner.py:104} INFO - Running: ['***', 'tasks', 'run', 'customer_dim_generator', 'generate_customer_dim_data', 'scheduled__2024-10-11T00:00:00+00:00', '--job-id', '161', '--raw', '--subdir', 'DAGS_FOLDER/customer_dim_gen.py', '--cfg-path', '/tmp/tmpqeoznr0g']
[2025-02-08T19:02:05.025+0000] {standard_task_runner.py:105} INFO - Job 161: Subtask generate_customer_dim_data
[2025-02-08T19:02:05.023+0000] {logging_mixin.py:190} WARNING - /home/***/.local/lib/python3.12/site-packages/***/task/task_runner/standard_task_runner.py:70 DeprecationWarning: This process (pid=1177) is multi-threaded, use of fork() may lead to deadlocks in the child.
[2025-02-08T19:02:05.026+0000] {standard_task_runner.py:72} INFO - Started process 1220 to run task
[2025-02-08T19:02:05.117+0000] {task_command.py:467} INFO - Running <TaskInstance: customer_dim_generator.generate_customer_dim_data scheduled__2024-10-11T00:00:00+00:00 [running]> on host 2c1cd59afcc0
[2025-02-08T19:02:05.332+0000] {taskinstance.py:3131} INFO - Exporting env vars: AIRFLOW_CTX_DAG_OWNER='Saleh' AIRFLOW_CTX_DAG_ID='customer_dim_generator' AIRFLOW_CTX_TASK_ID='generate_customer_dim_data' AIRFLOW_CTX_EXECUTION_DATE='2024-10-11T00:00:00+00:00' AIRFLOW_CTX_TRY_NUMBER='1' AIRFLOW_CTX_DAG_RUN_ID='scheduled__2024-10-11T00:00:00+00:00'
[2025-02-08T19:02:05.335+0000] {taskinstance.py:731} INFO - ::endgroup::
[2025-02-08T19:02:05.436+0000] {logging_mixin.py:190} INFO - CSV file './customer_dim_large_data.csv' with 100 rows has been generated successfully.
[2025-02-08T19:02:05.439+0000] {python.py:240} INFO - Done. Returned value was: None
[2025-02-08T19:02:05.449+0000] {taskinstance.py:340} INFO - ::group::Post task execution logs
[2025-02-08T19:02:05.458+0000] {taskinstance.py:352} INFO - Marking task as SUCCESS. dag_id=customer_dim_generator, task_id=generate_customer_dim_data, run_id=scheduled__2024-10-11T00:00:00+00:00, execution_date=20241011T000000, start_date=20250208T190204, end_date=20250208T190205
[2025-02-08T19:02:05.598+0000] {local_task_job_runner.py:266} INFO - Task exited with return code 0
[2025-02-08T19:02:05.614+0000] {taskinstance.py:3900} INFO - 0 downstream tasks scheduled from follow-on schedule check
[2025-02-08T19:02:05.637+0000] {local_task_job_runner.py:245} INFO - ::endgroup::
[2025-02-08T20:39:38.104+0000] {local_task_job_runner.py:123} INFO - ::group::Pre task execution logs
[2025-02-08T20:39:38.179+0000] {taskinstance.py:2612} INFO - Dependencies all met for dep_context=non-requeueable deps ti=<TaskInstance: customer_dim_generator.generate_customer_dim_data scheduled__2024-10-11T00:00:00+00:00 [queued]>
[2025-02-08T20:39:38.213+0000] {taskinstance.py:2612} INFO - Dependencies all met for dep_context=requeueable deps ti=<TaskInstance: customer_dim_generator.generate_customer_dim_data scheduled__2024-10-11T00:00:00+00:00 [queued]>
[2025-02-08T20:39:38.219+0000] {taskinstance.py:2865} INFO - Starting attempt 1 of 1
[2025-02-08T20:39:38.315+0000] {taskinstance.py:2888} INFO - Executing <Task(PythonOperator): generate_customer_dim_data> on 2024-10-11 00:00:00+00:00
[2025-02-08T20:39:38.348+0000] {logging_mixin.py:190} WARNING - /home/***/.local/lib/python3.12/site-packages/***/task/task_runner/standard_task_runner.py:70 DeprecationWarning: This process (pid=578) is multi-threaded, use of fork() may lead to deadlocks in the child.
[2025-02-08T20:39:38.352+0000] {standard_task_runner.py:72} INFO - Started process 696 to run task
[2025-02-08T20:39:38.415+0000] {standard_task_runner.py:104} INFO - Running: ['***', 'tasks', 'run', 'customer_dim_generator', 'generate_customer_dim_data', 'scheduled__2024-10-11T00:00:00+00:00', '--job-id', '10', '--raw', '--subdir', 'DAGS_FOLDER/customer_dim_gen.py', '--cfg-path', '/tmp/tmpds0drfs1']
[2025-02-08T20:39:38.420+0000] {standard_task_runner.py:105} INFO - Job 10: Subtask generate_customer_dim_data
[2025-02-08T20:39:38.612+0000] {task_command.py:467} INFO - Running <TaskInstance: customer_dim_generator.generate_customer_dim_data scheduled__2024-10-11T00:00:00+00:00 [running]> on host 7e959c1a2a8b
[2025-02-08T20:39:39.185+0000] {taskinstance.py:3131} INFO - Exporting env vars: AIRFLOW_CTX_DAG_OWNER='Saleh' AIRFLOW_CTX_DAG_ID='customer_dim_generator' AIRFLOW_CTX_TASK_ID='generate_customer_dim_data' AIRFLOW_CTX_EXECUTION_DATE='2024-10-11T00:00:00+00:00' AIRFLOW_CTX_TRY_NUMBER='1' AIRFLOW_CTX_DAG_RUN_ID='scheduled__2024-10-11T00:00:00+00:00'
[2025-02-08T20:39:39.194+0000] {taskinstance.py:731} INFO - ::endgroup::
[2025-02-08T20:39:40.555+0000] {logging_mixin.py:190} INFO - CSV file './customer_dim_large_data.csv' with 100 rows has been generated successfully.
[2025-02-08T20:39:40.555+0000] {python.py:240} INFO - Done. Returned value was: None
[2025-02-08T20:39:40.569+0000] {taskinstance.py:340} INFO - ::group::Post task execution logs
[2025-02-08T20:39:40.569+0000] {taskinstance.py:352} INFO - Marking task as SUCCESS. dag_id=customer_dim_generator, task_id=generate_customer_dim_data, run_id=scheduled__2024-10-11T00:00:00+00:00, execution_date=20241011T000000, start_date=20250208T203938, end_date=20250208T203940
[2025-02-08T20:39:40.820+0000] {local_task_job_runner.py:266} INFO - Task exited with return code 0
[2025-02-08T20:39:40.862+0000] {taskinstance.py:3900} INFO - 0 downstream tasks scheduled from follow-on schedule check
[2025-02-08T20:39:40.890+0000] {local_task_job_runner.py:245} INFO - ::endgroup::
[2025-02-08T20:42:45.622+0000] {local_task_job_runner.py:123} INFO - ::group::Pre task execution logs
[2025-02-08T20:42:45.647+0000] {taskinstance.py:2612} INFO - Dependencies all met for dep_context=non-requeueable deps ti=<TaskInstance: customer_dim_generator.generate_customer_dim_data scheduled__2024-10-11T00:00:00+00:00 [queued]>
[2025-02-08T20:42:45.658+0000] {taskinstance.py:2612} INFO - Dependencies all met for dep_context=requeueable deps ti=<TaskInstance: customer_dim_generator.generate_customer_dim_data scheduled__2024-10-11T00:00:00+00:00 [queued]>
[2025-02-08T20:42:45.659+0000] {taskinstance.py:2865} INFO - Starting attempt 1 of 1
[2025-02-08T20:42:45.674+0000] {taskinstance.py:2888} INFO - Executing <Task(PythonOperator): generate_customer_dim_data> on 2024-10-11 00:00:00+00:00
[2025-02-08T20:42:45.687+0000] {logging_mixin.py:190} WARNING - /home/***/.local/lib/python3.12/site-packages/***/task/task_runner/standard_task_runner.py:70 DeprecationWarning: This process (pid=362) is multi-threaded, use of fork() may lead to deadlocks in the child.
[2025-02-08T20:42:45.688+0000] {standard_task_runner.py:72} INFO - Started process 388 to run task
[2025-02-08T20:42:45.688+0000] {standard_task_runner.py:104} INFO - Running: ['***', 'tasks', 'run', 'customer_dim_generator', 'generate_customer_dim_data', 'scheduled__2024-10-11T00:00:00+00:00', '--job-id', '405', '--raw', '--subdir', 'DAGS_FOLDER/customer_dim_gen.py', '--cfg-path', '/tmp/tmpjntxpg3b']
[2025-02-08T20:42:45.690+0000] {standard_task_runner.py:105} INFO - Job 405: Subtask generate_customer_dim_data
[2025-02-08T20:42:45.763+0000] {task_command.py:467} INFO - Running <TaskInstance: customer_dim_generator.generate_customer_dim_data scheduled__2024-10-11T00:00:00+00:00 [running]> on host 86932746817d
[2025-02-08T20:42:45.864+0000] {taskinstance.py:3131} INFO - Exporting env vars: AIRFLOW_CTX_DAG_OWNER='Saleh' AIRFLOW_CTX_DAG_ID='customer_dim_generator' AIRFLOW_CTX_TASK_ID='generate_customer_dim_data' AIRFLOW_CTX_EXECUTION_DATE='2024-10-11T00:00:00+00:00' AIRFLOW_CTX_TRY_NUMBER='1' AIRFLOW_CTX_DAG_RUN_ID='scheduled__2024-10-11T00:00:00+00:00'
[2025-02-08T20:42:45.865+0000] {taskinstance.py:731} INFO - ::endgroup::
[2025-02-08T20:42:45.890+0000] {logging_mixin.py:190} INFO - CSV file './customer_dim_large_data.csv' with 100 rows has been generated successfully.
[2025-02-08T20:42:45.890+0000] {python.py:240} INFO - Done. Returned value was: None
[2025-02-08T20:42:45.901+0000] {taskinstance.py:340} INFO - ::group::Post task execution logs
[2025-02-08T20:42:45.902+0000] {taskinstance.py:352} INFO - Marking task as SUCCESS. dag_id=customer_dim_generator, task_id=generate_customer_dim_data, run_id=scheduled__2024-10-11T00:00:00+00:00, execution_date=20241011T000000, start_date=20250208T204245, end_date=20250208T204245
[2025-02-08T20:42:45.947+0000] {local_task_job_runner.py:266} INFO - Task exited with return code 0
[2025-02-08T20:42:45.964+0000] {taskinstance.py:3900} INFO - 0 downstream tasks scheduled from follow-on schedule check
[2025-02-08T20:42:45.968+0000] {local_task_job_runner.py:245} INFO - ::endgroup::
