[2025-02-08T19:02:56.785+0000] {local_task_job_runner.py:123} INFO - ::group::Pre task execution logs
[2025-02-08T19:02:56.809+0000] {taskinstance.py:2612} INFO - Dependencies all met for dep_context=non-requeueable deps ti=<TaskInstance: customer_dim_generator.generate_customer_dim_data scheduled__2024-12-17T00:00:00+00:00 [queued]>
[2025-02-08T19:02:56.821+0000] {taskinstance.py:2612} INFO - Dependencies all met for dep_context=requeueable deps ti=<TaskInstance: customer_dim_generator.generate_customer_dim_data scheduled__2024-12-17T00:00:00+00:00 [queued]>
[2025-02-08T19:02:56.822+0000] {taskinstance.py:2865} INFO - Starting attempt 1 of 1
[2025-02-08T19:02:56.971+0000] {taskinstance.py:2888} INFO - Executing <Task(PythonOperator): generate_customer_dim_data> on 2024-12-17 00:00:00+00:00
[2025-02-08T19:02:56.983+0000] {logging_mixin.py:190} WARNING - /home/***/.local/lib/python3.12/site-packages/***/task/task_runner/standard_task_runner.py:70 DeprecationWarning: This process (pid=1771) is multi-threaded, use of fork() may lead to deadlocks in the child.
[2025-02-08T19:02:56.984+0000] {standard_task_runner.py:72} INFO - Started process 1797 to run task
[2025-02-08T19:02:56.988+0000] {standard_task_runner.py:104} INFO - Running: ['***', 'tasks', 'run', 'customer_dim_generator', 'generate_customer_dim_data', 'scheduled__2024-12-17T00:00:00+00:00', '--job-id', '299', '--raw', '--subdir', 'DAGS_FOLDER/customer_dim_gen.py', '--cfg-path', '/tmp/tmps4hnabak']
[2025-02-08T19:02:56.991+0000] {standard_task_runner.py:105} INFO - Job 299: Subtask generate_customer_dim_data
[2025-02-08T19:02:57.068+0000] {task_command.py:467} INFO - Running <TaskInstance: customer_dim_generator.generate_customer_dim_data scheduled__2024-12-17T00:00:00+00:00 [running]> on host 2c1cd59afcc0
[2025-02-08T19:02:57.176+0000] {taskinstance.py:3131} INFO - Exporting env vars: AIRFLOW_CTX_DAG_OWNER='Saleh' AIRFLOW_CTX_DAG_ID='customer_dim_generator' AIRFLOW_CTX_TASK_ID='generate_customer_dim_data' AIRFLOW_CTX_EXECUTION_DATE='2024-12-17T00:00:00+00:00' AIRFLOW_CTX_TRY_NUMBER='1' AIRFLOW_CTX_DAG_RUN_ID='scheduled__2024-12-17T00:00:00+00:00'
[2025-02-08T19:02:57.179+0000] {taskinstance.py:731} INFO - ::endgroup::
[2025-02-08T19:02:57.203+0000] {logging_mixin.py:190} INFO - CSV file './customer_dim_large_data.csv' with 100 rows has been generated successfully.
[2025-02-08T19:02:57.204+0000] {python.py:240} INFO - Done. Returned value was: None
[2025-02-08T19:02:57.215+0000] {taskinstance.py:340} INFO - ::group::Post task execution logs
[2025-02-08T19:02:57.216+0000] {taskinstance.py:352} INFO - Marking task as SUCCESS. dag_id=customer_dim_generator, task_id=generate_customer_dim_data, run_id=scheduled__2024-12-17T00:00:00+00:00, execution_date=20241217T000000, start_date=20250208T190256, end_date=20250208T190257
[2025-02-08T19:02:57.244+0000] {local_task_job_runner.py:266} INFO - Task exited with return code 0
[2025-02-08T19:02:57.258+0000] {local_task_job_runner.py:245} INFO - ::endgroup::
[2025-02-08T20:40:37.465+0000] {local_task_job_runner.py:123} INFO - ::group::Pre task execution logs
[2025-02-08T20:40:37.486+0000] {taskinstance.py:2612} INFO - Dependencies all met for dep_context=non-requeueable deps ti=<TaskInstance: customer_dim_generator.generate_customer_dim_data scheduled__2024-12-17T00:00:00+00:00 [queued]>
[2025-02-08T20:40:37.495+0000] {taskinstance.py:2612} INFO - Dependencies all met for dep_context=requeueable deps ti=<TaskInstance: customer_dim_generator.generate_customer_dim_data scheduled__2024-12-17T00:00:00+00:00 [queued]>
[2025-02-08T20:40:37.495+0000] {taskinstance.py:2865} INFO - Starting attempt 1 of 1
[2025-02-08T20:40:37.510+0000] {taskinstance.py:2888} INFO - Executing <Task(PythonOperator): generate_customer_dim_data> on 2024-12-17 00:00:00+00:00
[2025-02-08T20:40:37.519+0000] {logging_mixin.py:190} WARNING - /home/***/.local/lib/python3.12/site-packages/***/task/task_runner/standard_task_runner.py:70 DeprecationWarning: This process (pid=1469) is multi-threaded, use of fork() may lead to deadlocks in the child.
[2025-02-08T20:40:37.520+0000] {standard_task_runner.py:72} INFO - Started process 1495 to run task
[2025-02-08T20:40:37.519+0000] {standard_task_runner.py:104} INFO - Running: ['***', 'tasks', 'run', 'customer_dim_generator', 'generate_customer_dim_data', 'scheduled__2024-12-17T00:00:00+00:00', '--job-id', '216', '--raw', '--subdir', 'DAGS_FOLDER/customer_dim_gen.py', '--cfg-path', '/tmp/tmpu441d5uy']
[2025-02-08T20:40:37.522+0000] {standard_task_runner.py:105} INFO - Job 216: Subtask generate_customer_dim_data
[2025-02-08T20:40:37.575+0000] {task_command.py:467} INFO - Running <TaskInstance: customer_dim_generator.generate_customer_dim_data scheduled__2024-12-17T00:00:00+00:00 [running]> on host 7e959c1a2a8b
[2025-02-08T20:40:37.659+0000] {taskinstance.py:3131} INFO - Exporting env vars: AIRFLOW_CTX_DAG_OWNER='Saleh' AIRFLOW_CTX_DAG_ID='customer_dim_generator' AIRFLOW_CTX_TASK_ID='generate_customer_dim_data' AIRFLOW_CTX_EXECUTION_DATE='2024-12-17T00:00:00+00:00' AIRFLOW_CTX_TRY_NUMBER='1' AIRFLOW_CTX_DAG_RUN_ID='scheduled__2024-12-17T00:00:00+00:00'
[2025-02-08T20:40:37.661+0000] {taskinstance.py:731} INFO - ::endgroup::
[2025-02-08T20:40:37.687+0000] {logging_mixin.py:190} INFO - CSV file './customer_dim_large_data.csv' with 100 rows has been generated successfully.
[2025-02-08T20:40:37.687+0000] {python.py:240} INFO - Done. Returned value was: None
[2025-02-08T20:40:37.696+0000] {taskinstance.py:340} INFO - ::group::Post task execution logs
[2025-02-08T20:40:37.697+0000] {taskinstance.py:352} INFO - Marking task as SUCCESS. dag_id=customer_dim_generator, task_id=generate_customer_dim_data, run_id=scheduled__2024-12-17T00:00:00+00:00, execution_date=20241217T000000, start_date=20250208T204037, end_date=20250208T204037
[2025-02-08T20:40:37.735+0000] {local_task_job_runner.py:266} INFO - Task exited with return code 0
[2025-02-08T20:40:37.751+0000] {taskinstance.py:3900} INFO - 0 downstream tasks scheduled from follow-on schedule check
[2025-02-08T20:40:37.756+0000] {local_task_job_runner.py:245} INFO - ::endgroup::
[2025-02-08T20:43:25.022+0000] {local_task_job_runner.py:123} INFO - ::group::Pre task execution logs
[2025-02-08T20:43:25.038+0000] {taskinstance.py:2612} INFO - Dependencies all met for dep_context=non-requeueable deps ti=<TaskInstance: customer_dim_generator.generate_customer_dim_data scheduled__2024-12-17T00:00:00+00:00 [queued]>
[2025-02-08T20:43:25.046+0000] {taskinstance.py:2612} INFO - Dependencies all met for dep_context=requeueable deps ti=<TaskInstance: customer_dim_generator.generate_customer_dim_data scheduled__2024-12-17T00:00:00+00:00 [queued]>
[2025-02-08T20:43:25.047+0000] {taskinstance.py:2865} INFO - Starting attempt 1 of 1
[2025-02-08T20:43:25.114+0000] {taskinstance.py:2888} INFO - Executing <Task(PythonOperator): generate_customer_dim_data> on 2024-12-17 00:00:00+00:00
[2025-02-08T20:43:25.122+0000] {logging_mixin.py:190} WARNING - /home/***/.local/lib/python3.12/site-packages/***/task/task_runner/standard_task_runner.py:70 DeprecationWarning: This process (pid=706) is multi-threaded, use of fork() may lead to deadlocks in the child.
[2025-02-08T20:43:25.123+0000] {standard_task_runner.py:72} INFO - Started process 722 to run task
[2025-02-08T20:43:25.122+0000] {standard_task_runner.py:104} INFO - Running: ['***', 'tasks', 'run', 'customer_dim_generator', 'generate_customer_dim_data', 'scheduled__2024-12-17T00:00:00+00:00', '--job-id', '476', '--raw', '--subdir', 'DAGS_FOLDER/customer_dim_gen.py', '--cfg-path', '/tmp/tmpy1czgbrh']
[2025-02-08T20:43:25.124+0000] {standard_task_runner.py:105} INFO - Job 476: Subtask generate_customer_dim_data
[2025-02-08T20:43:25.173+0000] {task_command.py:467} INFO - Running <TaskInstance: customer_dim_generator.generate_customer_dim_data scheduled__2024-12-17T00:00:00+00:00 [running]> on host 86932746817d
[2025-02-08T20:43:25.261+0000] {taskinstance.py:3131} INFO - Exporting env vars: AIRFLOW_CTX_DAG_OWNER='Saleh' AIRFLOW_CTX_DAG_ID='customer_dim_generator' AIRFLOW_CTX_TASK_ID='generate_customer_dim_data' AIRFLOW_CTX_EXECUTION_DATE='2024-12-17T00:00:00+00:00' AIRFLOW_CTX_TRY_NUMBER='1' AIRFLOW_CTX_DAG_RUN_ID='scheduled__2024-12-17T00:00:00+00:00'
[2025-02-08T20:43:25.262+0000] {taskinstance.py:731} INFO - ::endgroup::
[2025-02-08T20:43:25.280+0000] {logging_mixin.py:190} INFO - CSV file './customer_dim_large_data.csv' with 100 rows has been generated successfully.
[2025-02-08T20:43:25.281+0000] {python.py:240} INFO - Done. Returned value was: None
[2025-02-08T20:43:25.289+0000] {taskinstance.py:340} INFO - ::group::Post task execution logs
[2025-02-08T20:43:25.289+0000] {taskinstance.py:352} INFO - Marking task as SUCCESS. dag_id=customer_dim_generator, task_id=generate_customer_dim_data, run_id=scheduled__2024-12-17T00:00:00+00:00, execution_date=20241217T000000, start_date=20250208T204325, end_date=20250208T204325
[2025-02-08T20:43:25.338+0000] {local_task_job_runner.py:266} INFO - Task exited with return code 0
[2025-02-08T20:43:25.347+0000] {local_task_job_runner.py:245} INFO - ::endgroup::
