[2025-02-08T19:02:14.354+0000] {local_task_job_runner.py:123} INFO - ::group::Pre task execution logs
[2025-02-08T19:02:14.377+0000] {taskinstance.py:2612} INFO - Dependencies all met for dep_context=non-requeueable deps ti=<TaskInstance: branch_dim_gen.generate_branch_dim_data scheduled__2024-10-02T00:00:00+00:00 [queued]>
[2025-02-08T19:02:14.389+0000] {taskinstance.py:2612} INFO - Dependencies all met for dep_context=requeueable deps ti=<TaskInstance: branch_dim_gen.generate_branch_dim_data scheduled__2024-10-02T00:00:00+00:00 [queued]>
[2025-02-08T19:02:14.390+0000] {taskinstance.py:2865} INFO - Starting attempt 1 of 1
[2025-02-08T19:02:14.420+0000] {taskinstance.py:2888} INFO - Executing <Task(PythonOperator): generate_branch_dim_data> on 2024-10-02 00:00:00+00:00
[2025-02-08T19:02:14.432+0000] {standard_task_runner.py:104} INFO - Running: ['***', 'tasks', 'run', 'branch_dim_gen', 'generate_branch_dim_data', 'scheduled__2024-10-02T00:00:00+00:00', '--job-id', '193', '--raw', '--subdir', 'DAGS_FOLDER/brnach_dim_gen.py', '--cfg-path', '/tmp/tmp6pfhe5z_']
[2025-02-08T19:02:14.435+0000] {standard_task_runner.py:105} INFO - Job 193: Subtask generate_branch_dim_data
[2025-02-08T19:02:14.430+0000] {logging_mixin.py:190} WARNING - /home/***/.local/lib/python3.12/site-packages/***/task/task_runner/standard_task_runner.py:70 DeprecationWarning: This process (pid=1305) is multi-threaded, use of fork() may lead to deadlocks in the child.
[2025-02-08T19:02:14.438+0000] {standard_task_runner.py:72} INFO - Started process 1333 to run task
[2025-02-08T19:02:14.587+0000] {task_command.py:467} INFO - Running <TaskInstance: branch_dim_gen.generate_branch_dim_data scheduled__2024-10-02T00:00:00+00:00 [running]> on host 2c1cd59afcc0
[2025-02-08T19:02:14.814+0000] {taskinstance.py:3131} INFO - Exporting env vars: AIRFLOW_CTX_DAG_OWNER='Saleh' AIRFLOW_CTX_DAG_ID='branch_dim_gen' AIRFLOW_CTX_TASK_ID='generate_branch_dim_data' AIRFLOW_CTX_EXECUTION_DATE='2024-10-02T00:00:00+00:00' AIRFLOW_CTX_TRY_NUMBER='1' AIRFLOW_CTX_DAG_RUN_ID='scheduled__2024-10-02T00:00:00+00:00'
[2025-02-08T19:02:14.815+0000] {taskinstance.py:731} INFO - ::endgroup::
[2025-02-08T19:02:14.841+0000] {logging_mixin.py:190} INFO - CSV file './branch_dim_large_data.csv' with 50 rows has been generated successfully.
[2025-02-08T19:02:14.841+0000] {python.py:240} INFO - Done. Returned value was: None
[2025-02-08T19:02:14.852+0000] {taskinstance.py:340} INFO - ::group::Post task execution logs
[2025-02-08T19:02:14.853+0000] {taskinstance.py:352} INFO - Marking task as SUCCESS. dag_id=branch_dim_gen, task_id=generate_branch_dim_data, run_id=scheduled__2024-10-02T00:00:00+00:00, execution_date=20241002T000000, start_date=20250208T190214, end_date=20250208T190214
[2025-02-08T19:02:14.915+0000] {local_task_job_runner.py:266} INFO - Task exited with return code 0
[2025-02-08T19:02:14.940+0000] {taskinstance.py:3900} INFO - 0 downstream tasks scheduled from follow-on schedule check
[2025-02-08T19:02:14.955+0000] {local_task_job_runner.py:245} INFO - ::endgroup::
[2025-02-08T20:39:52.094+0000] {local_task_job_runner.py:123} INFO - ::group::Pre task execution logs
[2025-02-08T20:39:52.110+0000] {taskinstance.py:2612} INFO - Dependencies all met for dep_context=non-requeueable deps ti=<TaskInstance: branch_dim_gen.generate_branch_dim_data scheduled__2024-10-02T00:00:00+00:00 [queued]>
[2025-02-08T20:39:52.122+0000] {taskinstance.py:2612} INFO - Dependencies all met for dep_context=requeueable deps ti=<TaskInstance: branch_dim_gen.generate_branch_dim_data scheduled__2024-10-02T00:00:00+00:00 [queued]>
[2025-02-08T20:39:52.125+0000] {taskinstance.py:2865} INFO - Starting attempt 1 of 1
[2025-02-08T20:39:52.142+0000] {taskinstance.py:2888} INFO - Executing <Task(PythonOperator): generate_branch_dim_data> on 2024-10-02 00:00:00+00:00
[2025-02-08T20:39:52.154+0000] {logging_mixin.py:190} WARNING - /home/***/.local/lib/python3.12/site-packages/***/task/task_runner/standard_task_runner.py:70 DeprecationWarning: This process (pid=809) is multi-threaded, use of fork() may lead to deadlocks in the child.
[2025-02-08T20:39:52.159+0000] {standard_task_runner.py:72} INFO - Started process 836 to run task
[2025-02-08T20:39:52.162+0000] {standard_task_runner.py:104} INFO - Running: ['***', 'tasks', 'run', 'branch_dim_gen', 'generate_branch_dim_data', 'scheduled__2024-10-02T00:00:00+00:00', '--job-id', '60', '--raw', '--subdir', 'DAGS_FOLDER/brnach_dim_gen.py', '--cfg-path', '/tmp/tmpp2s9qabr']
[2025-02-08T20:39:52.165+0000] {standard_task_runner.py:105} INFO - Job 60: Subtask generate_branch_dim_data
[2025-02-08T20:39:52.246+0000] {task_command.py:467} INFO - Running <TaskInstance: branch_dim_gen.generate_branch_dim_data scheduled__2024-10-02T00:00:00+00:00 [running]> on host 7e959c1a2a8b
[2025-02-08T20:39:52.397+0000] {taskinstance.py:3131} INFO - Exporting env vars: AIRFLOW_CTX_DAG_OWNER='Saleh' AIRFLOW_CTX_DAG_ID='branch_dim_gen' AIRFLOW_CTX_TASK_ID='generate_branch_dim_data' AIRFLOW_CTX_EXECUTION_DATE='2024-10-02T00:00:00+00:00' AIRFLOW_CTX_TRY_NUMBER='1' AIRFLOW_CTX_DAG_RUN_ID='scheduled__2024-10-02T00:00:00+00:00'
[2025-02-08T20:39:52.400+0000] {taskinstance.py:731} INFO - ::endgroup::
[2025-02-08T20:39:52.423+0000] {logging_mixin.py:190} INFO - CSV file './branch_dim_large_data.csv' with 50 rows has been generated successfully.
[2025-02-08T20:39:52.423+0000] {python.py:240} INFO - Done. Returned value was: None
[2025-02-08T20:39:52.435+0000] {taskinstance.py:340} INFO - ::group::Post task execution logs
[2025-02-08T20:39:52.436+0000] {taskinstance.py:352} INFO - Marking task as SUCCESS. dag_id=branch_dim_gen, task_id=generate_branch_dim_data, run_id=scheduled__2024-10-02T00:00:00+00:00, execution_date=20241002T000000, start_date=20250208T203952, end_date=20250208T203952
[2025-02-08T20:39:52.498+0000] {local_task_job_runner.py:266} INFO - Task exited with return code 0
[2025-02-08T20:39:52.529+0000] {taskinstance.py:3900} INFO - 0 downstream tasks scheduled from follow-on schedule check
[2025-02-08T20:39:52.534+0000] {local_task_job_runner.py:245} INFO - ::endgroup::
