[2025-02-08T19:00:26.251+0000] {local_task_job_runner.py:123} INFO - ::group::Pre task execution logs
[2025-02-08T19:00:26.265+0000] {taskinstance.py:2612} INFO - Dependencies all met for dep_context=non-requeueable deps ti=<TaskInstance: account_dim_gen.generate_account_dim_data scheduled__2024-11-04T00:00:00+00:00 [queued]>
[2025-02-08T19:00:26.272+0000] {taskinstance.py:2612} INFO - Dependencies all met for dep_context=requeueable deps ti=<TaskInstance: account_dim_gen.generate_account_dim_data scheduled__2024-11-04T00:00:00+00:00 [queued]>
[2025-02-08T19:00:26.272+0000] {taskinstance.py:2865} INFO - Starting attempt 1 of 1
[2025-02-08T19:00:26.283+0000] {taskinstance.py:2888} INFO - Executing <Task(PythonOperator): generate_account_dim_data> on 2024-11-04 00:00:00+00:00
[2025-02-08T19:00:26.290+0000] {logging_mixin.py:190} WARNING - /home/***/.local/lib/python3.12/site-packages/***/task/task_runner/standard_task_runner.py:70 DeprecationWarning: This process (pid=689) is multi-threaded, use of fork() may lead to deadlocks in the child.
[2025-02-08T19:00:26.291+0000] {standard_task_runner.py:72} INFO - Started process 703 to run task
[2025-02-08T19:00:26.290+0000] {standard_task_runner.py:104} INFO - Running: ['***', 'tasks', 'run', 'account_dim_gen', 'generate_account_dim_data', 'scheduled__2024-11-04T00:00:00+00:00', '--job-id', '59', '--raw', '--subdir', 'DAGS_FOLDER/account_dim_gen.py', '--cfg-path', '/tmp/tmp1cwr6zpf']
[2025-02-08T19:00:26.292+0000] {standard_task_runner.py:105} INFO - Job 59: Subtask generate_account_dim_data
[2025-02-08T19:00:26.328+0000] {task_command.py:467} INFO - Running <TaskInstance: account_dim_gen.generate_account_dim_data scheduled__2024-11-04T00:00:00+00:00 [running]> on host 2c1cd59afcc0
[2025-02-08T19:00:26.401+0000] {taskinstance.py:3131} INFO - Exporting env vars: AIRFLOW_CTX_DAG_OWNER='Saleh' AIRFLOW_CTX_DAG_ID='account_dim_gen' AIRFLOW_CTX_TASK_ID='generate_account_dim_data' AIRFLOW_CTX_EXECUTION_DATE='2024-11-04T00:00:00+00:00' AIRFLOW_CTX_TRY_NUMBER='1' AIRFLOW_CTX_DAG_RUN_ID='scheduled__2024-11-04T00:00:00+00:00'
[2025-02-08T19:00:26.402+0000] {taskinstance.py:731} INFO - ::endgroup::
[2025-02-08T19:00:26.417+0000] {logging_mixin.py:190} INFO - CSV file ./account_dim_large_data.csv with 50 row has been generated successfully!
[2025-02-08T19:00:26.417+0000] {python.py:240} INFO - Done. Returned value was: None
[2025-02-08T19:00:26.423+0000] {taskinstance.py:340} INFO - ::group::Post task execution logs
[2025-02-08T19:00:26.424+0000] {taskinstance.py:352} INFO - Marking task as SUCCESS. dag_id=account_dim_gen, task_id=generate_account_dim_data, run_id=scheduled__2024-11-04T00:00:00+00:00, execution_date=20241104T000000, start_date=20250208T190026, end_date=20250208T190026
[2025-02-08T19:00:26.465+0000] {local_task_job_runner.py:266} INFO - Task exited with return code 0
[2025-02-08T19:00:26.478+0000] {taskinstance.py:3900} INFO - 0 downstream tasks scheduled from follow-on schedule check
[2025-02-08T19:00:26.479+0000] {local_task_job_runner.py:245} INFO - ::endgroup::
[2025-02-08T20:40:22.433+0000] {local_task_job_runner.py:123} INFO - ::group::Pre task execution logs
[2025-02-08T20:40:22.468+0000] {taskinstance.py:2612} INFO - Dependencies all met for dep_context=non-requeueable deps ti=<TaskInstance: account_dim_gen.generate_account_dim_data scheduled__2024-11-04T00:00:00+00:00 [queued]>
[2025-02-08T20:40:22.482+0000] {taskinstance.py:2612} INFO - Dependencies all met for dep_context=requeueable deps ti=<TaskInstance: account_dim_gen.generate_account_dim_data scheduled__2024-11-04T00:00:00+00:00 [queued]>
[2025-02-08T20:40:22.482+0000] {taskinstance.py:2865} INFO - Starting attempt 1 of 1
[2025-02-08T20:40:22.514+0000] {taskinstance.py:2888} INFO - Executing <Task(PythonOperator): generate_account_dim_data> on 2024-11-04 00:00:00+00:00
[2025-02-08T20:40:22.529+0000] {logging_mixin.py:190} WARNING - /home/***/.local/lib/python3.12/site-packages/***/task/task_runner/standard_task_runner.py:70 DeprecationWarning: This process (pid=1217) is multi-threaded, use of fork() may lead to deadlocks in the child.
[2025-02-08T20:40:22.527+0000] {standard_task_runner.py:104} INFO - Running: ['***', 'tasks', 'run', 'account_dim_gen', 'generate_account_dim_data', 'scheduled__2024-11-04T00:00:00+00:00', '--job-id', '156', '--raw', '--subdir', 'DAGS_FOLDER/account_dim_gen.py', '--cfg-path', '/tmp/tmpugq5bvub']
[2025-02-08T20:40:22.552+0000] {standard_task_runner.py:105} INFO - Job 156: Subtask generate_account_dim_data
[2025-02-08T20:40:22.551+0000] {standard_task_runner.py:72} INFO - Started process 1254 to run task
[2025-02-08T20:40:22.662+0000] {task_command.py:467} INFO - Running <TaskInstance: account_dim_gen.generate_account_dim_data scheduled__2024-11-04T00:00:00+00:00 [running]> on host 7e959c1a2a8b
[2025-02-08T20:40:22.839+0000] {taskinstance.py:3131} INFO - Exporting env vars: AIRFLOW_CTX_DAG_OWNER='Saleh' AIRFLOW_CTX_DAG_ID='account_dim_gen' AIRFLOW_CTX_TASK_ID='generate_account_dim_data' AIRFLOW_CTX_EXECUTION_DATE='2024-11-04T00:00:00+00:00' AIRFLOW_CTX_TRY_NUMBER='1' AIRFLOW_CTX_DAG_RUN_ID='scheduled__2024-11-04T00:00:00+00:00'
[2025-02-08T20:40:22.844+0000] {taskinstance.py:731} INFO - ::endgroup::
[2025-02-08T20:40:22.878+0000] {logging_mixin.py:190} INFO - CSV file ./account_dim_large_data.csv with 50 row has been generated successfully!
[2025-02-08T20:40:22.883+0000] {python.py:240} INFO - Done. Returned value was: None
[2025-02-08T20:40:22.908+0000] {taskinstance.py:340} INFO - ::group::Post task execution logs
[2025-02-08T20:40:22.916+0000] {taskinstance.py:352} INFO - Marking task as SUCCESS. dag_id=account_dim_gen, task_id=generate_account_dim_data, run_id=scheduled__2024-11-04T00:00:00+00:00, execution_date=20241104T000000, start_date=20250208T204022, end_date=20250208T204022
[2025-02-08T20:40:22.994+0000] {local_task_job_runner.py:266} INFO - Task exited with return code 0
[2025-02-08T20:40:23.021+0000] {local_task_job_runner.py:245} INFO - ::endgroup::
