[2025-02-08T19:03:08.668+0000] {local_task_job_runner.py:123} INFO - ::group::Pre task execution logs
[2025-02-08T19:03:08.685+0000] {taskinstance.py:2612} INFO - Dependencies all met for dep_context=non-requeueable deps ti=<TaskInstance: branch_dim_gen.generate_branch_dim_data scheduled__2024-12-18T00:00:00+00:00 [queued]>
[2025-02-08T19:03:08.696+0000] {taskinstance.py:2612} INFO - Dependencies all met for dep_context=requeueable deps ti=<TaskInstance: branch_dim_gen.generate_branch_dim_data scheduled__2024-12-18T00:00:00+00:00 [queued]>
[2025-02-08T19:03:08.697+0000] {taskinstance.py:2865} INFO - Starting attempt 1 of 1
[2025-02-08T19:03:08.721+0000] {taskinstance.py:2888} INFO - Executing <Task(PythonOperator): generate_branch_dim_data> on 2024-12-18 00:00:00+00:00
[2025-02-08T19:03:08.732+0000] {logging_mixin.py:190} WARNING - /home/***/.local/lib/python3.12/site-packages/***/task/task_runner/standard_task_runner.py:70 DeprecationWarning: This process (pid=1951) is multi-threaded, use of fork() may lead to deadlocks in the child.
[2025-02-08T19:03:08.732+0000] {standard_task_runner.py:104} INFO - Running: ['***', 'tasks', 'run', 'branch_dim_gen', 'generate_branch_dim_data', 'scheduled__2024-12-18T00:00:00+00:00', '--job-id', '346', '--raw', '--subdir', 'DAGS_FOLDER/brnach_dim_gen.py', '--cfg-path', '/tmp/tmpney1lo5_']
[2025-02-08T19:03:08.735+0000] {standard_task_runner.py:105} INFO - Job 346: Subtask generate_branch_dim_data
[2025-02-08T19:03:08.736+0000] {standard_task_runner.py:72} INFO - Started process 1983 to run task
[2025-02-08T19:03:08.797+0000] {task_command.py:467} INFO - Running <TaskInstance: branch_dim_gen.generate_branch_dim_data scheduled__2024-12-18T00:00:00+00:00 [running]> on host 2c1cd59afcc0
[2025-02-08T19:03:08.909+0000] {taskinstance.py:3131} INFO - Exporting env vars: AIRFLOW_CTX_DAG_OWNER='Saleh' AIRFLOW_CTX_DAG_ID='branch_dim_gen' AIRFLOW_CTX_TASK_ID='generate_branch_dim_data' AIRFLOW_CTX_EXECUTION_DATE='2024-12-18T00:00:00+00:00' AIRFLOW_CTX_TRY_NUMBER='1' AIRFLOW_CTX_DAG_RUN_ID='scheduled__2024-12-18T00:00:00+00:00'
[2025-02-08T19:03:08.911+0000] {taskinstance.py:731} INFO - ::endgroup::
[2025-02-08T19:03:08.936+0000] {logging_mixin.py:190} INFO - CSV file './branch_dim_large_data.csv' with 50 rows has been generated successfully.
[2025-02-08T19:03:08.937+0000] {python.py:240} INFO - Done. Returned value was: None
[2025-02-08T19:03:08.953+0000] {taskinstance.py:340} INFO - ::group::Post task execution logs
[2025-02-08T19:03:08.954+0000] {taskinstance.py:352} INFO - Marking task as SUCCESS. dag_id=branch_dim_gen, task_id=generate_branch_dim_data, run_id=scheduled__2024-12-18T00:00:00+00:00, execution_date=20241218T000000, start_date=20250208T190308, end_date=20250208T190308
[2025-02-08T19:03:08.999+0000] {local_task_job_runner.py:266} INFO - Task exited with return code 0
[2025-02-08T19:03:09.019+0000] {taskinstance.py:3900} INFO - 0 downstream tasks scheduled from follow-on schedule check
[2025-02-08T19:03:09.025+0000] {local_task_job_runner.py:245} INFO - ::endgroup::
[2025-02-08T20:40:57.307+0000] {local_task_job_runner.py:123} INFO - ::group::Pre task execution logs
[2025-02-08T20:40:57.324+0000] {taskinstance.py:2612} INFO - Dependencies all met for dep_context=non-requeueable deps ti=<TaskInstance: branch_dim_gen.generate_branch_dim_data scheduled__2024-12-18T00:00:00+00:00 [queued]>
[2025-02-08T20:40:57.339+0000] {taskinstance.py:2612} INFO - Dependencies all met for dep_context=requeueable deps ti=<TaskInstance: branch_dim_gen.generate_branch_dim_data scheduled__2024-12-18T00:00:00+00:00 [queued]>
[2025-02-08T20:40:57.340+0000] {taskinstance.py:2865} INFO - Starting attempt 1 of 1
[2025-02-08T20:40:57.354+0000] {taskinstance.py:2888} INFO - Executing <Task(PythonOperator): generate_branch_dim_data> on 2024-12-18 00:00:00+00:00
[2025-02-08T20:40:57.367+0000] {logging_mixin.py:190} WARNING - /home/***/.local/lib/python3.12/site-packages/***/task/task_runner/standard_task_runner.py:70 DeprecationWarning: This process (pid=1791) is multi-threaded, use of fork() may lead to deadlocks in the child.
[2025-02-08T20:40:57.368+0000] {standard_task_runner.py:72} INFO - Started process 1817 to run task
[2025-02-08T20:40:57.370+0000] {standard_task_runner.py:104} INFO - Running: ['***', 'tasks', 'run', 'branch_dim_gen', 'generate_branch_dim_data', 'scheduled__2024-12-18T00:00:00+00:00', '--job-id', '288', '--raw', '--subdir', 'DAGS_FOLDER/brnach_dim_gen.py', '--cfg-path', '/tmp/tmp3bduo7mz']
[2025-02-08T20:40:57.372+0000] {standard_task_runner.py:105} INFO - Job 288: Subtask generate_branch_dim_data
[2025-02-08T20:40:57.428+0000] {task_command.py:467} INFO - Running <TaskInstance: branch_dim_gen.generate_branch_dim_data scheduled__2024-12-18T00:00:00+00:00 [running]> on host 7e959c1a2a8b
[2025-02-08T20:40:57.536+0000] {taskinstance.py:3131} INFO - Exporting env vars: AIRFLOW_CTX_DAG_OWNER='Saleh' AIRFLOW_CTX_DAG_ID='branch_dim_gen' AIRFLOW_CTX_TASK_ID='generate_branch_dim_data' AIRFLOW_CTX_EXECUTION_DATE='2024-12-18T00:00:00+00:00' AIRFLOW_CTX_TRY_NUMBER='1' AIRFLOW_CTX_DAG_RUN_ID='scheduled__2024-12-18T00:00:00+00:00'
[2025-02-08T20:40:57.540+0000] {taskinstance.py:731} INFO - ::endgroup::
[2025-02-08T20:40:57.579+0000] {logging_mixin.py:190} INFO - CSV file './branch_dim_large_data.csv' with 50 rows has been generated successfully.
[2025-02-08T20:40:57.580+0000] {python.py:240} INFO - Done. Returned value was: None
[2025-02-08T20:40:57.590+0000] {taskinstance.py:340} INFO - ::group::Post task execution logs
[2025-02-08T20:40:57.590+0000] {taskinstance.py:352} INFO - Marking task as SUCCESS. dag_id=branch_dim_gen, task_id=generate_branch_dim_data, run_id=scheduled__2024-12-18T00:00:00+00:00, execution_date=20241218T000000, start_date=20250208T204057, end_date=20250208T204057
[2025-02-08T20:40:57.631+0000] {local_task_job_runner.py:266} INFO - Task exited with return code 0
[2025-02-08T20:40:57.648+0000] {taskinstance.py:3900} INFO - 0 downstream tasks scheduled from follow-on schedule check
[2025-02-08T20:40:57.650+0000] {local_task_job_runner.py:245} INFO - ::endgroup::
