[2025-02-08T19:03:14.994+0000] {local_task_job_runner.py:123} INFO - ::group::Pre task execution logs
[2025-02-08T19:03:15.015+0000] {taskinstance.py:2612} INFO - Dependencies all met for dep_context=non-requeueable deps ti=<TaskInstance: branch_dim_gen.generate_branch_dim_data scheduled__2024-12-25T00:00:00+00:00 [queued]>
[2025-02-08T19:03:15.029+0000] {taskinstance.py:2612} INFO - Dependencies all met for dep_context=requeueable deps ti=<TaskInstance: branch_dim_gen.generate_branch_dim_data scheduled__2024-12-25T00:00:00+00:00 [queued]>
[2025-02-08T19:03:15.030+0000] {taskinstance.py:2865} INFO - Starting attempt 1 of 1
[2025-02-08T19:03:15.045+0000] {taskinstance.py:2888} INFO - Executing <Task(PythonOperator): generate_branch_dim_data> on 2024-12-25 00:00:00+00:00
[2025-02-08T19:03:15.060+0000] {logging_mixin.py:190} WARNING - /home/***/.local/lib/python3.12/site-packages/***/task/task_runner/standard_task_runner.py:70 DeprecationWarning: This process (pid=2026) is multi-threaded, use of fork() may lead to deadlocks in the child.
[2025-02-08T19:03:15.062+0000] {standard_task_runner.py:72} INFO - Started process 2055 to run task
[2025-02-08T19:03:15.067+0000] {standard_task_runner.py:104} INFO - Running: ['***', 'tasks', 'run', 'branch_dim_gen', 'generate_branch_dim_data', 'scheduled__2024-12-25T00:00:00+00:00', '--job-id', '360', '--raw', '--subdir', 'DAGS_FOLDER/brnach_dim_gen.py', '--cfg-path', '/tmp/tmpeewr1v60']
[2025-02-08T19:03:15.070+0000] {standard_task_runner.py:105} INFO - Job 360: Subtask generate_branch_dim_data
[2025-02-08T19:03:15.131+0000] {task_command.py:467} INFO - Running <TaskInstance: branch_dim_gen.generate_branch_dim_data scheduled__2024-12-25T00:00:00+00:00 [running]> on host 2c1cd59afcc0
[2025-02-08T19:03:15.247+0000] {taskinstance.py:3131} INFO - Exporting env vars: AIRFLOW_CTX_DAG_OWNER='Saleh' AIRFLOW_CTX_DAG_ID='branch_dim_gen' AIRFLOW_CTX_TASK_ID='generate_branch_dim_data' AIRFLOW_CTX_EXECUTION_DATE='2024-12-25T00:00:00+00:00' AIRFLOW_CTX_TRY_NUMBER='1' AIRFLOW_CTX_DAG_RUN_ID='scheduled__2024-12-25T00:00:00+00:00'
[2025-02-08T19:03:15.251+0000] {taskinstance.py:731} INFO - ::endgroup::
[2025-02-08T19:03:15.286+0000] {logging_mixin.py:190} INFO - CSV file './branch_dim_large_data.csv' with 50 rows has been generated successfully.
[2025-02-08T19:03:15.288+0000] {python.py:240} INFO - Done. Returned value was: None
[2025-02-08T19:03:15.299+0000] {taskinstance.py:340} INFO - ::group::Post task execution logs
[2025-02-08T19:03:15.300+0000] {taskinstance.py:352} INFO - Marking task as SUCCESS. dag_id=branch_dim_gen, task_id=generate_branch_dim_data, run_id=scheduled__2024-12-25T00:00:00+00:00, execution_date=20241225T000000, start_date=20250208T190315, end_date=20250208T190315
[2025-02-08T19:03:15.360+0000] {local_task_job_runner.py:266} INFO - Task exited with return code 0
[2025-02-08T19:03:15.367+0000] {local_task_job_runner.py:245} INFO - ::endgroup::
[2025-02-08T20:41:02.108+0000] {local_task_job_runner.py:123} INFO - ::group::Pre task execution logs
[2025-02-08T20:41:02.132+0000] {taskinstance.py:2612} INFO - Dependencies all met for dep_context=non-requeueable deps ti=<TaskInstance: branch_dim_gen.generate_branch_dim_data scheduled__2024-12-25T00:00:00+00:00 [queued]>
[2025-02-08T20:41:02.170+0000] {taskinstance.py:2612} INFO - Dependencies all met for dep_context=requeueable deps ti=<TaskInstance: branch_dim_gen.generate_branch_dim_data scheduled__2024-12-25T00:00:00+00:00 [queued]>
[2025-02-08T20:41:02.171+0000] {taskinstance.py:2865} INFO - Starting attempt 1 of 1
[2025-02-08T20:41:02.207+0000] {taskinstance.py:2888} INFO - Executing <Task(PythonOperator): generate_branch_dim_data> on 2024-12-25 00:00:00+00:00
[2025-02-08T20:41:02.221+0000] {logging_mixin.py:190} WARNING - /home/***/.local/lib/python3.12/site-packages/***/task/task_runner/standard_task_runner.py:70 DeprecationWarning: This process (pid=1869) is multi-threaded, use of fork() may lead to deadlocks in the child.
[2025-02-08T20:41:02.223+0000] {standard_task_runner.py:72} INFO - Started process 1904 to run task
[2025-02-08T20:41:02.223+0000] {standard_task_runner.py:104} INFO - Running: ['***', 'tasks', 'run', 'branch_dim_gen', 'generate_branch_dim_data', 'scheduled__2024-12-25T00:00:00+00:00', '--job-id', '308', '--raw', '--subdir', 'DAGS_FOLDER/brnach_dim_gen.py', '--cfg-path', '/tmp/tmpi2i2x5jk']
[2025-02-08T20:41:02.225+0000] {standard_task_runner.py:105} INFO - Job 308: Subtask generate_branch_dim_data
[2025-02-08T20:41:02.281+0000] {task_command.py:467} INFO - Running <TaskInstance: branch_dim_gen.generate_branch_dim_data scheduled__2024-12-25T00:00:00+00:00 [running]> on host 7e959c1a2a8b
[2025-02-08T20:41:02.406+0000] {taskinstance.py:3131} INFO - Exporting env vars: AIRFLOW_CTX_DAG_OWNER='Saleh' AIRFLOW_CTX_DAG_ID='branch_dim_gen' AIRFLOW_CTX_TASK_ID='generate_branch_dim_data' AIRFLOW_CTX_EXECUTION_DATE='2024-12-25T00:00:00+00:00' AIRFLOW_CTX_TRY_NUMBER='1' AIRFLOW_CTX_DAG_RUN_ID='scheduled__2024-12-25T00:00:00+00:00'
[2025-02-08T20:41:02.410+0000] {taskinstance.py:731} INFO - ::endgroup::
[2025-02-08T20:41:02.444+0000] {logging_mixin.py:190} INFO - CSV file './branch_dim_large_data.csv' with 50 rows has been generated successfully.
[2025-02-08T20:41:02.444+0000] {python.py:240} INFO - Done. Returned value was: None
[2025-02-08T20:41:02.458+0000] {taskinstance.py:340} INFO - ::group::Post task execution logs
[2025-02-08T20:41:02.460+0000] {taskinstance.py:352} INFO - Marking task as SUCCESS. dag_id=branch_dim_gen, task_id=generate_branch_dim_data, run_id=scheduled__2024-12-25T00:00:00+00:00, execution_date=20241225T000000, start_date=20250208T204102, end_date=20250208T204102
[2025-02-08T20:41:02.504+0000] {local_task_job_runner.py:266} INFO - Task exited with return code 0
[2025-02-08T20:41:02.520+0000] {local_task_job_runner.py:245} INFO - ::endgroup::
