[2025-02-08T19:00:52.682+0000] {local_task_job_runner.py:123} INFO - ::group::Pre task execution logs
[2025-02-08T19:00:52.693+0000] {taskinstance.py:2612} INFO - Dependencies all met for dep_context=non-requeueable deps ti=<TaskInstance: account_dim_gen.generate_account_dim_data scheduled__2024-12-23T00:00:00+00:00 [queued]>
[2025-02-08T19:00:52.700+0000] {taskinstance.py:2612} INFO - Dependencies all met for dep_context=requeueable deps ti=<TaskInstance: account_dim_gen.generate_account_dim_data scheduled__2024-12-23T00:00:00+00:00 [queued]>
[2025-02-08T19:00:52.701+0000] {taskinstance.py:2865} INFO - Starting attempt 1 of 1
[2025-02-08T19:00:52.711+0000] {taskinstance.py:2888} INFO - Executing <Task(PythonOperator): generate_account_dim_data> on 2024-12-23 00:00:00+00:00
[2025-02-08T19:00:52.719+0000] {logging_mixin.py:190} WARNING - /home/***/.local/lib/python3.12/site-packages/***/task/task_runner/standard_task_runner.py:70 DeprecationWarning: This process (pid=907) is multi-threaded, use of fork() may lead to deadlocks in the child.
[2025-02-08T19:00:52.720+0000] {standard_task_runner.py:72} INFO - Started process 919 to run task
[2025-02-08T19:00:52.719+0000] {standard_task_runner.py:104} INFO - Running: ['***', 'tasks', 'run', 'account_dim_gen', 'generate_account_dim_data', 'scheduled__2024-12-23T00:00:00+00:00', '--job-id', '108', '--raw', '--subdir', 'DAGS_FOLDER/account_dim_gen.py', '--cfg-path', '/tmp/tmpc4i0g1ih']
[2025-02-08T19:00:52.721+0000] {standard_task_runner.py:105} INFO - Job 108: Subtask generate_account_dim_data
[2025-02-08T19:00:52.754+0000] {task_command.py:467} INFO - Running <TaskInstance: account_dim_gen.generate_account_dim_data scheduled__2024-12-23T00:00:00+00:00 [running]> on host 2c1cd59afcc0
[2025-02-08T19:00:52.816+0000] {taskinstance.py:3131} INFO - Exporting env vars: AIRFLOW_CTX_DAG_OWNER='Saleh' AIRFLOW_CTX_DAG_ID='account_dim_gen' AIRFLOW_CTX_TASK_ID='generate_account_dim_data' AIRFLOW_CTX_EXECUTION_DATE='2024-12-23T00:00:00+00:00' AIRFLOW_CTX_TRY_NUMBER='1' AIRFLOW_CTX_DAG_RUN_ID='scheduled__2024-12-23T00:00:00+00:00'
[2025-02-08T19:00:52.817+0000] {taskinstance.py:731} INFO - ::endgroup::
[2025-02-08T19:00:52.833+0000] {logging_mixin.py:190} INFO - CSV file ./account_dim_large_data.csv with 50 row has been generated successfully!
[2025-02-08T19:00:52.833+0000] {python.py:240} INFO - Done. Returned value was: None
[2025-02-08T19:00:52.839+0000] {taskinstance.py:340} INFO - ::group::Post task execution logs
[2025-02-08T19:00:52.840+0000] {taskinstance.py:352} INFO - Marking task as SUCCESS. dag_id=account_dim_gen, task_id=generate_account_dim_data, run_id=scheduled__2024-12-23T00:00:00+00:00, execution_date=20241223T000000, start_date=20250208T190052, end_date=20250208T190052
[2025-02-08T19:00:52.854+0000] {local_task_job_runner.py:266} INFO - Task exited with return code 0
[2025-02-08T19:00:52.866+0000] {taskinstance.py:3900} INFO - 0 downstream tasks scheduled from follow-on schedule check
[2025-02-08T19:00:52.868+0000] {local_task_job_runner.py:245} INFO - ::endgroup::
[2025-02-08T20:41:01.632+0000] {local_task_job_runner.py:123} INFO - ::group::Pre task execution logs
[2025-02-08T20:41:01.672+0000] {taskinstance.py:2612} INFO - Dependencies all met for dep_context=non-requeueable deps ti=<TaskInstance: account_dim_gen.generate_account_dim_data scheduled__2024-12-23T00:00:00+00:00 [queued]>
[2025-02-08T20:41:01.682+0000] {taskinstance.py:2612} INFO - Dependencies all met for dep_context=requeueable deps ti=<TaskInstance: account_dim_gen.generate_account_dim_data scheduled__2024-12-23T00:00:00+00:00 [queued]>
[2025-02-08T20:41:01.683+0000] {taskinstance.py:2865} INFO - Starting attempt 1 of 1
[2025-02-08T20:41:01.709+0000] {taskinstance.py:2888} INFO - Executing <Task(PythonOperator): generate_account_dim_data> on 2024-12-23 00:00:00+00:00
[2025-02-08T20:41:01.725+0000] {logging_mixin.py:190} WARNING - /home/***/.local/lib/python3.12/site-packages/***/task/task_runner/standard_task_runner.py:70 DeprecationWarning: This process (pid=1859) is multi-threaded, use of fork() may lead to deadlocks in the child.
[2025-02-08T20:41:01.727+0000] {standard_task_runner.py:72} INFO - Started process 1894 to run task
[2025-02-08T20:41:01.731+0000] {standard_task_runner.py:104} INFO - Running: ['***', 'tasks', 'run', 'account_dim_gen', 'generate_account_dim_data', 'scheduled__2024-12-23T00:00:00+00:00', '--job-id', '306', '--raw', '--subdir', 'DAGS_FOLDER/account_dim_gen.py', '--cfg-path', '/tmp/tmp_nyx08u4']
[2025-02-08T20:41:01.734+0000] {standard_task_runner.py:105} INFO - Job 306: Subtask generate_account_dim_data
[2025-02-08T20:41:01.826+0000] {task_command.py:467} INFO - Running <TaskInstance: account_dim_gen.generate_account_dim_data scheduled__2024-12-23T00:00:00+00:00 [running]> on host 7e959c1a2a8b
[2025-02-08T20:41:01.998+0000] {taskinstance.py:3131} INFO - Exporting env vars: AIRFLOW_CTX_DAG_OWNER='Saleh' AIRFLOW_CTX_DAG_ID='account_dim_gen' AIRFLOW_CTX_TASK_ID='generate_account_dim_data' AIRFLOW_CTX_EXECUTION_DATE='2024-12-23T00:00:00+00:00' AIRFLOW_CTX_TRY_NUMBER='1' AIRFLOW_CTX_DAG_RUN_ID='scheduled__2024-12-23T00:00:00+00:00'
[2025-02-08T20:41:02.002+0000] {taskinstance.py:731} INFO - ::endgroup::
[2025-02-08T20:41:02.052+0000] {logging_mixin.py:190} INFO - CSV file ./account_dim_large_data.csv with 50 row has been generated successfully!
[2025-02-08T20:41:02.060+0000] {python.py:240} INFO - Done. Returned value was: None
[2025-02-08T20:41:02.083+0000] {taskinstance.py:340} INFO - ::group::Post task execution logs
[2025-02-08T20:41:02.084+0000] {taskinstance.py:352} INFO - Marking task as SUCCESS. dag_id=account_dim_gen, task_id=generate_account_dim_data, run_id=scheduled__2024-12-23T00:00:00+00:00, execution_date=20241223T000000, start_date=20250208T204101, end_date=20250208T204102
[2025-02-08T20:41:02.121+0000] {local_task_job_runner.py:266} INFO - Task exited with return code 0
[2025-02-08T20:41:02.131+0000] {local_task_job_runner.py:245} INFO - ::endgroup::
