[2025-02-08T19:02:36.556+0000] {local_task_job_runner.py:123} INFO - ::group::Pre task execution logs
[2025-02-08T19:02:36.574+0000] {taskinstance.py:2612} INFO - Dependencies all met for dep_context=non-requeueable deps ti=<TaskInstance: branch_dim_gen.generate_branch_dim_data scheduled__2024-10-27T00:00:00+00:00 [queued]>
[2025-02-08T19:02:36.585+0000] {taskinstance.py:2612} INFO - Dependencies all met for dep_context=requeueable deps ti=<TaskInstance: branch_dim_gen.generate_branch_dim_data scheduled__2024-10-27T00:00:00+00:00 [queued]>
[2025-02-08T19:02:36.585+0000] {taskinstance.py:2865} INFO - Starting attempt 1 of 1
[2025-02-08T19:02:36.603+0000] {taskinstance.py:2888} INFO - Executing <Task(PythonOperator): generate_branch_dim_data> on 2024-10-27 00:00:00+00:00
[2025-02-08T19:02:36.616+0000] {logging_mixin.py:190} WARNING - /home/***/.local/lib/python3.12/site-packages/***/task/task_runner/standard_task_runner.py:70 DeprecationWarning: This process (pid=1526) is multi-threaded, use of fork() may lead to deadlocks in the child.
[2025-02-08T19:02:36.617+0000] {standard_task_runner.py:104} INFO - Running: ['***', 'tasks', 'run', 'branch_dim_gen', 'generate_branch_dim_data', 'scheduled__2024-10-27T00:00:00+00:00', '--job-id', '241', '--raw', '--subdir', 'DAGS_FOLDER/brnach_dim_gen.py', '--cfg-path', '/tmp/tmpdqzmselw']
[2025-02-08T19:02:36.621+0000] {standard_task_runner.py:105} INFO - Job 241: Subtask generate_branch_dim_data
[2025-02-08T19:02:36.621+0000] {standard_task_runner.py:72} INFO - Started process 1545 to run task
[2025-02-08T19:02:36.681+0000] {task_command.py:467} INFO - Running <TaskInstance: branch_dim_gen.generate_branch_dim_data scheduled__2024-10-27T00:00:00+00:00 [running]> on host 2c1cd59afcc0
[2025-02-08T19:02:36.784+0000] {taskinstance.py:3131} INFO - Exporting env vars: AIRFLOW_CTX_DAG_OWNER='Saleh' AIRFLOW_CTX_DAG_ID='branch_dim_gen' AIRFLOW_CTX_TASK_ID='generate_branch_dim_data' AIRFLOW_CTX_EXECUTION_DATE='2024-10-27T00:00:00+00:00' AIRFLOW_CTX_TRY_NUMBER='1' AIRFLOW_CTX_DAG_RUN_ID='scheduled__2024-10-27T00:00:00+00:00'
[2025-02-08T19:02:36.792+0000] {taskinstance.py:731} INFO - ::endgroup::
[2025-02-08T19:02:36.818+0000] {logging_mixin.py:190} INFO - CSV file './branch_dim_large_data.csv' with 50 rows has been generated successfully.
[2025-02-08T19:02:36.820+0000] {python.py:240} INFO - Done. Returned value was: None
[2025-02-08T19:02:36.833+0000] {taskinstance.py:340} INFO - ::group::Post task execution logs
[2025-02-08T19:02:36.834+0000] {taskinstance.py:352} INFO - Marking task as SUCCESS. dag_id=branch_dim_gen, task_id=generate_branch_dim_data, run_id=scheduled__2024-10-27T00:00:00+00:00, execution_date=20241027T000000, start_date=20250208T190236, end_date=20250208T190236
[2025-02-08T19:02:36.882+0000] {local_task_job_runner.py:266} INFO - Task exited with return code 0
[2025-02-08T19:02:36.890+0000] {local_task_job_runner.py:245} INFO - ::endgroup::
[2025-02-08T20:40:15.766+0000] {local_task_job_runner.py:123} INFO - ::group::Pre task execution logs
[2025-02-08T20:40:15.807+0000] {taskinstance.py:2612} INFO - Dependencies all met for dep_context=non-requeueable deps ti=<TaskInstance: branch_dim_gen.generate_branch_dim_data scheduled__2024-10-27T00:00:00+00:00 [queued]>
[2025-02-08T20:40:15.821+0000] {taskinstance.py:2612} INFO - Dependencies all met for dep_context=requeueable deps ti=<TaskInstance: branch_dim_gen.generate_branch_dim_data scheduled__2024-10-27T00:00:00+00:00 [queued]>
[2025-02-08T20:40:15.822+0000] {taskinstance.py:2865} INFO - Starting attempt 1 of 1
[2025-02-08T20:40:15.848+0000] {taskinstance.py:2888} INFO - Executing <Task(PythonOperator): generate_branch_dim_data> on 2024-10-27 00:00:00+00:00
[2025-02-08T20:40:15.863+0000] {logging_mixin.py:190} WARNING - /home/***/.local/lib/python3.12/site-packages/***/task/task_runner/standard_task_runner.py:70 DeprecationWarning: This process (pid=1144) is multi-threaded, use of fork() may lead to deadlocks in the child.
[2025-02-08T20:40:15.864+0000] {standard_task_runner.py:72} INFO - Started process 1173 to run task
[2025-02-08T20:40:15.865+0000] {standard_task_runner.py:104} INFO - Running: ['***', 'tasks', 'run', 'branch_dim_gen', 'generate_branch_dim_data', 'scheduled__2024-10-27T00:00:00+00:00', '--job-id', '135', '--raw', '--subdir', 'DAGS_FOLDER/brnach_dim_gen.py', '--cfg-path', '/tmp/tmp0f063jv2']
[2025-02-08T20:40:15.869+0000] {standard_task_runner.py:105} INFO - Job 135: Subtask generate_branch_dim_data
[2025-02-08T20:40:15.931+0000] {task_command.py:467} INFO - Running <TaskInstance: branch_dim_gen.generate_branch_dim_data scheduled__2024-10-27T00:00:00+00:00 [running]> on host 7e959c1a2a8b
[2025-02-08T20:40:16.048+0000] {taskinstance.py:3131} INFO - Exporting env vars: AIRFLOW_CTX_DAG_OWNER='Saleh' AIRFLOW_CTX_DAG_ID='branch_dim_gen' AIRFLOW_CTX_TASK_ID='generate_branch_dim_data' AIRFLOW_CTX_EXECUTION_DATE='2024-10-27T00:00:00+00:00' AIRFLOW_CTX_TRY_NUMBER='1' AIRFLOW_CTX_DAG_RUN_ID='scheduled__2024-10-27T00:00:00+00:00'
[2025-02-08T20:40:16.059+0000] {taskinstance.py:731} INFO - ::endgroup::
[2025-02-08T20:40:16.086+0000] {logging_mixin.py:190} INFO - CSV file './branch_dim_large_data.csv' with 50 rows has been generated successfully.
[2025-02-08T20:40:16.087+0000] {python.py:240} INFO - Done. Returned value was: None
[2025-02-08T20:40:16.100+0000] {taskinstance.py:340} INFO - ::group::Post task execution logs
[2025-02-08T20:40:16.100+0000] {taskinstance.py:352} INFO - Marking task as SUCCESS. dag_id=branch_dim_gen, task_id=generate_branch_dim_data, run_id=scheduled__2024-10-27T00:00:00+00:00, execution_date=20241027T000000, start_date=20250208T204015, end_date=20250208T204016
[2025-02-08T20:40:16.139+0000] {local_task_job_runner.py:266} INFO - Task exited with return code 0
[2025-02-08T20:40:16.160+0000] {taskinstance.py:3900} INFO - 0 downstream tasks scheduled from follow-on schedule check
[2025-02-08T20:40:16.168+0000] {local_task_job_runner.py:245} INFO - ::endgroup::
