[2025-02-08T19:02:14.023+0000] {local_task_job_runner.py:123} INFO - ::group::Pre task execution logs
[2025-02-08T19:02:14.054+0000] {taskinstance.py:2612} INFO - Dependencies all met for dep_context=non-requeueable deps ti=<TaskInstance: branch_dim_gen.generate_branch_dim_data scheduled__2024-10-01T00:00:00+00:00 [queued]>
[2025-02-08T19:02:14.064+0000] {taskinstance.py:2612} INFO - Dependencies all met for dep_context=requeueable deps ti=<TaskInstance: branch_dim_gen.generate_branch_dim_data scheduled__2024-10-01T00:00:00+00:00 [queued]>
[2025-02-08T19:02:14.064+0000] {taskinstance.py:2865} INFO - Starting attempt 1 of 1
[2025-02-08T19:02:14.088+0000] {taskinstance.py:2888} INFO - Executing <Task(PythonOperator): generate_branch_dim_data> on 2024-10-01 00:00:00+00:00
[2025-02-08T19:02:14.100+0000] {logging_mixin.py:190} WARNING - /home/***/.local/lib/python3.12/site-packages/***/task/task_runner/standard_task_runner.py:70 DeprecationWarning: This process (pid=1299) is multi-threaded, use of fork() may lead to deadlocks in the child.
[2025-02-08T19:02:14.102+0000] {standard_task_runner.py:72} INFO - Started process 1325 to run task
[2025-02-08T19:02:14.101+0000] {standard_task_runner.py:104} INFO - Running: ['***', 'tasks', 'run', 'branch_dim_gen', 'generate_branch_dim_data', 'scheduled__2024-10-01T00:00:00+00:00', '--job-id', '190', '--raw', '--subdir', 'DAGS_FOLDER/brnach_dim_gen.py', '--cfg-path', '/tmp/tmpttm4uzkg']
[2025-02-08T19:02:14.104+0000] {standard_task_runner.py:105} INFO - Job 190: Subtask generate_branch_dim_data
[2025-02-08T19:02:14.194+0000] {task_command.py:467} INFO - Running <TaskInstance: branch_dim_gen.generate_branch_dim_data scheduled__2024-10-01T00:00:00+00:00 [running]> on host 2c1cd59afcc0
[2025-02-08T19:02:14.362+0000] {taskinstance.py:3131} INFO - Exporting env vars: AIRFLOW_CTX_DAG_OWNER='Saleh' AIRFLOW_CTX_DAG_ID='branch_dim_gen' AIRFLOW_CTX_TASK_ID='generate_branch_dim_data' AIRFLOW_CTX_EXECUTION_DATE='2024-10-01T00:00:00+00:00' AIRFLOW_CTX_TRY_NUMBER='1' AIRFLOW_CTX_DAG_RUN_ID='scheduled__2024-10-01T00:00:00+00:00'
[2025-02-08T19:02:14.365+0000] {taskinstance.py:731} INFO - ::endgroup::
[2025-02-08T19:02:14.400+0000] {logging_mixin.py:190} INFO - CSV file './branch_dim_large_data.csv' with 50 rows has been generated successfully.
[2025-02-08T19:02:14.408+0000] {python.py:240} INFO - Done. Returned value was: None
[2025-02-08T19:02:14.423+0000] {taskinstance.py:340} INFO - ::group::Post task execution logs
[2025-02-08T19:02:14.424+0000] {taskinstance.py:352} INFO - Marking task as SUCCESS. dag_id=branch_dim_gen, task_id=generate_branch_dim_data, run_id=scheduled__2024-10-01T00:00:00+00:00, execution_date=20241001T000000, start_date=20250208T190214, end_date=20250208T190214
[2025-02-08T19:02:14.490+0000] {local_task_job_runner.py:266} INFO - Task exited with return code 0
[2025-02-08T19:02:14.580+0000] {taskinstance.py:3900} INFO - 0 downstream tasks scheduled from follow-on schedule check
[2025-02-08T19:02:14.612+0000] {local_task_job_runner.py:245} INFO - ::endgroup::
[2025-02-08T20:39:51.865+0000] {local_task_job_runner.py:123} INFO - ::group::Pre task execution logs
[2025-02-08T20:39:51.896+0000] {taskinstance.py:2612} INFO - Dependencies all met for dep_context=non-requeueable deps ti=<TaskInstance: branch_dim_gen.generate_branch_dim_data scheduled__2024-10-01T00:00:00+00:00 [queued]>
[2025-02-08T20:39:51.905+0000] {taskinstance.py:2612} INFO - Dependencies all met for dep_context=requeueable deps ti=<TaskInstance: branch_dim_gen.generate_branch_dim_data scheduled__2024-10-01T00:00:00+00:00 [queued]>
[2025-02-08T20:39:51.905+0000] {taskinstance.py:2865} INFO - Starting attempt 1 of 1
[2025-02-08T20:39:51.926+0000] {taskinstance.py:2888} INFO - Executing <Task(PythonOperator): generate_branch_dim_data> on 2024-10-01 00:00:00+00:00
[2025-02-08T20:39:51.939+0000] {logging_mixin.py:190} WARNING - /home/***/.local/lib/python3.12/site-packages/***/task/task_runner/standard_task_runner.py:70 DeprecationWarning: This process (pid=799) is multi-threaded, use of fork() may lead to deadlocks in the child.
[2025-02-08T20:39:51.941+0000] {standard_task_runner.py:72} INFO - Started process 829 to run task
[2025-02-08T20:39:51.945+0000] {standard_task_runner.py:104} INFO - Running: ['***', 'tasks', 'run', 'branch_dim_gen', 'generate_branch_dim_data', 'scheduled__2024-10-01T00:00:00+00:00', '--job-id', '57', '--raw', '--subdir', 'DAGS_FOLDER/brnach_dim_gen.py', '--cfg-path', '/tmp/tmpzt_q0x82']
[2025-02-08T20:39:51.948+0000] {standard_task_runner.py:105} INFO - Job 57: Subtask generate_branch_dim_data
[2025-02-08T20:39:52.006+0000] {task_command.py:467} INFO - Running <TaskInstance: branch_dim_gen.generate_branch_dim_data scheduled__2024-10-01T00:00:00+00:00 [running]> on host 7e959c1a2a8b
[2025-02-08T20:39:52.103+0000] {taskinstance.py:3131} INFO - Exporting env vars: AIRFLOW_CTX_DAG_OWNER='Saleh' AIRFLOW_CTX_DAG_ID='branch_dim_gen' AIRFLOW_CTX_TASK_ID='generate_branch_dim_data' AIRFLOW_CTX_EXECUTION_DATE='2024-10-01T00:00:00+00:00' AIRFLOW_CTX_TRY_NUMBER='1' AIRFLOW_CTX_DAG_RUN_ID='scheduled__2024-10-01T00:00:00+00:00'
[2025-02-08T20:39:52.107+0000] {taskinstance.py:731} INFO - ::endgroup::
[2025-02-08T20:39:52.131+0000] {logging_mixin.py:190} INFO - CSV file './branch_dim_large_data.csv' with 50 rows has been generated successfully.
[2025-02-08T20:39:52.131+0000] {python.py:240} INFO - Done. Returned value was: None
[2025-02-08T20:39:52.151+0000] {taskinstance.py:340} INFO - ::group::Post task execution logs
[2025-02-08T20:39:52.152+0000] {taskinstance.py:352} INFO - Marking task as SUCCESS. dag_id=branch_dim_gen, task_id=generate_branch_dim_data, run_id=scheduled__2024-10-01T00:00:00+00:00, execution_date=20241001T000000, start_date=20250208T203951, end_date=20250208T203952
[2025-02-08T20:39:52.201+0000] {local_task_job_runner.py:266} INFO - Task exited with return code 0
[2025-02-08T20:39:52.231+0000] {local_task_job_runner.py:245} INFO - ::endgroup::
