[2025-02-08T19:03:27.901+0000] {local_task_job_runner.py:123} INFO - ::group::Pre task execution logs
[2025-02-08T19:03:27.917+0000] {taskinstance.py:2612} INFO - Dependencies all met for dep_context=non-requeueable deps ti=<TaskInstance: branch_dim_gen.generate_branch_dim_data scheduled__2025-01-15T00:00:00+00:00 [queued]>
[2025-02-08T19:03:27.928+0000] {taskinstance.py:2612} INFO - Dependencies all met for dep_context=requeueable deps ti=<TaskInstance: branch_dim_gen.generate_branch_dim_data scheduled__2025-01-15T00:00:00+00:00 [queued]>
[2025-02-08T19:03:27.929+0000] {taskinstance.py:2865} INFO - Starting attempt 1 of 1
[2025-02-08T19:03:27.942+0000] {taskinstance.py:2888} INFO - Executing <Task(PythonOperator): generate_branch_dim_data> on 2025-01-15 00:00:00+00:00
[2025-02-08T19:03:27.951+0000] {logging_mixin.py:190} WARNING - /home/***/.local/lib/python3.12/site-packages/***/task/task_runner/standard_task_runner.py:70 DeprecationWarning: This process (pid=2197) is multi-threaded, use of fork() may lead to deadlocks in the child.
[2025-02-08T19:03:27.952+0000] {standard_task_runner.py:72} INFO - Started process 2226 to run task
[2025-02-08T19:03:27.951+0000] {standard_task_runner.py:104} INFO - Running: ['***', 'tasks', 'run', 'branch_dim_gen', 'generate_branch_dim_data', 'scheduled__2025-01-15T00:00:00+00:00', '--job-id', '403', '--raw', '--subdir', 'DAGS_FOLDER/brnach_dim_gen.py', '--cfg-path', '/tmp/tmp3w3fhmcq']
[2025-02-08T19:03:27.954+0000] {standard_task_runner.py:105} INFO - Job 403: Subtask generate_branch_dim_data
[2025-02-08T19:03:28.003+0000] {task_command.py:467} INFO - Running <TaskInstance: branch_dim_gen.generate_branch_dim_data scheduled__2025-01-15T00:00:00+00:00 [running]> on host 2c1cd59afcc0
[2025-02-08T19:03:28.080+0000] {taskinstance.py:3131} INFO - Exporting env vars: AIRFLOW_CTX_DAG_OWNER='Saleh' AIRFLOW_CTX_DAG_ID='branch_dim_gen' AIRFLOW_CTX_TASK_ID='generate_branch_dim_data' AIRFLOW_CTX_EXECUTION_DATE='2025-01-15T00:00:00+00:00' AIRFLOW_CTX_TRY_NUMBER='1' AIRFLOW_CTX_DAG_RUN_ID='scheduled__2025-01-15T00:00:00+00:00'
[2025-02-08T19:03:28.081+0000] {taskinstance.py:731} INFO - ::endgroup::
[2025-02-08T19:03:28.100+0000] {logging_mixin.py:190} INFO - CSV file './branch_dim_large_data.csv' with 50 rows has been generated successfully.
[2025-02-08T19:03:28.101+0000] {python.py:240} INFO - Done. Returned value was: None
[2025-02-08T19:03:28.109+0000] {taskinstance.py:340} INFO - ::group::Post task execution logs
[2025-02-08T19:03:28.110+0000] {taskinstance.py:352} INFO - Marking task as SUCCESS. dag_id=branch_dim_gen, task_id=generate_branch_dim_data, run_id=scheduled__2025-01-15T00:00:00+00:00, execution_date=20250115T000000, start_date=20250208T190327, end_date=20250208T190328
[2025-02-08T19:03:28.131+0000] {local_task_job_runner.py:266} INFO - Task exited with return code 0
[2025-02-08T19:03:28.145+0000] {taskinstance.py:3900} INFO - 0 downstream tasks scheduled from follow-on schedule check
[2025-02-08T19:03:28.148+0000] {local_task_job_runner.py:245} INFO - ::endgroup::
[2025-02-08T20:41:20.950+0000] {local_task_job_runner.py:123} INFO - ::group::Pre task execution logs
[2025-02-08T20:41:20.966+0000] {taskinstance.py:2612} INFO - Dependencies all met for dep_context=non-requeueable deps ti=<TaskInstance: branch_dim_gen.generate_branch_dim_data scheduled__2025-01-15T00:00:00+00:00 [queued]>
[2025-02-08T20:41:20.973+0000] {taskinstance.py:2612} INFO - Dependencies all met for dep_context=requeueable deps ti=<TaskInstance: branch_dim_gen.generate_branch_dim_data scheduled__2025-01-15T00:00:00+00:00 [queued]>
[2025-02-08T20:41:20.973+0000] {taskinstance.py:2865} INFO - Starting attempt 1 of 1
[2025-02-08T20:41:20.986+0000] {taskinstance.py:2888} INFO - Executing <Task(PythonOperator): generate_branch_dim_data> on 2025-01-15 00:00:00+00:00
[2025-02-08T20:41:20.997+0000] {logging_mixin.py:190} WARNING - /home/***/.local/lib/python3.12/site-packages/***/task/task_runner/standard_task_runner.py:70 DeprecationWarning: This process (pid=2089) is multi-threaded, use of fork() may lead to deadlocks in the child.
[2025-02-08T20:41:20.998+0000] {standard_task_runner.py:72} INFO - Started process 2100 to run task
[2025-02-08T20:41:20.997+0000] {standard_task_runner.py:104} INFO - Running: ['***', 'tasks', 'run', 'branch_dim_gen', 'generate_branch_dim_data', 'scheduled__2025-01-15T00:00:00+00:00', '--job-id', '354', '--raw', '--subdir', 'DAGS_FOLDER/brnach_dim_gen.py', '--cfg-path', '/tmp/tmpw48o5kpj']
[2025-02-08T20:41:20.999+0000] {standard_task_runner.py:105} INFO - Job 354: Subtask generate_branch_dim_data
[2025-02-08T20:41:21.037+0000] {task_command.py:467} INFO - Running <TaskInstance: branch_dim_gen.generate_branch_dim_data scheduled__2025-01-15T00:00:00+00:00 [running]> on host 7e959c1a2a8b
[2025-02-08T20:41:21.131+0000] {taskinstance.py:3131} INFO - Exporting env vars: AIRFLOW_CTX_DAG_OWNER='Saleh' AIRFLOW_CTX_DAG_ID='branch_dim_gen' AIRFLOW_CTX_TASK_ID='generate_branch_dim_data' AIRFLOW_CTX_EXECUTION_DATE='2025-01-15T00:00:00+00:00' AIRFLOW_CTX_TRY_NUMBER='1' AIRFLOW_CTX_DAG_RUN_ID='scheduled__2025-01-15T00:00:00+00:00'
[2025-02-08T20:41:21.132+0000] {taskinstance.py:731} INFO - ::endgroup::
[2025-02-08T20:41:21.154+0000] {logging_mixin.py:190} INFO - CSV file './branch_dim_large_data.csv' with 50 rows has been generated successfully.
[2025-02-08T20:41:21.154+0000] {python.py:240} INFO - Done. Returned value was: None
[2025-02-08T20:41:21.163+0000] {taskinstance.py:340} INFO - ::group::Post task execution logs
[2025-02-08T20:41:21.164+0000] {taskinstance.py:352} INFO - Marking task as SUCCESS. dag_id=branch_dim_gen, task_id=generate_branch_dim_data, run_id=scheduled__2025-01-15T00:00:00+00:00, execution_date=20250115T000000, start_date=20250208T204120, end_date=20250208T204121
[2025-02-08T20:41:21.213+0000] {local_task_job_runner.py:266} INFO - Task exited with return code 0
[2025-02-08T20:41:21.228+0000] {taskinstance.py:3900} INFO - 0 downstream tasks scheduled from follow-on schedule check
[2025-02-08T20:41:21.231+0000] {local_task_job_runner.py:245} INFO - ::endgroup::
