[2025-02-08T19:02:29.674+0000] {local_task_job_runner.py:123} INFO - ::group::Pre task execution logs
[2025-02-08T19:02:29.727+0000] {taskinstance.py:2612} INFO - Dependencies all met for dep_context=non-requeueable deps ti=<TaskInstance: branch_dim_gen.generate_branch_dim_data scheduled__2024-10-21T00:00:00+00:00 [queued]>
[2025-02-08T19:02:29.755+0000] {taskinstance.py:2612} INFO - Dependencies all met for dep_context=requeueable deps ti=<TaskInstance: branch_dim_gen.generate_branch_dim_data scheduled__2024-10-21T00:00:00+00:00 [queued]>
[2025-02-08T19:02:29.758+0000] {taskinstance.py:2865} INFO - Starting attempt 1 of 1
[2025-02-08T19:02:29.781+0000] {taskinstance.py:2888} INFO - Executing <Task(PythonOperator): generate_branch_dim_data> on 2024-10-21 00:00:00+00:00
[2025-02-08T19:02:29.794+0000] {logging_mixin.py:190} WARNING - /home/***/.local/lib/python3.12/site-packages/***/task/task_runner/standard_task_runner.py:70 DeprecationWarning: This process (pid=1460) is multi-threaded, use of fork() may lead to deadlocks in the child.
[2025-02-08T19:02:29.796+0000] {standard_task_runner.py:72} INFO - Started process 1493 to run task
[2025-02-08T19:02:29.798+0000] {standard_task_runner.py:104} INFO - Running: ['***', 'tasks', 'run', 'branch_dim_gen', 'generate_branch_dim_data', 'scheduled__2024-10-21T00:00:00+00:00', '--job-id', '231', '--raw', '--subdir', 'DAGS_FOLDER/brnach_dim_gen.py', '--cfg-path', '/tmp/tmpxajw_9ez']
[2025-02-08T19:02:29.801+0000] {standard_task_runner.py:105} INFO - Job 231: Subtask generate_branch_dim_data
[2025-02-08T19:02:29.871+0000] {task_command.py:467} INFO - Running <TaskInstance: branch_dim_gen.generate_branch_dim_data scheduled__2024-10-21T00:00:00+00:00 [running]> on host 2c1cd59afcc0
[2025-02-08T19:02:30.009+0000] {taskinstance.py:3131} INFO - Exporting env vars: AIRFLOW_CTX_DAG_OWNER='Saleh' AIRFLOW_CTX_DAG_ID='branch_dim_gen' AIRFLOW_CTX_TASK_ID='generate_branch_dim_data' AIRFLOW_CTX_EXECUTION_DATE='2024-10-21T00:00:00+00:00' AIRFLOW_CTX_TRY_NUMBER='1' AIRFLOW_CTX_DAG_RUN_ID='scheduled__2024-10-21T00:00:00+00:00'
[2025-02-08T19:02:30.012+0000] {taskinstance.py:731} INFO - ::endgroup::
[2025-02-08T19:02:30.047+0000] {logging_mixin.py:190} INFO - CSV file './branch_dim_large_data.csv' with 50 rows has been generated successfully.
[2025-02-08T19:02:30.048+0000] {python.py:240} INFO - Done. Returned value was: None
[2025-02-08T19:02:30.061+0000] {taskinstance.py:340} INFO - ::group::Post task execution logs
[2025-02-08T19:02:30.062+0000] {taskinstance.py:352} INFO - Marking task as SUCCESS. dag_id=branch_dim_gen, task_id=generate_branch_dim_data, run_id=scheduled__2024-10-21T00:00:00+00:00, execution_date=20241021T000000, start_date=20250208T190229, end_date=20250208T190230
[2025-02-08T19:02:30.110+0000] {local_task_job_runner.py:266} INFO - Task exited with return code 0
[2025-02-08T19:02:30.132+0000] {taskinstance.py:3900} INFO - 0 downstream tasks scheduled from follow-on schedule check
[2025-02-08T19:02:30.135+0000] {local_task_job_runner.py:245} INFO - ::endgroup::
[2025-02-08T20:40:08.801+0000] {local_task_job_runner.py:123} INFO - ::group::Pre task execution logs
[2025-02-08T20:40:08.820+0000] {taskinstance.py:2612} INFO - Dependencies all met for dep_context=non-requeueable deps ti=<TaskInstance: branch_dim_gen.generate_branch_dim_data scheduled__2024-10-21T00:00:00+00:00 [queued]>
[2025-02-08T20:40:08.839+0000] {taskinstance.py:2612} INFO - Dependencies all met for dep_context=requeueable deps ti=<TaskInstance: branch_dim_gen.generate_branch_dim_data scheduled__2024-10-21T00:00:00+00:00 [queued]>
[2025-02-08T20:40:08.844+0000] {taskinstance.py:2865} INFO - Starting attempt 1 of 1
[2025-02-08T20:40:08.866+0000] {taskinstance.py:2888} INFO - Executing <Task(PythonOperator): generate_branch_dim_data> on 2024-10-21 00:00:00+00:00
[2025-02-08T20:40:08.878+0000] {logging_mixin.py:190} WARNING - /home/***/.local/lib/python3.12/site-packages/***/task/task_runner/standard_task_runner.py:70 DeprecationWarning: This process (pid=1047) is multi-threaded, use of fork() may lead to deadlocks in the child.
[2025-02-08T20:40:08.880+0000] {standard_task_runner.py:72} INFO - Started process 1075 to run task
[2025-02-08T20:40:08.878+0000] {standard_task_runner.py:104} INFO - Running: ['***', 'tasks', 'run', 'branch_dim_gen', 'generate_branch_dim_data', 'scheduled__2024-10-21T00:00:00+00:00', '--job-id', '117', '--raw', '--subdir', 'DAGS_FOLDER/brnach_dim_gen.py', '--cfg-path', '/tmp/tmpeorfau6r']
[2025-02-08T20:40:08.881+0000] {standard_task_runner.py:105} INFO - Job 117: Subtask generate_branch_dim_data
[2025-02-08T20:40:08.942+0000] {task_command.py:467} INFO - Running <TaskInstance: branch_dim_gen.generate_branch_dim_data scheduled__2024-10-21T00:00:00+00:00 [running]> on host 7e959c1a2a8b
[2025-02-08T20:40:09.061+0000] {taskinstance.py:3131} INFO - Exporting env vars: AIRFLOW_CTX_DAG_OWNER='Saleh' AIRFLOW_CTX_DAG_ID='branch_dim_gen' AIRFLOW_CTX_TASK_ID='generate_branch_dim_data' AIRFLOW_CTX_EXECUTION_DATE='2024-10-21T00:00:00+00:00' AIRFLOW_CTX_TRY_NUMBER='1' AIRFLOW_CTX_DAG_RUN_ID='scheduled__2024-10-21T00:00:00+00:00'
[2025-02-08T20:40:09.062+0000] {taskinstance.py:731} INFO - ::endgroup::
[2025-02-08T20:40:09.082+0000] {logging_mixin.py:190} INFO - CSV file './branch_dim_large_data.csv' with 50 rows has been generated successfully.
[2025-02-08T20:40:09.082+0000] {python.py:240} INFO - Done. Returned value was: None
[2025-02-08T20:40:09.091+0000] {taskinstance.py:340} INFO - ::group::Post task execution logs
[2025-02-08T20:40:09.092+0000] {taskinstance.py:352} INFO - Marking task as SUCCESS. dag_id=branch_dim_gen, task_id=generate_branch_dim_data, run_id=scheduled__2024-10-21T00:00:00+00:00, execution_date=20241021T000000, start_date=20250208T204008, end_date=20250208T204009
[2025-02-08T20:40:09.141+0000] {local_task_job_runner.py:266} INFO - Task exited with return code 0
[2025-02-08T20:40:09.166+0000] {taskinstance.py:3900} INFO - 0 downstream tasks scheduled from follow-on schedule check
[2025-02-08T20:40:09.173+0000] {local_task_job_runner.py:245} INFO - ::endgroup::
