[2025-02-08T19:03:33.753+0000] {local_task_job_runner.py:123} INFO - ::group::Pre task execution logs
[2025-02-08T19:03:33.768+0000] {taskinstance.py:2612} INFO - Dependencies all met for dep_context=non-requeueable deps ti=<TaskInstance: branch_dim_gen.generate_branch_dim_data scheduled__2025-01-26T00:00:00+00:00 [queued]>
[2025-02-08T19:03:33.775+0000] {taskinstance.py:2612} INFO - Dependencies all met for dep_context=requeueable deps ti=<TaskInstance: branch_dim_gen.generate_branch_dim_data scheduled__2025-01-26T00:00:00+00:00 [queued]>
[2025-02-08T19:03:33.776+0000] {taskinstance.py:2865} INFO - Starting attempt 1 of 1
[2025-02-08T19:03:33.788+0000] {taskinstance.py:2888} INFO - Executing <Task(PythonOperator): generate_branch_dim_data> on 2025-01-26 00:00:00+00:00
[2025-02-08T19:03:33.796+0000] {logging_mixin.py:190} WARNING - /home/***/.local/lib/python3.12/site-packages/***/task/task_runner/standard_task_runner.py:70 DeprecationWarning: This process (pid=2251) is multi-threaded, use of fork() may lead to deadlocks in the child.
[2025-02-08T19:03:33.797+0000] {standard_task_runner.py:72} INFO - Started process 2271 to run task
[2025-02-08T19:03:33.796+0000] {standard_task_runner.py:104} INFO - Running: ['***', 'tasks', 'run', 'branch_dim_gen', 'generate_branch_dim_data', 'scheduled__2025-01-26T00:00:00+00:00', '--job-id', '414', '--raw', '--subdir', 'DAGS_FOLDER/brnach_dim_gen.py', '--cfg-path', '/tmp/tmp5fttsnh7']
[2025-02-08T19:03:33.798+0000] {standard_task_runner.py:105} INFO - Job 414: Subtask generate_branch_dim_data
[2025-02-08T19:03:33.841+0000] {task_command.py:467} INFO - Running <TaskInstance: branch_dim_gen.generate_branch_dim_data scheduled__2025-01-26T00:00:00+00:00 [running]> on host 2c1cd59afcc0
[2025-02-08T19:03:33.921+0000] {taskinstance.py:3131} INFO - Exporting env vars: AIRFLOW_CTX_DAG_OWNER='Saleh' AIRFLOW_CTX_DAG_ID='branch_dim_gen' AIRFLOW_CTX_TASK_ID='generate_branch_dim_data' AIRFLOW_CTX_EXECUTION_DATE='2025-01-26T00:00:00+00:00' AIRFLOW_CTX_TRY_NUMBER='1' AIRFLOW_CTX_DAG_RUN_ID='scheduled__2025-01-26T00:00:00+00:00'
[2025-02-08T19:03:33.922+0000] {taskinstance.py:731} INFO - ::endgroup::
[2025-02-08T19:03:33.943+0000] {logging_mixin.py:190} INFO - CSV file './branch_dim_large_data.csv' with 50 rows has been generated successfully.
[2025-02-08T19:03:33.943+0000] {python.py:240} INFO - Done. Returned value was: None
[2025-02-08T19:03:33.951+0000] {taskinstance.py:340} INFO - ::group::Post task execution logs
[2025-02-08T19:03:33.952+0000] {taskinstance.py:352} INFO - Marking task as SUCCESS. dag_id=branch_dim_gen, task_id=generate_branch_dim_data, run_id=scheduled__2025-01-26T00:00:00+00:00, execution_date=20250126T000000, start_date=20250208T190333, end_date=20250208T190333
[2025-02-08T19:03:33.972+0000] {local_task_job_runner.py:266} INFO - Task exited with return code 0
[2025-02-08T19:03:33.987+0000] {taskinstance.py:3900} INFO - 0 downstream tasks scheduled from follow-on schedule check
[2025-02-08T19:03:33.989+0000] {local_task_job_runner.py:245} INFO - ::endgroup::
[2025-02-08T20:42:32.156+0000] {local_task_job_runner.py:123} INFO - ::group::Pre task execution logs
[2025-02-08T20:42:32.170+0000] {taskinstance.py:2612} INFO - Dependencies all met for dep_context=non-requeueable deps ti=<TaskInstance: branch_dim_gen.generate_branch_dim_data scheduled__2025-01-26T00:00:00+00:00 [queued]>
[2025-02-08T20:42:32.177+0000] {taskinstance.py:2612} INFO - Dependencies all met for dep_context=requeueable deps ti=<TaskInstance: branch_dim_gen.generate_branch_dim_data scheduled__2025-01-26T00:00:00+00:00 [queued]>
[2025-02-08T20:42:32.177+0000] {taskinstance.py:2865} INFO - Starting attempt 1 of 1
[2025-02-08T20:42:32.189+0000] {taskinstance.py:2888} INFO - Executing <Task(PythonOperator): generate_branch_dim_data> on 2025-01-26 00:00:00+00:00
[2025-02-08T20:42:32.197+0000] {standard_task_runner.py:104} INFO - Running: ['***', 'tasks', 'run', 'branch_dim_gen', 'generate_branch_dim_data', 'scheduled__2025-01-26T00:00:00+00:00', '--job-id', '378', '--raw', '--subdir', 'DAGS_FOLDER/brnach_dim_gen.py', '--cfg-path', '/tmp/tmptj3850qd']
[2025-02-08T20:42:32.199+0000] {standard_task_runner.py:105} INFO - Job 378: Subtask generate_branch_dim_data
[2025-02-08T20:42:32.200+0000] {logging_mixin.py:190} WARNING - /home/***/.local/lib/python3.12/site-packages/***/task/task_runner/standard_task_runner.py:70 DeprecationWarning: This process (pid=257) is multi-threaded, use of fork() may lead to deadlocks in the child.
[2025-02-08T20:42:32.200+0000] {standard_task_runner.py:72} INFO - Started process 265 to run task
[2025-02-08T20:42:32.237+0000] {task_command.py:467} INFO - Running <TaskInstance: branch_dim_gen.generate_branch_dim_data scheduled__2025-01-26T00:00:00+00:00 [running]> on host 86932746817d
[2025-02-08T20:42:32.307+0000] {taskinstance.py:3131} INFO - Exporting env vars: AIRFLOW_CTX_DAG_OWNER='Saleh' AIRFLOW_CTX_DAG_ID='branch_dim_gen' AIRFLOW_CTX_TASK_ID='generate_branch_dim_data' AIRFLOW_CTX_EXECUTION_DATE='2025-01-26T00:00:00+00:00' AIRFLOW_CTX_TRY_NUMBER='1' AIRFLOW_CTX_DAG_RUN_ID='scheduled__2025-01-26T00:00:00+00:00'
[2025-02-08T20:42:32.307+0000] {taskinstance.py:731} INFO - ::endgroup::
[2025-02-08T20:42:32.324+0000] {logging_mixin.py:190} INFO - CSV file './branch_dim_large_data.csv' with 50 rows has been generated successfully.
[2025-02-08T20:42:32.325+0000] {python.py:240} INFO - Done. Returned value was: None
[2025-02-08T20:42:32.332+0000] {taskinstance.py:340} INFO - ::group::Post task execution logs
[2025-02-08T20:42:32.332+0000] {taskinstance.py:352} INFO - Marking task as SUCCESS. dag_id=branch_dim_gen, task_id=generate_branch_dim_data, run_id=scheduled__2025-01-26T00:00:00+00:00, execution_date=20250126T000000, start_date=20250208T204232, end_date=20250208T204232
[2025-02-08T20:42:32.374+0000] {local_task_job_runner.py:266} INFO - Task exited with return code 0
[2025-02-08T20:42:32.388+0000] {taskinstance.py:3900} INFO - 0 downstream tasks scheduled from follow-on schedule check
[2025-02-08T20:42:32.391+0000] {local_task_job_runner.py:245} INFO - ::endgroup::
