[2025-02-08T19:03:02.085+0000] {local_task_job_runner.py:123} INFO - ::group::Pre task execution logs
[2025-02-08T19:03:02.102+0000] {taskinstance.py:2612} INFO - Dependencies all met for dep_context=non-requeueable deps ti=<TaskInstance: branch_dim_gen.generate_branch_dim_data scheduled__2024-12-09T00:00:00+00:00 [queued]>
[2025-02-08T19:03:02.114+0000] {taskinstance.py:2612} INFO - Dependencies all met for dep_context=requeueable deps ti=<TaskInstance: branch_dim_gen.generate_branch_dim_data scheduled__2024-12-09T00:00:00+00:00 [queued]>
[2025-02-08T19:03:02.115+0000] {taskinstance.py:2865} INFO - Starting attempt 1 of 1
[2025-02-08T19:03:02.130+0000] {taskinstance.py:2888} INFO - Executing <Task(PythonOperator): generate_branch_dim_data> on 2024-12-09 00:00:00+00:00
[2025-02-08T19:03:02.150+0000] {logging_mixin.py:190} WARNING - /home/***/.local/lib/python3.12/site-packages/***/task/task_runner/standard_task_runner.py:70 DeprecationWarning: This process (pid=1881) is multi-threaded, use of fork() may lead to deadlocks in the child.
[2025-02-08T19:03:02.151+0000] {standard_task_runner.py:72} INFO - Started process 1907 to run task
[2025-02-08T19:03:02.154+0000] {standard_task_runner.py:104} INFO - Running: ['***', 'tasks', 'run', 'branch_dim_gen', 'generate_branch_dim_data', 'scheduled__2024-12-09T00:00:00+00:00', '--job-id', '329', '--raw', '--subdir', 'DAGS_FOLDER/brnach_dim_gen.py', '--cfg-path', '/tmp/tmpjomjgdbz']
[2025-02-08T19:03:02.156+0000] {standard_task_runner.py:105} INFO - Job 329: Subtask generate_branch_dim_data
[2025-02-08T19:03:02.201+0000] {task_command.py:467} INFO - Running <TaskInstance: branch_dim_gen.generate_branch_dim_data scheduled__2024-12-09T00:00:00+00:00 [running]> on host 2c1cd59afcc0
[2025-02-08T19:03:02.292+0000] {taskinstance.py:3131} INFO - Exporting env vars: AIRFLOW_CTX_DAG_OWNER='Saleh' AIRFLOW_CTX_DAG_ID='branch_dim_gen' AIRFLOW_CTX_TASK_ID='generate_branch_dim_data' AIRFLOW_CTX_EXECUTION_DATE='2024-12-09T00:00:00+00:00' AIRFLOW_CTX_TRY_NUMBER='1' AIRFLOW_CTX_DAG_RUN_ID='scheduled__2024-12-09T00:00:00+00:00'
[2025-02-08T19:03:02.293+0000] {taskinstance.py:731} INFO - ::endgroup::
[2025-02-08T19:03:02.314+0000] {logging_mixin.py:190} INFO - CSV file './branch_dim_large_data.csv' with 50 rows has been generated successfully.
[2025-02-08T19:03:02.315+0000] {python.py:240} INFO - Done. Returned value was: None
[2025-02-08T19:03:02.324+0000] {taskinstance.py:340} INFO - ::group::Post task execution logs
[2025-02-08T19:03:02.325+0000] {taskinstance.py:352} INFO - Marking task as SUCCESS. dag_id=branch_dim_gen, task_id=generate_branch_dim_data, run_id=scheduled__2024-12-09T00:00:00+00:00, execution_date=20241209T000000, start_date=20250208T190302, end_date=20250208T190302
[2025-02-08T19:03:02.368+0000] {local_task_job_runner.py:266} INFO - Task exited with return code 0
[2025-02-08T19:03:02.383+0000] {taskinstance.py:3900} INFO - 0 downstream tasks scheduled from follow-on schedule check
[2025-02-08T19:03:02.386+0000] {local_task_job_runner.py:245} INFO - ::endgroup::
[2025-02-08T20:40:49.917+0000] {local_task_job_runner.py:123} INFO - ::group::Pre task execution logs
[2025-02-08T20:40:49.930+0000] {taskinstance.py:2612} INFO - Dependencies all met for dep_context=non-requeueable deps ti=<TaskInstance: branch_dim_gen.generate_branch_dim_data scheduled__2024-12-09T00:00:00+00:00 [queued]>
[2025-02-08T20:40:49.939+0000] {taskinstance.py:2612} INFO - Dependencies all met for dep_context=requeueable deps ti=<TaskInstance: branch_dim_gen.generate_branch_dim_data scheduled__2024-12-09T00:00:00+00:00 [queued]>
[2025-02-08T20:40:49.939+0000] {taskinstance.py:2865} INFO - Starting attempt 1 of 1
[2025-02-08T20:40:49.952+0000] {taskinstance.py:2888} INFO - Executing <Task(PythonOperator): generate_branch_dim_data> on 2024-12-09 00:00:00+00:00
[2025-02-08T20:40:49.962+0000] {logging_mixin.py:190} WARNING - /home/***/.local/lib/python3.12/site-packages/***/task/task_runner/standard_task_runner.py:70 DeprecationWarning: This process (pid=1695) is multi-threaded, use of fork() may lead to deadlocks in the child.
[2025-02-08T20:40:49.963+0000] {standard_task_runner.py:72} INFO - Started process 1713 to run task
[2025-02-08T20:40:49.962+0000] {standard_task_runner.py:104} INFO - Running: ['***', 'tasks', 'run', 'branch_dim_gen', 'generate_branch_dim_data', 'scheduled__2024-12-09T00:00:00+00:00', '--job-id', '266', '--raw', '--subdir', 'DAGS_FOLDER/brnach_dim_gen.py', '--cfg-path', '/tmp/tmp88njyuuz']
[2025-02-08T20:40:49.965+0000] {standard_task_runner.py:105} INFO - Job 266: Subtask generate_branch_dim_data
[2025-02-08T20:40:50.014+0000] {task_command.py:467} INFO - Running <TaskInstance: branch_dim_gen.generate_branch_dim_data scheduled__2024-12-09T00:00:00+00:00 [running]> on host 7e959c1a2a8b
[2025-02-08T20:40:50.083+0000] {taskinstance.py:3131} INFO - Exporting env vars: AIRFLOW_CTX_DAG_OWNER='Saleh' AIRFLOW_CTX_DAG_ID='branch_dim_gen' AIRFLOW_CTX_TASK_ID='generate_branch_dim_data' AIRFLOW_CTX_EXECUTION_DATE='2024-12-09T00:00:00+00:00' AIRFLOW_CTX_TRY_NUMBER='1' AIRFLOW_CTX_DAG_RUN_ID='scheduled__2024-12-09T00:00:00+00:00'
[2025-02-08T20:40:50.084+0000] {taskinstance.py:731} INFO - ::endgroup::
[2025-02-08T20:40:50.102+0000] {logging_mixin.py:190} INFO - CSV file './branch_dim_large_data.csv' with 50 rows has been generated successfully.
[2025-02-08T20:40:50.102+0000] {python.py:240} INFO - Done. Returned value was: None
[2025-02-08T20:40:50.109+0000] {taskinstance.py:340} INFO - ::group::Post task execution logs
[2025-02-08T20:40:50.110+0000] {taskinstance.py:352} INFO - Marking task as SUCCESS. dag_id=branch_dim_gen, task_id=generate_branch_dim_data, run_id=scheduled__2024-12-09T00:00:00+00:00, execution_date=20241209T000000, start_date=20250208T204049, end_date=20250208T204050
[2025-02-08T20:40:50.138+0000] {local_task_job_runner.py:266} INFO - Task exited with return code 0
[2025-02-08T20:40:50.155+0000] {taskinstance.py:3900} INFO - 0 downstream tasks scheduled from follow-on schedule check
[2025-02-08T20:40:50.158+0000] {local_task_job_runner.py:245} INFO - ::endgroup::
