[2025-02-08T19:00:44.811+0000] {local_task_job_runner.py:123} INFO - ::group::Pre task execution logs
[2025-02-08T19:00:44.825+0000] {taskinstance.py:2612} INFO - Dependencies all met for dep_context=non-requeueable deps ti=<TaskInstance: account_dim_gen.generate_account_dim_data scheduled__2024-12-01T00:00:00+00:00 [queued]>
[2025-02-08T19:00:44.834+0000] {taskinstance.py:2612} INFO - Dependencies all met for dep_context=requeueable deps ti=<TaskInstance: account_dim_gen.generate_account_dim_data scheduled__2024-12-01T00:00:00+00:00 [queued]>
[2025-02-08T19:00:44.835+0000] {taskinstance.py:2865} INFO - Starting attempt 1 of 1
[2025-02-08T19:00:44.848+0000] {taskinstance.py:2888} INFO - Executing <Task(PythonOperator): generate_account_dim_data> on 2024-12-01 00:00:00+00:00
[2025-02-08T19:00:44.857+0000] {logging_mixin.py:190} WARNING - /home/***/.local/lib/python3.12/site-packages/***/task/task_runner/standard_task_runner.py:70 DeprecationWarning: This process (pid=821) is multi-threaded, use of fork() may lead to deadlocks in the child.
[2025-02-08T19:00:44.858+0000] {standard_task_runner.py:72} INFO - Started process 836 to run task
[2025-02-08T19:00:44.858+0000] {standard_task_runner.py:104} INFO - Running: ['***', 'tasks', 'run', 'account_dim_gen', 'generate_account_dim_data', 'scheduled__2024-12-01T00:00:00+00:00', '--job-id', '86', '--raw', '--subdir', 'DAGS_FOLDER/account_dim_gen.py', '--cfg-path', '/tmp/tmpahjhk1n9']
[2025-02-08T19:00:44.860+0000] {standard_task_runner.py:105} INFO - Job 86: Subtask generate_account_dim_data
[2025-02-08T19:00:44.901+0000] {task_command.py:467} INFO - Running <TaskInstance: account_dim_gen.generate_account_dim_data scheduled__2024-12-01T00:00:00+00:00 [running]> on host 2c1cd59afcc0
[2025-02-08T19:00:44.985+0000] {taskinstance.py:3131} INFO - Exporting env vars: AIRFLOW_CTX_DAG_OWNER='Saleh' AIRFLOW_CTX_DAG_ID='account_dim_gen' AIRFLOW_CTX_TASK_ID='generate_account_dim_data' AIRFLOW_CTX_EXECUTION_DATE='2024-12-01T00:00:00+00:00' AIRFLOW_CTX_TRY_NUMBER='1' AIRFLOW_CTX_DAG_RUN_ID='scheduled__2024-12-01T00:00:00+00:00'
[2025-02-08T19:00:44.986+0000] {taskinstance.py:731} INFO - ::endgroup::
[2025-02-08T19:00:45.008+0000] {logging_mixin.py:190} INFO - CSV file ./account_dim_large_data.csv with 50 row has been generated successfully!
[2025-02-08T19:00:45.009+0000] {python.py:240} INFO - Done. Returned value was: None
[2025-02-08T19:00:45.021+0000] {taskinstance.py:340} INFO - ::group::Post task execution logs
[2025-02-08T19:00:45.022+0000] {taskinstance.py:352} INFO - Marking task as SUCCESS. dag_id=account_dim_gen, task_id=generate_account_dim_data, run_id=scheduled__2024-12-01T00:00:00+00:00, execution_date=20241201T000000, start_date=20250208T190044, end_date=20250208T190045
[2025-02-08T19:00:45.154+0000] {local_task_job_runner.py:266} INFO - Task exited with return code 0
[2025-02-08T19:00:45.172+0000] {taskinstance.py:3900} INFO - 0 downstream tasks scheduled from follow-on schedule check
[2025-02-08T19:00:45.175+0000] {local_task_job_runner.py:245} INFO - ::endgroup::
[2025-02-08T20:40:43.225+0000] {local_task_job_runner.py:123} INFO - ::group::Pre task execution logs
[2025-02-08T20:40:43.245+0000] {taskinstance.py:2612} INFO - Dependencies all met for dep_context=non-requeueable deps ti=<TaskInstance: account_dim_gen.generate_account_dim_data scheduled__2024-12-01T00:00:00+00:00 [queued]>
[2025-02-08T20:40:43.255+0000] {taskinstance.py:2612} INFO - Dependencies all met for dep_context=requeueable deps ti=<TaskInstance: account_dim_gen.generate_account_dim_data scheduled__2024-12-01T00:00:00+00:00 [queued]>
[2025-02-08T20:40:43.256+0000] {taskinstance.py:2865} INFO - Starting attempt 1 of 1
[2025-02-08T20:40:43.272+0000] {taskinstance.py:2888} INFO - Executing <Task(PythonOperator): generate_account_dim_data> on 2024-12-01 00:00:00+00:00
[2025-02-08T20:40:43.282+0000] {logging_mixin.py:190} WARNING - /home/***/.local/lib/python3.12/site-packages/***/task/task_runner/standard_task_runner.py:70 DeprecationWarning: This process (pid=1565) is multi-threaded, use of fork() may lead to deadlocks in the child.
[2025-02-08T20:40:43.283+0000] {standard_task_runner.py:72} INFO - Started process 1599 to run task
[2025-02-08T20:40:43.282+0000] {standard_task_runner.py:104} INFO - Running: ['***', 'tasks', 'run', 'account_dim_gen', 'generate_account_dim_data', 'scheduled__2024-12-01T00:00:00+00:00', '--job-id', '237', '--raw', '--subdir', 'DAGS_FOLDER/account_dim_gen.py', '--cfg-path', '/tmp/tmpqqkaod8m']
[2025-02-08T20:40:43.285+0000] {standard_task_runner.py:105} INFO - Job 237: Subtask generate_account_dim_data
[2025-02-08T20:40:43.347+0000] {task_command.py:467} INFO - Running <TaskInstance: account_dim_gen.generate_account_dim_data scheduled__2024-12-01T00:00:00+00:00 [running]> on host 7e959c1a2a8b
[2025-02-08T20:40:43.460+0000] {taskinstance.py:3131} INFO - Exporting env vars: AIRFLOW_CTX_DAG_OWNER='Saleh' AIRFLOW_CTX_DAG_ID='account_dim_gen' AIRFLOW_CTX_TASK_ID='generate_account_dim_data' AIRFLOW_CTX_EXECUTION_DATE='2024-12-01T00:00:00+00:00' AIRFLOW_CTX_TRY_NUMBER='1' AIRFLOW_CTX_DAG_RUN_ID='scheduled__2024-12-01T00:00:00+00:00'
[2025-02-08T20:40:43.464+0000] {taskinstance.py:731} INFO - ::endgroup::
[2025-02-08T20:40:43.486+0000] {logging_mixin.py:190} INFO - CSV file ./account_dim_large_data.csv with 50 row has been generated successfully!
[2025-02-08T20:40:43.486+0000] {python.py:240} INFO - Done. Returned value was: None
[2025-02-08T20:40:43.507+0000] {taskinstance.py:340} INFO - ::group::Post task execution logs
[2025-02-08T20:40:43.509+0000] {taskinstance.py:352} INFO - Marking task as SUCCESS. dag_id=account_dim_gen, task_id=generate_account_dim_data, run_id=scheduled__2024-12-01T00:00:00+00:00, execution_date=20241201T000000, start_date=20250208T204043, end_date=20250208T204043
[2025-02-08T20:40:43.547+0000] {local_task_job_runner.py:266} INFO - Task exited with return code 0
[2025-02-08T20:40:43.565+0000] {local_task_job_runner.py:245} INFO - ::endgroup::
