[2025-02-08T19:03:14.810+0000] {local_task_job_runner.py:123} INFO - ::group::Pre task execution logs
[2025-02-08T19:03:14.827+0000] {taskinstance.py:2612} INFO - Dependencies all met for dep_context=non-requeueable deps ti=<TaskInstance: branch_dim_gen.generate_branch_dim_data scheduled__2024-12-24T00:00:00+00:00 [queued]>
[2025-02-08T19:03:14.842+0000] {taskinstance.py:2612} INFO - Dependencies all met for dep_context=requeueable deps ti=<TaskInstance: branch_dim_gen.generate_branch_dim_data scheduled__2024-12-24T00:00:00+00:00 [queued]>
[2025-02-08T19:03:14.843+0000] {taskinstance.py:2865} INFO - Starting attempt 1 of 1
[2025-02-08T19:03:14.863+0000] {taskinstance.py:2888} INFO - Executing <Task(PythonOperator): generate_branch_dim_data> on 2024-12-24 00:00:00+00:00
[2025-02-08T19:03:14.873+0000] {logging_mixin.py:190} WARNING - /home/***/.local/lib/python3.12/site-packages/***/task/task_runner/standard_task_runner.py:70 DeprecationWarning: This process (pid=2022) is multi-threaded, use of fork() may lead to deadlocks in the child.
[2025-02-08T19:03:14.876+0000] {standard_task_runner.py:72} INFO - Started process 2045 to run task
[2025-02-08T19:03:14.873+0000] {standard_task_runner.py:104} INFO - Running: ['***', 'tasks', 'run', 'branch_dim_gen', 'generate_branch_dim_data', 'scheduled__2024-12-24T00:00:00+00:00', '--job-id', '358', '--raw', '--subdir', 'DAGS_FOLDER/brnach_dim_gen.py', '--cfg-path', '/tmp/tmpw3dhvpv2']
[2025-02-08T19:03:14.888+0000] {standard_task_runner.py:105} INFO - Job 358: Subtask generate_branch_dim_data
[2025-02-08T19:03:14.942+0000] {task_command.py:467} INFO - Running <TaskInstance: branch_dim_gen.generate_branch_dim_data scheduled__2024-12-24T00:00:00+00:00 [running]> on host 2c1cd59afcc0
[2025-02-08T19:03:15.065+0000] {taskinstance.py:3131} INFO - Exporting env vars: AIRFLOW_CTX_DAG_OWNER='Saleh' AIRFLOW_CTX_DAG_ID='branch_dim_gen' AIRFLOW_CTX_TASK_ID='generate_branch_dim_data' AIRFLOW_CTX_EXECUTION_DATE='2024-12-24T00:00:00+00:00' AIRFLOW_CTX_TRY_NUMBER='1' AIRFLOW_CTX_DAG_RUN_ID='scheduled__2024-12-24T00:00:00+00:00'
[2025-02-08T19:03:15.066+0000] {taskinstance.py:731} INFO - ::endgroup::
[2025-02-08T19:03:15.092+0000] {logging_mixin.py:190} INFO - CSV file './branch_dim_large_data.csv' with 50 rows has been generated successfully.
[2025-02-08T19:03:15.092+0000] {python.py:240} INFO - Done. Returned value was: None
[2025-02-08T19:03:15.102+0000] {taskinstance.py:340} INFO - ::group::Post task execution logs
[2025-02-08T19:03:15.102+0000] {taskinstance.py:352} INFO - Marking task as SUCCESS. dag_id=branch_dim_gen, task_id=generate_branch_dim_data, run_id=scheduled__2024-12-24T00:00:00+00:00, execution_date=20241224T000000, start_date=20250208T190314, end_date=20250208T190315
[2025-02-08T19:03:15.155+0000] {local_task_job_runner.py:266} INFO - Task exited with return code 0
[2025-02-08T19:03:15.173+0000] {taskinstance.py:3900} INFO - 0 downstream tasks scheduled from follow-on schedule check
[2025-02-08T19:03:15.177+0000] {local_task_job_runner.py:245} INFO - ::endgroup::
[2025-02-08T20:41:01.579+0000] {local_task_job_runner.py:123} INFO - ::group::Pre task execution logs
[2025-02-08T20:41:01.606+0000] {taskinstance.py:2612} INFO - Dependencies all met for dep_context=non-requeueable deps ti=<TaskInstance: branch_dim_gen.generate_branch_dim_data scheduled__2024-12-24T00:00:00+00:00 [queued]>
[2025-02-08T20:41:01.625+0000] {taskinstance.py:2612} INFO - Dependencies all met for dep_context=requeueable deps ti=<TaskInstance: branch_dim_gen.generate_branch_dim_data scheduled__2024-12-24T00:00:00+00:00 [queued]>
[2025-02-08T20:41:01.626+0000] {taskinstance.py:2865} INFO - Starting attempt 1 of 1
[2025-02-08T20:41:01.646+0000] {taskinstance.py:2888} INFO - Executing <Task(PythonOperator): generate_branch_dim_data> on 2024-12-24 00:00:00+00:00
[2025-02-08T20:41:01.660+0000] {logging_mixin.py:190} WARNING - /home/***/.local/lib/python3.12/site-packages/***/task/task_runner/standard_task_runner.py:70 DeprecationWarning: This process (pid=1858) is multi-threaded, use of fork() may lead to deadlocks in the child.
[2025-02-08T20:41:01.663+0000] {standard_task_runner.py:72} INFO - Started process 1892 to run task
[2025-02-08T20:41:01.666+0000] {standard_task_runner.py:104} INFO - Running: ['***', 'tasks', 'run', 'branch_dim_gen', 'generate_branch_dim_data', 'scheduled__2024-12-24T00:00:00+00:00', '--job-id', '305', '--raw', '--subdir', 'DAGS_FOLDER/brnach_dim_gen.py', '--cfg-path', '/tmp/tmpu18wx_rb']
[2025-02-08T20:41:01.670+0000] {standard_task_runner.py:105} INFO - Job 305: Subtask generate_branch_dim_data
[2025-02-08T20:41:01.741+0000] {task_command.py:467} INFO - Running <TaskInstance: branch_dim_gen.generate_branch_dim_data scheduled__2024-12-24T00:00:00+00:00 [running]> on host 7e959c1a2a8b
[2025-02-08T20:41:01.905+0000] {taskinstance.py:3131} INFO - Exporting env vars: AIRFLOW_CTX_DAG_OWNER='Saleh' AIRFLOW_CTX_DAG_ID='branch_dim_gen' AIRFLOW_CTX_TASK_ID='generate_branch_dim_data' AIRFLOW_CTX_EXECUTION_DATE='2024-12-24T00:00:00+00:00' AIRFLOW_CTX_TRY_NUMBER='1' AIRFLOW_CTX_DAG_RUN_ID='scheduled__2024-12-24T00:00:00+00:00'
[2025-02-08T20:41:01.907+0000] {taskinstance.py:731} INFO - ::endgroup::
[2025-02-08T20:41:01.950+0000] {logging_mixin.py:190} INFO - CSV file './branch_dim_large_data.csv' with 50 rows has been generated successfully.
[2025-02-08T20:41:01.951+0000] {python.py:240} INFO - Done. Returned value was: None
[2025-02-08T20:41:01.989+0000] {taskinstance.py:340} INFO - ::group::Post task execution logs
[2025-02-08T20:41:01.990+0000] {taskinstance.py:352} INFO - Marking task as SUCCESS. dag_id=branch_dim_gen, task_id=generate_branch_dim_data, run_id=scheduled__2024-12-24T00:00:00+00:00, execution_date=20241224T000000, start_date=20250208T204101, end_date=20250208T204101
[2025-02-08T20:41:02.073+0000] {local_task_job_runner.py:266} INFO - Task exited with return code 0
[2025-02-08T20:41:02.106+0000] {taskinstance.py:3900} INFO - 0 downstream tasks scheduled from follow-on schedule check
[2025-02-08T20:41:02.118+0000] {local_task_job_runner.py:245} INFO - ::endgroup::
