[2025-02-08T19:02:28.670+0000] {local_task_job_runner.py:123} INFO - ::group::Pre task execution logs
[2025-02-08T19:02:28.691+0000] {taskinstance.py:2612} INFO - Dependencies all met for dep_context=non-requeueable deps ti=<TaskInstance: branch_dim_gen.generate_branch_dim_data scheduled__2024-10-18T00:00:00+00:00 [queued]>
[2025-02-08T19:02:28.704+0000] {taskinstance.py:2612} INFO - Dependencies all met for dep_context=requeueable deps ti=<TaskInstance: branch_dim_gen.generate_branch_dim_data scheduled__2024-10-18T00:00:00+00:00 [queued]>
[2025-02-08T19:02:28.707+0000] {taskinstance.py:2865} INFO - Starting attempt 1 of 1
[2025-02-08T19:02:28.733+0000] {taskinstance.py:2888} INFO - Executing <Task(PythonOperator): generate_branch_dim_data> on 2024-10-18 00:00:00+00:00
[2025-02-08T19:02:28.748+0000] {logging_mixin.py:190} WARNING - /home/***/.local/lib/python3.12/site-packages/***/task/task_runner/standard_task_runner.py:70 DeprecationWarning: This process (pid=1446) is multi-threaded, use of fork() may lead to deadlocks in the child.
[2025-02-08T19:02:28.750+0000] {standard_task_runner.py:72} INFO - Started process 1473 to run task
[2025-02-08T19:02:28.753+0000] {standard_task_runner.py:104} INFO - Running: ['***', 'tasks', 'run', 'branch_dim_gen', 'generate_branch_dim_data', 'scheduled__2024-10-18T00:00:00+00:00', '--job-id', '224', '--raw', '--subdir', 'DAGS_FOLDER/brnach_dim_gen.py', '--cfg-path', '/tmp/tmpap9oocuh']
[2025-02-08T19:02:28.756+0000] {standard_task_runner.py:105} INFO - Job 224: Subtask generate_branch_dim_data
[2025-02-08T19:02:28.850+0000] {task_command.py:467} INFO - Running <TaskInstance: branch_dim_gen.generate_branch_dim_data scheduled__2024-10-18T00:00:00+00:00 [running]> on host 2c1cd59afcc0
[2025-02-08T19:02:28.990+0000] {taskinstance.py:3131} INFO - Exporting env vars: AIRFLOW_CTX_DAG_OWNER='Saleh' AIRFLOW_CTX_DAG_ID='branch_dim_gen' AIRFLOW_CTX_TASK_ID='generate_branch_dim_data' AIRFLOW_CTX_EXECUTION_DATE='2024-10-18T00:00:00+00:00' AIRFLOW_CTX_TRY_NUMBER='1' AIRFLOW_CTX_DAG_RUN_ID='scheduled__2024-10-18T00:00:00+00:00'
[2025-02-08T19:02:28.992+0000] {taskinstance.py:731} INFO - ::endgroup::
[2025-02-08T19:02:29.024+0000] {logging_mixin.py:190} INFO - CSV file './branch_dim_large_data.csv' with 50 rows has been generated successfully.
[2025-02-08T19:02:29.034+0000] {python.py:240} INFO - Done. Returned value was: None
[2025-02-08T19:02:29.074+0000] {taskinstance.py:340} INFO - ::group::Post task execution logs
[2025-02-08T19:02:29.075+0000] {taskinstance.py:352} INFO - Marking task as SUCCESS. dag_id=branch_dim_gen, task_id=generate_branch_dim_data, run_id=scheduled__2024-10-18T00:00:00+00:00, execution_date=20241018T000000, start_date=20250208T190228, end_date=20250208T190229
[2025-02-08T19:02:29.175+0000] {local_task_job_runner.py:266} INFO - Task exited with return code 0
[2025-02-08T19:02:29.223+0000] {taskinstance.py:3900} INFO - 0 downstream tasks scheduled from follow-on schedule check
[2025-02-08T19:02:29.227+0000] {local_task_job_runner.py:245} INFO - ::endgroup::
[2025-02-08T20:40:07.141+0000] {local_task_job_runner.py:123} INFO - ::group::Pre task execution logs
[2025-02-08T20:40:07.180+0000] {taskinstance.py:2612} INFO - Dependencies all met for dep_context=non-requeueable deps ti=<TaskInstance: branch_dim_gen.generate_branch_dim_data scheduled__2024-10-18T00:00:00+00:00 [queued]>
[2025-02-08T20:40:07.237+0000] {taskinstance.py:2612} INFO - Dependencies all met for dep_context=requeueable deps ti=<TaskInstance: branch_dim_gen.generate_branch_dim_data scheduled__2024-10-18T00:00:00+00:00 [queued]>
[2025-02-08T20:40:07.238+0000] {taskinstance.py:2865} INFO - Starting attempt 1 of 1
[2025-02-08T20:40:07.304+0000] {taskinstance.py:2888} INFO - Executing <Task(PythonOperator): generate_branch_dim_data> on 2024-10-18 00:00:00+00:00
[2025-02-08T20:40:07.323+0000] {logging_mixin.py:190} WARNING - /home/***/.local/lib/python3.12/site-packages/***/task/task_runner/standard_task_runner.py:70 DeprecationWarning: This process (pid=1011) is multi-threaded, use of fork() may lead to deadlocks in the child.
[2025-02-08T20:40:07.325+0000] {standard_task_runner.py:72} INFO - Started process 1045 to run task
[2025-02-08T20:40:07.328+0000] {standard_task_runner.py:104} INFO - Running: ['***', 'tasks', 'run', 'branch_dim_gen', 'generate_branch_dim_data', 'scheduled__2024-10-18T00:00:00+00:00', '--job-id', '109', '--raw', '--subdir', 'DAGS_FOLDER/brnach_dim_gen.py', '--cfg-path', '/tmp/tmp9kzj0net']
[2025-02-08T20:40:07.334+0000] {standard_task_runner.py:105} INFO - Job 109: Subtask generate_branch_dim_data
[2025-02-08T20:40:07.458+0000] {task_command.py:467} INFO - Running <TaskInstance: branch_dim_gen.generate_branch_dim_data scheduled__2024-10-18T00:00:00+00:00 [running]> on host 7e959c1a2a8b
[2025-02-08T20:40:07.673+0000] {taskinstance.py:3131} INFO - Exporting env vars: AIRFLOW_CTX_DAG_OWNER='Saleh' AIRFLOW_CTX_DAG_ID='branch_dim_gen' AIRFLOW_CTX_TASK_ID='generate_branch_dim_data' AIRFLOW_CTX_EXECUTION_DATE='2024-10-18T00:00:00+00:00' AIRFLOW_CTX_TRY_NUMBER='1' AIRFLOW_CTX_DAG_RUN_ID='scheduled__2024-10-18T00:00:00+00:00'
[2025-02-08T20:40:07.684+0000] {taskinstance.py:731} INFO - ::endgroup::
[2025-02-08T20:40:07.748+0000] {logging_mixin.py:190} INFO - CSV file './branch_dim_large_data.csv' with 50 rows has been generated successfully.
[2025-02-08T20:40:07.753+0000] {python.py:240} INFO - Done. Returned value was: None
[2025-02-08T20:40:07.768+0000] {taskinstance.py:340} INFO - ::group::Post task execution logs
[2025-02-08T20:40:07.769+0000] {taskinstance.py:352} INFO - Marking task as SUCCESS. dag_id=branch_dim_gen, task_id=generate_branch_dim_data, run_id=scheduled__2024-10-18T00:00:00+00:00, execution_date=20241018T000000, start_date=20250208T204007, end_date=20250208T204007
[2025-02-08T20:40:07.831+0000] {local_task_job_runner.py:266} INFO - Task exited with return code 0
[2025-02-08T20:40:07.854+0000] {taskinstance.py:3900} INFO - 0 downstream tasks scheduled from follow-on schedule check
[2025-02-08T20:40:07.868+0000] {local_task_job_runner.py:245} INFO - ::endgroup::
