[2025-02-08T19:02:56.774+0000] {local_task_job_runner.py:123} INFO - ::group::Pre task execution logs
[2025-02-08T19:02:56.792+0000] {taskinstance.py:2612} INFO - Dependencies all met for dep_context=non-requeueable deps ti=<TaskInstance: branch_dim_gen.generate_branch_dim_data scheduled__2024-11-24T00:00:00+00:00 [queued]>
[2025-02-08T19:02:56.805+0000] {taskinstance.py:2612} INFO - Dependencies all met for dep_context=requeueable deps ti=<TaskInstance: branch_dim_gen.generate_branch_dim_data scheduled__2024-11-24T00:00:00+00:00 [queued]>
[2025-02-08T19:02:56.805+0000] {taskinstance.py:2865} INFO - Starting attempt 1 of 1
[2025-02-08T19:02:56.822+0000] {taskinstance.py:2888} INFO - Executing <Task(PythonOperator): generate_branch_dim_data> on 2024-11-24 00:00:00+00:00
[2025-02-08T19:02:56.834+0000] {logging_mixin.py:190} WARNING - /home/***/.local/lib/python3.12/site-packages/***/task/task_runner/standard_task_runner.py:70 DeprecationWarning: This process (pid=1772) is multi-threaded, use of fork() may lead to deadlocks in the child.
[2025-02-08T19:02:56.836+0000] {standard_task_runner.py:72} INFO - Started process 1791 to run task
[2025-02-08T19:02:56.834+0000] {standard_task_runner.py:104} INFO - Running: ['***', 'tasks', 'run', 'branch_dim_gen', 'generate_branch_dim_data', 'scheduled__2024-11-24T00:00:00+00:00', '--job-id', '298', '--raw', '--subdir', 'DAGS_FOLDER/brnach_dim_gen.py', '--cfg-path', '/tmp/tmprftthn90']
[2025-02-08T19:02:56.838+0000] {standard_task_runner.py:105} INFO - Job 298: Subtask generate_branch_dim_data
[2025-02-08T19:02:56.899+0000] {task_command.py:467} INFO - Running <TaskInstance: branch_dim_gen.generate_branch_dim_data scheduled__2024-11-24T00:00:00+00:00 [running]> on host 2c1cd59afcc0
[2025-02-08T19:02:57.010+0000] {taskinstance.py:3131} INFO - Exporting env vars: AIRFLOW_CTX_DAG_OWNER='Saleh' AIRFLOW_CTX_DAG_ID='branch_dim_gen' AIRFLOW_CTX_TASK_ID='generate_branch_dim_data' AIRFLOW_CTX_EXECUTION_DATE='2024-11-24T00:00:00+00:00' AIRFLOW_CTX_TRY_NUMBER='1' AIRFLOW_CTX_DAG_RUN_ID='scheduled__2024-11-24T00:00:00+00:00'
[2025-02-08T19:02:57.012+0000] {taskinstance.py:731} INFO - ::endgroup::
[2025-02-08T19:02:57.035+0000] {logging_mixin.py:190} INFO - CSV file './branch_dim_large_data.csv' with 50 rows has been generated successfully.
[2025-02-08T19:02:57.036+0000] {python.py:240} INFO - Done. Returned value was: None
[2025-02-08T19:02:57.047+0000] {taskinstance.py:340} INFO - ::group::Post task execution logs
[2025-02-08T19:02:57.049+0000] {taskinstance.py:352} INFO - Marking task as SUCCESS. dag_id=branch_dim_gen, task_id=generate_branch_dim_data, run_id=scheduled__2024-11-24T00:00:00+00:00, execution_date=20241124T000000, start_date=20250208T190256, end_date=20250208T190257
[2025-02-08T19:02:57.098+0000] {local_task_job_runner.py:266} INFO - Task exited with return code 0
[2025-02-08T19:02:57.112+0000] {local_task_job_runner.py:245} INFO - ::endgroup::
[2025-02-08T20:40:37.709+0000] {local_task_job_runner.py:123} INFO - ::group::Pre task execution logs
[2025-02-08T20:40:37.743+0000] {taskinstance.py:2612} INFO - Dependencies all met for dep_context=non-requeueable deps ti=<TaskInstance: branch_dim_gen.generate_branch_dim_data scheduled__2024-11-24T00:00:00+00:00 [queued]>
[2025-02-08T20:40:37.757+0000] {taskinstance.py:2612} INFO - Dependencies all met for dep_context=requeueable deps ti=<TaskInstance: branch_dim_gen.generate_branch_dim_data scheduled__2024-11-24T00:00:00+00:00 [queued]>
[2025-02-08T20:40:37.758+0000] {taskinstance.py:2865} INFO - Starting attempt 1 of 1
[2025-02-08T20:40:37.774+0000] {taskinstance.py:2888} INFO - Executing <Task(PythonOperator): generate_branch_dim_data> on 2024-11-24 00:00:00+00:00
[2025-02-08T20:40:37.788+0000] {logging_mixin.py:190} WARNING - /home/***/.local/lib/python3.12/site-packages/***/task/task_runner/standard_task_runner.py:70 DeprecationWarning: This process (pid=1481) is multi-threaded, use of fork() may lead to deadlocks in the child.
[2025-02-08T20:40:37.789+0000] {standard_task_runner.py:72} INFO - Started process 1504 to run task
[2025-02-08T20:40:37.788+0000] {standard_task_runner.py:104} INFO - Running: ['***', 'tasks', 'run', 'branch_dim_gen', 'generate_branch_dim_data', 'scheduled__2024-11-24T00:00:00+00:00', '--job-id', '220', '--raw', '--subdir', 'DAGS_FOLDER/brnach_dim_gen.py', '--cfg-path', '/tmp/tmpq5lykm_3']
[2025-02-08T20:40:37.791+0000] {standard_task_runner.py:105} INFO - Job 220: Subtask generate_branch_dim_data
[2025-02-08T20:40:37.831+0000] {task_command.py:467} INFO - Running <TaskInstance: branch_dim_gen.generate_branch_dim_data scheduled__2024-11-24T00:00:00+00:00 [running]> on host 7e959c1a2a8b
[2025-02-08T20:40:37.898+0000] {taskinstance.py:3131} INFO - Exporting env vars: AIRFLOW_CTX_DAG_OWNER='Saleh' AIRFLOW_CTX_DAG_ID='branch_dim_gen' AIRFLOW_CTX_TASK_ID='generate_branch_dim_data' AIRFLOW_CTX_EXECUTION_DATE='2024-11-24T00:00:00+00:00' AIRFLOW_CTX_TRY_NUMBER='1' AIRFLOW_CTX_DAG_RUN_ID='scheduled__2024-11-24T00:00:00+00:00'
[2025-02-08T20:40:37.904+0000] {taskinstance.py:731} INFO - ::endgroup::
[2025-02-08T20:40:37.922+0000] {logging_mixin.py:190} INFO - CSV file './branch_dim_large_data.csv' with 50 rows has been generated successfully.
[2025-02-08T20:40:37.923+0000] {python.py:240} INFO - Done. Returned value was: None
[2025-02-08T20:40:37.930+0000] {taskinstance.py:340} INFO - ::group::Post task execution logs
[2025-02-08T20:40:37.931+0000] {taskinstance.py:352} INFO - Marking task as SUCCESS. dag_id=branch_dim_gen, task_id=generate_branch_dim_data, run_id=scheduled__2024-11-24T00:00:00+00:00, execution_date=20241124T000000, start_date=20250208T204037, end_date=20250208T204037
[2025-02-08T20:40:37.965+0000] {local_task_job_runner.py:266} INFO - Task exited with return code 0
[2025-02-08T20:40:37.980+0000] {taskinstance.py:3900} INFO - 0 downstream tasks scheduled from follow-on schedule check
[2025-02-08T20:40:37.984+0000] {local_task_job_runner.py:245} INFO - ::endgroup::
