[2025-02-08T19:03:07.918+0000] {local_task_job_runner.py:123} INFO - ::group::Pre task execution logs
[2025-02-08T19:03:07.934+0000] {taskinstance.py:2612} INFO - Dependencies all met for dep_context=non-requeueable deps ti=<TaskInstance: customer_dim_generator.generate_customer_dim_data scheduled__2025-01-05T00:00:00+00:00 [queued]>
[2025-02-08T19:03:07.942+0000] {taskinstance.py:2612} INFO - Dependencies all met for dep_context=requeueable deps ti=<TaskInstance: customer_dim_generator.generate_customer_dim_data scheduled__2025-01-05T00:00:00+00:00 [queued]>
[2025-02-08T19:03:07.943+0000] {taskinstance.py:2865} INFO - Starting attempt 1 of 1
[2025-02-08T19:03:07.961+0000] {taskinstance.py:2888} INFO - Executing <Task(PythonOperator): generate_customer_dim_data> on 2025-01-05 00:00:00+00:00
[2025-02-08T19:03:07.977+0000] {logging_mixin.py:190} WARNING - /home/***/.local/lib/python3.12/site-packages/***/task/task_runner/standard_task_runner.py:70 DeprecationWarning: This process (pid=1932) is multi-threaded, use of fork() may lead to deadlocks in the child.
[2025-02-08T19:03:07.978+0000] {standard_task_runner.py:72} INFO - Started process 1953 to run task
[2025-02-08T19:03:07.977+0000] {standard_task_runner.py:104} INFO - Running: ['***', 'tasks', 'run', 'customer_dim_generator', 'generate_customer_dim_data', 'scheduled__2025-01-05T00:00:00+00:00', '--job-id', '337', '--raw', '--subdir', 'DAGS_FOLDER/customer_dim_gen.py', '--cfg-path', '/tmp/tmpihidblc6']
[2025-02-08T19:03:07.980+0000] {standard_task_runner.py:105} INFO - Job 337: Subtask generate_customer_dim_data
[2025-02-08T19:03:08.047+0000] {task_command.py:467} INFO - Running <TaskInstance: customer_dim_generator.generate_customer_dim_data scheduled__2025-01-05T00:00:00+00:00 [running]> on host 2c1cd59afcc0
[2025-02-08T19:03:08.207+0000] {taskinstance.py:3131} INFO - Exporting env vars: AIRFLOW_CTX_DAG_OWNER='Saleh' AIRFLOW_CTX_DAG_ID='customer_dim_generator' AIRFLOW_CTX_TASK_ID='generate_customer_dim_data' AIRFLOW_CTX_EXECUTION_DATE='2025-01-05T00:00:00+00:00' AIRFLOW_CTX_TRY_NUMBER='1' AIRFLOW_CTX_DAG_RUN_ID='scheduled__2025-01-05T00:00:00+00:00'
[2025-02-08T19:03:08.208+0000] {taskinstance.py:731} INFO - ::endgroup::
[2025-02-08T19:03:08.237+0000] {logging_mixin.py:190} INFO - CSV file './customer_dim_large_data.csv' with 100 rows has been generated successfully.
[2025-02-08T19:03:08.238+0000] {python.py:240} INFO - Done. Returned value was: None
[2025-02-08T19:03:08.253+0000] {taskinstance.py:340} INFO - ::group::Post task execution logs
[2025-02-08T19:03:08.254+0000] {taskinstance.py:352} INFO - Marking task as SUCCESS. dag_id=customer_dim_generator, task_id=generate_customer_dim_data, run_id=scheduled__2025-01-05T00:00:00+00:00, execution_date=20250105T000000, start_date=20250208T190307, end_date=20250208T190308
[2025-02-08T19:03:08.284+0000] {local_task_job_runner.py:266} INFO - Task exited with return code 0
[2025-02-08T19:03:08.303+0000] {taskinstance.py:3900} INFO - 0 downstream tasks scheduled from follow-on schedule check
[2025-02-08T19:03:08.315+0000] {local_task_job_runner.py:245} INFO - ::endgroup::
[2025-02-08T20:40:50.712+0000] {local_task_job_runner.py:123} INFO - ::group::Pre task execution logs
[2025-02-08T20:40:50.724+0000] {taskinstance.py:2612} INFO - Dependencies all met for dep_context=non-requeueable deps ti=<TaskInstance: customer_dim_generator.generate_customer_dim_data scheduled__2025-01-05T00:00:00+00:00 [queued]>
[2025-02-08T20:40:50.731+0000] {taskinstance.py:2612} INFO - Dependencies all met for dep_context=requeueable deps ti=<TaskInstance: customer_dim_generator.generate_customer_dim_data scheduled__2025-01-05T00:00:00+00:00 [queued]>
[2025-02-08T20:40:50.731+0000] {taskinstance.py:2865} INFO - Starting attempt 1 of 1
[2025-02-08T20:40:50.741+0000] {taskinstance.py:2888} INFO - Executing <Task(PythonOperator): generate_customer_dim_data> on 2025-01-05 00:00:00+00:00
[2025-02-08T20:40:50.750+0000] {logging_mixin.py:190} WARNING - /home/***/.local/lib/python3.12/site-packages/***/task/task_runner/standard_task_runner.py:70 DeprecationWarning: This process (pid=1720) is multi-threaded, use of fork() may lead to deadlocks in the child.
[2025-02-08T20:40:50.751+0000] {standard_task_runner.py:72} INFO - Started process 1727 to run task
[2025-02-08T20:40:50.751+0000] {standard_task_runner.py:104} INFO - Running: ['***', 'tasks', 'run', 'customer_dim_generator', 'generate_customer_dim_data', 'scheduled__2025-01-05T00:00:00+00:00', '--job-id', '270', '--raw', '--subdir', 'DAGS_FOLDER/customer_dim_gen.py', '--cfg-path', '/tmp/tmpbrq_xxv1']
[2025-02-08T20:40:50.753+0000] {standard_task_runner.py:105} INFO - Job 270: Subtask generate_customer_dim_data
[2025-02-08T20:40:50.791+0000] {task_command.py:467} INFO - Running <TaskInstance: customer_dim_generator.generate_customer_dim_data scheduled__2025-01-05T00:00:00+00:00 [running]> on host 7e959c1a2a8b
[2025-02-08T20:40:50.857+0000] {taskinstance.py:3131} INFO - Exporting env vars: AIRFLOW_CTX_DAG_OWNER='Saleh' AIRFLOW_CTX_DAG_ID='customer_dim_generator' AIRFLOW_CTX_TASK_ID='generate_customer_dim_data' AIRFLOW_CTX_EXECUTION_DATE='2025-01-05T00:00:00+00:00' AIRFLOW_CTX_TRY_NUMBER='1' AIRFLOW_CTX_DAG_RUN_ID='scheduled__2025-01-05T00:00:00+00:00'
[2025-02-08T20:40:50.858+0000] {taskinstance.py:731} INFO - ::endgroup::
[2025-02-08T20:40:50.877+0000] {logging_mixin.py:190} INFO - CSV file './customer_dim_large_data.csv' with 100 rows has been generated successfully.
[2025-02-08T20:40:50.877+0000] {python.py:240} INFO - Done. Returned value was: None
[2025-02-08T20:40:50.884+0000] {taskinstance.py:340} INFO - ::group::Post task execution logs
[2025-02-08T20:40:50.884+0000] {taskinstance.py:352} INFO - Marking task as SUCCESS. dag_id=customer_dim_generator, task_id=generate_customer_dim_data, run_id=scheduled__2025-01-05T00:00:00+00:00, execution_date=20250105T000000, start_date=20250208T204050, end_date=20250208T204050
[2025-02-08T20:40:50.925+0000] {local_task_job_runner.py:266} INFO - Task exited with return code 0
[2025-02-08T20:40:50.939+0000] {taskinstance.py:3900} INFO - 0 downstream tasks scheduled from follow-on schedule check
[2025-02-08T20:40:50.941+0000] {local_task_job_runner.py:245} INFO - ::endgroup::
[2025-02-08T20:43:32.824+0000] {local_task_job_runner.py:123} INFO - ::group::Pre task execution logs
[2025-02-08T20:43:32.839+0000] {taskinstance.py:2612} INFO - Dependencies all met for dep_context=non-requeueable deps ti=<TaskInstance: customer_dim_generator.generate_customer_dim_data scheduled__2025-01-05T00:00:00+00:00 [queued]>
[2025-02-08T20:43:32.847+0000] {taskinstance.py:2612} INFO - Dependencies all met for dep_context=requeueable deps ti=<TaskInstance: customer_dim_generator.generate_customer_dim_data scheduled__2025-01-05T00:00:00+00:00 [queued]>
[2025-02-08T20:43:32.848+0000] {taskinstance.py:2865} INFO - Starting attempt 1 of 1
[2025-02-08T20:43:32.861+0000] {taskinstance.py:2888} INFO - Executing <Task(PythonOperator): generate_customer_dim_data> on 2025-01-05 00:00:00+00:00
[2025-02-08T20:43:32.871+0000] {logging_mixin.py:190} WARNING - /home/***/.local/lib/python3.12/site-packages/***/task/task_runner/standard_task_runner.py:70 DeprecationWarning: This process (pid=778) is multi-threaded, use of fork() may lead to deadlocks in the child.
[2025-02-08T20:43:32.872+0000] {standard_task_runner.py:72} INFO - Started process 792 to run task
[2025-02-08T20:43:32.871+0000] {standard_task_runner.py:104} INFO - Running: ['***', 'tasks', 'run', 'customer_dim_generator', 'generate_customer_dim_data', 'scheduled__2025-01-05T00:00:00+00:00', '--job-id', '495', '--raw', '--subdir', 'DAGS_FOLDER/customer_dim_gen.py', '--cfg-path', '/tmp/tmpa9yjs50f']
[2025-02-08T20:43:32.873+0000] {standard_task_runner.py:105} INFO - Job 495: Subtask generate_customer_dim_data
[2025-02-08T20:43:32.915+0000] {task_command.py:467} INFO - Running <TaskInstance: customer_dim_generator.generate_customer_dim_data scheduled__2025-01-05T00:00:00+00:00 [running]> on host 86932746817d
[2025-02-08T20:43:32.981+0000] {taskinstance.py:3131} INFO - Exporting env vars: AIRFLOW_CTX_DAG_OWNER='Saleh' AIRFLOW_CTX_DAG_ID='customer_dim_generator' AIRFLOW_CTX_TASK_ID='generate_customer_dim_data' AIRFLOW_CTX_EXECUTION_DATE='2025-01-05T00:00:00+00:00' AIRFLOW_CTX_TRY_NUMBER='1' AIRFLOW_CTX_DAG_RUN_ID='scheduled__2025-01-05T00:00:00+00:00'
[2025-02-08T20:43:32.982+0000] {taskinstance.py:731} INFO - ::endgroup::
[2025-02-08T20:43:32.997+0000] {logging_mixin.py:190} INFO - CSV file './customer_dim_large_data.csv' with 100 rows has been generated successfully.
[2025-02-08T20:43:32.997+0000] {python.py:240} INFO - Done. Returned value was: None
[2025-02-08T20:43:33.004+0000] {taskinstance.py:340} INFO - ::group::Post task execution logs
[2025-02-08T20:43:33.004+0000] {taskinstance.py:352} INFO - Marking task as SUCCESS. dag_id=customer_dim_generator, task_id=generate_customer_dim_data, run_id=scheduled__2025-01-05T00:00:00+00:00, execution_date=20250105T000000, start_date=20250208T204332, end_date=20250208T204333
[2025-02-08T20:43:33.046+0000] {local_task_job_runner.py:266} INFO - Task exited with return code 0
[2025-02-08T20:43:33.059+0000] {taskinstance.py:3900} INFO - 0 downstream tasks scheduled from follow-on schedule check
[2025-02-08T20:43:33.061+0000] {local_task_job_runner.py:245} INFO - ::endgroup::
