[2025-02-08T19:02:36.575+0000] {local_task_job_runner.py:123} INFO - ::group::Pre task execution logs
[2025-02-08T19:02:36.593+0000] {taskinstance.py:2612} INFO - Dependencies all met for dep_context=non-requeueable deps ti=<TaskInstance: customer_dim_generator.generate_customer_dim_data scheduled__2024-11-18T00:00:00+00:00 [queued]>
[2025-02-08T19:02:36.609+0000] {taskinstance.py:2612} INFO - Dependencies all met for dep_context=requeueable deps ti=<TaskInstance: customer_dim_generator.generate_customer_dim_data scheduled__2024-11-18T00:00:00+00:00 [queued]>
[2025-02-08T19:02:36.610+0000] {taskinstance.py:2865} INFO - Starting attempt 1 of 1
[2025-02-08T19:02:36.626+0000] {taskinstance.py:2888} INFO - Executing <Task(PythonOperator): generate_customer_dim_data> on 2024-11-18 00:00:00+00:00
[2025-02-08T19:02:36.644+0000] {logging_mixin.py:190} WARNING - /home/***/.local/lib/python3.12/site-packages/***/task/task_runner/standard_task_runner.py:70 DeprecationWarning: This process (pid=1525) is multi-threaded, use of fork() may lead to deadlocks in the child.
[2025-02-08T19:02:36.652+0000] {standard_task_runner.py:72} INFO - Started process 1547 to run task
[2025-02-08T19:02:36.653+0000] {standard_task_runner.py:104} INFO - Running: ['***', 'tasks', 'run', 'customer_dim_generator', 'generate_customer_dim_data', 'scheduled__2024-11-18T00:00:00+00:00', '--job-id', '242', '--raw', '--subdir', 'DAGS_FOLDER/customer_dim_gen.py', '--cfg-path', '/tmp/tmptbckljuw']
[2025-02-08T19:02:36.657+0000] {standard_task_runner.py:105} INFO - Job 242: Subtask generate_customer_dim_data
[2025-02-08T19:02:36.732+0000] {task_command.py:467} INFO - Running <TaskInstance: customer_dim_generator.generate_customer_dim_data scheduled__2024-11-18T00:00:00+00:00 [running]> on host 2c1cd59afcc0
[2025-02-08T19:02:36.842+0000] {taskinstance.py:3131} INFO - Exporting env vars: AIRFLOW_CTX_DAG_OWNER='Saleh' AIRFLOW_CTX_DAG_ID='customer_dim_generator' AIRFLOW_CTX_TASK_ID='generate_customer_dim_data' AIRFLOW_CTX_EXECUTION_DATE='2024-11-18T00:00:00+00:00' AIRFLOW_CTX_TRY_NUMBER='1' AIRFLOW_CTX_DAG_RUN_ID='scheduled__2024-11-18T00:00:00+00:00'
[2025-02-08T19:02:36.843+0000] {taskinstance.py:731} INFO - ::endgroup::
[2025-02-08T19:02:36.871+0000] {logging_mixin.py:190} INFO - CSV file './customer_dim_large_data.csv' with 100 rows has been generated successfully.
[2025-02-08T19:02:36.874+0000] {python.py:240} INFO - Done. Returned value was: None
[2025-02-08T19:02:36.900+0000] {taskinstance.py:340} INFO - ::group::Post task execution logs
[2025-02-08T19:02:36.901+0000] {taskinstance.py:352} INFO - Marking task as SUCCESS. dag_id=customer_dim_generator, task_id=generate_customer_dim_data, run_id=scheduled__2024-11-18T00:00:00+00:00, execution_date=20241118T000000, start_date=20250208T190236, end_date=20250208T190236
[2025-02-08T19:02:36.951+0000] {local_task_job_runner.py:266} INFO - Task exited with return code 0
[2025-02-08T19:02:36.960+0000] {local_task_job_runner.py:245} INFO - ::endgroup::
[2025-02-08T20:40:14.452+0000] {local_task_job_runner.py:123} INFO - ::group::Pre task execution logs
[2025-02-08T20:40:14.471+0000] {taskinstance.py:2612} INFO - Dependencies all met for dep_context=non-requeueable deps ti=<TaskInstance: customer_dim_generator.generate_customer_dim_data scheduled__2024-11-18T00:00:00+00:00 [queued]>
[2025-02-08T20:40:14.482+0000] {taskinstance.py:2612} INFO - Dependencies all met for dep_context=requeueable deps ti=<TaskInstance: customer_dim_generator.generate_customer_dim_data scheduled__2024-11-18T00:00:00+00:00 [queued]>
[2025-02-08T20:40:14.482+0000] {taskinstance.py:2865} INFO - Starting attempt 1 of 1
[2025-02-08T20:40:14.501+0000] {taskinstance.py:2888} INFO - Executing <Task(PythonOperator): generate_customer_dim_data> on 2024-11-18 00:00:00+00:00
[2025-02-08T20:40:14.515+0000] {standard_task_runner.py:104} INFO - Running: ['***', 'tasks', 'run', 'customer_dim_generator', 'generate_customer_dim_data', 'scheduled__2024-11-18T00:00:00+00:00', '--job-id', '130', '--raw', '--subdir', 'DAGS_FOLDER/customer_dim_gen.py', '--cfg-path', '/tmp/tmpn47kx4lo']
[2025-02-08T20:40:14.518+0000] {logging_mixin.py:190} WARNING - /home/***/.local/lib/python3.12/site-packages/***/task/task_runner/standard_task_runner.py:70 DeprecationWarning: This process (pid=1114) is multi-threaded, use of fork() may lead to deadlocks in the child.
[2025-02-08T20:40:14.519+0000] {standard_task_runner.py:72} INFO - Started process 1136 to run task
[2025-02-08T20:40:14.519+0000] {standard_task_runner.py:105} INFO - Job 130: Subtask generate_customer_dim_data
[2025-02-08T20:40:14.576+0000] {task_command.py:467} INFO - Running <TaskInstance: customer_dim_generator.generate_customer_dim_data scheduled__2024-11-18T00:00:00+00:00 [running]> on host 7e959c1a2a8b
[2025-02-08T20:40:14.692+0000] {taskinstance.py:3131} INFO - Exporting env vars: AIRFLOW_CTX_DAG_OWNER='Saleh' AIRFLOW_CTX_DAG_ID='customer_dim_generator' AIRFLOW_CTX_TASK_ID='generate_customer_dim_data' AIRFLOW_CTX_EXECUTION_DATE='2024-11-18T00:00:00+00:00' AIRFLOW_CTX_TRY_NUMBER='1' AIRFLOW_CTX_DAG_RUN_ID='scheduled__2024-11-18T00:00:00+00:00'
[2025-02-08T20:40:14.696+0000] {taskinstance.py:731} INFO - ::endgroup::
[2025-02-08T20:40:14.734+0000] {logging_mixin.py:190} INFO - CSV file './customer_dim_large_data.csv' with 100 rows has been generated successfully.
[2025-02-08T20:40:14.735+0000] {python.py:240} INFO - Done. Returned value was: None
[2025-02-08T20:40:14.748+0000] {taskinstance.py:340} INFO - ::group::Post task execution logs
[2025-02-08T20:40:14.749+0000] {taskinstance.py:352} INFO - Marking task as SUCCESS. dag_id=customer_dim_generator, task_id=generate_customer_dim_data, run_id=scheduled__2024-11-18T00:00:00+00:00, execution_date=20241118T000000, start_date=20250208T204014, end_date=20250208T204014
[2025-02-08T20:40:14.819+0000] {local_task_job_runner.py:266} INFO - Task exited with return code 0
[2025-02-08T20:40:14.838+0000] {local_task_job_runner.py:245} INFO - ::endgroup::
[2025-02-08T20:43:05.705+0000] {local_task_job_runner.py:123} INFO - ::group::Pre task execution logs
[2025-02-08T20:43:05.720+0000] {taskinstance.py:2612} INFO - Dependencies all met for dep_context=non-requeueable deps ti=<TaskInstance: customer_dim_generator.generate_customer_dim_data scheduled__2024-11-18T00:00:00+00:00 [queued]>
[2025-02-08T20:43:05.728+0000] {taskinstance.py:2612} INFO - Dependencies all met for dep_context=requeueable deps ti=<TaskInstance: customer_dim_generator.generate_customer_dim_data scheduled__2024-11-18T00:00:00+00:00 [queued]>
[2025-02-08T20:43:05.728+0000] {taskinstance.py:2865} INFO - Starting attempt 1 of 1
[2025-02-08T20:43:05.740+0000] {taskinstance.py:2888} INFO - Executing <Task(PythonOperator): generate_customer_dim_data> on 2024-11-18 00:00:00+00:00
[2025-02-08T20:43:05.749+0000] {logging_mixin.py:190} WARNING - /home/***/.local/lib/python3.12/site-packages/***/task/task_runner/standard_task_runner.py:70 DeprecationWarning: This process (pid=557) is multi-threaded, use of fork() may lead to deadlocks in the child.
[2025-02-08T20:43:05.750+0000] {standard_task_runner.py:72} INFO - Started process 571 to run task
[2025-02-08T20:43:05.749+0000] {standard_task_runner.py:104} INFO - Running: ['***', 'tasks', 'run', 'customer_dim_generator', 'generate_customer_dim_data', 'scheduled__2024-11-18T00:00:00+00:00', '--job-id', '447', '--raw', '--subdir', 'DAGS_FOLDER/customer_dim_gen.py', '--cfg-path', '/tmp/tmpve1i4_kg']
[2025-02-08T20:43:05.751+0000] {standard_task_runner.py:105} INFO - Job 447: Subtask generate_customer_dim_data
[2025-02-08T20:43:05.786+0000] {task_command.py:467} INFO - Running <TaskInstance: customer_dim_generator.generate_customer_dim_data scheduled__2024-11-18T00:00:00+00:00 [running]> on host 86932746817d
[2025-02-08T20:43:05.858+0000] {taskinstance.py:3131} INFO - Exporting env vars: AIRFLOW_CTX_DAG_OWNER='Saleh' AIRFLOW_CTX_DAG_ID='customer_dim_generator' AIRFLOW_CTX_TASK_ID='generate_customer_dim_data' AIRFLOW_CTX_EXECUTION_DATE='2024-11-18T00:00:00+00:00' AIRFLOW_CTX_TRY_NUMBER='1' AIRFLOW_CTX_DAG_RUN_ID='scheduled__2024-11-18T00:00:00+00:00'
[2025-02-08T20:43:05.859+0000] {taskinstance.py:731} INFO - ::endgroup::
[2025-02-08T20:43:05.877+0000] {logging_mixin.py:190} INFO - CSV file './customer_dim_large_data.csv' with 100 rows has been generated successfully.
[2025-02-08T20:43:05.877+0000] {python.py:240} INFO - Done. Returned value was: None
[2025-02-08T20:43:05.884+0000] {taskinstance.py:340} INFO - ::group::Post task execution logs
[2025-02-08T20:43:05.885+0000] {taskinstance.py:352} INFO - Marking task as SUCCESS. dag_id=customer_dim_generator, task_id=generate_customer_dim_data, run_id=scheduled__2024-11-18T00:00:00+00:00, execution_date=20241118T000000, start_date=20250208T204305, end_date=20250208T204305
[2025-02-08T20:43:05.924+0000] {local_task_job_runner.py:266} INFO - Task exited with return code 0
[2025-02-08T20:43:05.938+0000] {taskinstance.py:3900} INFO - 0 downstream tasks scheduled from follow-on schedule check
[2025-02-08T20:43:05.941+0000] {local_task_job_runner.py:245} INFO - ::endgroup::
