[2025-02-08T19:02:13.330+0000] {local_task_job_runner.py:123} INFO - ::group::Pre task execution logs
[2025-02-08T19:02:13.348+0000] {taskinstance.py:2612} INFO - Dependencies all met for dep_context=non-requeueable deps ti=<TaskInstance: branch_dim_gen.generate_branch_dim_data scheduled__2024-09-27T00:00:00+00:00 [queued]>
[2025-02-08T19:02:13.358+0000] {taskinstance.py:2612} INFO - Dependencies all met for dep_context=requeueable deps ti=<TaskInstance: branch_dim_gen.generate_branch_dim_data scheduled__2024-09-27T00:00:00+00:00 [queued]>
[2025-02-08T19:02:13.359+0000] {taskinstance.py:2865} INFO - Starting attempt 1 of 1
[2025-02-08T19:02:13.491+0000] {taskinstance.py:2888} INFO - Executing <Task(PythonOperator): generate_branch_dim_data> on 2024-09-27 00:00:00+00:00
[2025-02-08T19:02:13.501+0000] {logging_mixin.py:190} WARNING - /home/***/.local/lib/python3.12/site-packages/***/task/task_runner/standard_task_runner.py:70 DeprecationWarning: This process (pid=1287) is multi-threaded, use of fork() may lead to deadlocks in the child.
[2025-02-08T19:02:13.502+0000] {standard_task_runner.py:72} INFO - Started process 1303 to run task
[2025-02-08T19:02:13.501+0000] {standard_task_runner.py:104} INFO - Running: ['***', 'tasks', 'run', 'branch_dim_gen', 'generate_branch_dim_data', 'scheduled__2024-09-27T00:00:00+00:00', '--job-id', '184', '--raw', '--subdir', 'DAGS_FOLDER/brnach_dim_gen.py', '--cfg-path', '/tmp/tmpgjhjp_ns']
[2025-02-08T19:02:13.505+0000] {standard_task_runner.py:105} INFO - Job 184: Subtask generate_branch_dim_data
[2025-02-08T19:02:13.558+0000] {task_command.py:467} INFO - Running <TaskInstance: branch_dim_gen.generate_branch_dim_data scheduled__2024-09-27T00:00:00+00:00 [running]> on host 2c1cd59afcc0
[2025-02-08T19:02:13.677+0000] {taskinstance.py:3131} INFO - Exporting env vars: AIRFLOW_CTX_DAG_OWNER='Saleh' AIRFLOW_CTX_DAG_ID='branch_dim_gen' AIRFLOW_CTX_TASK_ID='generate_branch_dim_data' AIRFLOW_CTX_EXECUTION_DATE='2024-09-27T00:00:00+00:00' AIRFLOW_CTX_TRY_NUMBER='1' AIRFLOW_CTX_DAG_RUN_ID='scheduled__2024-09-27T00:00:00+00:00'
[2025-02-08T19:02:13.678+0000] {taskinstance.py:731} INFO - ::endgroup::
[2025-02-08T19:02:13.702+0000] {logging_mixin.py:190} INFO - CSV file './branch_dim_large_data.csv' with 50 rows has been generated successfully.
[2025-02-08T19:02:13.703+0000] {python.py:240} INFO - Done. Returned value was: None
[2025-02-08T19:02:13.712+0000] {taskinstance.py:340} INFO - ::group::Post task execution logs
[2025-02-08T19:02:13.712+0000] {taskinstance.py:352} INFO - Marking task as SUCCESS. dag_id=branch_dim_gen, task_id=generate_branch_dim_data, run_id=scheduled__2024-09-27T00:00:00+00:00, execution_date=20240927T000000, start_date=20250208T190213, end_date=20250208T190213
[2025-02-08T19:02:13.759+0000] {local_task_job_runner.py:266} INFO - Task exited with return code 0
[2025-02-08T19:02:13.776+0000] {taskinstance.py:3900} INFO - 0 downstream tasks scheduled from follow-on schedule check
[2025-02-08T19:02:13.790+0000] {local_task_job_runner.py:245} INFO - ::endgroup::
[2025-02-08T20:39:44.883+0000] {local_task_job_runner.py:123} INFO - ::group::Pre task execution logs
[2025-02-08T20:39:44.936+0000] {taskinstance.py:2612} INFO - Dependencies all met for dep_context=non-requeueable deps ti=<TaskInstance: branch_dim_gen.generate_branch_dim_data scheduled__2024-09-27T00:00:00+00:00 [queued]>
[2025-02-08T20:39:44.966+0000] {taskinstance.py:2612} INFO - Dependencies all met for dep_context=requeueable deps ti=<TaskInstance: branch_dim_gen.generate_branch_dim_data scheduled__2024-09-27T00:00:00+00:00 [queued]>
[2025-02-08T20:39:44.968+0000] {taskinstance.py:2865} INFO - Starting attempt 1 of 1
[2025-02-08T20:39:45.016+0000] {taskinstance.py:2888} INFO - Executing <Task(PythonOperator): generate_branch_dim_data> on 2024-09-27 00:00:00+00:00
[2025-02-08T20:39:45.029+0000] {logging_mixin.py:190} WARNING - /home/***/.local/lib/python3.12/site-packages/***/task/task_runner/standard_task_runner.py:70 DeprecationWarning: This process (pid=725) is multi-threaded, use of fork() may lead to deadlocks in the child.
[2025-02-08T20:39:45.030+0000] {standard_task_runner.py:72} INFO - Started process 773 to run task
[2025-02-08T20:39:45.030+0000] {standard_task_runner.py:104} INFO - Running: ['***', 'tasks', 'run', 'branch_dim_gen', 'generate_branch_dim_data', 'scheduled__2024-09-27T00:00:00+00:00', '--job-id', '40', '--raw', '--subdir', 'DAGS_FOLDER/brnach_dim_gen.py', '--cfg-path', '/tmp/tmptx93hxaw']
[2025-02-08T20:39:45.037+0000] {standard_task_runner.py:105} INFO - Job 40: Subtask generate_branch_dim_data
[2025-02-08T20:39:45.158+0000] {task_command.py:467} INFO - Running <TaskInstance: branch_dim_gen.generate_branch_dim_data scheduled__2024-09-27T00:00:00+00:00 [running]> on host 7e959c1a2a8b
[2025-02-08T20:39:45.309+0000] {taskinstance.py:3131} INFO - Exporting env vars: AIRFLOW_CTX_DAG_OWNER='Saleh' AIRFLOW_CTX_DAG_ID='branch_dim_gen' AIRFLOW_CTX_TASK_ID='generate_branch_dim_data' AIRFLOW_CTX_EXECUTION_DATE='2024-09-27T00:00:00+00:00' AIRFLOW_CTX_TRY_NUMBER='1' AIRFLOW_CTX_DAG_RUN_ID='scheduled__2024-09-27T00:00:00+00:00'
[2025-02-08T20:39:45.314+0000] {taskinstance.py:731} INFO - ::endgroup::
[2025-02-08T20:39:45.348+0000] {logging_mixin.py:190} INFO - CSV file './branch_dim_large_data.csv' with 50 rows has been generated successfully.
[2025-02-08T20:39:45.349+0000] {python.py:240} INFO - Done. Returned value was: None
[2025-02-08T20:39:45.356+0000] {taskinstance.py:340} INFO - ::group::Post task execution logs
[2025-02-08T20:39:45.357+0000] {taskinstance.py:352} INFO - Marking task as SUCCESS. dag_id=branch_dim_gen, task_id=generate_branch_dim_data, run_id=scheduled__2024-09-27T00:00:00+00:00, execution_date=20240927T000000, start_date=20250208T203944, end_date=20250208T203945
[2025-02-08T20:39:45.384+0000] {local_task_job_runner.py:266} INFO - Task exited with return code 0
[2025-02-08T20:39:45.401+0000] {taskinstance.py:3900} INFO - 0 downstream tasks scheduled from follow-on schedule check
[2025-02-08T20:39:45.407+0000] {local_task_job_runner.py:245} INFO - ::endgroup::
