[2025-02-08T19:03:33.257+0000] {local_task_job_runner.py:123} INFO - ::group::Pre task execution logs
[2025-02-08T19:03:33.274+0000] {taskinstance.py:2612} INFO - Dependencies all met for dep_context=non-requeueable deps ti=<TaskInstance: branch_dim_gen.generate_branch_dim_data scheduled__2025-01-21T00:00:00+00:00 [queued]>
[2025-02-08T19:03:33.282+0000] {taskinstance.py:2612} INFO - Dependencies all met for dep_context=requeueable deps ti=<TaskInstance: branch_dim_gen.generate_branch_dim_data scheduled__2025-01-21T00:00:00+00:00 [queued]>
[2025-02-08T19:03:33.283+0000] {taskinstance.py:2865} INFO - Starting attempt 1 of 1
[2025-02-08T19:03:33.341+0000] {taskinstance.py:2888} INFO - Executing <Task(PythonOperator): generate_branch_dim_data> on 2025-01-21 00:00:00+00:00
[2025-02-08T19:03:33.351+0000] {logging_mixin.py:190} WARNING - /home/***/.local/lib/python3.12/site-packages/***/task/task_runner/standard_task_runner.py:70 DeprecationWarning: This process (pid=2241) is multi-threaded, use of fork() may lead to deadlocks in the child.
[2025-02-08T19:03:33.352+0000] {standard_task_runner.py:72} INFO - Started process 2255 to run task
[2025-02-08T19:03:33.351+0000] {standard_task_runner.py:104} INFO - Running: ['***', 'tasks', 'run', 'branch_dim_gen', 'generate_branch_dim_data', 'scheduled__2025-01-21T00:00:00+00:00', '--job-id', '409', '--raw', '--subdir', 'DAGS_FOLDER/brnach_dim_gen.py', '--cfg-path', '/tmp/tmp78lx_4o1']
[2025-02-08T19:03:33.353+0000] {standard_task_runner.py:105} INFO - Job 409: Subtask generate_branch_dim_data
[2025-02-08T19:03:33.397+0000] {task_command.py:467} INFO - Running <TaskInstance: branch_dim_gen.generate_branch_dim_data scheduled__2025-01-21T00:00:00+00:00 [running]> on host 2c1cd59afcc0
[2025-02-08T19:03:33.485+0000] {taskinstance.py:3131} INFO - Exporting env vars: AIRFLOW_CTX_DAG_OWNER='Saleh' AIRFLOW_CTX_DAG_ID='branch_dim_gen' AIRFLOW_CTX_TASK_ID='generate_branch_dim_data' AIRFLOW_CTX_EXECUTION_DATE='2025-01-21T00:00:00+00:00' AIRFLOW_CTX_TRY_NUMBER='1' AIRFLOW_CTX_DAG_RUN_ID='scheduled__2025-01-21T00:00:00+00:00'
[2025-02-08T19:03:33.487+0000] {taskinstance.py:731} INFO - ::endgroup::
[2025-02-08T19:03:33.512+0000] {logging_mixin.py:190} INFO - CSV file './branch_dim_large_data.csv' with 50 rows has been generated successfully.
[2025-02-08T19:03:33.512+0000] {python.py:240} INFO - Done. Returned value was: None
[2025-02-08T19:03:33.521+0000] {taskinstance.py:340} INFO - ::group::Post task execution logs
[2025-02-08T19:03:33.521+0000] {taskinstance.py:352} INFO - Marking task as SUCCESS. dag_id=branch_dim_gen, task_id=generate_branch_dim_data, run_id=scheduled__2025-01-21T00:00:00+00:00, execution_date=20250121T000000, start_date=20250208T190333, end_date=20250208T190333
[2025-02-08T19:03:33.567+0000] {local_task_job_runner.py:266} INFO - Task exited with return code 0
[2025-02-08T19:03:33.585+0000] {taskinstance.py:3900} INFO - 0 downstream tasks scheduled from follow-on schedule check
[2025-02-08T19:03:33.587+0000] {local_task_job_runner.py:245} INFO - ::endgroup::
[2025-02-08T20:42:24.956+0000] {local_task_job_runner.py:123} INFO - ::group::Pre task execution logs
[2025-02-08T20:42:24.971+0000] {taskinstance.py:2612} INFO - Dependencies all met for dep_context=non-requeueable deps ti=<TaskInstance: branch_dim_gen.generate_branch_dim_data scheduled__2025-01-21T00:00:00+00:00 [queued]>
[2025-02-08T20:42:24.982+0000] {taskinstance.py:2612} INFO - Dependencies all met for dep_context=requeueable deps ti=<TaskInstance: branch_dim_gen.generate_branch_dim_data scheduled__2025-01-21T00:00:00+00:00 [queued]>
[2025-02-08T20:42:24.982+0000] {taskinstance.py:2865} INFO - Starting attempt 1 of 1
[2025-02-08T20:42:24.997+0000] {taskinstance.py:2888} INFO - Executing <Task(PythonOperator): generate_branch_dim_data> on 2025-01-21 00:00:00+00:00
[2025-02-08T20:42:25.004+0000] {standard_task_runner.py:104} INFO - Running: ['***', 'tasks', 'run', 'branch_dim_gen', 'generate_branch_dim_data', 'scheduled__2025-01-21T00:00:00+00:00', '--job-id', '368', '--raw', '--subdir', 'DAGS_FOLDER/brnach_dim_gen.py', '--cfg-path', '/tmp/tmpjwzunn54']
[2025-02-08T20:42:25.007+0000] {standard_task_runner.py:105} INFO - Job 368: Subtask generate_branch_dim_data
[2025-02-08T20:42:25.007+0000] {logging_mixin.py:190} WARNING - /home/***/.local/lib/python3.12/site-packages/***/task/task_runner/standard_task_runner.py:70 DeprecationWarning: This process (pid=217) is multi-threaded, use of fork() may lead to deadlocks in the child.
[2025-02-08T20:42:25.008+0000] {standard_task_runner.py:72} INFO - Started process 226 to run task
[2025-02-08T20:42:25.049+0000] {task_command.py:467} INFO - Running <TaskInstance: branch_dim_gen.generate_branch_dim_data scheduled__2025-01-21T00:00:00+00:00 [running]> on host 86932746817d
[2025-02-08T20:42:25.130+0000] {taskinstance.py:3131} INFO - Exporting env vars: AIRFLOW_CTX_DAG_OWNER='Saleh' AIRFLOW_CTX_DAG_ID='branch_dim_gen' AIRFLOW_CTX_TASK_ID='generate_branch_dim_data' AIRFLOW_CTX_EXECUTION_DATE='2025-01-21T00:00:00+00:00' AIRFLOW_CTX_TRY_NUMBER='1' AIRFLOW_CTX_DAG_RUN_ID='scheduled__2025-01-21T00:00:00+00:00'
[2025-02-08T20:42:25.131+0000] {taskinstance.py:731} INFO - ::endgroup::
[2025-02-08T20:42:25.159+0000] {logging_mixin.py:190} INFO - CSV file './branch_dim_large_data.csv' with 50 rows has been generated successfully.
[2025-02-08T20:42:25.159+0000] {python.py:240} INFO - Done. Returned value was: None
[2025-02-08T20:42:25.168+0000] {taskinstance.py:340} INFO - ::group::Post task execution logs
[2025-02-08T20:42:25.168+0000] {taskinstance.py:352} INFO - Marking task as SUCCESS. dag_id=branch_dim_gen, task_id=generate_branch_dim_data, run_id=scheduled__2025-01-21T00:00:00+00:00, execution_date=20250121T000000, start_date=20250208T204224, end_date=20250208T204225
[2025-02-08T20:42:25.222+0000] {local_task_job_runner.py:266} INFO - Task exited with return code 0
[2025-02-08T20:42:25.240+0000] {taskinstance.py:3900} INFO - 0 downstream tasks scheduled from follow-on schedule check
[2025-02-08T20:42:25.242+0000] {local_task_job_runner.py:245} INFO - ::endgroup::
