[2025-02-08T19:00:59.173+0000] {local_task_job_runner.py:123} INFO - ::group::Pre task execution logs
[2025-02-08T19:00:59.186+0000] {taskinstance.py:2612} INFO - Dependencies all met for dep_context=non-requeueable deps ti=<TaskInstance: account_dim_gen.generate_account_dim_data scheduled__2024-12-31T00:00:00+00:00 [queued]>
[2025-02-08T19:00:59.195+0000] {taskinstance.py:2612} INFO - Dependencies all met for dep_context=requeueable deps ti=<TaskInstance: account_dim_gen.generate_account_dim_data scheduled__2024-12-31T00:00:00+00:00 [queued]>
[2025-02-08T19:00:59.203+0000] {taskinstance.py:2865} INFO - Starting attempt 1 of 1
[2025-02-08T19:00:59.224+0000] {taskinstance.py:2888} INFO - Executing <Task(PythonOperator): generate_account_dim_data> on 2024-12-31 00:00:00+00:00
[2025-02-08T19:00:59.233+0000] {logging_mixin.py:190} WARNING - /home/***/.local/lib/python3.12/site-packages/***/task/task_runner/standard_task_runner.py:70 DeprecationWarning: This process (pid=945) is multi-threaded, use of fork() may lead to deadlocks in the child.
[2025-02-08T19:00:59.234+0000] {standard_task_runner.py:72} INFO - Started process 963 to run task
[2025-02-08T19:00:59.233+0000] {standard_task_runner.py:104} INFO - Running: ['***', 'tasks', 'run', 'account_dim_gen', 'generate_account_dim_data', 'scheduled__2024-12-31T00:00:00+00:00', '--job-id', '116', '--raw', '--subdir', 'DAGS_FOLDER/account_dim_gen.py', '--cfg-path', '/tmp/tmpvj5qieuu']
[2025-02-08T19:00:59.236+0000] {standard_task_runner.py:105} INFO - Job 116: Subtask generate_account_dim_data
[2025-02-08T19:00:59.281+0000] {task_command.py:467} INFO - Running <TaskInstance: account_dim_gen.generate_account_dim_data scheduled__2024-12-31T00:00:00+00:00 [running]> on host 2c1cd59afcc0
[2025-02-08T19:00:59.357+0000] {taskinstance.py:3131} INFO - Exporting env vars: AIRFLOW_CTX_DAG_OWNER='Saleh' AIRFLOW_CTX_DAG_ID='account_dim_gen' AIRFLOW_CTX_TASK_ID='generate_account_dim_data' AIRFLOW_CTX_EXECUTION_DATE='2024-12-31T00:00:00+00:00' AIRFLOW_CTX_TRY_NUMBER='1' AIRFLOW_CTX_DAG_RUN_ID='scheduled__2024-12-31T00:00:00+00:00'
[2025-02-08T19:00:59.358+0000] {taskinstance.py:731} INFO - ::endgroup::
[2025-02-08T19:00:59.375+0000] {logging_mixin.py:190} INFO - CSV file ./account_dim_large_data.csv with 50 row has been generated successfully!
[2025-02-08T19:00:59.375+0000] {python.py:240} INFO - Done. Returned value was: None
[2025-02-08T19:00:59.383+0000] {taskinstance.py:340} INFO - ::group::Post task execution logs
[2025-02-08T19:00:59.384+0000] {taskinstance.py:352} INFO - Marking task as SUCCESS. dag_id=account_dim_gen, task_id=generate_account_dim_data, run_id=scheduled__2024-12-31T00:00:00+00:00, execution_date=20241231T000000, start_date=20250208T190059, end_date=20250208T190059
[2025-02-08T19:00:59.408+0000] {local_task_job_runner.py:266} INFO - Task exited with return code 0
[2025-02-08T19:00:59.419+0000] {taskinstance.py:3900} INFO - 0 downstream tasks scheduled from follow-on schedule check
[2025-02-08T19:00:59.423+0000] {local_task_job_runner.py:245} INFO - ::endgroup::
[2025-02-08T20:41:07.997+0000] {local_task_job_runner.py:123} INFO - ::group::Pre task execution logs
[2025-02-08T20:41:08.023+0000] {taskinstance.py:2612} INFO - Dependencies all met for dep_context=non-requeueable deps ti=<TaskInstance: account_dim_gen.generate_account_dim_data scheduled__2024-12-31T00:00:00+00:00 [queued]>
[2025-02-08T20:41:08.038+0000] {taskinstance.py:2612} INFO - Dependencies all met for dep_context=requeueable deps ti=<TaskInstance: account_dim_gen.generate_account_dim_data scheduled__2024-12-31T00:00:00+00:00 [queued]>
[2025-02-08T20:41:08.040+0000] {taskinstance.py:2865} INFO - Starting attempt 1 of 1
[2025-02-08T20:41:08.058+0000] {taskinstance.py:2888} INFO - Executing <Task(PythonOperator): generate_account_dim_data> on 2024-12-31 00:00:00+00:00
[2025-02-08T20:41:08.072+0000] {logging_mixin.py:190} WARNING - /home/***/.local/lib/python3.12/site-packages/***/task/task_runner/standard_task_runner.py:70 DeprecationWarning: This process (pid=1954) is multi-threaded, use of fork() may lead to deadlocks in the child.
[2025-02-08T20:41:08.073+0000] {standard_task_runner.py:72} INFO - Started process 1980 to run task
[2025-02-08T20:41:08.072+0000] {standard_task_runner.py:104} INFO - Running: ['***', 'tasks', 'run', 'account_dim_gen', 'generate_account_dim_data', 'scheduled__2024-12-31T00:00:00+00:00', '--job-id', '328', '--raw', '--subdir', 'DAGS_FOLDER/account_dim_gen.py', '--cfg-path', '/tmp/tmp6o27it4a']
[2025-02-08T20:41:08.076+0000] {standard_task_runner.py:105} INFO - Job 328: Subtask generate_account_dim_data
[2025-02-08T20:41:08.140+0000] {task_command.py:467} INFO - Running <TaskInstance: account_dim_gen.generate_account_dim_data scheduled__2024-12-31T00:00:00+00:00 [running]> on host 7e959c1a2a8b
[2025-02-08T20:41:08.238+0000] {taskinstance.py:3131} INFO - Exporting env vars: AIRFLOW_CTX_DAG_OWNER='Saleh' AIRFLOW_CTX_DAG_ID='account_dim_gen' AIRFLOW_CTX_TASK_ID='generate_account_dim_data' AIRFLOW_CTX_EXECUTION_DATE='2024-12-31T00:00:00+00:00' AIRFLOW_CTX_TRY_NUMBER='1' AIRFLOW_CTX_DAG_RUN_ID='scheduled__2024-12-31T00:00:00+00:00'
[2025-02-08T20:41:08.239+0000] {taskinstance.py:731} INFO - ::endgroup::
[2025-02-08T20:41:08.265+0000] {logging_mixin.py:190} INFO - CSV file ./account_dim_large_data.csv with 50 row has been generated successfully!
[2025-02-08T20:41:08.268+0000] {python.py:240} INFO - Done. Returned value was: None
[2025-02-08T20:41:08.278+0000] {taskinstance.py:340} INFO - ::group::Post task execution logs
[2025-02-08T20:41:08.279+0000] {taskinstance.py:352} INFO - Marking task as SUCCESS. dag_id=account_dim_gen, task_id=generate_account_dim_data, run_id=scheduled__2024-12-31T00:00:00+00:00, execution_date=20241231T000000, start_date=20250208T204108, end_date=20250208T204108
[2025-02-08T20:41:08.332+0000] {local_task_job_runner.py:266} INFO - Task exited with return code 0
[2025-02-08T20:41:08.356+0000] {taskinstance.py:3900} INFO - 0 downstream tasks scheduled from follow-on schedule check
[2025-02-08T20:41:08.359+0000] {local_task_job_runner.py:245} INFO - ::endgroup::
