[2025-02-08T19:00:25.271+0000] {local_task_job_runner.py:123} INFO - ::group::Pre task execution logs
[2025-02-08T19:00:25.288+0000] {taskinstance.py:2612} INFO - Dependencies all met for dep_context=non-requeueable deps ti=<TaskInstance: account_dim_gen.generate_account_dim_data scheduled__2024-10-27T00:00:00+00:00 [queued]>
[2025-02-08T19:00:25.300+0000] {taskinstance.py:2612} INFO - Dependencies all met for dep_context=requeueable deps ti=<TaskInstance: account_dim_gen.generate_account_dim_data scheduled__2024-10-27T00:00:00+00:00 [queued]>
[2025-02-08T19:00:25.301+0000] {taskinstance.py:2865} INFO - Starting attempt 1 of 1
[2025-02-08T19:00:25.375+0000] {taskinstance.py:2888} INFO - Executing <Task(PythonOperator): generate_account_dim_data> on 2024-10-27 00:00:00+00:00
[2025-02-08T19:00:25.383+0000] {logging_mixin.py:190} WARNING - /home/***/.local/lib/python3.12/site-packages/***/task/task_runner/standard_task_runner.py:70 DeprecationWarning: This process (pid=659) is multi-threaded, use of fork() may lead to deadlocks in the child.
[2025-02-08T19:00:25.383+0000] {standard_task_runner.py:104} INFO - Running: ['***', 'tasks', 'run', 'account_dim_gen', 'generate_account_dim_data', 'scheduled__2024-10-27T00:00:00+00:00', '--job-id', '51', '--raw', '--subdir', 'DAGS_FOLDER/account_dim_gen.py', '--cfg-path', '/tmp/tmphi024cbi']
[2025-02-08T19:00:25.385+0000] {standard_task_runner.py:72} INFO - Started process 677 to run task
[2025-02-08T19:00:25.386+0000] {standard_task_runner.py:105} INFO - Job 51: Subtask generate_account_dim_data
[2025-02-08T19:00:25.432+0000] {task_command.py:467} INFO - Running <TaskInstance: account_dim_gen.generate_account_dim_data scheduled__2024-10-27T00:00:00+00:00 [running]> on host 2c1cd59afcc0
[2025-02-08T19:00:25.518+0000] {taskinstance.py:3131} INFO - Exporting env vars: AIRFLOW_CTX_DAG_OWNER='Saleh' AIRFLOW_CTX_DAG_ID='account_dim_gen' AIRFLOW_CTX_TASK_ID='generate_account_dim_data' AIRFLOW_CTX_EXECUTION_DATE='2024-10-27T00:00:00+00:00' AIRFLOW_CTX_TRY_NUMBER='1' AIRFLOW_CTX_DAG_RUN_ID='scheduled__2024-10-27T00:00:00+00:00'
[2025-02-08T19:00:25.520+0000] {taskinstance.py:731} INFO - ::endgroup::
[2025-02-08T19:00:25.541+0000] {logging_mixin.py:190} INFO - CSV file ./account_dim_large_data.csv with 50 row has been generated successfully!
[2025-02-08T19:00:25.541+0000] {python.py:240} INFO - Done. Returned value was: None
[2025-02-08T19:00:25.550+0000] {taskinstance.py:340} INFO - ::group::Post task execution logs
[2025-02-08T19:00:25.550+0000] {taskinstance.py:352} INFO - Marking task as SUCCESS. dag_id=account_dim_gen, task_id=generate_account_dim_data, run_id=scheduled__2024-10-27T00:00:00+00:00, execution_date=20241027T000000, start_date=20250208T190025, end_date=20250208T190025
[2025-02-08T19:00:25.603+0000] {local_task_job_runner.py:266} INFO - Task exited with return code 0
[2025-02-08T19:00:25.610+0000] {local_task_job_runner.py:245} INFO - ::endgroup::
[2025-02-08T20:40:15.257+0000] {local_task_job_runner.py:123} INFO - ::group::Pre task execution logs
[2025-02-08T20:40:15.289+0000] {taskinstance.py:2612} INFO - Dependencies all met for dep_context=non-requeueable deps ti=<TaskInstance: account_dim_gen.generate_account_dim_data scheduled__2024-10-27T00:00:00+00:00 [queued]>
[2025-02-08T20:40:15.305+0000] {taskinstance.py:2612} INFO - Dependencies all met for dep_context=requeueable deps ti=<TaskInstance: account_dim_gen.generate_account_dim_data scheduled__2024-10-27T00:00:00+00:00 [queued]>
[2025-02-08T20:40:15.305+0000] {taskinstance.py:2865} INFO - Starting attempt 1 of 1
[2025-02-08T20:40:15.323+0000] {taskinstance.py:2888} INFO - Executing <Task(PythonOperator): generate_account_dim_data> on 2024-10-27 00:00:00+00:00
[2025-02-08T20:40:15.337+0000] {logging_mixin.py:190} WARNING - /home/***/.local/lib/python3.12/site-packages/***/task/task_runner/standard_task_runner.py:70 DeprecationWarning: This process (pid=1132) is multi-threaded, use of fork() may lead to deadlocks in the child.
[2025-02-08T20:40:15.335+0000] {standard_task_runner.py:104} INFO - Running: ['***', 'tasks', 'run', 'account_dim_gen', 'generate_account_dim_data', 'scheduled__2024-10-27T00:00:00+00:00', '--job-id', '132', '--raw', '--subdir', 'DAGS_FOLDER/account_dim_gen.py', '--cfg-path', '/tmp/tmpi8rbe16z']
[2025-02-08T20:40:15.338+0000] {standard_task_runner.py:72} INFO - Started process 1160 to run task
[2025-02-08T20:40:15.338+0000] {standard_task_runner.py:105} INFO - Job 132: Subtask generate_account_dim_data
[2025-02-08T20:40:15.414+0000] {task_command.py:467} INFO - Running <TaskInstance: account_dim_gen.generate_account_dim_data scheduled__2024-10-27T00:00:00+00:00 [running]> on host 7e959c1a2a8b
[2025-02-08T20:40:15.520+0000] {taskinstance.py:3131} INFO - Exporting env vars: AIRFLOW_CTX_DAG_OWNER='Saleh' AIRFLOW_CTX_DAG_ID='account_dim_gen' AIRFLOW_CTX_TASK_ID='generate_account_dim_data' AIRFLOW_CTX_EXECUTION_DATE='2024-10-27T00:00:00+00:00' AIRFLOW_CTX_TRY_NUMBER='1' AIRFLOW_CTX_DAG_RUN_ID='scheduled__2024-10-27T00:00:00+00:00'
[2025-02-08T20:40:15.529+0000] {taskinstance.py:731} INFO - ::endgroup::
[2025-02-08T20:40:15.573+0000] {logging_mixin.py:190} INFO - CSV file ./account_dim_large_data.csv with 50 row has been generated successfully!
[2025-02-08T20:40:15.577+0000] {python.py:240} INFO - Done. Returned value was: None
[2025-02-08T20:40:15.596+0000] {taskinstance.py:340} INFO - ::group::Post task execution logs
[2025-02-08T20:40:15.606+0000] {taskinstance.py:352} INFO - Marking task as SUCCESS. dag_id=account_dim_gen, task_id=generate_account_dim_data, run_id=scheduled__2024-10-27T00:00:00+00:00, execution_date=20241027T000000, start_date=20250208T204015, end_date=20250208T204015
[2025-02-08T20:40:15.701+0000] {local_task_job_runner.py:266} INFO - Task exited with return code 0
[2025-02-08T20:40:15.714+0000] {local_task_job_runner.py:245} INFO - ::endgroup::
