[2025-02-09T18:48:42.313+0000] {local_task_job_runner.py:123} INFO - ::group::Pre task execution logs
[2025-02-09T18:48:42.329+0000] {taskinstance.py:2612} INFO - Dependencies all met for dep_context=non-requeueable deps ti=<TaskInstance: dimension_batch_ingestion.ingest_branch_dim manual__2025-02-09T18:48:41.646045+00:00 [queued]>
[2025-02-09T18:48:42.461+0000] {taskinstance.py:2612} INFO - Dependencies all met for dep_context=requeueable deps ti=<TaskInstance: dimension_batch_ingestion.ingest_branch_dim manual__2025-02-09T18:48:41.646045+00:00 [queued]>
[2025-02-09T18:48:42.462+0000] {taskinstance.py:2865} INFO - Starting attempt 1 of 1
[2025-02-09T18:48:42.473+0000] {taskinstance.py:2888} INFO - Executing <Task(BashOperator): ingest_branch_dim> on 2025-02-09 18:48:41.646045+00:00
[2025-02-09T18:48:42.480+0000] {logging_mixin.py:190} WARNING - /home/***/.local/lib/python3.12/site-packages/***/task/task_runner/standard_task_runner.py:70 DeprecationWarning: This process (pid=7043) is multi-threaded, use of fork() may lead to deadlocks in the child.
[2025-02-09T18:48:42.481+0000] {standard_task_runner.py:72} INFO - Started process 7045 to run task
[2025-02-09T18:48:42.480+0000] {standard_task_runner.py:104} INFO - Running: ['***', 'tasks', 'run', 'dimension_batch_ingestion', 'ingest_branch_dim', 'manual__2025-02-09T18:48:41.646045+00:00', '--job-id', '930', '--raw', '--subdir', 'DAGS_FOLDER/loader_dag.py', '--cfg-path', '/tmp/tmp22a6i1gr']
[2025-02-09T18:48:42.482+0000] {standard_task_runner.py:105} INFO - Job 930: Subtask ingest_branch_dim
[2025-02-09T18:48:42.519+0000] {task_command.py:467} INFO - Running <TaskInstance: dimension_batch_ingestion.ingest_branch_dim manual__2025-02-09T18:48:41.646045+00:00 [running]> on host 3aeaa30cef4e
[2025-02-09T18:48:42.585+0000] {taskinstance.py:3131} INFO - Exporting env vars: AIRFLOW_CTX_DAG_OWNER='Saleh' AIRFLOW_CTX_DAG_ID='dimension_batch_ingestion' AIRFLOW_CTX_TASK_ID='ingest_branch_dim' AIRFLOW_CTX_EXECUTION_DATE='2025-02-09T18:48:41.646045+00:00' AIRFLOW_CTX_TRY_NUMBER='1' AIRFLOW_CTX_DAG_RUN_ID='manual__2025-02-09T18:48:41.646045+00:00'
[2025-02-09T18:48:42.586+0000] {taskinstance.py:731} INFO - ::endgroup::
[2025-02-09T18:48:42.599+0000] {subprocess.py:63} INFO - Tmp dir root location: /tmp
[2025-02-09T18:48:42.600+0000] {subprocess.py:75} INFO - Running command: ['/usr/bin/bash', '-c', 'curl -X POST -F file=@/opt/***/branch_dim_large_data.csv -H "Content-Type: multipart/form-data" "http://pinot-controller:9000/ingestFromFile?tableNameWithType=branch_dim_OFFLINE&batchConfigMapStr=%7B%22inputFormat%22%3A%22csv%22%2C%22recordReader.prop.delimiter%22%3A%22%2C%22%7D"']
[2025-02-09T18:48:42.609+0000] {subprocess.py:86} INFO - Output:
[2025-02-09T18:48:42.616+0000] {subprocess.py:93} INFO -   % Total    % Received % Xferd  Average Speed   Time    Time     Time  Current
[2025-02-09T18:48:42.617+0000] {subprocess.py:93} INFO -                                  Dload  Upload   Total   Spent    Left  Speed
[2025-02-09T18:48:42.767+0000] {subprocess.py:93} INFO -   0     0    0     0    0     0      0      0 --:--:-- --:--:-- --:--:--     0100  4047  100   107  100  3940    713  26285 --:--:-- --:--:-- --:--:-- 27161
[2025-02-09T18:48:42.767+0000] {subprocess.py:93} INFO - {"status":"Successfully ingested file into table: branch_dim_OFFLINE as segment: branch_dim_1739126922624"}
[2025-02-09T18:48:42.768+0000] {subprocess.py:97} INFO - Command exited with return code 0
[2025-02-09T18:48:42.791+0000] {taskinstance.py:340} INFO - ::group::Post task execution logs
[2025-02-09T18:48:42.792+0000] {taskinstance.py:352} INFO - Marking task as SUCCESS. dag_id=dimension_batch_ingestion, task_id=ingest_branch_dim, run_id=manual__2025-02-09T18:48:41.646045+00:00, execution_date=20250209T184841, start_date=20250209T184842, end_date=20250209T184842
[2025-02-09T18:48:42.816+0000] {local_task_job_runner.py:266} INFO - Task exited with return code 0
[2025-02-09T18:48:42.828+0000] {local_task_job_runner.py:245} INFO - ::endgroup::
