[2025-02-08T19:00:02.209+0000] {local_task_job_runner.py:123} INFO - ::group::Pre task execution logs
[2025-02-08T19:00:02.244+0000] {taskinstance.py:2612} INFO - Dependencies all met for dep_context=non-requeueable deps ti=<TaskInstance: account_dim_gen.generate_account_dim_data scheduled__2024-09-26T00:00:00+00:00 [queued]>
[2025-02-08T19:00:02.265+0000] {taskinstance.py:2612} INFO - Dependencies all met for dep_context=requeueable deps ti=<TaskInstance: account_dim_gen.generate_account_dim_data scheduled__2024-09-26T00:00:00+00:00 [queued]>
[2025-02-08T19:00:02.267+0000] {taskinstance.py:2865} INFO - Starting attempt 1 of 1
[2025-02-08T19:00:02.288+0000] {taskinstance.py:2888} INFO - Executing <Task(PythonOperator): generate_account_dim_data> on 2024-09-26 00:00:00+00:00
[2025-02-08T19:00:02.311+0000] {logging_mixin.py:190} WARNING - /home/***/.local/lib/python3.12/site-packages/***/task/task_runner/standard_task_runner.py:70 DeprecationWarning: This process (pid=495) is multi-threaded, use of fork() may lead to deadlocks in the child.
[2025-02-08T19:00:02.323+0000] {standard_task_runner.py:72} INFO - Started process 524 to run task
[2025-02-08T19:00:02.333+0000] {standard_task_runner.py:104} INFO - Running: ['***', 'tasks', 'run', 'account_dim_gen', 'generate_account_dim_data', 'scheduled__2024-09-26T00:00:00+00:00', '--job-id', '17', '--raw', '--subdir', 'DAGS_FOLDER/account_dim_gen.py', '--cfg-path', '/tmp/tmpx31z5bm9']
[2025-02-08T19:00:02.355+0000] {standard_task_runner.py:105} INFO - Job 17: Subtask generate_account_dim_data
[2025-02-08T19:00:02.603+0000] {task_command.py:467} INFO - Running <TaskInstance: account_dim_gen.generate_account_dim_data scheduled__2024-09-26T00:00:00+00:00 [running]> on host 2c1cd59afcc0
[2025-02-08T19:00:02.751+0000] {taskinstance.py:3131} INFO - Exporting env vars: AIRFLOW_CTX_DAG_OWNER='Saleh' AIRFLOW_CTX_DAG_ID='account_dim_gen' AIRFLOW_CTX_TASK_ID='generate_account_dim_data' AIRFLOW_CTX_EXECUTION_DATE='2024-09-26T00:00:00+00:00' AIRFLOW_CTX_TRY_NUMBER='1' AIRFLOW_CTX_DAG_RUN_ID='scheduled__2024-09-26T00:00:00+00:00'
[2025-02-08T19:00:02.760+0000] {taskinstance.py:731} INFO - ::endgroup::
[2025-02-08T19:00:02.819+0000] {logging_mixin.py:190} INFO - CSV file ./account_dim_large_data.csv with 50 row has been generated successfully!
[2025-02-08T19:00:02.820+0000] {python.py:240} INFO - Done. Returned value was: None
[2025-02-08T19:00:02.835+0000] {taskinstance.py:340} INFO - ::group::Post task execution logs
[2025-02-08T19:00:02.845+0000] {taskinstance.py:352} INFO - Marking task as SUCCESS. dag_id=account_dim_gen, task_id=generate_account_dim_data, run_id=scheduled__2024-09-26T00:00:00+00:00, execution_date=20240926T000000, start_date=20250208T190002, end_date=20250208T190002
[2025-02-08T19:00:02.924+0000] {local_task_job_runner.py:266} INFO - Task exited with return code 0
[2025-02-08T19:00:02.943+0000] {taskinstance.py:3900} INFO - 0 downstream tasks scheduled from follow-on schedule check
[2025-02-08T19:00:02.948+0000] {local_task_job_runner.py:245} INFO - ::endgroup::
[2025-02-08T20:39:44.852+0000] {local_task_job_runner.py:123} INFO - ::group::Pre task execution logs
[2025-02-08T20:39:44.884+0000] {taskinstance.py:2612} INFO - Dependencies all met for dep_context=non-requeueable deps ti=<TaskInstance: account_dim_gen.generate_account_dim_data scheduled__2024-09-26T00:00:00+00:00 [queued]>
[2025-02-08T20:39:44.894+0000] {taskinstance.py:2612} INFO - Dependencies all met for dep_context=requeueable deps ti=<TaskInstance: account_dim_gen.generate_account_dim_data scheduled__2024-09-26T00:00:00+00:00 [queued]>
[2025-02-08T20:39:44.899+0000] {taskinstance.py:2865} INFO - Starting attempt 1 of 1
[2025-02-08T20:39:44.914+0000] {taskinstance.py:2888} INFO - Executing <Task(PythonOperator): generate_account_dim_data> on 2024-09-26 00:00:00+00:00
[2025-02-08T20:39:44.927+0000] {logging_mixin.py:190} WARNING - /home/***/.local/lib/python3.12/site-packages/***/task/task_runner/standard_task_runner.py:70 DeprecationWarning: This process (pid=732) is multi-threaded, use of fork() may lead to deadlocks in the child.
[2025-02-08T20:39:44.929+0000] {standard_task_runner.py:72} INFO - Started process 763 to run task
[2025-02-08T20:39:44.927+0000] {standard_task_runner.py:104} INFO - Running: ['***', 'tasks', 'run', 'account_dim_gen', 'generate_account_dim_data', 'scheduled__2024-09-26T00:00:00+00:00', '--job-id', '39', '--raw', '--subdir', 'DAGS_FOLDER/account_dim_gen.py', '--cfg-path', '/tmp/tmpg4mk2v3c']
[2025-02-08T20:39:44.930+0000] {standard_task_runner.py:105} INFO - Job 39: Subtask generate_account_dim_data
[2025-02-08T20:39:44.993+0000] {task_command.py:467} INFO - Running <TaskInstance: account_dim_gen.generate_account_dim_data scheduled__2024-09-26T00:00:00+00:00 [running]> on host 7e959c1a2a8b
[2025-02-08T20:39:45.135+0000] {taskinstance.py:3131} INFO - Exporting env vars: AIRFLOW_CTX_DAG_OWNER='Saleh' AIRFLOW_CTX_DAG_ID='account_dim_gen' AIRFLOW_CTX_TASK_ID='generate_account_dim_data' AIRFLOW_CTX_EXECUTION_DATE='2024-09-26T00:00:00+00:00' AIRFLOW_CTX_TRY_NUMBER='1' AIRFLOW_CTX_DAG_RUN_ID='scheduled__2024-09-26T00:00:00+00:00'
[2025-02-08T20:39:45.139+0000] {taskinstance.py:731} INFO - ::endgroup::
[2025-02-08T20:39:45.166+0000] {logging_mixin.py:190} INFO - CSV file ./account_dim_large_data.csv with 50 row has been generated successfully!
[2025-02-08T20:39:45.166+0000] {python.py:240} INFO - Done. Returned value was: None
[2025-02-08T20:39:45.179+0000] {taskinstance.py:340} INFO - ::group::Post task execution logs
[2025-02-08T20:39:45.180+0000] {taskinstance.py:352} INFO - Marking task as SUCCESS. dag_id=account_dim_gen, task_id=generate_account_dim_data, run_id=scheduled__2024-09-26T00:00:00+00:00, execution_date=20240926T000000, start_date=20250208T203944, end_date=20250208T203945
[2025-02-08T20:39:45.229+0000] {local_task_job_runner.py:266} INFO - Task exited with return code 0
[2025-02-08T20:39:45.260+0000] {taskinstance.py:3900} INFO - 0 downstream tasks scheduled from follow-on schedule check
[2025-02-08T20:39:45.265+0000] {local_task_job_runner.py:245} INFO - ::endgroup::
