[2025-02-08T19:03:33.991+0000] {local_task_job_runner.py:123} INFO - ::group::Pre task execution logs
[2025-02-08T19:03:34.008+0000] {taskinstance.py:2612} INFO - Dependencies all met for dep_context=non-requeueable deps ti=<TaskInstance: branch_dim_gen.generate_branch_dim_data scheduled__2025-01-28T00:00:00+00:00 [queued]>
[2025-02-08T19:03:34.018+0000] {taskinstance.py:2612} INFO - Dependencies all met for dep_context=requeueable deps ti=<TaskInstance: branch_dim_gen.generate_branch_dim_data scheduled__2025-01-28T00:00:00+00:00 [queued]>
[2025-02-08T19:03:34.019+0000] {taskinstance.py:2865} INFO - Starting attempt 1 of 1
[2025-02-08T19:03:34.083+0000] {taskinstance.py:2888} INFO - Executing <Task(PythonOperator): generate_branch_dim_data> on 2025-01-28 00:00:00+00:00
[2025-02-08T19:03:34.092+0000] {logging_mixin.py:190} WARNING - /home/***/.local/lib/python3.12/site-packages/***/task/task_runner/standard_task_runner.py:70 DeprecationWarning: This process (pid=2257) is multi-threaded, use of fork() may lead to deadlocks in the child.
[2025-02-08T19:03:34.093+0000] {standard_task_runner.py:72} INFO - Started process 2279 to run task
[2025-02-08T19:03:34.092+0000] {standard_task_runner.py:104} INFO - Running: ['***', 'tasks', 'run', 'branch_dim_gen', 'generate_branch_dim_data', 'scheduled__2025-01-28T00:00:00+00:00', '--job-id', '416', '--raw', '--subdir', 'DAGS_FOLDER/brnach_dim_gen.py', '--cfg-path', '/tmp/tmpffm848qh']
[2025-02-08T19:03:34.094+0000] {standard_task_runner.py:105} INFO - Job 416: Subtask generate_branch_dim_data
[2025-02-08T19:03:34.136+0000] {task_command.py:467} INFO - Running <TaskInstance: branch_dim_gen.generate_branch_dim_data scheduled__2025-01-28T00:00:00+00:00 [running]> on host 2c1cd59afcc0
[2025-02-08T19:03:34.217+0000] {taskinstance.py:3131} INFO - Exporting env vars: AIRFLOW_CTX_DAG_OWNER='Saleh' AIRFLOW_CTX_DAG_ID='branch_dim_gen' AIRFLOW_CTX_TASK_ID='generate_branch_dim_data' AIRFLOW_CTX_EXECUTION_DATE='2025-01-28T00:00:00+00:00' AIRFLOW_CTX_TRY_NUMBER='1' AIRFLOW_CTX_DAG_RUN_ID='scheduled__2025-01-28T00:00:00+00:00'
[2025-02-08T19:03:34.218+0000] {taskinstance.py:731} INFO - ::endgroup::
[2025-02-08T19:03:34.237+0000] {logging_mixin.py:190} INFO - CSV file './branch_dim_large_data.csv' with 50 rows has been generated successfully.
[2025-02-08T19:03:34.238+0000] {python.py:240} INFO - Done. Returned value was: None
[2025-02-08T19:03:34.245+0000] {taskinstance.py:340} INFO - ::group::Post task execution logs
[2025-02-08T19:03:34.246+0000] {taskinstance.py:352} INFO - Marking task as SUCCESS. dag_id=branch_dim_gen, task_id=generate_branch_dim_data, run_id=scheduled__2025-01-28T00:00:00+00:00, execution_date=20250128T000000, start_date=20250208T190334, end_date=20250208T190334
[2025-02-08T19:03:34.267+0000] {local_task_job_runner.py:266} INFO - Task exited with return code 0
[2025-02-08T19:03:34.282+0000] {taskinstance.py:3900} INFO - 0 downstream tasks scheduled from follow-on schedule check
[2025-02-08T19:03:34.284+0000] {local_task_job_runner.py:245} INFO - ::endgroup::
[2025-02-08T20:42:34.733+0000] {local_task_job_runner.py:123} INFO - ::group::Pre task execution logs
[2025-02-08T20:42:34.744+0000] {taskinstance.py:2612} INFO - Dependencies all met for dep_context=non-requeueable deps ti=<TaskInstance: branch_dim_gen.generate_branch_dim_data scheduled__2025-01-28T00:00:00+00:00 [queued]>
[2025-02-08T20:42:34.752+0000] {taskinstance.py:2612} INFO - Dependencies all met for dep_context=requeueable deps ti=<TaskInstance: branch_dim_gen.generate_branch_dim_data scheduled__2025-01-28T00:00:00+00:00 [queued]>
[2025-02-08T20:42:34.752+0000] {taskinstance.py:2865} INFO - Starting attempt 1 of 1
[2025-02-08T20:42:34.762+0000] {taskinstance.py:2888} INFO - Executing <Task(PythonOperator): generate_branch_dim_data> on 2025-01-28 00:00:00+00:00
[2025-02-08T20:42:34.769+0000] {standard_task_runner.py:104} INFO - Running: ['***', 'tasks', 'run', 'branch_dim_gen', 'generate_branch_dim_data', 'scheduled__2025-01-28T00:00:00+00:00', '--job-id', '381', '--raw', '--subdir', 'DAGS_FOLDER/brnach_dim_gen.py', '--cfg-path', '/tmp/tmpuaqszt1a']
[2025-02-08T20:42:34.772+0000] {standard_task_runner.py:105} INFO - Job 381: Subtask generate_branch_dim_data
[2025-02-08T20:42:34.773+0000] {logging_mixin.py:190} WARNING - /home/***/.local/lib/python3.12/site-packages/***/task/task_runner/standard_task_runner.py:70 DeprecationWarning: This process (pid=273) is multi-threaded, use of fork() may lead to deadlocks in the child.
[2025-02-08T20:42:34.774+0000] {standard_task_runner.py:72} INFO - Started process 277 to run task
[2025-02-08T20:42:34.804+0000] {task_command.py:467} INFO - Running <TaskInstance: branch_dim_gen.generate_branch_dim_data scheduled__2025-01-28T00:00:00+00:00 [running]> on host 86932746817d
[2025-02-08T20:42:34.872+0000] {taskinstance.py:3131} INFO - Exporting env vars: AIRFLOW_CTX_DAG_OWNER='Saleh' AIRFLOW_CTX_DAG_ID='branch_dim_gen' AIRFLOW_CTX_TASK_ID='generate_branch_dim_data' AIRFLOW_CTX_EXECUTION_DATE='2025-01-28T00:00:00+00:00' AIRFLOW_CTX_TRY_NUMBER='1' AIRFLOW_CTX_DAG_RUN_ID='scheduled__2025-01-28T00:00:00+00:00'
[2025-02-08T20:42:34.873+0000] {taskinstance.py:731} INFO - ::endgroup::
[2025-02-08T20:42:34.889+0000] {logging_mixin.py:190} INFO - CSV file './branch_dim_large_data.csv' with 50 rows has been generated successfully.
[2025-02-08T20:42:34.889+0000] {python.py:240} INFO - Done. Returned value was: None
[2025-02-08T20:42:34.897+0000] {taskinstance.py:340} INFO - ::group::Post task execution logs
[2025-02-08T20:42:34.897+0000] {taskinstance.py:352} INFO - Marking task as SUCCESS. dag_id=branch_dim_gen, task_id=generate_branch_dim_data, run_id=scheduled__2025-01-28T00:00:00+00:00, execution_date=20250128T000000, start_date=20250208T204234, end_date=20250208T204234
[2025-02-08T20:42:34.948+0000] {local_task_job_runner.py:266} INFO - Task exited with return code 0
[2025-02-08T20:42:34.961+0000] {taskinstance.py:3900} INFO - 0 downstream tasks scheduled from follow-on schedule check
[2025-02-08T20:42:34.963+0000] {local_task_job_runner.py:245} INFO - ::endgroup::
