[2025-02-08T19:03:00.906+0000] {local_task_job_runner.py:123} INFO - ::group::Pre task execution logs
[2025-02-08T19:03:00.933+0000] {taskinstance.py:2612} INFO - Dependencies all met for dep_context=non-requeueable deps ti=<TaskInstance: customer_dim_generator.generate_customer_dim_data scheduled__2024-12-27T00:00:00+00:00 [queued]>
[2025-02-08T19:03:00.952+0000] {taskinstance.py:2612} INFO - Dependencies all met for dep_context=requeueable deps ti=<TaskInstance: customer_dim_generator.generate_customer_dim_data scheduled__2024-12-27T00:00:00+00:00 [queued]>
[2025-02-08T19:03:00.955+0000] {taskinstance.py:2865} INFO - Starting attempt 1 of 1
[2025-02-08T19:03:00.982+0000] {taskinstance.py:2888} INFO - Executing <Task(PythonOperator): generate_customer_dim_data> on 2024-12-27 00:00:00+00:00
[2025-02-08T19:03:01.012+0000] {standard_task_runner.py:104} INFO - Running: ['***', 'tasks', 'run', 'customer_dim_generator', 'generate_customer_dim_data', 'scheduled__2024-12-27T00:00:00+00:00', '--job-id', '319', '--raw', '--subdir', 'DAGS_FOLDER/customer_dim_gen.py', '--cfg-path', '/tmp/tmpeh9s_2gs']
[2025-02-08T19:03:01.015+0000] {logging_mixin.py:190} WARNING - /home/***/.local/lib/python3.12/site-packages/***/task/task_runner/standard_task_runner.py:70 DeprecationWarning: This process (pid=1848) is multi-threaded, use of fork() may lead to deadlocks in the child.
[2025-02-08T19:03:01.015+0000] {standard_task_runner.py:105} INFO - Job 319: Subtask generate_customer_dim_data
[2025-02-08T19:03:01.016+0000] {standard_task_runner.py:72} INFO - Started process 1870 to run task
[2025-02-08T19:03:01.105+0000] {task_command.py:467} INFO - Running <TaskInstance: customer_dim_generator.generate_customer_dim_data scheduled__2024-12-27T00:00:00+00:00 [running]> on host 2c1cd59afcc0
[2025-02-08T19:03:01.270+0000] {taskinstance.py:3131} INFO - Exporting env vars: AIRFLOW_CTX_DAG_OWNER='Saleh' AIRFLOW_CTX_DAG_ID='customer_dim_generator' AIRFLOW_CTX_TASK_ID='generate_customer_dim_data' AIRFLOW_CTX_EXECUTION_DATE='2024-12-27T00:00:00+00:00' AIRFLOW_CTX_TRY_NUMBER='1' AIRFLOW_CTX_DAG_RUN_ID='scheduled__2024-12-27T00:00:00+00:00'
[2025-02-08T19:03:01.274+0000] {taskinstance.py:731} INFO - ::endgroup::
[2025-02-08T19:03:01.299+0000] {logging_mixin.py:190} INFO - CSV file './customer_dim_large_data.csv' with 100 rows has been generated successfully.
[2025-02-08T19:03:01.300+0000] {python.py:240} INFO - Done. Returned value was: None
[2025-02-08T19:03:01.309+0000] {taskinstance.py:340} INFO - ::group::Post task execution logs
[2025-02-08T19:03:01.310+0000] {taskinstance.py:352} INFO - Marking task as SUCCESS. dag_id=customer_dim_generator, task_id=generate_customer_dim_data, run_id=scheduled__2024-12-27T00:00:00+00:00, execution_date=20241227T000000, start_date=20250208T190300, end_date=20250208T190301
[2025-02-08T19:03:01.359+0000] {local_task_job_runner.py:266} INFO - Task exited with return code 0
[2025-02-08T19:03:01.381+0000] {taskinstance.py:3900} INFO - 0 downstream tasks scheduled from follow-on schedule check
[2025-02-08T19:03:01.409+0000] {local_task_job_runner.py:245} INFO - ::endgroup::
[2025-02-08T20:40:44.169+0000] {local_task_job_runner.py:123} INFO - ::group::Pre task execution logs
[2025-02-08T20:40:44.182+0000] {taskinstance.py:2612} INFO - Dependencies all met for dep_context=non-requeueable deps ti=<TaskInstance: customer_dim_generator.generate_customer_dim_data scheduled__2024-12-27T00:00:00+00:00 [queued]>
[2025-02-08T20:40:44.190+0000] {taskinstance.py:2612} INFO - Dependencies all met for dep_context=requeueable deps ti=<TaskInstance: customer_dim_generator.generate_customer_dim_data scheduled__2024-12-27T00:00:00+00:00 [queued]>
[2025-02-08T20:40:44.190+0000] {taskinstance.py:2865} INFO - Starting attempt 1 of 1
[2025-02-08T20:40:44.202+0000] {taskinstance.py:2888} INFO - Executing <Task(PythonOperator): generate_customer_dim_data> on 2024-12-27 00:00:00+00:00
[2025-02-08T20:40:44.213+0000] {logging_mixin.py:190} WARNING - /home/***/.local/lib/python3.12/site-packages/***/task/task_runner/standard_task_runner.py:70 DeprecationWarning: This process (pid=1606) is multi-threaded, use of fork() may lead to deadlocks in the child.
[2025-02-08T20:40:44.214+0000] {standard_task_runner.py:72} INFO - Started process 1623 to run task
[2025-02-08T20:40:44.213+0000] {standard_task_runner.py:104} INFO - Running: ['***', 'tasks', 'run', 'customer_dim_generator', 'generate_customer_dim_data', 'scheduled__2024-12-27T00:00:00+00:00', '--job-id', '246', '--raw', '--subdir', 'DAGS_FOLDER/customer_dim_gen.py', '--cfg-path', '/tmp/tmpya0rc0ao']
[2025-02-08T20:40:44.217+0000] {standard_task_runner.py:105} INFO - Job 246: Subtask generate_customer_dim_data
[2025-02-08T20:40:44.256+0000] {task_command.py:467} INFO - Running <TaskInstance: customer_dim_generator.generate_customer_dim_data scheduled__2024-12-27T00:00:00+00:00 [running]> on host 7e959c1a2a8b
[2025-02-08T20:40:44.322+0000] {taskinstance.py:3131} INFO - Exporting env vars: AIRFLOW_CTX_DAG_OWNER='Saleh' AIRFLOW_CTX_DAG_ID='customer_dim_generator' AIRFLOW_CTX_TASK_ID='generate_customer_dim_data' AIRFLOW_CTX_EXECUTION_DATE='2024-12-27T00:00:00+00:00' AIRFLOW_CTX_TRY_NUMBER='1' AIRFLOW_CTX_DAG_RUN_ID='scheduled__2024-12-27T00:00:00+00:00'
[2025-02-08T20:40:44.323+0000] {taskinstance.py:731} INFO - ::endgroup::
[2025-02-08T20:40:44.339+0000] {logging_mixin.py:190} INFO - CSV file './customer_dim_large_data.csv' with 100 rows has been generated successfully.
[2025-02-08T20:40:44.339+0000] {python.py:240} INFO - Done. Returned value was: None
[2025-02-08T20:40:44.347+0000] {taskinstance.py:340} INFO - ::group::Post task execution logs
[2025-02-08T20:40:44.347+0000] {taskinstance.py:352} INFO - Marking task as SUCCESS. dag_id=customer_dim_generator, task_id=generate_customer_dim_data, run_id=scheduled__2024-12-27T00:00:00+00:00, execution_date=20241227T000000, start_date=20250208T204044, end_date=20250208T204044
[2025-02-08T20:40:44.388+0000] {local_task_job_runner.py:266} INFO - Task exited with return code 0
[2025-02-08T20:40:44.399+0000] {taskinstance.py:3900} INFO - 0 downstream tasks scheduled from follow-on schedule check
[2025-02-08T20:40:44.401+0000] {local_task_job_runner.py:245} INFO - ::endgroup::
[2025-02-08T20:43:31.789+0000] {local_task_job_runner.py:123} INFO - ::group::Pre task execution logs
[2025-02-08T20:43:31.803+0000] {taskinstance.py:2612} INFO - Dependencies all met for dep_context=non-requeueable deps ti=<TaskInstance: customer_dim_generator.generate_customer_dim_data scheduled__2024-12-27T00:00:00+00:00 [queued]>
[2025-02-08T20:43:31.811+0000] {taskinstance.py:2612} INFO - Dependencies all met for dep_context=requeueable deps ti=<TaskInstance: customer_dim_generator.generate_customer_dim_data scheduled__2024-12-27T00:00:00+00:00 [queued]>
[2025-02-08T20:43:31.812+0000] {taskinstance.py:2865} INFO - Starting attempt 1 of 1
[2025-02-08T20:43:31.827+0000] {taskinstance.py:2888} INFO - Executing <Task(PythonOperator): generate_customer_dim_data> on 2024-12-27 00:00:00+00:00
[2025-02-08T20:43:31.837+0000] {logging_mixin.py:190} WARNING - /home/***/.local/lib/python3.12/site-packages/***/task/task_runner/standard_task_runner.py:70 DeprecationWarning: This process (pid=750) is multi-threaded, use of fork() may lead to deadlocks in the child.
[2025-02-08T20:43:31.838+0000] {standard_task_runner.py:72} INFO - Started process 763 to run task
[2025-02-08T20:43:31.837+0000] {standard_task_runner.py:104} INFO - Running: ['***', 'tasks', 'run', 'customer_dim_generator', 'generate_customer_dim_data', 'scheduled__2024-12-27T00:00:00+00:00', '--job-id', '486', '--raw', '--subdir', 'DAGS_FOLDER/customer_dim_gen.py', '--cfg-path', '/tmp/tmpkrftf4w8']
[2025-02-08T20:43:31.839+0000] {standard_task_runner.py:105} INFO - Job 486: Subtask generate_customer_dim_data
[2025-02-08T20:43:31.880+0000] {task_command.py:467} INFO - Running <TaskInstance: customer_dim_generator.generate_customer_dim_data scheduled__2024-12-27T00:00:00+00:00 [running]> on host 86932746817d
[2025-02-08T20:43:31.965+0000] {taskinstance.py:3131} INFO - Exporting env vars: AIRFLOW_CTX_DAG_OWNER='Saleh' AIRFLOW_CTX_DAG_ID='customer_dim_generator' AIRFLOW_CTX_TASK_ID='generate_customer_dim_data' AIRFLOW_CTX_EXECUTION_DATE='2024-12-27T00:00:00+00:00' AIRFLOW_CTX_TRY_NUMBER='1' AIRFLOW_CTX_DAG_RUN_ID='scheduled__2024-12-27T00:00:00+00:00'
[2025-02-08T20:43:31.966+0000] {taskinstance.py:731} INFO - ::endgroup::
[2025-02-08T20:43:31.986+0000] {logging_mixin.py:190} INFO - CSV file './customer_dim_large_data.csv' with 100 rows has been generated successfully.
[2025-02-08T20:43:31.986+0000] {python.py:240} INFO - Done. Returned value was: None
[2025-02-08T20:43:31.995+0000] {taskinstance.py:340} INFO - ::group::Post task execution logs
[2025-02-08T20:43:31.995+0000] {taskinstance.py:352} INFO - Marking task as SUCCESS. dag_id=customer_dim_generator, task_id=generate_customer_dim_data, run_id=scheduled__2024-12-27T00:00:00+00:00, execution_date=20241227T000000, start_date=20250208T204331, end_date=20250208T204331
[2025-02-08T20:43:32.012+0000] {local_task_job_runner.py:266} INFO - Task exited with return code 0
[2025-02-08T20:43:32.021+0000] {local_task_job_runner.py:245} INFO - ::endgroup::
