[2025-02-08T19:02:38.314+0000] {local_task_job_runner.py:123} INFO - ::group::Pre task execution logs
[2025-02-08T19:02:38.328+0000] {taskinstance.py:2612} INFO - Dependencies all met for dep_context=non-requeueable deps ti=<TaskInstance: branch_dim_gen.generate_branch_dim_data scheduled__2024-11-04T00:00:00+00:00 [queued]>
[2025-02-08T19:02:38.340+0000] {taskinstance.py:2612} INFO - Dependencies all met for dep_context=requeueable deps ti=<TaskInstance: branch_dim_gen.generate_branch_dim_data scheduled__2024-11-04T00:00:00+00:00 [queued]>
[2025-02-08T19:02:38.342+0000] {taskinstance.py:2865} INFO - Starting attempt 1 of 1
[2025-02-08T19:02:38.353+0000] {taskinstance.py:2888} INFO - Executing <Task(PythonOperator): generate_branch_dim_data> on 2024-11-04 00:00:00+00:00
[2025-02-08T19:02:38.362+0000] {logging_mixin.py:190} WARNING - /home/***/.local/lib/python3.12/site-packages/***/task/task_runner/standard_task_runner.py:70 DeprecationWarning: This process (pid=1582) is multi-threaded, use of fork() may lead to deadlocks in the child.
[2025-02-08T19:02:38.363+0000] {standard_task_runner.py:72} INFO - Started process 1599 to run task
[2025-02-08T19:02:38.362+0000] {standard_task_runner.py:104} INFO - Running: ['***', 'tasks', 'run', 'branch_dim_gen', 'generate_branch_dim_data', 'scheduled__2024-11-04T00:00:00+00:00', '--job-id', '258', '--raw', '--subdir', 'DAGS_FOLDER/brnach_dim_gen.py', '--cfg-path', '/tmp/tmpvr8klbeg']
[2025-02-08T19:02:38.364+0000] {standard_task_runner.py:105} INFO - Job 258: Subtask generate_branch_dim_data
[2025-02-08T19:02:38.399+0000] {task_command.py:467} INFO - Running <TaskInstance: branch_dim_gen.generate_branch_dim_data scheduled__2024-11-04T00:00:00+00:00 [running]> on host 2c1cd59afcc0
[2025-02-08T19:02:38.472+0000] {taskinstance.py:3131} INFO - Exporting env vars: AIRFLOW_CTX_DAG_OWNER='Saleh' AIRFLOW_CTX_DAG_ID='branch_dim_gen' AIRFLOW_CTX_TASK_ID='generate_branch_dim_data' AIRFLOW_CTX_EXECUTION_DATE='2024-11-04T00:00:00+00:00' AIRFLOW_CTX_TRY_NUMBER='1' AIRFLOW_CTX_DAG_RUN_ID='scheduled__2024-11-04T00:00:00+00:00'
[2025-02-08T19:02:38.474+0000] {taskinstance.py:731} INFO - ::endgroup::
[2025-02-08T19:02:38.494+0000] {logging_mixin.py:190} INFO - CSV file './branch_dim_large_data.csv' with 50 rows has been generated successfully.
[2025-02-08T19:02:38.494+0000] {python.py:240} INFO - Done. Returned value was: None
[2025-02-08T19:02:38.502+0000] {taskinstance.py:340} INFO - ::group::Post task execution logs
[2025-02-08T19:02:38.503+0000] {taskinstance.py:352} INFO - Marking task as SUCCESS. dag_id=branch_dim_gen, task_id=generate_branch_dim_data, run_id=scheduled__2024-11-04T00:00:00+00:00, execution_date=20241104T000000, start_date=20250208T190238, end_date=20250208T190238
[2025-02-08T19:02:38.537+0000] {local_task_job_runner.py:266} INFO - Task exited with return code 0
[2025-02-08T19:02:38.553+0000] {taskinstance.py:3900} INFO - 0 downstream tasks scheduled from follow-on schedule check
[2025-02-08T19:02:38.555+0000] {local_task_job_runner.py:245} INFO - ::endgroup::
[2025-02-08T20:40:23.030+0000] {local_task_job_runner.py:123} INFO - ::group::Pre task execution logs
[2025-02-08T20:40:23.061+0000] {taskinstance.py:2612} INFO - Dependencies all met for dep_context=non-requeueable deps ti=<TaskInstance: branch_dim_gen.generate_branch_dim_data scheduled__2024-11-04T00:00:00+00:00 [queued]>
[2025-02-08T20:40:23.089+0000] {taskinstance.py:2612} INFO - Dependencies all met for dep_context=requeueable deps ti=<TaskInstance: branch_dim_gen.generate_branch_dim_data scheduled__2024-11-04T00:00:00+00:00 [queued]>
[2025-02-08T20:40:23.089+0000] {taskinstance.py:2865} INFO - Starting attempt 1 of 1
[2025-02-08T20:40:23.112+0000] {taskinstance.py:2888} INFO - Executing <Task(PythonOperator): generate_branch_dim_data> on 2024-11-04 00:00:00+00:00
[2025-02-08T20:40:23.124+0000] {logging_mixin.py:190} WARNING - /home/***/.local/lib/python3.12/site-packages/***/task/task_runner/standard_task_runner.py:70 DeprecationWarning: This process (pid=1230) is multi-threaded, use of fork() may lead to deadlocks in the child.
[2025-02-08T20:40:23.125+0000] {standard_task_runner.py:72} INFO - Started process 1269 to run task
[2025-02-08T20:40:23.125+0000] {standard_task_runner.py:104} INFO - Running: ['***', 'tasks', 'run', 'branch_dim_gen', 'generate_branch_dim_data', 'scheduled__2024-11-04T00:00:00+00:00', '--job-id', '159', '--raw', '--subdir', 'DAGS_FOLDER/brnach_dim_gen.py', '--cfg-path', '/tmp/tmpwuzq9gkx']
[2025-02-08T20:40:23.127+0000] {standard_task_runner.py:105} INFO - Job 159: Subtask generate_branch_dim_data
[2025-02-08T20:40:23.231+0000] {task_command.py:467} INFO - Running <TaskInstance: branch_dim_gen.generate_branch_dim_data scheduled__2024-11-04T00:00:00+00:00 [running]> on host 7e959c1a2a8b
[2025-02-08T20:40:23.357+0000] {taskinstance.py:3131} INFO - Exporting env vars: AIRFLOW_CTX_DAG_OWNER='Saleh' AIRFLOW_CTX_DAG_ID='branch_dim_gen' AIRFLOW_CTX_TASK_ID='generate_branch_dim_data' AIRFLOW_CTX_EXECUTION_DATE='2024-11-04T00:00:00+00:00' AIRFLOW_CTX_TRY_NUMBER='1' AIRFLOW_CTX_DAG_RUN_ID='scheduled__2024-11-04T00:00:00+00:00'
[2025-02-08T20:40:23.363+0000] {taskinstance.py:731} INFO - ::endgroup::
[2025-02-08T20:40:23.411+0000] {logging_mixin.py:190} INFO - CSV file './branch_dim_large_data.csv' with 50 rows has been generated successfully.
[2025-02-08T20:40:23.413+0000] {python.py:240} INFO - Done. Returned value was: None
[2025-02-08T20:40:23.424+0000] {taskinstance.py:340} INFO - ::group::Post task execution logs
[2025-02-08T20:40:23.426+0000] {taskinstance.py:352} INFO - Marking task as SUCCESS. dag_id=branch_dim_gen, task_id=generate_branch_dim_data, run_id=scheduled__2024-11-04T00:00:00+00:00, execution_date=20241104T000000, start_date=20250208T204023, end_date=20250208T204023
[2025-02-08T20:40:23.507+0000] {local_task_job_runner.py:266} INFO - Task exited with return code 0
[2025-02-08T20:40:23.534+0000] {taskinstance.py:3900} INFO - 0 downstream tasks scheduled from follow-on schedule check
[2025-02-08T20:40:23.539+0000] {local_task_job_runner.py:245} INFO - ::endgroup::
