[2025-02-08T19:03:02.620+0000] {local_task_job_runner.py:123} INFO - ::group::Pre task execution logs
[2025-02-08T19:03:02.633+0000] {taskinstance.py:2612} INFO - Dependencies all met for dep_context=non-requeueable deps ti=<TaskInstance: customer_dim_generator.generate_customer_dim_data scheduled__2025-01-03T00:00:00+00:00 [queued]>
[2025-02-08T19:03:02.640+0000] {taskinstance.py:2612} INFO - Dependencies all met for dep_context=requeueable deps ti=<TaskInstance: customer_dim_generator.generate_customer_dim_data scheduled__2025-01-03T00:00:00+00:00 [queued]>
[2025-02-08T19:03:02.640+0000] {taskinstance.py:2865} INFO - Starting attempt 1 of 1
[2025-02-08T19:03:02.652+0000] {taskinstance.py:2888} INFO - Executing <Task(PythonOperator): generate_customer_dim_data> on 2025-01-03 00:00:00+00:00
[2025-02-08T19:03:02.661+0000] {logging_mixin.py:190} WARNING - /home/***/.local/lib/python3.12/site-packages/***/task/task_runner/standard_task_runner.py:70 DeprecationWarning: This process (pid=1902) is multi-threaded, use of fork() may lead to deadlocks in the child.
[2025-02-08T19:03:02.662+0000] {standard_task_runner.py:72} INFO - Started process 1916 to run task
[2025-02-08T19:03:02.661+0000] {standard_task_runner.py:104} INFO - Running: ['***', 'tasks', 'run', 'customer_dim_generator', 'generate_customer_dim_data', 'scheduled__2025-01-03T00:00:00+00:00', '--job-id', '333', '--raw', '--subdir', 'DAGS_FOLDER/customer_dim_gen.py', '--cfg-path', '/tmp/tmp_rsx5jrm']
[2025-02-08T19:03:02.663+0000] {standard_task_runner.py:105} INFO - Job 333: Subtask generate_customer_dim_data
[2025-02-08T19:03:02.699+0000] {task_command.py:467} INFO - Running <TaskInstance: customer_dim_generator.generate_customer_dim_data scheduled__2025-01-03T00:00:00+00:00 [running]> on host 2c1cd59afcc0
[2025-02-08T19:03:02.763+0000] {taskinstance.py:3131} INFO - Exporting env vars: AIRFLOW_CTX_DAG_OWNER='Saleh' AIRFLOW_CTX_DAG_ID='customer_dim_generator' AIRFLOW_CTX_TASK_ID='generate_customer_dim_data' AIRFLOW_CTX_EXECUTION_DATE='2025-01-03T00:00:00+00:00' AIRFLOW_CTX_TRY_NUMBER='1' AIRFLOW_CTX_DAG_RUN_ID='scheduled__2025-01-03T00:00:00+00:00'
[2025-02-08T19:03:02.764+0000] {taskinstance.py:731} INFO - ::endgroup::
[2025-02-08T19:03:02.780+0000] {logging_mixin.py:190} INFO - CSV file './customer_dim_large_data.csv' with 100 rows has been generated successfully.
[2025-02-08T19:03:02.780+0000] {python.py:240} INFO - Done. Returned value was: None
[2025-02-08T19:03:02.787+0000] {taskinstance.py:340} INFO - ::group::Post task execution logs
[2025-02-08T19:03:02.788+0000] {taskinstance.py:352} INFO - Marking task as SUCCESS. dag_id=customer_dim_generator, task_id=generate_customer_dim_data, run_id=scheduled__2025-01-03T00:00:00+00:00, execution_date=20250103T000000, start_date=20250208T190302, end_date=20250208T190302
[2025-02-08T19:03:02.837+0000] {local_task_job_runner.py:266} INFO - Task exited with return code 0
[2025-02-08T19:03:02.851+0000] {taskinstance.py:3900} INFO - 0 downstream tasks scheduled from follow-on schedule check
[2025-02-08T19:03:02.853+0000] {local_task_job_runner.py:245} INFO - ::endgroup::
[2025-02-08T20:40:49.670+0000] {local_task_job_runner.py:123} INFO - ::group::Pre task execution logs
[2025-02-08T20:40:49.688+0000] {taskinstance.py:2612} INFO - Dependencies all met for dep_context=non-requeueable deps ti=<TaskInstance: customer_dim_generator.generate_customer_dim_data scheduled__2025-01-03T00:00:00+00:00 [queued]>
[2025-02-08T20:40:49.698+0000] {taskinstance.py:2612} INFO - Dependencies all met for dep_context=requeueable deps ti=<TaskInstance: customer_dim_generator.generate_customer_dim_data scheduled__2025-01-03T00:00:00+00:00 [queued]>
[2025-02-08T20:40:49.699+0000] {taskinstance.py:2865} INFO - Starting attempt 1 of 1
[2025-02-08T20:40:49.716+0000] {taskinstance.py:2888} INFO - Executing <Task(PythonOperator): generate_customer_dim_data> on 2025-01-03 00:00:00+00:00
[2025-02-08T20:40:49.725+0000] {logging_mixin.py:190} WARNING - /home/***/.local/lib/python3.12/site-packages/***/task/task_runner/standard_task_runner.py:70 DeprecationWarning: This process (pid=1685) is multi-threaded, use of fork() may lead to deadlocks in the child.
[2025-02-08T20:40:49.726+0000] {standard_task_runner.py:72} INFO - Started process 1711 to run task
[2025-02-08T20:40:49.725+0000] {standard_task_runner.py:104} INFO - Running: ['***', 'tasks', 'run', 'customer_dim_generator', 'generate_customer_dim_data', 'scheduled__2025-01-03T00:00:00+00:00', '--job-id', '265', '--raw', '--subdir', 'DAGS_FOLDER/customer_dim_gen.py', '--cfg-path', '/tmp/tmphpw9a04x']
[2025-02-08T20:40:49.728+0000] {standard_task_runner.py:105} INFO - Job 265: Subtask generate_customer_dim_data
[2025-02-08T20:40:49.779+0000] {task_command.py:467} INFO - Running <TaskInstance: customer_dim_generator.generate_customer_dim_data scheduled__2025-01-03T00:00:00+00:00 [running]> on host 7e959c1a2a8b
[2025-02-08T20:40:49.860+0000] {taskinstance.py:3131} INFO - Exporting env vars: AIRFLOW_CTX_DAG_OWNER='Saleh' AIRFLOW_CTX_DAG_ID='customer_dim_generator' AIRFLOW_CTX_TASK_ID='generate_customer_dim_data' AIRFLOW_CTX_EXECUTION_DATE='2025-01-03T00:00:00+00:00' AIRFLOW_CTX_TRY_NUMBER='1' AIRFLOW_CTX_DAG_RUN_ID='scheduled__2025-01-03T00:00:00+00:00'
[2025-02-08T20:40:49.861+0000] {taskinstance.py:731} INFO - ::endgroup::
[2025-02-08T20:40:49.887+0000] {logging_mixin.py:190} INFO - CSV file './customer_dim_large_data.csv' with 100 rows has been generated successfully.
[2025-02-08T20:40:49.887+0000] {python.py:240} INFO - Done. Returned value was: None
[2025-02-08T20:40:49.895+0000] {taskinstance.py:340} INFO - ::group::Post task execution logs
[2025-02-08T20:40:49.896+0000] {taskinstance.py:352} INFO - Marking task as SUCCESS. dag_id=customer_dim_generator, task_id=generate_customer_dim_data, run_id=scheduled__2025-01-03T00:00:00+00:00, execution_date=20250103T000000, start_date=20250208T204049, end_date=20250208T204049
[2025-02-08T20:40:49.942+0000] {local_task_job_runner.py:266} INFO - Task exited with return code 0
[2025-02-08T20:40:49.957+0000] {taskinstance.py:3900} INFO - 0 downstream tasks scheduled from follow-on schedule check
[2025-02-08T20:40:49.959+0000] {local_task_job_runner.py:245} INFO - ::endgroup::
[2025-02-08T20:43:32.535+0000] {local_task_job_runner.py:123} INFO - ::group::Pre task execution logs
[2025-02-08T20:43:32.555+0000] {taskinstance.py:2612} INFO - Dependencies all met for dep_context=non-requeueable deps ti=<TaskInstance: customer_dim_generator.generate_customer_dim_data scheduled__2025-01-03T00:00:00+00:00 [queued]>
[2025-02-08T20:43:32.568+0000] {taskinstance.py:2612} INFO - Dependencies all met for dep_context=requeueable deps ti=<TaskInstance: customer_dim_generator.generate_customer_dim_data scheduled__2025-01-03T00:00:00+00:00 [queued]>
[2025-02-08T20:43:32.568+0000] {taskinstance.py:2865} INFO - Starting attempt 1 of 1
[2025-02-08T20:43:32.648+0000] {taskinstance.py:2888} INFO - Executing <Task(PythonOperator): generate_customer_dim_data> on 2025-01-03 00:00:00+00:00
[2025-02-08T20:43:32.657+0000] {logging_mixin.py:190} WARNING - /home/***/.local/lib/python3.12/site-packages/***/task/task_runner/standard_task_runner.py:70 DeprecationWarning: This process (pid=768) is multi-threaded, use of fork() may lead to deadlocks in the child.
[2025-02-08T20:43:32.658+0000] {standard_task_runner.py:72} INFO - Started process 788 to run task
[2025-02-08T20:43:32.657+0000] {standard_task_runner.py:104} INFO - Running: ['***', 'tasks', 'run', 'customer_dim_generator', 'generate_customer_dim_data', 'scheduled__2025-01-03T00:00:00+00:00', '--job-id', '493', '--raw', '--subdir', 'DAGS_FOLDER/customer_dim_gen.py', '--cfg-path', '/tmp/tmpjxzd9m5y']
[2025-02-08T20:43:32.659+0000] {standard_task_runner.py:105} INFO - Job 493: Subtask generate_customer_dim_data
[2025-02-08T20:43:32.699+0000] {task_command.py:467} INFO - Running <TaskInstance: customer_dim_generator.generate_customer_dim_data scheduled__2025-01-03T00:00:00+00:00 [running]> on host 86932746817d
[2025-02-08T20:43:32.774+0000] {taskinstance.py:3131} INFO - Exporting env vars: AIRFLOW_CTX_DAG_OWNER='Saleh' AIRFLOW_CTX_DAG_ID='customer_dim_generator' AIRFLOW_CTX_TASK_ID='generate_customer_dim_data' AIRFLOW_CTX_EXECUTION_DATE='2025-01-03T00:00:00+00:00' AIRFLOW_CTX_TRY_NUMBER='1' AIRFLOW_CTX_DAG_RUN_ID='scheduled__2025-01-03T00:00:00+00:00'
[2025-02-08T20:43:32.775+0000] {taskinstance.py:731} INFO - ::endgroup::
[2025-02-08T20:43:32.793+0000] {logging_mixin.py:190} INFO - CSV file './customer_dim_large_data.csv' with 100 rows has been generated successfully.
[2025-02-08T20:43:32.793+0000] {python.py:240} INFO - Done. Returned value was: None
[2025-02-08T20:43:32.800+0000] {taskinstance.py:340} INFO - ::group::Post task execution logs
[2025-02-08T20:43:32.801+0000] {taskinstance.py:352} INFO - Marking task as SUCCESS. dag_id=customer_dim_generator, task_id=generate_customer_dim_data, run_id=scheduled__2025-01-03T00:00:00+00:00, execution_date=20250103T000000, start_date=20250208T204332, end_date=20250208T204332
[2025-02-08T20:43:32.833+0000] {local_task_job_runner.py:266} INFO - Task exited with return code 0
[2025-02-08T20:43:32.848+0000] {taskinstance.py:3900} INFO - 0 downstream tasks scheduled from follow-on schedule check
[2025-02-08T20:43:32.850+0000] {local_task_job_runner.py:245} INFO - ::endgroup::
