[2025-02-08T19:03:27.509+0000] {local_task_job_runner.py:123} INFO - ::group::Pre task execution logs
[2025-02-08T19:03:27.532+0000] {taskinstance.py:2612} INFO - Dependencies all met for dep_context=non-requeueable deps ti=<TaskInstance: customer_dim_generator.generate_customer_dim_data scheduled__2025-02-05T00:00:00+00:00 [queued]>
[2025-02-08T19:03:27.541+0000] {taskinstance.py:2612} INFO - Dependencies all met for dep_context=requeueable deps ti=<TaskInstance: customer_dim_generator.generate_customer_dim_data scheduled__2025-02-05T00:00:00+00:00 [queued]>
[2025-02-08T19:03:27.542+0000] {taskinstance.py:2865} INFO - Starting attempt 1 of 1
[2025-02-08T19:03:27.560+0000] {taskinstance.py:2888} INFO - Executing <Task(PythonOperator): generate_customer_dim_data> on 2025-02-05 00:00:00+00:00
[2025-02-08T19:03:27.572+0000] {logging_mixin.py:190} WARNING - /home/***/.local/lib/python3.12/site-packages/***/task/task_runner/standard_task_runner.py:70 DeprecationWarning: This process (pid=2189) is multi-threaded, use of fork() may lead to deadlocks in the child.
[2025-02-08T19:03:27.573+0000] {standard_task_runner.py:72} INFO - Started process 2213 to run task
[2025-02-08T19:03:27.574+0000] {standard_task_runner.py:104} INFO - Running: ['***', 'tasks', 'run', 'customer_dim_generator', 'generate_customer_dim_data', 'scheduled__2025-02-05T00:00:00+00:00', '--job-id', '399', '--raw', '--subdir', 'DAGS_FOLDER/customer_dim_gen.py', '--cfg-path', '/tmp/tmpbyq4h32e']
[2025-02-08T19:03:27.576+0000] {standard_task_runner.py:105} INFO - Job 399: Subtask generate_customer_dim_data
[2025-02-08T19:03:27.628+0000] {task_command.py:467} INFO - Running <TaskInstance: customer_dim_generator.generate_customer_dim_data scheduled__2025-02-05T00:00:00+00:00 [running]> on host 2c1cd59afcc0
[2025-02-08T19:03:27.724+0000] {taskinstance.py:3131} INFO - Exporting env vars: AIRFLOW_CTX_DAG_OWNER='Saleh' AIRFLOW_CTX_DAG_ID='customer_dim_generator' AIRFLOW_CTX_TASK_ID='generate_customer_dim_data' AIRFLOW_CTX_EXECUTION_DATE='2025-02-05T00:00:00+00:00' AIRFLOW_CTX_TRY_NUMBER='1' AIRFLOW_CTX_DAG_RUN_ID='scheduled__2025-02-05T00:00:00+00:00'
[2025-02-08T19:03:27.727+0000] {taskinstance.py:731} INFO - ::endgroup::
[2025-02-08T19:03:27.749+0000] {logging_mixin.py:190} INFO - CSV file './customer_dim_large_data.csv' with 100 rows has been generated successfully.
[2025-02-08T19:03:27.749+0000] {python.py:240} INFO - Done. Returned value was: None
[2025-02-08T19:03:27.758+0000] {taskinstance.py:340} INFO - ::group::Post task execution logs
[2025-02-08T19:03:27.759+0000] {taskinstance.py:352} INFO - Marking task as SUCCESS. dag_id=customer_dim_generator, task_id=generate_customer_dim_data, run_id=scheduled__2025-02-05T00:00:00+00:00, execution_date=20250205T000000, start_date=20250208T190327, end_date=20250208T190327
[2025-02-08T19:03:27.795+0000] {local_task_job_runner.py:266} INFO - Task exited with return code 0
[2025-02-08T19:03:27.804+0000] {local_task_job_runner.py:245} INFO - ::endgroup::
[2025-02-08T20:43:54.749+0000] {local_task_job_runner.py:123} INFO - ::group::Pre task execution logs
[2025-02-08T20:43:54.766+0000] {taskinstance.py:2612} INFO - Dependencies all met for dep_context=non-requeueable deps ti=<TaskInstance: customer_dim_generator.generate_customer_dim_data scheduled__2025-02-05T00:00:00+00:00 [queued]>
[2025-02-08T20:43:54.773+0000] {taskinstance.py:2612} INFO - Dependencies all met for dep_context=requeueable deps ti=<TaskInstance: customer_dim_generator.generate_customer_dim_data scheduled__2025-02-05T00:00:00+00:00 [queued]>
[2025-02-08T20:43:54.773+0000] {taskinstance.py:2865} INFO - Starting attempt 1 of 1
[2025-02-08T20:43:54.786+0000] {taskinstance.py:2888} INFO - Executing <Task(PythonOperator): generate_customer_dim_data> on 2025-02-05 00:00:00+00:00
[2025-02-08T20:43:54.794+0000] {logging_mixin.py:190} WARNING - /home/***/.local/lib/python3.12/site-packages/***/task/task_runner/standard_task_runner.py:70 DeprecationWarning: This process (pid=929) is multi-threaded, use of fork() may lead to deadlocks in the child.
[2025-02-08T20:43:54.795+0000] {standard_task_runner.py:72} INFO - Started process 945 to run task
[2025-02-08T20:43:54.794+0000] {standard_task_runner.py:104} INFO - Running: ['***', 'tasks', 'run', 'customer_dim_generator', 'generate_customer_dim_data', 'scheduled__2025-02-05T00:00:00+00:00', '--job-id', '526', '--raw', '--subdir', 'DAGS_FOLDER/customer_dim_gen.py', '--cfg-path', '/tmp/tmprx6w195i']
[2025-02-08T20:43:54.795+0000] {standard_task_runner.py:105} INFO - Job 526: Subtask generate_customer_dim_data
[2025-02-08T20:43:54.835+0000] {task_command.py:467} INFO - Running <TaskInstance: customer_dim_generator.generate_customer_dim_data scheduled__2025-02-05T00:00:00+00:00 [running]> on host 86932746817d
[2025-02-08T20:43:54.909+0000] {taskinstance.py:3131} INFO - Exporting env vars: AIRFLOW_CTX_DAG_OWNER='Saleh' AIRFLOW_CTX_DAG_ID='customer_dim_generator' AIRFLOW_CTX_TASK_ID='generate_customer_dim_data' AIRFLOW_CTX_EXECUTION_DATE='2025-02-05T00:00:00+00:00' AIRFLOW_CTX_TRY_NUMBER='1' AIRFLOW_CTX_DAG_RUN_ID='scheduled__2025-02-05T00:00:00+00:00'
[2025-02-08T20:43:54.910+0000] {taskinstance.py:731} INFO - ::endgroup::
[2025-02-08T20:43:54.930+0000] {logging_mixin.py:190} INFO - CSV file './customer_dim_large_data.csv' with 100 rows has been generated successfully.
[2025-02-08T20:43:54.930+0000] {python.py:240} INFO - Done. Returned value was: None
[2025-02-08T20:43:54.938+0000] {taskinstance.py:340} INFO - ::group::Post task execution logs
[2025-02-08T20:43:54.939+0000] {taskinstance.py:352} INFO - Marking task as SUCCESS. dag_id=customer_dim_generator, task_id=generate_customer_dim_data, run_id=scheduled__2025-02-05T00:00:00+00:00, execution_date=20250205T000000, start_date=20250208T204354, end_date=20250208T204354
[2025-02-08T20:43:54.969+0000] {local_task_job_runner.py:266} INFO - Task exited with return code 0
[2025-02-08T20:43:54.982+0000] {taskinstance.py:3900} INFO - 0 downstream tasks scheduled from follow-on schedule check
[2025-02-08T20:43:54.985+0000] {local_task_job_runner.py:245} INFO - ::endgroup::
