[2025-02-08T19:00:38.126+0000] {local_task_job_runner.py:123} INFO - ::group::Pre task execution logs
[2025-02-08T19:00:38.141+0000] {taskinstance.py:2612} INFO - Dependencies all met for dep_context=non-requeueable deps ti=<TaskInstance: account_dim_gen.generate_account_dim_data scheduled__2024-11-17T00:00:00+00:00 [queued]>
[2025-02-08T19:00:38.150+0000] {taskinstance.py:2612} INFO - Dependencies all met for dep_context=requeueable deps ti=<TaskInstance: account_dim_gen.generate_account_dim_data scheduled__2024-11-17T00:00:00+00:00 [queued]>
[2025-02-08T19:00:38.151+0000] {taskinstance.py:2865} INFO - Starting attempt 1 of 1
[2025-02-08T19:00:38.207+0000] {taskinstance.py:2888} INFO - Executing <Task(PythonOperator): generate_account_dim_data> on 2024-11-17 00:00:00+00:00
[2025-02-08T19:00:38.217+0000] {logging_mixin.py:190} WARNING - /home/***/.local/lib/python3.12/site-packages/***/task/task_runner/standard_task_runner.py:70 DeprecationWarning: This process (pid=755) is multi-threaded, use of fork() may lead to deadlocks in the child.
[2025-02-08T19:00:38.218+0000] {standard_task_runner.py:72} INFO - Started process 769 to run task
[2025-02-08T19:00:38.217+0000] {standard_task_runner.py:104} INFO - Running: ['***', 'tasks', 'run', 'account_dim_gen', 'generate_account_dim_data', 'scheduled__2024-11-17T00:00:00+00:00', '--job-id', '72', '--raw', '--subdir', 'DAGS_FOLDER/account_dim_gen.py', '--cfg-path', '/tmp/tmpdnos4o_l']
[2025-02-08T19:00:38.220+0000] {standard_task_runner.py:105} INFO - Job 72: Subtask generate_account_dim_data
[2025-02-08T19:00:38.264+0000] {task_command.py:467} INFO - Running <TaskInstance: account_dim_gen.generate_account_dim_data scheduled__2024-11-17T00:00:00+00:00 [running]> on host 2c1cd59afcc0
[2025-02-08T19:00:38.346+0000] {taskinstance.py:3131} INFO - Exporting env vars: AIRFLOW_CTX_DAG_OWNER='Saleh' AIRFLOW_CTX_DAG_ID='account_dim_gen' AIRFLOW_CTX_TASK_ID='generate_account_dim_data' AIRFLOW_CTX_EXECUTION_DATE='2024-11-17T00:00:00+00:00' AIRFLOW_CTX_TRY_NUMBER='1' AIRFLOW_CTX_DAG_RUN_ID='scheduled__2024-11-17T00:00:00+00:00'
[2025-02-08T19:00:38.347+0000] {taskinstance.py:731} INFO - ::endgroup::
[2025-02-08T19:00:38.366+0000] {logging_mixin.py:190} INFO - CSV file ./account_dim_large_data.csv with 50 row has been generated successfully!
[2025-02-08T19:00:38.367+0000] {python.py:240} INFO - Done. Returned value was: None
[2025-02-08T19:00:38.376+0000] {taskinstance.py:340} INFO - ::group::Post task execution logs
[2025-02-08T19:00:38.376+0000] {taskinstance.py:352} INFO - Marking task as SUCCESS. dag_id=account_dim_gen, task_id=generate_account_dim_data, run_id=scheduled__2024-11-17T00:00:00+00:00, execution_date=20241117T000000, start_date=20250208T190038, end_date=20250208T190038
[2025-02-08T19:00:38.433+0000] {local_task_job_runner.py:266} INFO - Task exited with return code 0
[2025-02-08T19:00:38.442+0000] {local_task_job_runner.py:245} INFO - ::endgroup::
[2025-02-08T20:40:31.500+0000] {local_task_job_runner.py:123} INFO - ::group::Pre task execution logs
[2025-02-08T20:40:31.522+0000] {taskinstance.py:2612} INFO - Dependencies all met for dep_context=non-requeueable deps ti=<TaskInstance: account_dim_gen.generate_account_dim_data scheduled__2024-11-17T00:00:00+00:00 [queued]>
[2025-02-08T20:40:31.532+0000] {taskinstance.py:2612} INFO - Dependencies all met for dep_context=requeueable deps ti=<TaskInstance: account_dim_gen.generate_account_dim_data scheduled__2024-11-17T00:00:00+00:00 [queued]>
[2025-02-08T20:40:31.533+0000] {taskinstance.py:2865} INFO - Starting attempt 1 of 1
[2025-02-08T20:40:31.552+0000] {taskinstance.py:2888} INFO - Executing <Task(PythonOperator): generate_account_dim_data> on 2024-11-17 00:00:00+00:00
[2025-02-08T20:40:31.563+0000] {logging_mixin.py:190} WARNING - /home/***/.local/lib/python3.12/site-packages/***/task/task_runner/standard_task_runner.py:70 DeprecationWarning: This process (pid=1386) is multi-threaded, use of fork() may lead to deadlocks in the child.
[2025-02-08T20:40:31.564+0000] {standard_task_runner.py:72} INFO - Started process 1408 to run task
[2025-02-08T20:40:31.563+0000] {standard_task_runner.py:104} INFO - Running: ['***', 'tasks', 'run', 'account_dim_gen', 'generate_account_dim_data', 'scheduled__2024-11-17T00:00:00+00:00', '--job-id', '196', '--raw', '--subdir', 'DAGS_FOLDER/account_dim_gen.py', '--cfg-path', '/tmp/tmpo83nnrtj']
[2025-02-08T20:40:31.566+0000] {standard_task_runner.py:105} INFO - Job 196: Subtask generate_account_dim_data
[2025-02-08T20:40:31.604+0000] {task_command.py:467} INFO - Running <TaskInstance: account_dim_gen.generate_account_dim_data scheduled__2024-11-17T00:00:00+00:00 [running]> on host 7e959c1a2a8b
[2025-02-08T20:40:31.673+0000] {taskinstance.py:3131} INFO - Exporting env vars: AIRFLOW_CTX_DAG_OWNER='Saleh' AIRFLOW_CTX_DAG_ID='account_dim_gen' AIRFLOW_CTX_TASK_ID='generate_account_dim_data' AIRFLOW_CTX_EXECUTION_DATE='2024-11-17T00:00:00+00:00' AIRFLOW_CTX_TRY_NUMBER='1' AIRFLOW_CTX_DAG_RUN_ID='scheduled__2024-11-17T00:00:00+00:00'
[2025-02-08T20:40:31.674+0000] {taskinstance.py:731} INFO - ::endgroup::
[2025-02-08T20:40:31.691+0000] {logging_mixin.py:190} INFO - CSV file ./account_dim_large_data.csv with 50 row has been generated successfully!
[2025-02-08T20:40:31.692+0000] {python.py:240} INFO - Done. Returned value was: None
[2025-02-08T20:40:31.699+0000] {taskinstance.py:340} INFO - ::group::Post task execution logs
[2025-02-08T20:40:31.700+0000] {taskinstance.py:352} INFO - Marking task as SUCCESS. dag_id=account_dim_gen, task_id=generate_account_dim_data, run_id=scheduled__2024-11-17T00:00:00+00:00, execution_date=20241117T000000, start_date=20250208T204031, end_date=20250208T204031
[2025-02-08T20:40:31.739+0000] {local_task_job_runner.py:266} INFO - Task exited with return code 0
[2025-02-08T20:40:31.751+0000] {taskinstance.py:3900} INFO - 0 downstream tasks scheduled from follow-on schedule check
[2025-02-08T20:40:31.753+0000] {local_task_job_runner.py:245} INFO - ::endgroup::
