[2025-02-08T19:03:22.207+0000] {local_task_job_runner.py:123} INFO - ::group::Pre task execution logs
[2025-02-08T19:03:22.225+0000] {taskinstance.py:2612} INFO - Dependencies all met for dep_context=non-requeueable deps ti=<TaskInstance: branch_dim_gen.generate_branch_dim_data scheduled__2025-01-08T00:00:00+00:00 [queued]>
[2025-02-08T19:03:22.240+0000] {taskinstance.py:2612} INFO - Dependencies all met for dep_context=requeueable deps ti=<TaskInstance: branch_dim_gen.generate_branch_dim_data scheduled__2025-01-08T00:00:00+00:00 [queued]>
[2025-02-08T19:03:22.241+0000] {taskinstance.py:2865} INFO - Starting attempt 1 of 1
[2025-02-08T19:03:22.256+0000] {taskinstance.py:2888} INFO - Executing <Task(PythonOperator): generate_branch_dim_data> on 2025-01-08 00:00:00+00:00
[2025-02-08T19:03:22.270+0000] {logging_mixin.py:190} WARNING - /home/***/.local/lib/python3.12/site-packages/***/task/task_runner/standard_task_runner.py:70 DeprecationWarning: This process (pid=2145) is multi-threaded, use of fork() may lead to deadlocks in the child.
[2025-02-08T19:03:22.271+0000] {standard_task_runner.py:72} INFO - Started process 2169 to run task
[2025-02-08T19:03:22.271+0000] {standard_task_runner.py:104} INFO - Running: ['***', 'tasks', 'run', 'branch_dim_gen', 'generate_branch_dim_data', 'scheduled__2025-01-08T00:00:00+00:00', '--job-id', '388', '--raw', '--subdir', 'DAGS_FOLDER/brnach_dim_gen.py', '--cfg-path', '/tmp/tmpz6v5roux']
[2025-02-08T19:03:22.274+0000] {standard_task_runner.py:105} INFO - Job 388: Subtask generate_branch_dim_data
[2025-02-08T19:03:22.326+0000] {task_command.py:467} INFO - Running <TaskInstance: branch_dim_gen.generate_branch_dim_data scheduled__2025-01-08T00:00:00+00:00 [running]> on host 2c1cd59afcc0
[2025-02-08T19:03:22.407+0000] {taskinstance.py:3131} INFO - Exporting env vars: AIRFLOW_CTX_DAG_OWNER='Saleh' AIRFLOW_CTX_DAG_ID='branch_dim_gen' AIRFLOW_CTX_TASK_ID='generate_branch_dim_data' AIRFLOW_CTX_EXECUTION_DATE='2025-01-08T00:00:00+00:00' AIRFLOW_CTX_TRY_NUMBER='1' AIRFLOW_CTX_DAG_RUN_ID='scheduled__2025-01-08T00:00:00+00:00'
[2025-02-08T19:03:22.408+0000] {taskinstance.py:731} INFO - ::endgroup::
[2025-02-08T19:03:22.427+0000] {logging_mixin.py:190} INFO - CSV file './branch_dim_large_data.csv' with 50 rows has been generated successfully.
[2025-02-08T19:03:22.428+0000] {python.py:240} INFO - Done. Returned value was: None
[2025-02-08T19:03:22.447+0000] {taskinstance.py:340} INFO - ::group::Post task execution logs
[2025-02-08T19:03:22.447+0000] {taskinstance.py:352} INFO - Marking task as SUCCESS. dag_id=branch_dim_gen, task_id=generate_branch_dim_data, run_id=scheduled__2025-01-08T00:00:00+00:00, execution_date=20250108T000000, start_date=20250208T190322, end_date=20250208T190322
[2025-02-08T19:03:22.487+0000] {local_task_job_runner.py:266} INFO - Task exited with return code 0
[2025-02-08T19:03:22.504+0000] {taskinstance.py:3900} INFO - 0 downstream tasks scheduled from follow-on schedule check
[2025-02-08T19:03:22.507+0000] {local_task_job_runner.py:245} INFO - ::endgroup::
[2025-02-08T20:41:10.015+0000] {local_task_job_runner.py:123} INFO - ::group::Pre task execution logs
[2025-02-08T20:41:10.031+0000] {taskinstance.py:2612} INFO - Dependencies all met for dep_context=non-requeueable deps ti=<TaskInstance: branch_dim_gen.generate_branch_dim_data scheduled__2025-01-08T00:00:00+00:00 [queued]>
[2025-02-08T20:41:10.041+0000] {taskinstance.py:2612} INFO - Dependencies all met for dep_context=requeueable deps ti=<TaskInstance: branch_dim_gen.generate_branch_dim_data scheduled__2025-01-08T00:00:00+00:00 [queued]>
[2025-02-08T20:41:10.041+0000] {taskinstance.py:2865} INFO - Starting attempt 1 of 1
[2025-02-08T20:41:10.058+0000] {taskinstance.py:2888} INFO - Executing <Task(PythonOperator): generate_branch_dim_data> on 2025-01-08 00:00:00+00:00
[2025-02-08T20:41:10.068+0000] {logging_mixin.py:190} WARNING - /home/***/.local/lib/python3.12/site-packages/***/task/task_runner/standard_task_runner.py:70 DeprecationWarning: This process (pid=2003) is multi-threaded, use of fork() may lead to deadlocks in the child.
[2025-02-08T20:41:10.068+0000] {standard_task_runner.py:104} INFO - Running: ['***', 'tasks', 'run', 'branch_dim_gen', 'generate_branch_dim_data', 'scheduled__2025-01-08T00:00:00+00:00', '--job-id', '340', '--raw', '--subdir', 'DAGS_FOLDER/brnach_dim_gen.py', '--cfg-path', '/tmp/tmpkpntwskf']
[2025-02-08T20:41:10.070+0000] {standard_task_runner.py:72} INFO - Started process 2027 to run task
[2025-02-08T20:41:10.070+0000] {standard_task_runner.py:105} INFO - Job 340: Subtask generate_branch_dim_data
[2025-02-08T20:41:10.122+0000] {task_command.py:467} INFO - Running <TaskInstance: branch_dim_gen.generate_branch_dim_data scheduled__2025-01-08T00:00:00+00:00 [running]> on host 7e959c1a2a8b
[2025-02-08T20:41:10.216+0000] {taskinstance.py:3131} INFO - Exporting env vars: AIRFLOW_CTX_DAG_OWNER='Saleh' AIRFLOW_CTX_DAG_ID='branch_dim_gen' AIRFLOW_CTX_TASK_ID='generate_branch_dim_data' AIRFLOW_CTX_EXECUTION_DATE='2025-01-08T00:00:00+00:00' AIRFLOW_CTX_TRY_NUMBER='1' AIRFLOW_CTX_DAG_RUN_ID='scheduled__2025-01-08T00:00:00+00:00'
[2025-02-08T20:41:10.217+0000] {taskinstance.py:731} INFO - ::endgroup::
[2025-02-08T20:41:10.236+0000] {logging_mixin.py:190} INFO - CSV file './branch_dim_large_data.csv' with 50 rows has been generated successfully.
[2025-02-08T20:41:10.238+0000] {python.py:240} INFO - Done. Returned value was: None
[2025-02-08T20:41:10.247+0000] {taskinstance.py:340} INFO - ::group::Post task execution logs
[2025-02-08T20:41:10.247+0000] {taskinstance.py:352} INFO - Marking task as SUCCESS. dag_id=branch_dim_gen, task_id=generate_branch_dim_data, run_id=scheduled__2025-01-08T00:00:00+00:00, execution_date=20250108T000000, start_date=20250208T204110, end_date=20250208T204110
[2025-02-08T20:41:10.285+0000] {local_task_job_runner.py:266} INFO - Task exited with return code 0
[2025-02-08T20:41:10.300+0000] {taskinstance.py:3900} INFO - 0 downstream tasks scheduled from follow-on schedule check
[2025-02-08T20:41:10.302+0000] {local_task_job_runner.py:245} INFO - ::endgroup::
