[2025-02-08T19:00:26.145+0000] {local_task_job_runner.py:123} INFO - ::group::Pre task execution logs
[2025-02-08T19:00:26.160+0000] {taskinstance.py:2612} INFO - Dependencies all met for dep_context=non-requeueable deps ti=<TaskInstance: account_dim_gen.generate_account_dim_data scheduled__2024-11-03T00:00:00+00:00 [queued]>
[2025-02-08T19:00:26.167+0000] {taskinstance.py:2612} INFO - Dependencies all met for dep_context=requeueable deps ti=<TaskInstance: account_dim_gen.generate_account_dim_data scheduled__2024-11-03T00:00:00+00:00 [queued]>
[2025-02-08T19:00:26.168+0000] {taskinstance.py:2865} INFO - Starting attempt 1 of 1
[2025-02-08T19:00:26.179+0000] {taskinstance.py:2888} INFO - Executing <Task(PythonOperator): generate_account_dim_data> on 2024-11-03 00:00:00+00:00
[2025-02-08T19:00:26.186+0000] {logging_mixin.py:190} WARNING - /home/***/.local/lib/python3.12/site-packages/***/task/task_runner/standard_task_runner.py:70 DeprecationWarning: This process (pid=685) is multi-threaded, use of fork() may lead to deadlocks in the child.
[2025-02-08T19:00:26.187+0000] {standard_task_runner.py:72} INFO - Started process 701 to run task
[2025-02-08T19:00:26.187+0000] {standard_task_runner.py:104} INFO - Running: ['***', 'tasks', 'run', 'account_dim_gen', 'generate_account_dim_data', 'scheduled__2024-11-03T00:00:00+00:00', '--job-id', '58', '--raw', '--subdir', 'DAGS_FOLDER/account_dim_gen.py', '--cfg-path', '/tmp/tmp70o_2bow']
[2025-02-08T19:00:26.188+0000] {standard_task_runner.py:105} INFO - Job 58: Subtask generate_account_dim_data
[2025-02-08T19:00:26.225+0000] {task_command.py:467} INFO - Running <TaskInstance: account_dim_gen.generate_account_dim_data scheduled__2024-11-03T00:00:00+00:00 [running]> on host 2c1cd59afcc0
[2025-02-08T19:00:26.294+0000] {taskinstance.py:3131} INFO - Exporting env vars: AIRFLOW_CTX_DAG_OWNER='Saleh' AIRFLOW_CTX_DAG_ID='account_dim_gen' AIRFLOW_CTX_TASK_ID='generate_account_dim_data' AIRFLOW_CTX_EXECUTION_DATE='2024-11-03T00:00:00+00:00' AIRFLOW_CTX_TRY_NUMBER='1' AIRFLOW_CTX_DAG_RUN_ID='scheduled__2024-11-03T00:00:00+00:00'
[2025-02-08T19:00:26.295+0000] {taskinstance.py:731} INFO - ::endgroup::
[2025-02-08T19:00:26.310+0000] {logging_mixin.py:190} INFO - CSV file ./account_dim_large_data.csv with 50 row has been generated successfully!
[2025-02-08T19:00:26.311+0000] {python.py:240} INFO - Done. Returned value was: None
[2025-02-08T19:00:26.317+0000] {taskinstance.py:340} INFO - ::group::Post task execution logs
[2025-02-08T19:00:26.318+0000] {taskinstance.py:352} INFO - Marking task as SUCCESS. dag_id=account_dim_gen, task_id=generate_account_dim_data, run_id=scheduled__2024-11-03T00:00:00+00:00, execution_date=20241103T000000, start_date=20250208T190026, end_date=20250208T190026
[2025-02-08T19:00:26.362+0000] {local_task_job_runner.py:266} INFO - Task exited with return code 0
[2025-02-08T19:00:26.375+0000] {taskinstance.py:3900} INFO - 0 downstream tasks scheduled from follow-on schedule check
[2025-02-08T19:00:26.377+0000] {local_task_job_runner.py:245} INFO - ::endgroup::
[2025-02-08T20:40:21.808+0000] {local_task_job_runner.py:123} INFO - ::group::Pre task execution logs
[2025-02-08T20:40:21.847+0000] {taskinstance.py:2612} INFO - Dependencies all met for dep_context=non-requeueable deps ti=<TaskInstance: account_dim_gen.generate_account_dim_data scheduled__2024-11-03T00:00:00+00:00 [queued]>
[2025-02-08T20:40:21.909+0000] {taskinstance.py:2612} INFO - Dependencies all met for dep_context=requeueable deps ti=<TaskInstance: account_dim_gen.generate_account_dim_data scheduled__2024-11-03T00:00:00+00:00 [queued]>
[2025-02-08T20:40:21.909+0000] {taskinstance.py:2865} INFO - Starting attempt 1 of 1
[2025-02-08T20:40:21.937+0000] {taskinstance.py:2888} INFO - Executing <Task(PythonOperator): generate_account_dim_data> on 2024-11-03 00:00:00+00:00
[2025-02-08T20:40:21.956+0000] {logging_mixin.py:190} WARNING - /home/***/.local/lib/python3.12/site-packages/***/task/task_runner/standard_task_runner.py:70 DeprecationWarning: This process (pid=1211) is multi-threaded, use of fork() may lead to deadlocks in the child.
[2025-02-08T20:40:21.963+0000] {standard_task_runner.py:72} INFO - Started process 1240 to run task
[2025-02-08T20:40:21.960+0000] {standard_task_runner.py:104} INFO - Running: ['***', 'tasks', 'run', 'account_dim_gen', 'generate_account_dim_data', 'scheduled__2024-11-03T00:00:00+00:00', '--job-id', '152', '--raw', '--subdir', 'DAGS_FOLDER/account_dim_gen.py', '--cfg-path', '/tmp/tmpee4fiat_']
[2025-02-08T20:40:21.974+0000] {standard_task_runner.py:105} INFO - Job 152: Subtask generate_account_dim_data
[2025-02-08T20:40:22.127+0000] {task_command.py:467} INFO - Running <TaskInstance: account_dim_gen.generate_account_dim_data scheduled__2024-11-03T00:00:00+00:00 [running]> on host 7e959c1a2a8b
[2025-02-08T20:40:22.318+0000] {taskinstance.py:3131} INFO - Exporting env vars: AIRFLOW_CTX_DAG_OWNER='Saleh' AIRFLOW_CTX_DAG_ID='account_dim_gen' AIRFLOW_CTX_TASK_ID='generate_account_dim_data' AIRFLOW_CTX_EXECUTION_DATE='2024-11-03T00:00:00+00:00' AIRFLOW_CTX_TRY_NUMBER='1' AIRFLOW_CTX_DAG_RUN_ID='scheduled__2024-11-03T00:00:00+00:00'
[2025-02-08T20:40:22.320+0000] {taskinstance.py:731} INFO - ::endgroup::
[2025-02-08T20:40:22.366+0000] {logging_mixin.py:190} INFO - CSV file ./account_dim_large_data.csv with 50 row has been generated successfully!
[2025-02-08T20:40:22.367+0000] {python.py:240} INFO - Done. Returned value was: None
[2025-02-08T20:40:22.387+0000] {taskinstance.py:340} INFO - ::group::Post task execution logs
[2025-02-08T20:40:22.403+0000] {taskinstance.py:352} INFO - Marking task as SUCCESS. dag_id=account_dim_gen, task_id=generate_account_dim_data, run_id=scheduled__2024-11-03T00:00:00+00:00, execution_date=20241103T000000, start_date=20250208T204021, end_date=20250208T204022
[2025-02-08T20:40:22.443+0000] {local_task_job_runner.py:266} INFO - Task exited with return code 0
[2025-02-08T20:40:22.489+0000] {taskinstance.py:3900} INFO - 0 downstream tasks scheduled from follow-on schedule check
[2025-02-08T20:40:22.520+0000] {local_task_job_runner.py:245} INFO - ::endgroup::
