[2025-02-08T19:03:15.017+0000] {local_task_job_runner.py:123} INFO - ::group::Pre task execution logs
[2025-02-08T19:03:15.035+0000] {taskinstance.py:2612} INFO - Dependencies all met for dep_context=non-requeueable deps ti=<TaskInstance: customer_dim_generator.generate_customer_dim_data scheduled__2025-01-17T00:00:00+00:00 [queued]>
[2025-02-08T19:03:15.044+0000] {taskinstance.py:2612} INFO - Dependencies all met for dep_context=requeueable deps ti=<TaskInstance: customer_dim_generator.generate_customer_dim_data scheduled__2025-01-17T00:00:00+00:00 [queued]>
[2025-02-08T19:03:15.045+0000] {taskinstance.py:2865} INFO - Starting attempt 1 of 1
[2025-02-08T19:03:15.062+0000] {taskinstance.py:2888} INFO - Executing <Task(PythonOperator): generate_customer_dim_data> on 2025-01-17 00:00:00+00:00
[2025-02-08T19:03:15.073+0000] {logging_mixin.py:190} WARNING - /home/***/.local/lib/python3.12/site-packages/***/task/task_runner/standard_task_runner.py:70 DeprecationWarning: This process (pid=2025) is multi-threaded, use of fork() may lead to deadlocks in the child.
[2025-02-08T19:03:15.077+0000] {standard_task_runner.py:104} INFO - Running: ['***', 'tasks', 'run', 'customer_dim_generator', 'generate_customer_dim_data', 'scheduled__2025-01-17T00:00:00+00:00', '--job-id', '361', '--raw', '--subdir', 'DAGS_FOLDER/customer_dim_gen.py', '--cfg-path', '/tmp/tmpyv968aq_']
[2025-02-08T19:03:15.079+0000] {standard_task_runner.py:105} INFO - Job 361: Subtask generate_customer_dim_data
[2025-02-08T19:03:15.092+0000] {standard_task_runner.py:72} INFO - Started process 2057 to run task
[2025-02-08T19:03:15.129+0000] {task_command.py:467} INFO - Running <TaskInstance: customer_dim_generator.generate_customer_dim_data scheduled__2025-01-17T00:00:00+00:00 [running]> on host 2c1cd59afcc0
[2025-02-08T19:03:15.243+0000] {taskinstance.py:3131} INFO - Exporting env vars: AIRFLOW_CTX_DAG_OWNER='Saleh' AIRFLOW_CTX_DAG_ID='customer_dim_generator' AIRFLOW_CTX_TASK_ID='generate_customer_dim_data' AIRFLOW_CTX_EXECUTION_DATE='2025-01-17T00:00:00+00:00' AIRFLOW_CTX_TRY_NUMBER='1' AIRFLOW_CTX_DAG_RUN_ID='scheduled__2025-01-17T00:00:00+00:00'
[2025-02-08T19:03:15.247+0000] {taskinstance.py:731} INFO - ::endgroup::
[2025-02-08T19:03:15.287+0000] {logging_mixin.py:190} INFO - CSV file './customer_dim_large_data.csv' with 100 rows has been generated successfully.
[2025-02-08T19:03:15.288+0000] {python.py:240} INFO - Done. Returned value was: None
[2025-02-08T19:03:15.300+0000] {taskinstance.py:340} INFO - ::group::Post task execution logs
[2025-02-08T19:03:15.301+0000] {taskinstance.py:352} INFO - Marking task as SUCCESS. dag_id=customer_dim_generator, task_id=generate_customer_dim_data, run_id=scheduled__2025-01-17T00:00:00+00:00, execution_date=20250117T000000, start_date=20250208T190315, end_date=20250208T190315
[2025-02-08T19:03:15.351+0000] {local_task_job_runner.py:266} INFO - Task exited with return code 0
[2025-02-08T19:03:15.359+0000] {local_task_job_runner.py:245} INFO - ::endgroup::
[2025-02-08T20:41:02.233+0000] {local_task_job_runner.py:123} INFO - ::group::Pre task execution logs
[2025-02-08T20:41:02.257+0000] {taskinstance.py:2612} INFO - Dependencies all met for dep_context=non-requeueable deps ti=<TaskInstance: customer_dim_generator.generate_customer_dim_data scheduled__2025-01-17T00:00:00+00:00 [queued]>
[2025-02-08T20:41:02.268+0000] {taskinstance.py:2612} INFO - Dependencies all met for dep_context=requeueable deps ti=<TaskInstance: customer_dim_generator.generate_customer_dim_data scheduled__2025-01-17T00:00:00+00:00 [queued]>
[2025-02-08T20:41:02.269+0000] {taskinstance.py:2865} INFO - Starting attempt 1 of 1
[2025-02-08T20:41:02.286+0000] {taskinstance.py:2888} INFO - Executing <Task(PythonOperator): generate_customer_dim_data> on 2025-01-17 00:00:00+00:00
[2025-02-08T20:41:02.299+0000] {logging_mixin.py:190} WARNING - /home/***/.local/lib/python3.12/site-packages/***/task/task_runner/standard_task_runner.py:70 DeprecationWarning: This process (pid=1872) is multi-threaded, use of fork() may lead to deadlocks in the child.
[2025-02-08T20:41:02.301+0000] {standard_task_runner.py:72} INFO - Started process 1908 to run task
[2025-02-08T20:41:02.300+0000] {standard_task_runner.py:104} INFO - Running: ['***', 'tasks', 'run', 'customer_dim_generator', 'generate_customer_dim_data', 'scheduled__2025-01-17T00:00:00+00:00', '--job-id', '310', '--raw', '--subdir', 'DAGS_FOLDER/customer_dim_gen.py', '--cfg-path', '/tmp/tmpq0njlake']
[2025-02-08T20:41:02.304+0000] {standard_task_runner.py:105} INFO - Job 310: Subtask generate_customer_dim_data
[2025-02-08T20:41:02.361+0000] {task_command.py:467} INFO - Running <TaskInstance: customer_dim_generator.generate_customer_dim_data scheduled__2025-01-17T00:00:00+00:00 [running]> on host 7e959c1a2a8b
[2025-02-08T20:41:02.488+0000] {taskinstance.py:3131} INFO - Exporting env vars: AIRFLOW_CTX_DAG_OWNER='Saleh' AIRFLOW_CTX_DAG_ID='customer_dim_generator' AIRFLOW_CTX_TASK_ID='generate_customer_dim_data' AIRFLOW_CTX_EXECUTION_DATE='2025-01-17T00:00:00+00:00' AIRFLOW_CTX_TRY_NUMBER='1' AIRFLOW_CTX_DAG_RUN_ID='scheduled__2025-01-17T00:00:00+00:00'
[2025-02-08T20:41:02.490+0000] {taskinstance.py:731} INFO - ::endgroup::
[2025-02-08T20:41:02.524+0000] {logging_mixin.py:190} INFO - CSV file './customer_dim_large_data.csv' with 100 rows has been generated successfully.
[2025-02-08T20:41:02.525+0000] {python.py:240} INFO - Done. Returned value was: None
[2025-02-08T20:41:02.555+0000] {taskinstance.py:340} INFO - ::group::Post task execution logs
[2025-02-08T20:41:02.557+0000] {taskinstance.py:352} INFO - Marking task as SUCCESS. dag_id=customer_dim_generator, task_id=generate_customer_dim_data, run_id=scheduled__2025-01-17T00:00:00+00:00, execution_date=20250117T000000, start_date=20250208T204102, end_date=20250208T204102
[2025-02-08T20:41:02.597+0000] {local_task_job_runner.py:266} INFO - Task exited with return code 0
[2025-02-08T20:41:02.622+0000] {local_task_job_runner.py:245} INFO - ::endgroup::
[2025-02-08T20:43:40.110+0000] {local_task_job_runner.py:123} INFO - ::group::Pre task execution logs
[2025-02-08T20:43:40.125+0000] {taskinstance.py:2612} INFO - Dependencies all met for dep_context=non-requeueable deps ti=<TaskInstance: customer_dim_generator.generate_customer_dim_data scheduled__2025-01-17T00:00:00+00:00 [queued]>
[2025-02-08T20:43:40.134+0000] {taskinstance.py:2612} INFO - Dependencies all met for dep_context=requeueable deps ti=<TaskInstance: customer_dim_generator.generate_customer_dim_data scheduled__2025-01-17T00:00:00+00:00 [queued]>
[2025-02-08T20:43:40.134+0000] {taskinstance.py:2865} INFO - Starting attempt 1 of 1
[2025-02-08T20:43:40.148+0000] {taskinstance.py:2888} INFO - Executing <Task(PythonOperator): generate_customer_dim_data> on 2025-01-17 00:00:00+00:00
[2025-02-08T20:43:40.158+0000] {logging_mixin.py:190} WARNING - /home/***/.local/lib/python3.12/site-packages/***/task/task_runner/standard_task_runner.py:70 DeprecationWarning: This process (pid=832) is multi-threaded, use of fork() may lead to deadlocks in the child.
[2025-02-08T20:43:40.159+0000] {standard_task_runner.py:72} INFO - Started process 846 to run task
[2025-02-08T20:43:40.158+0000] {standard_task_runner.py:104} INFO - Running: ['***', 'tasks', 'run', 'customer_dim_generator', 'generate_customer_dim_data', 'scheduled__2025-01-17T00:00:00+00:00', '--job-id', '507', '--raw', '--subdir', 'DAGS_FOLDER/customer_dim_gen.py', '--cfg-path', '/tmp/tmphf9w766j']
[2025-02-08T20:43:40.160+0000] {standard_task_runner.py:105} INFO - Job 507: Subtask generate_customer_dim_data
[2025-02-08T20:43:40.198+0000] {task_command.py:467} INFO - Running <TaskInstance: customer_dim_generator.generate_customer_dim_data scheduled__2025-01-17T00:00:00+00:00 [running]> on host 86932746817d
[2025-02-08T20:43:40.280+0000] {taskinstance.py:3131} INFO - Exporting env vars: AIRFLOW_CTX_DAG_OWNER='Saleh' AIRFLOW_CTX_DAG_ID='customer_dim_generator' AIRFLOW_CTX_TASK_ID='generate_customer_dim_data' AIRFLOW_CTX_EXECUTION_DATE='2025-01-17T00:00:00+00:00' AIRFLOW_CTX_TRY_NUMBER='1' AIRFLOW_CTX_DAG_RUN_ID='scheduled__2025-01-17T00:00:00+00:00'
[2025-02-08T20:43:40.282+0000] {taskinstance.py:731} INFO - ::endgroup::
[2025-02-08T20:43:40.302+0000] {logging_mixin.py:190} INFO - CSV file './customer_dim_large_data.csv' with 100 rows has been generated successfully.
[2025-02-08T20:43:40.302+0000] {python.py:240} INFO - Done. Returned value was: None
[2025-02-08T20:43:40.310+0000] {taskinstance.py:340} INFO - ::group::Post task execution logs
[2025-02-08T20:43:40.310+0000] {taskinstance.py:352} INFO - Marking task as SUCCESS. dag_id=customer_dim_generator, task_id=generate_customer_dim_data, run_id=scheduled__2025-01-17T00:00:00+00:00, execution_date=20250117T000000, start_date=20250208T204340, end_date=20250208T204340
[2025-02-08T20:43:40.333+0000] {local_task_job_runner.py:266} INFO - Task exited with return code 0
[2025-02-08T20:43:40.348+0000] {taskinstance.py:3900} INFO - 0 downstream tasks scheduled from follow-on schedule check
[2025-02-08T20:43:40.350+0000] {local_task_job_runner.py:245} INFO - ::endgroup::
