[2025-02-08T19:02:14.318+0000] {local_task_job_runner.py:123} INFO - ::group::Pre task execution logs
[2025-02-08T19:02:14.348+0000] {taskinstance.py:2612} INFO - Dependencies all met for dep_context=non-requeueable deps ti=<TaskInstance: customer_dim_generator.generate_customer_dim_data scheduled__2024-10-25T00:00:00+00:00 [queued]>
[2025-02-08T19:02:14.356+0000] {taskinstance.py:2612} INFO - Dependencies all met for dep_context=requeueable deps ti=<TaskInstance: customer_dim_generator.generate_customer_dim_data scheduled__2024-10-25T00:00:00+00:00 [queued]>
[2025-02-08T19:02:14.361+0000] {taskinstance.py:2865} INFO - Starting attempt 1 of 1
[2025-02-08T19:02:14.388+0000] {taskinstance.py:2888} INFO - Executing <Task(PythonOperator): generate_customer_dim_data> on 2024-10-25 00:00:00+00:00
[2025-02-08T19:02:14.406+0000] {logging_mixin.py:190} WARNING - /home/***/.local/lib/python3.12/site-packages/***/task/task_runner/standard_task_runner.py:70 DeprecationWarning: This process (pid=1306) is multi-threaded, use of fork() may lead to deadlocks in the child.
[2025-02-08T19:02:14.408+0000] {standard_task_runner.py:72} INFO - Started process 1331 to run task
[2025-02-08T19:02:14.407+0000] {standard_task_runner.py:104} INFO - Running: ['***', 'tasks', 'run', 'customer_dim_generator', 'generate_customer_dim_data', 'scheduled__2024-10-25T00:00:00+00:00', '--job-id', '192', '--raw', '--subdir', 'DAGS_FOLDER/customer_dim_gen.py', '--cfg-path', '/tmp/tmp2x2mv6y8']
[2025-02-08T19:02:14.410+0000] {standard_task_runner.py:105} INFO - Job 192: Subtask generate_customer_dim_data
[2025-02-08T19:02:14.474+0000] {task_command.py:467} INFO - Running <TaskInstance: customer_dim_generator.generate_customer_dim_data scheduled__2024-10-25T00:00:00+00:00 [running]> on host 2c1cd59afcc0
[2025-02-08T19:02:14.809+0000] {taskinstance.py:3131} INFO - Exporting env vars: AIRFLOW_CTX_DAG_OWNER='Saleh' AIRFLOW_CTX_DAG_ID='customer_dim_generator' AIRFLOW_CTX_TASK_ID='generate_customer_dim_data' AIRFLOW_CTX_EXECUTION_DATE='2024-10-25T00:00:00+00:00' AIRFLOW_CTX_TRY_NUMBER='1' AIRFLOW_CTX_DAG_RUN_ID='scheduled__2024-10-25T00:00:00+00:00'
[2025-02-08T19:02:14.810+0000] {taskinstance.py:731} INFO - ::endgroup::
[2025-02-08T19:02:14.833+0000] {logging_mixin.py:190} INFO - CSV file './customer_dim_large_data.csv' with 100 rows has been generated successfully.
[2025-02-08T19:02:14.833+0000] {python.py:240} INFO - Done. Returned value was: None
[2025-02-08T19:02:14.843+0000] {taskinstance.py:340} INFO - ::group::Post task execution logs
[2025-02-08T19:02:14.843+0000] {taskinstance.py:352} INFO - Marking task as SUCCESS. dag_id=customer_dim_generator, task_id=generate_customer_dim_data, run_id=scheduled__2024-10-25T00:00:00+00:00, execution_date=20241025T000000, start_date=20250208T190214, end_date=20250208T190214
[2025-02-08T19:02:14.911+0000] {local_task_job_runner.py:266} INFO - Task exited with return code 0
[2025-02-08T19:02:14.932+0000] {taskinstance.py:3900} INFO - 0 downstream tasks scheduled from follow-on schedule check
[2025-02-08T19:02:14.954+0000] {local_task_job_runner.py:245} INFO - ::endgroup::
[2025-02-08T20:39:51.955+0000] {local_task_job_runner.py:123} INFO - ::group::Pre task execution logs
[2025-02-08T20:39:51.974+0000] {taskinstance.py:2612} INFO - Dependencies all met for dep_context=non-requeueable deps ti=<TaskInstance: customer_dim_generator.generate_customer_dim_data scheduled__2024-10-25T00:00:00+00:00 [queued]>
[2025-02-08T20:39:51.985+0000] {taskinstance.py:2612} INFO - Dependencies all met for dep_context=requeueable deps ti=<TaskInstance: customer_dim_generator.generate_customer_dim_data scheduled__2024-10-25T00:00:00+00:00 [queued]>
[2025-02-08T20:39:51.986+0000] {taskinstance.py:2865} INFO - Starting attempt 1 of 1
[2025-02-08T20:39:52.003+0000] {taskinstance.py:2888} INFO - Executing <Task(PythonOperator): generate_customer_dim_data> on 2024-10-25 00:00:00+00:00
[2025-02-08T20:39:52.013+0000] {logging_mixin.py:190} WARNING - /home/***/.local/lib/python3.12/site-packages/***/task/task_runner/standard_task_runner.py:70 DeprecationWarning: This process (pid=800) is multi-threaded, use of fork() may lead to deadlocks in the child.
[2025-02-08T20:39:52.015+0000] {standard_task_runner.py:72} INFO - Started process 831 to run task
[2025-02-08T20:39:52.014+0000] {standard_task_runner.py:104} INFO - Running: ['***', 'tasks', 'run', 'customer_dim_generator', 'generate_customer_dim_data', 'scheduled__2024-10-25T00:00:00+00:00', '--job-id', '58', '--raw', '--subdir', 'DAGS_FOLDER/customer_dim_gen.py', '--cfg-path', '/tmp/tmpc78yt0wq']
[2025-02-08T20:39:52.017+0000] {standard_task_runner.py:105} INFO - Job 58: Subtask generate_customer_dim_data
[2025-02-08T20:39:52.095+0000] {task_command.py:467} INFO - Running <TaskInstance: customer_dim_generator.generate_customer_dim_data scheduled__2024-10-25T00:00:00+00:00 [running]> on host 7e959c1a2a8b
[2025-02-08T20:39:52.247+0000] {taskinstance.py:3131} INFO - Exporting env vars: AIRFLOW_CTX_DAG_OWNER='Saleh' AIRFLOW_CTX_DAG_ID='customer_dim_generator' AIRFLOW_CTX_TASK_ID='generate_customer_dim_data' AIRFLOW_CTX_EXECUTION_DATE='2024-10-25T00:00:00+00:00' AIRFLOW_CTX_TRY_NUMBER='1' AIRFLOW_CTX_DAG_RUN_ID='scheduled__2024-10-25T00:00:00+00:00'
[2025-02-08T20:39:52.250+0000] {taskinstance.py:731} INFO - ::endgroup::
[2025-02-08T20:39:52.278+0000] {logging_mixin.py:190} INFO - CSV file './customer_dim_large_data.csv' with 100 rows has been generated successfully.
[2025-02-08T20:39:52.281+0000] {python.py:240} INFO - Done. Returned value was: None
[2025-02-08T20:39:52.303+0000] {taskinstance.py:340} INFO - ::group::Post task execution logs
[2025-02-08T20:39:52.304+0000] {taskinstance.py:352} INFO - Marking task as SUCCESS. dag_id=customer_dim_generator, task_id=generate_customer_dim_data, run_id=scheduled__2024-10-25T00:00:00+00:00, execution_date=20241025T000000, start_date=20250208T203951, end_date=20250208T203952
[2025-02-08T20:39:52.327+0000] {local_task_job_runner.py:266} INFO - Task exited with return code 0
[2025-02-08T20:39:52.352+0000] {taskinstance.py:3900} INFO - 0 downstream tasks scheduled from follow-on schedule check
[2025-02-08T20:39:52.357+0000] {local_task_job_runner.py:245} INFO - ::endgroup::
[2025-02-08T20:42:52.466+0000] {local_task_job_runner.py:123} INFO - ::group::Pre task execution logs
[2025-02-08T20:42:52.483+0000] {taskinstance.py:2612} INFO - Dependencies all met for dep_context=non-requeueable deps ti=<TaskInstance: customer_dim_generator.generate_customer_dim_data scheduled__2024-10-25T00:00:00+00:00 [queued]>
[2025-02-08T20:42:52.490+0000] {taskinstance.py:2612} INFO - Dependencies all met for dep_context=requeueable deps ti=<TaskInstance: customer_dim_generator.generate_customer_dim_data scheduled__2024-10-25T00:00:00+00:00 [queued]>
[2025-02-08T20:42:52.491+0000] {taskinstance.py:2865} INFO - Starting attempt 1 of 1
[2025-02-08T20:42:52.552+0000] {taskinstance.py:2888} INFO - Executing <Task(PythonOperator): generate_customer_dim_data> on 2024-10-25 00:00:00+00:00
[2025-02-08T20:42:52.562+0000] {logging_mixin.py:190} WARNING - /home/***/.local/lib/python3.12/site-packages/***/task/task_runner/standard_task_runner.py:70 DeprecationWarning: This process (pid=459) is multi-threaded, use of fork() may lead to deadlocks in the child.
[2025-02-08T20:42:52.563+0000] {standard_task_runner.py:72} INFO - Started process 475 to run task
[2025-02-08T20:42:52.562+0000] {standard_task_runner.py:104} INFO - Running: ['***', 'tasks', 'run', 'customer_dim_generator', 'generate_customer_dim_data', 'scheduled__2024-10-25T00:00:00+00:00', '--job-id', '423', '--raw', '--subdir', 'DAGS_FOLDER/customer_dim_gen.py', '--cfg-path', '/tmp/tmph1fellww']
[2025-02-08T20:42:52.564+0000] {standard_task_runner.py:105} INFO - Job 423: Subtask generate_customer_dim_data
[2025-02-08T20:42:52.608+0000] {task_command.py:467} INFO - Running <TaskInstance: customer_dim_generator.generate_customer_dim_data scheduled__2024-10-25T00:00:00+00:00 [running]> on host 86932746817d
[2025-02-08T20:42:52.693+0000] {taskinstance.py:3131} INFO - Exporting env vars: AIRFLOW_CTX_DAG_OWNER='Saleh' AIRFLOW_CTX_DAG_ID='customer_dim_generator' AIRFLOW_CTX_TASK_ID='generate_customer_dim_data' AIRFLOW_CTX_EXECUTION_DATE='2024-10-25T00:00:00+00:00' AIRFLOW_CTX_TRY_NUMBER='1' AIRFLOW_CTX_DAG_RUN_ID='scheduled__2024-10-25T00:00:00+00:00'
[2025-02-08T20:42:52.694+0000] {taskinstance.py:731} INFO - ::endgroup::
[2025-02-08T20:42:52.710+0000] {logging_mixin.py:190} INFO - CSV file './customer_dim_large_data.csv' with 100 rows has been generated successfully.
[2025-02-08T20:42:52.711+0000] {python.py:240} INFO - Done. Returned value was: None
[2025-02-08T20:42:52.719+0000] {taskinstance.py:340} INFO - ::group::Post task execution logs
[2025-02-08T20:42:52.719+0000] {taskinstance.py:352} INFO - Marking task as SUCCESS. dag_id=customer_dim_generator, task_id=generate_customer_dim_data, run_id=scheduled__2024-10-25T00:00:00+00:00, execution_date=20241025T000000, start_date=20250208T204252, end_date=20250208T204252
[2025-02-08T20:42:52.737+0000] {local_task_job_runner.py:266} INFO - Task exited with return code 0
[2025-02-08T20:42:52.752+0000] {taskinstance.py:3900} INFO - 0 downstream tasks scheduled from follow-on schedule check
[2025-02-08T20:42:52.754+0000] {local_task_job_runner.py:245} INFO - ::endgroup::
