[2025-02-08T19:03:27.679+0000] {local_task_job_runner.py:123} INFO - ::group::Pre task execution logs
[2025-02-08T19:03:27.697+0000] {taskinstance.py:2612} INFO - Dependencies all met for dep_context=non-requeueable deps ti=<TaskInstance: branch_dim_gen.generate_branch_dim_data scheduled__2025-01-14T00:00:00+00:00 [queued]>
[2025-02-08T19:03:27.707+0000] {taskinstance.py:2612} INFO - Dependencies all met for dep_context=requeueable deps ti=<TaskInstance: branch_dim_gen.generate_branch_dim_data scheduled__2025-01-14T00:00:00+00:00 [queued]>
[2025-02-08T19:03:27.708+0000] {taskinstance.py:2865} INFO - Starting attempt 1 of 1
[2025-02-08T19:03:27.732+0000] {taskinstance.py:2888} INFO - Executing <Task(PythonOperator): generate_branch_dim_data> on 2025-01-14 00:00:00+00:00
[2025-02-08T19:03:27.742+0000] {logging_mixin.py:190} WARNING - /home/***/.local/lib/python3.12/site-packages/***/task/task_runner/standard_task_runner.py:70 DeprecationWarning: This process (pid=2194) is multi-threaded, use of fork() may lead to deadlocks in the child.
[2025-02-08T19:03:27.744+0000] {standard_task_runner.py:72} INFO - Started process 2220 to run task
[2025-02-08T19:03:27.743+0000] {standard_task_runner.py:104} INFO - Running: ['***', 'tasks', 'run', 'branch_dim_gen', 'generate_branch_dim_data', 'scheduled__2025-01-14T00:00:00+00:00', '--job-id', '401', '--raw', '--subdir', 'DAGS_FOLDER/brnach_dim_gen.py', '--cfg-path', '/tmp/tmp9c0ufzlq']
[2025-02-08T19:03:27.745+0000] {standard_task_runner.py:105} INFO - Job 401: Subtask generate_branch_dim_data
[2025-02-08T19:03:27.796+0000] {task_command.py:467} INFO - Running <TaskInstance: branch_dim_gen.generate_branch_dim_data scheduled__2025-01-14T00:00:00+00:00 [running]> on host 2c1cd59afcc0
[2025-02-08T19:03:27.888+0000] {taskinstance.py:3131} INFO - Exporting env vars: AIRFLOW_CTX_DAG_OWNER='Saleh' AIRFLOW_CTX_DAG_ID='branch_dim_gen' AIRFLOW_CTX_TASK_ID='generate_branch_dim_data' AIRFLOW_CTX_EXECUTION_DATE='2025-01-14T00:00:00+00:00' AIRFLOW_CTX_TRY_NUMBER='1' AIRFLOW_CTX_DAG_RUN_ID='scheduled__2025-01-14T00:00:00+00:00'
[2025-02-08T19:03:27.889+0000] {taskinstance.py:731} INFO - ::endgroup::
[2025-02-08T19:03:27.908+0000] {logging_mixin.py:190} INFO - CSV file './branch_dim_large_data.csv' with 50 rows has been generated successfully.
[2025-02-08T19:03:27.909+0000] {python.py:240} INFO - Done. Returned value was: None
[2025-02-08T19:03:27.916+0000] {taskinstance.py:340} INFO - ::group::Post task execution logs
[2025-02-08T19:03:27.917+0000] {taskinstance.py:352} INFO - Marking task as SUCCESS. dag_id=branch_dim_gen, task_id=generate_branch_dim_data, run_id=scheduled__2025-01-14T00:00:00+00:00, execution_date=20250114T000000, start_date=20250208T190327, end_date=20250208T190327
[2025-02-08T19:03:27.962+0000] {local_task_job_runner.py:266} INFO - Task exited with return code 0
[2025-02-08T19:03:27.979+0000] {taskinstance.py:3900} INFO - 0 downstream tasks scheduled from follow-on schedule check
[2025-02-08T19:03:27.981+0000] {local_task_job_runner.py:245} INFO - ::endgroup::
[2025-02-08T20:41:19.642+0000] {local_task_job_runner.py:123} INFO - ::group::Pre task execution logs
[2025-02-08T20:41:19.654+0000] {taskinstance.py:2612} INFO - Dependencies all met for dep_context=non-requeueable deps ti=<TaskInstance: branch_dim_gen.generate_branch_dim_data scheduled__2025-01-14T00:00:00+00:00 [queued]>
[2025-02-08T20:41:19.663+0000] {taskinstance.py:2612} INFO - Dependencies all met for dep_context=requeueable deps ti=<TaskInstance: branch_dim_gen.generate_branch_dim_data scheduled__2025-01-14T00:00:00+00:00 [queued]>
[2025-02-08T20:41:19.663+0000] {taskinstance.py:2865} INFO - Starting attempt 1 of 1
[2025-02-08T20:41:19.673+0000] {taskinstance.py:2888} INFO - Executing <Task(PythonOperator): generate_branch_dim_data> on 2025-01-14 00:00:00+00:00
[2025-02-08T20:41:19.682+0000] {logging_mixin.py:190} WARNING - /home/***/.local/lib/python3.12/site-packages/***/task/task_runner/standard_task_runner.py:70 DeprecationWarning: This process (pid=2080) is multi-threaded, use of fork() may lead to deadlocks in the child.
[2025-02-08T20:41:19.683+0000] {standard_task_runner.py:72} INFO - Started process 2086 to run task
[2025-02-08T20:41:19.682+0000] {standard_task_runner.py:104} INFO - Running: ['***', 'tasks', 'run', 'branch_dim_gen', 'generate_branch_dim_data', 'scheduled__2025-01-14T00:00:00+00:00', '--job-id', '353', '--raw', '--subdir', 'DAGS_FOLDER/brnach_dim_gen.py', '--cfg-path', '/tmp/tmpn2rxtbyi']
[2025-02-08T20:41:19.684+0000] {standard_task_runner.py:105} INFO - Job 353: Subtask generate_branch_dim_data
[2025-02-08T20:41:19.717+0000] {task_command.py:467} INFO - Running <TaskInstance: branch_dim_gen.generate_branch_dim_data scheduled__2025-01-14T00:00:00+00:00 [running]> on host 7e959c1a2a8b
[2025-02-08T20:41:19.786+0000] {taskinstance.py:3131} INFO - Exporting env vars: AIRFLOW_CTX_DAG_OWNER='Saleh' AIRFLOW_CTX_DAG_ID='branch_dim_gen' AIRFLOW_CTX_TASK_ID='generate_branch_dim_data' AIRFLOW_CTX_EXECUTION_DATE='2025-01-14T00:00:00+00:00' AIRFLOW_CTX_TRY_NUMBER='1' AIRFLOW_CTX_DAG_RUN_ID='scheduled__2025-01-14T00:00:00+00:00'
[2025-02-08T20:41:19.787+0000] {taskinstance.py:731} INFO - ::endgroup::
[2025-02-08T20:41:19.805+0000] {logging_mixin.py:190} INFO - CSV file './branch_dim_large_data.csv' with 50 rows has been generated successfully.
[2025-02-08T20:41:19.805+0000] {python.py:240} INFO - Done. Returned value was: None
[2025-02-08T20:41:19.812+0000] {taskinstance.py:340} INFO - ::group::Post task execution logs
[2025-02-08T20:41:19.813+0000] {taskinstance.py:352} INFO - Marking task as SUCCESS. dag_id=branch_dim_gen, task_id=generate_branch_dim_data, run_id=scheduled__2025-01-14T00:00:00+00:00, execution_date=20250114T000000, start_date=20250208T204119, end_date=20250208T204119
[2025-02-08T20:41:19.857+0000] {local_task_job_runner.py:266} INFO - Task exited with return code 0
[2025-02-08T20:41:19.870+0000] {taskinstance.py:3900} INFO - 0 downstream tasks scheduled from follow-on schedule check
[2025-02-08T20:41:19.872+0000] {local_task_job_runner.py:245} INFO - ::endgroup::
