[2025-02-08T19:00:58.257+0000] {local_task_job_runner.py:123} INFO - ::group::Pre task execution logs
[2025-02-08T19:00:58.273+0000] {taskinstance.py:2612} INFO - Dependencies all met for dep_context=non-requeueable deps ti=<TaskInstance: account_dim_gen.generate_account_dim_data scheduled__2024-12-24T00:00:00+00:00 [queued]>
[2025-02-08T19:00:58.282+0000] {taskinstance.py:2612} INFO - Dependencies all met for dep_context=requeueable deps ti=<TaskInstance: account_dim_gen.generate_account_dim_data scheduled__2024-12-24T00:00:00+00:00 [queued]>
[2025-02-08T19:00:58.283+0000] {taskinstance.py:2865} INFO - Starting attempt 1 of 1
[2025-02-08T19:00:58.328+0000] {taskinstance.py:2888} INFO - Executing <Task(PythonOperator): generate_account_dim_data> on 2024-12-24 00:00:00+00:00
[2025-02-08T19:00:58.338+0000] {logging_mixin.py:190} WARNING - /home/***/.local/lib/python3.12/site-packages/***/task/task_runner/standard_task_runner.py:70 DeprecationWarning: This process (pid=927) is multi-threaded, use of fork() may lead to deadlocks in the child.
[2025-02-08T19:00:58.340+0000] {standard_task_runner.py:72} INFO - Started process 940 to run task
[2025-02-08T19:00:58.340+0000] {standard_task_runner.py:104} INFO - Running: ['***', 'tasks', 'run', 'account_dim_gen', 'generate_account_dim_data', 'scheduled__2024-12-24T00:00:00+00:00', '--job-id', '109', '--raw', '--subdir', 'DAGS_FOLDER/account_dim_gen.py', '--cfg-path', '/tmp/tmpucjufpt7']
[2025-02-08T19:00:58.342+0000] {standard_task_runner.py:105} INFO - Job 109: Subtask generate_account_dim_data
[2025-02-08T19:00:58.395+0000] {task_command.py:467} INFO - Running <TaskInstance: account_dim_gen.generate_account_dim_data scheduled__2024-12-24T00:00:00+00:00 [running]> on host 2c1cd59afcc0
[2025-02-08T19:00:58.490+0000] {taskinstance.py:3131} INFO - Exporting env vars: AIRFLOW_CTX_DAG_OWNER='Saleh' AIRFLOW_CTX_DAG_ID='account_dim_gen' AIRFLOW_CTX_TASK_ID='generate_account_dim_data' AIRFLOW_CTX_EXECUTION_DATE='2024-12-24T00:00:00+00:00' AIRFLOW_CTX_TRY_NUMBER='1' AIRFLOW_CTX_DAG_RUN_ID='scheduled__2024-12-24T00:00:00+00:00'
[2025-02-08T19:00:58.491+0000] {taskinstance.py:731} INFO - ::endgroup::
[2025-02-08T19:00:58.513+0000] {logging_mixin.py:190} INFO - CSV file ./account_dim_large_data.csv with 50 row has been generated successfully!
[2025-02-08T19:00:58.514+0000] {python.py:240} INFO - Done. Returned value was: None
[2025-02-08T19:00:58.523+0000] {taskinstance.py:340} INFO - ::group::Post task execution logs
[2025-02-08T19:00:58.524+0000] {taskinstance.py:352} INFO - Marking task as SUCCESS. dag_id=account_dim_gen, task_id=generate_account_dim_data, run_id=scheduled__2024-12-24T00:00:00+00:00, execution_date=20241224T000000, start_date=20250208T190058, end_date=20250208T190058
[2025-02-08T19:00:58.555+0000] {local_task_job_runner.py:266} INFO - Task exited with return code 0
[2025-02-08T19:00:58.565+0000] {local_task_job_runner.py:245} INFO - ::endgroup::
[2025-02-08T20:41:02.142+0000] {local_task_job_runner.py:123} INFO - ::group::Pre task execution logs
[2025-02-08T20:41:02.180+0000] {taskinstance.py:2612} INFO - Dependencies all met for dep_context=non-requeueable deps ti=<TaskInstance: account_dim_gen.generate_account_dim_data scheduled__2024-12-24T00:00:00+00:00 [queued]>
[2025-02-08T20:41:02.198+0000] {taskinstance.py:2612} INFO - Dependencies all met for dep_context=requeueable deps ti=<TaskInstance: account_dim_gen.generate_account_dim_data scheduled__2024-12-24T00:00:00+00:00 [queued]>
[2025-02-08T20:41:02.199+0000] {taskinstance.py:2865} INFO - Starting attempt 1 of 1
[2025-02-08T20:41:02.225+0000] {taskinstance.py:2888} INFO - Executing <Task(PythonOperator): generate_account_dim_data> on 2024-12-24 00:00:00+00:00
[2025-02-08T20:41:02.242+0000] {logging_mixin.py:190} WARNING - /home/***/.local/lib/python3.12/site-packages/***/task/task_runner/standard_task_runner.py:70 DeprecationWarning: This process (pid=1870) is multi-threaded, use of fork() may lead to deadlocks in the child.
[2025-02-08T20:41:02.243+0000] {standard_task_runner.py:72} INFO - Started process 1906 to run task
[2025-02-08T20:41:02.246+0000] {standard_task_runner.py:104} INFO - Running: ['***', 'tasks', 'run', 'account_dim_gen', 'generate_account_dim_data', 'scheduled__2024-12-24T00:00:00+00:00', '--job-id', '309', '--raw', '--subdir', 'DAGS_FOLDER/account_dim_gen.py', '--cfg-path', '/tmp/tmp76j0a19f']
[2025-02-08T20:41:02.249+0000] {standard_task_runner.py:105} INFO - Job 309: Subtask generate_account_dim_data
[2025-02-08T20:41:02.324+0000] {task_command.py:467} INFO - Running <TaskInstance: account_dim_gen.generate_account_dim_data scheduled__2024-12-24T00:00:00+00:00 [running]> on host 7e959c1a2a8b
[2025-02-08T20:41:02.535+0000] {taskinstance.py:3131} INFO - Exporting env vars: AIRFLOW_CTX_DAG_OWNER='Saleh' AIRFLOW_CTX_DAG_ID='account_dim_gen' AIRFLOW_CTX_TASK_ID='generate_account_dim_data' AIRFLOW_CTX_EXECUTION_DATE='2024-12-24T00:00:00+00:00' AIRFLOW_CTX_TRY_NUMBER='1' AIRFLOW_CTX_DAG_RUN_ID='scheduled__2024-12-24T00:00:00+00:00'
[2025-02-08T20:41:02.537+0000] {taskinstance.py:731} INFO - ::endgroup::
[2025-02-08T20:41:02.577+0000] {logging_mixin.py:190} INFO - CSV file ./account_dim_large_data.csv with 50 row has been generated successfully!
[2025-02-08T20:41:02.577+0000] {python.py:240} INFO - Done. Returned value was: None
[2025-02-08T20:41:02.590+0000] {taskinstance.py:340} INFO - ::group::Post task execution logs
[2025-02-08T20:41:02.590+0000] {taskinstance.py:352} INFO - Marking task as SUCCESS. dag_id=account_dim_gen, task_id=generate_account_dim_data, run_id=scheduled__2024-12-24T00:00:00+00:00, execution_date=20241224T000000, start_date=20250208T204102, end_date=20250208T204102
[2025-02-08T20:41:02.637+0000] {local_task_job_runner.py:266} INFO - Task exited with return code 0
[2025-02-08T20:41:02.646+0000] {local_task_job_runner.py:245} INFO - ::endgroup::
