[2025-02-08T19:00:11.216+0000] {local_task_job_runner.py:123} INFO - ::group::Pre task execution logs
[2025-02-08T19:00:11.232+0000] {taskinstance.py:2612} INFO - Dependencies all met for dep_context=non-requeueable deps ti=<TaskInstance: account_dim_gen.generate_account_dim_data scheduled__2024-09-30T00:00:00+00:00 [queued]>
[2025-02-08T19:00:11.244+0000] {taskinstance.py:2612} INFO - Dependencies all met for dep_context=requeueable deps ti=<TaskInstance: account_dim_gen.generate_account_dim_data scheduled__2024-09-30T00:00:00+00:00 [queued]>
[2025-02-08T19:00:11.247+0000] {taskinstance.py:2865} INFO - Starting attempt 1 of 1
[2025-02-08T19:00:11.266+0000] {taskinstance.py:2888} INFO - Executing <Task(PythonOperator): generate_account_dim_data> on 2024-09-30 00:00:00+00:00
[2025-02-08T19:00:11.276+0000] {standard_task_runner.py:104} INFO - Running: ['***', 'tasks', 'run', 'account_dim_gen', 'generate_account_dim_data', 'scheduled__2024-09-30T00:00:00+00:00', '--job-id', '24', '--raw', '--subdir', 'DAGS_FOLDER/account_dim_gen.py', '--cfg-path', '/tmp/tmpmtljbs4z']
[2025-02-08T19:00:11.279+0000] {standard_task_runner.py:105} INFO - Job 24: Subtask generate_account_dim_data
[2025-02-08T19:00:11.279+0000] {logging_mixin.py:190} WARNING - /home/***/.local/lib/python3.12/site-packages/***/task/task_runner/standard_task_runner.py:70 DeprecationWarning: This process (pid=551) is multi-threaded, use of fork() may lead to deadlocks in the child.
[2025-02-08T19:00:11.280+0000] {standard_task_runner.py:72} INFO - Started process 569 to run task
[2025-02-08T19:00:11.323+0000] {task_command.py:467} INFO - Running <TaskInstance: account_dim_gen.generate_account_dim_data scheduled__2024-09-30T00:00:00+00:00 [running]> on host 2c1cd59afcc0
[2025-02-08T19:00:11.434+0000] {taskinstance.py:3131} INFO - Exporting env vars: AIRFLOW_CTX_DAG_OWNER='Saleh' AIRFLOW_CTX_DAG_ID='account_dim_gen' AIRFLOW_CTX_TASK_ID='generate_account_dim_data' AIRFLOW_CTX_EXECUTION_DATE='2024-09-30T00:00:00+00:00' AIRFLOW_CTX_TRY_NUMBER='1' AIRFLOW_CTX_DAG_RUN_ID='scheduled__2024-09-30T00:00:00+00:00'
[2025-02-08T19:00:11.437+0000] {taskinstance.py:731} INFO - ::endgroup::
[2025-02-08T19:00:11.457+0000] {logging_mixin.py:190} INFO - CSV file ./account_dim_large_data.csv with 50 row has been generated successfully!
[2025-02-08T19:00:11.459+0000] {python.py:240} INFO - Done. Returned value was: None
[2025-02-08T19:00:11.469+0000] {taskinstance.py:340} INFO - ::group::Post task execution logs
[2025-02-08T19:00:11.470+0000] {taskinstance.py:352} INFO - Marking task as SUCCESS. dag_id=account_dim_gen, task_id=generate_account_dim_data, run_id=scheduled__2024-09-30T00:00:00+00:00, execution_date=20240930T000000, start_date=20250208T190011, end_date=20250208T190011
[2025-02-08T19:00:11.575+0000] {local_task_job_runner.py:266} INFO - Task exited with return code 0
[2025-02-08T19:00:11.593+0000] {taskinstance.py:3900} INFO - 0 downstream tasks scheduled from follow-on schedule check
[2025-02-08T19:00:11.660+0000] {local_task_job_runner.py:245} INFO - ::endgroup::
[2025-02-08T20:39:51.261+0000] {local_task_job_runner.py:123} INFO - ::group::Pre task execution logs
[2025-02-08T20:39:51.285+0000] {taskinstance.py:2612} INFO - Dependencies all met for dep_context=non-requeueable deps ti=<TaskInstance: account_dim_gen.generate_account_dim_data scheduled__2024-09-30T00:00:00+00:00 [queued]>
[2025-02-08T20:39:51.303+0000] {taskinstance.py:2612} INFO - Dependencies all met for dep_context=requeueable deps ti=<TaskInstance: account_dim_gen.generate_account_dim_data scheduled__2024-09-30T00:00:00+00:00 [queued]>
[2025-02-08T20:39:51.304+0000] {taskinstance.py:2865} INFO - Starting attempt 1 of 1
[2025-02-08T20:39:51.569+0000] {taskinstance.py:2888} INFO - Executing <Task(PythonOperator): generate_account_dim_data> on 2024-09-30 00:00:00+00:00
[2025-02-08T20:39:51.592+0000] {logging_mixin.py:190} WARNING - /home/***/.local/lib/python3.12/site-packages/***/task/task_runner/standard_task_runner.py:70 DeprecationWarning: This process (pid=793) is multi-threaded, use of fork() may lead to deadlocks in the child.
[2025-02-08T20:39:51.588+0000] {standard_task_runner.py:104} INFO - Running: ['***', 'tasks', 'run', 'account_dim_gen', 'generate_account_dim_data', 'scheduled__2024-09-30T00:00:00+00:00', '--job-id', '53', '--raw', '--subdir', 'DAGS_FOLDER/account_dim_gen.py', '--cfg-path', '/tmp/tmpwdcb2w84']
[2025-02-08T20:39:51.595+0000] {standard_task_runner.py:105} INFO - Job 53: Subtask generate_account_dim_data
[2025-02-08T20:39:51.595+0000] {standard_task_runner.py:72} INFO - Started process 815 to run task
[2025-02-08T20:39:51.700+0000] {task_command.py:467} INFO - Running <TaskInstance: account_dim_gen.generate_account_dim_data scheduled__2024-09-30T00:00:00+00:00 [running]> on host 7e959c1a2a8b
[2025-02-08T20:39:51.839+0000] {taskinstance.py:3131} INFO - Exporting env vars: AIRFLOW_CTX_DAG_OWNER='Saleh' AIRFLOW_CTX_DAG_ID='account_dim_gen' AIRFLOW_CTX_TASK_ID='generate_account_dim_data' AIRFLOW_CTX_EXECUTION_DATE='2024-09-30T00:00:00+00:00' AIRFLOW_CTX_TRY_NUMBER='1' AIRFLOW_CTX_DAG_RUN_ID='scheduled__2024-09-30T00:00:00+00:00'
[2025-02-08T20:39:51.843+0000] {taskinstance.py:731} INFO - ::endgroup::
[2025-02-08T20:39:51.866+0000] {logging_mixin.py:190} INFO - CSV file ./account_dim_large_data.csv with 50 row has been generated successfully!
[2025-02-08T20:39:51.866+0000] {python.py:240} INFO - Done. Returned value was: None
[2025-02-08T20:39:51.877+0000] {taskinstance.py:340} INFO - ::group::Post task execution logs
[2025-02-08T20:39:51.880+0000] {taskinstance.py:352} INFO - Marking task as SUCCESS. dag_id=account_dim_gen, task_id=generate_account_dim_data, run_id=scheduled__2024-09-30T00:00:00+00:00, execution_date=20240930T000000, start_date=20250208T203951, end_date=20250208T203951
[2025-02-08T20:39:51.985+0000] {local_task_job_runner.py:266} INFO - Task exited with return code 0
[2025-02-08T20:39:51.995+0000] {local_task_job_runner.py:245} INFO - ::endgroup::
