[2025-02-08T19:01:18.683+0000] {local_task_job_runner.py:123} INFO - ::group::Pre task execution logs
[2025-02-08T19:01:18.698+0000] {taskinstance.py:2612} INFO - Dependencies all met for dep_context=non-requeueable deps ti=<TaskInstance: account_dim_gen.generate_account_dim_data scheduled__2025-01-29T00:00:00+00:00 [queued]>
[2025-02-08T19:01:18.708+0000] {taskinstance.py:2612} INFO - Dependencies all met for dep_context=requeueable deps ti=<TaskInstance: account_dim_gen.generate_account_dim_data scheduled__2025-01-29T00:00:00+00:00 [queued]>
[2025-02-08T19:01:18.709+0000] {taskinstance.py:2865} INFO - Starting attempt 1 of 1
[2025-02-08T19:01:18.769+0000] {taskinstance.py:2888} INFO - Executing <Task(PythonOperator): generate_account_dim_data> on 2025-01-29 00:00:00+00:00
[2025-02-08T19:01:18.780+0000] {logging_mixin.py:190} WARNING - /home/***/.local/lib/python3.12/site-packages/***/task/task_runner/standard_task_runner.py:70 DeprecationWarning: This process (pid=1089) is multi-threaded, use of fork() may lead to deadlocks in the child.
[2025-02-08T19:01:18.781+0000] {standard_task_runner.py:72} INFO - Started process 1103 to run task
[2025-02-08T19:01:18.779+0000] {standard_task_runner.py:104} INFO - Running: ['***', 'tasks', 'run', 'account_dim_gen', 'generate_account_dim_data', 'scheduled__2025-01-29T00:00:00+00:00', '--job-id', '145', '--raw', '--subdir', 'DAGS_FOLDER/account_dim_gen.py', '--cfg-path', '/tmp/tmpcvxsk388']
[2025-02-08T19:01:18.783+0000] {standard_task_runner.py:105} INFO - Job 145: Subtask generate_account_dim_data
[2025-02-08T19:01:18.835+0000] {task_command.py:467} INFO - Running <TaskInstance: account_dim_gen.generate_account_dim_data scheduled__2025-01-29T00:00:00+00:00 [running]> on host 2c1cd59afcc0
[2025-02-08T19:01:18.920+0000] {taskinstance.py:3131} INFO - Exporting env vars: AIRFLOW_CTX_DAG_OWNER='Saleh' AIRFLOW_CTX_DAG_ID='account_dim_gen' AIRFLOW_CTX_TASK_ID='generate_account_dim_data' AIRFLOW_CTX_EXECUTION_DATE='2025-01-29T00:00:00+00:00' AIRFLOW_CTX_TRY_NUMBER='1' AIRFLOW_CTX_DAG_RUN_ID='scheduled__2025-01-29T00:00:00+00:00'
[2025-02-08T19:01:18.921+0000] {taskinstance.py:731} INFO - ::endgroup::
[2025-02-08T19:01:18.943+0000] {logging_mixin.py:190} INFO - CSV file ./account_dim_large_data.csv with 50 row has been generated successfully!
[2025-02-08T19:01:18.944+0000] {python.py:240} INFO - Done. Returned value was: None
[2025-02-08T19:01:18.952+0000] {taskinstance.py:340} INFO - ::group::Post task execution logs
[2025-02-08T19:01:18.953+0000] {taskinstance.py:352} INFO - Marking task as SUCCESS. dag_id=account_dim_gen, task_id=generate_account_dim_data, run_id=scheduled__2025-01-29T00:00:00+00:00, execution_date=20250129T000000, start_date=20250208T190118, end_date=20250208T190118
[2025-02-08T19:01:19.077+0000] {local_task_job_runner.py:266} INFO - Task exited with return code 0
[2025-02-08T19:01:19.088+0000] {local_task_job_runner.py:245} INFO - ::endgroup::
[2025-02-08T20:42:36.376+0000] {local_task_job_runner.py:123} INFO - ::group::Pre task execution logs
[2025-02-08T20:42:36.394+0000] {taskinstance.py:2612} INFO - Dependencies all met for dep_context=non-requeueable deps ti=<TaskInstance: account_dim_gen.generate_account_dim_data scheduled__2025-01-29T00:00:00+00:00 [queued]>
[2025-02-08T20:42:36.406+0000] {taskinstance.py:2612} INFO - Dependencies all met for dep_context=requeueable deps ti=<TaskInstance: account_dim_gen.generate_account_dim_data scheduled__2025-01-29T00:00:00+00:00 [queued]>
[2025-02-08T20:42:36.406+0000] {taskinstance.py:2865} INFO - Starting attempt 1 of 1
[2025-02-08T20:42:36.419+0000] {taskinstance.py:2888} INFO - Executing <Task(PythonOperator): generate_account_dim_data> on 2025-01-29 00:00:00+00:00
[2025-02-08T20:42:36.427+0000] {standard_task_runner.py:104} INFO - Running: ['***', 'tasks', 'run', 'account_dim_gen', 'generate_account_dim_data', 'scheduled__2025-01-29T00:00:00+00:00', '--job-id', '387', '--raw', '--subdir', 'DAGS_FOLDER/account_dim_gen.py', '--cfg-path', '/tmp/tmpwphiu1z1']
[2025-02-08T20:42:36.429+0000] {logging_mixin.py:190} WARNING - /home/***/.local/lib/python3.12/site-packages/***/task/task_runner/standard_task_runner.py:70 DeprecationWarning: This process (pid=288) is multi-threaded, use of fork() may lead to deadlocks in the child.
[2025-02-08T20:42:36.429+0000] {standard_task_runner.py:105} INFO - Job 387: Subtask generate_account_dim_data
[2025-02-08T20:42:36.429+0000] {standard_task_runner.py:72} INFO - Started process 301 to run task
[2025-02-08T20:42:36.467+0000] {task_command.py:467} INFO - Running <TaskInstance: account_dim_gen.generate_account_dim_data scheduled__2025-01-29T00:00:00+00:00 [running]> on host 86932746817d
[2025-02-08T20:42:36.545+0000] {taskinstance.py:3131} INFO - Exporting env vars: AIRFLOW_CTX_DAG_OWNER='Saleh' AIRFLOW_CTX_DAG_ID='account_dim_gen' AIRFLOW_CTX_TASK_ID='generate_account_dim_data' AIRFLOW_CTX_EXECUTION_DATE='2025-01-29T00:00:00+00:00' AIRFLOW_CTX_TRY_NUMBER='1' AIRFLOW_CTX_DAG_RUN_ID='scheduled__2025-01-29T00:00:00+00:00'
[2025-02-08T20:42:36.546+0000] {taskinstance.py:731} INFO - ::endgroup::
[2025-02-08T20:42:36.562+0000] {logging_mixin.py:190} INFO - CSV file ./account_dim_large_data.csv with 50 row has been generated successfully!
[2025-02-08T20:42:36.562+0000] {python.py:240} INFO - Done. Returned value was: None
[2025-02-08T20:42:36.569+0000] {taskinstance.py:340} INFO - ::group::Post task execution logs
[2025-02-08T20:42:36.570+0000] {taskinstance.py:352} INFO - Marking task as SUCCESS. dag_id=account_dim_gen, task_id=generate_account_dim_data, run_id=scheduled__2025-01-29T00:00:00+00:00, execution_date=20250129T000000, start_date=20250208T204236, end_date=20250208T204236
[2025-02-08T20:42:36.604+0000] {local_task_job_runner.py:266} INFO - Task exited with return code 0
[2025-02-08T20:42:36.619+0000] {taskinstance.py:3900} INFO - 0 downstream tasks scheduled from follow-on schedule check
[2025-02-08T20:42:36.622+0000] {local_task_job_runner.py:245} INFO - ::endgroup::
