[2025-02-08T19:00:38.861+0000] {local_task_job_runner.py:123} INFO - ::group::Pre task execution logs
[2025-02-08T19:00:38.875+0000] {taskinstance.py:2612} INFO - Dependencies all met for dep_context=non-requeueable deps ti=<TaskInstance: account_dim_gen.generate_account_dim_data scheduled__2024-11-24T00:00:00+00:00 [queued]>
[2025-02-08T19:00:38.884+0000] {taskinstance.py:2612} INFO - Dependencies all met for dep_context=requeueable deps ti=<TaskInstance: account_dim_gen.generate_account_dim_data scheduled__2024-11-24T00:00:00+00:00 [queued]>
[2025-02-08T19:00:38.885+0000] {taskinstance.py:2865} INFO - Starting attempt 1 of 1
[2025-02-08T19:00:38.935+0000] {taskinstance.py:2888} INFO - Executing <Task(PythonOperator): generate_account_dim_data> on 2024-11-24 00:00:00+00:00
[2025-02-08T19:00:38.943+0000] {logging_mixin.py:190} WARNING - /home/***/.local/lib/python3.12/site-packages/***/task/task_runner/standard_task_runner.py:70 DeprecationWarning: This process (pid=770) is multi-threaded, use of fork() may lead to deadlocks in the child.
[2025-02-08T19:00:38.944+0000] {standard_task_runner.py:72} INFO - Started process 793 to run task
[2025-02-08T19:00:38.943+0000] {standard_task_runner.py:104} INFO - Running: ['***', 'tasks', 'run', 'account_dim_gen', 'generate_account_dim_data', 'scheduled__2024-11-24T00:00:00+00:00', '--job-id', '79', '--raw', '--subdir', 'DAGS_FOLDER/account_dim_gen.py', '--cfg-path', '/tmp/tmpjd8s8hlh']
[2025-02-08T19:00:38.946+0000] {standard_task_runner.py:105} INFO - Job 79: Subtask generate_account_dim_data
[2025-02-08T19:00:38.987+0000] {task_command.py:467} INFO - Running <TaskInstance: account_dim_gen.generate_account_dim_data scheduled__2024-11-24T00:00:00+00:00 [running]> on host 2c1cd59afcc0
[2025-02-08T19:00:39.071+0000] {taskinstance.py:3131} INFO - Exporting env vars: AIRFLOW_CTX_DAG_OWNER='Saleh' AIRFLOW_CTX_DAG_ID='account_dim_gen' AIRFLOW_CTX_TASK_ID='generate_account_dim_data' AIRFLOW_CTX_EXECUTION_DATE='2024-11-24T00:00:00+00:00' AIRFLOW_CTX_TRY_NUMBER='1' AIRFLOW_CTX_DAG_RUN_ID='scheduled__2024-11-24T00:00:00+00:00'
[2025-02-08T19:00:39.072+0000] {taskinstance.py:731} INFO - ::endgroup::
[2025-02-08T19:00:39.092+0000] {logging_mixin.py:190} INFO - CSV file ./account_dim_large_data.csv with 50 row has been generated successfully!
[2025-02-08T19:00:39.093+0000] {python.py:240} INFO - Done. Returned value was: None
[2025-02-08T19:00:39.101+0000] {taskinstance.py:340} INFO - ::group::Post task execution logs
[2025-02-08T19:00:39.130+0000] {taskinstance.py:352} INFO - Marking task as SUCCESS. dag_id=account_dim_gen, task_id=generate_account_dim_data, run_id=scheduled__2024-11-24T00:00:00+00:00, execution_date=20241124T000000, start_date=20250208T190038, end_date=20250208T190039
[2025-02-08T19:00:39.159+0000] {local_task_job_runner.py:266} INFO - Task exited with return code 0
[2025-02-08T19:00:39.176+0000] {taskinstance.py:3900} INFO - 0 downstream tasks scheduled from follow-on schedule check
[2025-02-08T19:00:39.179+0000] {local_task_job_runner.py:245} INFO - ::endgroup::
[2025-02-08T20:40:37.461+0000] {local_task_job_runner.py:123} INFO - ::group::Pre task execution logs
[2025-02-08T20:40:37.481+0000] {taskinstance.py:2612} INFO - Dependencies all met for dep_context=non-requeueable deps ti=<TaskInstance: account_dim_gen.generate_account_dim_data scheduled__2024-11-24T00:00:00+00:00 [queued]>
[2025-02-08T20:40:37.492+0000] {taskinstance.py:2612} INFO - Dependencies all met for dep_context=requeueable deps ti=<TaskInstance: account_dim_gen.generate_account_dim_data scheduled__2024-11-24T00:00:00+00:00 [queued]>
[2025-02-08T20:40:37.493+0000] {taskinstance.py:2865} INFO - Starting attempt 1 of 1
[2025-02-08T20:40:37.506+0000] {taskinstance.py:2888} INFO - Executing <Task(PythonOperator): generate_account_dim_data> on 2024-11-24 00:00:00+00:00
[2025-02-08T20:40:37.515+0000] {logging_mixin.py:190} WARNING - /home/***/.local/lib/python3.12/site-packages/***/task/task_runner/standard_task_runner.py:70 DeprecationWarning: This process (pid=1470) is multi-threaded, use of fork() may lead to deadlocks in the child.
[2025-02-08T20:40:37.517+0000] {standard_task_runner.py:72} INFO - Started process 1494 to run task
[2025-02-08T20:40:37.516+0000] {standard_task_runner.py:104} INFO - Running: ['***', 'tasks', 'run', 'account_dim_gen', 'generate_account_dim_data', 'scheduled__2024-11-24T00:00:00+00:00', '--job-id', '215', '--raw', '--subdir', 'DAGS_FOLDER/account_dim_gen.py', '--cfg-path', '/tmp/tmp8d22z4ma']
[2025-02-08T20:40:37.518+0000] {standard_task_runner.py:105} INFO - Job 215: Subtask generate_account_dim_data
[2025-02-08T20:40:37.567+0000] {task_command.py:467} INFO - Running <TaskInstance: account_dim_gen.generate_account_dim_data scheduled__2024-11-24T00:00:00+00:00 [running]> on host 7e959c1a2a8b
[2025-02-08T20:40:37.651+0000] {taskinstance.py:3131} INFO - Exporting env vars: AIRFLOW_CTX_DAG_OWNER='Saleh' AIRFLOW_CTX_DAG_ID='account_dim_gen' AIRFLOW_CTX_TASK_ID='generate_account_dim_data' AIRFLOW_CTX_EXECUTION_DATE='2024-11-24T00:00:00+00:00' AIRFLOW_CTX_TRY_NUMBER='1' AIRFLOW_CTX_DAG_RUN_ID='scheduled__2024-11-24T00:00:00+00:00'
[2025-02-08T20:40:37.652+0000] {taskinstance.py:731} INFO - ::endgroup::
[2025-02-08T20:40:37.676+0000] {logging_mixin.py:190} INFO - CSV file ./account_dim_large_data.csv with 50 row has been generated successfully!
[2025-02-08T20:40:37.677+0000] {python.py:240} INFO - Done. Returned value was: None
[2025-02-08T20:40:37.690+0000] {taskinstance.py:340} INFO - ::group::Post task execution logs
[2025-02-08T20:40:37.690+0000] {taskinstance.py:352} INFO - Marking task as SUCCESS. dag_id=account_dim_gen, task_id=generate_account_dim_data, run_id=scheduled__2024-11-24T00:00:00+00:00, execution_date=20241124T000000, start_date=20250208T204037, end_date=20250208T204037
[2025-02-08T20:40:37.732+0000] {local_task_job_runner.py:266} INFO - Task exited with return code 0
[2025-02-08T20:40:37.749+0000] {taskinstance.py:3900} INFO - 0 downstream tasks scheduled from follow-on schedule check
[2025-02-08T20:40:37.751+0000] {local_task_job_runner.py:245} INFO - ::endgroup::
