[2025-02-08T19:02:15.640+0000] {local_task_job_runner.py:123} INFO - ::group::Pre task execution logs
[2025-02-08T19:02:15.653+0000] {taskinstance.py:2612} INFO - Dependencies all met for dep_context=non-requeueable deps ti=<TaskInstance: customer_dim_generator.generate_customer_dim_data scheduled__2024-10-29T00:00:00+00:00 [queued]>
[2025-02-08T19:02:15.660+0000] {taskinstance.py:2612} INFO - Dependencies all met for dep_context=requeueable deps ti=<TaskInstance: customer_dim_generator.generate_customer_dim_data scheduled__2024-10-29T00:00:00+00:00 [queued]>
[2025-02-08T19:02:15.661+0000] {taskinstance.py:2865} INFO - Starting attempt 1 of 1
[2025-02-08T19:02:15.681+0000] {taskinstance.py:2888} INFO - Executing <Task(PythonOperator): generate_customer_dim_data> on 2024-10-29 00:00:00+00:00
[2025-02-08T19:02:15.690+0000] {logging_mixin.py:190} WARNING - /home/***/.local/lib/python3.12/site-packages/***/task/task_runner/standard_task_runner.py:70 DeprecationWarning: This process (pid=1344) is multi-threaded, use of fork() may lead to deadlocks in the child.
[2025-02-08T19:02:15.691+0000] {standard_task_runner.py:72} INFO - Started process 1357 to run task
[2025-02-08T19:02:15.690+0000] {standard_task_runner.py:104} INFO - Running: ['***', 'tasks', 'run', 'customer_dim_generator', 'generate_customer_dim_data', 'scheduled__2024-10-29T00:00:00+00:00', '--job-id', '201', '--raw', '--subdir', 'DAGS_FOLDER/customer_dim_gen.py', '--cfg-path', '/tmp/tmp4tod48ij']
[2025-02-08T19:02:15.693+0000] {standard_task_runner.py:105} INFO - Job 201: Subtask generate_customer_dim_data
[2025-02-08T19:02:15.737+0000] {task_command.py:467} INFO - Running <TaskInstance: customer_dim_generator.generate_customer_dim_data scheduled__2024-10-29T00:00:00+00:00 [running]> on host 2c1cd59afcc0
[2025-02-08T19:02:15.822+0000] {taskinstance.py:3131} INFO - Exporting env vars: AIRFLOW_CTX_DAG_OWNER='Saleh' AIRFLOW_CTX_DAG_ID='customer_dim_generator' AIRFLOW_CTX_TASK_ID='generate_customer_dim_data' AIRFLOW_CTX_EXECUTION_DATE='2024-10-29T00:00:00+00:00' AIRFLOW_CTX_TRY_NUMBER='1' AIRFLOW_CTX_DAG_RUN_ID='scheduled__2024-10-29T00:00:00+00:00'
[2025-02-08T19:02:15.823+0000] {taskinstance.py:731} INFO - ::endgroup::
[2025-02-08T19:02:15.843+0000] {logging_mixin.py:190} INFO - CSV file './customer_dim_large_data.csv' with 100 rows has been generated successfully.
[2025-02-08T19:02:15.844+0000] {python.py:240} INFO - Done. Returned value was: None
[2025-02-08T19:02:15.852+0000] {taskinstance.py:340} INFO - ::group::Post task execution logs
[2025-02-08T19:02:15.852+0000] {taskinstance.py:352} INFO - Marking task as SUCCESS. dag_id=customer_dim_generator, task_id=generate_customer_dim_data, run_id=scheduled__2024-10-29T00:00:00+00:00, execution_date=20241029T000000, start_date=20250208T190215, end_date=20250208T190215
[2025-02-08T19:02:15.907+0000] {local_task_job_runner.py:266} INFO - Task exited with return code 0
[2025-02-08T19:02:15.921+0000] {taskinstance.py:3900} INFO - 0 downstream tasks scheduled from follow-on schedule check
[2025-02-08T19:02:15.926+0000] {local_task_job_runner.py:245} INFO - ::endgroup::
[2025-02-08T20:39:53.372+0000] {local_task_job_runner.py:123} INFO - ::group::Pre task execution logs
[2025-02-08T20:39:53.388+0000] {taskinstance.py:2612} INFO - Dependencies all met for dep_context=non-requeueable deps ti=<TaskInstance: customer_dim_generator.generate_customer_dim_data scheduled__2024-10-29T00:00:00+00:00 [queued]>
[2025-02-08T20:39:53.398+0000] {taskinstance.py:2612} INFO - Dependencies all met for dep_context=requeueable deps ti=<TaskInstance: customer_dim_generator.generate_customer_dim_data scheduled__2024-10-29T00:00:00+00:00 [queued]>
[2025-02-08T20:39:53.399+0000] {taskinstance.py:2865} INFO - Starting attempt 1 of 1
[2025-02-08T20:39:53.417+0000] {taskinstance.py:2888} INFO - Executing <Task(PythonOperator): generate_customer_dim_data> on 2024-10-29 00:00:00+00:00
[2025-02-08T20:39:53.426+0000] {logging_mixin.py:190} WARNING - /home/***/.local/lib/python3.12/site-packages/***/task/task_runner/standard_task_runner.py:70 DeprecationWarning: This process (pid=847) is multi-threaded, use of fork() may lead to deadlocks in the child.
[2025-02-08T20:39:53.427+0000] {standard_task_runner.py:72} INFO - Started process 872 to run task
[2025-02-08T20:39:53.427+0000] {standard_task_runner.py:104} INFO - Running: ['***', 'tasks', 'run', 'customer_dim_generator', 'generate_customer_dim_data', 'scheduled__2024-10-29T00:00:00+00:00', '--job-id', '69', '--raw', '--subdir', 'DAGS_FOLDER/customer_dim_gen.py', '--cfg-path', '/tmp/tmp5jbt1a2q']
[2025-02-08T20:39:53.430+0000] {standard_task_runner.py:105} INFO - Job 69: Subtask generate_customer_dim_data
[2025-02-08T20:39:53.483+0000] {task_command.py:467} INFO - Running <TaskInstance: customer_dim_generator.generate_customer_dim_data scheduled__2024-10-29T00:00:00+00:00 [running]> on host 7e959c1a2a8b
[2025-02-08T20:39:53.591+0000] {taskinstance.py:3131} INFO - Exporting env vars: AIRFLOW_CTX_DAG_OWNER='Saleh' AIRFLOW_CTX_DAG_ID='customer_dim_generator' AIRFLOW_CTX_TASK_ID='generate_customer_dim_data' AIRFLOW_CTX_EXECUTION_DATE='2024-10-29T00:00:00+00:00' AIRFLOW_CTX_TRY_NUMBER='1' AIRFLOW_CTX_DAG_RUN_ID='scheduled__2024-10-29T00:00:00+00:00'
[2025-02-08T20:39:53.593+0000] {taskinstance.py:731} INFO - ::endgroup::
[2025-02-08T20:39:53.617+0000] {logging_mixin.py:190} INFO - CSV file './customer_dim_large_data.csv' with 100 rows has been generated successfully.
[2025-02-08T20:39:53.617+0000] {python.py:240} INFO - Done. Returned value was: None
[2025-02-08T20:39:53.626+0000] {taskinstance.py:340} INFO - ::group::Post task execution logs
[2025-02-08T20:39:53.627+0000] {taskinstance.py:352} INFO - Marking task as SUCCESS. dag_id=customer_dim_generator, task_id=generate_customer_dim_data, run_id=scheduled__2024-10-29T00:00:00+00:00, execution_date=20241029T000000, start_date=20250208T203953, end_date=20250208T203953
[2025-02-08T20:39:53.686+0000] {local_task_job_runner.py:266} INFO - Task exited with return code 0
[2025-02-08T20:39:53.703+0000] {taskinstance.py:3900} INFO - 0 downstream tasks scheduled from follow-on schedule check
[2025-02-08T20:39:53.707+0000] {local_task_job_runner.py:245} INFO - ::endgroup::
[2025-02-08T20:42:58.522+0000] {local_task_job_runner.py:123} INFO - ::group::Pre task execution logs
[2025-02-08T20:42:58.538+0000] {taskinstance.py:2612} INFO - Dependencies all met for dep_context=non-requeueable deps ti=<TaskInstance: customer_dim_generator.generate_customer_dim_data scheduled__2024-10-29T00:00:00+00:00 [queued]>
[2025-02-08T20:42:58.546+0000] {taskinstance.py:2612} INFO - Dependencies all met for dep_context=requeueable deps ti=<TaskInstance: customer_dim_generator.generate_customer_dim_data scheduled__2024-10-29T00:00:00+00:00 [queued]>
[2025-02-08T20:42:58.546+0000] {taskinstance.py:2865} INFO - Starting attempt 1 of 1
[2025-02-08T20:42:58.579+0000] {taskinstance.py:2888} INFO - Executing <Task(PythonOperator): generate_customer_dim_data> on 2024-10-29 00:00:00+00:00
[2025-02-08T20:42:58.588+0000] {logging_mixin.py:190} WARNING - /home/***/.local/lib/python3.12/site-packages/***/task/task_runner/standard_task_runner.py:70 DeprecationWarning: This process (pid=483) is multi-threaded, use of fork() may lead to deadlocks in the child.
[2025-02-08T20:42:58.589+0000] {standard_task_runner.py:72} INFO - Started process 497 to run task
[2025-02-08T20:42:58.588+0000] {standard_task_runner.py:104} INFO - Running: ['***', 'tasks', 'run', 'customer_dim_generator', 'generate_customer_dim_data', 'scheduled__2024-10-29T00:00:00+00:00', '--job-id', '427', '--raw', '--subdir', 'DAGS_FOLDER/customer_dim_gen.py', '--cfg-path', '/tmp/tmpykg6dw59']
[2025-02-08T20:42:58.590+0000] {standard_task_runner.py:105} INFO - Job 427: Subtask generate_customer_dim_data
[2025-02-08T20:42:58.632+0000] {task_command.py:467} INFO - Running <TaskInstance: customer_dim_generator.generate_customer_dim_data scheduled__2024-10-29T00:00:00+00:00 [running]> on host 86932746817d
[2025-02-08T20:42:58.709+0000] {taskinstance.py:3131} INFO - Exporting env vars: AIRFLOW_CTX_DAG_OWNER='Saleh' AIRFLOW_CTX_DAG_ID='customer_dim_generator' AIRFLOW_CTX_TASK_ID='generate_customer_dim_data' AIRFLOW_CTX_EXECUTION_DATE='2024-10-29T00:00:00+00:00' AIRFLOW_CTX_TRY_NUMBER='1' AIRFLOW_CTX_DAG_RUN_ID='scheduled__2024-10-29T00:00:00+00:00'
[2025-02-08T20:42:58.710+0000] {taskinstance.py:731} INFO - ::endgroup::
[2025-02-08T20:42:58.731+0000] {logging_mixin.py:190} INFO - CSV file './customer_dim_large_data.csv' with 100 rows has been generated successfully.
[2025-02-08T20:42:58.732+0000] {python.py:240} INFO - Done. Returned value was: None
[2025-02-08T20:42:58.741+0000] {taskinstance.py:340} INFO - ::group::Post task execution logs
[2025-02-08T20:42:58.742+0000] {taskinstance.py:352} INFO - Marking task as SUCCESS. dag_id=customer_dim_generator, task_id=generate_customer_dim_data, run_id=scheduled__2024-10-29T00:00:00+00:00, execution_date=20241029T000000, start_date=20250208T204258, end_date=20250208T204258
[2025-02-08T20:42:58.763+0000] {local_task_job_runner.py:266} INFO - Task exited with return code 0
[2025-02-08T20:42:58.774+0000] {local_task_job_runner.py:245} INFO - ::endgroup::
