[2025-02-08T19:03:27.506+0000] {local_task_job_runner.py:123} INFO - ::group::Pre task execution logs
[2025-02-08T19:03:27.522+0000] {taskinstance.py:2612} INFO - Dependencies all met for dep_context=non-requeueable deps ti=<TaskInstance: branch_dim_gen.generate_branch_dim_data scheduled__2025-01-13T00:00:00+00:00 [queued]>
[2025-02-08T19:03:27.533+0000] {taskinstance.py:2612} INFO - Dependencies all met for dep_context=requeueable deps ti=<TaskInstance: branch_dim_gen.generate_branch_dim_data scheduled__2025-01-13T00:00:00+00:00 [queued]>
[2025-02-08T19:03:27.535+0000] {taskinstance.py:2865} INFO - Starting attempt 1 of 1
[2025-02-08T19:03:27.554+0000] {taskinstance.py:2888} INFO - Executing <Task(PythonOperator): generate_branch_dim_data> on 2025-01-13 00:00:00+00:00
[2025-02-08T19:03:27.565+0000] {logging_mixin.py:190} WARNING - /home/***/.local/lib/python3.12/site-packages/***/task/task_runner/standard_task_runner.py:70 DeprecationWarning: This process (pid=2190) is multi-threaded, use of fork() may lead to deadlocks in the child.
[2025-02-08T19:03:27.566+0000] {standard_task_runner.py:72} INFO - Started process 2212 to run task
[2025-02-08T19:03:27.566+0000] {standard_task_runner.py:104} INFO - Running: ['***', 'tasks', 'run', 'branch_dim_gen', 'generate_branch_dim_data', 'scheduled__2025-01-13T00:00:00+00:00', '--job-id', '398', '--raw', '--subdir', 'DAGS_FOLDER/brnach_dim_gen.py', '--cfg-path', '/tmp/tmpcgi33hld']
[2025-02-08T19:03:27.569+0000] {standard_task_runner.py:105} INFO - Job 398: Subtask generate_branch_dim_data
[2025-02-08T19:03:27.626+0000] {task_command.py:467} INFO - Running <TaskInstance: branch_dim_gen.generate_branch_dim_data scheduled__2025-01-13T00:00:00+00:00 [running]> on host 2c1cd59afcc0
[2025-02-08T19:03:27.725+0000] {taskinstance.py:3131} INFO - Exporting env vars: AIRFLOW_CTX_DAG_OWNER='Saleh' AIRFLOW_CTX_DAG_ID='branch_dim_gen' AIRFLOW_CTX_TASK_ID='generate_branch_dim_data' AIRFLOW_CTX_EXECUTION_DATE='2025-01-13T00:00:00+00:00' AIRFLOW_CTX_TRY_NUMBER='1' AIRFLOW_CTX_DAG_RUN_ID='scheduled__2025-01-13T00:00:00+00:00'
[2025-02-08T19:03:27.728+0000] {taskinstance.py:731} INFO - ::endgroup::
[2025-02-08T19:03:27.762+0000] {logging_mixin.py:190} INFO - CSV file './branch_dim_large_data.csv' with 50 rows has been generated successfully.
[2025-02-08T19:03:27.763+0000] {python.py:240} INFO - Done. Returned value was: None
[2025-02-08T19:03:27.775+0000] {taskinstance.py:340} INFO - ::group::Post task execution logs
[2025-02-08T19:03:27.775+0000] {taskinstance.py:352} INFO - Marking task as SUCCESS. dag_id=branch_dim_gen, task_id=generate_branch_dim_data, run_id=scheduled__2025-01-13T00:00:00+00:00, execution_date=20250113T000000, start_date=20250208T190327, end_date=20250208T190327
[2025-02-08T19:03:27.828+0000] {local_task_job_runner.py:266} INFO - Task exited with return code 0
[2025-02-08T19:03:27.840+0000] {local_task_job_runner.py:245} INFO - ::endgroup::
[2025-02-08T20:41:16.268+0000] {local_task_job_runner.py:123} INFO - ::group::Pre task execution logs
[2025-02-08T20:41:16.281+0000] {taskinstance.py:2612} INFO - Dependencies all met for dep_context=non-requeueable deps ti=<TaskInstance: branch_dim_gen.generate_branch_dim_data scheduled__2025-01-13T00:00:00+00:00 [queued]>
[2025-02-08T20:41:16.288+0000] {taskinstance.py:2612} INFO - Dependencies all met for dep_context=requeueable deps ti=<TaskInstance: branch_dim_gen.generate_branch_dim_data scheduled__2025-01-13T00:00:00+00:00 [queued]>
[2025-02-08T20:41:16.288+0000] {taskinstance.py:2865} INFO - Starting attempt 1 of 1
[2025-02-08T20:41:16.300+0000] {taskinstance.py:2888} INFO - Executing <Task(PythonOperator): generate_branch_dim_data> on 2025-01-13 00:00:00+00:00
[2025-02-08T20:41:16.310+0000] {logging_mixin.py:190} WARNING - /home/***/.local/lib/python3.12/site-packages/***/task/task_runner/standard_task_runner.py:70 DeprecationWarning: This process (pid=2063) is multi-threaded, use of fork() may lead to deadlocks in the child.
[2025-02-08T20:41:16.311+0000] {standard_task_runner.py:72} INFO - Started process 2072 to run task
[2025-02-08T20:41:16.310+0000] {standard_task_runner.py:104} INFO - Running: ['***', 'tasks', 'run', 'branch_dim_gen', 'generate_branch_dim_data', 'scheduled__2025-01-13T00:00:00+00:00', '--job-id', '351', '--raw', '--subdir', 'DAGS_FOLDER/brnach_dim_gen.py', '--cfg-path', '/tmp/tmpxehdy79s']
[2025-02-08T20:41:16.312+0000] {standard_task_runner.py:105} INFO - Job 351: Subtask generate_branch_dim_data
[2025-02-08T20:41:16.346+0000] {task_command.py:467} INFO - Running <TaskInstance: branch_dim_gen.generate_branch_dim_data scheduled__2025-01-13T00:00:00+00:00 [running]> on host 7e959c1a2a8b
[2025-02-08T20:41:16.411+0000] {taskinstance.py:3131} INFO - Exporting env vars: AIRFLOW_CTX_DAG_OWNER='Saleh' AIRFLOW_CTX_DAG_ID='branch_dim_gen' AIRFLOW_CTX_TASK_ID='generate_branch_dim_data' AIRFLOW_CTX_EXECUTION_DATE='2025-01-13T00:00:00+00:00' AIRFLOW_CTX_TRY_NUMBER='1' AIRFLOW_CTX_DAG_RUN_ID='scheduled__2025-01-13T00:00:00+00:00'
[2025-02-08T20:41:16.412+0000] {taskinstance.py:731} INFO - ::endgroup::
[2025-02-08T20:41:16.427+0000] {logging_mixin.py:190} INFO - CSV file './branch_dim_large_data.csv' with 50 rows has been generated successfully.
[2025-02-08T20:41:16.427+0000] {python.py:240} INFO - Done. Returned value was: None
[2025-02-08T20:41:16.434+0000] {taskinstance.py:340} INFO - ::group::Post task execution logs
[2025-02-08T20:41:16.435+0000] {taskinstance.py:352} INFO - Marking task as SUCCESS. dag_id=branch_dim_gen, task_id=generate_branch_dim_data, run_id=scheduled__2025-01-13T00:00:00+00:00, execution_date=20250113T000000, start_date=20250208T204116, end_date=20250208T204116
[2025-02-08T20:41:16.485+0000] {local_task_job_runner.py:266} INFO - Task exited with return code 0
[2025-02-08T20:41:16.500+0000] {taskinstance.py:3900} INFO - 0 downstream tasks scheduled from follow-on schedule check
[2025-02-08T20:41:16.502+0000] {local_task_job_runner.py:245} INFO - ::endgroup::
