[2025-02-08T19:02:20.740+0000] {local_task_job_runner.py:123} INFO - ::group::Pre task execution logs
[2025-02-08T19:02:20.758+0000] {taskinstance.py:2612} INFO - Dependencies all met for dep_context=non-requeueable deps ti=<TaskInstance: customer_dim_generator.generate_customer_dim_data scheduled__2024-11-02T00:00:00+00:00 [queued]>
[2025-02-08T19:02:20.769+0000] {taskinstance.py:2612} INFO - Dependencies all met for dep_context=requeueable deps ti=<TaskInstance: customer_dim_generator.generate_customer_dim_data scheduled__2024-11-02T00:00:00+00:00 [queued]>
[2025-02-08T19:02:20.770+0000] {taskinstance.py:2865} INFO - Starting attempt 1 of 1
[2025-02-08T19:02:20.785+0000] {taskinstance.py:2888} INFO - Executing <Task(PythonOperator): generate_customer_dim_data> on 2024-11-02 00:00:00+00:00
[2025-02-08T19:02:20.795+0000] {logging_mixin.py:190} WARNING - /home/***/.local/lib/python3.12/site-packages/***/task/task_runner/standard_task_runner.py:70 DeprecationWarning: This process (pid=1378) is multi-threaded, use of fork() may lead to deadlocks in the child.
[2025-02-08T19:02:20.796+0000] {standard_task_runner.py:72} INFO - Started process 1403 to run task
[2025-02-08T19:02:20.795+0000] {standard_task_runner.py:104} INFO - Running: ['***', 'tasks', 'run', 'customer_dim_generator', 'generate_customer_dim_data', 'scheduled__2024-11-02T00:00:00+00:00', '--job-id', '209', '--raw', '--subdir', 'DAGS_FOLDER/customer_dim_gen.py', '--cfg-path', '/tmp/tmpem14_b9s']
[2025-02-08T19:02:20.798+0000] {standard_task_runner.py:105} INFO - Job 209: Subtask generate_customer_dim_data
[2025-02-08T19:02:20.854+0000] {task_command.py:467} INFO - Running <TaskInstance: customer_dim_generator.generate_customer_dim_data scheduled__2024-11-02T00:00:00+00:00 [running]> on host 2c1cd59afcc0
[2025-02-08T19:02:20.982+0000] {taskinstance.py:3131} INFO - Exporting env vars: AIRFLOW_CTX_DAG_OWNER='Saleh' AIRFLOW_CTX_DAG_ID='customer_dim_generator' AIRFLOW_CTX_TASK_ID='generate_customer_dim_data' AIRFLOW_CTX_EXECUTION_DATE='2024-11-02T00:00:00+00:00' AIRFLOW_CTX_TRY_NUMBER='1' AIRFLOW_CTX_DAG_RUN_ID='scheduled__2024-11-02T00:00:00+00:00'
[2025-02-08T19:02:20.986+0000] {taskinstance.py:731} INFO - ::endgroup::
[2025-02-08T19:02:21.008+0000] {logging_mixin.py:190} INFO - CSV file './customer_dim_large_data.csv' with 100 rows has been generated successfully.
[2025-02-08T19:02:21.009+0000] {python.py:240} INFO - Done. Returned value was: None
[2025-02-08T19:02:21.021+0000] {taskinstance.py:340} INFO - ::group::Post task execution logs
[2025-02-08T19:02:21.022+0000] {taskinstance.py:352} INFO - Marking task as SUCCESS. dag_id=customer_dim_generator, task_id=generate_customer_dim_data, run_id=scheduled__2024-11-02T00:00:00+00:00, execution_date=20241102T000000, start_date=20250208T190220, end_date=20250208T190221
[2025-02-08T19:02:21.053+0000] {local_task_job_runner.py:266} INFO - Task exited with return code 0
[2025-02-08T19:02:21.066+0000] {local_task_job_runner.py:245} INFO - ::endgroup::
[2025-02-08T20:39:59.998+0000] {local_task_job_runner.py:123} INFO - ::group::Pre task execution logs
[2025-02-08T20:40:00.034+0000] {taskinstance.py:2612} INFO - Dependencies all met for dep_context=non-requeueable deps ti=<TaskInstance: customer_dim_generator.generate_customer_dim_data scheduled__2024-11-02T00:00:00+00:00 [queued]>
[2025-02-08T20:40:00.061+0000] {taskinstance.py:2612} INFO - Dependencies all met for dep_context=requeueable deps ti=<TaskInstance: customer_dim_generator.generate_customer_dim_data scheduled__2024-11-02T00:00:00+00:00 [queued]>
[2025-02-08T20:40:00.063+0000] {taskinstance.py:2865} INFO - Starting attempt 1 of 1
[2025-02-08T20:40:00.098+0000] {taskinstance.py:2888} INFO - Executing <Task(PythonOperator): generate_customer_dim_data> on 2024-11-02 00:00:00+00:00
[2025-02-08T20:40:00.116+0000] {logging_mixin.py:190} WARNING - /home/***/.local/lib/python3.12/site-packages/***/task/task_runner/standard_task_runner.py:70 DeprecationWarning: This process (pid=909) is multi-threaded, use of fork() may lead to deadlocks in the child.
[2025-02-08T20:40:00.117+0000] {standard_task_runner.py:72} INFO - Started process 938 to run task
[2025-02-08T20:40:00.118+0000] {standard_task_runner.py:104} INFO - Running: ['***', 'tasks', 'run', 'customer_dim_generator', 'generate_customer_dim_data', 'scheduled__2024-11-02T00:00:00+00:00', '--job-id', '84', '--raw', '--subdir', 'DAGS_FOLDER/customer_dim_gen.py', '--cfg-path', '/tmp/tmp51muwp_3']
[2025-02-08T20:40:00.120+0000] {standard_task_runner.py:105} INFO - Job 84: Subtask generate_customer_dim_data
[2025-02-08T20:40:00.189+0000] {task_command.py:467} INFO - Running <TaskInstance: customer_dim_generator.generate_customer_dim_data scheduled__2024-11-02T00:00:00+00:00 [running]> on host 7e959c1a2a8b
[2025-02-08T20:40:00.310+0000] {taskinstance.py:3131} INFO - Exporting env vars: AIRFLOW_CTX_DAG_OWNER='Saleh' AIRFLOW_CTX_DAG_ID='customer_dim_generator' AIRFLOW_CTX_TASK_ID='generate_customer_dim_data' AIRFLOW_CTX_EXECUTION_DATE='2024-11-02T00:00:00+00:00' AIRFLOW_CTX_TRY_NUMBER='1' AIRFLOW_CTX_DAG_RUN_ID='scheduled__2024-11-02T00:00:00+00:00'
[2025-02-08T20:40:00.311+0000] {taskinstance.py:731} INFO - ::endgroup::
[2025-02-08T20:40:00.335+0000] {logging_mixin.py:190} INFO - CSV file './customer_dim_large_data.csv' with 100 rows has been generated successfully.
[2025-02-08T20:40:00.337+0000] {python.py:240} INFO - Done. Returned value was: None
[2025-02-08T20:40:00.349+0000] {taskinstance.py:340} INFO - ::group::Post task execution logs
[2025-02-08T20:40:00.350+0000] {taskinstance.py:352} INFO - Marking task as SUCCESS. dag_id=customer_dim_generator, task_id=generate_customer_dim_data, run_id=scheduled__2024-11-02T00:00:00+00:00, execution_date=20241102T000000, start_date=20250208T204000, end_date=20250208T204000
[2025-02-08T20:40:00.418+0000] {local_task_job_runner.py:266} INFO - Task exited with return code 0
[2025-02-08T20:40:00.449+0000] {taskinstance.py:3900} INFO - 0 downstream tasks scheduled from follow-on schedule check
[2025-02-08T20:40:00.462+0000] {local_task_job_runner.py:245} INFO - ::endgroup::
[2025-02-08T20:42:58.924+0000] {local_task_job_runner.py:123} INFO - ::group::Pre task execution logs
[2025-02-08T20:42:58.941+0000] {taskinstance.py:2612} INFO - Dependencies all met for dep_context=non-requeueable deps ti=<TaskInstance: customer_dim_generator.generate_customer_dim_data scheduled__2024-11-02T00:00:00+00:00 [queued]>
[2025-02-08T20:42:58.948+0000] {taskinstance.py:2612} INFO - Dependencies all met for dep_context=requeueable deps ti=<TaskInstance: customer_dim_generator.generate_customer_dim_data scheduled__2024-11-02T00:00:00+00:00 [queued]>
[2025-02-08T20:42:58.950+0000] {taskinstance.py:2865} INFO - Starting attempt 1 of 1
[2025-02-08T20:42:59.011+0000] {taskinstance.py:2888} INFO - Executing <Task(PythonOperator): generate_customer_dim_data> on 2024-11-02 00:00:00+00:00
[2025-02-08T20:42:59.020+0000] {logging_mixin.py:190} WARNING - /home/***/.local/lib/python3.12/site-packages/***/task/task_runner/standard_task_runner.py:70 DeprecationWarning: This process (pid=491) is multi-threaded, use of fork() may lead to deadlocks in the child.
[2025-02-08T20:42:59.019+0000] {standard_task_runner.py:104} INFO - Running: ['***', 'tasks', 'run', 'customer_dim_generator', 'generate_customer_dim_data', 'scheduled__2024-11-02T00:00:00+00:00', '--job-id', '431', '--raw', '--subdir', 'DAGS_FOLDER/customer_dim_gen.py', '--cfg-path', '/tmp/tmp3lazo8u9']
[2025-02-08T20:42:59.021+0000] {standard_task_runner.py:72} INFO - Started process 511 to run task
[2025-02-08T20:42:59.021+0000] {standard_task_runner.py:105} INFO - Job 431: Subtask generate_customer_dim_data
[2025-02-08T20:42:59.071+0000] {task_command.py:467} INFO - Running <TaskInstance: customer_dim_generator.generate_customer_dim_data scheduled__2024-11-02T00:00:00+00:00 [running]> on host 86932746817d
[2025-02-08T20:42:59.151+0000] {taskinstance.py:3131} INFO - Exporting env vars: AIRFLOW_CTX_DAG_OWNER='Saleh' AIRFLOW_CTX_DAG_ID='customer_dim_generator' AIRFLOW_CTX_TASK_ID='generate_customer_dim_data' AIRFLOW_CTX_EXECUTION_DATE='2024-11-02T00:00:00+00:00' AIRFLOW_CTX_TRY_NUMBER='1' AIRFLOW_CTX_DAG_RUN_ID='scheduled__2024-11-02T00:00:00+00:00'
[2025-02-08T20:42:59.152+0000] {taskinstance.py:731} INFO - ::endgroup::
[2025-02-08T20:42:59.171+0000] {logging_mixin.py:190} INFO - CSV file './customer_dim_large_data.csv' with 100 rows has been generated successfully.
[2025-02-08T20:42:59.172+0000] {python.py:240} INFO - Done. Returned value was: None
[2025-02-08T20:42:59.180+0000] {taskinstance.py:340} INFO - ::group::Post task execution logs
[2025-02-08T20:42:59.181+0000] {taskinstance.py:352} INFO - Marking task as SUCCESS. dag_id=customer_dim_generator, task_id=generate_customer_dim_data, run_id=scheduled__2024-11-02T00:00:00+00:00, execution_date=20241102T000000, start_date=20250208T204258, end_date=20250208T204259
[2025-02-08T20:42:59.276+0000] {local_task_job_runner.py:266} INFO - Task exited with return code 0
[2025-02-08T20:42:59.292+0000] {taskinstance.py:3900} INFO - 0 downstream tasks scheduled from follow-on schedule check
[2025-02-08T20:42:59.295+0000] {local_task_job_runner.py:245} INFO - ::endgroup::
