[2025-02-08T19:00:44.744+0000] {local_task_job_runner.py:123} INFO - ::group::Pre task execution logs
[2025-02-08T19:00:44.759+0000] {taskinstance.py:2612} INFO - Dependencies all met for dep_context=non-requeueable deps ti=<TaskInstance: account_dim_gen.generate_account_dim_data scheduled__2024-11-30T00:00:00+00:00 [queued]>
[2025-02-08T19:00:44.769+0000] {taskinstance.py:2612} INFO - Dependencies all met for dep_context=requeueable deps ti=<TaskInstance: account_dim_gen.generate_account_dim_data scheduled__2024-11-30T00:00:00+00:00 [queued]>
[2025-02-08T19:00:44.770+0000] {taskinstance.py:2865} INFO - Starting attempt 1 of 1
[2025-02-08T19:00:44.833+0000] {taskinstance.py:2888} INFO - Executing <Task(PythonOperator): generate_account_dim_data> on 2024-11-30 00:00:00+00:00
[2025-02-08T19:00:44.843+0000] {logging_mixin.py:190} WARNING - /home/***/.local/lib/python3.12/site-packages/***/task/task_runner/standard_task_runner.py:70 DeprecationWarning: This process (pid=819) is multi-threaded, use of fork() may lead to deadlocks in the child.
[2025-02-08T19:00:44.844+0000] {standard_task_runner.py:72} INFO - Started process 833 to run task
[2025-02-08T19:00:44.843+0000] {standard_task_runner.py:104} INFO - Running: ['***', 'tasks', 'run', 'account_dim_gen', 'generate_account_dim_data', 'scheduled__2024-11-30T00:00:00+00:00', '--job-id', '85', '--raw', '--subdir', 'DAGS_FOLDER/account_dim_gen.py', '--cfg-path', '/tmp/tmp7gwaw43r']
[2025-02-08T19:00:44.845+0000] {standard_task_runner.py:105} INFO - Job 85: Subtask generate_account_dim_data
[2025-02-08T19:00:44.887+0000] {task_command.py:467} INFO - Running <TaskInstance: account_dim_gen.generate_account_dim_data scheduled__2024-11-30T00:00:00+00:00 [running]> on host 2c1cd59afcc0
[2025-02-08T19:00:44.965+0000] {taskinstance.py:3131} INFO - Exporting env vars: AIRFLOW_CTX_DAG_OWNER='Saleh' AIRFLOW_CTX_DAG_ID='account_dim_gen' AIRFLOW_CTX_TASK_ID='generate_account_dim_data' AIRFLOW_CTX_EXECUTION_DATE='2024-11-30T00:00:00+00:00' AIRFLOW_CTX_TRY_NUMBER='1' AIRFLOW_CTX_DAG_RUN_ID='scheduled__2024-11-30T00:00:00+00:00'
[2025-02-08T19:00:44.966+0000] {taskinstance.py:731} INFO - ::endgroup::
[2025-02-08T19:00:44.987+0000] {logging_mixin.py:190} INFO - CSV file ./account_dim_large_data.csv with 50 row has been generated successfully!
[2025-02-08T19:00:44.988+0000] {python.py:240} INFO - Done. Returned value was: None
[2025-02-08T19:00:44.999+0000] {taskinstance.py:340} INFO - ::group::Post task execution logs
[2025-02-08T19:00:44.999+0000] {taskinstance.py:352} INFO - Marking task as SUCCESS. dag_id=account_dim_gen, task_id=generate_account_dim_data, run_id=scheduled__2024-11-30T00:00:00+00:00, execution_date=20241130T000000, start_date=20250208T190044, end_date=20250208T190044
[2025-02-08T19:00:45.058+0000] {local_task_job_runner.py:266} INFO - Task exited with return code 0
[2025-02-08T19:00:45.066+0000] {local_task_job_runner.py:245} INFO - ::endgroup::
[2025-02-08T20:40:42.685+0000] {local_task_job_runner.py:123} INFO - ::group::Pre task execution logs
[2025-02-08T20:40:42.704+0000] {taskinstance.py:2612} INFO - Dependencies all met for dep_context=non-requeueable deps ti=<TaskInstance: account_dim_gen.generate_account_dim_data scheduled__2024-11-30T00:00:00+00:00 [queued]>
[2025-02-08T20:40:42.727+0000] {taskinstance.py:2612} INFO - Dependencies all met for dep_context=requeueable deps ti=<TaskInstance: account_dim_gen.generate_account_dim_data scheduled__2024-11-30T00:00:00+00:00 [queued]>
[2025-02-08T20:40:42.728+0000] {taskinstance.py:2865} INFO - Starting attempt 1 of 1
[2025-02-08T20:40:42.759+0000] {taskinstance.py:2888} INFO - Executing <Task(PythonOperator): generate_account_dim_data> on 2024-11-30 00:00:00+00:00
[2025-02-08T20:40:42.782+0000] {standard_task_runner.py:104} INFO - Running: ['***', 'tasks', 'run', 'account_dim_gen', 'generate_account_dim_data', 'scheduled__2024-11-30T00:00:00+00:00', '--job-id', '233', '--raw', '--subdir', 'DAGS_FOLDER/account_dim_gen.py', '--cfg-path', '/tmp/tmpn64h7g7x']
[2025-02-08T20:40:42.785+0000] {standard_task_runner.py:105} INFO - Job 233: Subtask generate_account_dim_data
[2025-02-08T20:40:42.776+0000] {logging_mixin.py:190} WARNING - /home/***/.local/lib/python3.12/site-packages/***/task/task_runner/standard_task_runner.py:70 DeprecationWarning: This process (pid=1547) is multi-threaded, use of fork() may lead to deadlocks in the child.
[2025-02-08T20:40:42.798+0000] {standard_task_runner.py:72} INFO - Started process 1584 to run task
[2025-02-08T20:40:42.858+0000] {task_command.py:467} INFO - Running <TaskInstance: account_dim_gen.generate_account_dim_data scheduled__2024-11-30T00:00:00+00:00 [running]> on host 7e959c1a2a8b
[2025-02-08T20:40:43.013+0000] {taskinstance.py:3131} INFO - Exporting env vars: AIRFLOW_CTX_DAG_OWNER='Saleh' AIRFLOW_CTX_DAG_ID='account_dim_gen' AIRFLOW_CTX_TASK_ID='generate_account_dim_data' AIRFLOW_CTX_EXECUTION_DATE='2024-11-30T00:00:00+00:00' AIRFLOW_CTX_TRY_NUMBER='1' AIRFLOW_CTX_DAG_RUN_ID='scheduled__2024-11-30T00:00:00+00:00'
[2025-02-08T20:40:43.017+0000] {taskinstance.py:731} INFO - ::endgroup::
[2025-02-08T20:40:43.042+0000] {logging_mixin.py:190} INFO - CSV file ./account_dim_large_data.csv with 50 row has been generated successfully!
[2025-02-08T20:40:43.043+0000] {python.py:240} INFO - Done. Returned value was: None
[2025-02-08T20:40:43.071+0000] {taskinstance.py:340} INFO - ::group::Post task execution logs
[2025-02-08T20:40:43.072+0000] {taskinstance.py:352} INFO - Marking task as SUCCESS. dag_id=account_dim_gen, task_id=generate_account_dim_data, run_id=scheduled__2024-11-30T00:00:00+00:00, execution_date=20241130T000000, start_date=20250208T204042, end_date=20250208T204043
[2025-02-08T20:40:43.132+0000] {local_task_job_runner.py:266} INFO - Task exited with return code 0
[2025-02-08T20:40:43.163+0000] {taskinstance.py:3900} INFO - 0 downstream tasks scheduled from follow-on schedule check
[2025-02-08T20:40:43.165+0000] {local_task_job_runner.py:245} INFO - ::endgroup::
