[2025-02-08T19:02:04.924+0000] {local_task_job_runner.py:123} INFO - ::group::Pre task execution logs
[2025-02-08T19:02:04.965+0000] {taskinstance.py:2612} INFO - Dependencies all met for dep_context=non-requeueable deps ti=<TaskInstance: branch_dim_gen.generate_branch_dim_data scheduled__2024-09-17T00:00:00+00:00 [queued]>
[2025-02-08T19:02:04.977+0000] {taskinstance.py:2612} INFO - Dependencies all met for dep_context=requeueable deps ti=<TaskInstance: branch_dim_gen.generate_branch_dim_data scheduled__2024-09-17T00:00:00+00:00 [queued]>
[2025-02-08T19:02:04.978+0000] {taskinstance.py:2865} INFO - Starting attempt 1 of 1
[2025-02-08T19:02:05.002+0000] {taskinstance.py:2888} INFO - Executing <Task(PythonOperator): generate_branch_dim_data> on 2024-09-17 00:00:00+00:00
[2025-02-08T19:02:05.017+0000] {logging_mixin.py:190} WARNING - /home/***/.local/lib/python3.12/site-packages/***/task/task_runner/standard_task_runner.py:70 DeprecationWarning: This process (pid=1164) is multi-threaded, use of fork() may lead to deadlocks in the child.
[2025-02-08T19:02:05.020+0000] {standard_task_runner.py:72} INFO - Started process 1217 to run task
[2025-02-08T19:02:05.021+0000] {standard_task_runner.py:104} INFO - Running: ['***', 'tasks', 'run', 'branch_dim_gen', 'generate_branch_dim_data', 'scheduled__2024-09-17T00:00:00+00:00', '--job-id', '159', '--raw', '--subdir', 'DAGS_FOLDER/brnach_dim_gen.py', '--cfg-path', '/tmp/tmpli256p6i']
[2025-02-08T19:02:05.023+0000] {standard_task_runner.py:105} INFO - Job 159: Subtask generate_branch_dim_data
[2025-02-08T19:02:05.104+0000] {task_command.py:467} INFO - Running <TaskInstance: branch_dim_gen.generate_branch_dim_data scheduled__2024-09-17T00:00:00+00:00 [running]> on host 2c1cd59afcc0
[2025-02-08T19:02:05.427+0000] {taskinstance.py:3131} INFO - Exporting env vars: AIRFLOW_CTX_DAG_OWNER='Saleh' AIRFLOW_CTX_DAG_ID='branch_dim_gen' AIRFLOW_CTX_TASK_ID='generate_branch_dim_data' AIRFLOW_CTX_EXECUTION_DATE='2024-09-17T00:00:00+00:00' AIRFLOW_CTX_TRY_NUMBER='1' AIRFLOW_CTX_DAG_RUN_ID='scheduled__2024-09-17T00:00:00+00:00'
[2025-02-08T19:02:05.436+0000] {taskinstance.py:731} INFO - ::endgroup::
[2025-02-08T19:02:05.488+0000] {logging_mixin.py:190} INFO - CSV file './branch_dim_large_data.csv' with 50 rows has been generated successfully.
[2025-02-08T19:02:05.488+0000] {python.py:240} INFO - Done. Returned value was: None
[2025-02-08T19:02:05.496+0000] {taskinstance.py:340} INFO - ::group::Post task execution logs
[2025-02-08T19:02:05.496+0000] {taskinstance.py:352} INFO - Marking task as SUCCESS. dag_id=branch_dim_gen, task_id=generate_branch_dim_data, run_id=scheduled__2024-09-17T00:00:00+00:00, execution_date=20240917T000000, start_date=20250208T190204, end_date=20250208T190205
[2025-02-08T19:02:05.630+0000] {local_task_job_runner.py:266} INFO - Task exited with return code 0
[2025-02-08T19:02:05.647+0000] {taskinstance.py:3900} INFO - 0 downstream tasks scheduled from follow-on schedule check
[2025-02-08T19:02:05.658+0000] {local_task_job_runner.py:245} INFO - ::endgroup::
[2025-02-08T20:39:38.073+0000] {local_task_job_runner.py:123} INFO - ::group::Pre task execution logs
[2025-02-08T20:39:38.218+0000] {taskinstance.py:2612} INFO - Dependencies all met for dep_context=non-requeueable deps ti=<TaskInstance: branch_dim_gen.generate_branch_dim_data scheduled__2024-09-17T00:00:00+00:00 [queued]>
[2025-02-08T20:39:38.294+0000] {taskinstance.py:2612} INFO - Dependencies all met for dep_context=requeueable deps ti=<TaskInstance: branch_dim_gen.generate_branch_dim_data scheduled__2024-09-17T00:00:00+00:00 [queued]>
[2025-02-08T20:39:38.299+0000] {taskinstance.py:2865} INFO - Starting attempt 1 of 1
[2025-02-08T20:39:38.355+0000] {taskinstance.py:2888} INFO - Executing <Task(PythonOperator): generate_branch_dim_data> on 2024-09-17 00:00:00+00:00
[2025-02-08T20:39:38.384+0000] {standard_task_runner.py:104} INFO - Running: ['***', 'tasks', 'run', 'branch_dim_gen', 'generate_branch_dim_data', 'scheduled__2024-09-17T00:00:00+00:00', '--job-id', '19', '--raw', '--subdir', 'DAGS_FOLDER/brnach_dim_gen.py', '--cfg-path', '/tmp/tmpicdtf9j0']
[2025-02-08T20:39:38.398+0000] {standard_task_runner.py:105} INFO - Job 19: Subtask generate_branch_dim_data
[2025-02-08T20:39:38.389+0000] {logging_mixin.py:190} WARNING - /home/***/.local/lib/python3.12/site-packages/***/task/task_runner/standard_task_runner.py:70 DeprecationWarning: This process (pid=575) is multi-threaded, use of fork() may lead to deadlocks in the child.
[2025-02-08T20:39:38.402+0000] {standard_task_runner.py:72} INFO - Started process 702 to run task
[2025-02-08T20:39:38.629+0000] {task_command.py:467} INFO - Running <TaskInstance: branch_dim_gen.generate_branch_dim_data scheduled__2024-09-17T00:00:00+00:00 [running]> on host 7e959c1a2a8b
[2025-02-08T20:39:39.138+0000] {taskinstance.py:3131} INFO - Exporting env vars: AIRFLOW_CTX_DAG_OWNER='Saleh' AIRFLOW_CTX_DAG_ID='branch_dim_gen' AIRFLOW_CTX_TASK_ID='generate_branch_dim_data' AIRFLOW_CTX_EXECUTION_DATE='2024-09-17T00:00:00+00:00' AIRFLOW_CTX_TRY_NUMBER='1' AIRFLOW_CTX_DAG_RUN_ID='scheduled__2024-09-17T00:00:00+00:00'
[2025-02-08T20:39:39.142+0000] {taskinstance.py:731} INFO - ::endgroup::
[2025-02-08T20:39:40.554+0000] {logging_mixin.py:190} INFO - CSV file './branch_dim_large_data.csv' with 50 rows has been generated successfully.
[2025-02-08T20:39:40.555+0000] {python.py:240} INFO - Done. Returned value was: None
[2025-02-08T20:39:40.566+0000] {taskinstance.py:340} INFO - ::group::Post task execution logs
[2025-02-08T20:39:40.571+0000] {taskinstance.py:352} INFO - Marking task as SUCCESS. dag_id=branch_dim_gen, task_id=generate_branch_dim_data, run_id=scheduled__2024-09-17T00:00:00+00:00, execution_date=20240917T000000, start_date=20250208T203938, end_date=20250208T203940
[2025-02-08T20:39:40.822+0000] {local_task_job_runner.py:266} INFO - Task exited with return code 0
[2025-02-08T20:39:40.886+0000] {taskinstance.py:3900} INFO - 0 downstream tasks scheduled from follow-on schedule check
[2025-02-08T20:39:40.925+0000] {local_task_job_runner.py:245} INFO - ::endgroup::
