[2025-02-08T19:02:57.281+0000] {local_task_job_runner.py:123} INFO - ::group::Pre task execution logs
[2025-02-08T19:02:57.299+0000] {taskinstance.py:2612} INFO - Dependencies all met for dep_context=non-requeueable deps ti=<TaskInstance: branch_dim_gen.generate_branch_dim_data scheduled__2024-11-27T00:00:00+00:00 [queued]>
[2025-02-08T19:02:57.310+0000] {taskinstance.py:2612} INFO - Dependencies all met for dep_context=requeueable deps ti=<TaskInstance: branch_dim_gen.generate_branch_dim_data scheduled__2024-11-27T00:00:00+00:00 [queued]>
[2025-02-08T19:02:57.312+0000] {taskinstance.py:2865} INFO - Starting attempt 1 of 1
[2025-02-08T19:02:57.330+0000] {taskinstance.py:2888} INFO - Executing <Task(PythonOperator): generate_branch_dim_data> on 2024-11-27 00:00:00+00:00
[2025-02-08T19:02:57.340+0000] {logging_mixin.py:190} WARNING - /home/***/.local/lib/python3.12/site-packages/***/task/task_runner/standard_task_runner.py:70 DeprecationWarning: This process (pid=1784) is multi-threaded, use of fork() may lead to deadlocks in the child.
[2025-02-08T19:02:57.342+0000] {standard_task_runner.py:72} INFO - Started process 1813 to run task
[2025-02-08T19:02:57.340+0000] {standard_task_runner.py:104} INFO - Running: ['***', 'tasks', 'run', 'branch_dim_gen', 'generate_branch_dim_data', 'scheduled__2024-11-27T00:00:00+00:00', '--job-id', '305', '--raw', '--subdir', 'DAGS_FOLDER/brnach_dim_gen.py', '--cfg-path', '/tmp/tmpovew6huc']
[2025-02-08T19:02:57.343+0000] {standard_task_runner.py:105} INFO - Job 305: Subtask generate_branch_dim_data
[2025-02-08T19:02:57.399+0000] {task_command.py:467} INFO - Running <TaskInstance: branch_dim_gen.generate_branch_dim_data scheduled__2024-11-27T00:00:00+00:00 [running]> on host 2c1cd59afcc0
[2025-02-08T19:02:57.490+0000] {taskinstance.py:3131} INFO - Exporting env vars: AIRFLOW_CTX_DAG_OWNER='Saleh' AIRFLOW_CTX_DAG_ID='branch_dim_gen' AIRFLOW_CTX_TASK_ID='generate_branch_dim_data' AIRFLOW_CTX_EXECUTION_DATE='2024-11-27T00:00:00+00:00' AIRFLOW_CTX_TRY_NUMBER='1' AIRFLOW_CTX_DAG_RUN_ID='scheduled__2024-11-27T00:00:00+00:00'
[2025-02-08T19:02:57.491+0000] {taskinstance.py:731} INFO - ::endgroup::
[2025-02-08T19:02:57.511+0000] {logging_mixin.py:190} INFO - CSV file './branch_dim_large_data.csv' with 50 rows has been generated successfully.
[2025-02-08T19:02:57.512+0000] {python.py:240} INFO - Done. Returned value was: None
[2025-02-08T19:02:57.521+0000] {taskinstance.py:340} INFO - ::group::Post task execution logs
[2025-02-08T19:02:57.521+0000] {taskinstance.py:352} INFO - Marking task as SUCCESS. dag_id=branch_dim_gen, task_id=generate_branch_dim_data, run_id=scheduled__2024-11-27T00:00:00+00:00, execution_date=20241127T000000, start_date=20250208T190257, end_date=20250208T190257
[2025-02-08T19:02:57.561+0000] {local_task_job_runner.py:266} INFO - Task exited with return code 0
[2025-02-08T19:02:57.579+0000] {taskinstance.py:3900} INFO - 0 downstream tasks scheduled from follow-on schedule check
[2025-02-08T19:02:57.582+0000] {local_task_job_runner.py:245} INFO - ::endgroup::
[2025-02-08T20:40:42.119+0000] {local_task_job_runner.py:123} INFO - ::group::Pre task execution logs
[2025-02-08T20:40:42.141+0000] {taskinstance.py:2612} INFO - Dependencies all met for dep_context=non-requeueable deps ti=<TaskInstance: branch_dim_gen.generate_branch_dim_data scheduled__2024-11-27T00:00:00+00:00 [queued]>
[2025-02-08T20:40:42.150+0000] {taskinstance.py:2612} INFO - Dependencies all met for dep_context=requeueable deps ti=<TaskInstance: branch_dim_gen.generate_branch_dim_data scheduled__2024-11-27T00:00:00+00:00 [queued]>
[2025-02-08T20:40:42.151+0000] {taskinstance.py:2865} INFO - Starting attempt 1 of 1
[2025-02-08T20:40:42.167+0000] {taskinstance.py:2888} INFO - Executing <Task(PythonOperator): generate_branch_dim_data> on 2024-11-27 00:00:00+00:00
[2025-02-08T20:40:42.177+0000] {logging_mixin.py:190} WARNING - /home/***/.local/lib/python3.12/site-packages/***/task/task_runner/standard_task_runner.py:70 DeprecationWarning: This process (pid=1531) is multi-threaded, use of fork() may lead to deadlocks in the child.
[2025-02-08T20:40:42.178+0000] {standard_task_runner.py:72} INFO - Started process 1558 to run task
[2025-02-08T20:40:42.177+0000] {standard_task_runner.py:104} INFO - Running: ['***', 'tasks', 'run', 'branch_dim_gen', 'generate_branch_dim_data', 'scheduled__2024-11-27T00:00:00+00:00', '--job-id', '228', '--raw', '--subdir', 'DAGS_FOLDER/brnach_dim_gen.py', '--cfg-path', '/tmp/tmpogm_kzje']
[2025-02-08T20:40:42.181+0000] {standard_task_runner.py:105} INFO - Job 228: Subtask generate_branch_dim_data
[2025-02-08T20:40:42.268+0000] {task_command.py:467} INFO - Running <TaskInstance: branch_dim_gen.generate_branch_dim_data scheduled__2024-11-27T00:00:00+00:00 [running]> on host 7e959c1a2a8b
[2025-02-08T20:40:42.377+0000] {taskinstance.py:3131} INFO - Exporting env vars: AIRFLOW_CTX_DAG_OWNER='Saleh' AIRFLOW_CTX_DAG_ID='branch_dim_gen' AIRFLOW_CTX_TASK_ID='generate_branch_dim_data' AIRFLOW_CTX_EXECUTION_DATE='2024-11-27T00:00:00+00:00' AIRFLOW_CTX_TRY_NUMBER='1' AIRFLOW_CTX_DAG_RUN_ID='scheduled__2024-11-27T00:00:00+00:00'
[2025-02-08T20:40:42.380+0000] {taskinstance.py:731} INFO - ::endgroup::
[2025-02-08T20:40:42.414+0000] {logging_mixin.py:190} INFO - CSV file './branch_dim_large_data.csv' with 50 rows has been generated successfully.
[2025-02-08T20:40:42.418+0000] {python.py:240} INFO - Done. Returned value was: None
[2025-02-08T20:40:42.428+0000] {taskinstance.py:340} INFO - ::group::Post task execution logs
[2025-02-08T20:40:42.428+0000] {taskinstance.py:352} INFO - Marking task as SUCCESS. dag_id=branch_dim_gen, task_id=generate_branch_dim_data, run_id=scheduled__2024-11-27T00:00:00+00:00, execution_date=20241127T000000, start_date=20250208T204042, end_date=20250208T204042
[2025-02-08T20:40:42.480+0000] {local_task_job_runner.py:266} INFO - Task exited with return code 0
[2025-02-08T20:40:42.497+0000] {local_task_job_runner.py:245} INFO - ::endgroup::
