[2025-02-08T19:00:18.217+0000] {local_task_job_runner.py:123} INFO - ::group::Pre task execution logs
[2025-02-08T19:00:18.232+0000] {taskinstance.py:2612} INFO - Dependencies all met for dep_context=non-requeueable deps ti=<TaskInstance: account_dim_gen.generate_account_dim_data scheduled__2024-10-16T00:00:00+00:00 [queued]>
[2025-02-08T19:00:18.242+0000] {taskinstance.py:2612} INFO - Dependencies all met for dep_context=requeueable deps ti=<TaskInstance: account_dim_gen.generate_account_dim_data scheduled__2024-10-16T00:00:00+00:00 [queued]>
[2025-02-08T19:00:18.245+0000] {taskinstance.py:2865} INFO - Starting attempt 1 of 1
[2025-02-08T19:00:18.295+0000] {taskinstance.py:2888} INFO - Executing <Task(PythonOperator): generate_account_dim_data> on 2024-10-16 00:00:00+00:00
[2025-02-08T19:00:18.306+0000] {logging_mixin.py:190} WARNING - /home/***/.local/lib/python3.12/site-packages/***/task/task_runner/standard_task_runner.py:70 DeprecationWarning: This process (pid=617) is multi-threaded, use of fork() may lead to deadlocks in the child.
[2025-02-08T19:00:18.307+0000] {standard_task_runner.py:72} INFO - Started process 630 to run task
[2025-02-08T19:00:18.306+0000] {standard_task_runner.py:104} INFO - Running: ['***', 'tasks', 'run', 'account_dim_gen', 'generate_account_dim_data', 'scheduled__2024-10-16T00:00:00+00:00', '--job-id', '40', '--raw', '--subdir', 'DAGS_FOLDER/account_dim_gen.py', '--cfg-path', '/tmp/tmpak35lr9o']
[2025-02-08T19:00:18.308+0000] {standard_task_runner.py:105} INFO - Job 40: Subtask generate_account_dim_data
[2025-02-08T19:00:18.352+0000] {task_command.py:467} INFO - Running <TaskInstance: account_dim_gen.generate_account_dim_data scheduled__2024-10-16T00:00:00+00:00 [running]> on host 2c1cd59afcc0
[2025-02-08T19:00:18.481+0000] {taskinstance.py:3131} INFO - Exporting env vars: AIRFLOW_CTX_DAG_OWNER='Saleh' AIRFLOW_CTX_DAG_ID='account_dim_gen' AIRFLOW_CTX_TASK_ID='generate_account_dim_data' AIRFLOW_CTX_EXECUTION_DATE='2024-10-16T00:00:00+00:00' AIRFLOW_CTX_TRY_NUMBER='1' AIRFLOW_CTX_DAG_RUN_ID='scheduled__2024-10-16T00:00:00+00:00'
[2025-02-08T19:00:18.482+0000] {taskinstance.py:731} INFO - ::endgroup::
[2025-02-08T19:00:18.500+0000] {logging_mixin.py:190} INFO - CSV file ./account_dim_large_data.csv with 50 row has been generated successfully!
[2025-02-08T19:00:18.501+0000] {python.py:240} INFO - Done. Returned value was: None
[2025-02-08T19:00:18.509+0000] {taskinstance.py:340} INFO - ::group::Post task execution logs
[2025-02-08T19:00:18.510+0000] {taskinstance.py:352} INFO - Marking task as SUCCESS. dag_id=account_dim_gen, task_id=generate_account_dim_data, run_id=scheduled__2024-10-16T00:00:00+00:00, execution_date=20241016T000000, start_date=20250208T190018, end_date=20250208T190018
[2025-02-08T19:00:18.562+0000] {local_task_job_runner.py:266} INFO - Task exited with return code 0
[2025-02-08T19:00:18.576+0000] {taskinstance.py:3900} INFO - 0 downstream tasks scheduled from follow-on schedule check
[2025-02-08T19:00:18.672+0000] {local_task_job_runner.py:245} INFO - ::endgroup::
[2025-02-08T20:40:05.651+0000] {local_task_job_runner.py:123} INFO - ::group::Pre task execution logs
[2025-02-08T20:40:05.669+0000] {taskinstance.py:2612} INFO - Dependencies all met for dep_context=non-requeueable deps ti=<TaskInstance: account_dim_gen.generate_account_dim_data scheduled__2024-10-16T00:00:00+00:00 [queued]>
[2025-02-08T20:40:05.681+0000] {taskinstance.py:2612} INFO - Dependencies all met for dep_context=requeueable deps ti=<TaskInstance: account_dim_gen.generate_account_dim_data scheduled__2024-10-16T00:00:00+00:00 [queued]>
[2025-02-08T20:40:05.683+0000] {taskinstance.py:2865} INFO - Starting attempt 1 of 1
[2025-02-08T20:40:05.723+0000] {taskinstance.py:2888} INFO - Executing <Task(PythonOperator): generate_account_dim_data> on 2024-10-16 00:00:00+00:00
[2025-02-08T20:40:05.736+0000] {logging_mixin.py:190} WARNING - /home/***/.local/lib/python3.12/site-packages/***/task/task_runner/standard_task_runner.py:70 DeprecationWarning: This process (pid=978) is multi-threaded, use of fork() may lead to deadlocks in the child.
[2025-02-08T20:40:05.738+0000] {standard_task_runner.py:72} INFO - Started process 998 to run task
[2025-02-08T20:40:05.736+0000] {standard_task_runner.py:104} INFO - Running: ['***', 'tasks', 'run', 'account_dim_gen', 'generate_account_dim_data', 'scheduled__2024-10-16T00:00:00+00:00', '--job-id', '97', '--raw', '--subdir', 'DAGS_FOLDER/account_dim_gen.py', '--cfg-path', '/tmp/tmpmle8p5ob']
[2025-02-08T20:40:05.740+0000] {standard_task_runner.py:105} INFO - Job 97: Subtask generate_account_dim_data
[2025-02-08T20:40:05.825+0000] {task_command.py:467} INFO - Running <TaskInstance: account_dim_gen.generate_account_dim_data scheduled__2024-10-16T00:00:00+00:00 [running]> on host 7e959c1a2a8b
[2025-02-08T20:40:05.970+0000] {taskinstance.py:3131} INFO - Exporting env vars: AIRFLOW_CTX_DAG_OWNER='Saleh' AIRFLOW_CTX_DAG_ID='account_dim_gen' AIRFLOW_CTX_TASK_ID='generate_account_dim_data' AIRFLOW_CTX_EXECUTION_DATE='2024-10-16T00:00:00+00:00' AIRFLOW_CTX_TRY_NUMBER='1' AIRFLOW_CTX_DAG_RUN_ID='scheduled__2024-10-16T00:00:00+00:00'
[2025-02-08T20:40:05.974+0000] {taskinstance.py:731} INFO - ::endgroup::
[2025-02-08T20:40:05.997+0000] {logging_mixin.py:190} INFO - CSV file ./account_dim_large_data.csv with 50 row has been generated successfully!
[2025-02-08T20:40:05.997+0000] {python.py:240} INFO - Done. Returned value was: None
[2025-02-08T20:40:06.023+0000] {taskinstance.py:340} INFO - ::group::Post task execution logs
[2025-02-08T20:40:06.024+0000] {taskinstance.py:352} INFO - Marking task as SUCCESS. dag_id=account_dim_gen, task_id=generate_account_dim_data, run_id=scheduled__2024-10-16T00:00:00+00:00, execution_date=20241016T000000, start_date=20250208T204005, end_date=20250208T204006
[2025-02-08T20:40:06.078+0000] {local_task_job_runner.py:266} INFO - Task exited with return code 0
[2025-02-08T20:40:06.103+0000] {taskinstance.py:3900} INFO - 0 downstream tasks scheduled from follow-on schedule check
[2025-02-08T20:40:06.123+0000] {local_task_job_runner.py:245} INFO - ::endgroup::
