[2025-02-08T19:02:04.995+0000] {local_task_job_runner.py:123} INFO - ::group::Pre task execution logs
[2025-02-08T19:02:05.018+0000] {taskinstance.py:2612} INFO - Dependencies all met for dep_context=non-requeueable deps ti=<TaskInstance: customer_dim_generator.generate_customer_dim_data scheduled__2024-10-08T00:00:00+00:00 [queued]>
[2025-02-08T19:02:05.031+0000] {taskinstance.py:2612} INFO - Dependencies all met for dep_context=requeueable deps ti=<TaskInstance: customer_dim_generator.generate_customer_dim_data scheduled__2024-10-08T00:00:00+00:00 [queued]>
[2025-02-08T19:02:05.035+0000] {taskinstance.py:2865} INFO - Starting attempt 1 of 1
[2025-02-08T19:02:05.053+0000] {taskinstance.py:2888} INFO - Executing <Task(PythonOperator): generate_customer_dim_data> on 2024-10-08 00:00:00+00:00
[2025-02-08T19:02:05.072+0000] {logging_mixin.py:190} WARNING - /home/***/.local/lib/python3.12/site-packages/***/task/task_runner/standard_task_runner.py:70 DeprecationWarning: This process (pid=1165) is multi-threaded, use of fork() may lead to deadlocks in the child.
[2025-02-08T19:02:05.075+0000] {standard_task_runner.py:72} INFO - Started process 1226 to run task
[2025-02-08T19:02:05.075+0000] {standard_task_runner.py:104} INFO - Running: ['***', 'tasks', 'run', 'customer_dim_generator', 'generate_customer_dim_data', 'scheduled__2024-10-08T00:00:00+00:00', '--job-id', '163', '--raw', '--subdir', 'DAGS_FOLDER/customer_dim_gen.py', '--cfg-path', '/tmp/tmprcmz5z_r']
[2025-02-08T19:02:05.078+0000] {standard_task_runner.py:105} INFO - Job 163: Subtask generate_customer_dim_data
[2025-02-08T19:02:05.184+0000] {task_command.py:467} INFO - Running <TaskInstance: customer_dim_generator.generate_customer_dim_data scheduled__2024-10-08T00:00:00+00:00 [running]> on host 2c1cd59afcc0
[2025-02-08T19:02:05.427+0000] {taskinstance.py:3131} INFO - Exporting env vars: AIRFLOW_CTX_DAG_OWNER='Saleh' AIRFLOW_CTX_DAG_ID='customer_dim_generator' AIRFLOW_CTX_TASK_ID='generate_customer_dim_data' AIRFLOW_CTX_EXECUTION_DATE='2024-10-08T00:00:00+00:00' AIRFLOW_CTX_TRY_NUMBER='1' AIRFLOW_CTX_DAG_RUN_ID='scheduled__2024-10-08T00:00:00+00:00'
[2025-02-08T19:02:05.433+0000] {taskinstance.py:731} INFO - ::endgroup::
[2025-02-08T19:02:05.480+0000] {logging_mixin.py:190} INFO - CSV file './customer_dim_large_data.csv' with 100 rows has been generated successfully.
[2025-02-08T19:02:05.484+0000] {python.py:240} INFO - Done. Returned value was: None
[2025-02-08T19:02:05.493+0000] {taskinstance.py:340} INFO - ::group::Post task execution logs
[2025-02-08T19:02:05.494+0000] {taskinstance.py:352} INFO - Marking task as SUCCESS. dag_id=customer_dim_generator, task_id=generate_customer_dim_data, run_id=scheduled__2024-10-08T00:00:00+00:00, execution_date=20241008T000000, start_date=20250208T190205, end_date=20250208T190205
[2025-02-08T19:02:05.621+0000] {local_task_job_runner.py:266} INFO - Task exited with return code 0
[2025-02-08T19:02:05.637+0000] {taskinstance.py:3900} INFO - 0 downstream tasks scheduled from follow-on schedule check
[2025-02-08T19:02:05.658+0000] {local_task_job_runner.py:245} INFO - ::endgroup::
[2025-02-08T20:39:38.071+0000] {local_task_job_runner.py:123} INFO - ::group::Pre task execution logs
[2025-02-08T20:39:38.131+0000] {taskinstance.py:2612} INFO - Dependencies all met for dep_context=non-requeueable deps ti=<TaskInstance: customer_dim_generator.generate_customer_dim_data scheduled__2024-10-08T00:00:00+00:00 [queued]>
[2025-02-08T20:39:38.166+0000] {taskinstance.py:2612} INFO - Dependencies all met for dep_context=requeueable deps ti=<TaskInstance: customer_dim_generator.generate_customer_dim_data scheduled__2024-10-08T00:00:00+00:00 [queued]>
[2025-02-08T20:39:38.169+0000] {taskinstance.py:2865} INFO - Starting attempt 1 of 1
[2025-02-08T20:39:38.240+0000] {taskinstance.py:2888} INFO - Executing <Task(PythonOperator): generate_customer_dim_data> on 2024-10-08 00:00:00+00:00
[2025-02-08T20:39:38.260+0000] {standard_task_runner.py:104} INFO - Running: ['***', 'tasks', 'run', 'customer_dim_generator', 'generate_customer_dim_data', 'scheduled__2024-10-08T00:00:00+00:00', '--job-id', '4', '--raw', '--subdir', 'DAGS_FOLDER/customer_dim_gen.py', '--cfg-path', '/tmp/tmprs7k2x0p']
[2025-02-08T20:39:38.264+0000] {standard_task_runner.py:105} INFO - Job 4: Subtask generate_customer_dim_data
[2025-02-08T20:39:38.293+0000] {logging_mixin.py:190} WARNING - /home/***/.local/lib/python3.12/site-packages/***/task/task_runner/standard_task_runner.py:70 DeprecationWarning: This process (pid=569) is multi-threaded, use of fork() may lead to deadlocks in the child.
[2025-02-08T20:39:38.297+0000] {standard_task_runner.py:72} INFO - Started process 663 to run task
[2025-02-08T20:39:38.451+0000] {task_command.py:467} INFO - Running <TaskInstance: customer_dim_generator.generate_customer_dim_data scheduled__2024-10-08T00:00:00+00:00 [running]> on host 7e959c1a2a8b
[2025-02-08T20:39:39.196+0000] {taskinstance.py:3131} INFO - Exporting env vars: AIRFLOW_CTX_DAG_OWNER='Saleh' AIRFLOW_CTX_DAG_ID='customer_dim_generator' AIRFLOW_CTX_TASK_ID='generate_customer_dim_data' AIRFLOW_CTX_EXECUTION_DATE='2024-10-08T00:00:00+00:00' AIRFLOW_CTX_TRY_NUMBER='1' AIRFLOW_CTX_DAG_RUN_ID='scheduled__2024-10-08T00:00:00+00:00'
[2025-02-08T20:39:39.202+0000] {taskinstance.py:731} INFO - ::endgroup::
[2025-02-08T20:39:40.517+0000] {logging_mixin.py:190} INFO - CSV file './customer_dim_large_data.csv' with 100 rows has been generated successfully.
[2025-02-08T20:39:40.519+0000] {python.py:240} INFO - Done. Returned value was: None
[2025-02-08T20:39:40.532+0000] {taskinstance.py:340} INFO - ::group::Post task execution logs
[2025-02-08T20:39:40.532+0000] {taskinstance.py:352} INFO - Marking task as SUCCESS. dag_id=customer_dim_generator, task_id=generate_customer_dim_data, run_id=scheduled__2024-10-08T00:00:00+00:00, execution_date=20241008T000000, start_date=20250208T203938, end_date=20250208T203940
[2025-02-08T20:39:40.822+0000] {local_task_job_runner.py:266} INFO - Task exited with return code 0
[2025-02-08T20:39:40.893+0000] {taskinstance.py:3900} INFO - 0 downstream tasks scheduled from follow-on schedule check
[2025-02-08T20:39:40.925+0000] {local_task_job_runner.py:245} INFO - ::endgroup::
[2025-02-08T20:42:44.979+0000] {local_task_job_runner.py:123} INFO - ::group::Pre task execution logs
[2025-02-08T20:42:45.016+0000] {taskinstance.py:2612} INFO - Dependencies all met for dep_context=non-requeueable deps ti=<TaskInstance: customer_dim_generator.generate_customer_dim_data scheduled__2024-10-08T00:00:00+00:00 [queued]>
[2025-02-08T20:42:45.040+0000] {taskinstance.py:2612} INFO - Dependencies all met for dep_context=requeueable deps ti=<TaskInstance: customer_dim_generator.generate_customer_dim_data scheduled__2024-10-08T00:00:00+00:00 [queued]>
[2025-02-08T20:42:45.041+0000] {taskinstance.py:2865} INFO - Starting attempt 1 of 1
[2025-02-08T20:42:45.078+0000] {taskinstance.py:2888} INFO - Executing <Task(PythonOperator): generate_customer_dim_data> on 2024-10-08 00:00:00+00:00
[2025-02-08T20:42:45.088+0000] {logging_mixin.py:190} WARNING - /home/***/.local/lib/python3.12/site-packages/***/task/task_runner/standard_task_runner.py:70 DeprecationWarning: This process (pid=348) is multi-threaded, use of fork() may lead to deadlocks in the child.
[2025-02-08T20:42:45.090+0000] {standard_task_runner.py:72} INFO - Started process 370 to run task
[2025-02-08T20:42:45.095+0000] {standard_task_runner.py:104} INFO - Running: ['***', 'tasks', 'run', 'customer_dim_generator', 'generate_customer_dim_data', 'scheduled__2024-10-08T00:00:00+00:00', '--job-id', '400', '--raw', '--subdir', 'DAGS_FOLDER/customer_dim_gen.py', '--cfg-path', '/tmp/tmp8mgojx7a']
[2025-02-08T20:42:45.098+0000] {standard_task_runner.py:105} INFO - Job 400: Subtask generate_customer_dim_data
[2025-02-08T20:42:45.169+0000] {task_command.py:467} INFO - Running <TaskInstance: customer_dim_generator.generate_customer_dim_data scheduled__2024-10-08T00:00:00+00:00 [running]> on host 86932746817d
[2025-02-08T20:42:45.287+0000] {taskinstance.py:3131} INFO - Exporting env vars: AIRFLOW_CTX_DAG_OWNER='Saleh' AIRFLOW_CTX_DAG_ID='customer_dim_generator' AIRFLOW_CTX_TASK_ID='generate_customer_dim_data' AIRFLOW_CTX_EXECUTION_DATE='2024-10-08T00:00:00+00:00' AIRFLOW_CTX_TRY_NUMBER='1' AIRFLOW_CTX_DAG_RUN_ID='scheduled__2024-10-08T00:00:00+00:00'
[2025-02-08T20:42:45.290+0000] {taskinstance.py:731} INFO - ::endgroup::
[2025-02-08T20:42:45.313+0000] {logging_mixin.py:190} INFO - CSV file './customer_dim_large_data.csv' with 100 rows has been generated successfully.
[2025-02-08T20:42:45.314+0000] {python.py:240} INFO - Done. Returned value was: None
[2025-02-08T20:42:45.323+0000] {taskinstance.py:340} INFO - ::group::Post task execution logs
[2025-02-08T20:42:45.324+0000] {taskinstance.py:352} INFO - Marking task as SUCCESS. dag_id=customer_dim_generator, task_id=generate_customer_dim_data, run_id=scheduled__2024-10-08T00:00:00+00:00, execution_date=20241008T000000, start_date=20250208T204245, end_date=20250208T204245
[2025-02-08T20:42:45.351+0000] {local_task_job_runner.py:266} INFO - Task exited with return code 0
[2025-02-08T20:42:45.361+0000] {local_task_job_runner.py:245} INFO - ::endgroup::
