[2025-02-08T19:03:33.530+0000] {local_task_job_runner.py:123} INFO - ::group::Pre task execution logs
[2025-02-08T19:03:33.550+0000] {taskinstance.py:2612} INFO - Dependencies all met for dep_context=non-requeueable deps ti=<TaskInstance: branch_dim_gen.generate_branch_dim_data scheduled__2025-01-24T00:00:00+00:00 [queued]>
[2025-02-08T19:03:33.564+0000] {taskinstance.py:2612} INFO - Dependencies all met for dep_context=requeueable deps ti=<TaskInstance: branch_dim_gen.generate_branch_dim_data scheduled__2025-01-24T00:00:00+00:00 [queued]>
[2025-02-08T19:03:33.564+0000] {taskinstance.py:2865} INFO - Starting attempt 1 of 1
[2025-02-08T19:03:33.632+0000] {taskinstance.py:2888} INFO - Executing <Task(PythonOperator): generate_branch_dim_data> on 2025-01-24 00:00:00+00:00
[2025-02-08T19:03:33.642+0000] {logging_mixin.py:190} WARNING - /home/***/.local/lib/python3.12/site-packages/***/task/task_runner/standard_task_runner.py:70 DeprecationWarning: This process (pid=2247) is multi-threaded, use of fork() may lead to deadlocks in the child.
[2025-02-08T19:03:33.644+0000] {standard_task_runner.py:72} INFO - Started process 2265 to run task
[2025-02-08T19:03:33.642+0000] {standard_task_runner.py:104} INFO - Running: ['***', 'tasks', 'run', 'branch_dim_gen', 'generate_branch_dim_data', 'scheduled__2025-01-24T00:00:00+00:00', '--job-id', '412', '--raw', '--subdir', 'DAGS_FOLDER/brnach_dim_gen.py', '--cfg-path', '/tmp/tmpjuv8xej1']
[2025-02-08T19:03:33.647+0000] {standard_task_runner.py:105} INFO - Job 412: Subtask generate_branch_dim_data
[2025-02-08T19:03:33.696+0000] {task_command.py:467} INFO - Running <TaskInstance: branch_dim_gen.generate_branch_dim_data scheduled__2025-01-24T00:00:00+00:00 [running]> on host 2c1cd59afcc0
[2025-02-08T19:03:33.780+0000] {taskinstance.py:3131} INFO - Exporting env vars: AIRFLOW_CTX_DAG_OWNER='Saleh' AIRFLOW_CTX_DAG_ID='branch_dim_gen' AIRFLOW_CTX_TASK_ID='generate_branch_dim_data' AIRFLOW_CTX_EXECUTION_DATE='2025-01-24T00:00:00+00:00' AIRFLOW_CTX_TRY_NUMBER='1' AIRFLOW_CTX_DAG_RUN_ID='scheduled__2025-01-24T00:00:00+00:00'
[2025-02-08T19:03:33.781+0000] {taskinstance.py:731} INFO - ::endgroup::
[2025-02-08T19:03:33.800+0000] {logging_mixin.py:190} INFO - CSV file './branch_dim_large_data.csv' with 50 rows has been generated successfully.
[2025-02-08T19:03:33.800+0000] {python.py:240} INFO - Done. Returned value was: None
[2025-02-08T19:03:33.808+0000] {taskinstance.py:340} INFO - ::group::Post task execution logs
[2025-02-08T19:03:33.809+0000] {taskinstance.py:352} INFO - Marking task as SUCCESS. dag_id=branch_dim_gen, task_id=generate_branch_dim_data, run_id=scheduled__2025-01-24T00:00:00+00:00, execution_date=20250124T000000, start_date=20250208T190333, end_date=20250208T190333
[2025-02-08T19:03:33.863+0000] {local_task_job_runner.py:266} INFO - Task exited with return code 0
[2025-02-08T19:03:33.872+0000] {local_task_job_runner.py:245} INFO - ::endgroup::
[2025-02-08T20:42:29.902+0000] {local_task_job_runner.py:123} INFO - ::group::Pre task execution logs
[2025-02-08T20:42:29.914+0000] {taskinstance.py:2612} INFO - Dependencies all met for dep_context=non-requeueable deps ti=<TaskInstance: branch_dim_gen.generate_branch_dim_data scheduled__2025-01-24T00:00:00+00:00 [queued]>
[2025-02-08T20:42:29.922+0000] {taskinstance.py:2612} INFO - Dependencies all met for dep_context=requeueable deps ti=<TaskInstance: branch_dim_gen.generate_branch_dim_data scheduled__2025-01-24T00:00:00+00:00 [queued]>
[2025-02-08T20:42:29.923+0000] {taskinstance.py:2865} INFO - Starting attempt 1 of 1
[2025-02-08T20:42:29.935+0000] {taskinstance.py:2888} INFO - Executing <Task(PythonOperator): generate_branch_dim_data> on 2025-01-24 00:00:00+00:00
[2025-02-08T20:42:29.943+0000] {standard_task_runner.py:104} INFO - Running: ['***', 'tasks', 'run', 'branch_dim_gen', 'generate_branch_dim_data', 'scheduled__2025-01-24T00:00:00+00:00', '--job-id', '374', '--raw', '--subdir', 'DAGS_FOLDER/brnach_dim_gen.py', '--cfg-path', '/tmp/tmpu8_5x78d']
[2025-02-08T20:42:29.946+0000] {standard_task_runner.py:105} INFO - Job 374: Subtask generate_branch_dim_data
[2025-02-08T20:42:29.951+0000] {logging_mixin.py:190} WARNING - /home/***/.local/lib/python3.12/site-packages/***/task/task_runner/standard_task_runner.py:70 DeprecationWarning: This process (pid=241) is multi-threaded, use of fork() may lead to deadlocks in the child.
[2025-02-08T20:42:29.954+0000] {standard_task_runner.py:72} INFO - Started process 249 to run task
[2025-02-08T20:42:29.997+0000] {task_command.py:467} INFO - Running <TaskInstance: branch_dim_gen.generate_branch_dim_data scheduled__2025-01-24T00:00:00+00:00 [running]> on host 86932746817d
[2025-02-08T20:42:30.077+0000] {taskinstance.py:3131} INFO - Exporting env vars: AIRFLOW_CTX_DAG_OWNER='Saleh' AIRFLOW_CTX_DAG_ID='branch_dim_gen' AIRFLOW_CTX_TASK_ID='generate_branch_dim_data' AIRFLOW_CTX_EXECUTION_DATE='2025-01-24T00:00:00+00:00' AIRFLOW_CTX_TRY_NUMBER='1' AIRFLOW_CTX_DAG_RUN_ID='scheduled__2025-01-24T00:00:00+00:00'
[2025-02-08T20:42:30.079+0000] {taskinstance.py:731} INFO - ::endgroup::
[2025-02-08T20:42:30.098+0000] {logging_mixin.py:190} INFO - CSV file './branch_dim_large_data.csv' with 50 rows has been generated successfully.
[2025-02-08T20:42:30.098+0000] {python.py:240} INFO - Done. Returned value was: None
[2025-02-08T20:42:30.105+0000] {taskinstance.py:340} INFO - ::group::Post task execution logs
[2025-02-08T20:42:30.106+0000] {taskinstance.py:352} INFO - Marking task as SUCCESS. dag_id=branch_dim_gen, task_id=generate_branch_dim_data, run_id=scheduled__2025-01-24T00:00:00+00:00, execution_date=20250124T000000, start_date=20250208T204229, end_date=20250208T204230
[2025-02-08T20:42:30.128+0000] {local_task_job_runner.py:266} INFO - Task exited with return code 0
[2025-02-08T20:42:30.141+0000] {taskinstance.py:3900} INFO - 0 downstream tasks scheduled from follow-on schedule check
[2025-02-08T20:42:30.144+0000] {local_task_job_runner.py:245} INFO - ::endgroup::
