[2025-02-08T19:02:20.342+0000] {local_task_job_runner.py:123} INFO - ::group::Pre task execution logs
[2025-02-08T19:02:20.357+0000] {taskinstance.py:2612} INFO - Dependencies all met for dep_context=non-requeueable deps ti=<TaskInstance: branch_dim_gen.generate_branch_dim_data scheduled__2024-10-08T00:00:00+00:00 [queued]>
[2025-02-08T19:02:20.368+0000] {taskinstance.py:2612} INFO - Dependencies all met for dep_context=requeueable deps ti=<TaskInstance: branch_dim_gen.generate_branch_dim_data scheduled__2024-10-08T00:00:00+00:00 [queued]>
[2025-02-08T19:02:20.369+0000] {taskinstance.py:2865} INFO - Starting attempt 1 of 1
[2025-02-08T19:02:20.406+0000] {taskinstance.py:2888} INFO - Executing <Task(PythonOperator): generate_branch_dim_data> on 2024-10-08 00:00:00+00:00
[2025-02-08T19:02:20.416+0000] {logging_mixin.py:190} WARNING - /home/***/.local/lib/python3.12/site-packages/***/task/task_runner/standard_task_runner.py:70 DeprecationWarning: This process (pid=1369) is multi-threaded, use of fork() may lead to deadlocks in the child.
[2025-02-08T19:02:20.418+0000] {standard_task_runner.py:72} INFO - Started process 1385 to run task
[2025-02-08T19:02:20.426+0000] {standard_task_runner.py:104} INFO - Running: ['***', 'tasks', 'run', 'branch_dim_gen', 'generate_branch_dim_data', 'scheduled__2024-10-08T00:00:00+00:00', '--job-id', '204', '--raw', '--subdir', 'DAGS_FOLDER/brnach_dim_gen.py', '--cfg-path', '/tmp/tmp3f3w_lx_']
[2025-02-08T19:02:20.428+0000] {standard_task_runner.py:105} INFO - Job 204: Subtask generate_branch_dim_data
[2025-02-08T19:02:20.485+0000] {task_command.py:467} INFO - Running <TaskInstance: branch_dim_gen.generate_branch_dim_data scheduled__2024-10-08T00:00:00+00:00 [running]> on host 2c1cd59afcc0
[2025-02-08T19:02:20.584+0000] {taskinstance.py:3131} INFO - Exporting env vars: AIRFLOW_CTX_DAG_OWNER='Saleh' AIRFLOW_CTX_DAG_ID='branch_dim_gen' AIRFLOW_CTX_TASK_ID='generate_branch_dim_data' AIRFLOW_CTX_EXECUTION_DATE='2024-10-08T00:00:00+00:00' AIRFLOW_CTX_TRY_NUMBER='1' AIRFLOW_CTX_DAG_RUN_ID='scheduled__2024-10-08T00:00:00+00:00'
[2025-02-08T19:02:20.589+0000] {taskinstance.py:731} INFO - ::endgroup::
[2025-02-08T19:02:20.615+0000] {logging_mixin.py:190} INFO - CSV file './branch_dim_large_data.csv' with 50 rows has been generated successfully.
[2025-02-08T19:02:20.616+0000] {python.py:240} INFO - Done. Returned value was: None
[2025-02-08T19:02:20.628+0000] {taskinstance.py:340} INFO - ::group::Post task execution logs
[2025-02-08T19:02:20.628+0000] {taskinstance.py:352} INFO - Marking task as SUCCESS. dag_id=branch_dim_gen, task_id=generate_branch_dim_data, run_id=scheduled__2024-10-08T00:00:00+00:00, execution_date=20241008T000000, start_date=20250208T190220, end_date=20250208T190220
[2025-02-08T19:02:20.681+0000] {local_task_job_runner.py:266} INFO - Task exited with return code 0
[2025-02-08T19:02:20.702+0000] {local_task_job_runner.py:245} INFO - ::endgroup::
[2025-02-08T20:39:59.136+0000] {local_task_job_runner.py:123} INFO - ::group::Pre task execution logs
[2025-02-08T20:39:59.162+0000] {taskinstance.py:2612} INFO - Dependencies all met for dep_context=non-requeueable deps ti=<TaskInstance: branch_dim_gen.generate_branch_dim_data scheduled__2024-10-08T00:00:00+00:00 [queued]>
[2025-02-08T20:39:59.177+0000] {taskinstance.py:2612} INFO - Dependencies all met for dep_context=requeueable deps ti=<TaskInstance: branch_dim_gen.generate_branch_dim_data scheduled__2024-10-08T00:00:00+00:00 [queued]>
[2025-02-08T20:39:59.178+0000] {taskinstance.py:2865} INFO - Starting attempt 1 of 1
[2025-02-08T20:39:59.204+0000] {taskinstance.py:2888} INFO - Executing <Task(PythonOperator): generate_branch_dim_data> on 2024-10-08 00:00:00+00:00
[2025-02-08T20:39:59.214+0000] {logging_mixin.py:190} WARNING - /home/***/.local/lib/python3.12/site-packages/***/task/task_runner/standard_task_runner.py:70 DeprecationWarning: This process (pid=893) is multi-threaded, use of fork() may lead to deadlocks in the child.
[2025-02-08T20:39:59.217+0000] {standard_task_runner.py:72} INFO - Started process 912 to run task
[2025-02-08T20:39:59.216+0000] {standard_task_runner.py:104} INFO - Running: ['***', 'tasks', 'run', 'branch_dim_gen', 'generate_branch_dim_data', 'scheduled__2024-10-08T00:00:00+00:00', '--job-id', '76', '--raw', '--subdir', 'DAGS_FOLDER/brnach_dim_gen.py', '--cfg-path', '/tmp/tmp6ajfg04m']
[2025-02-08T20:39:59.220+0000] {standard_task_runner.py:105} INFO - Job 76: Subtask generate_branch_dim_data
[2025-02-08T20:39:59.312+0000] {task_command.py:467} INFO - Running <TaskInstance: branch_dim_gen.generate_branch_dim_data scheduled__2024-10-08T00:00:00+00:00 [running]> on host 7e959c1a2a8b
[2025-02-08T20:39:59.444+0000] {taskinstance.py:3131} INFO - Exporting env vars: AIRFLOW_CTX_DAG_OWNER='Saleh' AIRFLOW_CTX_DAG_ID='branch_dim_gen' AIRFLOW_CTX_TASK_ID='generate_branch_dim_data' AIRFLOW_CTX_EXECUTION_DATE='2024-10-08T00:00:00+00:00' AIRFLOW_CTX_TRY_NUMBER='1' AIRFLOW_CTX_DAG_RUN_ID='scheduled__2024-10-08T00:00:00+00:00'
[2025-02-08T20:39:59.448+0000] {taskinstance.py:731} INFO - ::endgroup::
[2025-02-08T20:39:59.474+0000] {logging_mixin.py:190} INFO - CSV file './branch_dim_large_data.csv' with 50 rows has been generated successfully.
[2025-02-08T20:39:59.475+0000] {python.py:240} INFO - Done. Returned value was: None
[2025-02-08T20:39:59.487+0000] {taskinstance.py:340} INFO - ::group::Post task execution logs
[2025-02-08T20:39:59.488+0000] {taskinstance.py:352} INFO - Marking task as SUCCESS. dag_id=branch_dim_gen, task_id=generate_branch_dim_data, run_id=scheduled__2024-10-08T00:00:00+00:00, execution_date=20241008T000000, start_date=20250208T203959, end_date=20250208T203959
[2025-02-08T20:39:59.599+0000] {local_task_job_runner.py:266} INFO - Task exited with return code 0
[2025-02-08T20:39:59.620+0000] {taskinstance.py:3900} INFO - 0 downstream tasks scheduled from follow-on schedule check
[2025-02-08T20:39:59.623+0000] {local_task_job_runner.py:245} INFO - ::endgroup::
