[2025-02-08T19:02:15.465+0000] {local_task_job_runner.py:123} INFO - ::group::Pre task execution logs
[2025-02-08T19:02:15.479+0000] {taskinstance.py:2612} INFO - Dependencies all met for dep_context=non-requeueable deps ti=<TaskInstance: customer_dim_generator.generate_customer_dim_data scheduled__2024-10-28T00:00:00+00:00 [queued]>
[2025-02-08T19:02:15.487+0000] {taskinstance.py:2612} INFO - Dependencies all met for dep_context=requeueable deps ti=<TaskInstance: customer_dim_generator.generate_customer_dim_data scheduled__2024-10-28T00:00:00+00:00 [queued]>
[2025-02-08T19:02:15.488+0000] {taskinstance.py:2865} INFO - Starting attempt 1 of 1
[2025-02-08T19:02:15.513+0000] {taskinstance.py:2888} INFO - Executing <Task(PythonOperator): generate_customer_dim_data> on 2024-10-28 00:00:00+00:00
[2025-02-08T19:02:15.522+0000] {logging_mixin.py:190} WARNING - /home/***/.local/lib/python3.12/site-packages/***/task/task_runner/standard_task_runner.py:70 DeprecationWarning: This process (pid=1336) is multi-threaded, use of fork() may lead to deadlocks in the child.
[2025-02-08T19:02:15.523+0000] {standard_task_runner.py:72} INFO - Started process 1353 to run task
[2025-02-08T19:02:15.522+0000] {standard_task_runner.py:104} INFO - Running: ['***', 'tasks', 'run', 'customer_dim_generator', 'generate_customer_dim_data', 'scheduled__2024-10-28T00:00:00+00:00', '--job-id', '199', '--raw', '--subdir', 'DAGS_FOLDER/customer_dim_gen.py', '--cfg-path', '/tmp/tmpm8cn9x52']
[2025-02-08T19:02:15.524+0000] {standard_task_runner.py:105} INFO - Job 199: Subtask generate_customer_dim_data
[2025-02-08T19:02:15.580+0000] {task_command.py:467} INFO - Running <TaskInstance: customer_dim_generator.generate_customer_dim_data scheduled__2024-10-28T00:00:00+00:00 [running]> on host 2c1cd59afcc0
[2025-02-08T19:02:15.655+0000] {taskinstance.py:3131} INFO - Exporting env vars: AIRFLOW_CTX_DAG_OWNER='Saleh' AIRFLOW_CTX_DAG_ID='customer_dim_generator' AIRFLOW_CTX_TASK_ID='generate_customer_dim_data' AIRFLOW_CTX_EXECUTION_DATE='2024-10-28T00:00:00+00:00' AIRFLOW_CTX_TRY_NUMBER='1' AIRFLOW_CTX_DAG_RUN_ID='scheduled__2024-10-28T00:00:00+00:00'
[2025-02-08T19:02:15.657+0000] {taskinstance.py:731} INFO - ::endgroup::
[2025-02-08T19:02:15.680+0000] {logging_mixin.py:190} INFO - CSV file './customer_dim_large_data.csv' with 100 rows has been generated successfully.
[2025-02-08T19:02:15.681+0000] {python.py:240} INFO - Done. Returned value was: None
[2025-02-08T19:02:15.697+0000] {taskinstance.py:340} INFO - ::group::Post task execution logs
[2025-02-08T19:02:15.698+0000] {taskinstance.py:352} INFO - Marking task as SUCCESS. dag_id=customer_dim_generator, task_id=generate_customer_dim_data, run_id=scheduled__2024-10-28T00:00:00+00:00, execution_date=20241028T000000, start_date=20250208T190215, end_date=20250208T190215
[2025-02-08T19:02:15.737+0000] {local_task_job_runner.py:266} INFO - Task exited with return code 0
[2025-02-08T19:02:15.752+0000] {taskinstance.py:3900} INFO - 0 downstream tasks scheduled from follow-on schedule check
[2025-02-08T19:02:15.766+0000] {local_task_job_runner.py:245} INFO - ::endgroup::
[2025-02-08T20:39:52.905+0000] {local_task_job_runner.py:123} INFO - ::group::Pre task execution logs
[2025-02-08T20:39:52.933+0000] {taskinstance.py:2612} INFO - Dependencies all met for dep_context=non-requeueable deps ti=<TaskInstance: customer_dim_generator.generate_customer_dim_data scheduled__2024-10-28T00:00:00+00:00 [queued]>
[2025-02-08T20:39:52.945+0000] {taskinstance.py:2612} INFO - Dependencies all met for dep_context=requeueable deps ti=<TaskInstance: customer_dim_generator.generate_customer_dim_data scheduled__2024-10-28T00:00:00+00:00 [queued]>
[2025-02-08T20:39:52.949+0000] {taskinstance.py:2865} INFO - Starting attempt 1 of 1
[2025-02-08T20:39:53.003+0000] {taskinstance.py:2888} INFO - Executing <Task(PythonOperator): generate_customer_dim_data> on 2024-10-28 00:00:00+00:00
[2025-02-08T20:39:53.016+0000] {logging_mixin.py:190} WARNING - /home/***/.local/lib/python3.12/site-packages/***/task/task_runner/standard_task_runner.py:70 DeprecationWarning: This process (pid=835) is multi-threaded, use of fork() may lead to deadlocks in the child.
[2025-02-08T20:39:53.017+0000] {standard_task_runner.py:72} INFO - Started process 861 to run task
[2025-02-08T20:39:53.016+0000] {standard_task_runner.py:104} INFO - Running: ['***', 'tasks', 'run', 'customer_dim_generator', 'generate_customer_dim_data', 'scheduled__2024-10-28T00:00:00+00:00', '--job-id', '66', '--raw', '--subdir', 'DAGS_FOLDER/customer_dim_gen.py', '--cfg-path', '/tmp/tmpohubai0v']
[2025-02-08T20:39:53.021+0000] {standard_task_runner.py:105} INFO - Job 66: Subtask generate_customer_dim_data
[2025-02-08T20:39:53.080+0000] {task_command.py:467} INFO - Running <TaskInstance: customer_dim_generator.generate_customer_dim_data scheduled__2024-10-28T00:00:00+00:00 [running]> on host 7e959c1a2a8b
[2025-02-08T20:39:53.208+0000] {taskinstance.py:3131} INFO - Exporting env vars: AIRFLOW_CTX_DAG_OWNER='Saleh' AIRFLOW_CTX_DAG_ID='customer_dim_generator' AIRFLOW_CTX_TASK_ID='generate_customer_dim_data' AIRFLOW_CTX_EXECUTION_DATE='2024-10-28T00:00:00+00:00' AIRFLOW_CTX_TRY_NUMBER='1' AIRFLOW_CTX_DAG_RUN_ID='scheduled__2024-10-28T00:00:00+00:00'
[2025-02-08T20:39:53.209+0000] {taskinstance.py:731} INFO - ::endgroup::
[2025-02-08T20:39:53.237+0000] {logging_mixin.py:190} INFO - CSV file './customer_dim_large_data.csv' with 100 rows has been generated successfully.
[2025-02-08T20:39:53.238+0000] {python.py:240} INFO - Done. Returned value was: None
[2025-02-08T20:39:53.253+0000] {taskinstance.py:340} INFO - ::group::Post task execution logs
[2025-02-08T20:39:53.253+0000] {taskinstance.py:352} INFO - Marking task as SUCCESS. dag_id=customer_dim_generator, task_id=generate_customer_dim_data, run_id=scheduled__2024-10-28T00:00:00+00:00, execution_date=20241028T000000, start_date=20250208T203952, end_date=20250208T203953
[2025-02-08T20:39:53.315+0000] {local_task_job_runner.py:266} INFO - Task exited with return code 0
[2025-02-08T20:39:53.327+0000] {local_task_job_runner.py:245} INFO - ::endgroup::
[2025-02-08T20:42:58.427+0000] {local_task_job_runner.py:123} INFO - ::group::Pre task execution logs
[2025-02-08T20:42:58.443+0000] {taskinstance.py:2612} INFO - Dependencies all met for dep_context=non-requeueable deps ti=<TaskInstance: customer_dim_generator.generate_customer_dim_data scheduled__2024-10-28T00:00:00+00:00 [queued]>
[2025-02-08T20:42:58.451+0000] {taskinstance.py:2612} INFO - Dependencies all met for dep_context=requeueable deps ti=<TaskInstance: customer_dim_generator.generate_customer_dim_data scheduled__2024-10-28T00:00:00+00:00 [queued]>
[2025-02-08T20:42:58.451+0000] {taskinstance.py:2865} INFO - Starting attempt 1 of 1
[2025-02-08T20:42:58.464+0000] {taskinstance.py:2888} INFO - Executing <Task(PythonOperator): generate_customer_dim_data> on 2024-10-28 00:00:00+00:00
[2025-02-08T20:42:58.473+0000] {logging_mixin.py:190} WARNING - /home/***/.local/lib/python3.12/site-packages/***/task/task_runner/standard_task_runner.py:70 DeprecationWarning: This process (pid=481) is multi-threaded, use of fork() may lead to deadlocks in the child.
[2025-02-08T20:42:58.474+0000] {standard_task_runner.py:72} INFO - Started process 494 to run task
[2025-02-08T20:42:58.473+0000] {standard_task_runner.py:104} INFO - Running: ['***', 'tasks', 'run', 'customer_dim_generator', 'generate_customer_dim_data', 'scheduled__2024-10-28T00:00:00+00:00', '--job-id', '426', '--raw', '--subdir', 'DAGS_FOLDER/customer_dim_gen.py', '--cfg-path', '/tmp/tmpqe4tzqrr']
[2025-02-08T20:42:58.475+0000] {standard_task_runner.py:105} INFO - Job 426: Subtask generate_customer_dim_data
[2025-02-08T20:42:58.520+0000] {task_command.py:467} INFO - Running <TaskInstance: customer_dim_generator.generate_customer_dim_data scheduled__2024-10-28T00:00:00+00:00 [running]> on host 86932746817d
[2025-02-08T20:42:58.595+0000] {taskinstance.py:3131} INFO - Exporting env vars: AIRFLOW_CTX_DAG_OWNER='Saleh' AIRFLOW_CTX_DAG_ID='customer_dim_generator' AIRFLOW_CTX_TASK_ID='generate_customer_dim_data' AIRFLOW_CTX_EXECUTION_DATE='2024-10-28T00:00:00+00:00' AIRFLOW_CTX_TRY_NUMBER='1' AIRFLOW_CTX_DAG_RUN_ID='scheduled__2024-10-28T00:00:00+00:00'
[2025-02-08T20:42:58.597+0000] {taskinstance.py:731} INFO - ::endgroup::
[2025-02-08T20:42:58.616+0000] {logging_mixin.py:190} INFO - CSV file './customer_dim_large_data.csv' with 100 rows has been generated successfully.
[2025-02-08T20:42:58.617+0000] {python.py:240} INFO - Done. Returned value was: None
[2025-02-08T20:42:58.625+0000] {taskinstance.py:340} INFO - ::group::Post task execution logs
[2025-02-08T20:42:58.626+0000] {taskinstance.py:352} INFO - Marking task as SUCCESS. dag_id=customer_dim_generator, task_id=generate_customer_dim_data, run_id=scheduled__2024-10-28T00:00:00+00:00, execution_date=20241028T000000, start_date=20250208T204258, end_date=20250208T204258
[2025-02-08T20:42:58.729+0000] {local_task_job_runner.py:266} INFO - Task exited with return code 0
[2025-02-08T20:42:58.746+0000] {taskinstance.py:3900} INFO - 0 downstream tasks scheduled from follow-on schedule check
[2025-02-08T20:42:58.749+0000] {local_task_job_runner.py:245} INFO - ::endgroup::
