[2025-02-08T19:00:45.718+0000] {local_task_job_runner.py:123} INFO - ::group::Pre task execution logs
[2025-02-08T19:00:45.731+0000] {taskinstance.py:2612} INFO - Dependencies all met for dep_context=non-requeueable deps ti=<TaskInstance: account_dim_gen.generate_account_dim_data scheduled__2024-12-09T00:00:00+00:00 [queued]>
[2025-02-08T19:00:45.739+0000] {taskinstance.py:2612} INFO - Dependencies all met for dep_context=requeueable deps ti=<TaskInstance: account_dim_gen.generate_account_dim_data scheduled__2024-12-09T00:00:00+00:00 [queued]>
[2025-02-08T19:00:45.741+0000] {taskinstance.py:2865} INFO - Starting attempt 1 of 1
[2025-02-08T19:00:45.754+0000] {taskinstance.py:2888} INFO - Executing <Task(PythonOperator): generate_account_dim_data> on 2024-12-09 00:00:00+00:00
[2025-02-08T19:00:45.764+0000] {logging_mixin.py:190} WARNING - /home/***/.local/lib/python3.12/site-packages/***/task/task_runner/standard_task_runner.py:70 DeprecationWarning: This process (pid=846) is multi-threaded, use of fork() may lead to deadlocks in the child.
[2025-02-08T19:00:45.765+0000] {standard_task_runner.py:72} INFO - Started process 867 to run task
[2025-02-08T19:00:45.764+0000] {standard_task_runner.py:104} INFO - Running: ['***', 'tasks', 'run', 'account_dim_gen', 'generate_account_dim_data', 'scheduled__2024-12-09T00:00:00+00:00', '--job-id', '94', '--raw', '--subdir', 'DAGS_FOLDER/account_dim_gen.py', '--cfg-path', '/tmp/tmpwatzgycc']
[2025-02-08T19:00:45.766+0000] {standard_task_runner.py:105} INFO - Job 94: Subtask generate_account_dim_data
[2025-02-08T19:00:45.808+0000] {task_command.py:467} INFO - Running <TaskInstance: account_dim_gen.generate_account_dim_data scheduled__2024-12-09T00:00:00+00:00 [running]> on host 2c1cd59afcc0
[2025-02-08T19:00:45.902+0000] {taskinstance.py:3131} INFO - Exporting env vars: AIRFLOW_CTX_DAG_OWNER='Saleh' AIRFLOW_CTX_DAG_ID='account_dim_gen' AIRFLOW_CTX_TASK_ID='generate_account_dim_data' AIRFLOW_CTX_EXECUTION_DATE='2024-12-09T00:00:00+00:00' AIRFLOW_CTX_TRY_NUMBER='1' AIRFLOW_CTX_DAG_RUN_ID='scheduled__2024-12-09T00:00:00+00:00'
[2025-02-08T19:00:45.903+0000] {taskinstance.py:731} INFO - ::endgroup::
[2025-02-08T19:00:45.919+0000] {logging_mixin.py:190} INFO - CSV file ./account_dim_large_data.csv with 50 row has been generated successfully!
[2025-02-08T19:00:45.920+0000] {python.py:240} INFO - Done. Returned value was: None
[2025-02-08T19:00:45.927+0000] {taskinstance.py:340} INFO - ::group::Post task execution logs
[2025-02-08T19:00:45.927+0000] {taskinstance.py:352} INFO - Marking task as SUCCESS. dag_id=account_dim_gen, task_id=generate_account_dim_data, run_id=scheduled__2024-12-09T00:00:00+00:00, execution_date=20241209T000000, start_date=20250208T190045, end_date=20250208T190045
[2025-02-08T19:00:45.979+0000] {local_task_job_runner.py:266} INFO - Task exited with return code 0
[2025-02-08T19:00:45.993+0000] {taskinstance.py:3900} INFO - 0 downstream tasks scheduled from follow-on schedule check
[2025-02-08T19:00:45.995+0000] {local_task_job_runner.py:245} INFO - ::endgroup::
[2025-02-08T20:40:49.257+0000] {local_task_job_runner.py:123} INFO - ::group::Pre task execution logs
[2025-02-08T20:40:49.292+0000] {taskinstance.py:2612} INFO - Dependencies all met for dep_context=non-requeueable deps ti=<TaskInstance: account_dim_gen.generate_account_dim_data scheduled__2024-12-09T00:00:00+00:00 [queued]>
[2025-02-08T20:40:49.307+0000] {taskinstance.py:2612} INFO - Dependencies all met for dep_context=requeueable deps ti=<TaskInstance: account_dim_gen.generate_account_dim_data scheduled__2024-12-09T00:00:00+00:00 [queued]>
[2025-02-08T20:40:49.312+0000] {taskinstance.py:2865} INFO - Starting attempt 1 of 1
[2025-02-08T20:40:49.338+0000] {taskinstance.py:2888} INFO - Executing <Task(PythonOperator): generate_account_dim_data> on 2024-12-09 00:00:00+00:00
[2025-02-08T20:40:49.355+0000] {logging_mixin.py:190} WARNING - /home/***/.local/lib/python3.12/site-packages/***/task/task_runner/standard_task_runner.py:70 DeprecationWarning: This process (pid=1672) is multi-threaded, use of fork() may lead to deadlocks in the child.
[2025-02-08T20:40:49.357+0000] {standard_task_runner.py:72} INFO - Started process 1703 to run task
[2025-02-08T20:40:49.357+0000] {standard_task_runner.py:104} INFO - Running: ['***', 'tasks', 'run', 'account_dim_gen', 'generate_account_dim_data', 'scheduled__2024-12-09T00:00:00+00:00', '--job-id', '262', '--raw', '--subdir', 'DAGS_FOLDER/account_dim_gen.py', '--cfg-path', '/tmp/tmpbi4613zt']
[2025-02-08T20:40:49.360+0000] {standard_task_runner.py:105} INFO - Job 262: Subtask generate_account_dim_data
[2025-02-08T20:40:49.422+0000] {task_command.py:467} INFO - Running <TaskInstance: account_dim_gen.generate_account_dim_data scheduled__2024-12-09T00:00:00+00:00 [running]> on host 7e959c1a2a8b
[2025-02-08T20:40:49.560+0000] {taskinstance.py:3131} INFO - Exporting env vars: AIRFLOW_CTX_DAG_OWNER='Saleh' AIRFLOW_CTX_DAG_ID='account_dim_gen' AIRFLOW_CTX_TASK_ID='generate_account_dim_data' AIRFLOW_CTX_EXECUTION_DATE='2024-12-09T00:00:00+00:00' AIRFLOW_CTX_TRY_NUMBER='1' AIRFLOW_CTX_DAG_RUN_ID='scheduled__2024-12-09T00:00:00+00:00'
[2025-02-08T20:40:49.561+0000] {taskinstance.py:731} INFO - ::endgroup::
[2025-02-08T20:40:49.583+0000] {logging_mixin.py:190} INFO - CSV file ./account_dim_large_data.csv with 50 row has been generated successfully!
[2025-02-08T20:40:49.583+0000] {python.py:240} INFO - Done. Returned value was: None
[2025-02-08T20:40:49.592+0000] {taskinstance.py:340} INFO - ::group::Post task execution logs
[2025-02-08T20:40:49.592+0000] {taskinstance.py:352} INFO - Marking task as SUCCESS. dag_id=account_dim_gen, task_id=generate_account_dim_data, run_id=scheduled__2024-12-09T00:00:00+00:00, execution_date=20241209T000000, start_date=20250208T204049, end_date=20250208T204049
[2025-02-08T20:40:49.636+0000] {local_task_job_runner.py:266} INFO - Task exited with return code 0
[2025-02-08T20:40:49.653+0000] {taskinstance.py:3900} INFO - 0 downstream tasks scheduled from follow-on schedule check
[2025-02-08T20:40:49.655+0000] {local_task_job_runner.py:245} INFO - ::endgroup::
