[2025-02-08T19:02:38.066+0000] {local_task_job_runner.py:123} INFO - ::group::Pre task execution logs
[2025-02-08T19:02:38.088+0000] {taskinstance.py:2612} INFO - Dependencies all met for dep_context=non-requeueable deps ti=<TaskInstance: branch_dim_gen.generate_branch_dim_data scheduled__2024-11-03T00:00:00+00:00 [queued]>
[2025-02-08T19:02:38.097+0000] {taskinstance.py:2612} INFO - Dependencies all met for dep_context=requeueable deps ti=<TaskInstance: branch_dim_gen.generate_branch_dim_data scheduled__2024-11-03T00:00:00+00:00 [queued]>
[2025-02-08T19:02:38.098+0000] {taskinstance.py:2865} INFO - Starting attempt 1 of 1
[2025-02-08T19:02:38.113+0000] {taskinstance.py:2888} INFO - Executing <Task(PythonOperator): generate_branch_dim_data> on 2024-11-03 00:00:00+00:00
[2025-02-08T19:02:38.122+0000] {logging_mixin.py:190} WARNING - /home/***/.local/lib/python3.12/site-packages/***/task/task_runner/standard_task_runner.py:70 DeprecationWarning: This process (pid=1572) is multi-threaded, use of fork() may lead to deadlocks in the child.
[2025-02-08T19:02:38.123+0000] {standard_task_runner.py:72} INFO - Started process 1594 to run task
[2025-02-08T19:02:38.122+0000] {standard_task_runner.py:104} INFO - Running: ['***', 'tasks', 'run', 'branch_dim_gen', 'generate_branch_dim_data', 'scheduled__2024-11-03T00:00:00+00:00', '--job-id', '255', '--raw', '--subdir', 'DAGS_FOLDER/brnach_dim_gen.py', '--cfg-path', '/tmp/tmptu955zd_']
[2025-02-08T19:02:38.124+0000] {standard_task_runner.py:105} INFO - Job 255: Subtask generate_branch_dim_data
[2025-02-08T19:02:38.167+0000] {task_command.py:467} INFO - Running <TaskInstance: branch_dim_gen.generate_branch_dim_data scheduled__2024-11-03T00:00:00+00:00 [running]> on host 2c1cd59afcc0
[2025-02-08T19:02:38.241+0000] {taskinstance.py:3131} INFO - Exporting env vars: AIRFLOW_CTX_DAG_OWNER='Saleh' AIRFLOW_CTX_DAG_ID='branch_dim_gen' AIRFLOW_CTX_TASK_ID='generate_branch_dim_data' AIRFLOW_CTX_EXECUTION_DATE='2024-11-03T00:00:00+00:00' AIRFLOW_CTX_TRY_NUMBER='1' AIRFLOW_CTX_DAG_RUN_ID='scheduled__2024-11-03T00:00:00+00:00'
[2025-02-08T19:02:38.242+0000] {taskinstance.py:731} INFO - ::endgroup::
[2025-02-08T19:02:38.261+0000] {logging_mixin.py:190} INFO - CSV file './branch_dim_large_data.csv' with 50 rows has been generated successfully.
[2025-02-08T19:02:38.262+0000] {python.py:240} INFO - Done. Returned value was: None
[2025-02-08T19:02:38.269+0000] {taskinstance.py:340} INFO - ::group::Post task execution logs
[2025-02-08T19:02:38.270+0000] {taskinstance.py:352} INFO - Marking task as SUCCESS. dag_id=branch_dim_gen, task_id=generate_branch_dim_data, run_id=scheduled__2024-11-03T00:00:00+00:00, execution_date=20241103T000000, start_date=20250208T190238, end_date=20250208T190238
[2025-02-08T19:02:38.298+0000] {local_task_job_runner.py:266} INFO - Task exited with return code 0
[2025-02-08T19:02:38.312+0000] {taskinstance.py:3900} INFO - 0 downstream tasks scheduled from follow-on schedule check
[2025-02-08T19:02:38.314+0000] {local_task_job_runner.py:245} INFO - ::endgroup::
[2025-02-08T20:40:22.516+0000] {local_task_job_runner.py:123} INFO - ::group::Pre task execution logs
[2025-02-08T20:40:22.541+0000] {taskinstance.py:2612} INFO - Dependencies all met for dep_context=non-requeueable deps ti=<TaskInstance: branch_dim_gen.generate_branch_dim_data scheduled__2024-11-03T00:00:00+00:00 [queued]>
[2025-02-08T20:40:22.554+0000] {taskinstance.py:2612} INFO - Dependencies all met for dep_context=requeueable deps ti=<TaskInstance: branch_dim_gen.generate_branch_dim_data scheduled__2024-11-03T00:00:00+00:00 [queued]>
[2025-02-08T20:40:22.555+0000] {taskinstance.py:2865} INFO - Starting attempt 1 of 1
[2025-02-08T20:40:22.576+0000] {taskinstance.py:2888} INFO - Executing <Task(PythonOperator): generate_branch_dim_data> on 2024-11-03 00:00:00+00:00
[2025-02-08T20:40:22.595+0000] {logging_mixin.py:190} WARNING - /home/***/.local/lib/python3.12/site-packages/***/task/task_runner/standard_task_runner.py:70 DeprecationWarning: This process (pid=1216) is multi-threaded, use of fork() may lead to deadlocks in the child.
[2025-02-08T20:40:22.598+0000] {standard_task_runner.py:72} INFO - Started process 1256 to run task
[2025-02-08T20:40:22.600+0000] {standard_task_runner.py:104} INFO - Running: ['***', 'tasks', 'run', 'branch_dim_gen', 'generate_branch_dim_data', 'scheduled__2024-11-03T00:00:00+00:00', '--job-id', '157', '--raw', '--subdir', 'DAGS_FOLDER/brnach_dim_gen.py', '--cfg-path', '/tmp/tmp7nb6zcm3']
[2025-02-08T20:40:22.606+0000] {standard_task_runner.py:105} INFO - Job 157: Subtask generate_branch_dim_data
[2025-02-08T20:40:22.699+0000] {task_command.py:467} INFO - Running <TaskInstance: branch_dim_gen.generate_branch_dim_data scheduled__2024-11-03T00:00:00+00:00 [running]> on host 7e959c1a2a8b
[2025-02-08T20:40:22.897+0000] {taskinstance.py:3131} INFO - Exporting env vars: AIRFLOW_CTX_DAG_OWNER='Saleh' AIRFLOW_CTX_DAG_ID='branch_dim_gen' AIRFLOW_CTX_TASK_ID='generate_branch_dim_data' AIRFLOW_CTX_EXECUTION_DATE='2024-11-03T00:00:00+00:00' AIRFLOW_CTX_TRY_NUMBER='1' AIRFLOW_CTX_DAG_RUN_ID='scheduled__2024-11-03T00:00:00+00:00'
[2025-02-08T20:40:22.902+0000] {taskinstance.py:731} INFO - ::endgroup::
[2025-02-08T20:40:22.937+0000] {logging_mixin.py:190} INFO - CSV file './branch_dim_large_data.csv' with 50 rows has been generated successfully.
[2025-02-08T20:40:22.939+0000] {python.py:240} INFO - Done. Returned value was: None
[2025-02-08T20:40:22.975+0000] {taskinstance.py:340} INFO - ::group::Post task execution logs
[2025-02-08T20:40:22.976+0000] {taskinstance.py:352} INFO - Marking task as SUCCESS. dag_id=branch_dim_gen, task_id=generate_branch_dim_data, run_id=scheduled__2024-11-03T00:00:00+00:00, execution_date=20241103T000000, start_date=20250208T204022, end_date=20250208T204022
[2025-02-08T20:40:23.025+0000] {local_task_job_runner.py:266} INFO - Task exited with return code 0
[2025-02-08T20:40:23.059+0000] {taskinstance.py:3900} INFO - 0 downstream tasks scheduled from follow-on schedule check
[2025-02-08T20:40:23.070+0000] {local_task_job_runner.py:245} INFO - ::endgroup::
