[2025-02-08T19:03:01.178+0000] {local_task_job_runner.py:123} INFO - ::group::Pre task execution logs
[2025-02-08T19:03:01.207+0000] {taskinstance.py:2612} INFO - Dependencies all met for dep_context=non-requeueable deps ti=<TaskInstance: branch_dim_gen.generate_branch_dim_data scheduled__2024-12-05T00:00:00+00:00 [queued]>
[2025-02-08T19:03:01.225+0000] {taskinstance.py:2612} INFO - Dependencies all met for dep_context=requeueable deps ti=<TaskInstance: branch_dim_gen.generate_branch_dim_data scheduled__2024-12-05T00:00:00+00:00 [queued]>
[2025-02-08T19:03:01.233+0000] {taskinstance.py:2865} INFO - Starting attempt 1 of 1
[2025-02-08T19:03:01.263+0000] {taskinstance.py:2888} INFO - Executing <Task(PythonOperator): generate_branch_dim_data> on 2024-12-05 00:00:00+00:00
[2025-02-08T19:03:01.274+0000] {logging_mixin.py:190} WARNING - /home/***/.local/lib/python3.12/site-packages/***/task/task_runner/standard_task_runner.py:70 DeprecationWarning: This process (pid=1851) is multi-threaded, use of fork() may lead to deadlocks in the child.
[2025-02-08T19:03:01.275+0000] {standard_task_runner.py:104} INFO - Running: ['***', 'tasks', 'run', 'branch_dim_gen', 'generate_branch_dim_data', 'scheduled__2024-12-05T00:00:00+00:00', '--job-id', '321', '--raw', '--subdir', 'DAGS_FOLDER/brnach_dim_gen.py', '--cfg-path', '/tmp/tmpx4zy9ryo']
[2025-02-08T19:03:01.277+0000] {standard_task_runner.py:72} INFO - Started process 1877 to run task
[2025-02-08T19:03:01.277+0000] {standard_task_runner.py:105} INFO - Job 321: Subtask generate_branch_dim_data
[2025-02-08T19:03:01.345+0000] {task_command.py:467} INFO - Running <TaskInstance: branch_dim_gen.generate_branch_dim_data scheduled__2024-12-05T00:00:00+00:00 [running]> on host 2c1cd59afcc0
[2025-02-08T19:03:01.472+0000] {taskinstance.py:3131} INFO - Exporting env vars: AIRFLOW_CTX_DAG_OWNER='Saleh' AIRFLOW_CTX_DAG_ID='branch_dim_gen' AIRFLOW_CTX_TASK_ID='generate_branch_dim_data' AIRFLOW_CTX_EXECUTION_DATE='2024-12-05T00:00:00+00:00' AIRFLOW_CTX_TRY_NUMBER='1' AIRFLOW_CTX_DAG_RUN_ID='scheduled__2024-12-05T00:00:00+00:00'
[2025-02-08T19:03:01.474+0000] {taskinstance.py:731} INFO - ::endgroup::
[2025-02-08T19:03:01.499+0000] {logging_mixin.py:190} INFO - CSV file './branch_dim_large_data.csv' with 50 rows has been generated successfully.
[2025-02-08T19:03:01.500+0000] {python.py:240} INFO - Done. Returned value was: None
[2025-02-08T19:03:01.509+0000] {taskinstance.py:340} INFO - ::group::Post task execution logs
[2025-02-08T19:03:01.511+0000] {taskinstance.py:352} INFO - Marking task as SUCCESS. dag_id=branch_dim_gen, task_id=generate_branch_dim_data, run_id=scheduled__2024-12-05T00:00:00+00:00, execution_date=20241205T000000, start_date=20250208T190301, end_date=20250208T190301
[2025-02-08T19:03:01.544+0000] {local_task_job_runner.py:266} INFO - Task exited with return code 0
[2025-02-08T19:03:01.558+0000] {local_task_job_runner.py:245} INFO - ::endgroup::
[2025-02-08T20:40:48.457+0000] {local_task_job_runner.py:123} INFO - ::group::Pre task execution logs
[2025-02-08T20:40:48.484+0000] {taskinstance.py:2612} INFO - Dependencies all met for dep_context=non-requeueable deps ti=<TaskInstance: branch_dim_gen.generate_branch_dim_data scheduled__2024-12-05T00:00:00+00:00 [queued]>
[2025-02-08T20:40:48.507+0000] {taskinstance.py:2612} INFO - Dependencies all met for dep_context=requeueable deps ti=<TaskInstance: branch_dim_gen.generate_branch_dim_data scheduled__2024-12-05T00:00:00+00:00 [queued]>
[2025-02-08T20:40:48.508+0000] {taskinstance.py:2865} INFO - Starting attempt 1 of 1
[2025-02-08T20:40:48.536+0000] {taskinstance.py:2888} INFO - Executing <Task(PythonOperator): generate_branch_dim_data> on 2024-12-05 00:00:00+00:00
[2025-02-08T20:40:48.548+0000] {logging_mixin.py:190} WARNING - /home/***/.local/lib/python3.12/site-packages/***/task/task_runner/standard_task_runner.py:70 DeprecationWarning: This process (pid=1645) is multi-threaded, use of fork() may lead to deadlocks in the child.
[2025-02-08T20:40:48.550+0000] {standard_task_runner.py:72} INFO - Started process 1677 to run task
[2025-02-08T20:40:48.567+0000] {standard_task_runner.py:104} INFO - Running: ['***', 'tasks', 'run', 'branch_dim_gen', 'generate_branch_dim_data', 'scheduled__2024-12-05T00:00:00+00:00', '--job-id', '254', '--raw', '--subdir', 'DAGS_FOLDER/brnach_dim_gen.py', '--cfg-path', '/tmp/tmp8g4cju0b']
[2025-02-08T20:40:48.572+0000] {standard_task_runner.py:105} INFO - Job 254: Subtask generate_branch_dim_data
[2025-02-08T20:40:48.634+0000] {task_command.py:467} INFO - Running <TaskInstance: branch_dim_gen.generate_branch_dim_data scheduled__2024-12-05T00:00:00+00:00 [running]> on host 7e959c1a2a8b
[2025-02-08T20:40:48.749+0000] {taskinstance.py:3131} INFO - Exporting env vars: AIRFLOW_CTX_DAG_OWNER='Saleh' AIRFLOW_CTX_DAG_ID='branch_dim_gen' AIRFLOW_CTX_TASK_ID='generate_branch_dim_data' AIRFLOW_CTX_EXECUTION_DATE='2024-12-05T00:00:00+00:00' AIRFLOW_CTX_TRY_NUMBER='1' AIRFLOW_CTX_DAG_RUN_ID='scheduled__2024-12-05T00:00:00+00:00'
[2025-02-08T20:40:48.752+0000] {taskinstance.py:731} INFO - ::endgroup::
[2025-02-08T20:40:48.777+0000] {logging_mixin.py:190} INFO - CSV file './branch_dim_large_data.csv' with 50 rows has been generated successfully.
[2025-02-08T20:40:48.777+0000] {python.py:240} INFO - Done. Returned value was: None
[2025-02-08T20:40:48.794+0000] {taskinstance.py:340} INFO - ::group::Post task execution logs
[2025-02-08T20:40:48.795+0000] {taskinstance.py:352} INFO - Marking task as SUCCESS. dag_id=branch_dim_gen, task_id=generate_branch_dim_data, run_id=scheduled__2024-12-05T00:00:00+00:00, execution_date=20241205T000000, start_date=20250208T204048, end_date=20250208T204048
[2025-02-08T20:40:48.848+0000] {local_task_job_runner.py:266} INFO - Task exited with return code 0
[2025-02-08T20:40:48.885+0000] {local_task_job_runner.py:245} INFO - ::endgroup::
