[2025-02-08T19:01:05.568+0000] {local_task_job_runner.py:123} INFO - ::group::Pre task execution logs
[2025-02-08T19:01:05.586+0000] {taskinstance.py:2612} INFO - Dependencies all met for dep_context=non-requeueable deps ti=<TaskInstance: account_dim_gen.generate_account_dim_data scheduled__2025-01-04T00:00:00+00:00 [queued]>
[2025-02-08T19:01:05.594+0000] {taskinstance.py:2612} INFO - Dependencies all met for dep_context=requeueable deps ti=<TaskInstance: account_dim_gen.generate_account_dim_data scheduled__2025-01-04T00:00:00+00:00 [queued]>
[2025-02-08T19:01:05.595+0000] {taskinstance.py:2865} INFO - Starting attempt 1 of 1
[2025-02-08T19:01:05.616+0000] {taskinstance.py:2888} INFO - Executing <Task(PythonOperator): generate_account_dim_data> on 2025-01-04 00:00:00+00:00
[2025-02-08T19:01:05.625+0000] {logging_mixin.py:190} WARNING - /home/***/.local/lib/python3.12/site-packages/***/task/task_runner/standard_task_runner.py:70 DeprecationWarning: This process (pid=971) is multi-threaded, use of fork() may lead to deadlocks in the child.
[2025-02-08T19:01:05.626+0000] {standard_task_runner.py:72} INFO - Started process 985 to run task
[2025-02-08T19:01:05.626+0000] {standard_task_runner.py:104} INFO - Running: ['***', 'tasks', 'run', 'account_dim_gen', 'generate_account_dim_data', 'scheduled__2025-01-04T00:00:00+00:00', '--job-id', '120', '--raw', '--subdir', 'DAGS_FOLDER/account_dim_gen.py', '--cfg-path', '/tmp/tmpcxgitwcl']
[2025-02-08T19:01:05.629+0000] {standard_task_runner.py:105} INFO - Job 120: Subtask generate_account_dim_data
[2025-02-08T19:01:05.672+0000] {task_command.py:467} INFO - Running <TaskInstance: account_dim_gen.generate_account_dim_data scheduled__2025-01-04T00:00:00+00:00 [running]> on host 2c1cd59afcc0
[2025-02-08T19:01:05.755+0000] {taskinstance.py:3131} INFO - Exporting env vars: AIRFLOW_CTX_DAG_OWNER='Saleh' AIRFLOW_CTX_DAG_ID='account_dim_gen' AIRFLOW_CTX_TASK_ID='generate_account_dim_data' AIRFLOW_CTX_EXECUTION_DATE='2025-01-04T00:00:00+00:00' AIRFLOW_CTX_TRY_NUMBER='1' AIRFLOW_CTX_DAG_RUN_ID='scheduled__2025-01-04T00:00:00+00:00'
[2025-02-08T19:01:05.756+0000] {taskinstance.py:731} INFO - ::endgroup::
[2025-02-08T19:01:05.791+0000] {logging_mixin.py:190} INFO - CSV file ./account_dim_large_data.csv with 50 row has been generated successfully!
[2025-02-08T19:01:05.792+0000] {python.py:240} INFO - Done. Returned value was: None
[2025-02-08T19:01:05.807+0000] {taskinstance.py:340} INFO - ::group::Post task execution logs
[2025-02-08T19:01:05.809+0000] {taskinstance.py:352} INFO - Marking task as SUCCESS. dag_id=account_dim_gen, task_id=generate_account_dim_data, run_id=scheduled__2025-01-04T00:00:00+00:00, execution_date=20250104T000000, start_date=20250208T190105, end_date=20250208T190105
[2025-02-08T19:01:05.841+0000] {local_task_job_runner.py:266} INFO - Task exited with return code 0
[2025-02-08T19:01:05.850+0000] {local_task_job_runner.py:245} INFO - ::endgroup::
[2025-02-08T20:41:09.449+0000] {local_task_job_runner.py:123} INFO - ::group::Pre task execution logs
[2025-02-08T20:41:09.470+0000] {taskinstance.py:2612} INFO - Dependencies all met for dep_context=non-requeueable deps ti=<TaskInstance: account_dim_gen.generate_account_dim_data scheduled__2025-01-04T00:00:00+00:00 [queued]>
[2025-02-08T20:41:09.483+0000] {taskinstance.py:2612} INFO - Dependencies all met for dep_context=requeueable deps ti=<TaskInstance: account_dim_gen.generate_account_dim_data scheduled__2025-01-04T00:00:00+00:00 [queued]>
[2025-02-08T20:41:09.483+0000] {taskinstance.py:2865} INFO - Starting attempt 1 of 1
[2025-02-08T20:41:09.504+0000] {taskinstance.py:2888} INFO - Executing <Task(PythonOperator): generate_account_dim_data> on 2025-01-04 00:00:00+00:00
[2025-02-08T20:41:09.520+0000] {logging_mixin.py:190} WARNING - /home/***/.local/lib/python3.12/site-packages/***/task/task_runner/standard_task_runner.py:70 DeprecationWarning: This process (pid=1991) is multi-threaded, use of fork() may lead to deadlocks in the child.
[2025-02-08T20:41:09.521+0000] {standard_task_runner.py:72} INFO - Started process 2012 to run task
[2025-02-08T20:41:09.520+0000] {standard_task_runner.py:104} INFO - Running: ['***', 'tasks', 'run', 'account_dim_gen', 'generate_account_dim_data', 'scheduled__2025-01-04T00:00:00+00:00', '--job-id', '337', '--raw', '--subdir', 'DAGS_FOLDER/account_dim_gen.py', '--cfg-path', '/tmp/tmpmpdsr0_w']
[2025-02-08T20:41:09.523+0000] {standard_task_runner.py:105} INFO - Job 337: Subtask generate_account_dim_data
[2025-02-08T20:41:09.573+0000] {task_command.py:467} INFO - Running <TaskInstance: account_dim_gen.generate_account_dim_data scheduled__2025-01-04T00:00:00+00:00 [running]> on host 7e959c1a2a8b
[2025-02-08T20:41:09.670+0000] {taskinstance.py:3131} INFO - Exporting env vars: AIRFLOW_CTX_DAG_OWNER='Saleh' AIRFLOW_CTX_DAG_ID='account_dim_gen' AIRFLOW_CTX_TASK_ID='generate_account_dim_data' AIRFLOW_CTX_EXECUTION_DATE='2025-01-04T00:00:00+00:00' AIRFLOW_CTX_TRY_NUMBER='1' AIRFLOW_CTX_DAG_RUN_ID='scheduled__2025-01-04T00:00:00+00:00'
[2025-02-08T20:41:09.671+0000] {taskinstance.py:731} INFO - ::endgroup::
[2025-02-08T20:41:09.701+0000] {logging_mixin.py:190} INFO - CSV file ./account_dim_large_data.csv with 50 row has been generated successfully!
[2025-02-08T20:41:09.701+0000] {python.py:240} INFO - Done. Returned value was: None
[2025-02-08T20:41:09.714+0000] {taskinstance.py:340} INFO - ::group::Post task execution logs
[2025-02-08T20:41:09.717+0000] {taskinstance.py:352} INFO - Marking task as SUCCESS. dag_id=account_dim_gen, task_id=generate_account_dim_data, run_id=scheduled__2025-01-04T00:00:00+00:00, execution_date=20250104T000000, start_date=20250208T204109, end_date=20250208T204109
[2025-02-08T20:41:09.777+0000] {local_task_job_runner.py:266} INFO - Task exited with return code 0
[2025-02-08T20:41:09.795+0000] {taskinstance.py:3900} INFO - 0 downstream tasks scheduled from follow-on schedule check
[2025-02-08T20:41:09.799+0000] {local_task_job_runner.py:245} INFO - ::endgroup::
