[2025-02-08T19:02:21.582+0000] {local_task_job_runner.py:123} INFO - ::group::Pre task execution logs
[2025-02-08T19:02:21.604+0000] {taskinstance.py:2612} INFO - Dependencies all met for dep_context=non-requeueable deps ti=<TaskInstance: customer_dim_generator.generate_customer_dim_data scheduled__2024-11-05T00:00:00+00:00 [queued]>
[2025-02-08T19:02:21.615+0000] {taskinstance.py:2612} INFO - Dependencies all met for dep_context=requeueable deps ti=<TaskInstance: customer_dim_generator.generate_customer_dim_data scheduled__2024-11-05T00:00:00+00:00 [queued]>
[2025-02-08T19:02:21.616+0000] {taskinstance.py:2865} INFO - Starting attempt 1 of 1
[2025-02-08T19:02:21.657+0000] {taskinstance.py:2888} INFO - Executing <Task(PythonOperator): generate_customer_dim_data> on 2024-11-05 00:00:00+00:00
[2025-02-08T19:02:21.667+0000] {logging_mixin.py:190} WARNING - /home/***/.local/lib/python3.12/site-packages/***/task/task_runner/standard_task_runner.py:70 DeprecationWarning: This process (pid=1406) is multi-threaded, use of fork() may lead to deadlocks in the child.
[2025-02-08T19:02:21.668+0000] {standard_task_runner.py:72} INFO - Started process 1425 to run task
[2025-02-08T19:02:21.672+0000] {standard_task_runner.py:104} INFO - Running: ['***', 'tasks', 'run', 'customer_dim_generator', 'generate_customer_dim_data', 'scheduled__2024-11-05T00:00:00+00:00', '--job-id', '215', '--raw', '--subdir', 'DAGS_FOLDER/customer_dim_gen.py', '--cfg-path', '/tmp/tmpd0uu6d56']
[2025-02-08T19:02:21.674+0000] {standard_task_runner.py:105} INFO - Job 215: Subtask generate_customer_dim_data
[2025-02-08T19:02:21.725+0000] {task_command.py:467} INFO - Running <TaskInstance: customer_dim_generator.generate_customer_dim_data scheduled__2024-11-05T00:00:00+00:00 [running]> on host 2c1cd59afcc0
[2025-02-08T19:02:21.818+0000] {taskinstance.py:3131} INFO - Exporting env vars: AIRFLOW_CTX_DAG_OWNER='Saleh' AIRFLOW_CTX_DAG_ID='customer_dim_generator' AIRFLOW_CTX_TASK_ID='generate_customer_dim_data' AIRFLOW_CTX_EXECUTION_DATE='2024-11-05T00:00:00+00:00' AIRFLOW_CTX_TRY_NUMBER='1' AIRFLOW_CTX_DAG_RUN_ID='scheduled__2024-11-05T00:00:00+00:00'
[2025-02-08T19:02:21.821+0000] {taskinstance.py:731} INFO - ::endgroup::
[2025-02-08T19:02:21.840+0000] {logging_mixin.py:190} INFO - CSV file './customer_dim_large_data.csv' with 100 rows has been generated successfully.
[2025-02-08T19:02:21.841+0000] {python.py:240} INFO - Done. Returned value was: None
[2025-02-08T19:02:21.848+0000] {taskinstance.py:340} INFO - ::group::Post task execution logs
[2025-02-08T19:02:21.848+0000] {taskinstance.py:352} INFO - Marking task as SUCCESS. dag_id=customer_dim_generator, task_id=generate_customer_dim_data, run_id=scheduled__2024-11-05T00:00:00+00:00, execution_date=20241105T000000, start_date=20250208T190221, end_date=20250208T190221
[2025-02-08T19:02:21.883+0000] {local_task_job_runner.py:266} INFO - Task exited with return code 0
[2025-02-08T19:02:21.898+0000] {taskinstance.py:3900} INFO - 0 downstream tasks scheduled from follow-on schedule check
[2025-02-08T19:02:21.900+0000] {local_task_job_runner.py:245} INFO - ::endgroup::
[2025-02-08T20:40:01.372+0000] {local_task_job_runner.py:123} INFO - ::group::Pre task execution logs
[2025-02-08T20:40:01.390+0000] {taskinstance.py:2612} INFO - Dependencies all met for dep_context=non-requeueable deps ti=<TaskInstance: customer_dim_generator.generate_customer_dim_data scheduled__2024-11-05T00:00:00+00:00 [queued]>
[2025-02-08T20:40:01.401+0000] {taskinstance.py:2612} INFO - Dependencies all met for dep_context=requeueable deps ti=<TaskInstance: customer_dim_generator.generate_customer_dim_data scheduled__2024-11-05T00:00:00+00:00 [queued]>
[2025-02-08T20:40:01.402+0000] {taskinstance.py:2865} INFO - Starting attempt 1 of 1
[2025-02-08T20:40:01.421+0000] {taskinstance.py:2888} INFO - Executing <Task(PythonOperator): generate_customer_dim_data> on 2024-11-05 00:00:00+00:00
[2025-02-08T20:40:01.433+0000] {logging_mixin.py:190} WARNING - /home/***/.local/lib/python3.12/site-packages/***/task/task_runner/standard_task_runner.py:70 DeprecationWarning: This process (pid=945) is multi-threaded, use of fork() may lead to deadlocks in the child.
[2025-02-08T20:40:01.435+0000] {standard_task_runner.py:72} INFO - Started process 967 to run task
[2025-02-08T20:40:01.433+0000] {standard_task_runner.py:104} INFO - Running: ['***', 'tasks', 'run', 'customer_dim_generator', 'generate_customer_dim_data', 'scheduled__2024-11-05T00:00:00+00:00', '--job-id', '93', '--raw', '--subdir', 'DAGS_FOLDER/customer_dim_gen.py', '--cfg-path', '/tmp/tmps34tglvu']
[2025-02-08T20:40:01.436+0000] {standard_task_runner.py:105} INFO - Job 93: Subtask generate_customer_dim_data
[2025-02-08T20:40:01.507+0000] {task_command.py:467} INFO - Running <TaskInstance: customer_dim_generator.generate_customer_dim_data scheduled__2024-11-05T00:00:00+00:00 [running]> on host 7e959c1a2a8b
[2025-02-08T20:40:01.592+0000] {taskinstance.py:3131} INFO - Exporting env vars: AIRFLOW_CTX_DAG_OWNER='Saleh' AIRFLOW_CTX_DAG_ID='customer_dim_generator' AIRFLOW_CTX_TASK_ID='generate_customer_dim_data' AIRFLOW_CTX_EXECUTION_DATE='2024-11-05T00:00:00+00:00' AIRFLOW_CTX_TRY_NUMBER='1' AIRFLOW_CTX_DAG_RUN_ID='scheduled__2024-11-05T00:00:00+00:00'
[2025-02-08T20:40:01.593+0000] {taskinstance.py:731} INFO - ::endgroup::
[2025-02-08T20:40:01.613+0000] {logging_mixin.py:190} INFO - CSV file './customer_dim_large_data.csv' with 100 rows has been generated successfully.
[2025-02-08T20:40:01.613+0000] {python.py:240} INFO - Done. Returned value was: None
[2025-02-08T20:40:01.621+0000] {taskinstance.py:340} INFO - ::group::Post task execution logs
[2025-02-08T20:40:01.622+0000] {taskinstance.py:352} INFO - Marking task as SUCCESS. dag_id=customer_dim_generator, task_id=generate_customer_dim_data, run_id=scheduled__2024-11-05T00:00:00+00:00, execution_date=20241105T000000, start_date=20250208T204001, end_date=20250208T204001
[2025-02-08T20:40:01.666+0000] {local_task_job_runner.py:266} INFO - Task exited with return code 0
[2025-02-08T20:40:01.682+0000] {taskinstance.py:3900} INFO - 0 downstream tasks scheduled from follow-on schedule check
[2025-02-08T20:40:01.685+0000] {local_task_job_runner.py:245} INFO - ::endgroup::
[2025-02-08T20:42:59.314+0000] {local_task_job_runner.py:123} INFO - ::group::Pre task execution logs
[2025-02-08T20:42:59.329+0000] {taskinstance.py:2612} INFO - Dependencies all met for dep_context=non-requeueable deps ti=<TaskInstance: customer_dim_generator.generate_customer_dim_data scheduled__2024-11-05T00:00:00+00:00 [queued]>
[2025-02-08T20:42:59.336+0000] {taskinstance.py:2612} INFO - Dependencies all met for dep_context=requeueable deps ti=<TaskInstance: customer_dim_generator.generate_customer_dim_data scheduled__2024-11-05T00:00:00+00:00 [queued]>
[2025-02-08T20:42:59.337+0000] {taskinstance.py:2865} INFO - Starting attempt 1 of 1
[2025-02-08T20:42:59.350+0000] {taskinstance.py:2888} INFO - Executing <Task(PythonOperator): generate_customer_dim_data> on 2024-11-05 00:00:00+00:00
[2025-02-08T20:42:59.359+0000] {logging_mixin.py:190} WARNING - /home/***/.local/lib/python3.12/site-packages/***/task/task_runner/standard_task_runner.py:70 DeprecationWarning: This process (pid=503) is multi-threaded, use of fork() may lead to deadlocks in the child.
[2025-02-08T20:42:59.360+0000] {standard_task_runner.py:72} INFO - Started process 521 to run task
[2025-02-08T20:42:59.360+0000] {standard_task_runner.py:104} INFO - Running: ['***', 'tasks', 'run', 'customer_dim_generator', 'generate_customer_dim_data', 'scheduled__2024-11-05T00:00:00+00:00', '--job-id', '434', '--raw', '--subdir', 'DAGS_FOLDER/customer_dim_gen.py', '--cfg-path', '/tmp/tmparh6dcr7']
[2025-02-08T20:42:59.362+0000] {standard_task_runner.py:105} INFO - Job 434: Subtask generate_customer_dim_data
[2025-02-08T20:42:59.400+0000] {task_command.py:467} INFO - Running <TaskInstance: customer_dim_generator.generate_customer_dim_data scheduled__2024-11-05T00:00:00+00:00 [running]> on host 86932746817d
[2025-02-08T20:42:59.474+0000] {taskinstance.py:3131} INFO - Exporting env vars: AIRFLOW_CTX_DAG_OWNER='Saleh' AIRFLOW_CTX_DAG_ID='customer_dim_generator' AIRFLOW_CTX_TASK_ID='generate_customer_dim_data' AIRFLOW_CTX_EXECUTION_DATE='2024-11-05T00:00:00+00:00' AIRFLOW_CTX_TRY_NUMBER='1' AIRFLOW_CTX_DAG_RUN_ID='scheduled__2024-11-05T00:00:00+00:00'
[2025-02-08T20:42:59.476+0000] {taskinstance.py:731} INFO - ::endgroup::
[2025-02-08T20:42:59.493+0000] {logging_mixin.py:190} INFO - CSV file './customer_dim_large_data.csv' with 100 rows has been generated successfully.
[2025-02-08T20:42:59.493+0000] {python.py:240} INFO - Done. Returned value was: None
[2025-02-08T20:42:59.500+0000] {taskinstance.py:340} INFO - ::group::Post task execution logs
[2025-02-08T20:42:59.501+0000] {taskinstance.py:352} INFO - Marking task as SUCCESS. dag_id=customer_dim_generator, task_id=generate_customer_dim_data, run_id=scheduled__2024-11-05T00:00:00+00:00, execution_date=20241105T000000, start_date=20250208T204259, end_date=20250208T204259
[2025-02-08T20:42:59.534+0000] {local_task_job_runner.py:266} INFO - Task exited with return code 0
[2025-02-08T20:42:59.547+0000] {taskinstance.py:3900} INFO - 0 downstream tasks scheduled from follow-on schedule check
[2025-02-08T20:42:59.549+0000] {local_task_job_runner.py:245} INFO - ::endgroup::
