[2025-02-08T19:00:31.825+0000] {local_task_job_runner.py:123} INFO - ::group::Pre task execution logs
[2025-02-08T19:00:31.841+0000] {taskinstance.py:2612} INFO - Dependencies all met for dep_context=non-requeueable deps ti=<TaskInstance: account_dim_gen.generate_account_dim_data scheduled__2024-11-13T00:00:00+00:00 [queued]>
[2025-02-08T19:00:31.852+0000] {taskinstance.py:2612} INFO - Dependencies all met for dep_context=requeueable deps ti=<TaskInstance: account_dim_gen.generate_account_dim_data scheduled__2024-11-13T00:00:00+00:00 [queued]>
[2025-02-08T19:00:31.853+0000] {taskinstance.py:2865} INFO - Starting attempt 1 of 1
[2025-02-08T19:00:31.867+0000] {taskinstance.py:2888} INFO - Executing <Task(PythonOperator): generate_account_dim_data> on 2024-11-13 00:00:00+00:00
[2025-02-08T19:00:31.877+0000] {logging_mixin.py:190} WARNING - /home/***/.local/lib/python3.12/site-packages/***/task/task_runner/standard_task_runner.py:70 DeprecationWarning: This process (pid=729) is multi-threaded, use of fork() may lead to deadlocks in the child.
[2025-02-08T19:00:31.878+0000] {standard_task_runner.py:72} INFO - Started process 747 to run task
[2025-02-08T19:00:31.877+0000] {standard_task_runner.py:104} INFO - Running: ['***', 'tasks', 'run', 'account_dim_gen', 'generate_account_dim_data', 'scheduled__2024-11-13T00:00:00+00:00', '--job-id', '68', '--raw', '--subdir', 'DAGS_FOLDER/account_dim_gen.py', '--cfg-path', '/tmp/tmpi2gmerok']
[2025-02-08T19:00:31.879+0000] {standard_task_runner.py:105} INFO - Job 68: Subtask generate_account_dim_data
[2025-02-08T19:00:31.921+0000] {task_command.py:467} INFO - Running <TaskInstance: account_dim_gen.generate_account_dim_data scheduled__2024-11-13T00:00:00+00:00 [running]> on host 2c1cd59afcc0
[2025-02-08T19:00:32.005+0000] {taskinstance.py:3131} INFO - Exporting env vars: AIRFLOW_CTX_DAG_OWNER='Saleh' AIRFLOW_CTX_DAG_ID='account_dim_gen' AIRFLOW_CTX_TASK_ID='generate_account_dim_data' AIRFLOW_CTX_EXECUTION_DATE='2024-11-13T00:00:00+00:00' AIRFLOW_CTX_TRY_NUMBER='1' AIRFLOW_CTX_DAG_RUN_ID='scheduled__2024-11-13T00:00:00+00:00'
[2025-02-08T19:00:32.007+0000] {taskinstance.py:731} INFO - ::endgroup::
[2025-02-08T19:00:32.027+0000] {logging_mixin.py:190} INFO - CSV file ./account_dim_large_data.csv with 50 row has been generated successfully!
[2025-02-08T19:00:32.028+0000] {python.py:240} INFO - Done. Returned value was: None
[2025-02-08T19:00:32.036+0000] {taskinstance.py:340} INFO - ::group::Post task execution logs
[2025-02-08T19:00:32.037+0000] {taskinstance.py:352} INFO - Marking task as SUCCESS. dag_id=account_dim_gen, task_id=generate_account_dim_data, run_id=scheduled__2024-11-13T00:00:00+00:00, execution_date=20241113T000000, start_date=20250208T190031, end_date=20250208T190032
[2025-02-08T19:00:32.092+0000] {local_task_job_runner.py:266} INFO - Task exited with return code 0
[2025-02-08T19:00:32.109+0000] {taskinstance.py:3900} INFO - 0 downstream tasks scheduled from follow-on schedule check
[2025-02-08T19:00:32.112+0000] {local_task_job_runner.py:245} INFO - ::endgroup::
[2025-02-08T20:40:30.003+0000] {local_task_job_runner.py:123} INFO - ::group::Pre task execution logs
[2025-02-08T20:40:30.026+0000] {taskinstance.py:2612} INFO - Dependencies all met for dep_context=non-requeueable deps ti=<TaskInstance: account_dim_gen.generate_account_dim_data scheduled__2024-11-13T00:00:00+00:00 [queued]>
[2025-02-08T20:40:30.051+0000] {taskinstance.py:2612} INFO - Dependencies all met for dep_context=requeueable deps ti=<TaskInstance: account_dim_gen.generate_account_dim_data scheduled__2024-11-13T00:00:00+00:00 [queued]>
[2025-02-08T20:40:30.053+0000] {taskinstance.py:2865} INFO - Starting attempt 1 of 1
[2025-02-08T20:40:30.082+0000] {taskinstance.py:2888} INFO - Executing <Task(PythonOperator): generate_account_dim_data> on 2024-11-13 00:00:00+00:00
[2025-02-08T20:40:30.095+0000] {logging_mixin.py:190} WARNING - /home/***/.local/lib/python3.12/site-packages/***/task/task_runner/standard_task_runner.py:70 DeprecationWarning: This process (pid=1332) is multi-threaded, use of fork() may lead to deadlocks in the child.
[2025-02-08T20:40:30.101+0000] {standard_task_runner.py:72} INFO - Started process 1366 to run task
[2025-02-08T20:40:30.095+0000] {standard_task_runner.py:104} INFO - Running: ['***', 'tasks', 'run', 'account_dim_gen', 'generate_account_dim_data', 'scheduled__2024-11-13T00:00:00+00:00', '--job-id', '184', '--raw', '--subdir', 'DAGS_FOLDER/account_dim_gen.py', '--cfg-path', '/tmp/tmp7pnhjq7k']
[2025-02-08T20:40:30.111+0000] {standard_task_runner.py:105} INFO - Job 184: Subtask generate_account_dim_data
[2025-02-08T20:40:30.199+0000] {task_command.py:467} INFO - Running <TaskInstance: account_dim_gen.generate_account_dim_data scheduled__2024-11-13T00:00:00+00:00 [running]> on host 7e959c1a2a8b
[2025-02-08T20:40:30.347+0000] {taskinstance.py:3131} INFO - Exporting env vars: AIRFLOW_CTX_DAG_OWNER='Saleh' AIRFLOW_CTX_DAG_ID='account_dim_gen' AIRFLOW_CTX_TASK_ID='generate_account_dim_data' AIRFLOW_CTX_EXECUTION_DATE='2024-11-13T00:00:00+00:00' AIRFLOW_CTX_TRY_NUMBER='1' AIRFLOW_CTX_DAG_RUN_ID='scheduled__2024-11-13T00:00:00+00:00'
[2025-02-08T20:40:30.348+0000] {taskinstance.py:731} INFO - ::endgroup::
[2025-02-08T20:40:30.379+0000] {logging_mixin.py:190} INFO - CSV file ./account_dim_large_data.csv with 50 row has been generated successfully!
[2025-02-08T20:40:30.380+0000] {python.py:240} INFO - Done. Returned value was: None
[2025-02-08T20:40:30.395+0000] {taskinstance.py:340} INFO - ::group::Post task execution logs
[2025-02-08T20:40:30.396+0000] {taskinstance.py:352} INFO - Marking task as SUCCESS. dag_id=account_dim_gen, task_id=generate_account_dim_data, run_id=scheduled__2024-11-13T00:00:00+00:00, execution_date=20241113T000000, start_date=20250208T204030, end_date=20250208T204030
[2025-02-08T20:40:30.450+0000] {local_task_job_runner.py:266} INFO - Task exited with return code 0
[2025-02-08T20:40:30.457+0000] {local_task_job_runner.py:245} INFO - ::endgroup::
