[2025-02-08T19:02:28.243+0000] {local_task_job_runner.py:123} INFO - ::group::Pre task execution logs
[2025-02-08T19:02:28.264+0000] {taskinstance.py:2612} INFO - Dependencies all met for dep_context=non-requeueable deps ti=<TaskInstance: branch_dim_gen.generate_branch_dim_data scheduled__2024-10-16T00:00:00+00:00 [queued]>
[2025-02-08T19:02:28.278+0000] {taskinstance.py:2612} INFO - Dependencies all met for dep_context=requeueable deps ti=<TaskInstance: branch_dim_gen.generate_branch_dim_data scheduled__2024-10-16T00:00:00+00:00 [queued]>
[2025-02-08T19:02:28.279+0000] {taskinstance.py:2865} INFO - Starting attempt 1 of 1
[2025-02-08T19:02:28.380+0000] {taskinstance.py:2888} INFO - Executing <Task(PythonOperator): generate_branch_dim_data> on 2024-10-16 00:00:00+00:00
[2025-02-08T19:02:28.393+0000] {logging_mixin.py:190} WARNING - /home/***/.local/lib/python3.12/site-packages/***/task/task_runner/standard_task_runner.py:70 DeprecationWarning: This process (pid=1438) is multi-threaded, use of fork() may lead to deadlocks in the child.
[2025-02-08T19:02:28.394+0000] {standard_task_runner.py:72} INFO - Started process 1457 to run task
[2025-02-08T19:02:28.394+0000] {standard_task_runner.py:104} INFO - Running: ['***', 'tasks', 'run', 'branch_dim_gen', 'generate_branch_dim_data', 'scheduled__2024-10-16T00:00:00+00:00', '--job-id', '220', '--raw', '--subdir', 'DAGS_FOLDER/brnach_dim_gen.py', '--cfg-path', '/tmp/tmpqxowfmve']
[2025-02-08T19:02:28.396+0000] {standard_task_runner.py:105} INFO - Job 220: Subtask generate_branch_dim_data
[2025-02-08T19:02:28.506+0000] {task_command.py:467} INFO - Running <TaskInstance: branch_dim_gen.generate_branch_dim_data scheduled__2024-10-16T00:00:00+00:00 [running]> on host 2c1cd59afcc0
[2025-02-08T19:02:28.655+0000] {taskinstance.py:3131} INFO - Exporting env vars: AIRFLOW_CTX_DAG_OWNER='Saleh' AIRFLOW_CTX_DAG_ID='branch_dim_gen' AIRFLOW_CTX_TASK_ID='generate_branch_dim_data' AIRFLOW_CTX_EXECUTION_DATE='2024-10-16T00:00:00+00:00' AIRFLOW_CTX_TRY_NUMBER='1' AIRFLOW_CTX_DAG_RUN_ID='scheduled__2024-10-16T00:00:00+00:00'
[2025-02-08T19:02:28.659+0000] {taskinstance.py:731} INFO - ::endgroup::
[2025-02-08T19:02:28.692+0000] {logging_mixin.py:190} INFO - CSV file './branch_dim_large_data.csv' with 50 rows has been generated successfully.
[2025-02-08T19:02:28.693+0000] {python.py:240} INFO - Done. Returned value was: None
[2025-02-08T19:02:28.711+0000] {taskinstance.py:340} INFO - ::group::Post task execution logs
[2025-02-08T19:02:28.712+0000] {taskinstance.py:352} INFO - Marking task as SUCCESS. dag_id=branch_dim_gen, task_id=generate_branch_dim_data, run_id=scheduled__2024-10-16T00:00:00+00:00, execution_date=20241016T000000, start_date=20250208T190228, end_date=20250208T190228
[2025-02-08T19:02:28.738+0000] {local_task_job_runner.py:266} INFO - Task exited with return code 0
[2025-02-08T19:02:28.778+0000] {taskinstance.py:3900} INFO - 0 downstream tasks scheduled from follow-on schedule check
[2025-02-08T19:02:28.807+0000] {local_task_job_runner.py:245} INFO - ::endgroup::
[2025-02-08T20:40:06.290+0000] {local_task_job_runner.py:123} INFO - ::group::Pre task execution logs
[2025-02-08T20:40:06.317+0000] {taskinstance.py:2612} INFO - Dependencies all met for dep_context=non-requeueable deps ti=<TaskInstance: branch_dim_gen.generate_branch_dim_data scheduled__2024-10-16T00:00:00+00:00 [queued]>
[2025-02-08T20:40:06.331+0000] {taskinstance.py:2612} INFO - Dependencies all met for dep_context=requeueable deps ti=<TaskInstance: branch_dim_gen.generate_branch_dim_data scheduled__2024-10-16T00:00:00+00:00 [queued]>
[2025-02-08T20:40:06.332+0000] {taskinstance.py:2865} INFO - Starting attempt 1 of 1
[2025-02-08T20:40:06.357+0000] {taskinstance.py:2888} INFO - Executing <Task(PythonOperator): generate_branch_dim_data> on 2024-10-16 00:00:00+00:00
[2025-02-08T20:40:06.376+0000] {logging_mixin.py:190} WARNING - /home/***/.local/lib/python3.12/site-packages/***/task/task_runner/standard_task_runner.py:70 DeprecationWarning: This process (pid=989) is multi-threaded, use of fork() may lead to deadlocks in the child.
[2025-02-08T20:40:06.378+0000] {standard_task_runner.py:72} INFO - Started process 1019 to run task
[2025-02-08T20:40:06.381+0000] {standard_task_runner.py:104} INFO - Running: ['***', 'tasks', 'run', 'branch_dim_gen', 'generate_branch_dim_data', 'scheduled__2024-10-16T00:00:00+00:00', '--job-id', '104', '--raw', '--subdir', 'DAGS_FOLDER/brnach_dim_gen.py', '--cfg-path', '/tmp/tmpvf766u9n']
[2025-02-08T20:40:06.386+0000] {standard_task_runner.py:105} INFO - Job 104: Subtask generate_branch_dim_data
[2025-02-08T20:40:06.534+0000] {task_command.py:467} INFO - Running <TaskInstance: branch_dim_gen.generate_branch_dim_data scheduled__2024-10-16T00:00:00+00:00 [running]> on host 7e959c1a2a8b
[2025-02-08T20:40:06.727+0000] {taskinstance.py:3131} INFO - Exporting env vars: AIRFLOW_CTX_DAG_OWNER='Saleh' AIRFLOW_CTX_DAG_ID='branch_dim_gen' AIRFLOW_CTX_TASK_ID='generate_branch_dim_data' AIRFLOW_CTX_EXECUTION_DATE='2024-10-16T00:00:00+00:00' AIRFLOW_CTX_TRY_NUMBER='1' AIRFLOW_CTX_DAG_RUN_ID='scheduled__2024-10-16T00:00:00+00:00'
[2025-02-08T20:40:06.734+0000] {taskinstance.py:731} INFO - ::endgroup::
[2025-02-08T20:40:06.787+0000] {logging_mixin.py:190} INFO - CSV file './branch_dim_large_data.csv' with 50 rows has been generated successfully.
[2025-02-08T20:40:06.791+0000] {python.py:240} INFO - Done. Returned value was: None
[2025-02-08T20:40:06.809+0000] {taskinstance.py:340} INFO - ::group::Post task execution logs
[2025-02-08T20:40:06.813+0000] {taskinstance.py:352} INFO - Marking task as SUCCESS. dag_id=branch_dim_gen, task_id=generate_branch_dim_data, run_id=scheduled__2024-10-16T00:00:00+00:00, execution_date=20241016T000000, start_date=20250208T204006, end_date=20250208T204006
[2025-02-08T20:40:06.857+0000] {local_task_job_runner.py:266} INFO - Task exited with return code 0
[2025-02-08T20:40:06.873+0000] {local_task_job_runner.py:245} INFO - ::endgroup::
