[2025-02-09T18:22:50.332+0000] {local_task_job_runner.py:123} INFO - ::group::Pre task execution logs
[2025-02-09T18:22:50.344+0000] {taskinstance.py:2612} INFO - Dependencies all met for dep_context=non-requeueable deps ti=<TaskInstance: schema_dag.submit_schema manual__2025-02-09T18:22:46.961595+00:00 [queued]>
[2025-02-09T18:22:50.350+0000] {taskinstance.py:2612} INFO - Dependencies all met for dep_context=requeueable deps ti=<TaskInstance: schema_dag.submit_schema manual__2025-02-09T18:22:46.961595+00:00 [queued]>
[2025-02-09T18:22:50.351+0000] {taskinstance.py:2865} INFO - Starting attempt 1 of 1
[2025-02-09T18:22:50.361+0000] {taskinstance.py:2888} INFO - Executing <Task(PinotSchemaSubmitOperator): submit_schema> on 2025-02-09 18:22:46.961595+00:00
[2025-02-09T18:22:50.370+0000] {logging_mixin.py:190} WARNING - /home/***/.local/lib/python3.12/site-packages/***/task/task_runner/standard_task_runner.py:70 DeprecationWarning: This process (pid=4325) is multi-threaded, use of fork() may lead to deadlocks in the child.
[2025-02-09T18:22:50.371+0000] {standard_task_runner.py:72} INFO - Started process 4327 to run task
[2025-02-09T18:22:50.370+0000] {standard_task_runner.py:104} INFO - Running: ['***', 'tasks', 'run', 'schema_dag', 'submit_schema', 'manual__2025-02-09T18:22:46.961595+00:00', '--job-id', '795', '--raw', '--subdir', 'DAGS_FOLDER/schema_dag.py', '--cfg-path', '/tmp/tmpvmcmz6kb']
[2025-02-09T18:22:50.372+0000] {standard_task_runner.py:105} INFO - Job 795: Subtask submit_schema
[2025-02-09T18:22:50.411+0000] {task_command.py:467} INFO - Running <TaskInstance: schema_dag.submit_schema manual__2025-02-09T18:22:46.961595+00:00 [running]> on host 3aeaa30cef4e
[2025-02-09T18:22:50.481+0000] {taskinstance.py:3131} INFO - Exporting env vars: AIRFLOW_CTX_DAG_OWNER='Saleh' AIRFLOW_CTX_DAG_ID='schema_dag' AIRFLOW_CTX_TASK_ID='submit_schema' AIRFLOW_CTX_EXECUTION_DATE='2025-02-09T18:22:46.961595+00:00' AIRFLOW_CTX_TRY_NUMBER='1' AIRFLOW_CTX_DAG_RUN_ID='manual__2025-02-09T18:22:46.961595+00:00'
[2025-02-09T18:22:50.482+0000] {taskinstance.py:731} INFO - ::endgroup::
[2025-02-09T18:22:50.591+0000] {pinot_schema_operator.py:34} INFO - Schema successfully submitted toApache Pinot! /opt/***/dags/schemas/account_dim_schema.json
[2025-02-09T18:22:50.611+0000] {pinot_schema_operator.py:34} INFO - Schema successfully submitted toApache Pinot! /opt/***/dags/schemas/branch_dim_schema.json
[2025-02-09T18:22:50.632+0000] {pinot_schema_operator.py:34} INFO - Schema successfully submitted toApache Pinot! /opt/***/dags/schemas/customer_dim_schema.json
[2025-02-09T18:22:50.664+0000] {pinot_schema_operator.py:34} INFO - Schema successfully submitted toApache Pinot! /opt/***/dags/schemas/transaction_facts_dim_schema.json
[2025-02-09T18:22:50.673+0000] {taskinstance.py:340} INFO - ::group::Post task execution logs
[2025-02-09T18:22:50.674+0000] {taskinstance.py:352} INFO - Marking task as SUCCESS. dag_id=schema_dag, task_id=submit_schema, run_id=manual__2025-02-09T18:22:46.961595+00:00, execution_date=20250209T182246, start_date=20250209T182250, end_date=20250209T182250
[2025-02-09T18:22:50.705+0000] {local_task_job_runner.py:266} INFO - Task exited with return code 0
[2025-02-09T18:22:50.720+0000] {taskinstance.py:3900} INFO - 0 downstream tasks scheduled from follow-on schedule check
[2025-02-09T18:22:50.722+0000] {local_task_job_runner.py:245} INFO - ::endgroup::
