[2025-02-08T19:02:14.044+0000] {local_task_job_runner.py:123} INFO - ::group::Pre task execution logs
[2025-02-08T19:02:14.064+0000] {taskinstance.py:2612} INFO - Dependencies all met for dep_context=non-requeueable deps ti=<TaskInstance: customer_dim_generator.generate_customer_dim_data scheduled__2024-10-24T00:00:00+00:00 [queued]>
[2025-02-08T19:02:14.074+0000] {taskinstance.py:2612} INFO - Dependencies all met for dep_context=requeueable deps ti=<TaskInstance: customer_dim_generator.generate_customer_dim_data scheduled__2024-10-24T00:00:00+00:00 [queued]>
[2025-02-08T19:02:14.074+0000] {taskinstance.py:2865} INFO - Starting attempt 1 of 1
[2025-02-08T19:02:14.122+0000] {taskinstance.py:2888} INFO - Executing <Task(PythonOperator): generate_customer_dim_data> on 2024-10-24 00:00:00+00:00
[2025-02-08T19:02:14.131+0000] {logging_mixin.py:190} WARNING - /home/***/.local/lib/python3.12/site-packages/***/task/task_runner/standard_task_runner.py:70 DeprecationWarning: This process (pid=1300) is multi-threaded, use of fork() may lead to deadlocks in the child.
[2025-02-08T19:02:14.132+0000] {standard_task_runner.py:104} INFO - Running: ['***', 'tasks', 'run', 'customer_dim_generator', 'generate_customer_dim_data', 'scheduled__2024-10-24T00:00:00+00:00', '--job-id', '191', '--raw', '--subdir', 'DAGS_FOLDER/customer_dim_gen.py', '--cfg-path', '/tmp/tmp2fi9a252']
[2025-02-08T19:02:14.137+0000] {standard_task_runner.py:72} INFO - Started process 1327 to run task
[2025-02-08T19:02:14.138+0000] {standard_task_runner.py:105} INFO - Job 191: Subtask generate_customer_dim_data
[2025-02-08T19:02:14.263+0000] {task_command.py:467} INFO - Running <TaskInstance: customer_dim_generator.generate_customer_dim_data scheduled__2024-10-24T00:00:00+00:00 [running]> on host 2c1cd59afcc0
[2025-02-08T19:02:14.417+0000] {taskinstance.py:3131} INFO - Exporting env vars: AIRFLOW_CTX_DAG_OWNER='Saleh' AIRFLOW_CTX_DAG_ID='customer_dim_generator' AIRFLOW_CTX_TASK_ID='generate_customer_dim_data' AIRFLOW_CTX_EXECUTION_DATE='2024-10-24T00:00:00+00:00' AIRFLOW_CTX_TRY_NUMBER='1' AIRFLOW_CTX_DAG_RUN_ID='scheduled__2024-10-24T00:00:00+00:00'
[2025-02-08T19:02:14.418+0000] {taskinstance.py:731} INFO - ::endgroup::
[2025-02-08T19:02:14.444+0000] {logging_mixin.py:190} INFO - CSV file './customer_dim_large_data.csv' with 100 rows has been generated successfully.
[2025-02-08T19:02:14.445+0000] {python.py:240} INFO - Done. Returned value was: None
[2025-02-08T19:02:14.458+0000] {taskinstance.py:340} INFO - ::group::Post task execution logs
[2025-02-08T19:02:14.460+0000] {taskinstance.py:352} INFO - Marking task as SUCCESS. dag_id=customer_dim_generator, task_id=generate_customer_dim_data, run_id=scheduled__2024-10-24T00:00:00+00:00, execution_date=20241024T000000, start_date=20250208T190214, end_date=20250208T190214
[2025-02-08T19:02:14.502+0000] {local_task_job_runner.py:266} INFO - Task exited with return code 0
[2025-02-08T19:02:14.574+0000] {taskinstance.py:3900} INFO - 0 downstream tasks scheduled from follow-on schedule check
[2025-02-08T19:02:14.612+0000] {local_task_job_runner.py:245} INFO - ::endgroup::
[2025-02-08T20:39:51.106+0000] {local_task_job_runner.py:123} INFO - ::group::Pre task execution logs
[2025-02-08T20:39:51.123+0000] {taskinstance.py:2612} INFO - Dependencies all met for dep_context=non-requeueable deps ti=<TaskInstance: customer_dim_generator.generate_customer_dim_data scheduled__2024-10-24T00:00:00+00:00 [queued]>
[2025-02-08T20:39:51.134+0000] {taskinstance.py:2612} INFO - Dependencies all met for dep_context=requeueable deps ti=<TaskInstance: customer_dim_generator.generate_customer_dim_data scheduled__2024-10-24T00:00:00+00:00 [queued]>
[2025-02-08T20:39:51.135+0000] {taskinstance.py:2865} INFO - Starting attempt 1 of 1
[2025-02-08T20:39:51.152+0000] {taskinstance.py:2888} INFO - Executing <Task(PythonOperator): generate_customer_dim_data> on 2024-10-24 00:00:00+00:00
[2025-02-08T20:39:51.162+0000] {logging_mixin.py:190} WARNING - /home/***/.local/lib/python3.12/site-packages/***/task/task_runner/standard_task_runner.py:70 DeprecationWarning: This process (pid=791) is multi-threaded, use of fork() may lead to deadlocks in the child.
[2025-02-08T20:39:51.164+0000] {standard_task_runner.py:72} INFO - Started process 807 to run task
[2025-02-08T20:39:51.164+0000] {standard_task_runner.py:104} INFO - Running: ['***', 'tasks', 'run', 'customer_dim_generator', 'generate_customer_dim_data', 'scheduled__2024-10-24T00:00:00+00:00', '--job-id', '52', '--raw', '--subdir', 'DAGS_FOLDER/customer_dim_gen.py', '--cfg-path', '/tmp/tmpem8ba8cg']
[2025-02-08T20:39:51.166+0000] {standard_task_runner.py:105} INFO - Job 52: Subtask generate_customer_dim_data
[2025-02-08T20:39:51.215+0000] {task_command.py:467} INFO - Running <TaskInstance: customer_dim_generator.generate_customer_dim_data scheduled__2024-10-24T00:00:00+00:00 [running]> on host 7e959c1a2a8b
[2025-02-08T20:39:51.368+0000] {taskinstance.py:3131} INFO - Exporting env vars: AIRFLOW_CTX_DAG_OWNER='Saleh' AIRFLOW_CTX_DAG_ID='customer_dim_generator' AIRFLOW_CTX_TASK_ID='generate_customer_dim_data' AIRFLOW_CTX_EXECUTION_DATE='2024-10-24T00:00:00+00:00' AIRFLOW_CTX_TRY_NUMBER='1' AIRFLOW_CTX_DAG_RUN_ID='scheduled__2024-10-24T00:00:00+00:00'
[2025-02-08T20:39:51.370+0000] {taskinstance.py:731} INFO - ::endgroup::
[2025-02-08T20:39:51.411+0000] {logging_mixin.py:190} INFO - CSV file './customer_dim_large_data.csv' with 100 rows has been generated successfully.
[2025-02-08T20:39:51.414+0000] {python.py:240} INFO - Done. Returned value was: None
[2025-02-08T20:39:51.432+0000] {taskinstance.py:340} INFO - ::group::Post task execution logs
[2025-02-08T20:39:51.434+0000] {taskinstance.py:352} INFO - Marking task as SUCCESS. dag_id=customer_dim_generator, task_id=generate_customer_dim_data, run_id=scheduled__2024-10-24T00:00:00+00:00, execution_date=20241024T000000, start_date=20250208T203951, end_date=20250208T203951
[2025-02-08T20:39:51.463+0000] {local_task_job_runner.py:266} INFO - Task exited with return code 0
[2025-02-08T20:39:51.476+0000] {local_task_job_runner.py:245} INFO - ::endgroup::
[2025-02-08T20:42:52.437+0000] {local_task_job_runner.py:123} INFO - ::group::Pre task execution logs
[2025-02-08T20:42:52.453+0000] {taskinstance.py:2612} INFO - Dependencies all met for dep_context=non-requeueable deps ti=<TaskInstance: customer_dim_generator.generate_customer_dim_data scheduled__2024-10-24T00:00:00+00:00 [queued]>
[2025-02-08T20:42:52.460+0000] {taskinstance.py:2612} INFO - Dependencies all met for dep_context=requeueable deps ti=<TaskInstance: customer_dim_generator.generate_customer_dim_data scheduled__2024-10-24T00:00:00+00:00 [queued]>
[2025-02-08T20:42:52.461+0000] {taskinstance.py:2865} INFO - Starting attempt 1 of 1
[2025-02-08T20:42:52.485+0000] {taskinstance.py:2888} INFO - Executing <Task(PythonOperator): generate_customer_dim_data> on 2024-10-24 00:00:00+00:00
[2025-02-08T20:42:52.494+0000] {logging_mixin.py:190} WARNING - /home/***/.local/lib/python3.12/site-packages/***/task/task_runner/standard_task_runner.py:70 DeprecationWarning: This process (pid=453) is multi-threaded, use of fork() may lead to deadlocks in the child.
[2025-02-08T20:42:52.495+0000] {standard_task_runner.py:72} INFO - Started process 472 to run task
[2025-02-08T20:42:52.494+0000] {standard_task_runner.py:104} INFO - Running: ['***', 'tasks', 'run', 'customer_dim_generator', 'generate_customer_dim_data', 'scheduled__2024-10-24T00:00:00+00:00', '--job-id', '422', '--raw', '--subdir', 'DAGS_FOLDER/customer_dim_gen.py', '--cfg-path', '/tmp/tmpkdue2o_c']
[2025-02-08T20:42:52.496+0000] {standard_task_runner.py:105} INFO - Job 422: Subtask generate_customer_dim_data
[2025-02-08T20:42:52.541+0000] {task_command.py:467} INFO - Running <TaskInstance: customer_dim_generator.generate_customer_dim_data scheduled__2024-10-24T00:00:00+00:00 [running]> on host 86932746817d
[2025-02-08T20:42:52.630+0000] {taskinstance.py:3131} INFO - Exporting env vars: AIRFLOW_CTX_DAG_OWNER='Saleh' AIRFLOW_CTX_DAG_ID='customer_dim_generator' AIRFLOW_CTX_TASK_ID='generate_customer_dim_data' AIRFLOW_CTX_EXECUTION_DATE='2024-10-24T00:00:00+00:00' AIRFLOW_CTX_TRY_NUMBER='1' AIRFLOW_CTX_DAG_RUN_ID='scheduled__2024-10-24T00:00:00+00:00'
[2025-02-08T20:42:52.631+0000] {taskinstance.py:731} INFO - ::endgroup::
[2025-02-08T20:42:52.649+0000] {logging_mixin.py:190} INFO - CSV file './customer_dim_large_data.csv' with 100 rows has been generated successfully.
[2025-02-08T20:42:52.649+0000] {python.py:240} INFO - Done. Returned value was: None
[2025-02-08T20:42:52.660+0000] {taskinstance.py:340} INFO - ::group::Post task execution logs
[2025-02-08T20:42:52.661+0000] {taskinstance.py:352} INFO - Marking task as SUCCESS. dag_id=customer_dim_generator, task_id=generate_customer_dim_data, run_id=scheduled__2024-10-24T00:00:00+00:00, execution_date=20241024T000000, start_date=20250208T204252, end_date=20250208T204252
[2025-02-08T20:42:52.709+0000] {local_task_job_runner.py:266} INFO - Task exited with return code 0
[2025-02-08T20:42:52.726+0000] {taskinstance.py:3900} INFO - 0 downstream tasks scheduled from follow-on schedule check
[2025-02-08T20:42:52.733+0000] {local_task_job_runner.py:245} INFO - ::endgroup::
