[2025-02-08T19:02:57.261+0000] {local_task_job_runner.py:123} INFO - ::group::Pre task execution logs
[2025-02-08T19:02:57.280+0000] {taskinstance.py:2612} INFO - Dependencies all met for dep_context=non-requeueable deps ti=<TaskInstance: customer_dim_generator.generate_customer_dim_data scheduled__2024-12-20T00:00:00+00:00 [queued]>
[2025-02-08T19:02:57.292+0000] {taskinstance.py:2612} INFO - Dependencies all met for dep_context=requeueable deps ti=<TaskInstance: customer_dim_generator.generate_customer_dim_data scheduled__2024-12-20T00:00:00+00:00 [queued]>
[2025-02-08T19:02:57.293+0000] {taskinstance.py:2865} INFO - Starting attempt 1 of 1
[2025-02-08T19:02:57.310+0000] {taskinstance.py:2888} INFO - Executing <Task(PythonOperator): generate_customer_dim_data> on 2024-12-20 00:00:00+00:00
[2025-02-08T19:02:57.319+0000] {logging_mixin.py:190} WARNING - /home/***/.local/lib/python3.12/site-packages/***/task/task_runner/standard_task_runner.py:70 DeprecationWarning: This process (pid=1783) is multi-threaded, use of fork() may lead to deadlocks in the child.
[2025-02-08T19:02:57.322+0000] {standard_task_runner.py:72} INFO - Started process 1811 to run task
[2025-02-08T19:02:57.321+0000] {standard_task_runner.py:104} INFO - Running: ['***', 'tasks', 'run', 'customer_dim_generator', 'generate_customer_dim_data', 'scheduled__2024-12-20T00:00:00+00:00', '--job-id', '304', '--raw', '--subdir', 'DAGS_FOLDER/customer_dim_gen.py', '--cfg-path', '/tmp/tmpvirrgvsv']
[2025-02-08T19:02:57.324+0000] {standard_task_runner.py:105} INFO - Job 304: Subtask generate_customer_dim_data
[2025-02-08T19:02:57.393+0000] {task_command.py:467} INFO - Running <TaskInstance: customer_dim_generator.generate_customer_dim_data scheduled__2024-12-20T00:00:00+00:00 [running]> on host 2c1cd59afcc0
[2025-02-08T19:02:57.486+0000] {taskinstance.py:3131} INFO - Exporting env vars: AIRFLOW_CTX_DAG_OWNER='Saleh' AIRFLOW_CTX_DAG_ID='customer_dim_generator' AIRFLOW_CTX_TASK_ID='generate_customer_dim_data' AIRFLOW_CTX_EXECUTION_DATE='2024-12-20T00:00:00+00:00' AIRFLOW_CTX_TRY_NUMBER='1' AIRFLOW_CTX_DAG_RUN_ID='scheduled__2024-12-20T00:00:00+00:00'
[2025-02-08T19:02:57.488+0000] {taskinstance.py:731} INFO - ::endgroup::
[2025-02-08T19:02:57.508+0000] {logging_mixin.py:190} INFO - CSV file './customer_dim_large_data.csv' with 100 rows has been generated successfully.
[2025-02-08T19:02:57.509+0000] {python.py:240} INFO - Done. Returned value was: None
[2025-02-08T19:02:57.518+0000] {taskinstance.py:340} INFO - ::group::Post task execution logs
[2025-02-08T19:02:57.519+0000] {taskinstance.py:352} INFO - Marking task as SUCCESS. dag_id=customer_dim_generator, task_id=generate_customer_dim_data, run_id=scheduled__2024-12-20T00:00:00+00:00, execution_date=20241220T000000, start_date=20250208T190257, end_date=20250208T190257
[2025-02-08T19:02:57.540+0000] {local_task_job_runner.py:266} INFO - Task exited with return code 0
[2025-02-08T19:02:57.557+0000] {taskinstance.py:3900} INFO - 0 downstream tasks scheduled from follow-on schedule check
[2025-02-08T19:02:57.563+0000] {local_task_job_runner.py:245} INFO - ::endgroup::
[2025-02-08T20:40:41.889+0000] {local_task_job_runner.py:123} INFO - ::group::Pre task execution logs
[2025-02-08T20:40:41.906+0000] {taskinstance.py:2612} INFO - Dependencies all met for dep_context=non-requeueable deps ti=<TaskInstance: customer_dim_generator.generate_customer_dim_data scheduled__2024-12-20T00:00:00+00:00 [queued]>
[2025-02-08T20:40:41.915+0000] {taskinstance.py:2612} INFO - Dependencies all met for dep_context=requeueable deps ti=<TaskInstance: customer_dim_generator.generate_customer_dim_data scheduled__2024-12-20T00:00:00+00:00 [queued]>
[2025-02-08T20:40:41.916+0000] {taskinstance.py:2865} INFO - Starting attempt 1 of 1
[2025-02-08T20:40:41.942+0000] {taskinstance.py:2888} INFO - Executing <Task(PythonOperator): generate_customer_dim_data> on 2024-12-20 00:00:00+00:00
[2025-02-08T20:40:41.955+0000] {logging_mixin.py:190} WARNING - /home/***/.local/lib/python3.12/site-packages/***/task/task_runner/standard_task_runner.py:70 DeprecationWarning: This process (pid=1525) is multi-threaded, use of fork() may lead to deadlocks in the child.
[2025-02-08T20:40:41.956+0000] {standard_task_runner.py:72} INFO - Started process 1550 to run task
[2025-02-08T20:40:41.956+0000] {standard_task_runner.py:104} INFO - Running: ['***', 'tasks', 'run', 'customer_dim_generator', 'generate_customer_dim_data', 'scheduled__2024-12-20T00:00:00+00:00', '--job-id', '225', '--raw', '--subdir', 'DAGS_FOLDER/customer_dim_gen.py', '--cfg-path', '/tmp/tmpsatxxns5']
[2025-02-08T20:40:41.958+0000] {standard_task_runner.py:105} INFO - Job 225: Subtask generate_customer_dim_data
[2025-02-08T20:40:42.043+0000] {task_command.py:467} INFO - Running <TaskInstance: customer_dim_generator.generate_customer_dim_data scheduled__2024-12-20T00:00:00+00:00 [running]> on host 7e959c1a2a8b
[2025-02-08T20:40:42.168+0000] {taskinstance.py:3131} INFO - Exporting env vars: AIRFLOW_CTX_DAG_OWNER='Saleh' AIRFLOW_CTX_DAG_ID='customer_dim_generator' AIRFLOW_CTX_TASK_ID='generate_customer_dim_data' AIRFLOW_CTX_EXECUTION_DATE='2024-12-20T00:00:00+00:00' AIRFLOW_CTX_TRY_NUMBER='1' AIRFLOW_CTX_DAG_RUN_ID='scheduled__2024-12-20T00:00:00+00:00'
[2025-02-08T20:40:42.170+0000] {taskinstance.py:731} INFO - ::endgroup::
[2025-02-08T20:40:42.204+0000] {logging_mixin.py:190} INFO - CSV file './customer_dim_large_data.csv' with 100 rows has been generated successfully.
[2025-02-08T20:40:42.205+0000] {python.py:240} INFO - Done. Returned value was: None
[2025-02-08T20:40:42.234+0000] {taskinstance.py:340} INFO - ::group::Post task execution logs
[2025-02-08T20:40:42.235+0000] {taskinstance.py:352} INFO - Marking task as SUCCESS. dag_id=customer_dim_generator, task_id=generate_customer_dim_data, run_id=scheduled__2024-12-20T00:00:00+00:00, execution_date=20241220T000000, start_date=20250208T204041, end_date=20250208T204042
[2025-02-08T20:40:42.299+0000] {local_task_job_runner.py:266} INFO - Task exited with return code 0
[2025-02-08T20:40:42.309+0000] {local_task_job_runner.py:245} INFO - ::endgroup::
[2025-02-08T20:43:25.318+0000] {local_task_job_runner.py:123} INFO - ::group::Pre task execution logs
[2025-02-08T20:43:25.335+0000] {taskinstance.py:2612} INFO - Dependencies all met for dep_context=non-requeueable deps ti=<TaskInstance: customer_dim_generator.generate_customer_dim_data scheduled__2024-12-20T00:00:00+00:00 [queued]>
[2025-02-08T20:43:25.344+0000] {taskinstance.py:2612} INFO - Dependencies all met for dep_context=requeueable deps ti=<TaskInstance: customer_dim_generator.generate_customer_dim_data scheduled__2024-12-20T00:00:00+00:00 [queued]>
[2025-02-08T20:43:25.345+0000] {taskinstance.py:2865} INFO - Starting attempt 1 of 1
[2025-02-08T20:43:25.426+0000] {taskinstance.py:2888} INFO - Executing <Task(PythonOperator): generate_customer_dim_data> on 2024-12-20 00:00:00+00:00
[2025-02-08T20:43:25.433+0000] {logging_mixin.py:190} WARNING - /home/***/.local/lib/python3.12/site-packages/***/task/task_runner/standard_task_runner.py:70 DeprecationWarning: This process (pid=712) is multi-threaded, use of fork() may lead to deadlocks in the child.
[2025-02-08T20:43:25.434+0000] {standard_task_runner.py:72} INFO - Started process 732 to run task
[2025-02-08T20:43:25.434+0000] {standard_task_runner.py:104} INFO - Running: ['***', 'tasks', 'run', 'customer_dim_generator', 'generate_customer_dim_data', 'scheduled__2024-12-20T00:00:00+00:00', '--job-id', '479', '--raw', '--subdir', 'DAGS_FOLDER/customer_dim_gen.py', '--cfg-path', '/tmp/tmpga24stt3']
[2025-02-08T20:43:25.436+0000] {standard_task_runner.py:105} INFO - Job 479: Subtask generate_customer_dim_data
[2025-02-08T20:43:25.479+0000] {task_command.py:467} INFO - Running <TaskInstance: customer_dim_generator.generate_customer_dim_data scheduled__2024-12-20T00:00:00+00:00 [running]> on host 86932746817d
[2025-02-08T20:43:25.555+0000] {taskinstance.py:3131} INFO - Exporting env vars: AIRFLOW_CTX_DAG_OWNER='Saleh' AIRFLOW_CTX_DAG_ID='customer_dim_generator' AIRFLOW_CTX_TASK_ID='generate_customer_dim_data' AIRFLOW_CTX_EXECUTION_DATE='2024-12-20T00:00:00+00:00' AIRFLOW_CTX_TRY_NUMBER='1' AIRFLOW_CTX_DAG_RUN_ID='scheduled__2024-12-20T00:00:00+00:00'
[2025-02-08T20:43:25.556+0000] {taskinstance.py:731} INFO - ::endgroup::
[2025-02-08T20:43:25.574+0000] {logging_mixin.py:190} INFO - CSV file './customer_dim_large_data.csv' with 100 rows has been generated successfully.
[2025-02-08T20:43:25.574+0000] {python.py:240} INFO - Done. Returned value was: None
[2025-02-08T20:43:25.583+0000] {taskinstance.py:340} INFO - ::group::Post task execution logs
[2025-02-08T20:43:25.584+0000] {taskinstance.py:352} INFO - Marking task as SUCCESS. dag_id=customer_dim_generator, task_id=generate_customer_dim_data, run_id=scheduled__2024-12-20T00:00:00+00:00, execution_date=20241220T000000, start_date=20250208T204325, end_date=20250208T204325
[2025-02-08T20:43:25.690+0000] {local_task_job_runner.py:266} INFO - Task exited with return code 0
[2025-02-08T20:43:25.704+0000] {taskinstance.py:3900} INFO - 0 downstream tasks scheduled from follow-on schedule check
[2025-02-08T20:43:25.706+0000] {local_task_job_runner.py:245} INFO - ::endgroup::
