[2025-02-08T19:00:25.864+0000] {local_task_job_runner.py:123} INFO - ::group::Pre task execution logs
[2025-02-08T19:00:25.878+0000] {taskinstance.py:2612} INFO - Dependencies all met for dep_context=non-requeueable deps ti=<TaskInstance: account_dim_gen.generate_account_dim_data scheduled__2024-11-01T00:00:00+00:00 [queued]>
[2025-02-08T19:00:25.887+0000] {taskinstance.py:2612} INFO - Dependencies all met for dep_context=requeueable deps ti=<TaskInstance: account_dim_gen.generate_account_dim_data scheduled__2024-11-01T00:00:00+00:00 [queued]>
[2025-02-08T19:00:25.887+0000] {taskinstance.py:2865} INFO - Starting attempt 1 of 1
[2025-02-08T19:00:25.901+0000] {taskinstance.py:2888} INFO - Executing <Task(PythonOperator): generate_account_dim_data> on 2024-11-01 00:00:00+00:00
[2025-02-08T19:00:25.911+0000] {logging_mixin.py:190} WARNING - /home/***/.local/lib/python3.12/site-packages/***/task/task_runner/standard_task_runner.py:70 DeprecationWarning: This process (pid=675) is multi-threaded, use of fork() may lead to deadlocks in the child.
[2025-02-08T19:00:25.912+0000] {standard_task_runner.py:72} INFO - Started process 696 to run task
[2025-02-08T19:00:25.911+0000] {standard_task_runner.py:104} INFO - Running: ['***', 'tasks', 'run', 'account_dim_gen', 'generate_account_dim_data', 'scheduled__2024-11-01T00:00:00+00:00', '--job-id', '56', '--raw', '--subdir', 'DAGS_FOLDER/account_dim_gen.py', '--cfg-path', '/tmp/tmpslredurt']
[2025-02-08T19:00:25.913+0000] {standard_task_runner.py:105} INFO - Job 56: Subtask generate_account_dim_data
[2025-02-08T19:00:25.951+0000] {task_command.py:467} INFO - Running <TaskInstance: account_dim_gen.generate_account_dim_data scheduled__2024-11-01T00:00:00+00:00 [running]> on host 2c1cd59afcc0
[2025-02-08T19:00:26.025+0000] {taskinstance.py:3131} INFO - Exporting env vars: AIRFLOW_CTX_DAG_OWNER='Saleh' AIRFLOW_CTX_DAG_ID='account_dim_gen' AIRFLOW_CTX_TASK_ID='generate_account_dim_data' AIRFLOW_CTX_EXECUTION_DATE='2024-11-01T00:00:00+00:00' AIRFLOW_CTX_TRY_NUMBER='1' AIRFLOW_CTX_DAG_RUN_ID='scheduled__2024-11-01T00:00:00+00:00'
[2025-02-08T19:00:26.026+0000] {taskinstance.py:731} INFO - ::endgroup::
[2025-02-08T19:00:26.046+0000] {logging_mixin.py:190} INFO - CSV file ./account_dim_large_data.csv with 50 row has been generated successfully!
[2025-02-08T19:00:26.047+0000] {python.py:240} INFO - Done. Returned value was: None
[2025-02-08T19:00:26.054+0000] {taskinstance.py:340} INFO - ::group::Post task execution logs
[2025-02-08T19:00:26.055+0000] {taskinstance.py:352} INFO - Marking task as SUCCESS. dag_id=account_dim_gen, task_id=generate_account_dim_data, run_id=scheduled__2024-11-01T00:00:00+00:00, execution_date=20241101T000000, start_date=20250208T190025, end_date=20250208T190026
[2025-02-08T19:00:26.087+0000] {local_task_job_runner.py:266} INFO - Task exited with return code 0
[2025-02-08T19:00:26.100+0000] {taskinstance.py:3900} INFO - 0 downstream tasks scheduled from follow-on schedule check
[2025-02-08T19:00:26.102+0000] {local_task_job_runner.py:245} INFO - ::endgroup::
[2025-02-08T20:40:21.182+0000] {local_task_job_runner.py:123} INFO - ::group::Pre task execution logs
[2025-02-08T20:40:21.228+0000] {taskinstance.py:2612} INFO - Dependencies all met for dep_context=non-requeueable deps ti=<TaskInstance: account_dim_gen.generate_account_dim_data scheduled__2024-11-01T00:00:00+00:00 [queued]>
[2025-02-08T20:40:21.249+0000] {taskinstance.py:2612} INFO - Dependencies all met for dep_context=requeueable deps ti=<TaskInstance: account_dim_gen.generate_account_dim_data scheduled__2024-11-01T00:00:00+00:00 [queued]>
[2025-02-08T20:40:21.267+0000] {taskinstance.py:2865} INFO - Starting attempt 1 of 1
[2025-02-08T20:40:21.484+0000] {taskinstance.py:2888} INFO - Executing <Task(PythonOperator): generate_account_dim_data> on 2024-11-01 00:00:00+00:00
[2025-02-08T20:40:21.502+0000] {logging_mixin.py:190} WARNING - /home/***/.local/lib/python3.12/site-packages/***/task/task_runner/standard_task_runner.py:70 DeprecationWarning: This process (pid=1200) is multi-threaded, use of fork() may lead to deadlocks in the child.
[2025-02-08T20:40:21.503+0000] {standard_task_runner.py:72} INFO - Started process 1225 to run task
[2025-02-08T20:40:21.512+0000] {standard_task_runner.py:104} INFO - Running: ['***', 'tasks', 'run', 'account_dim_gen', 'generate_account_dim_data', 'scheduled__2024-11-01T00:00:00+00:00', '--job-id', '148', '--raw', '--subdir', 'DAGS_FOLDER/account_dim_gen.py', '--cfg-path', '/tmp/tmpxpir2vzg']
[2025-02-08T20:40:21.515+0000] {standard_task_runner.py:105} INFO - Job 148: Subtask generate_account_dim_data
[2025-02-08T20:40:21.653+0000] {task_command.py:467} INFO - Running <TaskInstance: account_dim_gen.generate_account_dim_data scheduled__2024-11-01T00:00:00+00:00 [running]> on host 7e959c1a2a8b
[2025-02-08T20:40:21.961+0000] {taskinstance.py:3131} INFO - Exporting env vars: AIRFLOW_CTX_DAG_OWNER='Saleh' AIRFLOW_CTX_DAG_ID='account_dim_gen' AIRFLOW_CTX_TASK_ID='generate_account_dim_data' AIRFLOW_CTX_EXECUTION_DATE='2024-11-01T00:00:00+00:00' AIRFLOW_CTX_TRY_NUMBER='1' AIRFLOW_CTX_DAG_RUN_ID='scheduled__2024-11-01T00:00:00+00:00'
[2025-02-08T20:40:21.969+0000] {taskinstance.py:731} INFO - ::endgroup::
[2025-02-08T20:40:22.037+0000] {logging_mixin.py:190} INFO - CSV file ./account_dim_large_data.csv with 50 row has been generated successfully!
[2025-02-08T20:40:22.038+0000] {python.py:240} INFO - Done. Returned value was: None
[2025-02-08T20:40:22.077+0000] {taskinstance.py:340} INFO - ::group::Post task execution logs
[2025-02-08T20:40:22.086+0000] {taskinstance.py:352} INFO - Marking task as SUCCESS. dag_id=account_dim_gen, task_id=generate_account_dim_data, run_id=scheduled__2024-11-01T00:00:00+00:00, execution_date=20241101T000000, start_date=20250208T204021, end_date=20250208T204022
[2025-02-08T20:40:22.237+0000] {local_task_job_runner.py:266} INFO - Task exited with return code 0
[2025-02-08T20:40:22.273+0000] {taskinstance.py:3900} INFO - 0 downstream tasks scheduled from follow-on schedule check
[2025-02-08T20:40:22.279+0000] {local_task_job_runner.py:245} INFO - ::endgroup::
