[2025-02-08T19:00:51.527+0000] {local_task_job_runner.py:123} INFO - ::group::Pre task execution logs
[2025-02-08T19:00:51.545+0000] {taskinstance.py:2612} INFO - Dependencies all met for dep_context=non-requeueable deps ti=<TaskInstance: account_dim_gen.generate_account_dim_data scheduled__2024-12-13T00:00:00+00:00 [queued]>
[2025-02-08T19:00:51.553+0000] {taskinstance.py:2612} INFO - Dependencies all met for dep_context=requeueable deps ti=<TaskInstance: account_dim_gen.generate_account_dim_data scheduled__2024-12-13T00:00:00+00:00 [queued]>
[2025-02-08T19:00:51.554+0000] {taskinstance.py:2865} INFO - Starting attempt 1 of 1
[2025-02-08T19:00:51.632+0000] {taskinstance.py:2888} INFO - Executing <Task(PythonOperator): generate_account_dim_data> on 2024-12-13 00:00:00+00:00
[2025-02-08T19:00:51.641+0000] {logging_mixin.py:190} WARNING - /home/***/.local/lib/python3.12/site-packages/***/task/task_runner/standard_task_runner.py:70 DeprecationWarning: This process (pid=875) is multi-threaded, use of fork() may lead to deadlocks in the child.
[2025-02-08T19:00:51.642+0000] {standard_task_runner.py:72} INFO - Started process 892 to run task
[2025-02-08T19:00:51.641+0000] {standard_task_runner.py:104} INFO - Running: ['***', 'tasks', 'run', 'account_dim_gen', 'generate_account_dim_data', 'scheduled__2024-12-13T00:00:00+00:00', '--job-id', '98', '--raw', '--subdir', 'DAGS_FOLDER/account_dim_gen.py', '--cfg-path', '/tmp/tmp_yj8o75e']
[2025-02-08T19:00:51.644+0000] {standard_task_runner.py:105} INFO - Job 98: Subtask generate_account_dim_data
[2025-02-08T19:00:51.692+0000] {task_command.py:467} INFO - Running <TaskInstance: account_dim_gen.generate_account_dim_data scheduled__2024-12-13T00:00:00+00:00 [running]> on host 2c1cd59afcc0
[2025-02-08T19:00:51.777+0000] {taskinstance.py:3131} INFO - Exporting env vars: AIRFLOW_CTX_DAG_OWNER='Saleh' AIRFLOW_CTX_DAG_ID='account_dim_gen' AIRFLOW_CTX_TASK_ID='generate_account_dim_data' AIRFLOW_CTX_EXECUTION_DATE='2024-12-13T00:00:00+00:00' AIRFLOW_CTX_TRY_NUMBER='1' AIRFLOW_CTX_DAG_RUN_ID='scheduled__2024-12-13T00:00:00+00:00'
[2025-02-08T19:00:51.778+0000] {taskinstance.py:731} INFO - ::endgroup::
[2025-02-08T19:00:51.799+0000] {logging_mixin.py:190} INFO - CSV file ./account_dim_large_data.csv with 50 row has been generated successfully!
[2025-02-08T19:00:51.799+0000] {python.py:240} INFO - Done. Returned value was: None
[2025-02-08T19:00:51.809+0000] {taskinstance.py:340} INFO - ::group::Post task execution logs
[2025-02-08T19:00:51.810+0000] {taskinstance.py:352} INFO - Marking task as SUCCESS. dag_id=account_dim_gen, task_id=generate_account_dim_data, run_id=scheduled__2024-12-13T00:00:00+00:00, execution_date=20241213T000000, start_date=20250208T190051, end_date=20250208T190051
[2025-02-08T19:00:51.859+0000] {local_task_job_runner.py:266} INFO - Task exited with return code 0
[2025-02-08T19:00:51.868+0000] {local_task_job_runner.py:245} INFO - ::endgroup::
[2025-02-08T20:40:54.325+0000] {local_task_job_runner.py:123} INFO - ::group::Pre task execution logs
[2025-02-08T20:40:54.337+0000] {taskinstance.py:2612} INFO - Dependencies all met for dep_context=non-requeueable deps ti=<TaskInstance: account_dim_gen.generate_account_dim_data scheduled__2024-12-13T00:00:00+00:00 [queued]>
[2025-02-08T20:40:54.345+0000] {taskinstance.py:2612} INFO - Dependencies all met for dep_context=requeueable deps ti=<TaskInstance: account_dim_gen.generate_account_dim_data scheduled__2024-12-13T00:00:00+00:00 [queued]>
[2025-02-08T20:40:54.346+0000] {taskinstance.py:2865} INFO - Starting attempt 1 of 1
[2025-02-08T20:40:54.360+0000] {taskinstance.py:2888} INFO - Executing <Task(PythonOperator): generate_account_dim_data> on 2024-12-13 00:00:00+00:00
[2025-02-08T20:40:54.370+0000] {logging_mixin.py:190} WARNING - /home/***/.local/lib/python3.12/site-packages/***/task/task_runner/standard_task_runner.py:70 DeprecationWarning: This process (pid=1741) is multi-threaded, use of fork() may lead to deadlocks in the child.
[2025-02-08T20:40:54.372+0000] {standard_task_runner.py:72} INFO - Started process 1746 to run task
[2025-02-08T20:40:54.370+0000] {standard_task_runner.py:104} INFO - Running: ['***', 'tasks', 'run', 'account_dim_gen', 'generate_account_dim_data', 'scheduled__2024-12-13T00:00:00+00:00', '--job-id', '274', '--raw', '--subdir', 'DAGS_FOLDER/account_dim_gen.py', '--cfg-path', '/tmp/tmpejdnyuh0']
[2025-02-08T20:40:54.372+0000] {standard_task_runner.py:105} INFO - Job 274: Subtask generate_account_dim_data
[2025-02-08T20:40:54.414+0000] {task_command.py:467} INFO - Running <TaskInstance: account_dim_gen.generate_account_dim_data scheduled__2024-12-13T00:00:00+00:00 [running]> on host 7e959c1a2a8b
[2025-02-08T20:40:54.496+0000] {taskinstance.py:3131} INFO - Exporting env vars: AIRFLOW_CTX_DAG_OWNER='Saleh' AIRFLOW_CTX_DAG_ID='account_dim_gen' AIRFLOW_CTX_TASK_ID='generate_account_dim_data' AIRFLOW_CTX_EXECUTION_DATE='2024-12-13T00:00:00+00:00' AIRFLOW_CTX_TRY_NUMBER='1' AIRFLOW_CTX_DAG_RUN_ID='scheduled__2024-12-13T00:00:00+00:00'
[2025-02-08T20:40:54.497+0000] {taskinstance.py:731} INFO - ::endgroup::
[2025-02-08T20:40:54.517+0000] {logging_mixin.py:190} INFO - CSV file ./account_dim_large_data.csv with 50 row has been generated successfully!
[2025-02-08T20:40:54.518+0000] {python.py:240} INFO - Done. Returned value was: None
[2025-02-08T20:40:54.525+0000] {taskinstance.py:340} INFO - ::group::Post task execution logs
[2025-02-08T20:40:54.526+0000] {taskinstance.py:352} INFO - Marking task as SUCCESS. dag_id=account_dim_gen, task_id=generate_account_dim_data, run_id=scheduled__2024-12-13T00:00:00+00:00, execution_date=20241213T000000, start_date=20250208T204054, end_date=20250208T204054
[2025-02-08T20:40:54.547+0000] {local_task_job_runner.py:266} INFO - Task exited with return code 0
[2025-02-08T20:40:54.559+0000] {taskinstance.py:3900} INFO - 0 downstream tasks scheduled from follow-on schedule check
[2025-02-08T20:40:54.562+0000] {local_task_job_runner.py:245} INFO - ::endgroup::
