[2025-02-08T19:03:33.629+0000] {local_task_job_runner.py:123} INFO - ::group::Pre task execution logs
[2025-02-08T19:03:33.650+0000] {taskinstance.py:2612} INFO - Dependencies all met for dep_context=non-requeueable deps ti=<TaskInstance: branch_dim_gen.generate_branch_dim_data scheduled__2025-01-25T00:00:00+00:00 [queued]>
[2025-02-08T19:03:33.659+0000] {taskinstance.py:2612} INFO - Dependencies all met for dep_context=requeueable deps ti=<TaskInstance: branch_dim_gen.generate_branch_dim_data scheduled__2025-01-25T00:00:00+00:00 [queued]>
[2025-02-08T19:03:33.660+0000] {taskinstance.py:2865} INFO - Starting attempt 1 of 1
[2025-02-08T19:03:33.676+0000] {taskinstance.py:2888} INFO - Executing <Task(PythonOperator): generate_branch_dim_data> on 2025-01-25 00:00:00+00:00
[2025-02-08T19:03:33.685+0000] {logging_mixin.py:190} WARNING - /home/***/.local/lib/python3.12/site-packages/***/task/task_runner/standard_task_runner.py:70 DeprecationWarning: This process (pid=2249) is multi-threaded, use of fork() may lead to deadlocks in the child.
[2025-02-08T19:03:33.686+0000] {standard_task_runner.py:72} INFO - Started process 2268 to run task
[2025-02-08T19:03:33.687+0000] {standard_task_runner.py:104} INFO - Running: ['***', 'tasks', 'run', 'branch_dim_gen', 'generate_branch_dim_data', 'scheduled__2025-01-25T00:00:00+00:00', '--job-id', '413', '--raw', '--subdir', 'DAGS_FOLDER/brnach_dim_gen.py', '--cfg-path', '/tmp/tmp6inw3f5c']
[2025-02-08T19:03:33.690+0000] {standard_task_runner.py:105} INFO - Job 413: Subtask generate_branch_dim_data
[2025-02-08T19:03:33.741+0000] {task_command.py:467} INFO - Running <TaskInstance: branch_dim_gen.generate_branch_dim_data scheduled__2025-01-25T00:00:00+00:00 [running]> on host 2c1cd59afcc0
[2025-02-08T19:03:33.819+0000] {taskinstance.py:3131} INFO - Exporting env vars: AIRFLOW_CTX_DAG_OWNER='Saleh' AIRFLOW_CTX_DAG_ID='branch_dim_gen' AIRFLOW_CTX_TASK_ID='generate_branch_dim_data' AIRFLOW_CTX_EXECUTION_DATE='2025-01-25T00:00:00+00:00' AIRFLOW_CTX_TRY_NUMBER='1' AIRFLOW_CTX_DAG_RUN_ID='scheduled__2025-01-25T00:00:00+00:00'
[2025-02-08T19:03:33.821+0000] {taskinstance.py:731} INFO - ::endgroup::
[2025-02-08T19:03:33.839+0000] {logging_mixin.py:190} INFO - CSV file './branch_dim_large_data.csv' with 50 rows has been generated successfully.
[2025-02-08T19:03:33.840+0000] {python.py:240} INFO - Done. Returned value was: None
[2025-02-08T19:03:33.848+0000] {taskinstance.py:340} INFO - ::group::Post task execution logs
[2025-02-08T19:03:33.849+0000] {taskinstance.py:352} INFO - Marking task as SUCCESS. dag_id=branch_dim_gen, task_id=generate_branch_dim_data, run_id=scheduled__2025-01-25T00:00:00+00:00, execution_date=20250125T000000, start_date=20250208T190333, end_date=20250208T190333
[2025-02-08T19:03:33.903+0000] {local_task_job_runner.py:266} INFO - Task exited with return code 0
[2025-02-08T19:03:33.919+0000] {taskinstance.py:3900} INFO - 0 downstream tasks scheduled from follow-on schedule check
[2025-02-08T19:03:33.922+0000] {local_task_job_runner.py:245} INFO - ::endgroup::
[2025-02-08T20:42:29.997+0000] {local_task_job_runner.py:123} INFO - ::group::Pre task execution logs
[2025-02-08T20:42:30.012+0000] {taskinstance.py:2612} INFO - Dependencies all met for dep_context=non-requeueable deps ti=<TaskInstance: branch_dim_gen.generate_branch_dim_data scheduled__2025-01-25T00:00:00+00:00 [queued]>
[2025-02-08T20:42:30.022+0000] {taskinstance.py:2612} INFO - Dependencies all met for dep_context=requeueable deps ti=<TaskInstance: branch_dim_gen.generate_branch_dim_data scheduled__2025-01-25T00:00:00+00:00 [queued]>
[2025-02-08T20:42:30.023+0000] {taskinstance.py:2865} INFO - Starting attempt 1 of 1
[2025-02-08T20:42:30.035+0000] {taskinstance.py:2888} INFO - Executing <Task(PythonOperator): generate_branch_dim_data> on 2025-01-25 00:00:00+00:00
[2025-02-08T20:42:30.044+0000] {standard_task_runner.py:104} INFO - Running: ['***', 'tasks', 'run', 'branch_dim_gen', 'generate_branch_dim_data', 'scheduled__2025-01-25T00:00:00+00:00', '--job-id', '376', '--raw', '--subdir', 'DAGS_FOLDER/brnach_dim_gen.py', '--cfg-path', '/tmp/tmpcz0bqvu0']
[2025-02-08T20:42:30.046+0000] {standard_task_runner.py:105} INFO - Job 376: Subtask generate_branch_dim_data
[2025-02-08T20:42:30.048+0000] {logging_mixin.py:190} WARNING - /home/***/.local/lib/python3.12/site-packages/***/task/task_runner/standard_task_runner.py:70 DeprecationWarning: This process (pid=244) is multi-threaded, use of fork() may lead to deadlocks in the child.
[2025-02-08T20:42:30.049+0000] {standard_task_runner.py:72} INFO - Started process 253 to run task
[2025-02-08T20:42:30.089+0000] {task_command.py:467} INFO - Running <TaskInstance: branch_dim_gen.generate_branch_dim_data scheduled__2025-01-25T00:00:00+00:00 [running]> on host 86932746817d
[2025-02-08T20:42:30.156+0000] {taskinstance.py:3131} INFO - Exporting env vars: AIRFLOW_CTX_DAG_OWNER='Saleh' AIRFLOW_CTX_DAG_ID='branch_dim_gen' AIRFLOW_CTX_TASK_ID='generate_branch_dim_data' AIRFLOW_CTX_EXECUTION_DATE='2025-01-25T00:00:00+00:00' AIRFLOW_CTX_TRY_NUMBER='1' AIRFLOW_CTX_DAG_RUN_ID='scheduled__2025-01-25T00:00:00+00:00'
[2025-02-08T20:42:30.158+0000] {taskinstance.py:731} INFO - ::endgroup::
[2025-02-08T20:42:30.179+0000] {logging_mixin.py:190} INFO - CSV file './branch_dim_large_data.csv' with 50 rows has been generated successfully.
[2025-02-08T20:42:30.179+0000] {python.py:240} INFO - Done. Returned value was: None
[2025-02-08T20:42:30.187+0000] {taskinstance.py:340} INFO - ::group::Post task execution logs
[2025-02-08T20:42:30.188+0000] {taskinstance.py:352} INFO - Marking task as SUCCESS. dag_id=branch_dim_gen, task_id=generate_branch_dim_data, run_id=scheduled__2025-01-25T00:00:00+00:00, execution_date=20250125T000000, start_date=20250208T204230, end_date=20250208T204230
[2025-02-08T20:42:30.223+0000] {local_task_job_runner.py:266} INFO - Task exited with return code 0
[2025-02-08T20:42:30.238+0000] {taskinstance.py:3900} INFO - 0 downstream tasks scheduled from follow-on schedule check
[2025-02-08T20:42:30.240+0000] {local_task_job_runner.py:245} INFO - ::endgroup::
