[2025-02-08T10:58:26.319+0000] {local_task_job_runner.py:123} INFO - ::group::Pre task execution logs
[2025-02-08T10:58:26.333+0000] {taskinstance.py:2612} INFO - Dependencies all met for dep_context=non-requeueable deps ti=<TaskInstance: example_branch_operator.branching manual__2025-02-08T10:58:24.598600+00:00 [queued]>
[2025-02-08T10:58:26.340+0000] {taskinstance.py:2612} INFO - Dependencies all met for dep_context=requeueable deps ti=<TaskInstance: example_branch_operator.branching manual__2025-02-08T10:58:24.598600+00:00 [queued]>
[2025-02-08T10:58:26.340+0000] {taskinstance.py:2865} INFO - Starting attempt 1 of 1
[2025-02-08T10:58:26.352+0000] {taskinstance.py:2888} INFO - Executing <Task(BranchPythonOperator): branching> on 2025-02-08 10:58:24.598600+00:00
[2025-02-08T10:58:26.360+0000] {standard_task_runner.py:104} INFO - Running: ['***', 'tasks', 'run', 'example_branch_operator', 'branching', 'manual__2025-02-08T10:58:24.598600+00:00', '--job-id', '4', '--raw', '--subdir', '/home/***/.local/lib/python3.12/site-packages/***/example_dags/example_branch_operator.py', '--cfg-path', '/tmp/tmpm1y2s39x']
[2025-02-08T10:58:26.362+0000] {standard_task_runner.py:105} INFO - Job 4: Subtask branching
[2025-02-08T10:58:26.365+0000] {logging_mixin.py:190} WARNING - /home/***/.local/lib/python3.12/site-packages/***/task/task_runner/standard_task_runner.py:70 DeprecationWarning: This process (pid=4181) is multi-threaded, use of fork() may lead to deadlocks in the child.
[2025-02-08T10:58:26.366+0000] {standard_task_runner.py:72} INFO - Started process 4221 to run task
[2025-02-08T10:58:26.399+0000] {task_command.py:467} INFO - Running <TaskInstance: example_branch_operator.branching manual__2025-02-08T10:58:24.598600+00:00 [running]> on host d1b449c2efe4
[2025-02-08T10:58:26.462+0000] {taskinstance.py:3131} INFO - Exporting env vars: AIRFLOW_CTX_DAG_OWNER='***' AIRFLOW_CTX_DAG_ID='example_branch_operator' AIRFLOW_CTX_TASK_ID='branching' AIRFLOW_CTX_EXECUTION_DATE='2025-02-08T10:58:24.598600+00:00' AIRFLOW_CTX_TRY_NUMBER='1' AIRFLOW_CTX_DAG_RUN_ID='manual__2025-02-08T10:58:24.598600+00:00'
[2025-02-08T10:58:26.464+0000] {logging_mixin.py:190} INFO - Task instance is in running state
[2025-02-08T10:58:26.464+0000] {logging_mixin.py:190} INFO -  Previous state of the Task instance: queued
[2025-02-08T10:58:26.465+0000] {logging_mixin.py:190} INFO - Current task name:branching state:running start_date:2025-02-08 10:58:26.333764+00:00
[2025-02-08T10:58:26.465+0000] {logging_mixin.py:190} INFO - Dag name:example_branch_operator and current dag run status:running
[2025-02-08T10:58:26.465+0000] {taskinstance.py:731} INFO - ::endgroup::
[2025-02-08T10:58:26.466+0000] {baseoperator.py:405} WARNING - BranchPythonOperator.execute cannot be called outside TaskInstance!
[2025-02-08T10:58:26.466+0000] {python.py:240} INFO - Done. Returned value was: branch_c
[2025-02-08T10:58:26.467+0000] {branch.py:38} INFO - Branch into branch_c
[2025-02-08T10:58:26.467+0000] {skipmixin.py:230} INFO - Following branch ('branch_c',)
[2025-02-08T10:58:26.481+0000] {skipmixin.py:278} INFO - Skipping tasks [('branch_d', -1), ('branch_b', -1), ('branch_a', -1)]
[2025-02-08T10:58:26.508+0000] {taskinstance.py:340} INFO - ::group::Post task execution logs
[2025-02-08T10:58:26.509+0000] {taskinstance.py:352} INFO - Marking task as SUCCESS. dag_id=example_branch_operator, task_id=branching, run_id=manual__2025-02-08T10:58:24.598600+00:00, execution_date=20250208T105824, start_date=20250208T105826, end_date=20250208T105826
[2025-02-08T10:58:26.521+0000] {logging_mixin.py:190} INFO - Task instance in success state
[2025-02-08T10:58:26.521+0000] {logging_mixin.py:190} INFO -  Previous state of the Task instance: running
[2025-02-08T10:58:26.522+0000] {logging_mixin.py:190} INFO - Dag name:example_branch_operator queued_at:2025-02-08 10:58:24.622215+00:00
[2025-02-08T10:58:26.522+0000] {logging_mixin.py:190} INFO - Task hostname:d1b449c2efe4 operator:BranchPythonOperator
[2025-02-08T10:58:26.540+0000] {local_task_job_runner.py:266} INFO - Task exited with return code 0
[2025-02-08T10:58:26.579+0000] {taskinstance.py:3900} INFO - 1 downstream tasks scheduled from follow-on schedule check
[2025-02-08T10:58:26.586+0000] {local_task_job_runner.py:245} INFO - ::endgroup::
