[2025-02-08T19:02:06.645+0000] {local_task_job_runner.py:123} INFO - ::group::Pre task execution logs
[2025-02-08T19:02:06.667+0000] {taskinstance.py:2612} INFO - Dependencies all met for dep_context=non-requeueable deps ti=<TaskInstance: customer_dim_generator.generate_customer_dim_data scheduled__2024-10-18T00:00:00+00:00 [queued]>
[2025-02-08T19:02:06.682+0000] {taskinstance.py:2612} INFO - Dependencies all met for dep_context=requeueable deps ti=<TaskInstance: customer_dim_generator.generate_customer_dim_data scheduled__2024-10-18T00:00:00+00:00 [queued]>
[2025-02-08T19:02:06.686+0000] {taskinstance.py:2865} INFO - Starting attempt 1 of 1
[2025-02-08T19:02:06.850+0000] {taskinstance.py:2888} INFO - Executing <Task(PythonOperator): generate_customer_dim_data> on 2024-10-18 00:00:00+00:00
[2025-02-08T19:02:06.862+0000] {logging_mixin.py:190} WARNING - /home/***/.local/lib/python3.12/site-packages/***/task/task_runner/standard_task_runner.py:70 DeprecationWarning: This process (pid=1200) is multi-threaded, use of fork() may lead to deadlocks in the child.
[2025-02-08T19:02:06.864+0000] {standard_task_runner.py:72} INFO - Started process 1267 to run task
[2025-02-08T19:02:06.862+0000] {standard_task_runner.py:104} INFO - Running: ['***', 'tasks', 'run', 'customer_dim_generator', 'generate_customer_dim_data', 'scheduled__2024-10-18T00:00:00+00:00', '--job-id', '180', '--raw', '--subdir', 'DAGS_FOLDER/customer_dim_gen.py', '--cfg-path', '/tmp/tmpe_0pvix2']
[2025-02-08T19:02:06.865+0000] {standard_task_runner.py:105} INFO - Job 180: Subtask generate_customer_dim_data
[2025-02-08T19:02:06.935+0000] {task_command.py:467} INFO - Running <TaskInstance: customer_dim_generator.generate_customer_dim_data scheduled__2024-10-18T00:00:00+00:00 [running]> on host 2c1cd59afcc0
[2025-02-08T19:02:07.047+0000] {taskinstance.py:3131} INFO - Exporting env vars: AIRFLOW_CTX_DAG_OWNER='Saleh' AIRFLOW_CTX_DAG_ID='customer_dim_generator' AIRFLOW_CTX_TASK_ID='generate_customer_dim_data' AIRFLOW_CTX_EXECUTION_DATE='2024-10-18T00:00:00+00:00' AIRFLOW_CTX_TRY_NUMBER='1' AIRFLOW_CTX_DAG_RUN_ID='scheduled__2024-10-18T00:00:00+00:00'
[2025-02-08T19:02:07.048+0000] {taskinstance.py:731} INFO - ::endgroup::
[2025-02-08T19:02:07.071+0000] {logging_mixin.py:190} INFO - CSV file './customer_dim_large_data.csv' with 100 rows has been generated successfully.
[2025-02-08T19:02:07.071+0000] {python.py:240} INFO - Done. Returned value was: None
[2025-02-08T19:02:07.087+0000] {taskinstance.py:340} INFO - ::group::Post task execution logs
[2025-02-08T19:02:07.088+0000] {taskinstance.py:352} INFO - Marking task as SUCCESS. dag_id=customer_dim_generator, task_id=generate_customer_dim_data, run_id=scheduled__2024-10-18T00:00:00+00:00, execution_date=20241018T000000, start_date=20250208T190206, end_date=20250208T190207
[2025-02-08T19:02:07.132+0000] {local_task_job_runner.py:266} INFO - Task exited with return code 0
[2025-02-08T19:02:07.148+0000] {taskinstance.py:3900} INFO - 0 downstream tasks scheduled from follow-on schedule check
[2025-02-08T19:02:07.151+0000] {local_task_job_runner.py:245} INFO - ::endgroup::
[2025-02-08T20:39:44.957+0000] {local_task_job_runner.py:123} INFO - ::group::Pre task execution logs
[2025-02-08T20:39:44.974+0000] {taskinstance.py:2612} INFO - Dependencies all met for dep_context=non-requeueable deps ti=<TaskInstance: customer_dim_generator.generate_customer_dim_data scheduled__2024-10-18T00:00:00+00:00 [queued]>
[2025-02-08T20:39:44.983+0000] {taskinstance.py:2612} INFO - Dependencies all met for dep_context=requeueable deps ti=<TaskInstance: customer_dim_generator.generate_customer_dim_data scheduled__2024-10-18T00:00:00+00:00 [queued]>
[2025-02-08T20:39:44.985+0000] {taskinstance.py:2865} INFO - Starting attempt 1 of 1
[2025-02-08T20:39:45.005+0000] {taskinstance.py:2888} INFO - Executing <Task(PythonOperator): generate_customer_dim_data> on 2024-10-18 00:00:00+00:00
[2025-02-08T20:39:45.016+0000] {logging_mixin.py:190} WARNING - /home/***/.local/lib/python3.12/site-packages/***/task/task_runner/standard_task_runner.py:70 DeprecationWarning: This process (pid=735) is multi-threaded, use of fork() may lead to deadlocks in the child.
[2025-02-08T20:39:45.018+0000] {standard_task_runner.py:72} INFO - Started process 771 to run task
[2025-02-08T20:39:45.017+0000] {standard_task_runner.py:104} INFO - Running: ['***', 'tasks', 'run', 'customer_dim_generator', 'generate_customer_dim_data', 'scheduled__2024-10-18T00:00:00+00:00', '--job-id', '44', '--raw', '--subdir', 'DAGS_FOLDER/customer_dim_gen.py', '--cfg-path', '/tmp/tmpkf222h2y']
[2025-02-08T20:39:45.020+0000] {standard_task_runner.py:105} INFO - Job 44: Subtask generate_customer_dim_data
[2025-02-08T20:39:45.118+0000] {task_command.py:467} INFO - Running <TaskInstance: customer_dim_generator.generate_customer_dim_data scheduled__2024-10-18T00:00:00+00:00 [running]> on host 7e959c1a2a8b
[2025-02-08T20:39:45.295+0000] {taskinstance.py:3131} INFO - Exporting env vars: AIRFLOW_CTX_DAG_OWNER='Saleh' AIRFLOW_CTX_DAG_ID='customer_dim_generator' AIRFLOW_CTX_TASK_ID='generate_customer_dim_data' AIRFLOW_CTX_EXECUTION_DATE='2024-10-18T00:00:00+00:00' AIRFLOW_CTX_TRY_NUMBER='1' AIRFLOW_CTX_DAG_RUN_ID='scheduled__2024-10-18T00:00:00+00:00'
[2025-02-08T20:39:45.298+0000] {taskinstance.py:731} INFO - ::endgroup::
[2025-02-08T20:39:45.329+0000] {logging_mixin.py:190} INFO - CSV file './customer_dim_large_data.csv' with 100 rows has been generated successfully.
[2025-02-08T20:39:45.336+0000] {python.py:240} INFO - Done. Returned value was: None
[2025-02-08T20:39:45.350+0000] {taskinstance.py:340} INFO - ::group::Post task execution logs
[2025-02-08T20:39:45.351+0000] {taskinstance.py:352} INFO - Marking task as SUCCESS. dag_id=customer_dim_generator, task_id=generate_customer_dim_data, run_id=scheduled__2024-10-18T00:00:00+00:00, execution_date=20241018T000000, start_date=20250208T203944, end_date=20250208T203945
[2025-02-08T20:39:45.412+0000] {local_task_job_runner.py:266} INFO - Task exited with return code 0
[2025-02-08T20:39:45.447+0000] {taskinstance.py:3900} INFO - 0 downstream tasks scheduled from follow-on schedule check
[2025-02-08T20:39:45.449+0000] {local_task_job_runner.py:245} INFO - ::endgroup::
[2025-02-08T20:42:51.513+0000] {local_task_job_runner.py:123} INFO - ::group::Pre task execution logs
[2025-02-08T20:42:51.533+0000] {taskinstance.py:2612} INFO - Dependencies all met for dep_context=non-requeueable deps ti=<TaskInstance: customer_dim_generator.generate_customer_dim_data scheduled__2024-10-18T00:00:00+00:00 [queued]>
[2025-02-08T20:42:51.546+0000] {taskinstance.py:2612} INFO - Dependencies all met for dep_context=requeueable deps ti=<TaskInstance: customer_dim_generator.generate_customer_dim_data scheduled__2024-10-18T00:00:00+00:00 [queued]>
[2025-02-08T20:42:51.547+0000] {taskinstance.py:2865} INFO - Starting attempt 1 of 1
[2025-02-08T20:42:51.624+0000] {taskinstance.py:2888} INFO - Executing <Task(PythonOperator): generate_customer_dim_data> on 2024-10-18 00:00:00+00:00
[2025-02-08T20:42:51.635+0000] {logging_mixin.py:190} WARNING - /home/***/.local/lib/python3.12/site-packages/***/task/task_runner/standard_task_runner.py:70 DeprecationWarning: This process (pid=419) is multi-threaded, use of fork() may lead to deadlocks in the child.
[2025-02-08T20:42:51.636+0000] {standard_task_runner.py:72} INFO - Started process 450 to run task
[2025-02-08T20:42:51.638+0000] {standard_task_runner.py:104} INFO - Running: ['***', 'tasks', 'run', 'customer_dim_generator', 'generate_customer_dim_data', 'scheduled__2024-10-18T00:00:00+00:00', '--job-id', '416', '--raw', '--subdir', 'DAGS_FOLDER/customer_dim_gen.py', '--cfg-path', '/tmp/tmpc3ebg5fp']
[2025-02-08T20:42:51.641+0000] {standard_task_runner.py:105} INFO - Job 416: Subtask generate_customer_dim_data
[2025-02-08T20:42:51.697+0000] {task_command.py:467} INFO - Running <TaskInstance: customer_dim_generator.generate_customer_dim_data scheduled__2024-10-18T00:00:00+00:00 [running]> on host 86932746817d
[2025-02-08T20:42:51.813+0000] {taskinstance.py:3131} INFO - Exporting env vars: AIRFLOW_CTX_DAG_OWNER='Saleh' AIRFLOW_CTX_DAG_ID='customer_dim_generator' AIRFLOW_CTX_TASK_ID='generate_customer_dim_data' AIRFLOW_CTX_EXECUTION_DATE='2024-10-18T00:00:00+00:00' AIRFLOW_CTX_TRY_NUMBER='1' AIRFLOW_CTX_DAG_RUN_ID='scheduled__2024-10-18T00:00:00+00:00'
[2025-02-08T20:42:51.815+0000] {taskinstance.py:731} INFO - ::endgroup::
[2025-02-08T20:42:51.838+0000] {logging_mixin.py:190} INFO - CSV file './customer_dim_large_data.csv' with 100 rows has been generated successfully.
[2025-02-08T20:42:51.838+0000] {python.py:240} INFO - Done. Returned value was: None
[2025-02-08T20:42:51.848+0000] {taskinstance.py:340} INFO - ::group::Post task execution logs
[2025-02-08T20:42:51.849+0000] {taskinstance.py:352} INFO - Marking task as SUCCESS. dag_id=customer_dim_generator, task_id=generate_customer_dim_data, run_id=scheduled__2024-10-18T00:00:00+00:00, execution_date=20241018T000000, start_date=20250208T204251, end_date=20250208T204251
[2025-02-08T20:42:51.932+0000] {local_task_job_runner.py:266} INFO - Task exited with return code 0
[2025-02-08T20:42:51.949+0000] {taskinstance.py:3900} INFO - 0 downstream tasks scheduled from follow-on schedule check
[2025-02-08T20:42:51.973+0000] {local_task_job_runner.py:245} INFO - ::endgroup::
