[2025-02-08T19:02:57.505+0000] {local_task_job_runner.py:123} INFO - ::group::Pre task execution logs
[2025-02-08T19:02:57.521+0000] {taskinstance.py:2612} INFO - Dependencies all met for dep_context=non-requeueable deps ti=<TaskInstance: branch_dim_gen.generate_branch_dim_data scheduled__2024-11-28T00:00:00+00:00 [queued]>
[2025-02-08T19:02:57.532+0000] {taskinstance.py:2612} INFO - Dependencies all met for dep_context=requeueable deps ti=<TaskInstance: branch_dim_gen.generate_branch_dim_data scheduled__2024-11-28T00:00:00+00:00 [queued]>
[2025-02-08T19:02:57.532+0000] {taskinstance.py:2865} INFO - Starting attempt 1 of 1
[2025-02-08T19:02:57.548+0000] {taskinstance.py:2888} INFO - Executing <Task(PythonOperator): generate_branch_dim_data> on 2024-11-28 00:00:00+00:00
[2025-02-08T19:02:57.558+0000] {logging_mixin.py:190} WARNING - /home/***/.local/lib/python3.12/site-packages/***/task/task_runner/standard_task_runner.py:70 DeprecationWarning: This process (pid=1790) is multi-threaded, use of fork() may lead to deadlocks in the child.
[2025-02-08T19:02:57.559+0000] {standard_task_runner.py:72} INFO - Started process 1820 to run task
[2025-02-08T19:02:57.560+0000] {standard_task_runner.py:104} INFO - Running: ['***', 'tasks', 'run', 'branch_dim_gen', 'generate_branch_dim_data', 'scheduled__2024-11-28T00:00:00+00:00', '--job-id', '306', '--raw', '--subdir', 'DAGS_FOLDER/brnach_dim_gen.py', '--cfg-path', '/tmp/tmpnhw4h3nt']
[2025-02-08T19:02:57.562+0000] {standard_task_runner.py:105} INFO - Job 306: Subtask generate_branch_dim_data
[2025-02-08T19:02:57.620+0000] {task_command.py:467} INFO - Running <TaskInstance: branch_dim_gen.generate_branch_dim_data scheduled__2024-11-28T00:00:00+00:00 [running]> on host 2c1cd59afcc0
[2025-02-08T19:02:57.727+0000] {taskinstance.py:3131} INFO - Exporting env vars: AIRFLOW_CTX_DAG_OWNER='Saleh' AIRFLOW_CTX_DAG_ID='branch_dim_gen' AIRFLOW_CTX_TASK_ID='generate_branch_dim_data' AIRFLOW_CTX_EXECUTION_DATE='2024-11-28T00:00:00+00:00' AIRFLOW_CTX_TRY_NUMBER='1' AIRFLOW_CTX_DAG_RUN_ID='scheduled__2024-11-28T00:00:00+00:00'
[2025-02-08T19:02:57.729+0000] {taskinstance.py:731} INFO - ::endgroup::
[2025-02-08T19:02:57.752+0000] {logging_mixin.py:190} INFO - CSV file './branch_dim_large_data.csv' with 50 rows has been generated successfully.
[2025-02-08T19:02:57.753+0000] {python.py:240} INFO - Done. Returned value was: None
[2025-02-08T19:02:57.763+0000] {taskinstance.py:340} INFO - ::group::Post task execution logs
[2025-02-08T19:02:57.764+0000] {taskinstance.py:352} INFO - Marking task as SUCCESS. dag_id=branch_dim_gen, task_id=generate_branch_dim_data, run_id=scheduled__2024-11-28T00:00:00+00:00, execution_date=20241128T000000, start_date=20250208T190257, end_date=20250208T190257
[2025-02-08T19:02:57.824+0000] {local_task_job_runner.py:266} INFO - Task exited with return code 0
[2025-02-08T19:02:57.841+0000] {taskinstance.py:3900} INFO - 0 downstream tasks scheduled from follow-on schedule check
[2025-02-08T19:02:57.844+0000] {local_task_job_runner.py:245} INFO - ::endgroup::
[2025-02-08T20:40:42.420+0000] {local_task_job_runner.py:123} INFO - ::group::Pre task execution logs
[2025-02-08T20:40:42.438+0000] {taskinstance.py:2612} INFO - Dependencies all met for dep_context=non-requeueable deps ti=<TaskInstance: branch_dim_gen.generate_branch_dim_data scheduled__2024-11-28T00:00:00+00:00 [queued]>
[2025-02-08T20:40:42.461+0000] {taskinstance.py:2612} INFO - Dependencies all met for dep_context=requeueable deps ti=<TaskInstance: branch_dim_gen.generate_branch_dim_data scheduled__2024-11-28T00:00:00+00:00 [queued]>
[2025-02-08T20:40:42.462+0000] {taskinstance.py:2865} INFO - Starting attempt 1 of 1
[2025-02-08T20:40:42.683+0000] {taskinstance.py:2888} INFO - Executing <Task(PythonOperator): generate_branch_dim_data> on 2024-11-28 00:00:00+00:00
[2025-02-08T20:40:42.693+0000] {logging_mixin.py:190} WARNING - /home/***/.local/lib/python3.12/site-packages/***/task/task_runner/standard_task_runner.py:70 DeprecationWarning: This process (pid=1536) is multi-threaded, use of fork() may lead to deadlocks in the child.
[2025-02-08T20:40:42.693+0000] {standard_task_runner.py:104} INFO - Running: ['***', 'tasks', 'run', 'branch_dim_gen', 'generate_branch_dim_data', 'scheduled__2024-11-28T00:00:00+00:00', '--job-id', '230', '--raw', '--subdir', 'DAGS_FOLDER/brnach_dim_gen.py', '--cfg-path', '/tmp/tmpobk28_yk']
[2025-02-08T20:40:42.695+0000] {standard_task_runner.py:105} INFO - Job 230: Subtask generate_branch_dim_data
[2025-02-08T20:40:42.695+0000] {standard_task_runner.py:72} INFO - Started process 1579 to run task
[2025-02-08T20:40:42.756+0000] {task_command.py:467} INFO - Running <TaskInstance: branch_dim_gen.generate_branch_dim_data scheduled__2024-11-28T00:00:00+00:00 [running]> on host 7e959c1a2a8b
[2025-02-08T20:40:42.924+0000] {taskinstance.py:3131} INFO - Exporting env vars: AIRFLOW_CTX_DAG_OWNER='Saleh' AIRFLOW_CTX_DAG_ID='branch_dim_gen' AIRFLOW_CTX_TASK_ID='generate_branch_dim_data' AIRFLOW_CTX_EXECUTION_DATE='2024-11-28T00:00:00+00:00' AIRFLOW_CTX_TRY_NUMBER='1' AIRFLOW_CTX_DAG_RUN_ID='scheduled__2024-11-28T00:00:00+00:00'
[2025-02-08T20:40:42.925+0000] {taskinstance.py:731} INFO - ::endgroup::
[2025-02-08T20:40:42.947+0000] {logging_mixin.py:190} INFO - CSV file './branch_dim_large_data.csv' with 50 rows has been generated successfully.
[2025-02-08T20:40:42.948+0000] {python.py:240} INFO - Done. Returned value was: None
[2025-02-08T20:40:42.974+0000] {taskinstance.py:340} INFO - ::group::Post task execution logs
[2025-02-08T20:40:42.975+0000] {taskinstance.py:352} INFO - Marking task as SUCCESS. dag_id=branch_dim_gen, task_id=generate_branch_dim_data, run_id=scheduled__2024-11-28T00:00:00+00:00, execution_date=20241128T000000, start_date=20250208T204042, end_date=20250208T204042
[2025-02-08T20:40:43.005+0000] {local_task_job_runner.py:266} INFO - Task exited with return code 0
[2025-02-08T20:40:43.017+0000] {local_task_job_runner.py:245} INFO - ::endgroup::
