[2025-02-08T19:02:51.576+0000] {local_task_job_runner.py:123} INFO - ::group::Pre task execution logs
[2025-02-08T19:02:51.590+0000] {taskinstance.py:2612} INFO - Dependencies all met for dep_context=non-requeueable deps ti=<TaskInstance: customer_dim_generator.generate_customer_dim_data scheduled__2024-12-14T00:00:00+00:00 [queued]>
[2025-02-08T19:02:51.598+0000] {taskinstance.py:2612} INFO - Dependencies all met for dep_context=requeueable deps ti=<TaskInstance: customer_dim_generator.generate_customer_dim_data scheduled__2024-12-14T00:00:00+00:00 [queued]>
[2025-02-08T19:02:51.599+0000] {taskinstance.py:2865} INFO - Starting attempt 1 of 1
[2025-02-08T19:02:51.610+0000] {taskinstance.py:2888} INFO - Executing <Task(PythonOperator): generate_customer_dim_data> on 2024-12-14 00:00:00+00:00
[2025-02-08T19:02:51.620+0000] {logging_mixin.py:190} WARNING - /home/***/.local/lib/python3.12/site-packages/***/task/task_runner/standard_task_runner.py:70 DeprecationWarning: This process (pid=1745) is multi-threaded, use of fork() may lead to deadlocks in the child.
[2025-02-08T19:02:51.621+0000] {standard_task_runner.py:72} INFO - Started process 1761 to run task
[2025-02-08T19:02:51.620+0000] {standard_task_runner.py:104} INFO - Running: ['***', 'tasks', 'run', 'customer_dim_generator', 'generate_customer_dim_data', 'scheduled__2024-12-14T00:00:00+00:00', '--job-id', '293', '--raw', '--subdir', 'DAGS_FOLDER/customer_dim_gen.py', '--cfg-path', '/tmp/tmp0tsnyo_e']
[2025-02-08T19:02:51.623+0000] {standard_task_runner.py:105} INFO - Job 293: Subtask generate_customer_dim_data
[2025-02-08T19:02:51.659+0000] {task_command.py:467} INFO - Running <TaskInstance: customer_dim_generator.generate_customer_dim_data scheduled__2024-12-14T00:00:00+00:00 [running]> on host 2c1cd59afcc0
[2025-02-08T19:02:51.737+0000] {taskinstance.py:3131} INFO - Exporting env vars: AIRFLOW_CTX_DAG_OWNER='Saleh' AIRFLOW_CTX_DAG_ID='customer_dim_generator' AIRFLOW_CTX_TASK_ID='generate_customer_dim_data' AIRFLOW_CTX_EXECUTION_DATE='2024-12-14T00:00:00+00:00' AIRFLOW_CTX_TRY_NUMBER='1' AIRFLOW_CTX_DAG_RUN_ID='scheduled__2024-12-14T00:00:00+00:00'
[2025-02-08T19:02:51.738+0000] {taskinstance.py:731} INFO - ::endgroup::
[2025-02-08T19:02:51.756+0000] {logging_mixin.py:190} INFO - CSV file './customer_dim_large_data.csv' with 100 rows has been generated successfully.
[2025-02-08T19:02:51.756+0000] {python.py:240} INFO - Done. Returned value was: None
[2025-02-08T19:02:51.763+0000] {taskinstance.py:340} INFO - ::group::Post task execution logs
[2025-02-08T19:02:51.764+0000] {taskinstance.py:352} INFO - Marking task as SUCCESS. dag_id=customer_dim_generator, task_id=generate_customer_dim_data, run_id=scheduled__2024-12-14T00:00:00+00:00, execution_date=20241214T000000, start_date=20250208T190251, end_date=20250208T190251
[2025-02-08T19:02:51.796+0000] {local_task_job_runner.py:266} INFO - Task exited with return code 0
[2025-02-08T19:02:51.809+0000] {taskinstance.py:3900} INFO - 0 downstream tasks scheduled from follow-on schedule check
[2025-02-08T19:02:51.811+0000] {local_task_job_runner.py:245} INFO - ::endgroup::
[2025-02-08T20:40:36.219+0000] {local_task_job_runner.py:123} INFO - ::group::Pre task execution logs
[2025-02-08T20:40:36.241+0000] {taskinstance.py:2612} INFO - Dependencies all met for dep_context=non-requeueable deps ti=<TaskInstance: customer_dim_generator.generate_customer_dim_data scheduled__2024-12-14T00:00:00+00:00 [queued]>
[2025-02-08T20:40:36.251+0000] {taskinstance.py:2612} INFO - Dependencies all met for dep_context=requeueable deps ti=<TaskInstance: customer_dim_generator.generate_customer_dim_data scheduled__2024-12-14T00:00:00+00:00 [queued]>
[2025-02-08T20:40:36.252+0000] {taskinstance.py:2865} INFO - Starting attempt 1 of 1
[2025-02-08T20:40:36.275+0000] {taskinstance.py:2888} INFO - Executing <Task(PythonOperator): generate_customer_dim_data> on 2024-12-14 00:00:00+00:00
[2025-02-08T20:40:36.291+0000] {logging_mixin.py:190} WARNING - /home/***/.local/lib/python3.12/site-packages/***/task/task_runner/standard_task_runner.py:70 DeprecationWarning: This process (pid=1430) is multi-threaded, use of fork() may lead to deadlocks in the child.
[2025-02-08T20:40:36.296+0000] {standard_task_runner.py:72} INFO - Started process 1462 to run task
[2025-02-08T20:40:36.310+0000] {standard_task_runner.py:104} INFO - Running: ['***', 'tasks', 'run', 'customer_dim_generator', 'generate_customer_dim_data', 'scheduled__2024-12-14T00:00:00+00:00', '--job-id', '206', '--raw', '--subdir', 'DAGS_FOLDER/customer_dim_gen.py', '--cfg-path', '/tmp/tmp4if9nwz3']
[2025-02-08T20:40:36.312+0000] {standard_task_runner.py:105} INFO - Job 206: Subtask generate_customer_dim_data
[2025-02-08T20:40:36.366+0000] {task_command.py:467} INFO - Running <TaskInstance: customer_dim_generator.generate_customer_dim_data scheduled__2024-12-14T00:00:00+00:00 [running]> on host 7e959c1a2a8b
[2025-02-08T20:40:36.492+0000] {taskinstance.py:3131} INFO - Exporting env vars: AIRFLOW_CTX_DAG_OWNER='Saleh' AIRFLOW_CTX_DAG_ID='customer_dim_generator' AIRFLOW_CTX_TASK_ID='generate_customer_dim_data' AIRFLOW_CTX_EXECUTION_DATE='2024-12-14T00:00:00+00:00' AIRFLOW_CTX_TRY_NUMBER='1' AIRFLOW_CTX_DAG_RUN_ID='scheduled__2024-12-14T00:00:00+00:00'
[2025-02-08T20:40:36.495+0000] {taskinstance.py:731} INFO - ::endgroup::
[2025-02-08T20:40:36.522+0000] {logging_mixin.py:190} INFO - CSV file './customer_dim_large_data.csv' with 100 rows has been generated successfully.
[2025-02-08T20:40:36.522+0000] {python.py:240} INFO - Done. Returned value was: None
[2025-02-08T20:40:36.538+0000] {taskinstance.py:340} INFO - ::group::Post task execution logs
[2025-02-08T20:40:36.539+0000] {taskinstance.py:352} INFO - Marking task as SUCCESS. dag_id=customer_dim_generator, task_id=generate_customer_dim_data, run_id=scheduled__2024-12-14T00:00:00+00:00, execution_date=20241214T000000, start_date=20250208T204036, end_date=20250208T204036
[2025-02-08T20:40:36.609+0000] {local_task_job_runner.py:266} INFO - Task exited with return code 0
[2025-02-08T20:40:36.642+0000] {taskinstance.py:3900} INFO - 0 downstream tasks scheduled from follow-on schedule check
[2025-02-08T20:40:36.646+0000] {local_task_job_runner.py:245} INFO - ::endgroup::
[2025-02-08T20:43:19.905+0000] {local_task_job_runner.py:123} INFO - ::group::Pre task execution logs
[2025-02-08T20:43:19.919+0000] {taskinstance.py:2612} INFO - Dependencies all met for dep_context=non-requeueable deps ti=<TaskInstance: customer_dim_generator.generate_customer_dim_data scheduled__2024-12-14T00:00:00+00:00 [queued]>
[2025-02-08T20:43:19.925+0000] {taskinstance.py:2612} INFO - Dependencies all met for dep_context=requeueable deps ti=<TaskInstance: customer_dim_generator.generate_customer_dim_data scheduled__2024-12-14T00:00:00+00:00 [queued]>
[2025-02-08T20:43:19.925+0000] {taskinstance.py:2865} INFO - Starting attempt 1 of 1
[2025-02-08T20:43:19.935+0000] {taskinstance.py:2888} INFO - Executing <Task(PythonOperator): generate_customer_dim_data> on 2024-12-14 00:00:00+00:00
[2025-02-08T20:43:19.942+0000] {logging_mixin.py:190} WARNING - /home/***/.local/lib/python3.12/site-packages/***/task/task_runner/standard_task_runner.py:70 DeprecationWarning: This process (pid=667) is multi-threaded, use of fork() may lead to deadlocks in the child.
[2025-02-08T20:43:19.943+0000] {standard_task_runner.py:72} INFO - Started process 677 to run task
[2025-02-08T20:43:19.942+0000] {standard_task_runner.py:104} INFO - Running: ['***', 'tasks', 'run', 'customer_dim_generator', 'generate_customer_dim_data', 'scheduled__2024-12-14T00:00:00+00:00', '--job-id', '473', '--raw', '--subdir', 'DAGS_FOLDER/customer_dim_gen.py', '--cfg-path', '/tmp/tmps1latbb3']
[2025-02-08T20:43:19.944+0000] {standard_task_runner.py:105} INFO - Job 473: Subtask generate_customer_dim_data
[2025-02-08T20:43:19.979+0000] {task_command.py:467} INFO - Running <TaskInstance: customer_dim_generator.generate_customer_dim_data scheduled__2024-12-14T00:00:00+00:00 [running]> on host 86932746817d
[2025-02-08T20:43:20.043+0000] {taskinstance.py:3131} INFO - Exporting env vars: AIRFLOW_CTX_DAG_OWNER='Saleh' AIRFLOW_CTX_DAG_ID='customer_dim_generator' AIRFLOW_CTX_TASK_ID='generate_customer_dim_data' AIRFLOW_CTX_EXECUTION_DATE='2024-12-14T00:00:00+00:00' AIRFLOW_CTX_TRY_NUMBER='1' AIRFLOW_CTX_DAG_RUN_ID='scheduled__2024-12-14T00:00:00+00:00'
[2025-02-08T20:43:20.044+0000] {taskinstance.py:731} INFO - ::endgroup::
[2025-02-08T20:43:20.062+0000] {logging_mixin.py:190} INFO - CSV file './customer_dim_large_data.csv' with 100 rows has been generated successfully.
[2025-02-08T20:43:20.063+0000] {python.py:240} INFO - Done. Returned value was: None
[2025-02-08T20:43:20.070+0000] {taskinstance.py:340} INFO - ::group::Post task execution logs
[2025-02-08T20:43:20.071+0000] {taskinstance.py:352} INFO - Marking task as SUCCESS. dag_id=customer_dim_generator, task_id=generate_customer_dim_data, run_id=scheduled__2024-12-14T00:00:00+00:00, execution_date=20241214T000000, start_date=20250208T204319, end_date=20250208T204320
[2025-02-08T20:43:20.117+0000] {local_task_job_runner.py:266} INFO - Task exited with return code 0
[2025-02-08T20:43:20.130+0000] {taskinstance.py:3900} INFO - 0 downstream tasks scheduled from follow-on schedule check
[2025-02-08T20:43:20.132+0000] {local_task_job_runner.py:245} INFO - ::endgroup::
