[2025-02-08T19:00:58.880+0000] {local_task_job_runner.py:123} INFO - ::group::Pre task execution logs
[2025-02-08T19:00:58.896+0000] {taskinstance.py:2612} INFO - Dependencies all met for dep_context=non-requeueable deps ti=<TaskInstance: account_dim_gen.generate_account_dim_data scheduled__2024-12-29T00:00:00+00:00 [queued]>
[2025-02-08T19:00:58.907+0000] {taskinstance.py:2612} INFO - Dependencies all met for dep_context=requeueable deps ti=<TaskInstance: account_dim_gen.generate_account_dim_data scheduled__2024-12-29T00:00:00+00:00 [queued]>
[2025-02-08T19:00:58.908+0000] {taskinstance.py:2865} INFO - Starting attempt 1 of 1
[2025-02-08T19:00:59.004+0000] {taskinstance.py:2888} INFO - Executing <Task(PythonOperator): generate_account_dim_data> on 2024-12-29 00:00:00+00:00
[2025-02-08T19:00:59.017+0000] {logging_mixin.py:190} WARNING - /home/***/.local/lib/python3.12/site-packages/***/task/task_runner/standard_task_runner.py:70 DeprecationWarning: This process (pid=937) is multi-threaded, use of fork() may lead to deadlocks in the child.
[2025-02-08T19:00:59.018+0000] {standard_task_runner.py:72} INFO - Started process 957 to run task
[2025-02-08T19:00:59.017+0000] {standard_task_runner.py:104} INFO - Running: ['***', 'tasks', 'run', 'account_dim_gen', 'generate_account_dim_data', 'scheduled__2024-12-29T00:00:00+00:00', '--job-id', '114', '--raw', '--subdir', 'DAGS_FOLDER/account_dim_gen.py', '--cfg-path', '/tmp/tmpnuoopz5b']
[2025-02-08T19:00:59.019+0000] {standard_task_runner.py:105} INFO - Job 114: Subtask generate_account_dim_data
[2025-02-08T19:00:59.065+0000] {task_command.py:467} INFO - Running <TaskInstance: account_dim_gen.generate_account_dim_data scheduled__2024-12-29T00:00:00+00:00 [running]> on host 2c1cd59afcc0
[2025-02-08T19:00:59.156+0000] {taskinstance.py:3131} INFO - Exporting env vars: AIRFLOW_CTX_DAG_OWNER='Saleh' AIRFLOW_CTX_DAG_ID='account_dim_gen' AIRFLOW_CTX_TASK_ID='generate_account_dim_data' AIRFLOW_CTX_EXECUTION_DATE='2024-12-29T00:00:00+00:00' AIRFLOW_CTX_TRY_NUMBER='1' AIRFLOW_CTX_DAG_RUN_ID='scheduled__2024-12-29T00:00:00+00:00'
[2025-02-08T19:00:59.158+0000] {taskinstance.py:731} INFO - ::endgroup::
[2025-02-08T19:00:59.175+0000] {logging_mixin.py:190} INFO - CSV file ./account_dim_large_data.csv with 50 row has been generated successfully!
[2025-02-08T19:00:59.175+0000] {python.py:240} INFO - Done. Returned value was: None
[2025-02-08T19:00:59.182+0000] {taskinstance.py:340} INFO - ::group::Post task execution logs
[2025-02-08T19:00:59.182+0000] {taskinstance.py:352} INFO - Marking task as SUCCESS. dag_id=account_dim_gen, task_id=generate_account_dim_data, run_id=scheduled__2024-12-29T00:00:00+00:00, execution_date=20241229T000000, start_date=20250208T190058, end_date=20250208T190059
[2025-02-08T19:00:59.233+0000] {local_task_job_runner.py:266} INFO - Task exited with return code 0
[2025-02-08T19:00:59.247+0000] {taskinstance.py:3900} INFO - 0 downstream tasks scheduled from follow-on schedule check
[2025-02-08T19:00:59.255+0000] {local_task_job_runner.py:245} INFO - ::endgroup::
[2025-02-08T20:41:07.591+0000] {local_task_job_runner.py:123} INFO - ::group::Pre task execution logs
[2025-02-08T20:41:07.608+0000] {taskinstance.py:2612} INFO - Dependencies all met for dep_context=non-requeueable deps ti=<TaskInstance: account_dim_gen.generate_account_dim_data scheduled__2024-12-29T00:00:00+00:00 [queued]>
[2025-02-08T20:41:07.623+0000] {taskinstance.py:2612} INFO - Dependencies all met for dep_context=requeueable deps ti=<TaskInstance: account_dim_gen.generate_account_dim_data scheduled__2024-12-29T00:00:00+00:00 [queued]>
[2025-02-08T20:41:07.625+0000] {taskinstance.py:2865} INFO - Starting attempt 1 of 1
[2025-02-08T20:41:07.643+0000] {taskinstance.py:2888} INFO - Executing <Task(PythonOperator): generate_account_dim_data> on 2024-12-29 00:00:00+00:00
[2025-02-08T20:41:07.662+0000] {logging_mixin.py:190} WARNING - /home/***/.local/lib/python3.12/site-packages/***/task/task_runner/standard_task_runner.py:70 DeprecationWarning: This process (pid=1946) is multi-threaded, use of fork() may lead to deadlocks in the child.
[2025-02-08T20:41:07.664+0000] {standard_task_runner.py:72} INFO - Started process 1970 to run task
[2025-02-08T20:41:07.677+0000] {standard_task_runner.py:104} INFO - Running: ['***', 'tasks', 'run', 'account_dim_gen', 'generate_account_dim_data', 'scheduled__2024-12-29T00:00:00+00:00', '--job-id', '325', '--raw', '--subdir', 'DAGS_FOLDER/account_dim_gen.py', '--cfg-path', '/tmp/tmpvo8ph_r5']
[2025-02-08T20:41:07.681+0000] {standard_task_runner.py:105} INFO - Job 325: Subtask generate_account_dim_data
[2025-02-08T20:41:07.767+0000] {task_command.py:467} INFO - Running <TaskInstance: account_dim_gen.generate_account_dim_data scheduled__2024-12-29T00:00:00+00:00 [running]> on host 7e959c1a2a8b
[2025-02-08T20:41:07.925+0000] {taskinstance.py:3131} INFO - Exporting env vars: AIRFLOW_CTX_DAG_OWNER='Saleh' AIRFLOW_CTX_DAG_ID='account_dim_gen' AIRFLOW_CTX_TASK_ID='generate_account_dim_data' AIRFLOW_CTX_EXECUTION_DATE='2024-12-29T00:00:00+00:00' AIRFLOW_CTX_TRY_NUMBER='1' AIRFLOW_CTX_DAG_RUN_ID='scheduled__2024-12-29T00:00:00+00:00'
[2025-02-08T20:41:07.926+0000] {taskinstance.py:731} INFO - ::endgroup::
[2025-02-08T20:41:07.956+0000] {logging_mixin.py:190} INFO - CSV file ./account_dim_large_data.csv with 50 row has been generated successfully!
[2025-02-08T20:41:07.957+0000] {python.py:240} INFO - Done. Returned value was: None
[2025-02-08T20:41:07.972+0000] {taskinstance.py:340} INFO - ::group::Post task execution logs
[2025-02-08T20:41:07.972+0000] {taskinstance.py:352} INFO - Marking task as SUCCESS. dag_id=account_dim_gen, task_id=generate_account_dim_data, run_id=scheduled__2024-12-29T00:00:00+00:00, execution_date=20241229T000000, start_date=20250208T204107, end_date=20250208T204107
[2025-02-08T20:41:08.046+0000] {local_task_job_runner.py:266} INFO - Task exited with return code 0
[2025-02-08T20:41:08.069+0000] {taskinstance.py:3900} INFO - 0 downstream tasks scheduled from follow-on schedule check
[2025-02-08T20:41:08.071+0000] {local_task_job_runner.py:245} INFO - ::endgroup::
