[2025-02-08T19:02:42.499+0000] {local_task_job_runner.py:123} INFO - ::group::Pre task execution logs
[2025-02-08T19:02:42.513+0000] {taskinstance.py:2612} INFO - Dependencies all met for dep_context=non-requeueable deps ti=<TaskInstance: branch_dim_gen.generate_branch_dim_data scheduled__2024-11-05T00:00:00+00:00 [queued]>
[2025-02-08T19:02:42.520+0000] {taskinstance.py:2612} INFO - Dependencies all met for dep_context=requeueable deps ti=<TaskInstance: branch_dim_gen.generate_branch_dim_data scheduled__2024-11-05T00:00:00+00:00 [queued]>
[2025-02-08T19:02:42.521+0000] {taskinstance.py:2865} INFO - Starting attempt 1 of 1
[2025-02-08T19:02:42.579+0000] {taskinstance.py:2888} INFO - Executing <Task(PythonOperator): generate_branch_dim_data> on 2024-11-05 00:00:00+00:00
[2025-02-08T19:02:42.590+0000] {logging_mixin.py:190} WARNING - /home/***/.local/lib/python3.12/site-packages/***/task/task_runner/standard_task_runner.py:70 DeprecationWarning: This process (pid=1603) is multi-threaded, use of fork() may lead to deadlocks in the child.
[2025-02-08T19:02:42.591+0000] {standard_task_runner.py:72} INFO - Started process 1613 to run task
[2025-02-08T19:02:42.590+0000] {standard_task_runner.py:104} INFO - Running: ['***', 'tasks', 'run', 'branch_dim_gen', 'generate_branch_dim_data', 'scheduled__2024-11-05T00:00:00+00:00', '--job-id', '260', '--raw', '--subdir', 'DAGS_FOLDER/brnach_dim_gen.py', '--cfg-path', '/tmp/tmp13yrc7v9']
[2025-02-08T19:02:42.592+0000] {standard_task_runner.py:105} INFO - Job 260: Subtask generate_branch_dim_data
[2025-02-08T19:02:42.635+0000] {task_command.py:467} INFO - Running <TaskInstance: branch_dim_gen.generate_branch_dim_data scheduled__2024-11-05T00:00:00+00:00 [running]> on host 2c1cd59afcc0
[2025-02-08T19:02:42.722+0000] {taskinstance.py:3131} INFO - Exporting env vars: AIRFLOW_CTX_DAG_OWNER='Saleh' AIRFLOW_CTX_DAG_ID='branch_dim_gen' AIRFLOW_CTX_TASK_ID='generate_branch_dim_data' AIRFLOW_CTX_EXECUTION_DATE='2024-11-05T00:00:00+00:00' AIRFLOW_CTX_TRY_NUMBER='1' AIRFLOW_CTX_DAG_RUN_ID='scheduled__2024-11-05T00:00:00+00:00'
[2025-02-08T19:02:42.723+0000] {taskinstance.py:731} INFO - ::endgroup::
[2025-02-08T19:02:42.743+0000] {logging_mixin.py:190} INFO - CSV file './branch_dim_large_data.csv' with 50 rows has been generated successfully.
[2025-02-08T19:02:42.743+0000] {python.py:240} INFO - Done. Returned value was: None
[2025-02-08T19:02:42.754+0000] {taskinstance.py:340} INFO - ::group::Post task execution logs
[2025-02-08T19:02:42.755+0000] {taskinstance.py:352} INFO - Marking task as SUCCESS. dag_id=branch_dim_gen, task_id=generate_branch_dim_data, run_id=scheduled__2024-11-05T00:00:00+00:00, execution_date=20241105T000000, start_date=20250208T190242, end_date=20250208T190242
[2025-02-08T19:02:42.805+0000] {local_task_job_runner.py:266} INFO - Task exited with return code 0
[2025-02-08T19:02:42.823+0000] {taskinstance.py:3900} INFO - 0 downstream tasks scheduled from follow-on schedule check
[2025-02-08T19:02:42.827+0000] {local_task_job_runner.py:245} INFO - ::endgroup::
[2025-02-08T20:40:23.354+0000] {local_task_job_runner.py:123} INFO - ::group::Pre task execution logs
[2025-02-08T20:40:23.374+0000] {taskinstance.py:2612} INFO - Dependencies all met for dep_context=non-requeueable deps ti=<TaskInstance: branch_dim_gen.generate_branch_dim_data scheduled__2024-11-05T00:00:00+00:00 [queued]>
[2025-02-08T20:40:23.388+0000] {taskinstance.py:2612} INFO - Dependencies all met for dep_context=requeueable deps ti=<TaskInstance: branch_dim_gen.generate_branch_dim_data scheduled__2024-11-05T00:00:00+00:00 [queued]>
[2025-02-08T20:40:23.390+0000] {taskinstance.py:2865} INFO - Starting attempt 1 of 1
[2025-02-08T20:40:23.420+0000] {taskinstance.py:2888} INFO - Executing <Task(PythonOperator): generate_branch_dim_data> on 2024-11-05 00:00:00+00:00
[2025-02-08T20:40:23.436+0000] {logging_mixin.py:190} WARNING - /home/***/.local/lib/python3.12/site-packages/***/task/task_runner/standard_task_runner.py:70 DeprecationWarning: This process (pid=1243) is multi-threaded, use of fork() may lead to deadlocks in the child.
[2025-02-08T20:40:23.440+0000] {standard_task_runner.py:72} INFO - Started process 1278 to run task
[2025-02-08T20:40:23.445+0000] {standard_task_runner.py:104} INFO - Running: ['***', 'tasks', 'run', 'branch_dim_gen', 'generate_branch_dim_data', 'scheduled__2024-11-05T00:00:00+00:00', '--job-id', '162', '--raw', '--subdir', 'DAGS_FOLDER/brnach_dim_gen.py', '--cfg-path', '/tmp/tmpbrbimtg1']
[2025-02-08T20:40:23.449+0000] {standard_task_runner.py:105} INFO - Job 162: Subtask generate_branch_dim_data
[2025-02-08T20:40:23.527+0000] {task_command.py:467} INFO - Running <TaskInstance: branch_dim_gen.generate_branch_dim_data scheduled__2024-11-05T00:00:00+00:00 [running]> on host 7e959c1a2a8b
[2025-02-08T20:40:23.659+0000] {taskinstance.py:3131} INFO - Exporting env vars: AIRFLOW_CTX_DAG_OWNER='Saleh' AIRFLOW_CTX_DAG_ID='branch_dim_gen' AIRFLOW_CTX_TASK_ID='generate_branch_dim_data' AIRFLOW_CTX_EXECUTION_DATE='2024-11-05T00:00:00+00:00' AIRFLOW_CTX_TRY_NUMBER='1' AIRFLOW_CTX_DAG_RUN_ID='scheduled__2024-11-05T00:00:00+00:00'
[2025-02-08T20:40:23.660+0000] {taskinstance.py:731} INFO - ::endgroup::
[2025-02-08T20:40:23.699+0000] {logging_mixin.py:190} INFO - CSV file './branch_dim_large_data.csv' with 50 rows has been generated successfully.
[2025-02-08T20:40:23.700+0000] {python.py:240} INFO - Done. Returned value was: None
[2025-02-08T20:40:23.714+0000] {taskinstance.py:340} INFO - ::group::Post task execution logs
[2025-02-08T20:40:23.715+0000] {taskinstance.py:352} INFO - Marking task as SUCCESS. dag_id=branch_dim_gen, task_id=generate_branch_dim_data, run_id=scheduled__2024-11-05T00:00:00+00:00, execution_date=20241105T000000, start_date=20250208T204023, end_date=20250208T204023
[2025-02-08T20:40:23.778+0000] {local_task_job_runner.py:266} INFO - Task exited with return code 0
[2025-02-08T20:40:23.799+0000] {taskinstance.py:3900} INFO - 0 downstream tasks scheduled from follow-on schedule check
[2025-02-08T20:40:23.802+0000] {local_task_job_runner.py:245} INFO - ::endgroup::
