[2025-02-08T19:02:04.925+0000] {local_task_job_runner.py:123} INFO - ::group::Pre task execution logs
[2025-02-08T19:02:04.961+0000] {taskinstance.py:2612} INFO - Dependencies all met for dep_context=non-requeueable deps ti=<TaskInstance: customer_dim_generator.generate_customer_dim_data scheduled__2024-10-07T00:00:00+00:00 [queued]>
[2025-02-08T19:02:04.973+0000] {taskinstance.py:2612} INFO - Dependencies all met for dep_context=requeueable deps ti=<TaskInstance: customer_dim_generator.generate_customer_dim_data scheduled__2024-10-07T00:00:00+00:00 [queued]>
[2025-02-08T19:02:04.976+0000] {taskinstance.py:2865} INFO - Starting attempt 1 of 1
[2025-02-08T19:02:05.003+0000] {taskinstance.py:2888} INFO - Executing <Task(PythonOperator): generate_customer_dim_data> on 2024-10-07 00:00:00+00:00
[2025-02-08T19:02:05.016+0000] {logging_mixin.py:190} WARNING - /home/***/.local/lib/python3.12/site-packages/***/task/task_runner/standard_task_runner.py:70 DeprecationWarning: This process (pid=1159) is multi-threaded, use of fork() may lead to deadlocks in the child.
[2025-02-08T19:02:05.016+0000] {standard_task_runner.py:104} INFO - Running: ['***', 'tasks', 'run', 'customer_dim_generator', 'generate_customer_dim_data', 'scheduled__2024-10-07T00:00:00+00:00', '--job-id', '160', '--raw', '--subdir', 'DAGS_FOLDER/customer_dim_gen.py', '--cfg-path', '/tmp/tmprnxc_4ww']
[2025-02-08T19:02:05.019+0000] {standard_task_runner.py:72} INFO - Started process 1216 to run task
[2025-02-08T19:02:05.021+0000] {standard_task_runner.py:105} INFO - Job 160: Subtask generate_customer_dim_data
[2025-02-08T19:02:05.105+0000] {task_command.py:467} INFO - Running <TaskInstance: customer_dim_generator.generate_customer_dim_data scheduled__2024-10-07T00:00:00+00:00 [running]> on host 2c1cd59afcc0
[2025-02-08T19:02:05.321+0000] {taskinstance.py:3131} INFO - Exporting env vars: AIRFLOW_CTX_DAG_OWNER='Saleh' AIRFLOW_CTX_DAG_ID='customer_dim_generator' AIRFLOW_CTX_TASK_ID='generate_customer_dim_data' AIRFLOW_CTX_EXECUTION_DATE='2024-10-07T00:00:00+00:00' AIRFLOW_CTX_TRY_NUMBER='1' AIRFLOW_CTX_DAG_RUN_ID='scheduled__2024-10-07T00:00:00+00:00'
[2025-02-08T19:02:05.329+0000] {taskinstance.py:731} INFO - ::endgroup::
[2025-02-08T19:02:05.436+0000] {logging_mixin.py:190} INFO - CSV file './customer_dim_large_data.csv' with 100 rows has been generated successfully.
[2025-02-08T19:02:05.439+0000] {python.py:240} INFO - Done. Returned value was: None
[2025-02-08T19:02:05.466+0000] {taskinstance.py:340} INFO - ::group::Post task execution logs
[2025-02-08T19:02:05.466+0000] {taskinstance.py:352} INFO - Marking task as SUCCESS. dag_id=customer_dim_generator, task_id=generate_customer_dim_data, run_id=scheduled__2024-10-07T00:00:00+00:00, execution_date=20241007T000000, start_date=20250208T190204, end_date=20250208T190205
[2025-02-08T19:02:05.586+0000] {local_task_job_runner.py:266} INFO - Task exited with return code 0
[2025-02-08T19:02:05.598+0000] {taskinstance.py:3900} INFO - 0 downstream tasks scheduled from follow-on schedule check
[2025-02-08T19:02:05.627+0000] {local_task_job_runner.py:245} INFO - ::endgroup::
[2025-02-08T20:39:38.065+0000] {local_task_job_runner.py:123} INFO - ::group::Pre task execution logs
[2025-02-08T20:39:38.100+0000] {taskinstance.py:2612} INFO - Dependencies all met for dep_context=non-requeueable deps ti=<TaskInstance: customer_dim_generator.generate_customer_dim_data scheduled__2024-10-07T00:00:00+00:00 [queued]>
[2025-02-08T20:39:38.122+0000] {taskinstance.py:2612} INFO - Dependencies all met for dep_context=requeueable deps ti=<TaskInstance: customer_dim_generator.generate_customer_dim_data scheduled__2024-10-07T00:00:00+00:00 [queued]>
[2025-02-08T20:39:38.127+0000] {taskinstance.py:2865} INFO - Starting attempt 1 of 1
[2025-02-08T20:39:38.165+0000] {taskinstance.py:2888} INFO - Executing <Task(PythonOperator): generate_customer_dim_data> on 2024-10-07 00:00:00+00:00
[2025-02-08T20:39:38.189+0000] {logging_mixin.py:190} WARNING - /home/***/.local/lib/python3.12/site-packages/***/task/task_runner/standard_task_runner.py:70 DeprecationWarning: This process (pid=563) is multi-threaded, use of fork() may lead to deadlocks in the child.
[2025-02-08T20:39:38.191+0000] {standard_task_runner.py:72} INFO - Started process 647 to run task
[2025-02-08T20:39:38.213+0000] {standard_task_runner.py:104} INFO - Running: ['***', 'tasks', 'run', 'customer_dim_generator', 'generate_customer_dim_data', 'scheduled__2024-10-07T00:00:00+00:00', '--job-id', '11', '--raw', '--subdir', 'DAGS_FOLDER/customer_dim_gen.py', '--cfg-path', '/tmp/tmplagfv8f6']
[2025-02-08T20:39:38.226+0000] {standard_task_runner.py:105} INFO - Job 11: Subtask generate_customer_dim_data
[2025-02-08T20:39:38.534+0000] {task_command.py:467} INFO - Running <TaskInstance: customer_dim_generator.generate_customer_dim_data scheduled__2024-10-07T00:00:00+00:00 [running]> on host 7e959c1a2a8b
[2025-02-08T20:39:39.210+0000] {taskinstance.py:3131} INFO - Exporting env vars: AIRFLOW_CTX_DAG_OWNER='Saleh' AIRFLOW_CTX_DAG_ID='customer_dim_generator' AIRFLOW_CTX_TASK_ID='generate_customer_dim_data' AIRFLOW_CTX_EXECUTION_DATE='2024-10-07T00:00:00+00:00' AIRFLOW_CTX_TRY_NUMBER='1' AIRFLOW_CTX_DAG_RUN_ID='scheduled__2024-10-07T00:00:00+00:00'
[2025-02-08T20:39:39.214+0000] {taskinstance.py:731} INFO - ::endgroup::
[2025-02-08T20:39:40.518+0000] {logging_mixin.py:190} INFO - CSV file './customer_dim_large_data.csv' with 100 rows has been generated successfully.
[2025-02-08T20:39:40.519+0000] {python.py:240} INFO - Done. Returned value was: None
[2025-02-08T20:39:40.529+0000] {taskinstance.py:340} INFO - ::group::Post task execution logs
[2025-02-08T20:39:40.532+0000] {taskinstance.py:352} INFO - Marking task as SUCCESS. dag_id=customer_dim_generator, task_id=generate_customer_dim_data, run_id=scheduled__2024-10-07T00:00:00+00:00, execution_date=20241007T000000, start_date=20250208T203938, end_date=20250208T203940
[2025-02-08T20:39:40.823+0000] {local_task_job_runner.py:266} INFO - Task exited with return code 0
[2025-02-08T20:39:40.889+0000] {taskinstance.py:3900} INFO - 0 downstream tasks scheduled from follow-on schedule check
[2025-02-08T20:39:40.926+0000] {local_task_job_runner.py:245} INFO - ::endgroup::
[2025-02-08T20:42:44.823+0000] {local_task_job_runner.py:123} INFO - ::group::Pre task execution logs
[2025-02-08T20:42:44.853+0000] {taskinstance.py:2612} INFO - Dependencies all met for dep_context=non-requeueable deps ti=<TaskInstance: customer_dim_generator.generate_customer_dim_data scheduled__2024-10-07T00:00:00+00:00 [queued]>
[2025-02-08T20:42:44.862+0000] {taskinstance.py:2612} INFO - Dependencies all met for dep_context=requeueable deps ti=<TaskInstance: customer_dim_generator.generate_customer_dim_data scheduled__2024-10-07T00:00:00+00:00 [queued]>
[2025-02-08T20:42:44.864+0000] {taskinstance.py:2865} INFO - Starting attempt 1 of 1
[2025-02-08T20:42:44.892+0000] {taskinstance.py:2888} INFO - Executing <Task(PythonOperator): generate_customer_dim_data> on 2024-10-07 00:00:00+00:00
[2025-02-08T20:42:44.908+0000] {logging_mixin.py:190} WARNING - /home/***/.local/lib/python3.12/site-packages/***/task/task_runner/standard_task_runner.py:70 DeprecationWarning: This process (pid=346) is multi-threaded, use of fork() may lead to deadlocks in the child.
[2025-02-08T20:42:44.910+0000] {standard_task_runner.py:72} INFO - Started process 365 to run task
[2025-02-08T20:42:44.915+0000] {standard_task_runner.py:104} INFO - Running: ['***', 'tasks', 'run', 'customer_dim_generator', 'generate_customer_dim_data', 'scheduled__2024-10-07T00:00:00+00:00', '--job-id', '399', '--raw', '--subdir', 'DAGS_FOLDER/customer_dim_gen.py', '--cfg-path', '/tmp/tmpme33ixix']
[2025-02-08T20:42:44.919+0000] {standard_task_runner.py:105} INFO - Job 399: Subtask generate_customer_dim_data
[2025-02-08T20:42:45.024+0000] {task_command.py:467} INFO - Running <TaskInstance: customer_dim_generator.generate_customer_dim_data scheduled__2024-10-07T00:00:00+00:00 [running]> on host 86932746817d
[2025-02-08T20:42:45.141+0000] {taskinstance.py:3131} INFO - Exporting env vars: AIRFLOW_CTX_DAG_OWNER='Saleh' AIRFLOW_CTX_DAG_ID='customer_dim_generator' AIRFLOW_CTX_TASK_ID='generate_customer_dim_data' AIRFLOW_CTX_EXECUTION_DATE='2024-10-07T00:00:00+00:00' AIRFLOW_CTX_TRY_NUMBER='1' AIRFLOW_CTX_DAG_RUN_ID='scheduled__2024-10-07T00:00:00+00:00'
[2025-02-08T20:42:45.142+0000] {taskinstance.py:731} INFO - ::endgroup::
[2025-02-08T20:42:45.173+0000] {logging_mixin.py:190} INFO - CSV file './customer_dim_large_data.csv' with 100 rows has been generated successfully.
[2025-02-08T20:42:45.174+0000] {python.py:240} INFO - Done. Returned value was: None
[2025-02-08T20:42:45.183+0000] {taskinstance.py:340} INFO - ::group::Post task execution logs
[2025-02-08T20:42:45.184+0000] {taskinstance.py:352} INFO - Marking task as SUCCESS. dag_id=customer_dim_generator, task_id=generate_customer_dim_data, run_id=scheduled__2024-10-07T00:00:00+00:00, execution_date=20241007T000000, start_date=20250208T204244, end_date=20250208T204245
[2025-02-08T20:42:45.222+0000] {local_task_job_runner.py:266} INFO - Task exited with return code 0
[2025-02-08T20:42:45.239+0000] {local_task_job_runner.py:245} INFO - ::endgroup::
