[2025-02-08T10:58:39.210+0000] {local_task_job_runner.py:123} INFO - ::group::Pre task execution logs
[2025-02-08T10:58:39.224+0000] {taskinstance.py:2612} INFO - Dependencies all met for dep_context=non-requeueable deps ti=<TaskInstance: example_branch_operator.branching_venv manual__2025-02-08T10:58:24.598600+00:00 [queued]>
[2025-02-08T10:58:39.231+0000] {taskinstance.py:2612} INFO - Dependencies all met for dep_context=requeueable deps ti=<TaskInstance: example_branch_operator.branching_venv manual__2025-02-08T10:58:24.598600+00:00 [queued]>
[2025-02-08T10:58:39.231+0000] {taskinstance.py:2865} INFO - Starting attempt 1 of 1
[2025-02-08T10:58:39.241+0000] {taskinstance.py:2888} INFO - Executing <Task(BranchPythonVirtualenvOperator): branching_venv> on 2025-02-08 10:58:24.598600+00:00
[2025-02-08T10:58:39.249+0000] {standard_task_runner.py:104} INFO - Running: ['***', 'tasks', 'run', 'example_branch_operator', 'branching_venv', 'manual__2025-02-08T10:58:24.598600+00:00', '--job-id', '11', '--raw', '--subdir', '/home/***/.local/lib/python3.12/site-packages/***/example_dags/example_branch_operator.py', '--cfg-path', '/tmp/tmp7f6n4cao']
[2025-02-08T10:58:39.250+0000] {standard_task_runner.py:105} INFO - Job 11: Subtask branching_venv
[2025-02-08T10:58:39.251+0000] {logging_mixin.py:190} WARNING - /home/***/.local/lib/python3.12/site-packages/***/task/task_runner/standard_task_runner.py:70 DeprecationWarning: This process (pid=4545) is multi-threaded, use of fork() may lead to deadlocks in the child.
[2025-02-08T10:58:39.252+0000] {standard_task_runner.py:72} INFO - Started process 4546 to run task
[2025-02-08T10:58:39.286+0000] {task_command.py:467} INFO - Running <TaskInstance: example_branch_operator.branching_venv manual__2025-02-08T10:58:24.598600+00:00 [running]> on host d1b449c2efe4
[2025-02-08T10:58:39.344+0000] {taskinstance.py:3131} INFO - Exporting env vars: AIRFLOW_CTX_DAG_OWNER='***' AIRFLOW_CTX_DAG_ID='example_branch_operator' AIRFLOW_CTX_TASK_ID='branching_venv' AIRFLOW_CTX_EXECUTION_DATE='2025-02-08T10:58:24.598600+00:00' AIRFLOW_CTX_TRY_NUMBER='1' AIRFLOW_CTX_DAG_RUN_ID='manual__2025-02-08T10:58:24.598600+00:00'
[2025-02-08T10:58:39.345+0000] {logging_mixin.py:190} INFO - Task instance is in running state
[2025-02-08T10:58:39.346+0000] {logging_mixin.py:190} INFO -  Previous state of the Task instance: queued
[2025-02-08T10:58:39.346+0000] {logging_mixin.py:190} INFO - Current task name:branching_venv state:running start_date:2025-02-08 10:58:39.225006+00:00
[2025-02-08T10:58:39.346+0000] {logging_mixin.py:190} INFO - Dag name:example_branch_operator and current dag run status:running
[2025-02-08T10:58:39.347+0000] {taskinstance.py:731} INFO - ::endgroup::
[2025-02-08T10:58:39.347+0000] {baseoperator.py:405} WARNING - BranchPythonVirtualenvOperator.execute cannot be called outside TaskInstance!
[2025-02-08T10:58:39.347+0000] {baseoperator.py:405} WARNING - BranchPythonVirtualenvOperator.execute cannot be called outside TaskInstance!
[2025-02-08T10:58:39.352+0000] {python.py:809} INFO - Python virtual environment will be cached in /tmp/venv-5ea997a7
[2025-02-08T10:58:39.354+0000] {process_utils.py:186} INFO - Executing cmd: /home/***/.local/bin/python -m virtualenv /tmp/venv-5ea997a7 --system-site-packages --python=python
[2025-02-08T10:58:39.355+0000] {process_utils.py:190} INFO - Output:
[2025-02-08T10:58:40.243+0000] {process_utils.py:194} INFO - created virtual environment CPython3.12.6.final.0-64 in 417ms
[2025-02-08T10:58:40.243+0000] {process_utils.py:194} INFO -   creator CPython3Posix(dest=/tmp/venv-5ea997a7, clear=False, no_vcs_ignore=False, global=True)
[2025-02-08T10:58:40.244+0000] {process_utils.py:194} INFO -   seeder FromAppData(download=False, pip=bundle, via=copy, app_data_dir=/home/***/.local/share/virtualenv)
[2025-02-08T10:58:40.244+0000] {process_utils.py:194} INFO -     added seed packages: pip==24.2
[2025-02-08T10:58:40.244+0000] {process_utils.py:194} INFO -   activators BashActivator,CShellActivator,FishActivator,NushellActivator,PowerShellActivator,PythonActivator
[2025-02-08T10:58:40.264+0000] {process_utils.py:186} INFO - Executing cmd: /tmp/venv-5ea997a7/bin/pip install -r /tmp/venv-5ea997a7/requirements.txt
[2025-02-08T10:58:40.265+0000] {process_utils.py:190} INFO - Output:
[2025-02-08T10:58:41.490+0000] {process_utils.py:194} INFO - Requirement already satisfied: numpy~=1.26.0 in /home/***/.local/lib/python3.12/site-packages (from -r /tmp/venv-5ea997a7/requirements.txt (line 1)) (1.26.4)
[2025-02-08T10:58:42.238+0000] {process_utils.py:194} INFO - 
[2025-02-08T10:58:42.239+0000] {process_utils.py:194} INFO - [notice] A new release of pip is available: 24.2 -> 25.0
[2025-02-08T10:58:42.239+0000] {process_utils.py:194} INFO - [notice] To update, run: python -m pip install --upgrade pip
[2025-02-08T10:58:42.316+0000] {python.py:857} INFO - New Python virtual environment created in /tmp/venv-5ea997a7
[2025-02-08T10:58:42.317+0000] {python.py:513} INFO - Use 'pickle' as serializer.
[2025-02-08T10:58:42.321+0000] {process_utils.py:186} INFO - Executing cmd: /tmp/venv-5ea997a7/bin/python /tmp/venv-callazqvwdop/script.py /tmp/venv-callazqvwdop/script.in /tmp/venv-callazqvwdop/script.out /tmp/venv-callazqvwdop/string_args.txt /tmp/venv-callazqvwdop/termination.log
[2025-02-08T10:58:42.322+0000] {process_utils.py:190} INFO - Output:
[2025-02-08T10:58:44.529+0000] {process_utils.py:194} INFO - Some numpy stuff: [0 1 2 3 4 5]
[2025-02-08T10:58:44.840+0000] {python.py:240} INFO - Done. Returned value was: venv_b
[2025-02-08T10:58:44.840+0000] {branch.py:38} INFO - Branch into venv_b
[2025-02-08T10:58:44.841+0000] {skipmixin.py:230} INFO - Following branch ('venv_b',)
[2025-02-08T10:58:44.851+0000] {skipmixin.py:278} INFO - Skipping tasks [('venv_c', -1), ('venv_a', -1), ('venv_d', -1)]
[2025-02-08T10:58:44.874+0000] {taskinstance.py:340} INFO - ::group::Post task execution logs
[2025-02-08T10:58:44.875+0000] {taskinstance.py:352} INFO - Marking task as SUCCESS. dag_id=example_branch_operator, task_id=branching_venv, run_id=manual__2025-02-08T10:58:24.598600+00:00, execution_date=20250208T105824, start_date=20250208T105839, end_date=20250208T105844
[2025-02-08T10:58:44.882+0000] {logging_mixin.py:190} INFO - Task instance in success state
[2025-02-08T10:58:44.883+0000] {logging_mixin.py:190} INFO -  Previous state of the Task instance: running
[2025-02-08T10:58:44.883+0000] {logging_mixin.py:190} INFO - Dag name:example_branch_operator queued_at:2025-02-08 10:58:24.622215+00:00
[2025-02-08T10:58:44.884+0000] {logging_mixin.py:190} INFO - Task hostname:d1b449c2efe4 operator:BranchPythonVirtualenvOperator
[2025-02-08T10:58:44.915+0000] {local_task_job_runner.py:266} INFO - Task exited with return code 0
[2025-02-08T10:58:44.940+0000] {taskinstance.py:3900} INFO - 1 downstream tasks scheduled from follow-on schedule check
[2025-02-08T10:58:44.942+0000] {local_task_job_runner.py:245} INFO - ::endgroup::
