[2025-02-08T19:03:40.463+0000] {local_task_job_runner.py:123} INFO - ::group::Pre task execution logs
[2025-02-08T19:03:40.478+0000] {taskinstance.py:2612} INFO - Dependencies all met for dep_context=non-requeueable deps ti=<TaskInstance: branch_dim_gen.generate_branch_dim_data scheduled__2025-02-03T00:00:00+00:00 [queued]>
[2025-02-08T19:03:40.485+0000] {taskinstance.py:2612} INFO - Dependencies all met for dep_context=requeueable deps ti=<TaskInstance: branch_dim_gen.generate_branch_dim_data scheduled__2025-02-03T00:00:00+00:00 [queued]>
[2025-02-08T19:03:40.486+0000] {taskinstance.py:2865} INFO - Starting attempt 1 of 1
[2025-02-08T19:03:40.500+0000] {taskinstance.py:2888} INFO - Executing <Task(PythonOperator): generate_branch_dim_data> on 2025-02-03 00:00:00+00:00
[2025-02-08T19:03:40.510+0000] {logging_mixin.py:190} WARNING - /home/***/.local/lib/python3.12/site-packages/***/task/task_runner/standard_task_runner.py:70 DeprecationWarning: This process (pid=2299) is multi-threaded, use of fork() may lead to deadlocks in the child.
[2025-02-08T19:03:40.512+0000] {standard_task_runner.py:72} INFO - Started process 2309 to run task
[2025-02-08T19:03:40.511+0000] {standard_task_runner.py:104} INFO - Running: ['***', 'tasks', 'run', 'branch_dim_gen', 'generate_branch_dim_data', 'scheduled__2025-02-03T00:00:00+00:00', '--job-id', '422', '--raw', '--subdir', 'DAGS_FOLDER/brnach_dim_gen.py', '--cfg-path', '/tmp/tmpzvvfjtwz']
[2025-02-08T19:03:40.514+0000] {standard_task_runner.py:105} INFO - Job 422: Subtask generate_branch_dim_data
[2025-02-08T19:03:40.555+0000] {task_command.py:467} INFO - Running <TaskInstance: branch_dim_gen.generate_branch_dim_data scheduled__2025-02-03T00:00:00+00:00 [running]> on host 2c1cd59afcc0
[2025-02-08T19:03:40.625+0000] {taskinstance.py:3131} INFO - Exporting env vars: AIRFLOW_CTX_DAG_OWNER='Saleh' AIRFLOW_CTX_DAG_ID='branch_dim_gen' AIRFLOW_CTX_TASK_ID='generate_branch_dim_data' AIRFLOW_CTX_EXECUTION_DATE='2025-02-03T00:00:00+00:00' AIRFLOW_CTX_TRY_NUMBER='1' AIRFLOW_CTX_DAG_RUN_ID='scheduled__2025-02-03T00:00:00+00:00'
[2025-02-08T19:03:40.626+0000] {taskinstance.py:731} INFO - ::endgroup::
[2025-02-08T19:03:40.643+0000] {logging_mixin.py:190} INFO - CSV file './branch_dim_large_data.csv' with 50 rows has been generated successfully.
[2025-02-08T19:03:40.644+0000] {python.py:240} INFO - Done. Returned value was: None
[2025-02-08T19:03:40.651+0000] {taskinstance.py:340} INFO - ::group::Post task execution logs
[2025-02-08T19:03:40.651+0000] {taskinstance.py:352} INFO - Marking task as SUCCESS. dag_id=branch_dim_gen, task_id=generate_branch_dim_data, run_id=scheduled__2025-02-03T00:00:00+00:00, execution_date=20250203T000000, start_date=20250208T190340, end_date=20250208T190340
[2025-02-08T19:03:40.687+0000] {local_task_job_runner.py:266} INFO - Task exited with return code 0
[2025-02-08T19:03:40.701+0000] {taskinstance.py:3900} INFO - 0 downstream tasks scheduled from follow-on schedule check
[2025-02-08T19:03:40.703+0000] {local_task_job_runner.py:245} INFO - ::endgroup::
[2025-02-08T20:42:41.287+0000] {local_task_job_runner.py:123} INFO - ::group::Pre task execution logs
[2025-02-08T20:42:41.301+0000] {taskinstance.py:2612} INFO - Dependencies all met for dep_context=non-requeueable deps ti=<TaskInstance: branch_dim_gen.generate_branch_dim_data scheduled__2025-02-03T00:00:00+00:00 [queued]>
[2025-02-08T20:42:41.309+0000] {taskinstance.py:2612} INFO - Dependencies all met for dep_context=requeueable deps ti=<TaskInstance: branch_dim_gen.generate_branch_dim_data scheduled__2025-02-03T00:00:00+00:00 [queued]>
[2025-02-08T20:42:41.310+0000] {taskinstance.py:2865} INFO - Starting attempt 1 of 1
[2025-02-08T20:42:41.321+0000] {taskinstance.py:2888} INFO - Executing <Task(PythonOperator): generate_branch_dim_data> on 2025-02-03 00:00:00+00:00
[2025-02-08T20:42:41.329+0000] {logging_mixin.py:190} WARNING - /home/***/.local/lib/python3.12/site-packages/***/task/task_runner/standard_task_runner.py:70 DeprecationWarning: This process (pid=322) is multi-threaded, use of fork() may lead to deadlocks in the child.
[2025-02-08T20:42:41.330+0000] {standard_task_runner.py:72} INFO - Started process 336 to run task
[2025-02-08T20:42:41.329+0000] {standard_task_runner.py:104} INFO - Running: ['***', 'tasks', 'run', 'branch_dim_gen', 'generate_branch_dim_data', 'scheduled__2025-02-03T00:00:00+00:00', '--job-id', '394', '--raw', '--subdir', 'DAGS_FOLDER/brnach_dim_gen.py', '--cfg-path', '/tmp/tmp4_5m2jhr']
[2025-02-08T20:42:41.332+0000] {standard_task_runner.py:105} INFO - Job 394: Subtask generate_branch_dim_data
[2025-02-08T20:42:41.375+0000] {task_command.py:467} INFO - Running <TaskInstance: branch_dim_gen.generate_branch_dim_data scheduled__2025-02-03T00:00:00+00:00 [running]> on host 86932746817d
[2025-02-08T20:42:41.448+0000] {taskinstance.py:3131} INFO - Exporting env vars: AIRFLOW_CTX_DAG_OWNER='Saleh' AIRFLOW_CTX_DAG_ID='branch_dim_gen' AIRFLOW_CTX_TASK_ID='generate_branch_dim_data' AIRFLOW_CTX_EXECUTION_DATE='2025-02-03T00:00:00+00:00' AIRFLOW_CTX_TRY_NUMBER='1' AIRFLOW_CTX_DAG_RUN_ID='scheduled__2025-02-03T00:00:00+00:00'
[2025-02-08T20:42:41.449+0000] {taskinstance.py:731} INFO - ::endgroup::
[2025-02-08T20:42:41.465+0000] {logging_mixin.py:190} INFO - CSV file './branch_dim_large_data.csv' with 50 rows has been generated successfully.
[2025-02-08T20:42:41.466+0000] {python.py:240} INFO - Done. Returned value was: None
[2025-02-08T20:42:41.474+0000] {taskinstance.py:340} INFO - ::group::Post task execution logs
[2025-02-08T20:42:41.475+0000] {taskinstance.py:352} INFO - Marking task as SUCCESS. dag_id=branch_dim_gen, task_id=generate_branch_dim_data, run_id=scheduled__2025-02-03T00:00:00+00:00, execution_date=20250203T000000, start_date=20250208T204241, end_date=20250208T204241
[2025-02-08T20:42:41.505+0000] {local_task_job_runner.py:266} INFO - Task exited with return code 0
[2025-02-08T20:42:41.518+0000] {taskinstance.py:3900} INFO - 0 downstream tasks scheduled from follow-on schedule check
[2025-02-08T20:42:41.520+0000] {local_task_job_runner.py:245} INFO - ::endgroup::
