[2025-02-08T19:02:15.056+0000] {local_task_job_runner.py:123} INFO - ::group::Pre task execution logs
[2025-02-08T19:02:15.078+0000] {taskinstance.py:2612} INFO - Dependencies all met for dep_context=non-requeueable deps ti=<TaskInstance: branch_dim_gen.generate_branch_dim_data scheduled__2024-10-04T00:00:00+00:00 [queued]>
[2025-02-08T19:02:15.096+0000] {taskinstance.py:2612} INFO - Dependencies all met for dep_context=requeueable deps ti=<TaskInstance: branch_dim_gen.generate_branch_dim_data scheduled__2024-10-04T00:00:00+00:00 [queued]>
[2025-02-08T19:02:15.097+0000] {taskinstance.py:2865} INFO - Starting attempt 1 of 1
[2025-02-08T19:02:15.124+0000] {taskinstance.py:2888} INFO - Executing <Task(PythonOperator): generate_branch_dim_data> on 2024-10-04 00:00:00+00:00
[2025-02-08T19:02:15.133+0000] {logging_mixin.py:190} WARNING - /home/***/.local/lib/python3.12/site-packages/***/task/task_runner/standard_task_runner.py:70 DeprecationWarning: This process (pid=1322) is multi-threaded, use of fork() may lead to deadlocks in the child.
[2025-02-08T19:02:15.134+0000] {standard_task_runner.py:72} INFO - Started process 1349 to run task
[2025-02-08T19:02:15.133+0000] {standard_task_runner.py:104} INFO - Running: ['***', 'tasks', 'run', 'branch_dim_gen', 'generate_branch_dim_data', 'scheduled__2024-10-04T00:00:00+00:00', '--job-id', '197', '--raw', '--subdir', 'DAGS_FOLDER/brnach_dim_gen.py', '--cfg-path', '/tmp/tmpkyfit6sm']
[2025-02-08T19:02:15.136+0000] {standard_task_runner.py:105} INFO - Job 197: Subtask generate_branch_dim_data
[2025-02-08T19:02:15.187+0000] {task_command.py:467} INFO - Running <TaskInstance: branch_dim_gen.generate_branch_dim_data scheduled__2024-10-04T00:00:00+00:00 [running]> on host 2c1cd59afcc0
[2025-02-08T19:02:15.291+0000] {taskinstance.py:3131} INFO - Exporting env vars: AIRFLOW_CTX_DAG_OWNER='Saleh' AIRFLOW_CTX_DAG_ID='branch_dim_gen' AIRFLOW_CTX_TASK_ID='generate_branch_dim_data' AIRFLOW_CTX_EXECUTION_DATE='2024-10-04T00:00:00+00:00' AIRFLOW_CTX_TRY_NUMBER='1' AIRFLOW_CTX_DAG_RUN_ID='scheduled__2024-10-04T00:00:00+00:00'
[2025-02-08T19:02:15.293+0000] {taskinstance.py:731} INFO - ::endgroup::
[2025-02-08T19:02:15.316+0000] {logging_mixin.py:190} INFO - CSV file './branch_dim_large_data.csv' with 50 rows has been generated successfully.
[2025-02-08T19:02:15.317+0000] {python.py:240} INFO - Done. Returned value was: None
[2025-02-08T19:02:15.330+0000] {taskinstance.py:340} INFO - ::group::Post task execution logs
[2025-02-08T19:02:15.331+0000] {taskinstance.py:352} INFO - Marking task as SUCCESS. dag_id=branch_dim_gen, task_id=generate_branch_dim_data, run_id=scheduled__2024-10-04T00:00:00+00:00, execution_date=20241004T000000, start_date=20250208T190215, end_date=20250208T190215
[2025-02-08T19:02:15.391+0000] {local_task_job_runner.py:266} INFO - Task exited with return code 0
[2025-02-08T19:02:15.407+0000] {taskinstance.py:3900} INFO - 0 downstream tasks scheduled from follow-on schedule check
[2025-02-08T19:02:15.418+0000] {local_task_job_runner.py:245} INFO - ::endgroup::
[2025-02-08T20:39:53.030+0000] {local_task_job_runner.py:123} INFO - ::group::Pre task execution logs
[2025-02-08T20:39:53.049+0000] {taskinstance.py:2612} INFO - Dependencies all met for dep_context=non-requeueable deps ti=<TaskInstance: branch_dim_gen.generate_branch_dim_data scheduled__2024-10-04T00:00:00+00:00 [queued]>
[2025-02-08T20:39:53.062+0000] {taskinstance.py:2612} INFO - Dependencies all met for dep_context=requeueable deps ti=<TaskInstance: branch_dim_gen.generate_branch_dim_data scheduled__2024-10-04T00:00:00+00:00 [queued]>
[2025-02-08T20:39:53.063+0000] {taskinstance.py:2865} INFO - Starting attempt 1 of 1
[2025-02-08T20:39:53.076+0000] {taskinstance.py:2888} INFO - Executing <Task(PythonOperator): generate_branch_dim_data> on 2024-10-04 00:00:00+00:00
[2025-02-08T20:39:53.089+0000] {logging_mixin.py:190} WARNING - /home/***/.local/lib/python3.12/site-packages/***/task/task_runner/standard_task_runner.py:70 DeprecationWarning: This process (pid=834) is multi-threaded, use of fork() may lead to deadlocks in the child.
[2025-02-08T20:39:53.090+0000] {standard_task_runner.py:72} INFO - Started process 865 to run task
[2025-02-08T20:39:53.088+0000] {standard_task_runner.py:104} INFO - Running: ['***', 'tasks', 'run', 'branch_dim_gen', 'generate_branch_dim_data', 'scheduled__2024-10-04T00:00:00+00:00', '--job-id', '67', '--raw', '--subdir', 'DAGS_FOLDER/brnach_dim_gen.py', '--cfg-path', '/tmp/tmp99ly77xo']
[2025-02-08T20:39:53.093+0000] {standard_task_runner.py:105} INFO - Job 67: Subtask generate_branch_dim_data
[2025-02-08T20:39:53.157+0000] {task_command.py:467} INFO - Running <TaskInstance: branch_dim_gen.generate_branch_dim_data scheduled__2024-10-04T00:00:00+00:00 [running]> on host 7e959c1a2a8b
[2025-02-08T20:39:53.265+0000] {taskinstance.py:3131} INFO - Exporting env vars: AIRFLOW_CTX_DAG_OWNER='Saleh' AIRFLOW_CTX_DAG_ID='branch_dim_gen' AIRFLOW_CTX_TASK_ID='generate_branch_dim_data' AIRFLOW_CTX_EXECUTION_DATE='2024-10-04T00:00:00+00:00' AIRFLOW_CTX_TRY_NUMBER='1' AIRFLOW_CTX_DAG_RUN_ID='scheduled__2024-10-04T00:00:00+00:00'
[2025-02-08T20:39:53.267+0000] {taskinstance.py:731} INFO - ::endgroup::
[2025-02-08T20:39:53.299+0000] {logging_mixin.py:190} INFO - CSV file './branch_dim_large_data.csv' with 50 rows has been generated successfully.
[2025-02-08T20:39:53.300+0000] {python.py:240} INFO - Done. Returned value was: None
[2025-02-08T20:39:53.308+0000] {taskinstance.py:340} INFO - ::group::Post task execution logs
[2025-02-08T20:39:53.310+0000] {taskinstance.py:352} INFO - Marking task as SUCCESS. dag_id=branch_dim_gen, task_id=generate_branch_dim_data, run_id=scheduled__2024-10-04T00:00:00+00:00, execution_date=20241004T000000, start_date=20250208T203953, end_date=20250208T203953
[2025-02-08T20:39:53.478+0000] {local_task_job_runner.py:266} INFO - Task exited with return code 0
[2025-02-08T20:39:53.496+0000] {taskinstance.py:3900} INFO - 0 downstream tasks scheduled from follow-on schedule check
[2025-02-08T20:39:53.499+0000] {local_task_job_runner.py:245} INFO - ::endgroup::
