[2025-02-08T19:03:09.659+0000] {local_task_job_runner.py:123} INFO - ::group::Pre task execution logs
[2025-02-08T19:03:09.673+0000] {taskinstance.py:2612} INFO - Dependencies all met for dep_context=non-requeueable deps ti=<TaskInstance: customer_dim_generator.generate_customer_dim_data scheduled__2025-01-13T00:00:00+00:00 [queued]>
[2025-02-08T19:03:09.679+0000] {taskinstance.py:2612} INFO - Dependencies all met for dep_context=requeueable deps ti=<TaskInstance: customer_dim_generator.generate_customer_dim_data scheduled__2025-01-13T00:00:00+00:00 [queued]>
[2025-02-08T19:03:09.680+0000] {taskinstance.py:2865} INFO - Starting attempt 1 of 1
[2025-02-08T19:03:09.691+0000] {taskinstance.py:2888} INFO - Executing <Task(PythonOperator): generate_customer_dim_data> on 2025-01-13 00:00:00+00:00
[2025-02-08T19:03:09.700+0000] {logging_mixin.py:190} WARNING - /home/***/.local/lib/python3.12/site-packages/***/task/task_runner/standard_task_runner.py:70 DeprecationWarning: This process (pid=1988) is multi-threaded, use of fork() may lead to deadlocks in the child.
[2025-02-08T19:03:09.701+0000] {standard_task_runner.py:72} INFO - Started process 2003 to run task
[2025-02-08T19:03:09.700+0000] {standard_task_runner.py:104} INFO - Running: ['***', 'tasks', 'run', 'customer_dim_generator', 'generate_customer_dim_data', 'scheduled__2025-01-13T00:00:00+00:00', '--job-id', '353', '--raw', '--subdir', 'DAGS_FOLDER/customer_dim_gen.py', '--cfg-path', '/tmp/tmp0mx72qzd']
[2025-02-08T19:03:09.702+0000] {standard_task_runner.py:105} INFO - Job 353: Subtask generate_customer_dim_data
[2025-02-08T19:03:09.738+0000] {task_command.py:467} INFO - Running <TaskInstance: customer_dim_generator.generate_customer_dim_data scheduled__2025-01-13T00:00:00+00:00 [running]> on host 2c1cd59afcc0
[2025-02-08T19:03:09.804+0000] {taskinstance.py:3131} INFO - Exporting env vars: AIRFLOW_CTX_DAG_OWNER='Saleh' AIRFLOW_CTX_DAG_ID='customer_dim_generator' AIRFLOW_CTX_TASK_ID='generate_customer_dim_data' AIRFLOW_CTX_EXECUTION_DATE='2025-01-13T00:00:00+00:00' AIRFLOW_CTX_TRY_NUMBER='1' AIRFLOW_CTX_DAG_RUN_ID='scheduled__2025-01-13T00:00:00+00:00'
[2025-02-08T19:03:09.805+0000] {taskinstance.py:731} INFO - ::endgroup::
[2025-02-08T19:03:09.823+0000] {logging_mixin.py:190} INFO - CSV file './customer_dim_large_data.csv' with 100 rows has been generated successfully.
[2025-02-08T19:03:09.823+0000] {python.py:240} INFO - Done. Returned value was: None
[2025-02-08T19:03:09.830+0000] {taskinstance.py:340} INFO - ::group::Post task execution logs
[2025-02-08T19:03:09.830+0000] {taskinstance.py:352} INFO - Marking task as SUCCESS. dag_id=customer_dim_generator, task_id=generate_customer_dim_data, run_id=scheduled__2025-01-13T00:00:00+00:00, execution_date=20250113T000000, start_date=20250208T190309, end_date=20250208T190309
[2025-02-08T19:03:09.875+0000] {local_task_job_runner.py:266} INFO - Task exited with return code 0
[2025-02-08T19:03:09.888+0000] {taskinstance.py:3900} INFO - 0 downstream tasks scheduled from follow-on schedule check
[2025-02-08T19:03:09.890+0000] {local_task_job_runner.py:245} INFO - ::endgroup::
[2025-02-08T20:41:00.687+0000] {local_task_job_runner.py:123} INFO - ::group::Pre task execution logs
[2025-02-08T20:41:00.706+0000] {taskinstance.py:2612} INFO - Dependencies all met for dep_context=non-requeueable deps ti=<TaskInstance: customer_dim_generator.generate_customer_dim_data scheduled__2025-01-13T00:00:00+00:00 [queued]>
[2025-02-08T20:41:00.715+0000] {taskinstance.py:2612} INFO - Dependencies all met for dep_context=requeueable deps ti=<TaskInstance: customer_dim_generator.generate_customer_dim_data scheduled__2025-01-13T00:00:00+00:00 [queued]>
[2025-02-08T20:41:00.716+0000] {taskinstance.py:2865} INFO - Starting attempt 1 of 1
[2025-02-08T20:41:00.739+0000] {taskinstance.py:2888} INFO - Executing <Task(PythonOperator): generate_customer_dim_data> on 2025-01-13 00:00:00+00:00
[2025-02-08T20:41:00.753+0000] {standard_task_runner.py:104} INFO - Running: ['***', 'tasks', 'run', 'customer_dim_generator', 'generate_customer_dim_data', 'scheduled__2025-01-13T00:00:00+00:00', '--job-id', '298', '--raw', '--subdir', 'DAGS_FOLDER/customer_dim_gen.py', '--cfg-path', '/tmp/tmpuy0s9tbf']
[2025-02-08T20:41:00.759+0000] {logging_mixin.py:190} WARNING - /home/***/.local/lib/python3.12/site-packages/***/task/task_runner/standard_task_runner.py:70 DeprecationWarning: This process (pid=1844) is multi-threaded, use of fork() may lead to deadlocks in the child.
[2025-02-08T20:41:00.760+0000] {standard_task_runner.py:72} INFO - Started process 1866 to run task
[2025-02-08T20:41:00.759+0000] {standard_task_runner.py:105} INFO - Job 298: Subtask generate_customer_dim_data
[2025-02-08T20:41:00.883+0000] {task_command.py:467} INFO - Running <TaskInstance: customer_dim_generator.generate_customer_dim_data scheduled__2025-01-13T00:00:00+00:00 [running]> on host 7e959c1a2a8b
[2025-02-08T20:41:01.100+0000] {taskinstance.py:3131} INFO - Exporting env vars: AIRFLOW_CTX_DAG_OWNER='Saleh' AIRFLOW_CTX_DAG_ID='customer_dim_generator' AIRFLOW_CTX_TASK_ID='generate_customer_dim_data' AIRFLOW_CTX_EXECUTION_DATE='2025-01-13T00:00:00+00:00' AIRFLOW_CTX_TRY_NUMBER='1' AIRFLOW_CTX_DAG_RUN_ID='scheduled__2025-01-13T00:00:00+00:00'
[2025-02-08T20:41:01.104+0000] {taskinstance.py:731} INFO - ::endgroup::
[2025-02-08T20:41:01.142+0000] {logging_mixin.py:190} INFO - CSV file './customer_dim_large_data.csv' with 100 rows has been generated successfully.
[2025-02-08T20:41:01.143+0000] {python.py:240} INFO - Done. Returned value was: None
[2025-02-08T20:41:01.202+0000] {taskinstance.py:340} INFO - ::group::Post task execution logs
[2025-02-08T20:41:01.206+0000] {taskinstance.py:352} INFO - Marking task as SUCCESS. dag_id=customer_dim_generator, task_id=generate_customer_dim_data, run_id=scheduled__2025-01-13T00:00:00+00:00, execution_date=20250113T000000, start_date=20250208T204100, end_date=20250208T204101
[2025-02-08T20:41:01.298+0000] {local_task_job_runner.py:266} INFO - Task exited with return code 0
[2025-02-08T20:41:01.322+0000] {taskinstance.py:3900} INFO - 0 downstream tasks scheduled from follow-on schedule check
[2025-02-08T20:41:01.325+0000] {local_task_job_runner.py:245} INFO - ::endgroup::
[2025-02-08T20:43:39.409+0000] {local_task_job_runner.py:123} INFO - ::group::Pre task execution logs
[2025-02-08T20:43:39.428+0000] {taskinstance.py:2612} INFO - Dependencies all met for dep_context=non-requeueable deps ti=<TaskInstance: customer_dim_generator.generate_customer_dim_data scheduled__2025-01-13T00:00:00+00:00 [queued]>
[2025-02-08T20:43:39.436+0000] {taskinstance.py:2612} INFO - Dependencies all met for dep_context=requeueable deps ti=<TaskInstance: customer_dim_generator.generate_customer_dim_data scheduled__2025-01-13T00:00:00+00:00 [queued]>
[2025-02-08T20:43:39.437+0000] {taskinstance.py:2865} INFO - Starting attempt 1 of 1
[2025-02-08T20:43:39.457+0000] {taskinstance.py:2888} INFO - Executing <Task(PythonOperator): generate_customer_dim_data> on 2025-01-13 00:00:00+00:00
[2025-02-08T20:43:39.468+0000] {logging_mixin.py:190} WARNING - /home/***/.local/lib/python3.12/site-packages/***/task/task_runner/standard_task_runner.py:70 DeprecationWarning: This process (pid=814) is multi-threaded, use of fork() may lead to deadlocks in the child.
[2025-02-08T20:43:39.470+0000] {standard_task_runner.py:72} INFO - Started process 833 to run task
[2025-02-08T20:43:39.468+0000] {standard_task_runner.py:104} INFO - Running: ['***', 'tasks', 'run', 'customer_dim_generator', 'generate_customer_dim_data', 'scheduled__2025-01-13T00:00:00+00:00', '--job-id', '503', '--raw', '--subdir', 'DAGS_FOLDER/customer_dim_gen.py', '--cfg-path', '/tmp/tmpmsjweh8q']
[2025-02-08T20:43:39.472+0000] {standard_task_runner.py:105} INFO - Job 503: Subtask generate_customer_dim_data
[2025-02-08T20:43:39.527+0000] {task_command.py:467} INFO - Running <TaskInstance: customer_dim_generator.generate_customer_dim_data scheduled__2025-01-13T00:00:00+00:00 [running]> on host 86932746817d
[2025-02-08T20:43:39.624+0000] {taskinstance.py:3131} INFO - Exporting env vars: AIRFLOW_CTX_DAG_OWNER='Saleh' AIRFLOW_CTX_DAG_ID='customer_dim_generator' AIRFLOW_CTX_TASK_ID='generate_customer_dim_data' AIRFLOW_CTX_EXECUTION_DATE='2025-01-13T00:00:00+00:00' AIRFLOW_CTX_TRY_NUMBER='1' AIRFLOW_CTX_DAG_RUN_ID='scheduled__2025-01-13T00:00:00+00:00'
[2025-02-08T20:43:39.625+0000] {taskinstance.py:731} INFO - ::endgroup::
[2025-02-08T20:43:39.654+0000] {logging_mixin.py:190} INFO - CSV file './customer_dim_large_data.csv' with 100 rows has been generated successfully.
[2025-02-08T20:43:39.655+0000] {python.py:240} INFO - Done. Returned value was: None
[2025-02-08T20:43:39.664+0000] {taskinstance.py:340} INFO - ::group::Post task execution logs
[2025-02-08T20:43:39.665+0000] {taskinstance.py:352} INFO - Marking task as SUCCESS. dag_id=customer_dim_generator, task_id=generate_customer_dim_data, run_id=scheduled__2025-01-13T00:00:00+00:00, execution_date=20250113T000000, start_date=20250208T204339, end_date=20250208T204339
[2025-02-08T20:43:39.806+0000] {local_task_job_runner.py:266} INFO - Task exited with return code 0
[2025-02-08T20:43:39.832+0000] {taskinstance.py:3900} INFO - 0 downstream tasks scheduled from follow-on schedule check
[2025-02-08T20:43:39.835+0000] {local_task_job_runner.py:245} INFO - ::endgroup::
