[2025-02-08T19:03:00.760+0000] {local_task_job_runner.py:123} INFO - ::group::Pre task execution logs
[2025-02-08T19:03:00.783+0000] {taskinstance.py:2612} INFO - Dependencies all met for dep_context=non-requeueable deps ti=<TaskInstance: customer_dim_generator.generate_customer_dim_data scheduled__2024-12-26T00:00:00+00:00 [queued]>
[2025-02-08T19:03:00.792+0000] {taskinstance.py:2612} INFO - Dependencies all met for dep_context=requeueable deps ti=<TaskInstance: customer_dim_generator.generate_customer_dim_data scheduled__2024-12-26T00:00:00+00:00 [queued]>
[2025-02-08T19:03:00.792+0000] {taskinstance.py:2865} INFO - Starting attempt 1 of 1
[2025-02-08T19:03:00.983+0000] {taskinstance.py:2888} INFO - Executing <Task(PythonOperator): generate_customer_dim_data> on 2024-12-26 00:00:00+00:00
[2025-02-08T19:03:01.005+0000] {logging_mixin.py:190} WARNING - /home/***/.local/lib/python3.12/site-packages/***/task/task_runner/standard_task_runner.py:70 DeprecationWarning: This process (pid=1844) is multi-threaded, use of fork() may lead to deadlocks in the child.
[2025-02-08T19:03:01.008+0000] {standard_task_runner.py:72} INFO - Started process 1868 to run task
[2025-02-08T19:03:01.016+0000] {standard_task_runner.py:104} INFO - Running: ['***', 'tasks', 'run', 'customer_dim_generator', 'generate_customer_dim_data', 'scheduled__2024-12-26T00:00:00+00:00', '--job-id', '316', '--raw', '--subdir', 'DAGS_FOLDER/customer_dim_gen.py', '--cfg-path', '/tmp/tmp4uhevkgs']
[2025-02-08T19:03:01.023+0000] {standard_task_runner.py:105} INFO - Job 316: Subtask generate_customer_dim_data
[2025-02-08T19:03:01.106+0000] {task_command.py:467} INFO - Running <TaskInstance: customer_dim_generator.generate_customer_dim_data scheduled__2024-12-26T00:00:00+00:00 [running]> on host 2c1cd59afcc0
[2025-02-08T19:03:01.255+0000] {taskinstance.py:3131} INFO - Exporting env vars: AIRFLOW_CTX_DAG_OWNER='Saleh' AIRFLOW_CTX_DAG_ID='customer_dim_generator' AIRFLOW_CTX_TASK_ID='generate_customer_dim_data' AIRFLOW_CTX_EXECUTION_DATE='2024-12-26T00:00:00+00:00' AIRFLOW_CTX_TRY_NUMBER='1' AIRFLOW_CTX_DAG_RUN_ID='scheduled__2024-12-26T00:00:00+00:00'
[2025-02-08T19:03:01.259+0000] {taskinstance.py:731} INFO - ::endgroup::
[2025-02-08T19:03:01.281+0000] {logging_mixin.py:190} INFO - CSV file './customer_dim_large_data.csv' with 100 rows has been generated successfully.
[2025-02-08T19:03:01.286+0000] {python.py:240} INFO - Done. Returned value was: None
[2025-02-08T19:03:01.298+0000] {taskinstance.py:340} INFO - ::group::Post task execution logs
[2025-02-08T19:03:01.299+0000] {taskinstance.py:352} INFO - Marking task as SUCCESS. dag_id=customer_dim_generator, task_id=generate_customer_dim_data, run_id=scheduled__2024-12-26T00:00:00+00:00, execution_date=20241226T000000, start_date=20250208T190300, end_date=20250208T190301
[2025-02-08T19:03:01.358+0000] {local_task_job_runner.py:266} INFO - Task exited with return code 0
[2025-02-08T19:03:01.384+0000] {taskinstance.py:3900} INFO - 0 downstream tasks scheduled from follow-on schedule check
[2025-02-08T19:03:01.418+0000] {local_task_job_runner.py:245} INFO - ::endgroup::
[2025-02-08T20:40:43.899+0000] {local_task_job_runner.py:123} INFO - ::group::Pre task execution logs
[2025-02-08T20:40:43.919+0000] {taskinstance.py:2612} INFO - Dependencies all met for dep_context=non-requeueable deps ti=<TaskInstance: customer_dim_generator.generate_customer_dim_data scheduled__2024-12-26T00:00:00+00:00 [queued]>
[2025-02-08T20:40:43.929+0000] {taskinstance.py:2612} INFO - Dependencies all met for dep_context=requeueable deps ti=<TaskInstance: customer_dim_generator.generate_customer_dim_data scheduled__2024-12-26T00:00:00+00:00 [queued]>
[2025-02-08T20:40:43.930+0000] {taskinstance.py:2865} INFO - Starting attempt 1 of 1
[2025-02-08T20:40:43.952+0000] {taskinstance.py:2888} INFO - Executing <Task(PythonOperator): generate_customer_dim_data> on 2024-12-26 00:00:00+00:00
[2025-02-08T20:40:43.963+0000] {logging_mixin.py:190} WARNING - /home/***/.local/lib/python3.12/site-packages/***/task/task_runner/standard_task_runner.py:70 DeprecationWarning: This process (pid=1595) is multi-threaded, use of fork() may lead to deadlocks in the child.
[2025-02-08T20:40:43.962+0000] {standard_task_runner.py:104} INFO - Running: ['***', 'tasks', 'run', 'customer_dim_generator', 'generate_customer_dim_data', 'scheduled__2024-12-26T00:00:00+00:00', '--job-id', '244', '--raw', '--subdir', 'DAGS_FOLDER/customer_dim_gen.py', '--cfg-path', '/tmp/tmpt9dt2qbn']
[2025-02-08T20:40:43.964+0000] {standard_task_runner.py:72} INFO - Started process 1619 to run task
[2025-02-08T20:40:43.964+0000] {standard_task_runner.py:105} INFO - Job 244: Subtask generate_customer_dim_data
[2025-02-08T20:40:44.018+0000] {task_command.py:467} INFO - Running <TaskInstance: customer_dim_generator.generate_customer_dim_data scheduled__2024-12-26T00:00:00+00:00 [running]> on host 7e959c1a2a8b
[2025-02-08T20:40:44.092+0000] {taskinstance.py:3131} INFO - Exporting env vars: AIRFLOW_CTX_DAG_OWNER='Saleh' AIRFLOW_CTX_DAG_ID='customer_dim_generator' AIRFLOW_CTX_TASK_ID='generate_customer_dim_data' AIRFLOW_CTX_EXECUTION_DATE='2024-12-26T00:00:00+00:00' AIRFLOW_CTX_TRY_NUMBER='1' AIRFLOW_CTX_DAG_RUN_ID='scheduled__2024-12-26T00:00:00+00:00'
[2025-02-08T20:40:44.093+0000] {taskinstance.py:731} INFO - ::endgroup::
[2025-02-08T20:40:44.115+0000] {logging_mixin.py:190} INFO - CSV file './customer_dim_large_data.csv' with 100 rows has been generated successfully.
[2025-02-08T20:40:44.116+0000] {python.py:240} INFO - Done. Returned value was: None
[2025-02-08T20:40:44.123+0000] {taskinstance.py:340} INFO - ::group::Post task execution logs
[2025-02-08T20:40:44.124+0000] {taskinstance.py:352} INFO - Marking task as SUCCESS. dag_id=customer_dim_generator, task_id=generate_customer_dim_data, run_id=scheduled__2024-12-26T00:00:00+00:00, execution_date=20241226T000000, start_date=20250208T204043, end_date=20250208T204044
[2025-02-08T20:40:44.179+0000] {local_task_job_runner.py:266} INFO - Task exited with return code 0
[2025-02-08T20:40:44.194+0000] {taskinstance.py:3900} INFO - 0 downstream tasks scheduled from follow-on schedule check
[2025-02-08T20:40:44.197+0000] {local_task_job_runner.py:245} INFO - ::endgroup::
[2025-02-08T20:43:26.067+0000] {local_task_job_runner.py:123} INFO - ::group::Pre task execution logs
[2025-02-08T20:43:26.080+0000] {taskinstance.py:2612} INFO - Dependencies all met for dep_context=non-requeueable deps ti=<TaskInstance: customer_dim_generator.generate_customer_dim_data scheduled__2024-12-26T00:00:00+00:00 [queued]>
[2025-02-08T20:43:26.086+0000] {taskinstance.py:2612} INFO - Dependencies all met for dep_context=requeueable deps ti=<TaskInstance: customer_dim_generator.generate_customer_dim_data scheduled__2024-12-26T00:00:00+00:00 [queued]>
[2025-02-08T20:43:26.087+0000] {taskinstance.py:2865} INFO - Starting attempt 1 of 1
[2025-02-08T20:43:26.098+0000] {taskinstance.py:2888} INFO - Executing <Task(PythonOperator): generate_customer_dim_data> on 2024-12-26 00:00:00+00:00
[2025-02-08T20:43:26.105+0000] {logging_mixin.py:190} WARNING - /home/***/.local/lib/python3.12/site-packages/***/task/task_runner/standard_task_runner.py:70 DeprecationWarning: This process (pid=738) is multi-threaded, use of fork() may lead to deadlocks in the child.
[2025-02-08T20:43:26.106+0000] {standard_task_runner.py:72} INFO - Started process 748 to run task
[2025-02-08T20:43:26.105+0000] {standard_task_runner.py:104} INFO - Running: ['***', 'tasks', 'run', 'customer_dim_generator', 'generate_customer_dim_data', 'scheduled__2024-12-26T00:00:00+00:00', '--job-id', '485', '--raw', '--subdir', 'DAGS_FOLDER/customer_dim_gen.py', '--cfg-path', '/tmp/tmpa5i7fp2q']
[2025-02-08T20:43:26.107+0000] {standard_task_runner.py:105} INFO - Job 485: Subtask generate_customer_dim_data
[2025-02-08T20:43:26.139+0000] {task_command.py:467} INFO - Running <TaskInstance: customer_dim_generator.generate_customer_dim_data scheduled__2024-12-26T00:00:00+00:00 [running]> on host 86932746817d
[2025-02-08T20:43:26.206+0000] {taskinstance.py:3131} INFO - Exporting env vars: AIRFLOW_CTX_DAG_OWNER='Saleh' AIRFLOW_CTX_DAG_ID='customer_dim_generator' AIRFLOW_CTX_TASK_ID='generate_customer_dim_data' AIRFLOW_CTX_EXECUTION_DATE='2024-12-26T00:00:00+00:00' AIRFLOW_CTX_TRY_NUMBER='1' AIRFLOW_CTX_DAG_RUN_ID='scheduled__2024-12-26T00:00:00+00:00'
[2025-02-08T20:43:26.207+0000] {taskinstance.py:731} INFO - ::endgroup::
[2025-02-08T20:43:26.223+0000] {logging_mixin.py:190} INFO - CSV file './customer_dim_large_data.csv' with 100 rows has been generated successfully.
[2025-02-08T20:43:26.223+0000] {python.py:240} INFO - Done. Returned value was: None
[2025-02-08T20:43:26.230+0000] {taskinstance.py:340} INFO - ::group::Post task execution logs
[2025-02-08T20:43:26.230+0000] {taskinstance.py:352} INFO - Marking task as SUCCESS. dag_id=customer_dim_generator, task_id=generate_customer_dim_data, run_id=scheduled__2024-12-26T00:00:00+00:00, execution_date=20241226T000000, start_date=20250208T204326, end_date=20250208T204326
[2025-02-08T20:43:26.280+0000] {local_task_job_runner.py:266} INFO - Task exited with return code 0
[2025-02-08T20:43:26.293+0000] {taskinstance.py:3900} INFO - 0 downstream tasks scheduled from follow-on schedule check
[2025-02-08T20:43:26.296+0000] {local_task_job_runner.py:245} INFO - ::endgroup::
