[2025-02-08T19:02:20.240+0000] {local_task_job_runner.py:123} INFO - ::group::Pre task execution logs
[2025-02-08T19:02:20.259+0000] {taskinstance.py:2612} INFO - Dependencies all met for dep_context=non-requeueable deps ti=<TaskInstance: branch_dim_gen.generate_branch_dim_data scheduled__2024-10-07T00:00:00+00:00 [queued]>
[2025-02-08T19:02:20.284+0000] {taskinstance.py:2612} INFO - Dependencies all met for dep_context=requeueable deps ti=<TaskInstance: branch_dim_gen.generate_branch_dim_data scheduled__2024-10-07T00:00:00+00:00 [queued]>
[2025-02-08T19:02:20.284+0000] {taskinstance.py:2865} INFO - Starting attempt 1 of 1
[2025-02-08T19:02:20.407+0000] {taskinstance.py:2888} INFO - Executing <Task(PythonOperator): generate_branch_dim_data> on 2024-10-07 00:00:00+00:00
[2025-02-08T19:02:20.417+0000] {logging_mixin.py:190} WARNING - /home/***/.local/lib/python3.12/site-packages/***/task/task_runner/standard_task_runner.py:70 DeprecationWarning: This process (pid=1366) is multi-threaded, use of fork() may lead to deadlocks in the child.
[2025-02-08T19:02:20.417+0000] {standard_task_runner.py:104} INFO - Running: ['***', 'tasks', 'run', 'branch_dim_gen', 'generate_branch_dim_data', 'scheduled__2024-10-07T00:00:00+00:00', '--job-id', '202', '--raw', '--subdir', 'DAGS_FOLDER/brnach_dim_gen.py', '--cfg-path', '/tmp/tmpdnbbb9ie']
[2025-02-08T19:02:20.419+0000] {standard_task_runner.py:105} INFO - Job 202: Subtask generate_branch_dim_data
[2025-02-08T19:02:20.419+0000] {standard_task_runner.py:72} INFO - Started process 1386 to run task
[2025-02-08T19:02:20.472+0000] {task_command.py:467} INFO - Running <TaskInstance: branch_dim_gen.generate_branch_dim_data scheduled__2024-10-07T00:00:00+00:00 [running]> on host 2c1cd59afcc0
[2025-02-08T19:02:20.584+0000] {taskinstance.py:3131} INFO - Exporting env vars: AIRFLOW_CTX_DAG_OWNER='Saleh' AIRFLOW_CTX_DAG_ID='branch_dim_gen' AIRFLOW_CTX_TASK_ID='generate_branch_dim_data' AIRFLOW_CTX_EXECUTION_DATE='2024-10-07T00:00:00+00:00' AIRFLOW_CTX_TRY_NUMBER='1' AIRFLOW_CTX_DAG_RUN_ID='scheduled__2024-10-07T00:00:00+00:00'
[2025-02-08T19:02:20.587+0000] {taskinstance.py:731} INFO - ::endgroup::
[2025-02-08T19:02:20.621+0000] {logging_mixin.py:190} INFO - CSV file './branch_dim_large_data.csv' with 50 rows has been generated successfully.
[2025-02-08T19:02:20.622+0000] {python.py:240} INFO - Done. Returned value was: None
[2025-02-08T19:02:20.639+0000] {taskinstance.py:340} INFO - ::group::Post task execution logs
[2025-02-08T19:02:20.639+0000] {taskinstance.py:352} INFO - Marking task as SUCCESS. dag_id=branch_dim_gen, task_id=generate_branch_dim_data, run_id=scheduled__2024-10-07T00:00:00+00:00, execution_date=20241007T000000, start_date=20250208T190220, end_date=20250208T190220
[2025-02-08T19:02:20.677+0000] {local_task_job_runner.py:266} INFO - Task exited with return code 0
[2025-02-08T19:02:20.686+0000] {local_task_job_runner.py:245} INFO - ::endgroup::
[2025-02-08T20:39:53.970+0000] {local_task_job_runner.py:123} INFO - ::group::Pre task execution logs
[2025-02-08T20:39:53.985+0000] {taskinstance.py:2612} INFO - Dependencies all met for dep_context=non-requeueable deps ti=<TaskInstance: branch_dim_gen.generate_branch_dim_data scheduled__2024-10-07T00:00:00+00:00 [queued]>
[2025-02-08T20:39:53.991+0000] {taskinstance.py:2612} INFO - Dependencies all met for dep_context=requeueable deps ti=<TaskInstance: branch_dim_gen.generate_branch_dim_data scheduled__2024-10-07T00:00:00+00:00 [queued]>
[2025-02-08T20:39:53.992+0000] {taskinstance.py:2865} INFO - Starting attempt 1 of 1
[2025-02-08T20:39:54.003+0000] {taskinstance.py:2888} INFO - Executing <Task(PythonOperator): generate_branch_dim_data> on 2024-10-07 00:00:00+00:00
[2025-02-08T20:39:54.012+0000] {logging_mixin.py:190} WARNING - /home/***/.local/lib/python3.12/site-packages/***/task/task_runner/standard_task_runner.py:70 DeprecationWarning: This process (pid=867) is multi-threaded, use of fork() may lead to deadlocks in the child.
[2025-02-08T20:39:54.013+0000] {standard_task_runner.py:72} INFO - Started process 881 to run task
[2025-02-08T20:39:54.012+0000] {standard_task_runner.py:104} INFO - Running: ['***', 'tasks', 'run', 'branch_dim_gen', 'generate_branch_dim_data', 'scheduled__2024-10-07T00:00:00+00:00', '--job-id', '73', '--raw', '--subdir', 'DAGS_FOLDER/brnach_dim_gen.py', '--cfg-path', '/tmp/tmp4eqvfqw3']
[2025-02-08T20:39:54.015+0000] {standard_task_runner.py:105} INFO - Job 73: Subtask generate_branch_dim_data
[2025-02-08T20:39:54.054+0000] {task_command.py:467} INFO - Running <TaskInstance: branch_dim_gen.generate_branch_dim_data scheduled__2024-10-07T00:00:00+00:00 [running]> on host 7e959c1a2a8b
[2025-02-08T20:39:54.124+0000] {taskinstance.py:3131} INFO - Exporting env vars: AIRFLOW_CTX_DAG_OWNER='Saleh' AIRFLOW_CTX_DAG_ID='branch_dim_gen' AIRFLOW_CTX_TASK_ID='generate_branch_dim_data' AIRFLOW_CTX_EXECUTION_DATE='2024-10-07T00:00:00+00:00' AIRFLOW_CTX_TRY_NUMBER='1' AIRFLOW_CTX_DAG_RUN_ID='scheduled__2024-10-07T00:00:00+00:00'
[2025-02-08T20:39:54.125+0000] {taskinstance.py:731} INFO - ::endgroup::
[2025-02-08T20:39:54.144+0000] {logging_mixin.py:190} INFO - CSV file './branch_dim_large_data.csv' with 50 rows has been generated successfully.
[2025-02-08T20:39:54.144+0000] {python.py:240} INFO - Done. Returned value was: None
[2025-02-08T20:39:54.152+0000] {taskinstance.py:340} INFO - ::group::Post task execution logs
[2025-02-08T20:39:54.153+0000] {taskinstance.py:352} INFO - Marking task as SUCCESS. dag_id=branch_dim_gen, task_id=generate_branch_dim_data, run_id=scheduled__2024-10-07T00:00:00+00:00, execution_date=20241007T000000, start_date=20250208T203953, end_date=20250208T203954
[2025-02-08T20:39:54.187+0000] {local_task_job_runner.py:266} INFO - Task exited with return code 0
[2025-02-08T20:39:54.201+0000] {taskinstance.py:3900} INFO - 0 downstream tasks scheduled from follow-on schedule check
[2025-02-08T20:39:54.203+0000] {local_task_job_runner.py:245} INFO - ::endgroup::
