[2025-02-08T19:03:28.538+0000] {local_task_job_runner.py:123} INFO - ::group::Pre task execution logs
[2025-02-08T19:03:28.553+0000] {taskinstance.py:2612} INFO - Dependencies all met for dep_context=non-requeueable deps ti=<TaskInstance: branch_dim_gen.generate_branch_dim_data scheduled__2025-01-19T00:00:00+00:00 [queued]>
[2025-02-08T19:03:28.562+0000] {taskinstance.py:2612} INFO - Dependencies all met for dep_context=requeueable deps ti=<TaskInstance: branch_dim_gen.generate_branch_dim_data scheduled__2025-01-19T00:00:00+00:00 [queued]>
[2025-02-08T19:03:28.563+0000] {taskinstance.py:2865} INFO - Starting attempt 1 of 1
[2025-02-08T19:03:28.574+0000] {taskinstance.py:2888} INFO - Executing <Task(PythonOperator): generate_branch_dim_data> on 2025-01-19 00:00:00+00:00
[2025-02-08T19:03:28.582+0000] {logging_mixin.py:190} WARNING - /home/***/.local/lib/python3.12/site-packages/***/task/task_runner/standard_task_runner.py:70 DeprecationWarning: This process (pid=2225) is multi-threaded, use of fork() may lead to deadlocks in the child.
[2025-02-08T19:03:28.583+0000] {standard_task_runner.py:72} INFO - Started process 2237 to run task
[2025-02-08T19:03:28.582+0000] {standard_task_runner.py:104} INFO - Running: ['***', 'tasks', 'run', 'branch_dim_gen', 'generate_branch_dim_data', 'scheduled__2025-01-19T00:00:00+00:00', '--job-id', '407', '--raw', '--subdir', 'DAGS_FOLDER/brnach_dim_gen.py', '--cfg-path', '/tmp/tmpy4ezx5zk']
[2025-02-08T19:03:28.584+0000] {standard_task_runner.py:105} INFO - Job 407: Subtask generate_branch_dim_data
[2025-02-08T19:03:28.621+0000] {task_command.py:467} INFO - Running <TaskInstance: branch_dim_gen.generate_branch_dim_data scheduled__2025-01-19T00:00:00+00:00 [running]> on host 2c1cd59afcc0
[2025-02-08T19:03:28.689+0000] {taskinstance.py:3131} INFO - Exporting env vars: AIRFLOW_CTX_DAG_OWNER='Saleh' AIRFLOW_CTX_DAG_ID='branch_dim_gen' AIRFLOW_CTX_TASK_ID='generate_branch_dim_data' AIRFLOW_CTX_EXECUTION_DATE='2025-01-19T00:00:00+00:00' AIRFLOW_CTX_TRY_NUMBER='1' AIRFLOW_CTX_DAG_RUN_ID='scheduled__2025-01-19T00:00:00+00:00'
[2025-02-08T19:03:28.690+0000] {taskinstance.py:731} INFO - ::endgroup::
[2025-02-08T19:03:28.705+0000] {logging_mixin.py:190} INFO - CSV file './branch_dim_large_data.csv' with 50 rows has been generated successfully.
[2025-02-08T19:03:28.706+0000] {python.py:240} INFO - Done. Returned value was: None
[2025-02-08T19:03:28.713+0000] {taskinstance.py:340} INFO - ::group::Post task execution logs
[2025-02-08T19:03:28.713+0000] {taskinstance.py:352} INFO - Marking task as SUCCESS. dag_id=branch_dim_gen, task_id=generate_branch_dim_data, run_id=scheduled__2025-01-19T00:00:00+00:00, execution_date=20250119T000000, start_date=20250208T190328, end_date=20250208T190328
[2025-02-08T19:03:28.757+0000] {local_task_job_runner.py:266} INFO - Task exited with return code 0
[2025-02-08T19:03:28.770+0000] {taskinstance.py:3900} INFO - 0 downstream tasks scheduled from follow-on schedule check
[2025-02-08T19:03:28.773+0000] {local_task_job_runner.py:245} INFO - ::endgroup::
[2025-02-08T20:42:23.301+0000] {local_task_job_runner.py:123} INFO - ::group::Pre task execution logs
[2025-02-08T20:42:23.315+0000] {taskinstance.py:2612} INFO - Dependencies all met for dep_context=non-requeueable deps ti=<TaskInstance: branch_dim_gen.generate_branch_dim_data scheduled__2025-01-19T00:00:00+00:00 [queued]>
[2025-02-08T20:42:23.324+0000] {taskinstance.py:2612} INFO - Dependencies all met for dep_context=requeueable deps ti=<TaskInstance: branch_dim_gen.generate_branch_dim_data scheduled__2025-01-19T00:00:00+00:00 [queued]>
[2025-02-08T20:42:23.324+0000] {taskinstance.py:2865} INFO - Starting attempt 1 of 1
[2025-02-08T20:42:23.337+0000] {taskinstance.py:2888} INFO - Executing <Task(PythonOperator): generate_branch_dim_data> on 2025-01-19 00:00:00+00:00
[2025-02-08T20:42:23.346+0000] {standard_task_runner.py:104} INFO - Running: ['***', 'tasks', 'run', 'branch_dim_gen', 'generate_branch_dim_data', 'scheduled__2025-01-19T00:00:00+00:00', '--job-id', '364', '--raw', '--subdir', 'DAGS_FOLDER/brnach_dim_gen.py', '--cfg-path', '/tmp/tmpv0swhzyh']
[2025-02-08T20:42:23.350+0000] {standard_task_runner.py:105} INFO - Job 364: Subtask generate_branch_dim_data
[2025-02-08T20:42:23.352+0000] {logging_mixin.py:190} WARNING - /home/***/.local/lib/python3.12/site-packages/***/task/task_runner/standard_task_runner.py:70 DeprecationWarning: This process (pid=200) is multi-threaded, use of fork() may lead to deadlocks in the child.
[2025-02-08T20:42:23.353+0000] {standard_task_runner.py:72} INFO - Started process 210 to run task
[2025-02-08T20:42:23.399+0000] {task_command.py:467} INFO - Running <TaskInstance: branch_dim_gen.generate_branch_dim_data scheduled__2025-01-19T00:00:00+00:00 [running]> on host 86932746817d
[2025-02-08T20:42:23.478+0000] {taskinstance.py:3131} INFO - Exporting env vars: AIRFLOW_CTX_DAG_OWNER='Saleh' AIRFLOW_CTX_DAG_ID='branch_dim_gen' AIRFLOW_CTX_TASK_ID='generate_branch_dim_data' AIRFLOW_CTX_EXECUTION_DATE='2025-01-19T00:00:00+00:00' AIRFLOW_CTX_TRY_NUMBER='1' AIRFLOW_CTX_DAG_RUN_ID='scheduled__2025-01-19T00:00:00+00:00'
[2025-02-08T20:42:23.479+0000] {taskinstance.py:731} INFO - ::endgroup::
[2025-02-08T20:42:23.498+0000] {logging_mixin.py:190} INFO - CSV file './branch_dim_large_data.csv' with 50 rows has been generated successfully.
[2025-02-08T20:42:23.499+0000] {python.py:240} INFO - Done. Returned value was: None
[2025-02-08T20:42:23.507+0000] {taskinstance.py:340} INFO - ::group::Post task execution logs
[2025-02-08T20:42:23.508+0000] {taskinstance.py:352} INFO - Marking task as SUCCESS. dag_id=branch_dim_gen, task_id=generate_branch_dim_data, run_id=scheduled__2025-01-19T00:00:00+00:00, execution_date=20250119T000000, start_date=20250208T204223, end_date=20250208T204223
[2025-02-08T20:42:23.528+0000] {local_task_job_runner.py:266} INFO - Task exited with return code 0
[2025-02-08T20:42:23.546+0000] {taskinstance.py:3900} INFO - 0 downstream tasks scheduled from follow-on schedule check
[2025-02-08T20:42:23.549+0000] {local_task_job_runner.py:245} INFO - ::endgroup::
