[2025-02-08T19:02:44.787+0000] {local_task_job_runner.py:123} INFO - ::group::Pre task execution logs
[2025-02-08T19:02:44.802+0000] {taskinstance.py:2612} INFO - Dependencies all met for dep_context=non-requeueable deps ti=<TaskInstance: customer_dim_generator.generate_customer_dim_data scheduled__2024-12-05T00:00:00+00:00 [queued]>
[2025-02-08T19:02:44.809+0000] {taskinstance.py:2612} INFO - Dependencies all met for dep_context=requeueable deps ti=<TaskInstance: customer_dim_generator.generate_customer_dim_data scheduled__2024-12-05T00:00:00+00:00 [queued]>
[2025-02-08T19:02:44.810+0000] {taskinstance.py:2865} INFO - Starting attempt 1 of 1
[2025-02-08T19:02:44.823+0000] {taskinstance.py:2888} INFO - Executing <Task(PythonOperator): generate_customer_dim_data> on 2024-12-05 00:00:00+00:00
[2025-02-08T19:02:44.831+0000] {logging_mixin.py:190} WARNING - /home/***/.local/lib/python3.12/site-packages/***/task/task_runner/standard_task_runner.py:70 DeprecationWarning: This process (pid=1661) is multi-threaded, use of fork() may lead to deadlocks in the child.
[2025-02-08T19:02:44.832+0000] {standard_task_runner.py:72} INFO - Started process 1679 to run task
[2025-02-08T19:02:44.832+0000] {standard_task_runner.py:104} INFO - Running: ['***', 'tasks', 'run', 'customer_dim_generator', 'generate_customer_dim_data', 'scheduled__2024-12-05T00:00:00+00:00', '--job-id', '275', '--raw', '--subdir', 'DAGS_FOLDER/customer_dim_gen.py', '--cfg-path', '/tmp/tmp4vvy6mfo']
[2025-02-08T19:02:44.834+0000] {standard_task_runner.py:105} INFO - Job 275: Subtask generate_customer_dim_data
[2025-02-08T19:02:44.871+0000] {task_command.py:467} INFO - Running <TaskInstance: customer_dim_generator.generate_customer_dim_data scheduled__2024-12-05T00:00:00+00:00 [running]> on host 2c1cd59afcc0
[2025-02-08T19:02:44.934+0000] {taskinstance.py:3131} INFO - Exporting env vars: AIRFLOW_CTX_DAG_OWNER='Saleh' AIRFLOW_CTX_DAG_ID='customer_dim_generator' AIRFLOW_CTX_TASK_ID='generate_customer_dim_data' AIRFLOW_CTX_EXECUTION_DATE='2024-12-05T00:00:00+00:00' AIRFLOW_CTX_TRY_NUMBER='1' AIRFLOW_CTX_DAG_RUN_ID='scheduled__2024-12-05T00:00:00+00:00'
[2025-02-08T19:02:44.936+0000] {taskinstance.py:731} INFO - ::endgroup::
[2025-02-08T19:02:44.953+0000] {logging_mixin.py:190} INFO - CSV file './customer_dim_large_data.csv' with 100 rows has been generated successfully.
[2025-02-08T19:02:44.953+0000] {python.py:240} INFO - Done. Returned value was: None
[2025-02-08T19:02:44.962+0000] {taskinstance.py:340} INFO - ::group::Post task execution logs
[2025-02-08T19:02:44.963+0000] {taskinstance.py:352} INFO - Marking task as SUCCESS. dag_id=customer_dim_generator, task_id=generate_customer_dim_data, run_id=scheduled__2024-12-05T00:00:00+00:00, execution_date=20241205T000000, start_date=20250208T190244, end_date=20250208T190244
[2025-02-08T19:02:45.006+0000] {local_task_job_runner.py:266} INFO - Task exited with return code 0
[2025-02-08T19:02:45.020+0000] {taskinstance.py:3900} INFO - 0 downstream tasks scheduled from follow-on schedule check
[2025-02-08T19:02:45.022+0000] {local_task_job_runner.py:245} INFO - ::endgroup::
[2025-02-08T20:40:29.359+0000] {local_task_job_runner.py:123} INFO - ::group::Pre task execution logs
[2025-02-08T20:40:29.378+0000] {taskinstance.py:2612} INFO - Dependencies all met for dep_context=non-requeueable deps ti=<TaskInstance: customer_dim_generator.generate_customer_dim_data scheduled__2024-12-05T00:00:00+00:00 [queued]>
[2025-02-08T20:40:29.388+0000] {taskinstance.py:2612} INFO - Dependencies all met for dep_context=requeueable deps ti=<TaskInstance: customer_dim_generator.generate_customer_dim_data scheduled__2024-12-05T00:00:00+00:00 [queued]>
[2025-02-08T20:40:29.392+0000] {taskinstance.py:2865} INFO - Starting attempt 1 of 1
[2025-02-08T20:40:29.410+0000] {taskinstance.py:2888} INFO - Executing <Task(PythonOperator): generate_customer_dim_data> on 2024-12-05 00:00:00+00:00
[2025-02-08T20:40:29.424+0000] {logging_mixin.py:190} WARNING - /home/***/.local/lib/python3.12/site-packages/***/task/task_runner/standard_task_runner.py:70 DeprecationWarning: This process (pid=1324) is multi-threaded, use of fork() may lead to deadlocks in the child.
[2025-02-08T20:40:29.426+0000] {standard_task_runner.py:72} INFO - Started process 1355 to run task
[2025-02-08T20:40:29.425+0000] {standard_task_runner.py:104} INFO - Running: ['***', 'tasks', 'run', 'customer_dim_generator', 'generate_customer_dim_data', 'scheduled__2024-12-05T00:00:00+00:00', '--job-id', '180', '--raw', '--subdir', 'DAGS_FOLDER/customer_dim_gen.py', '--cfg-path', '/tmp/tmp1ya3ks41']
[2025-02-08T20:40:29.429+0000] {standard_task_runner.py:105} INFO - Job 180: Subtask generate_customer_dim_data
[2025-02-08T20:40:29.628+0000] {task_command.py:467} INFO - Running <TaskInstance: customer_dim_generator.generate_customer_dim_data scheduled__2024-12-05T00:00:00+00:00 [running]> on host 7e959c1a2a8b
[2025-02-08T20:40:29.874+0000] {taskinstance.py:3131} INFO - Exporting env vars: AIRFLOW_CTX_DAG_OWNER='Saleh' AIRFLOW_CTX_DAG_ID='customer_dim_generator' AIRFLOW_CTX_TASK_ID='generate_customer_dim_data' AIRFLOW_CTX_EXECUTION_DATE='2024-12-05T00:00:00+00:00' AIRFLOW_CTX_TRY_NUMBER='1' AIRFLOW_CTX_DAG_RUN_ID='scheduled__2024-12-05T00:00:00+00:00'
[2025-02-08T20:40:29.885+0000] {taskinstance.py:731} INFO - ::endgroup::
[2025-02-08T20:40:29.928+0000] {logging_mixin.py:190} INFO - CSV file './customer_dim_large_data.csv' with 100 rows has been generated successfully.
[2025-02-08T20:40:29.930+0000] {python.py:240} INFO - Done. Returned value was: None
[2025-02-08T20:40:29.970+0000] {taskinstance.py:340} INFO - ::group::Post task execution logs
[2025-02-08T20:40:29.975+0000] {taskinstance.py:352} INFO - Marking task as SUCCESS. dag_id=customer_dim_generator, task_id=generate_customer_dim_data, run_id=scheduled__2024-12-05T00:00:00+00:00, execution_date=20241205T000000, start_date=20250208T204029, end_date=20250208T204029
[2025-02-08T20:40:30.032+0000] {local_task_job_runner.py:266} INFO - Task exited with return code 0
[2025-02-08T20:40:30.041+0000] {local_task_job_runner.py:245} INFO - ::endgroup::
[2025-02-08T20:43:18.824+0000] {local_task_job_runner.py:123} INFO - ::group::Pre task execution logs
[2025-02-08T20:43:18.840+0000] {taskinstance.py:2612} INFO - Dependencies all met for dep_context=non-requeueable deps ti=<TaskInstance: customer_dim_generator.generate_customer_dim_data scheduled__2024-12-05T00:00:00+00:00 [queued]>
[2025-02-08T20:43:18.849+0000] {taskinstance.py:2612} INFO - Dependencies all met for dep_context=requeueable deps ti=<TaskInstance: customer_dim_generator.generate_customer_dim_data scheduled__2024-12-05T00:00:00+00:00 [queued]>
[2025-02-08T20:43:18.850+0000] {taskinstance.py:2865} INFO - Starting attempt 1 of 1
[2025-02-08T20:43:18.918+0000] {taskinstance.py:2888} INFO - Executing <Task(PythonOperator): generate_customer_dim_data> on 2024-12-05 00:00:00+00:00
[2025-02-08T20:43:18.927+0000] {logging_mixin.py:190} WARNING - /home/***/.local/lib/python3.12/site-packages/***/task/task_runner/standard_task_runner.py:70 DeprecationWarning: This process (pid=635) is multi-threaded, use of fork() may lead to deadlocks in the child.
[2025-02-08T20:43:18.928+0000] {standard_task_runner.py:72} INFO - Started process 651 to run task
[2025-02-08T20:43:18.926+0000] {standard_task_runner.py:104} INFO - Running: ['***', 'tasks', 'run', 'customer_dim_generator', 'generate_customer_dim_data', 'scheduled__2024-12-05T00:00:00+00:00', '--job-id', '464', '--raw', '--subdir', 'DAGS_FOLDER/customer_dim_gen.py', '--cfg-path', '/tmp/tmpu03h91nx']
[2025-02-08T20:43:18.928+0000] {standard_task_runner.py:105} INFO - Job 464: Subtask generate_customer_dim_data
[2025-02-08T20:43:18.976+0000] {task_command.py:467} INFO - Running <TaskInstance: customer_dim_generator.generate_customer_dim_data scheduled__2024-12-05T00:00:00+00:00 [running]> on host 86932746817d
[2025-02-08T20:43:19.060+0000] {taskinstance.py:3131} INFO - Exporting env vars: AIRFLOW_CTX_DAG_OWNER='Saleh' AIRFLOW_CTX_DAG_ID='customer_dim_generator' AIRFLOW_CTX_TASK_ID='generate_customer_dim_data' AIRFLOW_CTX_EXECUTION_DATE='2024-12-05T00:00:00+00:00' AIRFLOW_CTX_TRY_NUMBER='1' AIRFLOW_CTX_DAG_RUN_ID='scheduled__2024-12-05T00:00:00+00:00'
[2025-02-08T20:43:19.061+0000] {taskinstance.py:731} INFO - ::endgroup::
[2025-02-08T20:43:19.083+0000] {logging_mixin.py:190} INFO - CSV file './customer_dim_large_data.csv' with 100 rows has been generated successfully.
[2025-02-08T20:43:19.083+0000] {python.py:240} INFO - Done. Returned value was: None
[2025-02-08T20:43:19.092+0000] {taskinstance.py:340} INFO - ::group::Post task execution logs
[2025-02-08T20:43:19.096+0000] {taskinstance.py:352} INFO - Marking task as SUCCESS. dag_id=customer_dim_generator, task_id=generate_customer_dim_data, run_id=scheduled__2024-12-05T00:00:00+00:00, execution_date=20241205T000000, start_date=20250208T204318, end_date=20250208T204319
[2025-02-08T20:43:19.143+0000] {local_task_job_runner.py:266} INFO - Task exited with return code 0
[2025-02-08T20:43:19.150+0000] {local_task_job_runner.py:245} INFO - ::endgroup::
