[2025-02-08T19:00:19.440+0000] {local_task_job_runner.py:123} INFO - ::group::Pre task execution logs
[2025-02-08T19:00:19.451+0000] {taskinstance.py:2612} INFO - Dependencies all met for dep_context=non-requeueable deps ti=<TaskInstance: account_dim_gen.generate_account_dim_data scheduled__2024-10-23T00:00:00+00:00 [queued]>
[2025-02-08T19:00:19.458+0000] {taskinstance.py:2612} INFO - Dependencies all met for dep_context=requeueable deps ti=<TaskInstance: account_dim_gen.generate_account_dim_data scheduled__2024-10-23T00:00:00+00:00 [queued]>
[2025-02-08T19:00:19.460+0000] {taskinstance.py:2865} INFO - Starting attempt 1 of 1
[2025-02-08T19:00:19.469+0000] {taskinstance.py:2888} INFO - Executing <Task(PythonOperator): generate_account_dim_data> on 2024-10-23 00:00:00+00:00
[2025-02-08T19:00:19.477+0000] {logging_mixin.py:190} WARNING - /home/***/.local/lib/python3.12/site-packages/***/task/task_runner/standard_task_runner.py:70 DeprecationWarning: This process (pid=645) is multi-threaded, use of fork() may lead to deadlocks in the child.
[2025-02-08T19:00:19.478+0000] {standard_task_runner.py:72} INFO - Started process 651 to run task
[2025-02-08T19:00:19.477+0000] {standard_task_runner.py:104} INFO - Running: ['***', 'tasks', 'run', 'account_dim_gen', 'generate_account_dim_data', 'scheduled__2024-10-23T00:00:00+00:00', '--job-id', '47', '--raw', '--subdir', 'DAGS_FOLDER/account_dim_gen.py', '--cfg-path', '/tmp/tmpix2eewz5']
[2025-02-08T19:00:19.479+0000] {standard_task_runner.py:105} INFO - Job 47: Subtask generate_account_dim_data
[2025-02-08T19:00:19.514+0000] {task_command.py:467} INFO - Running <TaskInstance: account_dim_gen.generate_account_dim_data scheduled__2024-10-23T00:00:00+00:00 [running]> on host 2c1cd59afcc0
[2025-02-08T19:00:19.587+0000] {taskinstance.py:3131} INFO - Exporting env vars: AIRFLOW_CTX_DAG_OWNER='Saleh' AIRFLOW_CTX_DAG_ID='account_dim_gen' AIRFLOW_CTX_TASK_ID='generate_account_dim_data' AIRFLOW_CTX_EXECUTION_DATE='2024-10-23T00:00:00+00:00' AIRFLOW_CTX_TRY_NUMBER='1' AIRFLOW_CTX_DAG_RUN_ID='scheduled__2024-10-23T00:00:00+00:00'
[2025-02-08T19:00:19.589+0000] {taskinstance.py:731} INFO - ::endgroup::
[2025-02-08T19:00:19.604+0000] {logging_mixin.py:190} INFO - CSV file ./account_dim_large_data.csv with 50 row has been generated successfully!
[2025-02-08T19:00:19.605+0000] {python.py:240} INFO - Done. Returned value was: None
[2025-02-08T19:00:19.611+0000] {taskinstance.py:340} INFO - ::group::Post task execution logs
[2025-02-08T19:00:19.612+0000] {taskinstance.py:352} INFO - Marking task as SUCCESS. dag_id=account_dim_gen, task_id=generate_account_dim_data, run_id=scheduled__2024-10-23T00:00:00+00:00, execution_date=20241023T000000, start_date=20250208T190019, end_date=20250208T190019
[2025-02-08T19:00:19.652+0000] {local_task_job_runner.py:266} INFO - Task exited with return code 0
[2025-02-08T19:00:19.665+0000] {taskinstance.py:3900} INFO - 0 downstream tasks scheduled from follow-on schedule check
[2025-02-08T19:00:19.669+0000] {local_task_job_runner.py:245} INFO - ::endgroup::
[2025-02-08T20:40:08.878+0000] {local_task_job_runner.py:123} INFO - ::group::Pre task execution logs
[2025-02-08T20:40:08.897+0000] {taskinstance.py:2612} INFO - Dependencies all met for dep_context=non-requeueable deps ti=<TaskInstance: account_dim_gen.generate_account_dim_data scheduled__2024-10-23T00:00:00+00:00 [queued]>
[2025-02-08T20:40:08.909+0000] {taskinstance.py:2612} INFO - Dependencies all met for dep_context=requeueable deps ti=<TaskInstance: account_dim_gen.generate_account_dim_data scheduled__2024-10-23T00:00:00+00:00 [queued]>
[2025-02-08T20:40:08.910+0000] {taskinstance.py:2865} INFO - Starting attempt 1 of 1
[2025-02-08T20:40:08.964+0000] {taskinstance.py:2888} INFO - Executing <Task(PythonOperator): generate_account_dim_data> on 2024-10-23 00:00:00+00:00
[2025-02-08T20:40:08.977+0000] {logging_mixin.py:190} WARNING - /home/***/.local/lib/python3.12/site-packages/***/task/task_runner/standard_task_runner.py:70 DeprecationWarning: This process (pid=1049) is multi-threaded, use of fork() may lead to deadlocks in the child.
[2025-02-08T20:40:08.979+0000] {standard_task_runner.py:72} INFO - Started process 1079 to run task
[2025-02-08T20:40:08.979+0000] {standard_task_runner.py:104} INFO - Running: ['***', 'tasks', 'run', 'account_dim_gen', 'generate_account_dim_data', 'scheduled__2024-10-23T00:00:00+00:00', '--job-id', '119', '--raw', '--subdir', 'DAGS_FOLDER/account_dim_gen.py', '--cfg-path', '/tmp/tmp7pu_6l1f']
[2025-02-08T20:40:08.981+0000] {standard_task_runner.py:105} INFO - Job 119: Subtask generate_account_dim_data
[2025-02-08T20:40:09.038+0000] {task_command.py:467} INFO - Running <TaskInstance: account_dim_gen.generate_account_dim_data scheduled__2024-10-23T00:00:00+00:00 [running]> on host 7e959c1a2a8b
[2025-02-08T20:40:09.137+0000] {taskinstance.py:3131} INFO - Exporting env vars: AIRFLOW_CTX_DAG_OWNER='Saleh' AIRFLOW_CTX_DAG_ID='account_dim_gen' AIRFLOW_CTX_TASK_ID='generate_account_dim_data' AIRFLOW_CTX_EXECUTION_DATE='2024-10-23T00:00:00+00:00' AIRFLOW_CTX_TRY_NUMBER='1' AIRFLOW_CTX_DAG_RUN_ID='scheduled__2024-10-23T00:00:00+00:00'
[2025-02-08T20:40:09.139+0000] {taskinstance.py:731} INFO - ::endgroup::
[2025-02-08T20:40:09.164+0000] {logging_mixin.py:190} INFO - CSV file ./account_dim_large_data.csv with 50 row has been generated successfully!
[2025-02-08T20:40:09.164+0000] {python.py:240} INFO - Done. Returned value was: None
[2025-02-08T20:40:09.175+0000] {taskinstance.py:340} INFO - ::group::Post task execution logs
[2025-02-08T20:40:09.176+0000] {taskinstance.py:352} INFO - Marking task as SUCCESS. dag_id=account_dim_gen, task_id=generate_account_dim_data, run_id=scheduled__2024-10-23T00:00:00+00:00, execution_date=20241023T000000, start_date=20250208T204008, end_date=20250208T204009
[2025-02-08T20:40:09.234+0000] {local_task_job_runner.py:266} INFO - Task exited with return code 0
[2025-02-08T20:40:09.250+0000] {taskinstance.py:3900} INFO - 0 downstream tasks scheduled from follow-on schedule check
[2025-02-08T20:40:09.252+0000] {local_task_job_runner.py:245} INFO - ::endgroup::
