[2025-02-08T19:02:30.285+0000] {local_task_job_runner.py:123} INFO - ::group::Pre task execution logs
[2025-02-08T19:02:30.311+0000] {taskinstance.py:2612} INFO - Dependencies all met for dep_context=non-requeueable deps ti=<TaskInstance: customer_dim_generator.generate_customer_dim_data scheduled__2024-11-15T00:00:00+00:00 [queued]>
[2025-02-08T19:02:30.322+0000] {taskinstance.py:2612} INFO - Dependencies all met for dep_context=requeueable deps ti=<TaskInstance: customer_dim_generator.generate_customer_dim_data scheduled__2024-11-15T00:00:00+00:00 [queued]>
[2025-02-08T19:02:30.323+0000] {taskinstance.py:2865} INFO - Starting attempt 1 of 1
[2025-02-08T19:02:30.340+0000] {taskinstance.py:2888} INFO - Executing <Task(PythonOperator): generate_customer_dim_data> on 2024-11-15 00:00:00+00:00
[2025-02-08T19:02:30.350+0000] {logging_mixin.py:190} WARNING - /home/***/.local/lib/python3.12/site-packages/***/task/task_runner/standard_task_runner.py:70 DeprecationWarning: This process (pid=1481) is multi-threaded, use of fork() may lead to deadlocks in the child.
[2025-02-08T19:02:30.350+0000] {standard_task_runner.py:104} INFO - Running: ['***', 'tasks', 'run', 'customer_dim_generator', 'generate_customer_dim_data', 'scheduled__2024-11-15T00:00:00+00:00', '--job-id', '234', '--raw', '--subdir', 'DAGS_FOLDER/customer_dim_gen.py', '--cfg-path', '/tmp/tmp1sblgw0q']
[2025-02-08T19:02:30.352+0000] {standard_task_runner.py:72} INFO - Started process 1505 to run task
[2025-02-08T19:02:30.353+0000] {standard_task_runner.py:105} INFO - Job 234: Subtask generate_customer_dim_data
[2025-02-08T19:02:30.402+0000] {task_command.py:467} INFO - Running <TaskInstance: customer_dim_generator.generate_customer_dim_data scheduled__2024-11-15T00:00:00+00:00 [running]> on host 2c1cd59afcc0
[2025-02-08T19:02:30.501+0000] {taskinstance.py:3131} INFO - Exporting env vars: AIRFLOW_CTX_DAG_OWNER='Saleh' AIRFLOW_CTX_DAG_ID='customer_dim_generator' AIRFLOW_CTX_TASK_ID='generate_customer_dim_data' AIRFLOW_CTX_EXECUTION_DATE='2024-11-15T00:00:00+00:00' AIRFLOW_CTX_TRY_NUMBER='1' AIRFLOW_CTX_DAG_RUN_ID='scheduled__2024-11-15T00:00:00+00:00'
[2025-02-08T19:02:30.503+0000] {taskinstance.py:731} INFO - ::endgroup::
[2025-02-08T19:02:30.528+0000] {logging_mixin.py:190} INFO - CSV file './customer_dim_large_data.csv' with 100 rows has been generated successfully.
[2025-02-08T19:02:30.529+0000] {python.py:240} INFO - Done. Returned value was: None
[2025-02-08T19:02:30.541+0000] {taskinstance.py:340} INFO - ::group::Post task execution logs
[2025-02-08T19:02:30.542+0000] {taskinstance.py:352} INFO - Marking task as SUCCESS. dag_id=customer_dim_generator, task_id=generate_customer_dim_data, run_id=scheduled__2024-11-15T00:00:00+00:00, execution_date=20241115T000000, start_date=20250208T190230, end_date=20250208T190230
[2025-02-08T19:02:30.568+0000] {local_task_job_runner.py:266} INFO - Task exited with return code 0
[2025-02-08T19:02:30.586+0000] {taskinstance.py:3900} INFO - 0 downstream tasks scheduled from follow-on schedule check
[2025-02-08T19:02:30.588+0000] {local_task_job_runner.py:245} INFO - ::endgroup::
[2025-02-08T20:40:13.738+0000] {local_task_job_runner.py:123} INFO - ::group::Pre task execution logs
[2025-02-08T20:40:13.765+0000] {taskinstance.py:2612} INFO - Dependencies all met for dep_context=non-requeueable deps ti=<TaskInstance: customer_dim_generator.generate_customer_dim_data scheduled__2024-11-15T00:00:00+00:00 [queued]>
[2025-02-08T20:40:13.777+0000] {taskinstance.py:2612} INFO - Dependencies all met for dep_context=requeueable deps ti=<TaskInstance: customer_dim_generator.generate_customer_dim_data scheduled__2024-11-15T00:00:00+00:00 [queued]>
[2025-02-08T20:40:13.779+0000] {taskinstance.py:2865} INFO - Starting attempt 1 of 1
[2025-02-08T20:40:13.937+0000] {taskinstance.py:2888} INFO - Executing <Task(PythonOperator): generate_customer_dim_data> on 2024-11-15 00:00:00+00:00
[2025-02-08T20:40:13.951+0000] {standard_task_runner.py:104} INFO - Running: ['***', 'tasks', 'run', 'customer_dim_generator', 'generate_customer_dim_data', 'scheduled__2024-11-15T00:00:00+00:00', '--job-id', '123', '--raw', '--subdir', 'DAGS_FOLDER/customer_dim_gen.py', '--cfg-path', '/tmp/tmpb3xmagho']
[2025-02-08T20:40:13.956+0000] {logging_mixin.py:190} WARNING - /home/***/.local/lib/python3.12/site-packages/***/task/task_runner/standard_task_runner.py:70 DeprecationWarning: This process (pid=1100) is multi-threaded, use of fork() may lead to deadlocks in the child.
[2025-02-08T20:40:13.957+0000] {standard_task_runner.py:72} INFO - Started process 1119 to run task
[2025-02-08T20:40:13.957+0000] {standard_task_runner.py:105} INFO - Job 123: Subtask generate_customer_dim_data
[2025-02-08T20:40:14.047+0000] {task_command.py:467} INFO - Running <TaskInstance: customer_dim_generator.generate_customer_dim_data scheduled__2024-11-15T00:00:00+00:00 [running]> on host 7e959c1a2a8b
[2025-02-08T20:40:14.188+0000] {taskinstance.py:3131} INFO - Exporting env vars: AIRFLOW_CTX_DAG_OWNER='Saleh' AIRFLOW_CTX_DAG_ID='customer_dim_generator' AIRFLOW_CTX_TASK_ID='generate_customer_dim_data' AIRFLOW_CTX_EXECUTION_DATE='2024-11-15T00:00:00+00:00' AIRFLOW_CTX_TRY_NUMBER='1' AIRFLOW_CTX_DAG_RUN_ID='scheduled__2024-11-15T00:00:00+00:00'
[2025-02-08T20:40:14.189+0000] {taskinstance.py:731} INFO - ::endgroup::
[2025-02-08T20:40:14.210+0000] {logging_mixin.py:190} INFO - CSV file './customer_dim_large_data.csv' with 100 rows has been generated successfully.
[2025-02-08T20:40:14.211+0000] {python.py:240} INFO - Done. Returned value was: None
[2025-02-08T20:40:14.220+0000] {taskinstance.py:340} INFO - ::group::Post task execution logs
[2025-02-08T20:40:14.221+0000] {taskinstance.py:352} INFO - Marking task as SUCCESS. dag_id=customer_dim_generator, task_id=generate_customer_dim_data, run_id=scheduled__2024-11-15T00:00:00+00:00, execution_date=20241115T000000, start_date=20250208T204013, end_date=20250208T204014
[2025-02-08T20:40:14.266+0000] {local_task_job_runner.py:266} INFO - Task exited with return code 0
[2025-02-08T20:40:14.294+0000] {taskinstance.py:3900} INFO - 0 downstream tasks scheduled from follow-on schedule check
[2025-02-08T20:40:14.297+0000] {local_task_job_runner.py:245} INFO - ::endgroup::
[2025-02-08T20:43:05.264+0000] {local_task_job_runner.py:123} INFO - ::group::Pre task execution logs
[2025-02-08T20:43:05.279+0000] {taskinstance.py:2612} INFO - Dependencies all met for dep_context=non-requeueable deps ti=<TaskInstance: customer_dim_generator.generate_customer_dim_data scheduled__2024-11-15T00:00:00+00:00 [queued]>
[2025-02-08T20:43:05.287+0000] {taskinstance.py:2612} INFO - Dependencies all met for dep_context=requeueable deps ti=<TaskInstance: customer_dim_generator.generate_customer_dim_data scheduled__2024-11-15T00:00:00+00:00 [queued]>
[2025-02-08T20:43:05.288+0000] {taskinstance.py:2865} INFO - Starting attempt 1 of 1
[2025-02-08T20:43:05.301+0000] {taskinstance.py:2888} INFO - Executing <Task(PythonOperator): generate_customer_dim_data> on 2024-11-15 00:00:00+00:00
[2025-02-08T20:43:05.311+0000] {logging_mixin.py:190} WARNING - /home/***/.local/lib/python3.12/site-packages/***/task/task_runner/standard_task_runner.py:70 DeprecationWarning: This process (pid=541) is multi-threaded, use of fork() may lead to deadlocks in the child.
[2025-02-08T20:43:05.312+0000] {standard_task_runner.py:72} INFO - Started process 562 to run task
[2025-02-08T20:43:05.311+0000] {standard_task_runner.py:104} INFO - Running: ['***', 'tasks', 'run', 'customer_dim_generator', 'generate_customer_dim_data', 'scheduled__2024-11-15T00:00:00+00:00', '--job-id', '444', '--raw', '--subdir', 'DAGS_FOLDER/customer_dim_gen.py', '--cfg-path', '/tmp/tmppjk7gyat']
[2025-02-08T20:43:05.313+0000] {standard_task_runner.py:105} INFO - Job 444: Subtask generate_customer_dim_data
[2025-02-08T20:43:05.361+0000] {task_command.py:467} INFO - Running <TaskInstance: customer_dim_generator.generate_customer_dim_data scheduled__2024-11-15T00:00:00+00:00 [running]> on host 86932746817d
[2025-02-08T20:43:05.446+0000] {taskinstance.py:3131} INFO - Exporting env vars: AIRFLOW_CTX_DAG_OWNER='Saleh' AIRFLOW_CTX_DAG_ID='customer_dim_generator' AIRFLOW_CTX_TASK_ID='generate_customer_dim_data' AIRFLOW_CTX_EXECUTION_DATE='2024-11-15T00:00:00+00:00' AIRFLOW_CTX_TRY_NUMBER='1' AIRFLOW_CTX_DAG_RUN_ID='scheduled__2024-11-15T00:00:00+00:00'
[2025-02-08T20:43:05.447+0000] {taskinstance.py:731} INFO - ::endgroup::
[2025-02-08T20:43:05.470+0000] {logging_mixin.py:190} INFO - CSV file './customer_dim_large_data.csv' with 100 rows has been generated successfully.
[2025-02-08T20:43:05.471+0000] {python.py:240} INFO - Done. Returned value was: None
[2025-02-08T20:43:05.479+0000] {taskinstance.py:340} INFO - ::group::Post task execution logs
[2025-02-08T20:43:05.480+0000] {taskinstance.py:352} INFO - Marking task as SUCCESS. dag_id=customer_dim_generator, task_id=generate_customer_dim_data, run_id=scheduled__2024-11-15T00:00:00+00:00, execution_date=20241115T000000, start_date=20250208T204305, end_date=20250208T204305
[2025-02-08T20:43:05.568+0000] {local_task_job_runner.py:266} INFO - Task exited with return code 0
[2025-02-08T20:43:05.581+0000] {taskinstance.py:3900} INFO - 0 downstream tasks scheduled from follow-on schedule check
[2025-02-08T20:43:05.583+0000] {local_task_job_runner.py:245} INFO - ::endgroup::
