[2025-02-08T10:58:30.268+0000] {local_task_job_runner.py:123} INFO - ::group::Pre task execution logs
[2025-02-08T10:58:30.283+0000] {taskinstance.py:2612} INFO - Dependencies all met for dep_context=non-requeueable deps ti=<TaskInstance: example_branch_operator.branching_ext_python scheduled__2025-02-07T00:00:00+00:00 [queued]>
[2025-02-08T10:58:30.291+0000] {taskinstance.py:2612} INFO - Dependencies all met for dep_context=requeueable deps ti=<TaskInstance: example_branch_operator.branching_ext_python scheduled__2025-02-07T00:00:00+00:00 [queued]>
[2025-02-08T10:58:30.291+0000] {taskinstance.py:2865} INFO - Starting attempt 1 of 1
[2025-02-08T10:58:30.303+0000] {taskinstance.py:2888} INFO - Executing <Task(BranchExternalPythonOperator): branching_ext_python> on 2025-02-07 00:00:00+00:00
[2025-02-08T10:58:30.313+0000] {standard_task_runner.py:104} INFO - Running: ['***', 'tasks', 'run', 'example_branch_operator', 'branching_ext_python', 'scheduled__2025-02-07T00:00:00+00:00', '--job-id', '8', '--raw', '--subdir', '/home/***/.local/lib/python3.12/site-packages/***/example_dags/example_branch_operator.py', '--cfg-path', '/tmp/tmpbbdskobn']
[2025-02-08T10:58:30.315+0000] {standard_task_runner.py:105} INFO - Job 8: Subtask branching_ext_python
[2025-02-08T10:58:30.316+0000] {logging_mixin.py:190} WARNING - /home/***/.local/lib/python3.12/site-packages/***/task/task_runner/standard_task_runner.py:70 DeprecationWarning: This process (pid=4410) is multi-threaded, use of fork() may lead to deadlocks in the child.
[2025-02-08T10:58:30.317+0000] {standard_task_runner.py:72} INFO - Started process 4429 to run task
[2025-02-08T10:58:30.361+0000] {task_command.py:467} INFO - Running <TaskInstance: example_branch_operator.branching_ext_python scheduled__2025-02-07T00:00:00+00:00 [running]> on host d1b449c2efe4
[2025-02-08T10:58:30.417+0000] {taskinstance.py:3131} INFO - Exporting env vars: AIRFLOW_CTX_DAG_OWNER='***' AIRFLOW_CTX_DAG_ID='example_branch_operator' AIRFLOW_CTX_TASK_ID='branching_ext_python' AIRFLOW_CTX_EXECUTION_DATE='2025-02-07T00:00:00+00:00' AIRFLOW_CTX_TRY_NUMBER='1' AIRFLOW_CTX_DAG_RUN_ID='scheduled__2025-02-07T00:00:00+00:00'
[2025-02-08T10:58:30.418+0000] {logging_mixin.py:190} INFO - Task instance is in running state
[2025-02-08T10:58:30.419+0000] {logging_mixin.py:190} INFO -  Previous state of the Task instance: queued
[2025-02-08T10:58:30.419+0000] {logging_mixin.py:190} INFO - Current task name:branching_ext_python state:running start_date:2025-02-08 10:58:30.283777+00:00
[2025-02-08T10:58:30.419+0000] {logging_mixin.py:190} INFO - Dag name:example_branch_operator and current dag run status:running
[2025-02-08T10:58:30.419+0000] {taskinstance.py:731} INFO - ::endgroup::
[2025-02-08T10:58:30.420+0000] {baseoperator.py:405} WARNING - BranchExternalPythonOperator.execute cannot be called outside TaskInstance!
[2025-02-08T10:58:30.745+0000] {baseoperator.py:405} WARNING - BranchExternalPythonOperator.execute cannot be called outside TaskInstance!
[2025-02-08T10:58:30.773+0000] {python.py:513} INFO - Use 'pickle' as serializer.
[2025-02-08T10:58:30.778+0000] {process_utils.py:186} INFO - Executing cmd: /home/***/.local/bin/python /tmp/venv-call33xr_t5h/script.py /tmp/venv-call33xr_t5h/script.in /tmp/venv-call33xr_t5h/script.out /tmp/venv-call33xr_t5h/string_args.txt /tmp/venv-call33xr_t5h/termination.log
[2025-02-08T10:58:30.779+0000] {process_utils.py:190} INFO - Output:
[2025-02-08T10:58:33.488+0000] {python.py:240} INFO - Done. Returned value was: ext_py_a
[2025-02-08T10:58:33.488+0000] {branch.py:38} INFO - Branch into ext_py_a
[2025-02-08T10:58:33.489+0000] {skipmixin.py:230} INFO - Following branch ('ext_py_a',)
[2025-02-08T10:58:33.503+0000] {skipmixin.py:278} INFO - Skipping tasks [('ext_py_d', -1), ('ext_py_b', -1), ('ext_py_c', -1)]
[2025-02-08T10:58:33.531+0000] {taskinstance.py:340} INFO - ::group::Post task execution logs
[2025-02-08T10:58:33.532+0000] {taskinstance.py:352} INFO - Marking task as SUCCESS. dag_id=example_branch_operator, task_id=branching_ext_python, run_id=scheduled__2025-02-07T00:00:00+00:00, execution_date=20250207T000000, start_date=20250208T105830, end_date=20250208T105833
[2025-02-08T10:58:33.541+0000] {logging_mixin.py:190} INFO - Task instance in success state
[2025-02-08T10:58:33.542+0000] {logging_mixin.py:190} INFO -  Previous state of the Task instance: running
[2025-02-08T10:58:33.542+0000] {logging_mixin.py:190} INFO - Dag name:example_branch_operator queued_at:2025-02-08 10:58:24.660728+00:00
[2025-02-08T10:58:33.543+0000] {logging_mixin.py:190} INFO - Task hostname:d1b449c2efe4 operator:BranchExternalPythonOperator
[2025-02-08T10:58:33.580+0000] {local_task_job_runner.py:266} INFO - Task exited with return code 0
[2025-02-08T10:58:33.608+0000] {taskinstance.py:3900} INFO - 1 downstream tasks scheduled from follow-on schedule check
[2025-02-08T10:58:33.611+0000] {local_task_job_runner.py:245} INFO - ::endgroup::
