[2025-02-08T19:02:29.996+0000] {local_task_job_runner.py:123} INFO - ::group::Pre task execution logs
[2025-02-08T19:02:30.022+0000] {taskinstance.py:2612} INFO - Dependencies all met for dep_context=non-requeueable deps ti=<TaskInstance: customer_dim_generator.generate_customer_dim_data scheduled__2024-11-14T00:00:00+00:00 [queued]>
[2025-02-08T19:02:30.031+0000] {taskinstance.py:2612} INFO - Dependencies all met for dep_context=requeueable deps ti=<TaskInstance: customer_dim_generator.generate_customer_dim_data scheduled__2024-11-14T00:00:00+00:00 [queued]>
[2025-02-08T19:02:30.032+0000] {taskinstance.py:2865} INFO - Starting attempt 1 of 1
[2025-02-08T19:02:30.055+0000] {taskinstance.py:2888} INFO - Executing <Task(PythonOperator): generate_customer_dim_data> on 2024-11-14 00:00:00+00:00
[2025-02-08T19:02:30.068+0000] {logging_mixin.py:190} WARNING - /home/***/.local/lib/python3.12/site-packages/***/task/task_runner/standard_task_runner.py:70 DeprecationWarning: This process (pid=1471) is multi-threaded, use of fork() may lead to deadlocks in the child.
[2025-02-08T19:02:30.067+0000] {standard_task_runner.py:104} INFO - Running: ['***', 'tasks', 'run', 'customer_dim_generator', 'generate_customer_dim_data', 'scheduled__2024-11-14T00:00:00+00:00', '--job-id', '233', '--raw', '--subdir', 'DAGS_FOLDER/customer_dim_gen.py', '--cfg-path', '/tmp/tmpawoujxjo']
[2025-02-08T19:02:30.070+0000] {standard_task_runner.py:72} INFO - Started process 1499 to run task
[2025-02-08T19:02:30.070+0000] {standard_task_runner.py:105} INFO - Job 233: Subtask generate_customer_dim_data
[2025-02-08T19:02:30.144+0000] {task_command.py:467} INFO - Running <TaskInstance: customer_dim_generator.generate_customer_dim_data scheduled__2024-11-14T00:00:00+00:00 [running]> on host 2c1cd59afcc0
[2025-02-08T19:02:30.277+0000] {taskinstance.py:3131} INFO - Exporting env vars: AIRFLOW_CTX_DAG_OWNER='Saleh' AIRFLOW_CTX_DAG_ID='customer_dim_generator' AIRFLOW_CTX_TASK_ID='generate_customer_dim_data' AIRFLOW_CTX_EXECUTION_DATE='2024-11-14T00:00:00+00:00' AIRFLOW_CTX_TRY_NUMBER='1' AIRFLOW_CTX_DAG_RUN_ID='scheduled__2024-11-14T00:00:00+00:00'
[2025-02-08T19:02:30.279+0000] {taskinstance.py:731} INFO - ::endgroup::
[2025-02-08T19:02:30.305+0000] {logging_mixin.py:190} INFO - CSV file './customer_dim_large_data.csv' with 100 rows has been generated successfully.
[2025-02-08T19:02:30.306+0000] {python.py:240} INFO - Done. Returned value was: None
[2025-02-08T19:02:30.317+0000] {taskinstance.py:340} INFO - ::group::Post task execution logs
[2025-02-08T19:02:30.318+0000] {taskinstance.py:352} INFO - Marking task as SUCCESS. dag_id=customer_dim_generator, task_id=generate_customer_dim_data, run_id=scheduled__2024-11-14T00:00:00+00:00, execution_date=20241114T000000, start_date=20250208T190230, end_date=20250208T190230
[2025-02-08T19:02:30.368+0000] {local_task_job_runner.py:266} INFO - Task exited with return code 0
[2025-02-08T19:02:30.386+0000] {taskinstance.py:3900} INFO - 0 downstream tasks scheduled from follow-on schedule check
[2025-02-08T19:02:30.389+0000] {local_task_job_runner.py:245} INFO - ::endgroup::
[2025-02-08T20:40:08.803+0000] {local_task_job_runner.py:123} INFO - ::group::Pre task execution logs
[2025-02-08T20:40:08.852+0000] {taskinstance.py:2612} INFO - Dependencies all met for dep_context=non-requeueable deps ti=<TaskInstance: customer_dim_generator.generate_customer_dim_data scheduled__2024-11-14T00:00:00+00:00 [queued]>
[2025-02-08T20:40:08.868+0000] {taskinstance.py:2612} INFO - Dependencies all met for dep_context=requeueable deps ti=<TaskInstance: customer_dim_generator.generate_customer_dim_data scheduled__2024-11-14T00:00:00+00:00 [queued]>
[2025-02-08T20:40:08.869+0000] {taskinstance.py:2865} INFO - Starting attempt 1 of 1
[2025-02-08T20:40:08.888+0000] {taskinstance.py:2888} INFO - Executing <Task(PythonOperator): generate_customer_dim_data> on 2024-11-14 00:00:00+00:00
[2025-02-08T20:40:08.899+0000] {logging_mixin.py:190} WARNING - /home/***/.local/lib/python3.12/site-packages/***/task/task_runner/standard_task_runner.py:70 DeprecationWarning: This process (pid=1048) is multi-threaded, use of fork() may lead to deadlocks in the child.
[2025-02-08T20:40:08.902+0000] {standard_task_runner.py:72} INFO - Started process 1077 to run task
[2025-02-08T20:40:08.900+0000] {standard_task_runner.py:104} INFO - Running: ['***', 'tasks', 'run', 'customer_dim_generator', 'generate_customer_dim_data', 'scheduled__2024-11-14T00:00:00+00:00', '--job-id', '118', '--raw', '--subdir', 'DAGS_FOLDER/customer_dim_gen.py', '--cfg-path', '/tmp/tmppk8zj1ha']
[2025-02-08T20:40:08.904+0000] {standard_task_runner.py:105} INFO - Job 118: Subtask generate_customer_dim_data
[2025-02-08T20:40:09.001+0000] {task_command.py:467} INFO - Running <TaskInstance: customer_dim_generator.generate_customer_dim_data scheduled__2024-11-14T00:00:00+00:00 [running]> on host 7e959c1a2a8b
[2025-02-08T20:40:09.097+0000] {taskinstance.py:3131} INFO - Exporting env vars: AIRFLOW_CTX_DAG_OWNER='Saleh' AIRFLOW_CTX_DAG_ID='customer_dim_generator' AIRFLOW_CTX_TASK_ID='generate_customer_dim_data' AIRFLOW_CTX_EXECUTION_DATE='2024-11-14T00:00:00+00:00' AIRFLOW_CTX_TRY_NUMBER='1' AIRFLOW_CTX_DAG_RUN_ID='scheduled__2024-11-14T00:00:00+00:00'
[2025-02-08T20:40:09.098+0000] {taskinstance.py:731} INFO - ::endgroup::
[2025-02-08T20:40:09.119+0000] {logging_mixin.py:190} INFO - CSV file './customer_dim_large_data.csv' with 100 rows has been generated successfully.
[2025-02-08T20:40:09.119+0000] {python.py:240} INFO - Done. Returned value was: None
[2025-02-08T20:40:09.136+0000] {taskinstance.py:340} INFO - ::group::Post task execution logs
[2025-02-08T20:40:09.136+0000] {taskinstance.py:352} INFO - Marking task as SUCCESS. dag_id=customer_dim_generator, task_id=generate_customer_dim_data, run_id=scheduled__2024-11-14T00:00:00+00:00, execution_date=20241114T000000, start_date=20250208T204008, end_date=20250208T204009
[2025-02-08T20:40:09.159+0000] {local_task_job_runner.py:266} INFO - Task exited with return code 0
[2025-02-08T20:40:09.178+0000] {taskinstance.py:3900} INFO - 0 downstream tasks scheduled from follow-on schedule check
[2025-02-08T20:40:09.181+0000] {local_task_job_runner.py:245} INFO - ::endgroup::
[2025-02-08T20:43:05.158+0000] {local_task_job_runner.py:123} INFO - ::group::Pre task execution logs
[2025-02-08T20:43:05.179+0000] {taskinstance.py:2612} INFO - Dependencies all met for dep_context=non-requeueable deps ti=<TaskInstance: customer_dim_generator.generate_customer_dim_data scheduled__2024-11-14T00:00:00+00:00 [queued]>
[2025-02-08T20:43:05.189+0000] {taskinstance.py:2612} INFO - Dependencies all met for dep_context=requeueable deps ti=<TaskInstance: customer_dim_generator.generate_customer_dim_data scheduled__2024-11-14T00:00:00+00:00 [queued]>
[2025-02-08T20:43:05.190+0000] {taskinstance.py:2865} INFO - Starting attempt 1 of 1
[2025-02-08T20:43:05.267+0000] {taskinstance.py:2888} INFO - Executing <Task(PythonOperator): generate_customer_dim_data> on 2024-11-14 00:00:00+00:00
[2025-02-08T20:43:05.275+0000] {logging_mixin.py:190} WARNING - /home/***/.local/lib/python3.12/site-packages/***/task/task_runner/standard_task_runner.py:70 DeprecationWarning: This process (pid=539) is multi-threaded, use of fork() may lead to deadlocks in the child.
[2025-02-08T20:43:05.276+0000] {standard_task_runner.py:72} INFO - Started process 559 to run task
[2025-02-08T20:43:05.275+0000] {standard_task_runner.py:104} INFO - Running: ['***', 'tasks', 'run', 'customer_dim_generator', 'generate_customer_dim_data', 'scheduled__2024-11-14T00:00:00+00:00', '--job-id', '443', '--raw', '--subdir', 'DAGS_FOLDER/customer_dim_gen.py', '--cfg-path', '/tmp/tmpp8n7dwrj']
[2025-02-08T20:43:05.277+0000] {standard_task_runner.py:105} INFO - Job 443: Subtask generate_customer_dim_data
[2025-02-08T20:43:05.320+0000] {task_command.py:467} INFO - Running <TaskInstance: customer_dim_generator.generate_customer_dim_data scheduled__2024-11-14T00:00:00+00:00 [running]> on host 86932746817d
[2025-02-08T20:43:05.407+0000] {taskinstance.py:3131} INFO - Exporting env vars: AIRFLOW_CTX_DAG_OWNER='Saleh' AIRFLOW_CTX_DAG_ID='customer_dim_generator' AIRFLOW_CTX_TASK_ID='generate_customer_dim_data' AIRFLOW_CTX_EXECUTION_DATE='2024-11-14T00:00:00+00:00' AIRFLOW_CTX_TRY_NUMBER='1' AIRFLOW_CTX_DAG_RUN_ID='scheduled__2024-11-14T00:00:00+00:00'
[2025-02-08T20:43:05.409+0000] {taskinstance.py:731} INFO - ::endgroup::
[2025-02-08T20:43:05.431+0000] {logging_mixin.py:190} INFO - CSV file './customer_dim_large_data.csv' with 100 rows has been generated successfully.
[2025-02-08T20:43:05.432+0000] {python.py:240} INFO - Done. Returned value was: None
[2025-02-08T20:43:05.441+0000] {taskinstance.py:340} INFO - ::group::Post task execution logs
[2025-02-08T20:43:05.442+0000] {taskinstance.py:352} INFO - Marking task as SUCCESS. dag_id=customer_dim_generator, task_id=generate_customer_dim_data, run_id=scheduled__2024-11-14T00:00:00+00:00, execution_date=20241114T000000, start_date=20250208T204305, end_date=20250208T204305
[2025-02-08T20:43:05.490+0000] {local_task_job_runner.py:266} INFO - Task exited with return code 0
[2025-02-08T20:43:05.498+0000] {local_task_job_runner.py:245} INFO - ::endgroup::
