[2025-02-08T19:02:50.498+0000] {local_task_job_runner.py:123} INFO - ::group::Pre task execution logs
[2025-02-08T19:02:50.515+0000] {taskinstance.py:2612} INFO - Dependencies all met for dep_context=non-requeueable deps ti=<TaskInstance: customer_dim_generator.generate_customer_dim_data scheduled__2024-12-10T00:00:00+00:00 [queued]>
[2025-02-08T19:02:50.524+0000] {taskinstance.py:2612} INFO - Dependencies all met for dep_context=requeueable deps ti=<TaskInstance: customer_dim_generator.generate_customer_dim_data scheduled__2024-12-10T00:00:00+00:00 [queued]>
[2025-02-08T19:02:50.525+0000] {taskinstance.py:2865} INFO - Starting attempt 1 of 1
[2025-02-08T19:02:50.540+0000] {taskinstance.py:2888} INFO - Executing <Task(PythonOperator): generate_customer_dim_data> on 2024-12-10 00:00:00+00:00
[2025-02-08T19:02:50.550+0000] {logging_mixin.py:190} WARNING - /home/***/.local/lib/python3.12/site-packages/***/task/task_runner/standard_task_runner.py:70 DeprecationWarning: This process (pid=1705) is multi-threaded, use of fork() may lead to deadlocks in the child.
[2025-02-08T19:02:50.552+0000] {standard_task_runner.py:72} INFO - Started process 1737 to run task
[2025-02-08T19:02:50.549+0000] {standard_task_runner.py:104} INFO - Running: ['***', 'tasks', 'run', 'customer_dim_generator', 'generate_customer_dim_data', 'scheduled__2024-12-10T00:00:00+00:00', '--job-id', '286', '--raw', '--subdir', 'DAGS_FOLDER/customer_dim_gen.py', '--cfg-path', '/tmp/tmp2__io6up']
[2025-02-08T19:02:50.557+0000] {standard_task_runner.py:105} INFO - Job 286: Subtask generate_customer_dim_data
[2025-02-08T19:02:50.609+0000] {task_command.py:467} INFO - Running <TaskInstance: customer_dim_generator.generate_customer_dim_data scheduled__2024-12-10T00:00:00+00:00 [running]> on host 2c1cd59afcc0
[2025-02-08T19:02:50.720+0000] {taskinstance.py:3131} INFO - Exporting env vars: AIRFLOW_CTX_DAG_OWNER='Saleh' AIRFLOW_CTX_DAG_ID='customer_dim_generator' AIRFLOW_CTX_TASK_ID='generate_customer_dim_data' AIRFLOW_CTX_EXECUTION_DATE='2024-12-10T00:00:00+00:00' AIRFLOW_CTX_TRY_NUMBER='1' AIRFLOW_CTX_DAG_RUN_ID='scheduled__2024-12-10T00:00:00+00:00'
[2025-02-08T19:02:50.723+0000] {taskinstance.py:731} INFO - ::endgroup::
[2025-02-08T19:02:50.749+0000] {logging_mixin.py:190} INFO - CSV file './customer_dim_large_data.csv' with 100 rows has been generated successfully.
[2025-02-08T19:02:50.749+0000] {python.py:240} INFO - Done. Returned value was: None
[2025-02-08T19:02:50.758+0000] {taskinstance.py:340} INFO - ::group::Post task execution logs
[2025-02-08T19:02:50.764+0000] {taskinstance.py:352} INFO - Marking task as SUCCESS. dag_id=customer_dim_generator, task_id=generate_customer_dim_data, run_id=scheduled__2024-12-10T00:00:00+00:00, execution_date=20241210T000000, start_date=20250208T190250, end_date=20250208T190250
[2025-02-08T19:02:50.817+0000] {local_task_job_runner.py:266} INFO - Task exited with return code 0
[2025-02-08T19:02:50.840+0000] {local_task_job_runner.py:245} INFO - ::endgroup::
[2025-02-08T20:40:31.427+0000] {local_task_job_runner.py:123} INFO - ::group::Pre task execution logs
[2025-02-08T20:40:31.446+0000] {taskinstance.py:2612} INFO - Dependencies all met for dep_context=non-requeueable deps ti=<TaskInstance: customer_dim_generator.generate_customer_dim_data scheduled__2024-12-10T00:00:00+00:00 [queued]>
[2025-02-08T20:40:31.461+0000] {taskinstance.py:2612} INFO - Dependencies all met for dep_context=requeueable deps ti=<TaskInstance: customer_dim_generator.generate_customer_dim_data scheduled__2024-12-10T00:00:00+00:00 [queued]>
[2025-02-08T20:40:31.461+0000] {taskinstance.py:2865} INFO - Starting attempt 1 of 1
[2025-02-08T20:40:31.489+0000] {taskinstance.py:2888} INFO - Executing <Task(PythonOperator): generate_customer_dim_data> on 2024-12-10 00:00:00+00:00
[2025-02-08T20:40:31.500+0000] {logging_mixin.py:190} WARNING - /home/***/.local/lib/python3.12/site-packages/***/task/task_runner/standard_task_runner.py:70 DeprecationWarning: This process (pid=1384) is multi-threaded, use of fork() may lead to deadlocks in the child.
[2025-02-08T20:40:31.502+0000] {standard_task_runner.py:72} INFO - Started process 1406 to run task
[2025-02-08T20:40:31.500+0000] {standard_task_runner.py:104} INFO - Running: ['***', 'tasks', 'run', 'customer_dim_generator', 'generate_customer_dim_data', 'scheduled__2024-12-10T00:00:00+00:00', '--job-id', '195', '--raw', '--subdir', 'DAGS_FOLDER/customer_dim_gen.py', '--cfg-path', '/tmp/tmp84omh4ae']
[2025-02-08T20:40:31.503+0000] {standard_task_runner.py:105} INFO - Job 195: Subtask generate_customer_dim_data
[2025-02-08T20:40:31.557+0000] {task_command.py:467} INFO - Running <TaskInstance: customer_dim_generator.generate_customer_dim_data scheduled__2024-12-10T00:00:00+00:00 [running]> on host 7e959c1a2a8b
[2025-02-08T20:40:31.630+0000] {taskinstance.py:3131} INFO - Exporting env vars: AIRFLOW_CTX_DAG_OWNER='Saleh' AIRFLOW_CTX_DAG_ID='customer_dim_generator' AIRFLOW_CTX_TASK_ID='generate_customer_dim_data' AIRFLOW_CTX_EXECUTION_DATE='2024-12-10T00:00:00+00:00' AIRFLOW_CTX_TRY_NUMBER='1' AIRFLOW_CTX_DAG_RUN_ID='scheduled__2024-12-10T00:00:00+00:00'
[2025-02-08T20:40:31.631+0000] {taskinstance.py:731} INFO - ::endgroup::
[2025-02-08T20:40:31.648+0000] {logging_mixin.py:190} INFO - CSV file './customer_dim_large_data.csv' with 100 rows has been generated successfully.
[2025-02-08T20:40:31.648+0000] {python.py:240} INFO - Done. Returned value was: None
[2025-02-08T20:40:31.656+0000] {taskinstance.py:340} INFO - ::group::Post task execution logs
[2025-02-08T20:40:31.656+0000] {taskinstance.py:352} INFO - Marking task as SUCCESS. dag_id=customer_dim_generator, task_id=generate_customer_dim_data, run_id=scheduled__2024-12-10T00:00:00+00:00, execution_date=20241210T000000, start_date=20250208T204031, end_date=20250208T204031
[2025-02-08T20:40:31.679+0000] {local_task_job_runner.py:266} INFO - Task exited with return code 0
[2025-02-08T20:40:31.692+0000] {taskinstance.py:3900} INFO - 0 downstream tasks scheduled from follow-on schedule check
[2025-02-08T20:40:31.694+0000] {local_task_job_runner.py:245} INFO - ::endgroup::
[2025-02-08T20:43:19.380+0000] {local_task_job_runner.py:123} INFO - ::group::Pre task execution logs
[2025-02-08T20:43:19.394+0000] {taskinstance.py:2612} INFO - Dependencies all met for dep_context=non-requeueable deps ti=<TaskInstance: customer_dim_generator.generate_customer_dim_data scheduled__2024-12-10T00:00:00+00:00 [queued]>
[2025-02-08T20:43:19.403+0000] {taskinstance.py:2612} INFO - Dependencies all met for dep_context=requeueable deps ti=<TaskInstance: customer_dim_generator.generate_customer_dim_data scheduled__2024-12-10T00:00:00+00:00 [queued]>
[2025-02-08T20:43:19.403+0000] {taskinstance.py:2865} INFO - Starting attempt 1 of 1
[2025-02-08T20:43:19.476+0000] {taskinstance.py:2888} INFO - Executing <Task(PythonOperator): generate_customer_dim_data> on 2024-12-10 00:00:00+00:00
[2025-02-08T20:43:19.485+0000] {logging_mixin.py:190} WARNING - /home/***/.local/lib/python3.12/site-packages/***/task/task_runner/standard_task_runner.py:70 DeprecationWarning: This process (pid=649) is multi-threaded, use of fork() may lead to deadlocks in the child.
[2025-02-08T20:43:19.486+0000] {standard_task_runner.py:72} INFO - Started process 669 to run task
[2025-02-08T20:43:19.485+0000] {standard_task_runner.py:104} INFO - Running: ['***', 'tasks', 'run', 'customer_dim_generator', 'generate_customer_dim_data', 'scheduled__2024-12-10T00:00:00+00:00', '--job-id', '469', '--raw', '--subdir', 'DAGS_FOLDER/customer_dim_gen.py', '--cfg-path', '/tmp/tmpt0ikqooq']
[2025-02-08T20:43:19.487+0000] {standard_task_runner.py:105} INFO - Job 469: Subtask generate_customer_dim_data
[2025-02-08T20:43:19.525+0000] {task_command.py:467} INFO - Running <TaskInstance: customer_dim_generator.generate_customer_dim_data scheduled__2024-12-10T00:00:00+00:00 [running]> on host 86932746817d
[2025-02-08T20:43:19.599+0000] {taskinstance.py:3131} INFO - Exporting env vars: AIRFLOW_CTX_DAG_OWNER='Saleh' AIRFLOW_CTX_DAG_ID='customer_dim_generator' AIRFLOW_CTX_TASK_ID='generate_customer_dim_data' AIRFLOW_CTX_EXECUTION_DATE='2024-12-10T00:00:00+00:00' AIRFLOW_CTX_TRY_NUMBER='1' AIRFLOW_CTX_DAG_RUN_ID='scheduled__2024-12-10T00:00:00+00:00'
[2025-02-08T20:43:19.600+0000] {taskinstance.py:731} INFO - ::endgroup::
[2025-02-08T20:43:19.622+0000] {logging_mixin.py:190} INFO - CSV file './customer_dim_large_data.csv' with 100 rows has been generated successfully.
[2025-02-08T20:43:19.622+0000] {python.py:240} INFO - Done. Returned value was: None
[2025-02-08T20:43:19.630+0000] {taskinstance.py:340} INFO - ::group::Post task execution logs
[2025-02-08T20:43:19.631+0000] {taskinstance.py:352} INFO - Marking task as SUCCESS. dag_id=customer_dim_generator, task_id=generate_customer_dim_data, run_id=scheduled__2024-12-10T00:00:00+00:00, execution_date=20241210T000000, start_date=20250208T204319, end_date=20250208T204319
[2025-02-08T20:43:19.660+0000] {local_task_job_runner.py:266} INFO - Task exited with return code 0
[2025-02-08T20:43:19.669+0000] {local_task_job_runner.py:245} INFO - ::endgroup::
