[2025-02-08T19:00:51.236+0000] {local_task_job_runner.py:123} INFO - ::group::Pre task execution logs
[2025-02-08T19:00:51.272+0000] {taskinstance.py:2612} INFO - Dependencies all met for dep_context=non-requeueable deps ti=<TaskInstance: account_dim_gen.generate_account_dim_data scheduled__2024-12-12T00:00:00+00:00 [queued]>
[2025-02-08T19:00:51.309+0000] {taskinstance.py:2612} INFO - Dependencies all met for dep_context=requeueable deps ti=<TaskInstance: account_dim_gen.generate_account_dim_data scheduled__2024-12-12T00:00:00+00:00 [queued]>
[2025-02-08T19:00:51.333+0000] {taskinstance.py:2865} INFO - Starting attempt 1 of 1
[2025-02-08T19:00:51.485+0000] {taskinstance.py:2888} INFO - Executing <Task(PythonOperator): generate_account_dim_data> on 2024-12-12 00:00:00+00:00
[2025-02-08T19:00:51.499+0000] {logging_mixin.py:190} WARNING - /home/***/.local/lib/python3.12/site-packages/***/task/task_runner/standard_task_runner.py:70 DeprecationWarning: This process (pid=873) is multi-threaded, use of fork() may lead to deadlocks in the child.
[2025-02-08T19:00:51.499+0000] {standard_task_runner.py:104} INFO - Running: ['***', 'tasks', 'run', 'account_dim_gen', 'generate_account_dim_data', 'scheduled__2024-12-12T00:00:00+00:00', '--job-id', '97', '--raw', '--subdir', 'DAGS_FOLDER/account_dim_gen.py', '--cfg-path', '/tmp/tmpzd3swq1n']
[2025-02-08T19:00:51.503+0000] {standard_task_runner.py:72} INFO - Started process 887 to run task
[2025-02-08T19:00:51.503+0000] {standard_task_runner.py:105} INFO - Job 97: Subtask generate_account_dim_data
[2025-02-08T19:00:51.552+0000] {task_command.py:467} INFO - Running <TaskInstance: account_dim_gen.generate_account_dim_data scheduled__2024-12-12T00:00:00+00:00 [running]> on host 2c1cd59afcc0
[2025-02-08T19:00:51.634+0000] {taskinstance.py:3131} INFO - Exporting env vars: AIRFLOW_CTX_DAG_OWNER='Saleh' AIRFLOW_CTX_DAG_ID='account_dim_gen' AIRFLOW_CTX_TASK_ID='generate_account_dim_data' AIRFLOW_CTX_EXECUTION_DATE='2024-12-12T00:00:00+00:00' AIRFLOW_CTX_TRY_NUMBER='1' AIRFLOW_CTX_DAG_RUN_ID='scheduled__2024-12-12T00:00:00+00:00'
[2025-02-08T19:00:51.635+0000] {taskinstance.py:731} INFO - ::endgroup::
[2025-02-08T19:00:51.655+0000] {logging_mixin.py:190} INFO - CSV file ./account_dim_large_data.csv with 50 row has been generated successfully!
[2025-02-08T19:00:51.656+0000] {python.py:240} INFO - Done. Returned value was: None
[2025-02-08T19:00:51.665+0000] {taskinstance.py:340} INFO - ::group::Post task execution logs
[2025-02-08T19:00:51.665+0000] {taskinstance.py:352} INFO - Marking task as SUCCESS. dag_id=account_dim_gen, task_id=generate_account_dim_data, run_id=scheduled__2024-12-12T00:00:00+00:00, execution_date=20241212T000000, start_date=20250208T190051, end_date=20250208T190051
[2025-02-08T19:00:51.719+0000] {local_task_job_runner.py:266} INFO - Task exited with return code 0
[2025-02-08T19:00:51.729+0000] {local_task_job_runner.py:245} INFO - ::endgroup::
[2025-02-08T20:40:50.712+0000] {local_task_job_runner.py:123} INFO - ::group::Pre task execution logs
[2025-02-08T20:40:50.724+0000] {taskinstance.py:2612} INFO - Dependencies all met for dep_context=non-requeueable deps ti=<TaskInstance: account_dim_gen.generate_account_dim_data scheduled__2024-12-12T00:00:00+00:00 [queued]>
[2025-02-08T20:40:50.731+0000] {taskinstance.py:2612} INFO - Dependencies all met for dep_context=requeueable deps ti=<TaskInstance: account_dim_gen.generate_account_dim_data scheduled__2024-12-12T00:00:00+00:00 [queued]>
[2025-02-08T20:40:50.731+0000] {taskinstance.py:2865} INFO - Starting attempt 1 of 1
[2025-02-08T20:40:50.742+0000] {taskinstance.py:2888} INFO - Executing <Task(PythonOperator): generate_account_dim_data> on 2024-12-12 00:00:00+00:00
[2025-02-08T20:40:50.751+0000] {logging_mixin.py:190} WARNING - /home/***/.local/lib/python3.12/site-packages/***/task/task_runner/standard_task_runner.py:70 DeprecationWarning: This process (pid=1721) is multi-threaded, use of fork() may lead to deadlocks in the child.
[2025-02-08T20:40:50.753+0000] {standard_task_runner.py:72} INFO - Started process 1729 to run task
[2025-02-08T20:40:50.755+0000] {standard_task_runner.py:104} INFO - Running: ['***', 'tasks', 'run', 'account_dim_gen', 'generate_account_dim_data', 'scheduled__2024-12-12T00:00:00+00:00', '--job-id', '269', '--raw', '--subdir', 'DAGS_FOLDER/account_dim_gen.py', '--cfg-path', '/tmp/tmpqnwnmuqb']
[2025-02-08T20:40:50.758+0000] {standard_task_runner.py:105} INFO - Job 269: Subtask generate_account_dim_data
[2025-02-08T20:40:50.792+0000] {task_command.py:467} INFO - Running <TaskInstance: account_dim_gen.generate_account_dim_data scheduled__2024-12-12T00:00:00+00:00 [running]> on host 7e959c1a2a8b
[2025-02-08T20:40:50.861+0000] {taskinstance.py:3131} INFO - Exporting env vars: AIRFLOW_CTX_DAG_OWNER='Saleh' AIRFLOW_CTX_DAG_ID='account_dim_gen' AIRFLOW_CTX_TASK_ID='generate_account_dim_data' AIRFLOW_CTX_EXECUTION_DATE='2024-12-12T00:00:00+00:00' AIRFLOW_CTX_TRY_NUMBER='1' AIRFLOW_CTX_DAG_RUN_ID='scheduled__2024-12-12T00:00:00+00:00'
[2025-02-08T20:40:50.862+0000] {taskinstance.py:731} INFO - ::endgroup::
[2025-02-08T20:40:50.880+0000] {logging_mixin.py:190} INFO - CSV file ./account_dim_large_data.csv with 50 row has been generated successfully!
[2025-02-08T20:40:50.880+0000] {python.py:240} INFO - Done. Returned value was: None
[2025-02-08T20:40:50.886+0000] {taskinstance.py:340} INFO - ::group::Post task execution logs
[2025-02-08T20:40:50.887+0000] {taskinstance.py:352} INFO - Marking task as SUCCESS. dag_id=account_dim_gen, task_id=generate_account_dim_data, run_id=scheduled__2024-12-12T00:00:00+00:00, execution_date=20241212T000000, start_date=20250208T204050, end_date=20250208T204050
[2025-02-08T20:40:50.927+0000] {local_task_job_runner.py:266} INFO - Task exited with return code 0
[2025-02-08T20:40:50.940+0000] {taskinstance.py:3900} INFO - 0 downstream tasks scheduled from follow-on schedule check
[2025-02-08T20:40:50.942+0000] {local_task_job_runner.py:245} INFO - ::endgroup::
