[2025-02-08T19:03:14.576+0000] {local_task_job_runner.py:123} INFO - ::group::Pre task execution logs
[2025-02-08T19:03:14.597+0000] {taskinstance.py:2612} INFO - Dependencies all met for dep_context=non-requeueable deps ti=<TaskInstance: customer_dim_generator.generate_customer_dim_data scheduled__2025-01-14T00:00:00+00:00 [queued]>
[2025-02-08T19:03:14.606+0000] {taskinstance.py:2612} INFO - Dependencies all met for dep_context=requeueable deps ti=<TaskInstance: customer_dim_generator.generate_customer_dim_data scheduled__2025-01-14T00:00:00+00:00 [queued]>
[2025-02-08T19:03:14.609+0000] {taskinstance.py:2865} INFO - Starting attempt 1 of 1
[2025-02-08T19:03:14.669+0000] {taskinstance.py:2888} INFO - Executing <Task(PythonOperator): generate_customer_dim_data> on 2025-01-14 00:00:00+00:00
[2025-02-08T19:03:14.680+0000] {logging_mixin.py:190} WARNING - /home/***/.local/lib/python3.12/site-packages/***/task/task_runner/standard_task_runner.py:70 DeprecationWarning: This process (pid=2007) is multi-threaded, use of fork() may lead to deadlocks in the child.
[2025-02-08T19:03:14.681+0000] {standard_task_runner.py:72} INFO - Started process 2037 to run task
[2025-02-08T19:03:14.680+0000] {standard_task_runner.py:104} INFO - Running: ['***', 'tasks', 'run', 'customer_dim_generator', 'generate_customer_dim_data', 'scheduled__2025-01-14T00:00:00+00:00', '--job-id', '355', '--raw', '--subdir', 'DAGS_FOLDER/customer_dim_gen.py', '--cfg-path', '/tmp/tmp3dqhionf']
[2025-02-08T19:03:14.682+0000] {standard_task_runner.py:105} INFO - Job 355: Subtask generate_customer_dim_data
[2025-02-08T19:03:14.742+0000] {task_command.py:467} INFO - Running <TaskInstance: customer_dim_generator.generate_customer_dim_data scheduled__2025-01-14T00:00:00+00:00 [running]> on host 2c1cd59afcc0
[2025-02-08T19:03:14.828+0000] {taskinstance.py:3131} INFO - Exporting env vars: AIRFLOW_CTX_DAG_OWNER='Saleh' AIRFLOW_CTX_DAG_ID='customer_dim_generator' AIRFLOW_CTX_TASK_ID='generate_customer_dim_data' AIRFLOW_CTX_EXECUTION_DATE='2025-01-14T00:00:00+00:00' AIRFLOW_CTX_TRY_NUMBER='1' AIRFLOW_CTX_DAG_RUN_ID='scheduled__2025-01-14T00:00:00+00:00'
[2025-02-08T19:03:14.829+0000] {taskinstance.py:731} INFO - ::endgroup::
[2025-02-08T19:03:14.851+0000] {logging_mixin.py:190} INFO - CSV file './customer_dim_large_data.csv' with 100 rows has been generated successfully.
[2025-02-08T19:03:14.852+0000] {python.py:240} INFO - Done. Returned value was: None
[2025-02-08T19:03:14.862+0000] {taskinstance.py:340} INFO - ::group::Post task execution logs
[2025-02-08T19:03:14.862+0000] {taskinstance.py:352} INFO - Marking task as SUCCESS. dag_id=customer_dim_generator, task_id=generate_customer_dim_data, run_id=scheduled__2025-01-14T00:00:00+00:00, execution_date=20250114T000000, start_date=20250208T190314, end_date=20250208T190314
[2025-02-08T19:03:14.898+0000] {local_task_job_runner.py:266} INFO - Task exited with return code 0
[2025-02-08T19:03:14.920+0000] {taskinstance.py:3900} INFO - 0 downstream tasks scheduled from follow-on schedule check
[2025-02-08T19:03:14.927+0000] {local_task_job_runner.py:245} INFO - ::endgroup::
[2025-02-08T20:41:00.903+0000] {local_task_job_runner.py:123} INFO - ::group::Pre task execution logs
[2025-02-08T20:41:00.931+0000] {taskinstance.py:2612} INFO - Dependencies all met for dep_context=non-requeueable deps ti=<TaskInstance: customer_dim_generator.generate_customer_dim_data scheduled__2025-01-14T00:00:00+00:00 [queued]>
[2025-02-08T20:41:00.943+0000] {taskinstance.py:2612} INFO - Dependencies all met for dep_context=requeueable deps ti=<TaskInstance: customer_dim_generator.generate_customer_dim_data scheduled__2025-01-14T00:00:00+00:00 [queued]>
[2025-02-08T20:41:00.944+0000] {taskinstance.py:2865} INFO - Starting attempt 1 of 1
[2025-02-08T20:41:00.968+0000] {taskinstance.py:2888} INFO - Executing <Task(PythonOperator): generate_customer_dim_data> on 2025-01-14 00:00:00+00:00
[2025-02-08T20:41:00.985+0000] {logging_mixin.py:190} WARNING - /home/***/.local/lib/python3.12/site-packages/***/task/task_runner/standard_task_runner.py:70 DeprecationWarning: This process (pid=1848) is multi-threaded, use of fork() may lead to deadlocks in the child.
[2025-02-08T20:41:00.989+0000] {standard_task_runner.py:72} INFO - Started process 1875 to run task
[2025-02-08T20:41:00.992+0000] {standard_task_runner.py:104} INFO - Running: ['***', 'tasks', 'run', 'customer_dim_generator', 'generate_customer_dim_data', 'scheduled__2025-01-14T00:00:00+00:00', '--job-id', '301', '--raw', '--subdir', 'DAGS_FOLDER/customer_dim_gen.py', '--cfg-path', '/tmp/tmpxq9y_d_m']
[2025-02-08T20:41:00.995+0000] {standard_task_runner.py:105} INFO - Job 301: Subtask generate_customer_dim_data
[2025-02-08T20:41:01.150+0000] {task_command.py:467} INFO - Running <TaskInstance: customer_dim_generator.generate_customer_dim_data scheduled__2025-01-14T00:00:00+00:00 [running]> on host 7e959c1a2a8b
[2025-02-08T20:41:01.287+0000] {taskinstance.py:3131} INFO - Exporting env vars: AIRFLOW_CTX_DAG_OWNER='Saleh' AIRFLOW_CTX_DAG_ID='customer_dim_generator' AIRFLOW_CTX_TASK_ID='generate_customer_dim_data' AIRFLOW_CTX_EXECUTION_DATE='2025-01-14T00:00:00+00:00' AIRFLOW_CTX_TRY_NUMBER='1' AIRFLOW_CTX_DAG_RUN_ID='scheduled__2025-01-14T00:00:00+00:00'
[2025-02-08T20:41:01.291+0000] {taskinstance.py:731} INFO - ::endgroup::
[2025-02-08T20:41:01.316+0000] {logging_mixin.py:190} INFO - CSV file './customer_dim_large_data.csv' with 100 rows has been generated successfully.
[2025-02-08T20:41:01.318+0000] {python.py:240} INFO - Done. Returned value was: None
[2025-02-08T20:41:01.328+0000] {taskinstance.py:340} INFO - ::group::Post task execution logs
[2025-02-08T20:41:01.328+0000] {taskinstance.py:352} INFO - Marking task as SUCCESS. dag_id=customer_dim_generator, task_id=generate_customer_dim_data, run_id=scheduled__2025-01-14T00:00:00+00:00, execution_date=20250114T000000, start_date=20250208T204100, end_date=20250208T204101
[2025-02-08T20:41:01.376+0000] {local_task_job_runner.py:266} INFO - Task exited with return code 0
[2025-02-08T20:41:01.397+0000] {taskinstance.py:3900} INFO - 0 downstream tasks scheduled from follow-on schedule check
[2025-02-08T20:41:01.402+0000] {local_task_job_runner.py:245} INFO - ::endgroup::
[2025-02-08T20:43:39.575+0000] {local_task_job_runner.py:123} INFO - ::group::Pre task execution logs
[2025-02-08T20:43:39.591+0000] {taskinstance.py:2612} INFO - Dependencies all met for dep_context=non-requeueable deps ti=<TaskInstance: customer_dim_generator.generate_customer_dim_data scheduled__2025-01-14T00:00:00+00:00 [queued]>
[2025-02-08T20:43:39.600+0000] {taskinstance.py:2612} INFO - Dependencies all met for dep_context=requeueable deps ti=<TaskInstance: customer_dim_generator.generate_customer_dim_data scheduled__2025-01-14T00:00:00+00:00 [queued]>
[2025-02-08T20:43:39.601+0000] {taskinstance.py:2865} INFO - Starting attempt 1 of 1
[2025-02-08T20:43:39.620+0000] {taskinstance.py:2888} INFO - Executing <Task(PythonOperator): generate_customer_dim_data> on 2025-01-14 00:00:00+00:00
[2025-02-08T20:43:39.629+0000] {standard_task_runner.py:104} INFO - Running: ['***', 'tasks', 'run', 'customer_dim_generator', 'generate_customer_dim_data', 'scheduled__2025-01-14T00:00:00+00:00', '--job-id', '504', '--raw', '--subdir', 'DAGS_FOLDER/customer_dim_gen.py', '--cfg-path', '/tmp/tmp2qv9s_y3']
[2025-02-08T20:43:39.632+0000] {standard_task_runner.py:105} INFO - Job 504: Subtask generate_customer_dim_data
[2025-02-08T20:43:39.632+0000] {logging_mixin.py:190} WARNING - /home/***/.local/lib/python3.12/site-packages/***/task/task_runner/standard_task_runner.py:70 DeprecationWarning: This process (pid=816) is multi-threaded, use of fork() may lead to deadlocks in the child.
[2025-02-08T20:43:39.633+0000] {standard_task_runner.py:72} INFO - Started process 837 to run task
[2025-02-08T20:43:39.690+0000] {task_command.py:467} INFO - Running <TaskInstance: customer_dim_generator.generate_customer_dim_data scheduled__2025-01-14T00:00:00+00:00 [running]> on host 86932746817d
[2025-02-08T20:43:39.796+0000] {taskinstance.py:3131} INFO - Exporting env vars: AIRFLOW_CTX_DAG_OWNER='Saleh' AIRFLOW_CTX_DAG_ID='customer_dim_generator' AIRFLOW_CTX_TASK_ID='generate_customer_dim_data' AIRFLOW_CTX_EXECUTION_DATE='2025-01-14T00:00:00+00:00' AIRFLOW_CTX_TRY_NUMBER='1' AIRFLOW_CTX_DAG_RUN_ID='scheduled__2025-01-14T00:00:00+00:00'
[2025-02-08T20:43:39.798+0000] {taskinstance.py:731} INFO - ::endgroup::
[2025-02-08T20:43:39.824+0000] {logging_mixin.py:190} INFO - CSV file './customer_dim_large_data.csv' with 100 rows has been generated successfully.
[2025-02-08T20:43:39.824+0000] {python.py:240} INFO - Done. Returned value was: None
[2025-02-08T20:43:39.839+0000] {taskinstance.py:340} INFO - ::group::Post task execution logs
[2025-02-08T20:43:39.840+0000] {taskinstance.py:352} INFO - Marking task as SUCCESS. dag_id=customer_dim_generator, task_id=generate_customer_dim_data, run_id=scheduled__2025-01-14T00:00:00+00:00, execution_date=20250114T000000, start_date=20250208T204339, end_date=20250208T204339
[2025-02-08T20:43:39.933+0000] {local_task_job_runner.py:266} INFO - Task exited with return code 0
[2025-02-08T20:43:39.949+0000] {taskinstance.py:3900} INFO - 0 downstream tasks scheduled from follow-on schedule check
[2025-02-08T20:43:39.952+0000] {local_task_job_runner.py:245} INFO - ::endgroup::
