[2025-02-08T19:00:31.967+0000] {local_task_job_runner.py:123} INFO - ::group::Pre task execution logs
[2025-02-08T19:00:31.982+0000] {taskinstance.py:2612} INFO - Dependencies all met for dep_context=non-requeueable deps ti=<TaskInstance: account_dim_gen.generate_account_dim_data scheduled__2024-11-14T00:00:00+00:00 [queued]>
[2025-02-08T19:00:31.990+0000] {taskinstance.py:2612} INFO - Dependencies all met for dep_context=requeueable deps ti=<TaskInstance: account_dim_gen.generate_account_dim_data scheduled__2024-11-14T00:00:00+00:00 [queued]>
[2025-02-08T19:00:31.990+0000] {taskinstance.py:2865} INFO - Starting attempt 1 of 1
[2025-02-08T19:00:32.003+0000] {taskinstance.py:2888} INFO - Executing <Task(PythonOperator): generate_account_dim_data> on 2024-11-14 00:00:00+00:00
[2025-02-08T19:00:32.012+0000] {logging_mixin.py:190} WARNING - /home/***/.local/lib/python3.12/site-packages/***/task/task_runner/standard_task_runner.py:70 DeprecationWarning: This process (pid=734) is multi-threaded, use of fork() may lead to deadlocks in the child.
[2025-02-08T19:00:32.013+0000] {standard_task_runner.py:72} INFO - Started process 749 to run task
[2025-02-08T19:00:32.012+0000] {standard_task_runner.py:104} INFO - Running: ['***', 'tasks', 'run', 'account_dim_gen', 'generate_account_dim_data', 'scheduled__2024-11-14T00:00:00+00:00', '--job-id', '69', '--raw', '--subdir', 'DAGS_FOLDER/account_dim_gen.py', '--cfg-path', '/tmp/tmp6qjv1u7s']
[2025-02-08T19:00:32.014+0000] {standard_task_runner.py:105} INFO - Job 69: Subtask generate_account_dim_data
[2025-02-08T19:00:32.056+0000] {task_command.py:467} INFO - Running <TaskInstance: account_dim_gen.generate_account_dim_data scheduled__2024-11-14T00:00:00+00:00 [running]> on host 2c1cd59afcc0
[2025-02-08T19:00:32.136+0000] {taskinstance.py:3131} INFO - Exporting env vars: AIRFLOW_CTX_DAG_OWNER='Saleh' AIRFLOW_CTX_DAG_ID='account_dim_gen' AIRFLOW_CTX_TASK_ID='generate_account_dim_data' AIRFLOW_CTX_EXECUTION_DATE='2024-11-14T00:00:00+00:00' AIRFLOW_CTX_TRY_NUMBER='1' AIRFLOW_CTX_DAG_RUN_ID='scheduled__2024-11-14T00:00:00+00:00'
[2025-02-08T19:00:32.137+0000] {taskinstance.py:731} INFO - ::endgroup::
[2025-02-08T19:00:32.158+0000] {logging_mixin.py:190} INFO - CSV file ./account_dim_large_data.csv with 50 row has been generated successfully!
[2025-02-08T19:00:32.159+0000] {python.py:240} INFO - Done. Returned value was: None
[2025-02-08T19:00:32.167+0000] {taskinstance.py:340} INFO - ::group::Post task execution logs
[2025-02-08T19:00:32.168+0000] {taskinstance.py:352} INFO - Marking task as SUCCESS. dag_id=account_dim_gen, task_id=generate_account_dim_data, run_id=scheduled__2024-11-14T00:00:00+00:00, execution_date=20241114T000000, start_date=20250208T190031, end_date=20250208T190032
[2025-02-08T19:00:32.188+0000] {local_task_job_runner.py:266} INFO - Task exited with return code 0
[2025-02-08T19:00:32.205+0000] {taskinstance.py:3900} INFO - 0 downstream tasks scheduled from follow-on schedule check
[2025-02-08T19:00:32.208+0000] {local_task_job_runner.py:245} INFO - ::endgroup::
[2025-02-08T20:40:30.487+0000] {local_task_job_runner.py:123} INFO - ::group::Pre task execution logs
[2025-02-08T20:40:30.508+0000] {taskinstance.py:2612} INFO - Dependencies all met for dep_context=non-requeueable deps ti=<TaskInstance: account_dim_gen.generate_account_dim_data scheduled__2024-11-14T00:00:00+00:00 [queued]>
[2025-02-08T20:40:30.519+0000] {taskinstance.py:2612} INFO - Dependencies all met for dep_context=requeueable deps ti=<TaskInstance: account_dim_gen.generate_account_dim_data scheduled__2024-11-14T00:00:00+00:00 [queued]>
[2025-02-08T20:40:30.520+0000] {taskinstance.py:2865} INFO - Starting attempt 1 of 1
[2025-02-08T20:40:30.536+0000] {taskinstance.py:2888} INFO - Executing <Task(PythonOperator): generate_account_dim_data> on 2024-11-14 00:00:00+00:00
[2025-02-08T20:40:30.546+0000] {logging_mixin.py:190} WARNING - /home/***/.local/lib/python3.12/site-packages/***/task/task_runner/standard_task_runner.py:70 DeprecationWarning: This process (pid=1347) is multi-threaded, use of fork() may lead to deadlocks in the child.
[2025-02-08T20:40:30.548+0000] {standard_task_runner.py:72} INFO - Started process 1380 to run task
[2025-02-08T20:40:30.546+0000] {standard_task_runner.py:104} INFO - Running: ['***', 'tasks', 'run', 'account_dim_gen', 'generate_account_dim_data', 'scheduled__2024-11-14T00:00:00+00:00', '--job-id', '186', '--raw', '--subdir', 'DAGS_FOLDER/account_dim_gen.py', '--cfg-path', '/tmp/tmptw7hh8tc']
[2025-02-08T20:40:30.550+0000] {standard_task_runner.py:105} INFO - Job 186: Subtask generate_account_dim_data
[2025-02-08T20:40:30.624+0000] {task_command.py:467} INFO - Running <TaskInstance: account_dim_gen.generate_account_dim_data scheduled__2024-11-14T00:00:00+00:00 [running]> on host 7e959c1a2a8b
[2025-02-08T20:40:30.776+0000] {taskinstance.py:3131} INFO - Exporting env vars: AIRFLOW_CTX_DAG_OWNER='Saleh' AIRFLOW_CTX_DAG_ID='account_dim_gen' AIRFLOW_CTX_TASK_ID='generate_account_dim_data' AIRFLOW_CTX_EXECUTION_DATE='2024-11-14T00:00:00+00:00' AIRFLOW_CTX_TRY_NUMBER='1' AIRFLOW_CTX_DAG_RUN_ID='scheduled__2024-11-14T00:00:00+00:00'
[2025-02-08T20:40:30.777+0000] {taskinstance.py:731} INFO - ::endgroup::
[2025-02-08T20:40:30.800+0000] {logging_mixin.py:190} INFO - CSV file ./account_dim_large_data.csv with 50 row has been generated successfully!
[2025-02-08T20:40:30.801+0000] {python.py:240} INFO - Done. Returned value was: None
[2025-02-08T20:40:30.811+0000] {taskinstance.py:340} INFO - ::group::Post task execution logs
[2025-02-08T20:40:30.812+0000] {taskinstance.py:352} INFO - Marking task as SUCCESS. dag_id=account_dim_gen, task_id=generate_account_dim_data, run_id=scheduled__2024-11-14T00:00:00+00:00, execution_date=20241114T000000, start_date=20250208T204030, end_date=20250208T204030
[2025-02-08T20:40:30.891+0000] {local_task_job_runner.py:266} INFO - Task exited with return code 0
[2025-02-08T20:40:30.914+0000] {taskinstance.py:3900} INFO - 0 downstream tasks scheduled from follow-on schedule check
[2025-02-08T20:40:30.916+0000] {local_task_job_runner.py:245} INFO - ::endgroup::
