[2025-02-08T19:00:17.894+0000] {local_task_job_runner.py:123} INFO - ::group::Pre task execution logs
[2025-02-08T19:00:17.908+0000] {taskinstance.py:2612} INFO - Dependencies all met for dep_context=non-requeueable deps ti=<TaskInstance: account_dim_gen.generate_account_dim_data scheduled__2024-10-14T00:00:00+00:00 [queued]>
[2025-02-08T19:00:17.918+0000] {taskinstance.py:2612} INFO - Dependencies all met for dep_context=requeueable deps ti=<TaskInstance: account_dim_gen.generate_account_dim_data scheduled__2024-10-14T00:00:00+00:00 [queued]>
[2025-02-08T19:00:17.928+0000] {taskinstance.py:2865} INFO - Starting attempt 1 of 1
[2025-02-08T19:00:17.953+0000] {taskinstance.py:2888} INFO - Executing <Task(PythonOperator): generate_account_dim_data> on 2024-10-14 00:00:00+00:00
[2025-02-08T19:00:17.963+0000] {standard_task_runner.py:104} INFO - Running: ['***', 'tasks', 'run', 'account_dim_gen', 'generate_account_dim_data', 'scheduled__2024-10-14T00:00:00+00:00', '--job-id', '38', '--raw', '--subdir', 'DAGS_FOLDER/account_dim_gen.py', '--cfg-path', '/tmp/tmpdwgnx016']
[2025-02-08T19:00:17.965+0000] {standard_task_runner.py:105} INFO - Job 38: Subtask generate_account_dim_data
[2025-02-08T19:00:17.966+0000] {logging_mixin.py:190} WARNING - /home/***/.local/lib/python3.12/site-packages/***/task/task_runner/standard_task_runner.py:70 DeprecationWarning: This process (pid=613) is multi-threaded, use of fork() may lead to deadlocks in the child.
[2025-02-08T19:00:17.967+0000] {standard_task_runner.py:72} INFO - Started process 622 to run task
[2025-02-08T19:00:18.009+0000] {task_command.py:467} INFO - Running <TaskInstance: account_dim_gen.generate_account_dim_data scheduled__2024-10-14T00:00:00+00:00 [running]> on host 2c1cd59afcc0
[2025-02-08T19:00:18.096+0000] {taskinstance.py:3131} INFO - Exporting env vars: AIRFLOW_CTX_DAG_OWNER='Saleh' AIRFLOW_CTX_DAG_ID='account_dim_gen' AIRFLOW_CTX_TASK_ID='generate_account_dim_data' AIRFLOW_CTX_EXECUTION_DATE='2024-10-14T00:00:00+00:00' AIRFLOW_CTX_TRY_NUMBER='1' AIRFLOW_CTX_DAG_RUN_ID='scheduled__2024-10-14T00:00:00+00:00'
[2025-02-08T19:00:18.097+0000] {taskinstance.py:731} INFO - ::endgroup::
[2025-02-08T19:00:18.114+0000] {logging_mixin.py:190} INFO - CSV file ./account_dim_large_data.csv with 50 row has been generated successfully!
[2025-02-08T19:00:18.114+0000] {python.py:240} INFO - Done. Returned value was: None
[2025-02-08T19:00:18.122+0000] {taskinstance.py:340} INFO - ::group::Post task execution logs
[2025-02-08T19:00:18.122+0000] {taskinstance.py:352} INFO - Marking task as SUCCESS. dag_id=account_dim_gen, task_id=generate_account_dim_data, run_id=scheduled__2024-10-14T00:00:00+00:00, execution_date=20241014T000000, start_date=20250208T190017, end_date=20250208T190018
[2025-02-08T19:00:18.221+0000] {local_task_job_runner.py:266} INFO - Task exited with return code 0
[2025-02-08T19:00:18.237+0000] {taskinstance.py:3900} INFO - 0 downstream tasks scheduled from follow-on schedule check
[2025-02-08T19:00:18.295+0000] {local_task_job_runner.py:245} INFO - ::endgroup::
[2025-02-08T20:40:01.380+0000] {local_task_job_runner.py:123} INFO - ::group::Pre task execution logs
[2025-02-08T20:40:01.403+0000] {taskinstance.py:2612} INFO - Dependencies all met for dep_context=non-requeueable deps ti=<TaskInstance: account_dim_gen.generate_account_dim_data scheduled__2024-10-14T00:00:00+00:00 [queued]>
[2025-02-08T20:40:01.414+0000] {taskinstance.py:2612} INFO - Dependencies all met for dep_context=requeueable deps ti=<TaskInstance: account_dim_gen.generate_account_dim_data scheduled__2024-10-14T00:00:00+00:00 [queued]>
[2025-02-08T20:40:01.415+0000] {taskinstance.py:2865} INFO - Starting attempt 1 of 1
[2025-02-08T20:40:01.437+0000] {taskinstance.py:2888} INFO - Executing <Task(PythonOperator): generate_account_dim_data> on 2024-10-14 00:00:00+00:00
[2025-02-08T20:40:01.451+0000] {logging_mixin.py:190} WARNING - /home/***/.local/lib/python3.12/site-packages/***/task/task_runner/standard_task_runner.py:70 DeprecationWarning: This process (pid=944) is multi-threaded, use of fork() may lead to deadlocks in the child.
[2025-02-08T20:40:01.449+0000] {standard_task_runner.py:104} INFO - Running: ['***', 'tasks', 'run', 'account_dim_gen', 'generate_account_dim_data', 'scheduled__2024-10-14T00:00:00+00:00', '--job-id', '92', '--raw', '--subdir', 'DAGS_FOLDER/account_dim_gen.py', '--cfg-path', '/tmp/tmpz6dic423']
[2025-02-08T20:40:01.454+0000] {standard_task_runner.py:72} INFO - Started process 969 to run task
[2025-02-08T20:40:01.454+0000] {standard_task_runner.py:105} INFO - Job 92: Subtask generate_account_dim_data
[2025-02-08T20:40:01.517+0000] {task_command.py:467} INFO - Running <TaskInstance: account_dim_gen.generate_account_dim_data scheduled__2024-10-14T00:00:00+00:00 [running]> on host 7e959c1a2a8b
[2025-02-08T20:40:01.601+0000] {taskinstance.py:3131} INFO - Exporting env vars: AIRFLOW_CTX_DAG_OWNER='Saleh' AIRFLOW_CTX_DAG_ID='account_dim_gen' AIRFLOW_CTX_TASK_ID='generate_account_dim_data' AIRFLOW_CTX_EXECUTION_DATE='2024-10-14T00:00:00+00:00' AIRFLOW_CTX_TRY_NUMBER='1' AIRFLOW_CTX_DAG_RUN_ID='scheduled__2024-10-14T00:00:00+00:00'
[2025-02-08T20:40:01.603+0000] {taskinstance.py:731} INFO - ::endgroup::
[2025-02-08T20:40:01.623+0000] {logging_mixin.py:190} INFO - CSV file ./account_dim_large_data.csv with 50 row has been generated successfully!
[2025-02-08T20:40:01.623+0000] {python.py:240} INFO - Done. Returned value was: None
[2025-02-08T20:40:01.630+0000] {taskinstance.py:340} INFO - ::group::Post task execution logs
[2025-02-08T20:40:01.631+0000] {taskinstance.py:352} INFO - Marking task as SUCCESS. dag_id=account_dim_gen, task_id=generate_account_dim_data, run_id=scheduled__2024-10-14T00:00:00+00:00, execution_date=20241014T000000, start_date=20250208T204001, end_date=20250208T204001
[2025-02-08T20:40:01.670+0000] {local_task_job_runner.py:266} INFO - Task exited with return code 0
[2025-02-08T20:40:01.686+0000] {taskinstance.py:3900} INFO - 0 downstream tasks scheduled from follow-on schedule check
[2025-02-08T20:40:01.688+0000] {local_task_job_runner.py:245} INFO - ::endgroup::
