[2025-02-08T19:00:45.208+0000] {local_task_job_runner.py:123} INFO - ::group::Pre task execution logs
[2025-02-08T19:00:45.229+0000] {taskinstance.py:2612} INFO - Dependencies all met for dep_context=non-requeueable deps ti=<TaskInstance: account_dim_gen.generate_account_dim_data scheduled__2024-12-05T00:00:00+00:00 [queued]>
[2025-02-08T19:00:45.238+0000] {taskinstance.py:2612} INFO - Dependencies all met for dep_context=requeueable deps ti=<TaskInstance: account_dim_gen.generate_account_dim_data scheduled__2024-12-05T00:00:00+00:00 [queued]>
[2025-02-08T19:00:45.239+0000] {taskinstance.py:2865} INFO - Starting attempt 1 of 1
[2025-02-08T19:00:45.281+0000] {taskinstance.py:2888} INFO - Executing <Task(PythonOperator): generate_account_dim_data> on 2024-12-05 00:00:00+00:00
[2025-02-08T19:00:45.290+0000] {logging_mixin.py:190} WARNING - /home/***/.local/lib/python3.12/site-packages/***/task/task_runner/standard_task_runner.py:70 DeprecationWarning: This process (pid=829) is multi-threaded, use of fork() may lead to deadlocks in the child.
[2025-02-08T19:00:45.291+0000] {standard_task_runner.py:72} INFO - Started process 849 to run task
[2025-02-08T19:00:45.290+0000] {standard_task_runner.py:104} INFO - Running: ['***', 'tasks', 'run', 'account_dim_gen', 'generate_account_dim_data', 'scheduled__2024-12-05T00:00:00+00:00', '--job-id', '90', '--raw', '--subdir', 'DAGS_FOLDER/account_dim_gen.py', '--cfg-path', '/tmp/tmpfzwra6pq']
[2025-02-08T19:00:45.292+0000] {standard_task_runner.py:105} INFO - Job 90: Subtask generate_account_dim_data
[2025-02-08T19:00:45.333+0000] {task_command.py:467} INFO - Running <TaskInstance: account_dim_gen.generate_account_dim_data scheduled__2024-12-05T00:00:00+00:00 [running]> on host 2c1cd59afcc0
[2025-02-08T19:00:45.412+0000] {taskinstance.py:3131} INFO - Exporting env vars: AIRFLOW_CTX_DAG_OWNER='Saleh' AIRFLOW_CTX_DAG_ID='account_dim_gen' AIRFLOW_CTX_TASK_ID='generate_account_dim_data' AIRFLOW_CTX_EXECUTION_DATE='2024-12-05T00:00:00+00:00' AIRFLOW_CTX_TRY_NUMBER='1' AIRFLOW_CTX_DAG_RUN_ID='scheduled__2024-12-05T00:00:00+00:00'
[2025-02-08T19:00:45.413+0000] {taskinstance.py:731} INFO - ::endgroup::
[2025-02-08T19:00:45.431+0000] {logging_mixin.py:190} INFO - CSV file ./account_dim_large_data.csv with 50 row has been generated successfully!
[2025-02-08T19:00:45.432+0000] {python.py:240} INFO - Done. Returned value was: None
[2025-02-08T19:00:45.440+0000] {taskinstance.py:340} INFO - ::group::Post task execution logs
[2025-02-08T19:00:45.440+0000] {taskinstance.py:352} INFO - Marking task as SUCCESS. dag_id=account_dim_gen, task_id=generate_account_dim_data, run_id=scheduled__2024-12-05T00:00:00+00:00, execution_date=20241205T000000, start_date=20250208T190045, end_date=20250208T190045
[2025-02-08T19:00:45.466+0000] {local_task_job_runner.py:266} INFO - Task exited with return code 0
[2025-02-08T19:00:45.474+0000] {local_task_job_runner.py:245} INFO - ::endgroup::
[2025-02-08T20:40:48.035+0000] {local_task_job_runner.py:123} INFO - ::group::Pre task execution logs
[2025-02-08T20:40:48.055+0000] {taskinstance.py:2612} INFO - Dependencies all met for dep_context=non-requeueable deps ti=<TaskInstance: account_dim_gen.generate_account_dim_data scheduled__2024-12-05T00:00:00+00:00 [queued]>
[2025-02-08T20:40:48.067+0000] {taskinstance.py:2612} INFO - Dependencies all met for dep_context=requeueable deps ti=<TaskInstance: account_dim_gen.generate_account_dim_data scheduled__2024-12-05T00:00:00+00:00 [queued]>
[2025-02-08T20:40:48.068+0000] {taskinstance.py:2865} INFO - Starting attempt 1 of 1
[2025-02-08T20:40:48.268+0000] {taskinstance.py:2888} INFO - Executing <Task(PythonOperator): generate_account_dim_data> on 2024-12-05 00:00:00+00:00
[2025-02-08T20:40:48.281+0000] {logging_mixin.py:190} WARNING - /home/***/.local/lib/python3.12/site-packages/***/task/task_runner/standard_task_runner.py:70 DeprecationWarning: This process (pid=1635) is multi-threaded, use of fork() may lead to deadlocks in the child.
[2025-02-08T20:40:48.282+0000] {standard_task_runner.py:72} INFO - Started process 1666 to run task
[2025-02-08T20:40:48.286+0000] {standard_task_runner.py:104} INFO - Running: ['***', 'tasks', 'run', 'account_dim_gen', 'generate_account_dim_data', 'scheduled__2024-12-05T00:00:00+00:00', '--job-id', '249', '--raw', '--subdir', 'DAGS_FOLDER/account_dim_gen.py', '--cfg-path', '/tmp/tmpszwrk6b1']
[2025-02-08T20:40:48.291+0000] {standard_task_runner.py:105} INFO - Job 249: Subtask generate_account_dim_data
[2025-02-08T20:40:48.363+0000] {task_command.py:467} INFO - Running <TaskInstance: account_dim_gen.generate_account_dim_data scheduled__2024-12-05T00:00:00+00:00 [running]> on host 7e959c1a2a8b
[2025-02-08T20:40:48.519+0000] {taskinstance.py:3131} INFO - Exporting env vars: AIRFLOW_CTX_DAG_OWNER='Saleh' AIRFLOW_CTX_DAG_ID='account_dim_gen' AIRFLOW_CTX_TASK_ID='generate_account_dim_data' AIRFLOW_CTX_EXECUTION_DATE='2024-12-05T00:00:00+00:00' AIRFLOW_CTX_TRY_NUMBER='1' AIRFLOW_CTX_DAG_RUN_ID='scheduled__2024-12-05T00:00:00+00:00'
[2025-02-08T20:40:48.522+0000] {taskinstance.py:731} INFO - ::endgroup::
[2025-02-08T20:40:48.566+0000] {logging_mixin.py:190} INFO - CSV file ./account_dim_large_data.csv with 50 row has been generated successfully!
[2025-02-08T20:40:48.566+0000] {python.py:240} INFO - Done. Returned value was: None
[2025-02-08T20:40:48.584+0000] {taskinstance.py:340} INFO - ::group::Post task execution logs
[2025-02-08T20:40:48.584+0000] {taskinstance.py:352} INFO - Marking task as SUCCESS. dag_id=account_dim_gen, task_id=generate_account_dim_data, run_id=scheduled__2024-12-05T00:00:00+00:00, execution_date=20241205T000000, start_date=20250208T204048, end_date=20250208T204048
[2025-02-08T20:40:48.668+0000] {local_task_job_runner.py:266} INFO - Task exited with return code 0
[2025-02-08T20:40:48.705+0000] {taskinstance.py:3900} INFO - 0 downstream tasks scheduled from follow-on schedule check
[2025-02-08T20:40:48.707+0000] {local_task_job_runner.py:245} INFO - ::endgroup::
