[2025-02-08T19:00:12.586+0000] {local_task_job_runner.py:123} INFO - ::group::Pre task execution logs
[2025-02-08T19:00:12.598+0000] {taskinstance.py:2612} INFO - Dependencies all met for dep_context=non-requeueable deps ti=<TaskInstance: account_dim_gen.generate_account_dim_data scheduled__2024-10-11T00:00:00+00:00 [queued]>
[2025-02-08T19:00:12.607+0000] {taskinstance.py:2612} INFO - Dependencies all met for dep_context=requeueable deps ti=<TaskInstance: account_dim_gen.generate_account_dim_data scheduled__2024-10-11T00:00:00+00:00 [queued]>
[2025-02-08T19:00:12.607+0000] {taskinstance.py:2865} INFO - Starting attempt 1 of 1
[2025-02-08T19:00:12.619+0000] {taskinstance.py:2888} INFO - Executing <Task(PythonOperator): generate_account_dim_data> on 2024-10-11 00:00:00+00:00
[2025-02-08T19:00:12.628+0000] {standard_task_runner.py:104} INFO - Running: ['***', 'tasks', 'run', 'account_dim_gen', 'generate_account_dim_data', 'scheduled__2024-10-11T00:00:00+00:00', '--job-id', '35', '--raw', '--subdir', 'DAGS_FOLDER/account_dim_gen.py', '--cfg-path', '/tmp/tmphl3jyldg']
[2025-02-08T19:00:12.630+0000] {standard_task_runner.py:105} INFO - Job 35: Subtask generate_account_dim_data
[2025-02-08T19:00:12.632+0000] {logging_mixin.py:190} WARNING - /home/***/.local/lib/python3.12/site-packages/***/task/task_runner/standard_task_runner.py:70 DeprecationWarning: This process (pid=591) is multi-threaded, use of fork() may lead to deadlocks in the child.
[2025-02-08T19:00:12.632+0000] {standard_task_runner.py:72} INFO - Started process 601 to run task
[2025-02-08T19:00:12.668+0000] {task_command.py:467} INFO - Running <TaskInstance: account_dim_gen.generate_account_dim_data scheduled__2024-10-11T00:00:00+00:00 [running]> on host 2c1cd59afcc0
[2025-02-08T19:00:12.736+0000] {taskinstance.py:3131} INFO - Exporting env vars: AIRFLOW_CTX_DAG_OWNER='Saleh' AIRFLOW_CTX_DAG_ID='account_dim_gen' AIRFLOW_CTX_TASK_ID='generate_account_dim_data' AIRFLOW_CTX_EXECUTION_DATE='2024-10-11T00:00:00+00:00' AIRFLOW_CTX_TRY_NUMBER='1' AIRFLOW_CTX_DAG_RUN_ID='scheduled__2024-10-11T00:00:00+00:00'
[2025-02-08T19:00:12.737+0000] {taskinstance.py:731} INFO - ::endgroup::
[2025-02-08T19:00:12.752+0000] {logging_mixin.py:190} INFO - CSV file ./account_dim_large_data.csv with 50 row has been generated successfully!
[2025-02-08T19:00:12.753+0000] {python.py:240} INFO - Done. Returned value was: None
[2025-02-08T19:00:12.759+0000] {taskinstance.py:340} INFO - ::group::Post task execution logs
[2025-02-08T19:00:12.760+0000] {taskinstance.py:352} INFO - Marking task as SUCCESS. dag_id=account_dim_gen, task_id=generate_account_dim_data, run_id=scheduled__2024-10-11T00:00:00+00:00, execution_date=20241011T000000, start_date=20250208T190012, end_date=20250208T190012
[2025-02-08T19:00:12.806+0000] {local_task_job_runner.py:266} INFO - Task exited with return code 0
[2025-02-08T19:00:12.820+0000] {taskinstance.py:3900} INFO - 0 downstream tasks scheduled from follow-on schedule check
[2025-02-08T19:00:12.823+0000] {local_task_job_runner.py:245} INFO - ::endgroup::
[2025-02-08T20:39:59.955+0000] {local_task_job_runner.py:123} INFO - ::group::Pre task execution logs
[2025-02-08T20:39:59.979+0000] {taskinstance.py:2612} INFO - Dependencies all met for dep_context=non-requeueable deps ti=<TaskInstance: account_dim_gen.generate_account_dim_data scheduled__2024-10-11T00:00:00+00:00 [queued]>
[2025-02-08T20:39:59.992+0000] {taskinstance.py:2612} INFO - Dependencies all met for dep_context=requeueable deps ti=<TaskInstance: account_dim_gen.generate_account_dim_data scheduled__2024-10-11T00:00:00+00:00 [queued]>
[2025-02-08T20:39:59.992+0000] {taskinstance.py:2865} INFO - Starting attempt 1 of 1
[2025-02-08T20:40:00.028+0000] {taskinstance.py:2888} INFO - Executing <Task(PythonOperator): generate_account_dim_data> on 2024-10-11 00:00:00+00:00
[2025-02-08T20:40:00.049+0000] {logging_mixin.py:190} WARNING - /home/***/.local/lib/python3.12/site-packages/***/task/task_runner/standard_task_runner.py:70 DeprecationWarning: This process (pid=907) is multi-threaded, use of fork() may lead to deadlocks in the child.
[2025-02-08T20:40:00.056+0000] {standard_task_runner.py:72} INFO - Started process 934 to run task
[2025-02-08T20:40:00.058+0000] {standard_task_runner.py:104} INFO - Running: ['***', 'tasks', 'run', 'account_dim_gen', 'generate_account_dim_data', 'scheduled__2024-10-11T00:00:00+00:00', '--job-id', '82', '--raw', '--subdir', 'DAGS_FOLDER/account_dim_gen.py', '--cfg-path', '/tmp/tmpzvc5uk0n']
[2025-02-08T20:40:00.062+0000] {standard_task_runner.py:105} INFO - Job 82: Subtask generate_account_dim_data
[2025-02-08T20:40:00.138+0000] {task_command.py:467} INFO - Running <TaskInstance: account_dim_gen.generate_account_dim_data scheduled__2024-10-11T00:00:00+00:00 [running]> on host 7e959c1a2a8b
[2025-02-08T20:40:00.250+0000] {taskinstance.py:3131} INFO - Exporting env vars: AIRFLOW_CTX_DAG_OWNER='Saleh' AIRFLOW_CTX_DAG_ID='account_dim_gen' AIRFLOW_CTX_TASK_ID='generate_account_dim_data' AIRFLOW_CTX_EXECUTION_DATE='2024-10-11T00:00:00+00:00' AIRFLOW_CTX_TRY_NUMBER='1' AIRFLOW_CTX_DAG_RUN_ID='scheduled__2024-10-11T00:00:00+00:00'
[2025-02-08T20:40:00.253+0000] {taskinstance.py:731} INFO - ::endgroup::
[2025-02-08T20:40:00.283+0000] {logging_mixin.py:190} INFO - CSV file ./account_dim_large_data.csv with 50 row has been generated successfully!
[2025-02-08T20:40:00.284+0000] {python.py:240} INFO - Done. Returned value was: None
[2025-02-08T20:40:00.296+0000] {taskinstance.py:340} INFO - ::group::Post task execution logs
[2025-02-08T20:40:00.298+0000] {taskinstance.py:352} INFO - Marking task as SUCCESS. dag_id=account_dim_gen, task_id=generate_account_dim_data, run_id=scheduled__2024-10-11T00:00:00+00:00, execution_date=20241011T000000, start_date=20250208T203959, end_date=20250208T204000
[2025-02-08T20:40:00.326+0000] {local_task_job_runner.py:266} INFO - Task exited with return code 0
[2025-02-08T20:40:00.351+0000] {local_task_job_runner.py:245} INFO - ::endgroup::
