[2025-02-08T19:03:01.363+0000] {local_task_job_runner.py:123} INFO - ::group::Pre task execution logs
[2025-02-08T19:03:01.400+0000] {taskinstance.py:2612} INFO - Dependencies all met for dep_context=non-requeueable deps ti=<TaskInstance: customer_dim_generator.generate_customer_dim_data scheduled__2024-12-29T00:00:00+00:00 [queued]>
[2025-02-08T19:03:01.411+0000] {taskinstance.py:2612} INFO - Dependencies all met for dep_context=requeueable deps ti=<TaskInstance: customer_dim_generator.generate_customer_dim_data scheduled__2024-12-29T00:00:00+00:00 [queued]>
[2025-02-08T19:03:01.413+0000] {taskinstance.py:2865} INFO - Starting attempt 1 of 1
[2025-02-08T19:03:01.628+0000] {taskinstance.py:2888} INFO - Executing <Task(PythonOperator): generate_customer_dim_data> on 2024-12-29 00:00:00+00:00
[2025-02-08T19:03:01.642+0000] {logging_mixin.py:190} WARNING - /home/***/.local/lib/python3.12/site-packages/***/task/task_runner/standard_task_runner.py:70 DeprecationWarning: This process (pid=1855) is multi-threaded, use of fork() may lead to deadlocks in the child.
[2025-02-08T19:03:01.643+0000] {standard_task_runner.py:72} INFO - Started process 1889 to run task
[2025-02-08T19:03:01.643+0000] {standard_task_runner.py:104} INFO - Running: ['***', 'tasks', 'run', 'customer_dim_generator', 'generate_customer_dim_data', 'scheduled__2024-12-29T00:00:00+00:00', '--job-id', '323', '--raw', '--subdir', 'DAGS_FOLDER/customer_dim_gen.py', '--cfg-path', '/tmp/tmpghb5d_8x']
[2025-02-08T19:03:01.645+0000] {standard_task_runner.py:105} INFO - Job 323: Subtask generate_customer_dim_data
[2025-02-08T19:03:01.702+0000] {task_command.py:467} INFO - Running <TaskInstance: customer_dim_generator.generate_customer_dim_data scheduled__2024-12-29T00:00:00+00:00 [running]> on host 2c1cd59afcc0
[2025-02-08T19:03:01.808+0000] {taskinstance.py:3131} INFO - Exporting env vars: AIRFLOW_CTX_DAG_OWNER='Saleh' AIRFLOW_CTX_DAG_ID='customer_dim_generator' AIRFLOW_CTX_TASK_ID='generate_customer_dim_data' AIRFLOW_CTX_EXECUTION_DATE='2024-12-29T00:00:00+00:00' AIRFLOW_CTX_TRY_NUMBER='1' AIRFLOW_CTX_DAG_RUN_ID='scheduled__2024-12-29T00:00:00+00:00'
[2025-02-08T19:03:01.810+0000] {taskinstance.py:731} INFO - ::endgroup::
[2025-02-08T19:03:01.835+0000] {logging_mixin.py:190} INFO - CSV file './customer_dim_large_data.csv' with 100 rows has been generated successfully.
[2025-02-08T19:03:01.836+0000] {python.py:240} INFO - Done. Returned value was: None
[2025-02-08T19:03:01.849+0000] {taskinstance.py:340} INFO - ::group::Post task execution logs
[2025-02-08T19:03:01.849+0000] {taskinstance.py:352} INFO - Marking task as SUCCESS. dag_id=customer_dim_generator, task_id=generate_customer_dim_data, run_id=scheduled__2024-12-29T00:00:00+00:00, execution_date=20241229T000000, start_date=20250208T190301, end_date=20250208T190301
[2025-02-08T19:03:01.899+0000] {local_task_job_runner.py:266} INFO - Task exited with return code 0
[2025-02-08T19:03:01.908+0000] {local_task_job_runner.py:245} INFO - ::endgroup::
[2025-02-08T20:40:48.070+0000] {local_task_job_runner.py:123} INFO - ::group::Pre task execution logs
[2025-02-08T20:40:48.087+0000] {taskinstance.py:2612} INFO - Dependencies all met for dep_context=non-requeueable deps ti=<TaskInstance: customer_dim_generator.generate_customer_dim_data scheduled__2024-12-29T00:00:00+00:00 [queued]>
[2025-02-08T20:40:48.097+0000] {taskinstance.py:2612} INFO - Dependencies all met for dep_context=requeueable deps ti=<TaskInstance: customer_dim_generator.generate_customer_dim_data scheduled__2024-12-29T00:00:00+00:00 [queued]>
[2025-02-08T20:40:48.098+0000] {taskinstance.py:2865} INFO - Starting attempt 1 of 1
[2025-02-08T20:40:48.260+0000] {taskinstance.py:2888} INFO - Executing <Task(PythonOperator): generate_customer_dim_data> on 2024-12-29 00:00:00+00:00
[2025-02-08T20:40:48.273+0000] {logging_mixin.py:190} WARNING - /home/***/.local/lib/python3.12/site-packages/***/task/task_runner/standard_task_runner.py:70 DeprecationWarning: This process (pid=1636) is multi-threaded, use of fork() may lead to deadlocks in the child.
[2025-02-08T20:40:48.278+0000] {standard_task_runner.py:72} INFO - Started process 1665 to run task
[2025-02-08T20:40:48.276+0000] {standard_task_runner.py:104} INFO - Running: ['***', 'tasks', 'run', 'customer_dim_generator', 'generate_customer_dim_data', 'scheduled__2024-12-29T00:00:00+00:00', '--job-id', '250', '--raw', '--subdir', 'DAGS_FOLDER/customer_dim_gen.py', '--cfg-path', '/tmp/tmpccr6sqvx']
[2025-02-08T20:40:48.280+0000] {standard_task_runner.py:105} INFO - Job 250: Subtask generate_customer_dim_data
[2025-02-08T20:40:48.389+0000] {task_command.py:467} INFO - Running <TaskInstance: customer_dim_generator.generate_customer_dim_data scheduled__2024-12-29T00:00:00+00:00 [running]> on host 7e959c1a2a8b
[2025-02-08T20:40:48.617+0000] {taskinstance.py:3131} INFO - Exporting env vars: AIRFLOW_CTX_DAG_OWNER='Saleh' AIRFLOW_CTX_DAG_ID='customer_dim_generator' AIRFLOW_CTX_TASK_ID='generate_customer_dim_data' AIRFLOW_CTX_EXECUTION_DATE='2024-12-29T00:00:00+00:00' AIRFLOW_CTX_TRY_NUMBER='1' AIRFLOW_CTX_DAG_RUN_ID='scheduled__2024-12-29T00:00:00+00:00'
[2025-02-08T20:40:48.620+0000] {taskinstance.py:731} INFO - ::endgroup::
[2025-02-08T20:40:48.654+0000] {logging_mixin.py:190} INFO - CSV file './customer_dim_large_data.csv' with 100 rows has been generated successfully.
[2025-02-08T20:40:48.655+0000] {python.py:240} INFO - Done. Returned value was: None
[2025-02-08T20:40:48.663+0000] {taskinstance.py:340} INFO - ::group::Post task execution logs
[2025-02-08T20:40:48.664+0000] {taskinstance.py:352} INFO - Marking task as SUCCESS. dag_id=customer_dim_generator, task_id=generate_customer_dim_data, run_id=scheduled__2024-12-29T00:00:00+00:00, execution_date=20241229T000000, start_date=20250208T204048, end_date=20250208T204048
[2025-02-08T20:40:48.716+0000] {local_task_job_runner.py:266} INFO - Task exited with return code 0
[2025-02-08T20:40:48.734+0000] {taskinstance.py:3900} INFO - 0 downstream tasks scheduled from follow-on schedule check
[2025-02-08T20:40:48.737+0000] {local_task_job_runner.py:245} INFO - ::endgroup::
[2025-02-08T20:43:31.943+0000] {local_task_job_runner.py:123} INFO - ::group::Pre task execution logs
[2025-02-08T20:43:31.959+0000] {taskinstance.py:2612} INFO - Dependencies all met for dep_context=non-requeueable deps ti=<TaskInstance: customer_dim_generator.generate_customer_dim_data scheduled__2024-12-29T00:00:00+00:00 [queued]>
[2025-02-08T20:43:31.967+0000] {taskinstance.py:2612} INFO - Dependencies all met for dep_context=requeueable deps ti=<TaskInstance: customer_dim_generator.generate_customer_dim_data scheduled__2024-12-29T00:00:00+00:00 [queued]>
[2025-02-08T20:43:31.968+0000] {taskinstance.py:2865} INFO - Starting attempt 1 of 1
[2025-02-08T20:43:32.043+0000] {taskinstance.py:2888} INFO - Executing <Task(PythonOperator): generate_customer_dim_data> on 2024-12-29 00:00:00+00:00
[2025-02-08T20:43:32.053+0000] {logging_mixin.py:190} WARNING - /home/***/.local/lib/python3.12/site-packages/***/task/task_runner/standard_task_runner.py:70 DeprecationWarning: This process (pid=754) is multi-threaded, use of fork() may lead to deadlocks in the child.
[2025-02-08T20:43:32.054+0000] {standard_task_runner.py:72} INFO - Started process 770 to run task
[2025-02-08T20:43:32.056+0000] {standard_task_runner.py:104} INFO - Running: ['***', 'tasks', 'run', 'customer_dim_generator', 'generate_customer_dim_data', 'scheduled__2024-12-29T00:00:00+00:00', '--job-id', '488', '--raw', '--subdir', 'DAGS_FOLDER/customer_dim_gen.py', '--cfg-path', '/tmp/tmp355u0_lr']
[2025-02-08T20:43:32.059+0000] {standard_task_runner.py:105} INFO - Job 488: Subtask generate_customer_dim_data
[2025-02-08T20:43:32.102+0000] {task_command.py:467} INFO - Running <TaskInstance: customer_dim_generator.generate_customer_dim_data scheduled__2024-12-29T00:00:00+00:00 [running]> on host 86932746817d
[2025-02-08T20:43:32.192+0000] {taskinstance.py:3131} INFO - Exporting env vars: AIRFLOW_CTX_DAG_OWNER='Saleh' AIRFLOW_CTX_DAG_ID='customer_dim_generator' AIRFLOW_CTX_TASK_ID='generate_customer_dim_data' AIRFLOW_CTX_EXECUTION_DATE='2024-12-29T00:00:00+00:00' AIRFLOW_CTX_TRY_NUMBER='1' AIRFLOW_CTX_DAG_RUN_ID='scheduled__2024-12-29T00:00:00+00:00'
[2025-02-08T20:43:32.193+0000] {taskinstance.py:731} INFO - ::endgroup::
[2025-02-08T20:43:32.215+0000] {logging_mixin.py:190} INFO - CSV file './customer_dim_large_data.csv' with 100 rows has been generated successfully.
[2025-02-08T20:43:32.216+0000] {python.py:240} INFO - Done. Returned value was: None
[2025-02-08T20:43:32.225+0000] {taskinstance.py:340} INFO - ::group::Post task execution logs
[2025-02-08T20:43:32.226+0000] {taskinstance.py:352} INFO - Marking task as SUCCESS. dag_id=customer_dim_generator, task_id=generate_customer_dim_data, run_id=scheduled__2024-12-29T00:00:00+00:00, execution_date=20241229T000000, start_date=20250208T204331, end_date=20250208T204332
[2025-02-08T20:43:32.269+0000] {local_task_job_runner.py:266} INFO - Task exited with return code 0
[2025-02-08T20:43:32.280+0000] {local_task_job_runner.py:245} INFO - ::endgroup::
