[2025-02-08T19:00:31.056+0000] {local_task_job_runner.py:123} INFO - ::group::Pre task execution logs
[2025-02-08T19:00:31.072+0000] {taskinstance.py:2612} INFO - Dependencies all met for dep_context=non-requeueable deps ti=<TaskInstance: account_dim_gen.generate_account_dim_data scheduled__2024-11-06T00:00:00+00:00 [queued]>
[2025-02-08T19:00:31.081+0000] {taskinstance.py:2612} INFO - Dependencies all met for dep_context=requeueable deps ti=<TaskInstance: account_dim_gen.generate_account_dim_data scheduled__2024-11-06T00:00:00+00:00 [queued]>
[2025-02-08T19:00:31.082+0000] {taskinstance.py:2865} INFO - Starting attempt 1 of 1
[2025-02-08T19:00:31.095+0000] {taskinstance.py:2888} INFO - Executing <Task(PythonOperator): generate_account_dim_data> on 2024-11-06 00:00:00+00:00
[2025-02-08T19:00:31.104+0000] {logging_mixin.py:190} WARNING - /home/***/.local/lib/python3.12/site-packages/***/task/task_runner/standard_task_runner.py:70 DeprecationWarning: This process (pid=709) is multi-threaded, use of fork() may lead to deadlocks in the child.
[2025-02-08T19:00:31.105+0000] {standard_task_runner.py:72} INFO - Started process 723 to run task
[2025-02-08T19:00:31.104+0000] {standard_task_runner.py:104} INFO - Running: ['***', 'tasks', 'run', 'account_dim_gen', 'generate_account_dim_data', 'scheduled__2024-11-06T00:00:00+00:00', '--job-id', '61', '--raw', '--subdir', 'DAGS_FOLDER/account_dim_gen.py', '--cfg-path', '/tmp/tmpr4w76inb']
[2025-02-08T19:00:31.106+0000] {standard_task_runner.py:105} INFO - Job 61: Subtask generate_account_dim_data
[2025-02-08T19:00:31.150+0000] {task_command.py:467} INFO - Running <TaskInstance: account_dim_gen.generate_account_dim_data scheduled__2024-11-06T00:00:00+00:00 [running]> on host 2c1cd59afcc0
[2025-02-08T19:00:31.232+0000] {taskinstance.py:3131} INFO - Exporting env vars: AIRFLOW_CTX_DAG_OWNER='Saleh' AIRFLOW_CTX_DAG_ID='account_dim_gen' AIRFLOW_CTX_TASK_ID='generate_account_dim_data' AIRFLOW_CTX_EXECUTION_DATE='2024-11-06T00:00:00+00:00' AIRFLOW_CTX_TRY_NUMBER='1' AIRFLOW_CTX_DAG_RUN_ID='scheduled__2024-11-06T00:00:00+00:00'
[2025-02-08T19:00:31.233+0000] {taskinstance.py:731} INFO - ::endgroup::
[2025-02-08T19:00:31.253+0000] {logging_mixin.py:190} INFO - CSV file ./account_dim_large_data.csv with 50 row has been generated successfully!
[2025-02-08T19:00:31.254+0000] {python.py:240} INFO - Done. Returned value was: None
[2025-02-08T19:00:31.269+0000] {taskinstance.py:340} INFO - ::group::Post task execution logs
[2025-02-08T19:00:31.270+0000] {taskinstance.py:352} INFO - Marking task as SUCCESS. dag_id=account_dim_gen, task_id=generate_account_dim_data, run_id=scheduled__2024-11-06T00:00:00+00:00, execution_date=20241106T000000, start_date=20250208T190031, end_date=20250208T190031
[2025-02-08T19:00:31.400+0000] {local_task_job_runner.py:266} INFO - Task exited with return code 0
[2025-02-08T19:00:31.419+0000] {taskinstance.py:3900} INFO - 0 downstream tasks scheduled from follow-on schedule check
[2025-02-08T19:00:31.421+0000] {local_task_job_runner.py:245} INFO - ::endgroup::
[2025-02-08T20:40:23.352+0000] {local_task_job_runner.py:123} INFO - ::group::Pre task execution logs
[2025-02-08T20:40:23.374+0000] {taskinstance.py:2612} INFO - Dependencies all met for dep_context=non-requeueable deps ti=<TaskInstance: account_dim_gen.generate_account_dim_data scheduled__2024-11-06T00:00:00+00:00 [queued]>
[2025-02-08T20:40:23.386+0000] {taskinstance.py:2612} INFO - Dependencies all met for dep_context=requeueable deps ti=<TaskInstance: account_dim_gen.generate_account_dim_data scheduled__2024-11-06T00:00:00+00:00 [queued]>
[2025-02-08T20:40:23.387+0000] {taskinstance.py:2865} INFO - Starting attempt 1 of 1
[2025-02-08T20:40:23.406+0000] {taskinstance.py:2888} INFO - Executing <Task(PythonOperator): generate_account_dim_data> on 2024-11-06 00:00:00+00:00
[2025-02-08T20:40:23.423+0000] {logging_mixin.py:190} WARNING - /home/***/.local/lib/python3.12/site-packages/***/task/task_runner/standard_task_runner.py:70 DeprecationWarning: This process (pid=1244) is multi-threaded, use of fork() may lead to deadlocks in the child.
[2025-02-08T20:40:23.426+0000] {standard_task_runner.py:72} INFO - Started process 1276 to run task
[2025-02-08T20:40:23.433+0000] {standard_task_runner.py:104} INFO - Running: ['***', 'tasks', 'run', 'account_dim_gen', 'generate_account_dim_data', 'scheduled__2024-11-06T00:00:00+00:00', '--job-id', '161', '--raw', '--subdir', 'DAGS_FOLDER/account_dim_gen.py', '--cfg-path', '/tmp/tmpe7h3kgnq']
[2025-02-08T20:40:23.441+0000] {standard_task_runner.py:105} INFO - Job 161: Subtask generate_account_dim_data
[2025-02-08T20:40:23.515+0000] {task_command.py:467} INFO - Running <TaskInstance: account_dim_gen.generate_account_dim_data scheduled__2024-11-06T00:00:00+00:00 [running]> on host 7e959c1a2a8b
[2025-02-08T20:40:23.639+0000] {taskinstance.py:3131} INFO - Exporting env vars: AIRFLOW_CTX_DAG_OWNER='Saleh' AIRFLOW_CTX_DAG_ID='account_dim_gen' AIRFLOW_CTX_TASK_ID='generate_account_dim_data' AIRFLOW_CTX_EXECUTION_DATE='2024-11-06T00:00:00+00:00' AIRFLOW_CTX_TRY_NUMBER='1' AIRFLOW_CTX_DAG_RUN_ID='scheduled__2024-11-06T00:00:00+00:00'
[2025-02-08T20:40:23.644+0000] {taskinstance.py:731} INFO - ::endgroup::
[2025-02-08T20:40:23.668+0000] {logging_mixin.py:190} INFO - CSV file ./account_dim_large_data.csv with 50 row has been generated successfully!
[2025-02-08T20:40:23.669+0000] {python.py:240} INFO - Done. Returned value was: None
[2025-02-08T20:40:23.689+0000] {taskinstance.py:340} INFO - ::group::Post task execution logs
[2025-02-08T20:40:23.690+0000] {taskinstance.py:352} INFO - Marking task as SUCCESS. dag_id=account_dim_gen, task_id=generate_account_dim_data, run_id=scheduled__2024-11-06T00:00:00+00:00, execution_date=20241106T000000, start_date=20250208T204023, end_date=20250208T204023
[2025-02-08T20:40:23.734+0000] {local_task_job_runner.py:266} INFO - Task exited with return code 0
[2025-02-08T20:40:23.765+0000] {local_task_job_runner.py:245} INFO - ::endgroup::
