[2025-02-08T19:01:18.946+0000] {local_task_job_runner.py:123} INFO - ::group::Pre task execution logs
[2025-02-08T19:01:18.961+0000] {taskinstance.py:2612} INFO - Dependencies all met for dep_context=non-requeueable deps ti=<TaskInstance: account_dim_gen.generate_account_dim_data scheduled__2025-02-01T00:00:00+00:00 [queued]>
[2025-02-08T19:01:18.971+0000] {taskinstance.py:2612} INFO - Dependencies all met for dep_context=requeueable deps ti=<TaskInstance: account_dim_gen.generate_account_dim_data scheduled__2025-02-01T00:00:00+00:00 [queued]>
[2025-02-08T19:01:18.971+0000] {taskinstance.py:2865} INFO - Starting attempt 1 of 1
[2025-02-08T19:01:19.041+0000] {taskinstance.py:2888} INFO - Executing <Task(PythonOperator): generate_account_dim_data> on 2025-02-01 00:00:00+00:00
[2025-02-08T19:01:19.051+0000] {logging_mixin.py:190} WARNING - /home/***/.local/lib/python3.12/site-packages/***/task/task_runner/standard_task_runner.py:70 DeprecationWarning: This process (pid=1095) is multi-threaded, use of fork() may lead to deadlocks in the child.
[2025-02-08T19:01:19.053+0000] {standard_task_runner.py:72} INFO - Started process 1113 to run task
[2025-02-08T19:01:19.053+0000] {standard_task_runner.py:104} INFO - Running: ['***', 'tasks', 'run', 'account_dim_gen', 'generate_account_dim_data', 'scheduled__2025-02-01T00:00:00+00:00', '--job-id', '148', '--raw', '--subdir', 'DAGS_FOLDER/account_dim_gen.py', '--cfg-path', '/tmp/tmpgkhf9xbc']
[2025-02-08T19:01:19.055+0000] {standard_task_runner.py:105} INFO - Job 148: Subtask generate_account_dim_data
[2025-02-08T19:01:19.107+0000] {task_command.py:467} INFO - Running <TaskInstance: account_dim_gen.generate_account_dim_data scheduled__2025-02-01T00:00:00+00:00 [running]> on host 2c1cd59afcc0
[2025-02-08T19:01:19.185+0000] {taskinstance.py:3131} INFO - Exporting env vars: AIRFLOW_CTX_DAG_OWNER='Saleh' AIRFLOW_CTX_DAG_ID='account_dim_gen' AIRFLOW_CTX_TASK_ID='generate_account_dim_data' AIRFLOW_CTX_EXECUTION_DATE='2025-02-01T00:00:00+00:00' AIRFLOW_CTX_TRY_NUMBER='1' AIRFLOW_CTX_DAG_RUN_ID='scheduled__2025-02-01T00:00:00+00:00'
[2025-02-08T19:01:19.186+0000] {taskinstance.py:731} INFO - ::endgroup::
[2025-02-08T19:01:19.206+0000] {logging_mixin.py:190} INFO - CSV file ./account_dim_large_data.csv with 50 row has been generated successfully!
[2025-02-08T19:01:19.207+0000] {python.py:240} INFO - Done. Returned value was: None
[2025-02-08T19:01:19.215+0000] {taskinstance.py:340} INFO - ::group::Post task execution logs
[2025-02-08T19:01:19.216+0000] {taskinstance.py:352} INFO - Marking task as SUCCESS. dag_id=account_dim_gen, task_id=generate_account_dim_data, run_id=scheduled__2025-02-01T00:00:00+00:00, execution_date=20250201T000000, start_date=20250208T190118, end_date=20250208T190119
[2025-02-08T19:01:19.235+0000] {local_task_job_runner.py:266} INFO - Task exited with return code 0
[2025-02-08T19:01:19.250+0000] {taskinstance.py:3900} INFO - 0 downstream tasks scheduled from follow-on schedule check
[2025-02-08T19:01:19.252+0000] {local_task_job_runner.py:245} INFO - ::endgroup::
[2025-02-08T20:42:41.280+0000] {local_task_job_runner.py:123} INFO - ::group::Pre task execution logs
[2025-02-08T20:42:41.295+0000] {taskinstance.py:2612} INFO - Dependencies all met for dep_context=non-requeueable deps ti=<TaskInstance: account_dim_gen.generate_account_dim_data scheduled__2025-02-01T00:00:00+00:00 [queued]>
[2025-02-08T20:42:41.303+0000] {taskinstance.py:2612} INFO - Dependencies all met for dep_context=requeueable deps ti=<TaskInstance: account_dim_gen.generate_account_dim_data scheduled__2025-02-01T00:00:00+00:00 [queued]>
[2025-02-08T20:42:41.304+0000] {taskinstance.py:2865} INFO - Starting attempt 1 of 1
[2025-02-08T20:42:41.315+0000] {taskinstance.py:2888} INFO - Executing <Task(PythonOperator): generate_account_dim_data> on 2025-02-01 00:00:00+00:00
[2025-02-08T20:42:41.323+0000] {logging_mixin.py:190} WARNING - /home/***/.local/lib/python3.12/site-packages/***/task/task_runner/standard_task_runner.py:70 DeprecationWarning: This process (pid=323) is multi-threaded, use of fork() may lead to deadlocks in the child.
[2025-02-08T20:42:41.324+0000] {standard_task_runner.py:72} INFO - Started process 334 to run task
[2025-02-08T20:42:41.323+0000] {standard_task_runner.py:104} INFO - Running: ['***', 'tasks', 'run', 'account_dim_gen', 'generate_account_dim_data', 'scheduled__2025-02-01T00:00:00+00:00', '--job-id', '393', '--raw', '--subdir', 'DAGS_FOLDER/account_dim_gen.py', '--cfg-path', '/tmp/tmp7_ozoxpt']
[2025-02-08T20:42:41.325+0000] {standard_task_runner.py:105} INFO - Job 393: Subtask generate_account_dim_data
[2025-02-08T20:42:41.368+0000] {task_command.py:467} INFO - Running <TaskInstance: account_dim_gen.generate_account_dim_data scheduled__2025-02-01T00:00:00+00:00 [running]> on host 86932746817d
[2025-02-08T20:42:41.444+0000] {taskinstance.py:3131} INFO - Exporting env vars: AIRFLOW_CTX_DAG_OWNER='Saleh' AIRFLOW_CTX_DAG_ID='account_dim_gen' AIRFLOW_CTX_TASK_ID='generate_account_dim_data' AIRFLOW_CTX_EXECUTION_DATE='2025-02-01T00:00:00+00:00' AIRFLOW_CTX_TRY_NUMBER='1' AIRFLOW_CTX_DAG_RUN_ID='scheduled__2025-02-01T00:00:00+00:00'
[2025-02-08T20:42:41.446+0000] {taskinstance.py:731} INFO - ::endgroup::
[2025-02-08T20:42:41.463+0000] {logging_mixin.py:190} INFO - CSV file ./account_dim_large_data.csv with 50 row has been generated successfully!
[2025-02-08T20:42:41.463+0000] {python.py:240} INFO - Done. Returned value was: None
[2025-02-08T20:42:41.472+0000] {taskinstance.py:340} INFO - ::group::Post task execution logs
[2025-02-08T20:42:41.472+0000] {taskinstance.py:352} INFO - Marking task as SUCCESS. dag_id=account_dim_gen, task_id=generate_account_dim_data, run_id=scheduled__2025-02-01T00:00:00+00:00, execution_date=20250201T000000, start_date=20250208T204241, end_date=20250208T204241
[2025-02-08T20:42:41.498+0000] {local_task_job_runner.py:266} INFO - Task exited with return code 0
[2025-02-08T20:42:41.511+0000] {taskinstance.py:3900} INFO - 0 downstream tasks scheduled from follow-on schedule check
[2025-02-08T20:42:41.513+0000] {local_task_job_runner.py:245} INFO - ::endgroup::
