[2025-02-08T19:03:01.318+0000] {local_task_job_runner.py:123} INFO - ::group::Pre task execution logs
[2025-02-08T19:03:01.343+0000] {taskinstance.py:2612} INFO - Dependencies all met for dep_context=non-requeueable deps ti=<TaskInstance: branch_dim_gen.generate_branch_dim_data scheduled__2024-12-06T00:00:00+00:00 [queued]>
[2025-02-08T19:03:01.357+0000] {taskinstance.py:2612} INFO - Dependencies all met for dep_context=requeueable deps ti=<TaskInstance: branch_dim_gen.generate_branch_dim_data scheduled__2024-12-06T00:00:00+00:00 [queued]>
[2025-02-08T19:03:01.358+0000] {taskinstance.py:2865} INFO - Starting attempt 1 of 1
[2025-02-08T19:03:01.378+0000] {taskinstance.py:2888} INFO - Executing <Task(PythonOperator): generate_branch_dim_data> on 2024-12-06 00:00:00+00:00
[2025-02-08T19:03:01.388+0000] {logging_mixin.py:190} WARNING - /home/***/.local/lib/python3.12/site-packages/***/task/task_runner/standard_task_runner.py:70 DeprecationWarning: This process (pid=1856) is multi-threaded, use of fork() may lead to deadlocks in the child.
[2025-02-08T19:03:01.391+0000] {standard_task_runner.py:72} INFO - Started process 1883 to run task
[2025-02-08T19:03:01.388+0000] {standard_task_runner.py:104} INFO - Running: ['***', 'tasks', 'run', 'branch_dim_gen', 'generate_branch_dim_data', 'scheduled__2024-12-06T00:00:00+00:00', '--job-id', '322', '--raw', '--subdir', 'DAGS_FOLDER/brnach_dim_gen.py', '--cfg-path', '/tmp/tmpeyeameyb']
[2025-02-08T19:03:01.392+0000] {standard_task_runner.py:105} INFO - Job 322: Subtask generate_branch_dim_data
[2025-02-08T19:03:01.483+0000] {task_command.py:467} INFO - Running <TaskInstance: branch_dim_gen.generate_branch_dim_data scheduled__2024-12-06T00:00:00+00:00 [running]> on host 2c1cd59afcc0
[2025-02-08T19:03:01.585+0000] {taskinstance.py:3131} INFO - Exporting env vars: AIRFLOW_CTX_DAG_OWNER='Saleh' AIRFLOW_CTX_DAG_ID='branch_dim_gen' AIRFLOW_CTX_TASK_ID='generate_branch_dim_data' AIRFLOW_CTX_EXECUTION_DATE='2024-12-06T00:00:00+00:00' AIRFLOW_CTX_TRY_NUMBER='1' AIRFLOW_CTX_DAG_RUN_ID='scheduled__2024-12-06T00:00:00+00:00'
[2025-02-08T19:03:01.588+0000] {taskinstance.py:731} INFO - ::endgroup::
[2025-02-08T19:03:01.609+0000] {logging_mixin.py:190} INFO - CSV file './branch_dim_large_data.csv' with 50 rows has been generated successfully.
[2025-02-08T19:03:01.610+0000] {python.py:240} INFO - Done. Returned value was: None
[2025-02-08T19:03:01.619+0000] {taskinstance.py:340} INFO - ::group::Post task execution logs
[2025-02-08T19:03:01.619+0000] {taskinstance.py:352} INFO - Marking task as SUCCESS. dag_id=branch_dim_gen, task_id=generate_branch_dim_data, run_id=scheduled__2024-12-06T00:00:00+00:00, execution_date=20241206T000000, start_date=20250208T190301, end_date=20250208T190301
[2025-02-08T19:03:01.655+0000] {local_task_job_runner.py:266} INFO - Task exited with return code 0
[2025-02-08T19:03:01.681+0000] {taskinstance.py:3900} INFO - 0 downstream tasks scheduled from follow-on schedule check
[2025-02-08T19:03:01.685+0000] {local_task_job_runner.py:245} INFO - ::endgroup::
[2025-02-08T20:40:48.845+0000] {local_task_job_runner.py:123} INFO - ::group::Pre task execution logs
[2025-02-08T20:40:48.863+0000] {taskinstance.py:2612} INFO - Dependencies all met for dep_context=non-requeueable deps ti=<TaskInstance: branch_dim_gen.generate_branch_dim_data scheduled__2024-12-06T00:00:00+00:00 [queued]>
[2025-02-08T20:40:48.873+0000] {taskinstance.py:2612} INFO - Dependencies all met for dep_context=requeueable deps ti=<TaskInstance: branch_dim_gen.generate_branch_dim_data scheduled__2024-12-06T00:00:00+00:00 [queued]>
[2025-02-08T20:40:48.874+0000] {taskinstance.py:2865} INFO - Starting attempt 1 of 1
[2025-02-08T20:40:49.034+0000] {taskinstance.py:2888} INFO - Executing <Task(PythonOperator): generate_branch_dim_data> on 2024-12-06 00:00:00+00:00
[2025-02-08T20:40:49.044+0000] {logging_mixin.py:190} WARNING - /home/***/.local/lib/python3.12/site-packages/***/task/task_runner/standard_task_runner.py:70 DeprecationWarning: This process (pid=1655) is multi-threaded, use of fork() may lead to deadlocks in the child.
[2025-02-08T20:40:49.045+0000] {standard_task_runner.py:72} INFO - Started process 1692 to run task
[2025-02-08T20:40:49.044+0000] {standard_task_runner.py:104} INFO - Running: ['***', 'tasks', 'run', 'branch_dim_gen', 'generate_branch_dim_data', 'scheduled__2024-12-06T00:00:00+00:00', '--job-id', '259', '--raw', '--subdir', 'DAGS_FOLDER/brnach_dim_gen.py', '--cfg-path', '/tmp/tmpa53o515k']
[2025-02-08T20:40:49.047+0000] {standard_task_runner.py:105} INFO - Job 259: Subtask generate_branch_dim_data
[2025-02-08T20:40:49.155+0000] {task_command.py:467} INFO - Running <TaskInstance: branch_dim_gen.generate_branch_dim_data scheduled__2024-12-06T00:00:00+00:00 [running]> on host 7e959c1a2a8b
[2025-02-08T20:40:49.349+0000] {taskinstance.py:3131} INFO - Exporting env vars: AIRFLOW_CTX_DAG_OWNER='Saleh' AIRFLOW_CTX_DAG_ID='branch_dim_gen' AIRFLOW_CTX_TASK_ID='generate_branch_dim_data' AIRFLOW_CTX_EXECUTION_DATE='2024-12-06T00:00:00+00:00' AIRFLOW_CTX_TRY_NUMBER='1' AIRFLOW_CTX_DAG_RUN_ID='scheduled__2024-12-06T00:00:00+00:00'
[2025-02-08T20:40:49.350+0000] {taskinstance.py:731} INFO - ::endgroup::
[2025-02-08T20:40:49.388+0000] {logging_mixin.py:190} INFO - CSV file './branch_dim_large_data.csv' with 50 rows has been generated successfully.
[2025-02-08T20:40:49.388+0000] {python.py:240} INFO - Done. Returned value was: None
[2025-02-08T20:40:49.399+0000] {taskinstance.py:340} INFO - ::group::Post task execution logs
[2025-02-08T20:40:49.399+0000] {taskinstance.py:352} INFO - Marking task as SUCCESS. dag_id=branch_dim_gen, task_id=generate_branch_dim_data, run_id=scheduled__2024-12-06T00:00:00+00:00, execution_date=20241206T000000, start_date=20250208T204048, end_date=20250208T204049
[2025-02-08T20:40:49.473+0000] {local_task_job_runner.py:266} INFO - Task exited with return code 0
[2025-02-08T20:40:49.490+0000] {local_task_job_runner.py:245} INFO - ::endgroup::
