[2025-02-08T19:03:40.695+0000] {local_task_job_runner.py:123} INFO - ::group::Pre task execution logs
[2025-02-08T19:03:40.708+0000] {taskinstance.py:2612} INFO - Dependencies all met for dep_context=non-requeueable deps ti=<TaskInstance: branch_dim_gen.generate_branch_dim_data scheduled__2025-02-06T00:00:00+00:00 [queued]>
[2025-02-08T19:03:40.716+0000] {taskinstance.py:2612} INFO - Dependencies all met for dep_context=requeueable deps ti=<TaskInstance: branch_dim_gen.generate_branch_dim_data scheduled__2025-02-06T00:00:00+00:00 [queued]>
[2025-02-08T19:03:40.717+0000] {taskinstance.py:2865} INFO - Starting attempt 1 of 1
[2025-02-08T19:03:40.728+0000] {taskinstance.py:2888} INFO - Executing <Task(PythonOperator): generate_branch_dim_data> on 2025-02-06 00:00:00+00:00
[2025-02-08T19:03:40.734+0000] {logging_mixin.py:190} WARNING - /home/***/.local/lib/python3.12/site-packages/***/task/task_runner/standard_task_runner.py:70 DeprecationWarning: This process (pid=2305) is multi-threaded, use of fork() may lead to deadlocks in the child.
[2025-02-08T19:03:40.735+0000] {standard_task_runner.py:72} INFO - Started process 2315 to run task
[2025-02-08T19:03:40.734+0000] {standard_task_runner.py:104} INFO - Running: ['***', 'tasks', 'run', 'branch_dim_gen', 'generate_branch_dim_data', 'scheduled__2025-02-06T00:00:00+00:00', '--job-id', '425', '--raw', '--subdir', 'DAGS_FOLDER/brnach_dim_gen.py', '--cfg-path', '/tmp/tmpv1z24eon']
[2025-02-08T19:03:40.736+0000] {standard_task_runner.py:105} INFO - Job 425: Subtask generate_branch_dim_data
[2025-02-08T19:03:40.774+0000] {task_command.py:467} INFO - Running <TaskInstance: branch_dim_gen.generate_branch_dim_data scheduled__2025-02-06T00:00:00+00:00 [running]> on host 2c1cd59afcc0
[2025-02-08T19:03:40.842+0000] {taskinstance.py:3131} INFO - Exporting env vars: AIRFLOW_CTX_DAG_OWNER='Saleh' AIRFLOW_CTX_DAG_ID='branch_dim_gen' AIRFLOW_CTX_TASK_ID='generate_branch_dim_data' AIRFLOW_CTX_EXECUTION_DATE='2025-02-06T00:00:00+00:00' AIRFLOW_CTX_TRY_NUMBER='1' AIRFLOW_CTX_DAG_RUN_ID='scheduled__2025-02-06T00:00:00+00:00'
[2025-02-08T19:03:40.843+0000] {taskinstance.py:731} INFO - ::endgroup::
[2025-02-08T19:03:40.859+0000] {logging_mixin.py:190} INFO - CSV file './branch_dim_large_data.csv' with 50 rows has been generated successfully.
[2025-02-08T19:03:40.860+0000] {python.py:240} INFO - Done. Returned value was: None
[2025-02-08T19:03:40.866+0000] {taskinstance.py:340} INFO - ::group::Post task execution logs
[2025-02-08T19:03:40.867+0000] {taskinstance.py:352} INFO - Marking task as SUCCESS. dag_id=branch_dim_gen, task_id=generate_branch_dim_data, run_id=scheduled__2025-02-06T00:00:00+00:00, execution_date=20250206T000000, start_date=20250208T190340, end_date=20250208T190340
[2025-02-08T19:03:40.909+0000] {local_task_job_runner.py:266} INFO - Task exited with return code 0
[2025-02-08T19:03:40.921+0000] {taskinstance.py:3900} INFO - 0 downstream tasks scheduled from follow-on schedule check
[2025-02-08T19:03:40.922+0000] {local_task_job_runner.py:245} INFO - ::endgroup::
[2025-02-08T20:42:45.406+0000] {local_task_job_runner.py:123} INFO - ::group::Pre task execution logs
[2025-02-08T20:42:45.428+0000] {taskinstance.py:2612} INFO - Dependencies all met for dep_context=non-requeueable deps ti=<TaskInstance: branch_dim_gen.generate_branch_dim_data scheduled__2025-02-06T00:00:00+00:00 [queued]>
[2025-02-08T20:42:45.439+0000] {taskinstance.py:2612} INFO - Dependencies all met for dep_context=requeueable deps ti=<TaskInstance: branch_dim_gen.generate_branch_dim_data scheduled__2025-02-06T00:00:00+00:00 [queued]>
[2025-02-08T20:42:45.440+0000] {taskinstance.py:2865} INFO - Starting attempt 1 of 1
[2025-02-08T20:42:45.461+0000] {taskinstance.py:2888} INFO - Executing <Task(PythonOperator): generate_branch_dim_data> on 2025-02-06 00:00:00+00:00
[2025-02-08T20:42:45.475+0000] {logging_mixin.py:190} WARNING - /home/***/.local/lib/python3.12/site-packages/***/task/task_runner/standard_task_runner.py:70 DeprecationWarning: This process (pid=352) is multi-threaded, use of fork() may lead to deadlocks in the child.
[2025-02-08T20:42:45.476+0000] {standard_task_runner.py:72} INFO - Started process 384 to run task
[2025-02-08T20:42:45.477+0000] {standard_task_runner.py:104} INFO - Running: ['***', 'tasks', 'run', 'branch_dim_gen', 'generate_branch_dim_data', 'scheduled__2025-02-06T00:00:00+00:00', '--job-id', '404', '--raw', '--subdir', 'DAGS_FOLDER/brnach_dim_gen.py', '--cfg-path', '/tmp/tmpewm6lay2']
[2025-02-08T20:42:45.480+0000] {standard_task_runner.py:105} INFO - Job 404: Subtask generate_branch_dim_data
[2025-02-08T20:42:45.543+0000] {task_command.py:467} INFO - Running <TaskInstance: branch_dim_gen.generate_branch_dim_data scheduled__2025-02-06T00:00:00+00:00 [running]> on host 86932746817d
[2025-02-08T20:42:45.657+0000] {taskinstance.py:3131} INFO - Exporting env vars: AIRFLOW_CTX_DAG_OWNER='Saleh' AIRFLOW_CTX_DAG_ID='branch_dim_gen' AIRFLOW_CTX_TASK_ID='generate_branch_dim_data' AIRFLOW_CTX_EXECUTION_DATE='2025-02-06T00:00:00+00:00' AIRFLOW_CTX_TRY_NUMBER='1' AIRFLOW_CTX_DAG_RUN_ID='scheduled__2025-02-06T00:00:00+00:00'
[2025-02-08T20:42:45.659+0000] {taskinstance.py:731} INFO - ::endgroup::
[2025-02-08T20:42:45.683+0000] {logging_mixin.py:190} INFO - CSV file './branch_dim_large_data.csv' with 50 rows has been generated successfully.
[2025-02-08T20:42:45.686+0000] {python.py:240} INFO - Done. Returned value was: None
[2025-02-08T20:42:45.706+0000] {taskinstance.py:340} INFO - ::group::Post task execution logs
[2025-02-08T20:42:45.709+0000] {taskinstance.py:352} INFO - Marking task as SUCCESS. dag_id=branch_dim_gen, task_id=generate_branch_dim_data, run_id=scheduled__2025-02-06T00:00:00+00:00, execution_date=20250206T000000, start_date=20250208T204245, end_date=20250208T204245
[2025-02-08T20:42:45.777+0000] {local_task_job_runner.py:266} INFO - Task exited with return code 0
[2025-02-08T20:42:45.787+0000] {local_task_job_runner.py:245} INFO - ::endgroup::
