[2025-02-08T19:02:22.029+0000] {local_task_job_runner.py:123} INFO - ::group::Pre task execution logs
[2025-02-08T19:02:22.044+0000] {taskinstance.py:2612} INFO - Dependencies all met for dep_context=non-requeueable deps ti=<TaskInstance: branch_dim_gen.generate_branch_dim_data scheduled__2024-10-15T00:00:00+00:00 [queued]>
[2025-02-08T19:02:22.053+0000] {taskinstance.py:2612} INFO - Dependencies all met for dep_context=requeueable deps ti=<TaskInstance: branch_dim_gen.generate_branch_dim_data scheduled__2024-10-15T00:00:00+00:00 [queued]>
[2025-02-08T19:02:22.053+0000] {taskinstance.py:2865} INFO - Starting attempt 1 of 1
[2025-02-08T19:02:22.066+0000] {taskinstance.py:2888} INFO - Executing <Task(PythonOperator): generate_branch_dim_data> on 2024-10-15 00:00:00+00:00
[2025-02-08T19:02:22.073+0000] {logging_mixin.py:190} WARNING - /home/***/.local/lib/python3.12/site-packages/***/task/task_runner/standard_task_runner.py:70 DeprecationWarning: This process (pid=1420) is multi-threaded, use of fork() may lead to deadlocks in the child.
[2025-02-08T19:02:22.074+0000] {standard_task_runner.py:72} INFO - Started process 1433 to run task
[2025-02-08T19:02:22.074+0000] {standard_task_runner.py:104} INFO - Running: ['***', 'tasks', 'run', 'branch_dim_gen', 'generate_branch_dim_data', 'scheduled__2024-10-15T00:00:00+00:00', '--job-id', '218', '--raw', '--subdir', 'DAGS_FOLDER/brnach_dim_gen.py', '--cfg-path', '/tmp/tmpwqjxvyl7']
[2025-02-08T19:02:22.076+0000] {standard_task_runner.py:105} INFO - Job 218: Subtask generate_branch_dim_data
[2025-02-08T19:02:22.119+0000] {task_command.py:467} INFO - Running <TaskInstance: branch_dim_gen.generate_branch_dim_data scheduled__2024-10-15T00:00:00+00:00 [running]> on host 2c1cd59afcc0
[2025-02-08T19:02:22.224+0000] {taskinstance.py:3131} INFO - Exporting env vars: AIRFLOW_CTX_DAG_OWNER='Saleh' AIRFLOW_CTX_DAG_ID='branch_dim_gen' AIRFLOW_CTX_TASK_ID='generate_branch_dim_data' AIRFLOW_CTX_EXECUTION_DATE='2024-10-15T00:00:00+00:00' AIRFLOW_CTX_TRY_NUMBER='1' AIRFLOW_CTX_DAG_RUN_ID='scheduled__2024-10-15T00:00:00+00:00'
[2025-02-08T19:02:22.225+0000] {taskinstance.py:731} INFO - ::endgroup::
[2025-02-08T19:02:22.244+0000] {logging_mixin.py:190} INFO - CSV file './branch_dim_large_data.csv' with 50 rows has been generated successfully.
[2025-02-08T19:02:22.246+0000] {python.py:240} INFO - Done. Returned value was: None
[2025-02-08T19:02:22.254+0000] {taskinstance.py:340} INFO - ::group::Post task execution logs
[2025-02-08T19:02:22.254+0000] {taskinstance.py:352} INFO - Marking task as SUCCESS. dag_id=branch_dim_gen, task_id=generate_branch_dim_data, run_id=scheduled__2024-10-15T00:00:00+00:00, execution_date=20241015T000000, start_date=20250208T190222, end_date=20250208T190222
[2025-02-08T19:02:22.289+0000] {local_task_job_runner.py:266} INFO - Task exited with return code 0
[2025-02-08T19:02:22.302+0000] {taskinstance.py:3900} INFO - 0 downstream tasks scheduled from follow-on schedule check
[2025-02-08T19:02:22.304+0000] {local_task_job_runner.py:245} INFO - ::endgroup::
[2025-02-08T20:40:05.937+0000] {local_task_job_runner.py:123} INFO - ::group::Pre task execution logs
[2025-02-08T20:40:05.976+0000] {taskinstance.py:2612} INFO - Dependencies all met for dep_context=non-requeueable deps ti=<TaskInstance: branch_dim_gen.generate_branch_dim_data scheduled__2024-10-15T00:00:00+00:00 [queued]>
[2025-02-08T20:40:05.999+0000] {taskinstance.py:2612} INFO - Dependencies all met for dep_context=requeueable deps ti=<TaskInstance: branch_dim_gen.generate_branch_dim_data scheduled__2024-10-15T00:00:00+00:00 [queued]>
[2025-02-08T20:40:06.015+0000] {taskinstance.py:2865} INFO - Starting attempt 1 of 1
[2025-02-08T20:40:06.037+0000] {taskinstance.py:2888} INFO - Executing <Task(PythonOperator): generate_branch_dim_data> on 2024-10-15 00:00:00+00:00
[2025-02-08T20:40:06.055+0000] {logging_mixin.py:190} WARNING - /home/***/.local/lib/python3.12/site-packages/***/task/task_runner/standard_task_runner.py:70 DeprecationWarning: This process (pid=981) is multi-threaded, use of fork() may lead to deadlocks in the child.
[2025-02-08T20:40:06.056+0000] {standard_task_runner.py:72} INFO - Started process 1009 to run task
[2025-02-08T20:40:06.063+0000] {standard_task_runner.py:104} INFO - Running: ['***', 'tasks', 'run', 'branch_dim_gen', 'generate_branch_dim_data', 'scheduled__2024-10-15T00:00:00+00:00', '--job-id', '100', '--raw', '--subdir', 'DAGS_FOLDER/brnach_dim_gen.py', '--cfg-path', '/tmp/tmpv6_w4jdm']
[2025-02-08T20:40:06.066+0000] {standard_task_runner.py:105} INFO - Job 100: Subtask generate_branch_dim_data
[2025-02-08T20:40:06.172+0000] {task_command.py:467} INFO - Running <TaskInstance: branch_dim_gen.generate_branch_dim_data scheduled__2024-10-15T00:00:00+00:00 [running]> on host 7e959c1a2a8b
[2025-02-08T20:40:06.345+0000] {taskinstance.py:3131} INFO - Exporting env vars: AIRFLOW_CTX_DAG_OWNER='Saleh' AIRFLOW_CTX_DAG_ID='branch_dim_gen' AIRFLOW_CTX_TASK_ID='generate_branch_dim_data' AIRFLOW_CTX_EXECUTION_DATE='2024-10-15T00:00:00+00:00' AIRFLOW_CTX_TRY_NUMBER='1' AIRFLOW_CTX_DAG_RUN_ID='scheduled__2024-10-15T00:00:00+00:00'
[2025-02-08T20:40:06.350+0000] {taskinstance.py:731} INFO - ::endgroup::
[2025-02-08T20:40:06.386+0000] {logging_mixin.py:190} INFO - CSV file './branch_dim_large_data.csv' with 50 rows has been generated successfully.
[2025-02-08T20:40:06.387+0000] {python.py:240} INFO - Done. Returned value was: None
[2025-02-08T20:40:06.412+0000] {taskinstance.py:340} INFO - ::group::Post task execution logs
[2025-02-08T20:40:06.412+0000] {taskinstance.py:352} INFO - Marking task as SUCCESS. dag_id=branch_dim_gen, task_id=generate_branch_dim_data, run_id=scheduled__2024-10-15T00:00:00+00:00, execution_date=20241015T000000, start_date=20250208T204005, end_date=20250208T204006
[2025-02-08T20:40:06.447+0000] {local_task_job_runner.py:266} INFO - Task exited with return code 0
[2025-02-08T20:40:06.456+0000] {local_task_job_runner.py:245} INFO - ::endgroup::
