[2025-02-08T19:03:33.409+0000] {local_task_job_runner.py:123} INFO - ::group::Pre task execution logs
[2025-02-08T19:03:33.424+0000] {taskinstance.py:2612} INFO - Dependencies all met for dep_context=non-requeueable deps ti=<TaskInstance: branch_dim_gen.generate_branch_dim_data scheduled__2025-01-23T00:00:00+00:00 [queued]>
[2025-02-08T19:03:33.436+0000] {taskinstance.py:2612} INFO - Dependencies all met for dep_context=requeueable deps ti=<TaskInstance: branch_dim_gen.generate_branch_dim_data scheduled__2025-01-23T00:00:00+00:00 [queued]>
[2025-02-08T19:03:33.436+0000] {taskinstance.py:2865} INFO - Starting attempt 1 of 1
[2025-02-08T19:03:33.482+0000] {taskinstance.py:2888} INFO - Executing <Task(PythonOperator): generate_branch_dim_data> on 2025-01-23 00:00:00+00:00
[2025-02-08T19:03:33.492+0000] {logging_mixin.py:190} WARNING - /home/***/.local/lib/python3.12/site-packages/***/task/task_runner/standard_task_runner.py:70 DeprecationWarning: This process (pid=2245) is multi-threaded, use of fork() may lead to deadlocks in the child.
[2025-02-08T19:03:33.495+0000] {standard_task_runner.py:72} INFO - Started process 2261 to run task
[2025-02-08T19:03:33.492+0000] {standard_task_runner.py:104} INFO - Running: ['***', 'tasks', 'run', 'branch_dim_gen', 'generate_branch_dim_data', 'scheduled__2025-01-23T00:00:00+00:00', '--job-id', '411', '--raw', '--subdir', 'DAGS_FOLDER/brnach_dim_gen.py', '--cfg-path', '/tmp/tmp1w09wheh']
[2025-02-08T19:03:33.496+0000] {standard_task_runner.py:105} INFO - Job 411: Subtask generate_branch_dim_data
[2025-02-08T19:03:33.550+0000] {task_command.py:467} INFO - Running <TaskInstance: branch_dim_gen.generate_branch_dim_data scheduled__2025-01-23T00:00:00+00:00 [running]> on host 2c1cd59afcc0
[2025-02-08T19:03:33.640+0000] {taskinstance.py:3131} INFO - Exporting env vars: AIRFLOW_CTX_DAG_OWNER='Saleh' AIRFLOW_CTX_DAG_ID='branch_dim_gen' AIRFLOW_CTX_TASK_ID='generate_branch_dim_data' AIRFLOW_CTX_EXECUTION_DATE='2025-01-23T00:00:00+00:00' AIRFLOW_CTX_TRY_NUMBER='1' AIRFLOW_CTX_DAG_RUN_ID='scheduled__2025-01-23T00:00:00+00:00'
[2025-02-08T19:03:33.643+0000] {taskinstance.py:731} INFO - ::endgroup::
[2025-02-08T19:03:33.665+0000] {logging_mixin.py:190} INFO - CSV file './branch_dim_large_data.csv' with 50 rows has been generated successfully.
[2025-02-08T19:03:33.666+0000] {python.py:240} INFO - Done. Returned value was: None
[2025-02-08T19:03:33.674+0000] {taskinstance.py:340} INFO - ::group::Post task execution logs
[2025-02-08T19:03:33.675+0000] {taskinstance.py:352} INFO - Marking task as SUCCESS. dag_id=branch_dim_gen, task_id=generate_branch_dim_data, run_id=scheduled__2025-01-23T00:00:00+00:00, execution_date=20250123T000000, start_date=20250208T190333, end_date=20250208T190333
[2025-02-08T19:03:33.710+0000] {local_task_job_runner.py:266} INFO - Task exited with return code 0
[2025-02-08T19:03:33.719+0000] {local_task_job_runner.py:245} INFO - ::endgroup::
[2025-02-08T20:42:28.191+0000] {local_task_job_runner.py:123} INFO - ::group::Pre task execution logs
[2025-02-08T20:42:28.205+0000] {taskinstance.py:2612} INFO - Dependencies all met for dep_context=non-requeueable deps ti=<TaskInstance: branch_dim_gen.generate_branch_dim_data scheduled__2025-01-23T00:00:00+00:00 [queued]>
[2025-02-08T20:42:28.214+0000] {taskinstance.py:2612} INFO - Dependencies all met for dep_context=requeueable deps ti=<TaskInstance: branch_dim_gen.generate_branch_dim_data scheduled__2025-01-23T00:00:00+00:00 [queued]>
[2025-02-08T20:42:28.215+0000] {taskinstance.py:2865} INFO - Starting attempt 1 of 1
[2025-02-08T20:42:28.227+0000] {taskinstance.py:2888} INFO - Executing <Task(PythonOperator): generate_branch_dim_data> on 2025-01-23 00:00:00+00:00
[2025-02-08T20:42:28.237+0000] {standard_task_runner.py:104} INFO - Running: ['***', 'tasks', 'run', 'branch_dim_gen', 'generate_branch_dim_data', 'scheduled__2025-01-23T00:00:00+00:00', '--job-id', '371', '--raw', '--subdir', 'DAGS_FOLDER/brnach_dim_gen.py', '--cfg-path', '/tmp/tmpcab733yi']
[2025-02-08T20:42:28.239+0000] {standard_task_runner.py:105} INFO - Job 371: Subtask generate_branch_dim_data
[2025-02-08T20:42:28.240+0000] {logging_mixin.py:190} WARNING - /home/***/.local/lib/python3.12/site-packages/***/task/task_runner/standard_task_runner.py:70 DeprecationWarning: This process (pid=233) is multi-threaded, use of fork() may lead to deadlocks in the child.
[2025-02-08T20:42:28.241+0000] {standard_task_runner.py:72} INFO - Started process 236 to run task
[2025-02-08T20:42:28.275+0000] {task_command.py:467} INFO - Running <TaskInstance: branch_dim_gen.generate_branch_dim_data scheduled__2025-01-23T00:00:00+00:00 [running]> on host 86932746817d
[2025-02-08T20:42:28.338+0000] {taskinstance.py:3131} INFO - Exporting env vars: AIRFLOW_CTX_DAG_OWNER='Saleh' AIRFLOW_CTX_DAG_ID='branch_dim_gen' AIRFLOW_CTX_TASK_ID='generate_branch_dim_data' AIRFLOW_CTX_EXECUTION_DATE='2025-01-23T00:00:00+00:00' AIRFLOW_CTX_TRY_NUMBER='1' AIRFLOW_CTX_DAG_RUN_ID='scheduled__2025-01-23T00:00:00+00:00'
[2025-02-08T20:42:28.339+0000] {taskinstance.py:731} INFO - ::endgroup::
[2025-02-08T20:42:28.354+0000] {logging_mixin.py:190} INFO - CSV file './branch_dim_large_data.csv' with 50 rows has been generated successfully.
[2025-02-08T20:42:28.354+0000] {python.py:240} INFO - Done. Returned value was: None
[2025-02-08T20:42:28.361+0000] {taskinstance.py:340} INFO - ::group::Post task execution logs
[2025-02-08T20:42:28.362+0000] {taskinstance.py:352} INFO - Marking task as SUCCESS. dag_id=branch_dim_gen, task_id=generate_branch_dim_data, run_id=scheduled__2025-01-23T00:00:00+00:00, execution_date=20250123T000000, start_date=20250208T204228, end_date=20250208T204228
[2025-02-08T20:42:28.416+0000] {local_task_job_runner.py:266} INFO - Task exited with return code 0
[2025-02-08T20:42:28.429+0000] {taskinstance.py:3900} INFO - 0 downstream tasks scheduled from follow-on schedule check
[2025-02-08T20:42:28.432+0000] {local_task_job_runner.py:245} INFO - ::endgroup::
