[2025-02-08T19:01:12.789+0000] {local_task_job_runner.py:123} INFO - ::group::Pre task execution logs
[2025-02-08T19:01:12.802+0000] {taskinstance.py:2612} INFO - Dependencies all met for dep_context=non-requeueable deps ti=<TaskInstance: account_dim_gen.generate_account_dim_data scheduled__2025-01-26T00:00:00+00:00 [queued]>
[2025-02-08T19:01:12.811+0000] {taskinstance.py:2612} INFO - Dependencies all met for dep_context=requeueable deps ti=<TaskInstance: account_dim_gen.generate_account_dim_data scheduled__2025-01-26T00:00:00+00:00 [queued]>
[2025-02-08T19:01:12.811+0000] {taskinstance.py:2865} INFO - Starting attempt 1 of 1
[2025-02-08T19:01:12.823+0000] {taskinstance.py:2888} INFO - Executing <Task(PythonOperator): generate_account_dim_data> on 2025-01-26 00:00:00+00:00
[2025-02-08T19:01:12.831+0000] {logging_mixin.py:190} WARNING - /home/***/.local/lib/python3.12/site-packages/***/task/task_runner/standard_task_runner.py:70 DeprecationWarning: This process (pid=1061) is multi-threaded, use of fork() may lead to deadlocks in the child.
[2025-02-08T19:01:12.832+0000] {standard_task_runner.py:72} INFO - Started process 1077 to run task
[2025-02-08T19:01:12.832+0000] {standard_task_runner.py:104} INFO - Running: ['***', 'tasks', 'run', 'account_dim_gen', 'generate_account_dim_data', 'scheduled__2025-01-26T00:00:00+00:00', '--job-id', '142', '--raw', '--subdir', 'DAGS_FOLDER/account_dim_gen.py', '--cfg-path', '/tmp/tmp5km1_uqn']
[2025-02-08T19:01:12.834+0000] {standard_task_runner.py:105} INFO - Job 142: Subtask generate_account_dim_data
[2025-02-08T19:01:12.870+0000] {task_command.py:467} INFO - Running <TaskInstance: account_dim_gen.generate_account_dim_data scheduled__2025-01-26T00:00:00+00:00 [running]> on host 2c1cd59afcc0
[2025-02-08T19:01:12.959+0000] {taskinstance.py:3131} INFO - Exporting env vars: AIRFLOW_CTX_DAG_OWNER='Saleh' AIRFLOW_CTX_DAG_ID='account_dim_gen' AIRFLOW_CTX_TASK_ID='generate_account_dim_data' AIRFLOW_CTX_EXECUTION_DATE='2025-01-26T00:00:00+00:00' AIRFLOW_CTX_TRY_NUMBER='1' AIRFLOW_CTX_DAG_RUN_ID='scheduled__2025-01-26T00:00:00+00:00'
[2025-02-08T19:01:12.961+0000] {taskinstance.py:731} INFO - ::endgroup::
[2025-02-08T19:01:12.978+0000] {logging_mixin.py:190} INFO - CSV file ./account_dim_large_data.csv with 50 row has been generated successfully!
[2025-02-08T19:01:12.978+0000] {python.py:240} INFO - Done. Returned value was: None
[2025-02-08T19:01:12.987+0000] {taskinstance.py:340} INFO - ::group::Post task execution logs
[2025-02-08T19:01:12.988+0000] {taskinstance.py:352} INFO - Marking task as SUCCESS. dag_id=account_dim_gen, task_id=generate_account_dim_data, run_id=scheduled__2025-01-26T00:00:00+00:00, execution_date=20250126T000000, start_date=20250208T190112, end_date=20250208T190112
[2025-02-08T19:01:13.006+0000] {local_task_job_runner.py:266} INFO - Task exited with return code 0
[2025-02-08T19:01:13.019+0000] {taskinstance.py:3900} INFO - 0 downstream tasks scheduled from follow-on schedule check
[2025-02-08T19:01:13.021+0000] {local_task_job_runner.py:245} INFO - ::endgroup::
[2025-02-08T20:42:34.733+0000] {local_task_job_runner.py:123} INFO - ::group::Pre task execution logs
[2025-02-08T20:42:34.744+0000] {taskinstance.py:2612} INFO - Dependencies all met for dep_context=non-requeueable deps ti=<TaskInstance: account_dim_gen.generate_account_dim_data scheduled__2025-01-26T00:00:00+00:00 [queued]>
[2025-02-08T20:42:34.752+0000] {taskinstance.py:2612} INFO - Dependencies all met for dep_context=requeueable deps ti=<TaskInstance: account_dim_gen.generate_account_dim_data scheduled__2025-01-26T00:00:00+00:00 [queued]>
[2025-02-08T20:42:34.752+0000] {taskinstance.py:2865} INFO - Starting attempt 1 of 1
[2025-02-08T20:42:34.761+0000] {taskinstance.py:2888} INFO - Executing <Task(PythonOperator): generate_account_dim_data> on 2025-01-26 00:00:00+00:00
[2025-02-08T20:42:34.771+0000] {logging_mixin.py:190} WARNING - /home/***/.local/lib/python3.12/site-packages/***/task/task_runner/standard_task_runner.py:70 DeprecationWarning: This process (pid=272) is multi-threaded, use of fork() may lead to deadlocks in the child.
[2025-02-08T20:42:34.769+0000] {standard_task_runner.py:104} INFO - Running: ['***', 'tasks', 'run', 'account_dim_gen', 'generate_account_dim_data', 'scheduled__2025-01-26T00:00:00+00:00', '--job-id', '382', '--raw', '--subdir', 'DAGS_FOLDER/account_dim_gen.py', '--cfg-path', '/tmp/tmpxiehb3e_']
[2025-02-08T20:42:34.772+0000] {standard_task_runner.py:72} INFO - Started process 276 to run task
[2025-02-08T20:42:34.772+0000] {standard_task_runner.py:105} INFO - Job 382: Subtask generate_account_dim_data
[2025-02-08T20:42:34.805+0000] {task_command.py:467} INFO - Running <TaskInstance: account_dim_gen.generate_account_dim_data scheduled__2025-01-26T00:00:00+00:00 [running]> on host 86932746817d
[2025-02-08T20:42:34.871+0000] {taskinstance.py:3131} INFO - Exporting env vars: AIRFLOW_CTX_DAG_OWNER='Saleh' AIRFLOW_CTX_DAG_ID='account_dim_gen' AIRFLOW_CTX_TASK_ID='generate_account_dim_data' AIRFLOW_CTX_EXECUTION_DATE='2025-01-26T00:00:00+00:00' AIRFLOW_CTX_TRY_NUMBER='1' AIRFLOW_CTX_DAG_RUN_ID='scheduled__2025-01-26T00:00:00+00:00'
[2025-02-08T20:42:34.873+0000] {taskinstance.py:731} INFO - ::endgroup::
[2025-02-08T20:42:34.903+0000] {logging_mixin.py:190} INFO - CSV file ./account_dim_large_data.csv with 50 row has been generated successfully!
[2025-02-08T20:42:34.904+0000] {python.py:240} INFO - Done. Returned value was: None
[2025-02-08T20:42:34.912+0000] {taskinstance.py:340} INFO - ::group::Post task execution logs
[2025-02-08T20:42:34.913+0000] {taskinstance.py:352} INFO - Marking task as SUCCESS. dag_id=account_dim_gen, task_id=generate_account_dim_data, run_id=scheduled__2025-01-26T00:00:00+00:00, execution_date=20250126T000000, start_date=20250208T204234, end_date=20250208T204234
[2025-02-08T20:42:34.946+0000] {local_task_job_runner.py:266} INFO - Task exited with return code 0
[2025-02-08T20:42:34.959+0000] {taskinstance.py:3900} INFO - 0 downstream tasks scheduled from follow-on schedule check
[2025-02-08T20:42:34.961+0000] {local_task_job_runner.py:245} INFO - ::endgroup::
