[2025-02-08T19:02:50.109+0000] {local_task_job_runner.py:123} INFO - ::group::Pre task execution logs
[2025-02-08T19:02:50.149+0000] {taskinstance.py:2612} INFO - Dependencies all met for dep_context=non-requeueable deps ti=<TaskInstance: branch_dim_gen.generate_branch_dim_data scheduled__2024-11-16T00:00:00+00:00 [queued]>
[2025-02-08T19:02:50.160+0000] {taskinstance.py:2612} INFO - Dependencies all met for dep_context=requeueable deps ti=<TaskInstance: branch_dim_gen.generate_branch_dim_data scheduled__2024-11-16T00:00:00+00:00 [queued]>
[2025-02-08T19:02:50.160+0000] {taskinstance.py:2865} INFO - Starting attempt 1 of 1
[2025-02-08T19:02:50.179+0000] {taskinstance.py:2888} INFO - Executing <Task(PythonOperator): generate_branch_dim_data> on 2024-11-16 00:00:00+00:00
[2025-02-08T19:02:50.192+0000] {logging_mixin.py:190} WARNING - /home/***/.local/lib/python3.12/site-packages/***/task/task_runner/standard_task_runner.py:70 DeprecationWarning: This process (pid=1697) is multi-threaded, use of fork() may lead to deadlocks in the child.
[2025-02-08T19:02:50.193+0000] {standard_task_runner.py:72} INFO - Started process 1723 to run task
[2025-02-08T19:02:50.196+0000] {standard_task_runner.py:104} INFO - Running: ['***', 'tasks', 'run', 'branch_dim_gen', 'generate_branch_dim_data', 'scheduled__2024-11-16T00:00:00+00:00', '--job-id', '282', '--raw', '--subdir', 'DAGS_FOLDER/brnach_dim_gen.py', '--cfg-path', '/tmp/tmpxilellev']
[2025-02-08T19:02:50.199+0000] {standard_task_runner.py:105} INFO - Job 282: Subtask generate_branch_dim_data
[2025-02-08T19:02:50.285+0000] {task_command.py:467} INFO - Running <TaskInstance: branch_dim_gen.generate_branch_dim_data scheduled__2024-11-16T00:00:00+00:00 [running]> on host 2c1cd59afcc0
[2025-02-08T19:02:50.423+0000] {taskinstance.py:3131} INFO - Exporting env vars: AIRFLOW_CTX_DAG_OWNER='Saleh' AIRFLOW_CTX_DAG_ID='branch_dim_gen' AIRFLOW_CTX_TASK_ID='generate_branch_dim_data' AIRFLOW_CTX_EXECUTION_DATE='2024-11-16T00:00:00+00:00' AIRFLOW_CTX_TRY_NUMBER='1' AIRFLOW_CTX_DAG_RUN_ID='scheduled__2024-11-16T00:00:00+00:00'
[2025-02-08T19:02:50.424+0000] {taskinstance.py:731} INFO - ::endgroup::
[2025-02-08T19:02:50.443+0000] {logging_mixin.py:190} INFO - CSV file './branch_dim_large_data.csv' with 50 rows has been generated successfully.
[2025-02-08T19:02:50.444+0000] {python.py:240} INFO - Done. Returned value was: None
[2025-02-08T19:02:50.453+0000] {taskinstance.py:340} INFO - ::group::Post task execution logs
[2025-02-08T19:02:50.453+0000] {taskinstance.py:352} INFO - Marking task as SUCCESS. dag_id=branch_dim_gen, task_id=generate_branch_dim_data, run_id=scheduled__2024-11-16T00:00:00+00:00, execution_date=20241116T000000, start_date=20250208T190250, end_date=20250208T190250
[2025-02-08T19:02:50.493+0000] {local_task_job_runner.py:266} INFO - Task exited with return code 0
[2025-02-08T19:02:50.510+0000] {taskinstance.py:3900} INFO - 0 downstream tasks scheduled from follow-on schedule check
[2025-02-08T19:02:50.518+0000] {local_task_job_runner.py:245} INFO - ::endgroup::
[2025-02-08T20:40:31.422+0000] {local_task_job_runner.py:123} INFO - ::group::Pre task execution logs
[2025-02-08T20:40:31.440+0000] {taskinstance.py:2612} INFO - Dependencies all met for dep_context=non-requeueable deps ti=<TaskInstance: branch_dim_gen.generate_branch_dim_data scheduled__2024-11-16T00:00:00+00:00 [queued]>
[2025-02-08T20:40:31.454+0000] {taskinstance.py:2612} INFO - Dependencies all met for dep_context=requeueable deps ti=<TaskInstance: branch_dim_gen.generate_branch_dim_data scheduled__2024-11-16T00:00:00+00:00 [queued]>
[2025-02-08T20:40:31.454+0000] {taskinstance.py:2865} INFO - Starting attempt 1 of 1
[2025-02-08T20:40:31.473+0000] {taskinstance.py:2888} INFO - Executing <Task(PythonOperator): generate_branch_dim_data> on 2024-11-16 00:00:00+00:00
[2025-02-08T20:40:31.484+0000] {logging_mixin.py:190} WARNING - /home/***/.local/lib/python3.12/site-packages/***/task/task_runner/standard_task_runner.py:70 DeprecationWarning: This process (pid=1385) is multi-threaded, use of fork() may lead to deadlocks in the child.
[2025-02-08T20:40:31.486+0000] {standard_task_runner.py:72} INFO - Started process 1404 to run task
[2025-02-08T20:40:31.484+0000] {standard_task_runner.py:104} INFO - Running: ['***', 'tasks', 'run', 'branch_dim_gen', 'generate_branch_dim_data', 'scheduled__2024-11-16T00:00:00+00:00', '--job-id', '194', '--raw', '--subdir', 'DAGS_FOLDER/brnach_dim_gen.py', '--cfg-path', '/tmp/tmp8jfyp4xy']
[2025-02-08T20:40:31.491+0000] {standard_task_runner.py:105} INFO - Job 194: Subtask generate_branch_dim_data
[2025-02-08T20:40:31.547+0000] {task_command.py:467} INFO - Running <TaskInstance: branch_dim_gen.generate_branch_dim_data scheduled__2024-11-16T00:00:00+00:00 [running]> on host 7e959c1a2a8b
[2025-02-08T20:40:31.624+0000] {taskinstance.py:3131} INFO - Exporting env vars: AIRFLOW_CTX_DAG_OWNER='Saleh' AIRFLOW_CTX_DAG_ID='branch_dim_gen' AIRFLOW_CTX_TASK_ID='generate_branch_dim_data' AIRFLOW_CTX_EXECUTION_DATE='2024-11-16T00:00:00+00:00' AIRFLOW_CTX_TRY_NUMBER='1' AIRFLOW_CTX_DAG_RUN_ID='scheduled__2024-11-16T00:00:00+00:00'
[2025-02-08T20:40:31.625+0000] {taskinstance.py:731} INFO - ::endgroup::
[2025-02-08T20:40:31.642+0000] {logging_mixin.py:190} INFO - CSV file './branch_dim_large_data.csv' with 50 rows has been generated successfully.
[2025-02-08T20:40:31.643+0000] {python.py:240} INFO - Done. Returned value was: None
[2025-02-08T20:40:31.650+0000] {taskinstance.py:340} INFO - ::group::Post task execution logs
[2025-02-08T20:40:31.650+0000] {taskinstance.py:352} INFO - Marking task as SUCCESS. dag_id=branch_dim_gen, task_id=generate_branch_dim_data, run_id=scheduled__2024-11-16T00:00:00+00:00, execution_date=20241116T000000, start_date=20250208T204031, end_date=20250208T204031
[2025-02-08T20:40:31.665+0000] {local_task_job_runner.py:266} INFO - Task exited with return code 0
[2025-02-08T20:40:31.678+0000] {taskinstance.py:3900} INFO - 0 downstream tasks scheduled from follow-on schedule check
[2025-02-08T20:40:31.680+0000] {local_task_job_runner.py:245} INFO - ::endgroup::
