[2025-02-08T19:02:43.916+0000] {local_task_job_runner.py:123} INFO - ::group::Pre task execution logs
[2025-02-08T19:02:43.932+0000] {taskinstance.py:2612} INFO - Dependencies all met for dep_context=non-requeueable deps ti=<TaskInstance: branch_dim_gen.generate_branch_dim_data scheduled__2024-11-10T00:00:00+00:00 [queued]>
[2025-02-08T19:02:43.942+0000] {taskinstance.py:2612} INFO - Dependencies all met for dep_context=requeueable deps ti=<TaskInstance: branch_dim_gen.generate_branch_dim_data scheduled__2024-11-10T00:00:00+00:00 [queued]>
[2025-02-08T19:02:43.943+0000] {taskinstance.py:2865} INFO - Starting attempt 1 of 1
[2025-02-08T19:02:43.963+0000] {taskinstance.py:2888} INFO - Executing <Task(PythonOperator): generate_branch_dim_data> on 2024-11-10 00:00:00+00:00
[2025-02-08T19:02:43.975+0000] {logging_mixin.py:190} WARNING - /home/***/.local/lib/python3.12/site-packages/***/task/task_runner/standard_task_runner.py:70 DeprecationWarning: This process (pid=1635) is multi-threaded, use of fork() may lead to deadlocks in the child.
[2025-02-08T19:02:43.978+0000] {standard_task_runner.py:72} INFO - Started process 1667 to run task
[2025-02-08T19:02:43.979+0000] {standard_task_runner.py:104} INFO - Running: ['***', 'tasks', 'run', 'branch_dim_gen', 'generate_branch_dim_data', 'scheduled__2024-11-10T00:00:00+00:00', '--job-id', '270', '--raw', '--subdir', 'DAGS_FOLDER/brnach_dim_gen.py', '--cfg-path', '/tmp/tmpeo3pu9_a']
[2025-02-08T19:02:43.981+0000] {standard_task_runner.py:105} INFO - Job 270: Subtask generate_branch_dim_data
[2025-02-08T19:02:44.052+0000] {task_command.py:467} INFO - Running <TaskInstance: branch_dim_gen.generate_branch_dim_data scheduled__2024-11-10T00:00:00+00:00 [running]> on host 2c1cd59afcc0
[2025-02-08T19:02:44.175+0000] {taskinstance.py:3131} INFO - Exporting env vars: AIRFLOW_CTX_DAG_OWNER='Saleh' AIRFLOW_CTX_DAG_ID='branch_dim_gen' AIRFLOW_CTX_TASK_ID='generate_branch_dim_data' AIRFLOW_CTX_EXECUTION_DATE='2024-11-10T00:00:00+00:00' AIRFLOW_CTX_TRY_NUMBER='1' AIRFLOW_CTX_DAG_RUN_ID='scheduled__2024-11-10T00:00:00+00:00'
[2025-02-08T19:02:44.177+0000] {taskinstance.py:731} INFO - ::endgroup::
[2025-02-08T19:02:44.208+0000] {logging_mixin.py:190} INFO - CSV file './branch_dim_large_data.csv' with 50 rows has been generated successfully.
[2025-02-08T19:02:44.208+0000] {python.py:240} INFO - Done. Returned value was: None
[2025-02-08T19:02:44.217+0000] {taskinstance.py:340} INFO - ::group::Post task execution logs
[2025-02-08T19:02:44.218+0000] {taskinstance.py:352} INFO - Marking task as SUCCESS. dag_id=branch_dim_gen, task_id=generate_branch_dim_data, run_id=scheduled__2024-11-10T00:00:00+00:00, execution_date=20241110T000000, start_date=20250208T190243, end_date=20250208T190244
[2025-02-08T19:02:44.246+0000] {local_task_job_runner.py:266} INFO - Task exited with return code 0
[2025-02-08T19:02:44.262+0000] {taskinstance.py:3900} INFO - 0 downstream tasks scheduled from follow-on schedule check
[2025-02-08T19:02:44.267+0000] {local_task_job_runner.py:245} INFO - ::endgroup::
[2025-02-08T20:40:29.078+0000] {local_task_job_runner.py:123} INFO - ::group::Pre task execution logs
[2025-02-08T20:40:29.109+0000] {taskinstance.py:2612} INFO - Dependencies all met for dep_context=non-requeueable deps ti=<TaskInstance: branch_dim_gen.generate_branch_dim_data scheduled__2024-11-10T00:00:00+00:00 [queued]>
[2025-02-08T20:40:29.120+0000] {taskinstance.py:2612} INFO - Dependencies all met for dep_context=requeueable deps ti=<TaskInstance: branch_dim_gen.generate_branch_dim_data scheduled__2024-11-10T00:00:00+00:00 [queued]>
[2025-02-08T20:40:29.120+0000] {taskinstance.py:2865} INFO - Starting attempt 1 of 1
[2025-02-08T20:40:29.139+0000] {taskinstance.py:2888} INFO - Executing <Task(PythonOperator): generate_branch_dim_data> on 2024-11-10 00:00:00+00:00
[2025-02-08T20:40:29.156+0000] {logging_mixin.py:190} WARNING - /home/***/.local/lib/python3.12/site-packages/***/task/task_runner/standard_task_runner.py:70 DeprecationWarning: This process (pid=1316) is multi-threaded, use of fork() may lead to deadlocks in the child.
[2025-02-08T20:40:29.158+0000] {standard_task_runner.py:72} INFO - Started process 1342 to run task
[2025-02-08T20:40:29.172+0000] {standard_task_runner.py:104} INFO - Running: ['***', 'tasks', 'run', 'branch_dim_gen', 'generate_branch_dim_data', 'scheduled__2024-11-10T00:00:00+00:00', '--job-id', '177', '--raw', '--subdir', 'DAGS_FOLDER/brnach_dim_gen.py', '--cfg-path', '/tmp/tmpu9ncc9uf']
[2025-02-08T20:40:29.179+0000] {standard_task_runner.py:105} INFO - Job 177: Subtask generate_branch_dim_data
[2025-02-08T20:40:29.265+0000] {task_command.py:467} INFO - Running <TaskInstance: branch_dim_gen.generate_branch_dim_data scheduled__2024-11-10T00:00:00+00:00 [running]> on host 7e959c1a2a8b
[2025-02-08T20:40:29.425+0000] {taskinstance.py:3131} INFO - Exporting env vars: AIRFLOW_CTX_DAG_OWNER='Saleh' AIRFLOW_CTX_DAG_ID='branch_dim_gen' AIRFLOW_CTX_TASK_ID='generate_branch_dim_data' AIRFLOW_CTX_EXECUTION_DATE='2024-11-10T00:00:00+00:00' AIRFLOW_CTX_TRY_NUMBER='1' AIRFLOW_CTX_DAG_RUN_ID='scheduled__2024-11-10T00:00:00+00:00'
[2025-02-08T20:40:29.427+0000] {taskinstance.py:731} INFO - ::endgroup::
[2025-02-08T20:40:29.506+0000] {logging_mixin.py:190} INFO - CSV file './branch_dim_large_data.csv' with 50 rows has been generated successfully.
[2025-02-08T20:40:29.679+0000] {python.py:240} INFO - Done. Returned value was: None
[2025-02-08T20:40:29.708+0000] {taskinstance.py:340} INFO - ::group::Post task execution logs
[2025-02-08T20:40:29.709+0000] {taskinstance.py:352} INFO - Marking task as SUCCESS. dag_id=branch_dim_gen, task_id=generate_branch_dim_data, run_id=scheduled__2024-11-10T00:00:00+00:00, execution_date=20241110T000000, start_date=20250208T204029, end_date=20250208T204029
[2025-02-08T20:40:29.805+0000] {local_task_job_runner.py:266} INFO - Task exited with return code 0
[2025-02-08T20:40:29.832+0000] {taskinstance.py:3900} INFO - 0 downstream tasks scheduled from follow-on schedule check
[2025-02-08T20:40:29.844+0000] {local_task_job_runner.py:245} INFO - ::endgroup::
