[2025-02-08T19:02:20.905+0000] {local_task_job_runner.py:123} INFO - ::group::Pre task execution logs
[2025-02-08T19:02:20.927+0000] {taskinstance.py:2612} INFO - Dependencies all met for dep_context=non-requeueable deps ti=<TaskInstance: branch_dim_gen.generate_branch_dim_data scheduled__2024-10-11T00:00:00+00:00 [queued]>
[2025-02-08T19:02:20.948+0000] {taskinstance.py:2612} INFO - Dependencies all met for dep_context=requeueable deps ti=<TaskInstance: branch_dim_gen.generate_branch_dim_data scheduled__2024-10-11T00:00:00+00:00 [queued]>
[2025-02-08T19:02:20.950+0000] {taskinstance.py:2865} INFO - Starting attempt 1 of 1
[2025-02-08T19:02:20.983+0000] {taskinstance.py:2888} INFO - Executing <Task(PythonOperator): generate_branch_dim_data> on 2024-10-11 00:00:00+00:00
[2025-02-08T19:02:20.993+0000] {logging_mixin.py:190} WARNING - /home/***/.local/lib/python3.12/site-packages/***/task/task_runner/standard_task_runner.py:70 DeprecationWarning: This process (pid=1381) is multi-threaded, use of fork() may lead to deadlocks in the child.
[2025-02-08T19:02:20.992+0000] {standard_task_runner.py:104} INFO - Running: ['***', 'tasks', 'run', 'branch_dim_gen', 'generate_branch_dim_data', 'scheduled__2024-10-11T00:00:00+00:00', '--job-id', '210', '--raw', '--subdir', 'DAGS_FOLDER/brnach_dim_gen.py', '--cfg-path', '/tmp/tmpakmlsf8r']
[2025-02-08T19:02:20.996+0000] {standard_task_runner.py:72} INFO - Started process 1409 to run task
[2025-02-08T19:02:20.997+0000] {standard_task_runner.py:105} INFO - Job 210: Subtask generate_branch_dim_data
[2025-02-08T19:02:21.064+0000] {task_command.py:467} INFO - Running <TaskInstance: branch_dim_gen.generate_branch_dim_data scheduled__2024-10-11T00:00:00+00:00 [running]> on host 2c1cd59afcc0
[2025-02-08T19:02:21.172+0000] {taskinstance.py:3131} INFO - Exporting env vars: AIRFLOW_CTX_DAG_OWNER='Saleh' AIRFLOW_CTX_DAG_ID='branch_dim_gen' AIRFLOW_CTX_TASK_ID='generate_branch_dim_data' AIRFLOW_CTX_EXECUTION_DATE='2024-10-11T00:00:00+00:00' AIRFLOW_CTX_TRY_NUMBER='1' AIRFLOW_CTX_DAG_RUN_ID='scheduled__2024-10-11T00:00:00+00:00'
[2025-02-08T19:02:21.174+0000] {taskinstance.py:731} INFO - ::endgroup::
[2025-02-08T19:02:21.203+0000] {logging_mixin.py:190} INFO - CSV file './branch_dim_large_data.csv' with 50 rows has been generated successfully.
[2025-02-08T19:02:21.204+0000] {python.py:240} INFO - Done. Returned value was: None
[2025-02-08T19:02:21.217+0000] {taskinstance.py:340} INFO - ::group::Post task execution logs
[2025-02-08T19:02:21.218+0000] {taskinstance.py:352} INFO - Marking task as SUCCESS. dag_id=branch_dim_gen, task_id=generate_branch_dim_data, run_id=scheduled__2024-10-11T00:00:00+00:00, execution_date=20241011T000000, start_date=20250208T190220, end_date=20250208T190221
[2025-02-08T19:02:21.379+0000] {local_task_job_runner.py:266} INFO - Task exited with return code 0
[2025-02-08T19:02:21.396+0000] {taskinstance.py:3900} INFO - 0 downstream tasks scheduled from follow-on schedule check
[2025-02-08T19:02:21.400+0000] {local_task_job_runner.py:245} INFO - ::endgroup::
[2025-02-08T20:40:00.563+0000] {local_task_job_runner.py:123} INFO - ::group::Pre task execution logs
[2025-02-08T20:40:00.594+0000] {taskinstance.py:2612} INFO - Dependencies all met for dep_context=non-requeueable deps ti=<TaskInstance: branch_dim_gen.generate_branch_dim_data scheduled__2024-10-11T00:00:00+00:00 [queued]>
[2025-02-08T20:40:00.609+0000] {taskinstance.py:2612} INFO - Dependencies all met for dep_context=requeueable deps ti=<TaskInstance: branch_dim_gen.generate_branch_dim_data scheduled__2024-10-11T00:00:00+00:00 [queued]>
[2025-02-08T20:40:00.610+0000] {taskinstance.py:2865} INFO - Starting attempt 1 of 1
[2025-02-08T20:40:00.791+0000] {taskinstance.py:2888} INFO - Executing <Task(PythonOperator): generate_branch_dim_data> on 2024-10-11 00:00:00+00:00
[2025-02-08T20:40:00.801+0000] {logging_mixin.py:190} WARNING - /home/***/.local/lib/python3.12/site-packages/***/task/task_runner/standard_task_runner.py:70 DeprecationWarning: This process (pid=925) is multi-threaded, use of fork() may lead to deadlocks in the child.
[2025-02-08T20:40:00.802+0000] {standard_task_runner.py:72} INFO - Started process 953 to run task
[2025-02-08T20:40:00.802+0000] {standard_task_runner.py:104} INFO - Running: ['***', 'tasks', 'run', 'branch_dim_gen', 'generate_branch_dim_data', 'scheduled__2024-10-11T00:00:00+00:00', '--job-id', '87', '--raw', '--subdir', 'DAGS_FOLDER/brnach_dim_gen.py', '--cfg-path', '/tmp/tmpaaf27r_4']
[2025-02-08T20:40:00.807+0000] {standard_task_runner.py:105} INFO - Job 87: Subtask generate_branch_dim_data
[2025-02-08T20:40:00.872+0000] {task_command.py:467} INFO - Running <TaskInstance: branch_dim_gen.generate_branch_dim_data scheduled__2024-10-11T00:00:00+00:00 [running]> on host 7e959c1a2a8b
[2025-02-08T20:40:00.995+0000] {taskinstance.py:3131} INFO - Exporting env vars: AIRFLOW_CTX_DAG_OWNER='Saleh' AIRFLOW_CTX_DAG_ID='branch_dim_gen' AIRFLOW_CTX_TASK_ID='generate_branch_dim_data' AIRFLOW_CTX_EXECUTION_DATE='2024-10-11T00:00:00+00:00' AIRFLOW_CTX_TRY_NUMBER='1' AIRFLOW_CTX_DAG_RUN_ID='scheduled__2024-10-11T00:00:00+00:00'
[2025-02-08T20:40:00.997+0000] {taskinstance.py:731} INFO - ::endgroup::
[2025-02-08T20:40:01.024+0000] {logging_mixin.py:190} INFO - CSV file './branch_dim_large_data.csv' with 50 rows has been generated successfully.
[2025-02-08T20:40:01.025+0000] {python.py:240} INFO - Done. Returned value was: None
[2025-02-08T20:40:01.036+0000] {taskinstance.py:340} INFO - ::group::Post task execution logs
[2025-02-08T20:40:01.037+0000] {taskinstance.py:352} INFO - Marking task as SUCCESS. dag_id=branch_dim_gen, task_id=generate_branch_dim_data, run_id=scheduled__2024-10-11T00:00:00+00:00, execution_date=20241011T000000, start_date=20250208T204000, end_date=20250208T204001
[2025-02-08T20:40:01.108+0000] {local_task_job_runner.py:266} INFO - Task exited with return code 0
[2025-02-08T20:40:01.124+0000] {taskinstance.py:3900} INFO - 0 downstream tasks scheduled from follow-on schedule check
[2025-02-08T20:40:01.127+0000] {local_task_job_runner.py:245} INFO - ::endgroup::
