[2025-02-08T19:00:25.584+0000] {local_task_job_runner.py:123} INFO - ::group::Pre task execution logs
[2025-02-08T19:00:25.597+0000] {taskinstance.py:2612} INFO - Dependencies all met for dep_context=non-requeueable deps ti=<TaskInstance: account_dim_gen.generate_account_dim_data scheduled__2024-10-30T00:00:00+00:00 [queued]>
[2025-02-08T19:00:25.606+0000] {taskinstance.py:2612} INFO - Dependencies all met for dep_context=requeueable deps ti=<TaskInstance: account_dim_gen.generate_account_dim_data scheduled__2024-10-30T00:00:00+00:00 [queued]>
[2025-02-08T19:00:25.606+0000] {taskinstance.py:2865} INFO - Starting attempt 1 of 1
[2025-02-08T19:00:25.693+0000] {taskinstance.py:2888} INFO - Executing <Task(PythonOperator): generate_account_dim_data> on 2024-10-30 00:00:00+00:00
[2025-02-08T19:00:25.701+0000] {logging_mixin.py:190} WARNING - /home/***/.local/lib/python3.12/site-packages/***/task/task_runner/standard_task_runner.py:70 DeprecationWarning: This process (pid=665) is multi-threaded, use of fork() may lead to deadlocks in the child.
[2025-02-08T19:00:25.702+0000] {standard_task_runner.py:72} INFO - Started process 687 to run task
[2025-02-08T19:00:25.701+0000] {standard_task_runner.py:104} INFO - Running: ['***', 'tasks', 'run', 'account_dim_gen', 'generate_account_dim_data', 'scheduled__2024-10-30T00:00:00+00:00', '--job-id', '54', '--raw', '--subdir', 'DAGS_FOLDER/account_dim_gen.py', '--cfg-path', '/tmp/tmp_wrjcgny']
[2025-02-08T19:00:25.703+0000] {standard_task_runner.py:105} INFO - Job 54: Subtask generate_account_dim_data
[2025-02-08T19:00:25.742+0000] {task_command.py:467} INFO - Running <TaskInstance: account_dim_gen.generate_account_dim_data scheduled__2024-10-30T00:00:00+00:00 [running]> on host 2c1cd59afcc0
[2025-02-08T19:00:25.820+0000] {taskinstance.py:3131} INFO - Exporting env vars: AIRFLOW_CTX_DAG_OWNER='Saleh' AIRFLOW_CTX_DAG_ID='account_dim_gen' AIRFLOW_CTX_TASK_ID='generate_account_dim_data' AIRFLOW_CTX_EXECUTION_DATE='2024-10-30T00:00:00+00:00' AIRFLOW_CTX_TRY_NUMBER='1' AIRFLOW_CTX_DAG_RUN_ID='scheduled__2024-10-30T00:00:00+00:00'
[2025-02-08T19:00:25.821+0000] {taskinstance.py:731} INFO - ::endgroup::
[2025-02-08T19:00:25.838+0000] {logging_mixin.py:190} INFO - CSV file ./account_dim_large_data.csv with 50 row has been generated successfully!
[2025-02-08T19:00:25.839+0000] {python.py:240} INFO - Done. Returned value was: None
[2025-02-08T19:00:25.846+0000] {taskinstance.py:340} INFO - ::group::Post task execution logs
[2025-02-08T19:00:25.846+0000] {taskinstance.py:352} INFO - Marking task as SUCCESS. dag_id=account_dim_gen, task_id=generate_account_dim_data, run_id=scheduled__2024-10-30T00:00:00+00:00, execution_date=20241030T000000, start_date=20250208T190025, end_date=20250208T190025
[2025-02-08T19:00:25.876+0000] {local_task_job_runner.py:266} INFO - Task exited with return code 0
[2025-02-08T19:00:25.891+0000] {taskinstance.py:3900} INFO - 0 downstream tasks scheduled from follow-on schedule check
[2025-02-08T19:00:25.893+0000] {local_task_job_runner.py:245} INFO - ::endgroup::
[2025-02-08T20:40:16.537+0000] {local_task_job_runner.py:123} INFO - ::group::Pre task execution logs
[2025-02-08T20:40:16.561+0000] {taskinstance.py:2612} INFO - Dependencies all met for dep_context=non-requeueable deps ti=<TaskInstance: account_dim_gen.generate_account_dim_data scheduled__2024-10-30T00:00:00+00:00 [queued]>
[2025-02-08T20:40:16.572+0000] {taskinstance.py:2612} INFO - Dependencies all met for dep_context=requeueable deps ti=<TaskInstance: account_dim_gen.generate_account_dim_data scheduled__2024-10-30T00:00:00+00:00 [queued]>
[2025-02-08T20:40:16.573+0000] {taskinstance.py:2865} INFO - Starting attempt 1 of 1
[2025-02-08T20:40:16.591+0000] {taskinstance.py:2888} INFO - Executing <Task(PythonOperator): generate_account_dim_data> on 2024-10-30 00:00:00+00:00
[2025-02-08T20:40:16.602+0000] {logging_mixin.py:190} WARNING - /home/***/.local/lib/python3.12/site-packages/***/task/task_runner/standard_task_runner.py:70 DeprecationWarning: This process (pid=1167) is multi-threaded, use of fork() may lead to deadlocks in the child.
[2025-02-08T20:40:16.604+0000] {standard_task_runner.py:72} INFO - Started process 1188 to run task
[2025-02-08T20:40:16.603+0000] {standard_task_runner.py:104} INFO - Running: ['***', 'tasks', 'run', 'account_dim_gen', 'generate_account_dim_data', 'scheduled__2024-10-30T00:00:00+00:00', '--job-id', '141', '--raw', '--subdir', 'DAGS_FOLDER/account_dim_gen.py', '--cfg-path', '/tmp/tmper70s2sd']
[2025-02-08T20:40:16.605+0000] {standard_task_runner.py:105} INFO - Job 141: Subtask generate_account_dim_data
[2025-02-08T20:40:16.645+0000] {task_command.py:467} INFO - Running <TaskInstance: account_dim_gen.generate_account_dim_data scheduled__2024-10-30T00:00:00+00:00 [running]> on host 7e959c1a2a8b
[2025-02-08T20:40:16.726+0000] {taskinstance.py:3131} INFO - Exporting env vars: AIRFLOW_CTX_DAG_OWNER='Saleh' AIRFLOW_CTX_DAG_ID='account_dim_gen' AIRFLOW_CTX_TASK_ID='generate_account_dim_data' AIRFLOW_CTX_EXECUTION_DATE='2024-10-30T00:00:00+00:00' AIRFLOW_CTX_TRY_NUMBER='1' AIRFLOW_CTX_DAG_RUN_ID='scheduled__2024-10-30T00:00:00+00:00'
[2025-02-08T20:40:16.728+0000] {taskinstance.py:731} INFO - ::endgroup::
[2025-02-08T20:40:16.745+0000] {logging_mixin.py:190} INFO - CSV file ./account_dim_large_data.csv with 50 row has been generated successfully!
[2025-02-08T20:40:16.745+0000] {python.py:240} INFO - Done. Returned value was: None
[2025-02-08T20:40:16.753+0000] {taskinstance.py:340} INFO - ::group::Post task execution logs
[2025-02-08T20:40:16.753+0000] {taskinstance.py:352} INFO - Marking task as SUCCESS. dag_id=account_dim_gen, task_id=generate_account_dim_data, run_id=scheduled__2024-10-30T00:00:00+00:00, execution_date=20241030T000000, start_date=20250208T204016, end_date=20250208T204016
[2025-02-08T20:40:16.778+0000] {local_task_job_runner.py:266} INFO - Task exited with return code 0
[2025-02-08T20:40:16.792+0000] {taskinstance.py:3900} INFO - 0 downstream tasks scheduled from follow-on schedule check
[2025-02-08T20:40:16.794+0000] {local_task_job_runner.py:245} INFO - ::endgroup::
