[2025-02-08T19:00:11.233+0000] {local_task_job_runner.py:123} INFO - ::group::Pre task execution logs
[2025-02-08T19:00:11.248+0000] {taskinstance.py:2612} INFO - Dependencies all met for dep_context=non-requeueable deps ti=<TaskInstance: account_dim_gen.generate_account_dim_data scheduled__2024-10-01T00:00:00+00:00 [queued]>
[2025-02-08T19:00:11.258+0000] {taskinstance.py:2612} INFO - Dependencies all met for dep_context=requeueable deps ti=<TaskInstance: account_dim_gen.generate_account_dim_data scheduled__2024-10-01T00:00:00+00:00 [queued]>
[2025-02-08T19:00:11.262+0000] {taskinstance.py:2865} INFO - Starting attempt 1 of 1
[2025-02-08T19:00:11.288+0000] {taskinstance.py:2888} INFO - Executing <Task(PythonOperator): generate_account_dim_data> on 2024-10-01 00:00:00+00:00
[2025-02-08T19:00:11.301+0000] {logging_mixin.py:190} WARNING - /home/***/.local/lib/python3.12/site-packages/***/task/task_runner/standard_task_runner.py:70 DeprecationWarning: This process (pid=552) is multi-threaded, use of fork() may lead to deadlocks in the child.
[2025-02-08T19:00:11.302+0000] {standard_task_runner.py:72} INFO - Started process 572 to run task
[2025-02-08T19:00:11.304+0000] {standard_task_runner.py:104} INFO - Running: ['***', 'tasks', 'run', 'account_dim_gen', 'generate_account_dim_data', 'scheduled__2024-10-01T00:00:00+00:00', '--job-id', '27', '--raw', '--subdir', 'DAGS_FOLDER/account_dim_gen.py', '--cfg-path', '/tmp/tmpk2zplos3']
[2025-02-08T19:00:11.306+0000] {standard_task_runner.py:105} INFO - Job 27: Subtask generate_account_dim_data
[2025-02-08T19:00:11.395+0000] {task_command.py:467} INFO - Running <TaskInstance: account_dim_gen.generate_account_dim_data scheduled__2024-10-01T00:00:00+00:00 [running]> on host 2c1cd59afcc0
[2025-02-08T19:00:11.569+0000] {taskinstance.py:3131} INFO - Exporting env vars: AIRFLOW_CTX_DAG_OWNER='Saleh' AIRFLOW_CTX_DAG_ID='account_dim_gen' AIRFLOW_CTX_TASK_ID='generate_account_dim_data' AIRFLOW_CTX_EXECUTION_DATE='2024-10-01T00:00:00+00:00' AIRFLOW_CTX_TRY_NUMBER='1' AIRFLOW_CTX_DAG_RUN_ID='scheduled__2024-10-01T00:00:00+00:00'
[2025-02-08T19:00:11.571+0000] {taskinstance.py:731} INFO - ::endgroup::
[2025-02-08T19:00:11.590+0000] {logging_mixin.py:190} INFO - CSV file ./account_dim_large_data.csv with 50 row has been generated successfully!
[2025-02-08T19:00:11.591+0000] {python.py:240} INFO - Done. Returned value was: None
[2025-02-08T19:00:11.598+0000] {taskinstance.py:340} INFO - ::group::Post task execution logs
[2025-02-08T19:00:11.599+0000] {taskinstance.py:352} INFO - Marking task as SUCCESS. dag_id=account_dim_gen, task_id=generate_account_dim_data, run_id=scheduled__2024-10-01T00:00:00+00:00, execution_date=20241001T000000, start_date=20250208T190011, end_date=20250208T190011
[2025-02-08T19:00:11.678+0000] {local_task_job_runner.py:266} INFO - Task exited with return code 0
[2025-02-08T19:00:11.691+0000] {taskinstance.py:3900} INFO - 0 downstream tasks scheduled from follow-on schedule check
[2025-02-08T19:00:11.709+0000] {local_task_job_runner.py:245} INFO - ::endgroup::
[2025-02-08T20:39:51.530+0000] {local_task_job_runner.py:123} INFO - ::group::Pre task execution logs
[2025-02-08T20:39:51.554+0000] {taskinstance.py:2612} INFO - Dependencies all met for dep_context=non-requeueable deps ti=<TaskInstance: account_dim_gen.generate_account_dim_data scheduled__2024-10-01T00:00:00+00:00 [queued]>
[2025-02-08T20:39:51.572+0000] {taskinstance.py:2612} INFO - Dependencies all met for dep_context=requeueable deps ti=<TaskInstance: account_dim_gen.generate_account_dim_data scheduled__2024-10-01T00:00:00+00:00 [queued]>
[2025-02-08T20:39:51.573+0000] {taskinstance.py:2865} INFO - Starting attempt 1 of 1
[2025-02-08T20:39:51.599+0000] {taskinstance.py:2888} INFO - Executing <Task(PythonOperator): generate_account_dim_data> on 2024-10-01 00:00:00+00:00
[2025-02-08T20:39:51.620+0000] {logging_mixin.py:190} WARNING - /home/***/.local/lib/python3.12/site-packages/***/task/task_runner/standard_task_runner.py:70 DeprecationWarning: This process (pid=795) is multi-threaded, use of fork() may lead to deadlocks in the child.
[2025-02-08T20:39:51.622+0000] {standard_task_runner.py:72} INFO - Started process 820 to run task
[2025-02-08T20:39:51.626+0000] {standard_task_runner.py:104} INFO - Running: ['***', 'tasks', 'run', 'account_dim_gen', 'generate_account_dim_data', 'scheduled__2024-10-01T00:00:00+00:00', '--job-id', '54', '--raw', '--subdir', 'DAGS_FOLDER/account_dim_gen.py', '--cfg-path', '/tmp/tmp1fk35g19']
[2025-02-08T20:39:51.629+0000] {standard_task_runner.py:105} INFO - Job 54: Subtask generate_account_dim_data
[2025-02-08T20:39:51.719+0000] {task_command.py:467} INFO - Running <TaskInstance: account_dim_gen.generate_account_dim_data scheduled__2024-10-01T00:00:00+00:00 [running]> on host 7e959c1a2a8b
[2025-02-08T20:39:51.928+0000] {taskinstance.py:3131} INFO - Exporting env vars: AIRFLOW_CTX_DAG_OWNER='Saleh' AIRFLOW_CTX_DAG_ID='account_dim_gen' AIRFLOW_CTX_TASK_ID='generate_account_dim_data' AIRFLOW_CTX_EXECUTION_DATE='2024-10-01T00:00:00+00:00' AIRFLOW_CTX_TRY_NUMBER='1' AIRFLOW_CTX_DAG_RUN_ID='scheduled__2024-10-01T00:00:00+00:00'
[2025-02-08T20:39:51.931+0000] {taskinstance.py:731} INFO - ::endgroup::
[2025-02-08T20:39:51.963+0000] {logging_mixin.py:190} INFO - CSV file ./account_dim_large_data.csv with 50 row has been generated successfully!
[2025-02-08T20:39:51.963+0000] {python.py:240} INFO - Done. Returned value was: None
[2025-02-08T20:39:51.972+0000] {taskinstance.py:340} INFO - ::group::Post task execution logs
[2025-02-08T20:39:51.972+0000] {taskinstance.py:352} INFO - Marking task as SUCCESS. dag_id=account_dim_gen, task_id=generate_account_dim_data, run_id=scheduled__2024-10-01T00:00:00+00:00, execution_date=20241001T000000, start_date=20250208T203951, end_date=20250208T203951
[2025-02-08T20:39:52.013+0000] {local_task_job_runner.py:266} INFO - Task exited with return code 0
[2025-02-08T20:39:52.034+0000] {taskinstance.py:3900} INFO - 0 downstream tasks scheduled from follow-on schedule check
[2025-02-08T20:39:52.038+0000] {local_task_job_runner.py:245} INFO - ::endgroup::
