[2025-02-08T19:02:30.832+0000] {local_task_job_runner.py:123} INFO - ::group::Pre task execution logs
[2025-02-08T19:02:30.848+0000] {taskinstance.py:2612} INFO - Dependencies all met for dep_context=non-requeueable deps ti=<TaskInstance: customer_dim_generator.generate_customer_dim_data scheduled__2024-11-17T00:00:00+00:00 [queued]>
[2025-02-08T19:02:30.856+0000] {taskinstance.py:2612} INFO - Dependencies all met for dep_context=requeueable deps ti=<TaskInstance: customer_dim_generator.generate_customer_dim_data scheduled__2024-11-17T00:00:00+00:00 [queued]>
[2025-02-08T19:02:30.857+0000] {taskinstance.py:2865} INFO - Starting attempt 1 of 1
[2025-02-08T19:02:30.869+0000] {taskinstance.py:2888} INFO - Executing <Task(PythonOperator): generate_customer_dim_data> on 2024-11-17 00:00:00+00:00
[2025-02-08T19:02:30.878+0000] {logging_mixin.py:190} WARNING - /home/***/.local/lib/python3.12/site-packages/***/task/task_runner/standard_task_runner.py:70 DeprecationWarning: This process (pid=1502) is multi-threaded, use of fork() may lead to deadlocks in the child.
[2025-02-08T19:02:30.879+0000] {standard_task_runner.py:72} INFO - Started process 1513 to run task
[2025-02-08T19:02:30.879+0000] {standard_task_runner.py:104} INFO - Running: ['***', 'tasks', 'run', 'customer_dim_generator', 'generate_customer_dim_data', 'scheduled__2024-11-17T00:00:00+00:00', '--job-id', '238', '--raw', '--subdir', 'DAGS_FOLDER/customer_dim_gen.py', '--cfg-path', '/tmp/tmpopw__ip0']
[2025-02-08T19:02:30.881+0000] {standard_task_runner.py:105} INFO - Job 238: Subtask generate_customer_dim_data
[2025-02-08T19:02:30.919+0000] {task_command.py:467} INFO - Running <TaskInstance: customer_dim_generator.generate_customer_dim_data scheduled__2024-11-17T00:00:00+00:00 [running]> on host 2c1cd59afcc0
[2025-02-08T19:02:30.986+0000] {taskinstance.py:3131} INFO - Exporting env vars: AIRFLOW_CTX_DAG_OWNER='Saleh' AIRFLOW_CTX_DAG_ID='customer_dim_generator' AIRFLOW_CTX_TASK_ID='generate_customer_dim_data' AIRFLOW_CTX_EXECUTION_DATE='2024-11-17T00:00:00+00:00' AIRFLOW_CTX_TRY_NUMBER='1' AIRFLOW_CTX_DAG_RUN_ID='scheduled__2024-11-17T00:00:00+00:00'
[2025-02-08T19:02:30.987+0000] {taskinstance.py:731} INFO - ::endgroup::
[2025-02-08T19:02:31.003+0000] {logging_mixin.py:190} INFO - CSV file './customer_dim_large_data.csv' with 100 rows has been generated successfully.
[2025-02-08T19:02:31.004+0000] {python.py:240} INFO - Done. Returned value was: None
[2025-02-08T19:02:31.011+0000] {taskinstance.py:340} INFO - ::group::Post task execution logs
[2025-02-08T19:02:31.012+0000] {taskinstance.py:352} INFO - Marking task as SUCCESS. dag_id=customer_dim_generator, task_id=generate_customer_dim_data, run_id=scheduled__2024-11-17T00:00:00+00:00, execution_date=20241117T000000, start_date=20250208T190230, end_date=20250208T190231
[2025-02-08T19:02:31.053+0000] {local_task_job_runner.py:266} INFO - Task exited with return code 0
[2025-02-08T19:02:31.066+0000] {taskinstance.py:3900} INFO - 0 downstream tasks scheduled from follow-on schedule check
[2025-02-08T19:02:31.068+0000] {local_task_job_runner.py:245} INFO - ::endgroup::
[2025-02-08T20:40:14.342+0000] {local_task_job_runner.py:123} INFO - ::group::Pre task execution logs
[2025-02-08T20:40:14.373+0000] {taskinstance.py:2612} INFO - Dependencies all met for dep_context=non-requeueable deps ti=<TaskInstance: customer_dim_generator.generate_customer_dim_data scheduled__2024-11-17T00:00:00+00:00 [queued]>
[2025-02-08T20:40:14.382+0000] {taskinstance.py:2612} INFO - Dependencies all met for dep_context=requeueable deps ti=<TaskInstance: customer_dim_generator.generate_customer_dim_data scheduled__2024-11-17T00:00:00+00:00 [queued]>
[2025-02-08T20:40:14.383+0000] {taskinstance.py:2865} INFO - Starting attempt 1 of 1
[2025-02-08T20:40:14.606+0000] {taskinstance.py:2888} INFO - Executing <Task(PythonOperator): generate_customer_dim_data> on 2024-11-17 00:00:00+00:00
[2025-02-08T20:40:14.622+0000] {logging_mixin.py:190} WARNING - /home/***/.local/lib/python3.12/site-packages/***/task/task_runner/standard_task_runner.py:70 DeprecationWarning: This process (pid=1110) is multi-threaded, use of fork() may lead to deadlocks in the child.
[2025-02-08T20:40:14.619+0000] {standard_task_runner.py:104} INFO - Running: ['***', 'tasks', 'run', 'customer_dim_generator', 'generate_customer_dim_data', 'scheduled__2024-11-17T00:00:00+00:00', '--job-id', '128', '--raw', '--subdir', 'DAGS_FOLDER/customer_dim_gen.py', '--cfg-path', '/tmp/tmpti7s7fxd']
[2025-02-08T20:40:14.625+0000] {standard_task_runner.py:105} INFO - Job 128: Subtask generate_customer_dim_data
[2025-02-08T20:40:14.625+0000] {standard_task_runner.py:72} INFO - Started process 1139 to run task
[2025-02-08T20:40:14.694+0000] {task_command.py:467} INFO - Running <TaskInstance: customer_dim_generator.generate_customer_dim_data scheduled__2024-11-17T00:00:00+00:00 [running]> on host 7e959c1a2a8b
[2025-02-08T20:40:14.900+0000] {taskinstance.py:3131} INFO - Exporting env vars: AIRFLOW_CTX_DAG_OWNER='Saleh' AIRFLOW_CTX_DAG_ID='customer_dim_generator' AIRFLOW_CTX_TASK_ID='generate_customer_dim_data' AIRFLOW_CTX_EXECUTION_DATE='2024-11-17T00:00:00+00:00' AIRFLOW_CTX_TRY_NUMBER='1' AIRFLOW_CTX_DAG_RUN_ID='scheduled__2024-11-17T00:00:00+00:00'
[2025-02-08T20:40:14.917+0000] {taskinstance.py:731} INFO - ::endgroup::
[2025-02-08T20:40:14.954+0000] {logging_mixin.py:190} INFO - CSV file './customer_dim_large_data.csv' with 100 rows has been generated successfully.
[2025-02-08T20:40:14.955+0000] {python.py:240} INFO - Done. Returned value was: None
[2025-02-08T20:40:14.965+0000] {taskinstance.py:340} INFO - ::group::Post task execution logs
[2025-02-08T20:40:14.966+0000] {taskinstance.py:352} INFO - Marking task as SUCCESS. dag_id=customer_dim_generator, task_id=generate_customer_dim_data, run_id=scheduled__2024-11-17T00:00:00+00:00, execution_date=20241117T000000, start_date=20250208T204014, end_date=20250208T204014
[2025-02-08T20:40:15.004+0000] {local_task_job_runner.py:266} INFO - Task exited with return code 0
[2025-02-08T20:40:15.017+0000] {local_task_job_runner.py:245} INFO - ::endgroup::
[2025-02-08T20:43:05.564+0000] {local_task_job_runner.py:123} INFO - ::group::Pre task execution logs
[2025-02-08T20:43:05.579+0000] {taskinstance.py:2612} INFO - Dependencies all met for dep_context=non-requeueable deps ti=<TaskInstance: customer_dim_generator.generate_customer_dim_data scheduled__2024-11-17T00:00:00+00:00 [queued]>
[2025-02-08T20:43:05.586+0000] {taskinstance.py:2612} INFO - Dependencies all met for dep_context=requeueable deps ti=<TaskInstance: customer_dim_generator.generate_customer_dim_data scheduled__2024-11-17T00:00:00+00:00 [queued]>
[2025-02-08T20:43:05.587+0000] {taskinstance.py:2865} INFO - Starting attempt 1 of 1
[2025-02-08T20:43:05.599+0000] {taskinstance.py:2888} INFO - Executing <Task(PythonOperator): generate_customer_dim_data> on 2024-11-17 00:00:00+00:00
[2025-02-08T20:43:05.609+0000] {logging_mixin.py:190} WARNING - /home/***/.local/lib/python3.12/site-packages/***/task/task_runner/standard_task_runner.py:70 DeprecationWarning: This process (pid=551) is multi-threaded, use of fork() may lead to deadlocks in the child.
[2025-02-08T20:43:05.610+0000] {standard_task_runner.py:72} INFO - Started process 569 to run task
[2025-02-08T20:43:05.609+0000] {standard_task_runner.py:104} INFO - Running: ['***', 'tasks', 'run', 'customer_dim_generator', 'generate_customer_dim_data', 'scheduled__2024-11-17T00:00:00+00:00', '--job-id', '446', '--raw', '--subdir', 'DAGS_FOLDER/customer_dim_gen.py', '--cfg-path', '/tmp/tmpvpqqygmj']
[2025-02-08T20:43:05.612+0000] {standard_task_runner.py:105} INFO - Job 446: Subtask generate_customer_dim_data
[2025-02-08T20:43:05.650+0000] {task_command.py:467} INFO - Running <TaskInstance: customer_dim_generator.generate_customer_dim_data scheduled__2024-11-17T00:00:00+00:00 [running]> on host 86932746817d
[2025-02-08T20:43:05.720+0000] {taskinstance.py:3131} INFO - Exporting env vars: AIRFLOW_CTX_DAG_OWNER='Saleh' AIRFLOW_CTX_DAG_ID='customer_dim_generator' AIRFLOW_CTX_TASK_ID='generate_customer_dim_data' AIRFLOW_CTX_EXECUTION_DATE='2024-11-17T00:00:00+00:00' AIRFLOW_CTX_TRY_NUMBER='1' AIRFLOW_CTX_DAG_RUN_ID='scheduled__2024-11-17T00:00:00+00:00'
[2025-02-08T20:43:05.722+0000] {taskinstance.py:731} INFO - ::endgroup::
[2025-02-08T20:43:05.738+0000] {logging_mixin.py:190} INFO - CSV file './customer_dim_large_data.csv' with 100 rows has been generated successfully.
[2025-02-08T20:43:05.738+0000] {python.py:240} INFO - Done. Returned value was: None
[2025-02-08T20:43:05.746+0000] {taskinstance.py:340} INFO - ::group::Post task execution logs
[2025-02-08T20:43:05.747+0000] {taskinstance.py:352} INFO - Marking task as SUCCESS. dag_id=customer_dim_generator, task_id=generate_customer_dim_data, run_id=scheduled__2024-11-17T00:00:00+00:00, execution_date=20241117T000000, start_date=20250208T204305, end_date=20250208T204305
[2025-02-08T20:43:05.785+0000] {local_task_job_runner.py:266} INFO - Task exited with return code 0
[2025-02-08T20:43:05.797+0000] {taskinstance.py:3900} INFO - 0 downstream tasks scheduled from follow-on schedule check
[2025-02-08T20:43:05.799+0000] {local_task_job_runner.py:245} INFO - ::endgroup::
