[2025-02-08T19:00:19.326+0000] {local_task_job_runner.py:123} INFO - ::group::Pre task execution logs
[2025-02-08T19:00:19.339+0000] {taskinstance.py:2612} INFO - Dependencies all met for dep_context=non-requeueable deps ti=<TaskInstance: account_dim_gen.generate_account_dim_data scheduled__2024-10-22T00:00:00+00:00 [queued]>
[2025-02-08T19:00:19.347+0000] {taskinstance.py:2612} INFO - Dependencies all met for dep_context=requeueable deps ti=<TaskInstance: account_dim_gen.generate_account_dim_data scheduled__2024-10-22T00:00:00+00:00 [queued]>
[2025-02-08T19:00:19.348+0000] {taskinstance.py:2865} INFO - Starting attempt 1 of 1
[2025-02-08T19:00:19.357+0000] {taskinstance.py:2888} INFO - Executing <Task(PythonOperator): generate_account_dim_data> on 2024-10-22 00:00:00+00:00
[2025-02-08T19:00:19.366+0000] {logging_mixin.py:190} WARNING - /home/***/.local/lib/python3.12/site-packages/***/task/task_runner/standard_task_runner.py:70 DeprecationWarning: This process (pid=641) is multi-threaded, use of fork() may lead to deadlocks in the child.
[2025-02-08T19:00:19.367+0000] {standard_task_runner.py:72} INFO - Started process 649 to run task
[2025-02-08T19:00:19.366+0000] {standard_task_runner.py:104} INFO - Running: ['***', 'tasks', 'run', 'account_dim_gen', 'generate_account_dim_data', 'scheduled__2024-10-22T00:00:00+00:00', '--job-id', '46', '--raw', '--subdir', 'DAGS_FOLDER/account_dim_gen.py', '--cfg-path', '/tmp/tmpws7humy9']
[2025-02-08T19:00:19.368+0000] {standard_task_runner.py:105} INFO - Job 46: Subtask generate_account_dim_data
[2025-02-08T19:00:19.403+0000] {task_command.py:467} INFO - Running <TaskInstance: account_dim_gen.generate_account_dim_data scheduled__2024-10-22T00:00:00+00:00 [running]> on host 2c1cd59afcc0
[2025-02-08T19:00:19.465+0000] {taskinstance.py:3131} INFO - Exporting env vars: AIRFLOW_CTX_DAG_OWNER='Saleh' AIRFLOW_CTX_DAG_ID='account_dim_gen' AIRFLOW_CTX_TASK_ID='generate_account_dim_data' AIRFLOW_CTX_EXECUTION_DATE='2024-10-22T00:00:00+00:00' AIRFLOW_CTX_TRY_NUMBER='1' AIRFLOW_CTX_DAG_RUN_ID='scheduled__2024-10-22T00:00:00+00:00'
[2025-02-08T19:00:19.466+0000] {taskinstance.py:731} INFO - ::endgroup::
[2025-02-08T19:00:19.480+0000] {logging_mixin.py:190} INFO - CSV file ./account_dim_large_data.csv with 50 row has been generated successfully!
[2025-02-08T19:00:19.481+0000] {python.py:240} INFO - Done. Returned value was: None
[2025-02-08T19:00:19.487+0000] {taskinstance.py:340} INFO - ::group::Post task execution logs
[2025-02-08T19:00:19.488+0000] {taskinstance.py:352} INFO - Marking task as SUCCESS. dag_id=account_dim_gen, task_id=generate_account_dim_data, run_id=scheduled__2024-10-22T00:00:00+00:00, execution_date=20241022T000000, start_date=20250208T190019, end_date=20250208T190019
[2025-02-08T19:00:19.541+0000] {local_task_job_runner.py:266} INFO - Task exited with return code 0
[2025-02-08T19:00:19.557+0000] {taskinstance.py:3900} INFO - 0 downstream tasks scheduled from follow-on schedule check
[2025-02-08T19:00:19.559+0000] {local_task_job_runner.py:245} INFO - ::endgroup::
[2025-02-08T20:40:08.195+0000] {local_task_job_runner.py:123} INFO - ::group::Pre task execution logs
[2025-02-08T20:40:08.222+0000] {taskinstance.py:2612} INFO - Dependencies all met for dep_context=non-requeueable deps ti=<TaskInstance: account_dim_gen.generate_account_dim_data scheduled__2024-10-22T00:00:00+00:00 [queued]>
[2025-02-08T20:40:08.238+0000] {taskinstance.py:2612} INFO - Dependencies all met for dep_context=requeueable deps ti=<TaskInstance: account_dim_gen.generate_account_dim_data scheduled__2024-10-22T00:00:00+00:00 [queued]>
[2025-02-08T20:40:08.241+0000] {taskinstance.py:2865} INFO - Starting attempt 1 of 1
[2025-02-08T20:40:08.468+0000] {taskinstance.py:2888} INFO - Executing <Task(PythonOperator): generate_account_dim_data> on 2024-10-22 00:00:00+00:00
[2025-02-08T20:40:08.479+0000] {logging_mixin.py:190} WARNING - /home/***/.local/lib/python3.12/site-packages/***/task/task_runner/standard_task_runner.py:70 DeprecationWarning: This process (pid=1035) is multi-threaded, use of fork() may lead to deadlocks in the child.
[2025-02-08T20:40:08.481+0000] {standard_task_runner.py:72} INFO - Started process 1067 to run task
[2025-02-08T20:40:08.480+0000] {standard_task_runner.py:104} INFO - Running: ['***', 'tasks', 'run', 'account_dim_gen', 'generate_account_dim_data', 'scheduled__2024-10-22T00:00:00+00:00', '--job-id', '114', '--raw', '--subdir', 'DAGS_FOLDER/account_dim_gen.py', '--cfg-path', '/tmp/tmp94e2wbl_']
[2025-02-08T20:40:08.484+0000] {standard_task_runner.py:105} INFO - Job 114: Subtask generate_account_dim_data
[2025-02-08T20:40:08.581+0000] {task_command.py:467} INFO - Running <TaskInstance: account_dim_gen.generate_account_dim_data scheduled__2024-10-22T00:00:00+00:00 [running]> on host 7e959c1a2a8b
[2025-02-08T20:40:08.861+0000] {taskinstance.py:3131} INFO - Exporting env vars: AIRFLOW_CTX_DAG_OWNER='Saleh' AIRFLOW_CTX_DAG_ID='account_dim_gen' AIRFLOW_CTX_TASK_ID='generate_account_dim_data' AIRFLOW_CTX_EXECUTION_DATE='2024-10-22T00:00:00+00:00' AIRFLOW_CTX_TRY_NUMBER='1' AIRFLOW_CTX_DAG_RUN_ID='scheduled__2024-10-22T00:00:00+00:00'
[2025-02-08T20:40:08.863+0000] {taskinstance.py:731} INFO - ::endgroup::
[2025-02-08T20:40:08.888+0000] {logging_mixin.py:190} INFO - CSV file ./account_dim_large_data.csv with 50 row has been generated successfully!
[2025-02-08T20:40:08.888+0000] {python.py:240} INFO - Done. Returned value was: None
[2025-02-08T20:40:08.905+0000] {taskinstance.py:340} INFO - ::group::Post task execution logs
[2025-02-08T20:40:08.906+0000] {taskinstance.py:352} INFO - Marking task as SUCCESS. dag_id=account_dim_gen, task_id=generate_account_dim_data, run_id=scheduled__2024-10-22T00:00:00+00:00, execution_date=20241022T000000, start_date=20250208T204008, end_date=20250208T204008
[2025-02-08T20:40:08.999+0000] {local_task_job_runner.py:266} INFO - Task exited with return code 0
[2025-02-08T20:40:09.018+0000] {taskinstance.py:3900} INFO - 0 downstream tasks scheduled from follow-on schedule check
[2025-02-08T20:40:09.021+0000] {local_task_job_runner.py:245} INFO - ::endgroup::
