[2025-02-08T10:58:45.362+0000] {local_task_job_runner.py:123} INFO - ::group::Pre task execution logs
[2025-02-08T10:58:45.385+0000] {taskinstance.py:2612} INFO - Dependencies all met for dep_context=non-requeueable deps ti=<TaskInstance: example_branch_operator.venv_b manual__2025-02-08T10:58:24.598600+00:00 [queued]>
[2025-02-08T10:58:45.396+0000] {taskinstance.py:2612} INFO - Dependencies all met for dep_context=requeueable deps ti=<TaskInstance: example_branch_operator.venv_b manual__2025-02-08T10:58:24.598600+00:00 [queued]>
[2025-02-08T10:58:45.397+0000] {taskinstance.py:2865} INFO - Starting attempt 1 of 1
[2025-02-08T10:58:45.409+0000] {taskinstance.py:2888} INFO - Executing <Task(PythonVirtualenvOperator): venv_b> on 2025-02-08 10:58:24.598600+00:00
[2025-02-08T10:58:45.419+0000] {standard_task_runner.py:104} INFO - Running: ['***', 'tasks', 'run', 'example_branch_operator', 'venv_b', 'manual__2025-02-08T10:58:24.598600+00:00', '--job-id', '13', '--raw', '--subdir', '/home/***/.local/lib/python3.12/site-packages/***/example_dags/example_branch_operator.py', '--cfg-path', '/tmp/tmp_j0iaw0c']
[2025-02-08T10:58:45.421+0000] {standard_task_runner.py:105} INFO - Job 13: Subtask venv_b
[2025-02-08T10:58:45.422+0000] {logging_mixin.py:190} WARNING - /home/***/.local/lib/python3.12/site-packages/***/task/task_runner/standard_task_runner.py:70 DeprecationWarning: This process (pid=4616) is multi-threaded, use of fork() may lead to deadlocks in the child.
[2025-02-08T10:58:45.423+0000] {standard_task_runner.py:72} INFO - Started process 4634 to run task
[2025-02-08T10:58:45.458+0000] {task_command.py:467} INFO - Running <TaskInstance: example_branch_operator.venv_b manual__2025-02-08T10:58:24.598600+00:00 [running]> on host d1b449c2efe4
[2025-02-08T10:58:45.516+0000] {taskinstance.py:3131} INFO - Exporting env vars: AIRFLOW_CTX_DAG_OWNER='***' AIRFLOW_CTX_DAG_ID='example_branch_operator' AIRFLOW_CTX_TASK_ID='venv_b' AIRFLOW_CTX_EXECUTION_DATE='2025-02-08T10:58:24.598600+00:00' AIRFLOW_CTX_TRY_NUMBER='1' AIRFLOW_CTX_DAG_RUN_ID='manual__2025-02-08T10:58:24.598600+00:00'
[2025-02-08T10:58:45.518+0000] {logging_mixin.py:190} INFO - Task instance is in running state
[2025-02-08T10:58:45.518+0000] {logging_mixin.py:190} INFO -  Previous state of the Task instance: queued
[2025-02-08T10:58:45.519+0000] {logging_mixin.py:190} INFO - Current task name:venv_b state:running start_date:2025-02-08 10:58:45.386059+00:00
[2025-02-08T10:58:45.519+0000] {logging_mixin.py:190} INFO - Dag name:example_branch_operator and current dag run status:running
[2025-02-08T10:58:45.519+0000] {taskinstance.py:731} INFO - ::endgroup::
[2025-02-08T10:58:45.520+0000] {baseoperator.py:405} WARNING - PythonVirtualenvOperator.execute cannot be called outside TaskInstance!
[2025-02-08T10:58:45.526+0000] {python.py:809} INFO - Python virtual environment will be cached in /tmp/venv-5ea997a7
[2025-02-08T10:58:45.528+0000] {python.py:823} INFO - Re-using cached Python virtual environment in /tmp/venv-5ea997a7
[2025-02-08T10:58:45.534+0000] {process_utils.py:186} INFO - Executing cmd: /tmp/venv-5ea997a7/bin/python /tmp/venv-callq6fw7uyf/script.py /tmp/venv-callq6fw7uyf/script.in /tmp/venv-callq6fw7uyf/script.out /tmp/venv-callq6fw7uyf/string_args.txt /tmp/venv-callq6fw7uyf/termination.log
[2025-02-08T10:58:45.534+0000] {process_utils.py:190} INFO - Output:
[2025-02-08T10:58:47.633+0000] {process_utils.py:194} INFO - Hello World with some numpy stuff: [0 1 2 3 4 5]
[2025-02-08T10:58:47.905+0000] {python.py:240} INFO - Done. Returned value was: None
[2025-02-08T10:58:47.912+0000] {taskinstance.py:340} INFO - ::group::Post task execution logs
[2025-02-08T10:58:47.912+0000] {taskinstance.py:352} INFO - Marking task as SUCCESS. dag_id=example_branch_operator, task_id=venv_b, run_id=manual__2025-02-08T10:58:24.598600+00:00, execution_date=20250208T105824, start_date=20250208T105845, end_date=20250208T105847
[2025-02-08T10:58:47.922+0000] {logging_mixin.py:190} INFO - Task instance in success state
[2025-02-08T10:58:47.922+0000] {logging_mixin.py:190} INFO -  Previous state of the Task instance: running
[2025-02-08T10:58:47.923+0000] {logging_mixin.py:190} INFO - Dag name:example_branch_operator queued_at:2025-02-08 10:58:24.622215+00:00
[2025-02-08T10:58:47.923+0000] {logging_mixin.py:190} INFO - Task hostname:d1b449c2efe4 operator:PythonVirtualenvOperator
[2025-02-08T10:58:47.964+0000] {local_task_job_runner.py:266} INFO - Task exited with return code 0
[2025-02-08T10:58:47.976+0000] {taskinstance.py:3900} INFO - 0 downstream tasks scheduled from follow-on schedule check
[2025-02-08T10:58:47.979+0000] {local_task_job_runner.py:245} INFO - ::endgroup::
