[2025-02-08T19:00:31.334+0000] {local_task_job_runner.py:123} INFO - ::group::Pre task execution logs
[2025-02-08T19:00:31.350+0000] {taskinstance.py:2612} INFO - Dependencies all met for dep_context=non-requeueable deps ti=<TaskInstance: account_dim_gen.generate_account_dim_data scheduled__2024-11-09T00:00:00+00:00 [queued]>
[2025-02-08T19:00:31.358+0000] {taskinstance.py:2612} INFO - Dependencies all met for dep_context=requeueable deps ti=<TaskInstance: account_dim_gen.generate_account_dim_data scheduled__2024-11-09T00:00:00+00:00 [queued]>
[2025-02-08T19:00:31.358+0000] {taskinstance.py:2865} INFO - Starting attempt 1 of 1
[2025-02-08T19:00:31.372+0000] {taskinstance.py:2888} INFO - Executing <Task(PythonOperator): generate_account_dim_data> on 2024-11-09 00:00:00+00:00
[2025-02-08T19:00:31.381+0000] {logging_mixin.py:190} WARNING - /home/***/.local/lib/python3.12/site-packages/***/task/task_runner/standard_task_runner.py:70 DeprecationWarning: This process (pid=715) is multi-threaded, use of fork() may lead to deadlocks in the child.
[2025-02-08T19:00:31.382+0000] {standard_task_runner.py:72} INFO - Started process 733 to run task
[2025-02-08T19:00:31.382+0000] {standard_task_runner.py:104} INFO - Running: ['***', 'tasks', 'run', 'account_dim_gen', 'generate_account_dim_data', 'scheduled__2024-11-09T00:00:00+00:00', '--job-id', '64', '--raw', '--subdir', 'DAGS_FOLDER/account_dim_gen.py', '--cfg-path', '/tmp/tmp2_ggev4m']
[2025-02-08T19:00:31.385+0000] {standard_task_runner.py:105} INFO - Job 64: Subtask generate_account_dim_data
[2025-02-08T19:00:31.432+0000] {task_command.py:467} INFO - Running <TaskInstance: account_dim_gen.generate_account_dim_data scheduled__2024-11-09T00:00:00+00:00 [running]> on host 2c1cd59afcc0
[2025-02-08T19:00:31.512+0000] {taskinstance.py:3131} INFO - Exporting env vars: AIRFLOW_CTX_DAG_OWNER='Saleh' AIRFLOW_CTX_DAG_ID='account_dim_gen' AIRFLOW_CTX_TASK_ID='generate_account_dim_data' AIRFLOW_CTX_EXECUTION_DATE='2024-11-09T00:00:00+00:00' AIRFLOW_CTX_TRY_NUMBER='1' AIRFLOW_CTX_DAG_RUN_ID='scheduled__2024-11-09T00:00:00+00:00'
[2025-02-08T19:00:31.513+0000] {taskinstance.py:731} INFO - ::endgroup::
[2025-02-08T19:00:31.533+0000] {logging_mixin.py:190} INFO - CSV file ./account_dim_large_data.csv with 50 row has been generated successfully!
[2025-02-08T19:00:31.533+0000] {python.py:240} INFO - Done. Returned value was: None
[2025-02-08T19:00:31.541+0000] {taskinstance.py:340} INFO - ::group::Post task execution logs
[2025-02-08T19:00:31.542+0000] {taskinstance.py:352} INFO - Marking task as SUCCESS. dag_id=account_dim_gen, task_id=generate_account_dim_data, run_id=scheduled__2024-11-09T00:00:00+00:00, execution_date=20241109T000000, start_date=20250208T190031, end_date=20250208T190031
[2025-02-08T19:00:31.598+0000] {local_task_job_runner.py:266} INFO - Task exited with return code 0
[2025-02-08T19:00:31.606+0000] {local_task_job_runner.py:245} INFO - ::endgroup::
[2025-02-08T20:40:24.177+0000] {local_task_job_runner.py:123} INFO - ::group::Pre task execution logs
[2025-02-08T20:40:24.197+0000] {taskinstance.py:2612} INFO - Dependencies all met for dep_context=non-requeueable deps ti=<TaskInstance: account_dim_gen.generate_account_dim_data scheduled__2024-11-09T00:00:00+00:00 [queued]>
[2025-02-08T20:40:24.272+0000] {taskinstance.py:2612} INFO - Dependencies all met for dep_context=requeueable deps ti=<TaskInstance: account_dim_gen.generate_account_dim_data scheduled__2024-11-09T00:00:00+00:00 [queued]>
[2025-02-08T20:40:24.277+0000] {taskinstance.py:2865} INFO - Starting attempt 1 of 1
[2025-02-08T20:40:24.293+0000] {taskinstance.py:2888} INFO - Executing <Task(PythonOperator): generate_account_dim_data> on 2024-11-09 00:00:00+00:00
[2025-02-08T20:40:24.370+0000] {logging_mixin.py:190} WARNING - /home/***/.local/lib/python3.12/site-packages/***/task/task_runner/standard_task_runner.py:70 DeprecationWarning: This process (pid=1282) is multi-threaded, use of fork() may lead to deadlocks in the child.
[2025-02-08T20:40:24.370+0000] {standard_task_runner.py:104} INFO - Running: ['***', 'tasks', 'run', 'account_dim_gen', 'generate_account_dim_data', 'scheduled__2024-11-09T00:00:00+00:00', '--job-id', '170', '--raw', '--subdir', 'DAGS_FOLDER/account_dim_gen.py', '--cfg-path', '/tmp/tmprb083qkh']
[2025-02-08T20:40:24.389+0000] {standard_task_runner.py:72} INFO - Started process 1298 to run task
[2025-02-08T20:40:24.390+0000] {standard_task_runner.py:105} INFO - Job 170: Subtask generate_account_dim_data
[2025-02-08T20:40:24.515+0000] {task_command.py:467} INFO - Running <TaskInstance: account_dim_gen.generate_account_dim_data scheduled__2024-11-09T00:00:00+00:00 [running]> on host 7e959c1a2a8b
[2025-02-08T20:40:24.607+0000] {taskinstance.py:3131} INFO - Exporting env vars: AIRFLOW_CTX_DAG_OWNER='Saleh' AIRFLOW_CTX_DAG_ID='account_dim_gen' AIRFLOW_CTX_TASK_ID='generate_account_dim_data' AIRFLOW_CTX_EXECUTION_DATE='2024-11-09T00:00:00+00:00' AIRFLOW_CTX_TRY_NUMBER='1' AIRFLOW_CTX_DAG_RUN_ID='scheduled__2024-11-09T00:00:00+00:00'
[2025-02-08T20:40:24.608+0000] {taskinstance.py:731} INFO - ::endgroup::
[2025-02-08T20:40:24.627+0000] {logging_mixin.py:190} INFO - CSV file ./account_dim_large_data.csv with 50 row has been generated successfully!
[2025-02-08T20:40:24.628+0000] {python.py:240} INFO - Done. Returned value was: None
[2025-02-08T20:40:24.635+0000] {taskinstance.py:340} INFO - ::group::Post task execution logs
[2025-02-08T20:40:24.635+0000] {taskinstance.py:352} INFO - Marking task as SUCCESS. dag_id=account_dim_gen, task_id=generate_account_dim_data, run_id=scheduled__2024-11-09T00:00:00+00:00, execution_date=20241109T000000, start_date=20250208T204024, end_date=20250208T204024
[2025-02-08T20:40:24.663+0000] {local_task_job_runner.py:266} INFO - Task exited with return code 0
[2025-02-08T20:40:24.675+0000] {taskinstance.py:3900} INFO - 0 downstream tasks scheduled from follow-on schedule check
[2025-02-08T20:40:24.677+0000] {local_task_job_runner.py:245} INFO - ::endgroup::
