[2025-02-08T10:58:26.273+0000] {local_task_job_runner.py:123} INFO - ::group::Pre task execution logs
[2025-02-08T10:58:26.291+0000] {taskinstance.py:2612} INFO - Dependencies all met for dep_context=non-requeueable deps ti=<TaskInstance: example_branch_operator.branching scheduled__2025-02-07T00:00:00+00:00 [queued]>
[2025-02-08T10:58:26.300+0000] {taskinstance.py:2612} INFO - Dependencies all met for dep_context=requeueable deps ti=<TaskInstance: example_branch_operator.branching scheduled__2025-02-07T00:00:00+00:00 [queued]>
[2025-02-08T10:58:26.300+0000] {taskinstance.py:2865} INFO - Starting attempt 1 of 1
[2025-02-08T10:58:26.313+0000] {taskinstance.py:2888} INFO - Executing <Task(BranchPythonOperator): branching> on 2025-02-07 00:00:00+00:00
[2025-02-08T10:58:26.321+0000] {standard_task_runner.py:104} INFO - Running: ['***', 'tasks', 'run', 'example_branch_operator', 'branching', 'scheduled__2025-02-07T00:00:00+00:00', '--job-id', '3', '--raw', '--subdir', '/home/***/.local/lib/python3.12/site-packages/***/example_dags/example_branch_operator.py', '--cfg-path', '/tmp/tmp_9z7rw_2']
[2025-02-08T10:58:26.322+0000] {standard_task_runner.py:105} INFO - Job 3: Subtask branching
[2025-02-08T10:58:26.323+0000] {logging_mixin.py:190} WARNING - /home/***/.local/lib/python3.12/site-packages/***/task/task_runner/standard_task_runner.py:70 DeprecationWarning: This process (pid=4174) is multi-threaded, use of fork() may lead to deadlocks in the child.
[2025-02-08T10:58:26.324+0000] {standard_task_runner.py:72} INFO - Started process 4217 to run task
[2025-02-08T10:58:26.362+0000] {task_command.py:467} INFO - Running <TaskInstance: example_branch_operator.branching scheduled__2025-02-07T00:00:00+00:00 [running]> on host d1b449c2efe4
[2025-02-08T10:58:26.426+0000] {taskinstance.py:3131} INFO - Exporting env vars: AIRFLOW_CTX_DAG_OWNER='***' AIRFLOW_CTX_DAG_ID='example_branch_operator' AIRFLOW_CTX_TASK_ID='branching' AIRFLOW_CTX_EXECUTION_DATE='2025-02-07T00:00:00+00:00' AIRFLOW_CTX_TRY_NUMBER='1' AIRFLOW_CTX_DAG_RUN_ID='scheduled__2025-02-07T00:00:00+00:00'
[2025-02-08T10:58:26.428+0000] {logging_mixin.py:190} INFO - Task instance is in running state
[2025-02-08T10:58:26.428+0000] {logging_mixin.py:190} INFO -  Previous state of the Task instance: queued
[2025-02-08T10:58:26.428+0000] {logging_mixin.py:190} INFO - Current task name:branching state:running start_date:2025-02-08 10:58:26.292277+00:00
[2025-02-08T10:58:26.429+0000] {logging_mixin.py:190} INFO - Dag name:example_branch_operator and current dag run status:running
[2025-02-08T10:58:26.429+0000] {taskinstance.py:731} INFO - ::endgroup::
[2025-02-08T10:58:26.429+0000] {baseoperator.py:405} WARNING - BranchPythonOperator.execute cannot be called outside TaskInstance!
[2025-02-08T10:58:26.430+0000] {python.py:240} INFO - Done. Returned value was: branch_a
[2025-02-08T10:58:26.430+0000] {branch.py:38} INFO - Branch into branch_a
[2025-02-08T10:58:26.431+0000] {skipmixin.py:230} INFO - Following branch ('branch_a',)
[2025-02-08T10:58:26.443+0000] {skipmixin.py:278} INFO - Skipping tasks [('branch_d', -1), ('branch_b', -1), ('branch_c', -1)]
[2025-02-08T10:58:26.469+0000] {taskinstance.py:340} INFO - ::group::Post task execution logs
[2025-02-08T10:58:26.469+0000] {taskinstance.py:352} INFO - Marking task as SUCCESS. dag_id=example_branch_operator, task_id=branching, run_id=scheduled__2025-02-07T00:00:00+00:00, execution_date=20250207T000000, start_date=20250208T105826, end_date=20250208T105826
[2025-02-08T10:58:26.477+0000] {logging_mixin.py:190} INFO - Task instance in success state
[2025-02-08T10:58:26.477+0000] {logging_mixin.py:190} INFO -  Previous state of the Task instance: running
[2025-02-08T10:58:26.478+0000] {logging_mixin.py:190} INFO - Dag name:example_branch_operator queued_at:2025-02-08 10:58:24.660728+00:00
[2025-02-08T10:58:26.478+0000] {logging_mixin.py:190} INFO - Task hostname:d1b449c2efe4 operator:BranchPythonOperator
[2025-02-08T10:58:26.499+0000] {local_task_job_runner.py:266} INFO - Task exited with return code 0
[2025-02-08T10:58:26.541+0000] {taskinstance.py:3900} INFO - 1 downstream tasks scheduled from follow-on schedule check
[2025-02-08T10:58:26.547+0000] {local_task_job_runner.py:245} INFO - ::endgroup::
