[2025-02-08T19:03:01.873+0000] {local_task_job_runner.py:123} INFO - ::group::Pre task execution logs
[2025-02-08T19:03:01.893+0000] {taskinstance.py:2612} INFO - Dependencies all met for dep_context=non-requeueable deps ti=<TaskInstance: branch_dim_gen.generate_branch_dim_data scheduled__2024-12-08T00:00:00+00:00 [queued]>
[2025-02-08T19:03:01.910+0000] {taskinstance.py:2612} INFO - Dependencies all met for dep_context=requeueable deps ti=<TaskInstance: branch_dim_gen.generate_branch_dim_data scheduled__2024-12-08T00:00:00+00:00 [queued]>
[2025-02-08T19:03:01.911+0000] {taskinstance.py:2865} INFO - Starting attempt 1 of 1
[2025-02-08T19:03:01.925+0000] {taskinstance.py:2888} INFO - Executing <Task(PythonOperator): generate_branch_dim_data> on 2024-12-08 00:00:00+00:00
[2025-02-08T19:03:01.936+0000] {logging_mixin.py:190} WARNING - /home/***/.local/lib/python3.12/site-packages/***/task/task_runner/standard_task_runner.py:70 DeprecationWarning: This process (pid=1873) is multi-threaded, use of fork() may lead to deadlocks in the child.
[2025-02-08T19:03:01.938+0000] {standard_task_runner.py:72} INFO - Started process 1899 to run task
[2025-02-08T19:03:01.941+0000] {standard_task_runner.py:104} INFO - Running: ['***', 'tasks', 'run', 'branch_dim_gen', 'generate_branch_dim_data', 'scheduled__2024-12-08T00:00:00+00:00', '--job-id', '327', '--raw', '--subdir', 'DAGS_FOLDER/brnach_dim_gen.py', '--cfg-path', '/tmp/tmpg7w02wfs']
[2025-02-08T19:03:01.943+0000] {standard_task_runner.py:105} INFO - Job 327: Subtask generate_branch_dim_data
[2025-02-08T19:03:01.989+0000] {task_command.py:467} INFO - Running <TaskInstance: branch_dim_gen.generate_branch_dim_data scheduled__2024-12-08T00:00:00+00:00 [running]> on host 2c1cd59afcc0
[2025-02-08T19:03:02.089+0000] {taskinstance.py:3131} INFO - Exporting env vars: AIRFLOW_CTX_DAG_OWNER='Saleh' AIRFLOW_CTX_DAG_ID='branch_dim_gen' AIRFLOW_CTX_TASK_ID='generate_branch_dim_data' AIRFLOW_CTX_EXECUTION_DATE='2024-12-08T00:00:00+00:00' AIRFLOW_CTX_TRY_NUMBER='1' AIRFLOW_CTX_DAG_RUN_ID='scheduled__2024-12-08T00:00:00+00:00'
[2025-02-08T19:03:02.090+0000] {taskinstance.py:731} INFO - ::endgroup::
[2025-02-08T19:03:02.115+0000] {logging_mixin.py:190} INFO - CSV file './branch_dim_large_data.csv' with 50 rows has been generated successfully.
[2025-02-08T19:03:02.116+0000] {python.py:240} INFO - Done. Returned value was: None
[2025-02-08T19:03:02.125+0000] {taskinstance.py:340} INFO - ::group::Post task execution logs
[2025-02-08T19:03:02.126+0000] {taskinstance.py:352} INFO - Marking task as SUCCESS. dag_id=branch_dim_gen, task_id=generate_branch_dim_data, run_id=scheduled__2024-12-08T00:00:00+00:00, execution_date=20241208T000000, start_date=20250208T190301, end_date=20250208T190302
[2025-02-08T19:03:02.157+0000] {local_task_job_runner.py:266} INFO - Task exited with return code 0
[2025-02-08T19:03:02.174+0000] {taskinstance.py:3900} INFO - 0 downstream tasks scheduled from follow-on schedule check
[2025-02-08T19:03:02.177+0000] {local_task_job_runner.py:245} INFO - ::endgroup::
[2025-02-08T20:40:49.656+0000] {local_task_job_runner.py:123} INFO - ::group::Pre task execution logs
[2025-02-08T20:40:49.673+0000] {taskinstance.py:2612} INFO - Dependencies all met for dep_context=non-requeueable deps ti=<TaskInstance: branch_dim_gen.generate_branch_dim_data scheduled__2024-12-08T00:00:00+00:00 [queued]>
[2025-02-08T20:40:49.683+0000] {taskinstance.py:2612} INFO - Dependencies all met for dep_context=requeueable deps ti=<TaskInstance: branch_dim_gen.generate_branch_dim_data scheduled__2024-12-08T00:00:00+00:00 [queued]>
[2025-02-08T20:40:49.683+0000] {taskinstance.py:2865} INFO - Starting attempt 1 of 1
[2025-02-08T20:40:49.702+0000] {taskinstance.py:2888} INFO - Executing <Task(PythonOperator): generate_branch_dim_data> on 2024-12-08 00:00:00+00:00
[2025-02-08T20:40:49.715+0000] {logging_mixin.py:190} WARNING - /home/***/.local/lib/python3.12/site-packages/***/task/task_runner/standard_task_runner.py:70 DeprecationWarning: This process (pid=1684) is multi-threaded, use of fork() may lead to deadlocks in the child.
[2025-02-08T20:40:49.716+0000] {standard_task_runner.py:72} INFO - Started process 1709 to run task
[2025-02-08T20:40:49.714+0000] {standard_task_runner.py:104} INFO - Running: ['***', 'tasks', 'run', 'branch_dim_gen', 'generate_branch_dim_data', 'scheduled__2024-12-08T00:00:00+00:00', '--job-id', '264', '--raw', '--subdir', 'DAGS_FOLDER/brnach_dim_gen.py', '--cfg-path', '/tmp/tmp96m4eqza']
[2025-02-08T20:40:49.717+0000] {standard_task_runner.py:105} INFO - Job 264: Subtask generate_branch_dim_data
[2025-02-08T20:40:49.760+0000] {task_command.py:467} INFO - Running <TaskInstance: branch_dim_gen.generate_branch_dim_data scheduled__2024-12-08T00:00:00+00:00 [running]> on host 7e959c1a2a8b
[2025-02-08T20:40:49.854+0000] {taskinstance.py:3131} INFO - Exporting env vars: AIRFLOW_CTX_DAG_OWNER='Saleh' AIRFLOW_CTX_DAG_ID='branch_dim_gen' AIRFLOW_CTX_TASK_ID='generate_branch_dim_data' AIRFLOW_CTX_EXECUTION_DATE='2024-12-08T00:00:00+00:00' AIRFLOW_CTX_TRY_NUMBER='1' AIRFLOW_CTX_DAG_RUN_ID='scheduled__2024-12-08T00:00:00+00:00'
[2025-02-08T20:40:49.855+0000] {taskinstance.py:731} INFO - ::endgroup::
[2025-02-08T20:40:49.876+0000] {logging_mixin.py:190} INFO - CSV file './branch_dim_large_data.csv' with 50 rows has been generated successfully.
[2025-02-08T20:40:49.877+0000] {python.py:240} INFO - Done. Returned value was: None
[2025-02-08T20:40:49.887+0000] {taskinstance.py:340} INFO - ::group::Post task execution logs
[2025-02-08T20:40:49.888+0000] {taskinstance.py:352} INFO - Marking task as SUCCESS. dag_id=branch_dim_gen, task_id=generate_branch_dim_data, run_id=scheduled__2024-12-08T00:00:00+00:00, execution_date=20241208T000000, start_date=20250208T204049, end_date=20250208T204049
[2025-02-08T20:40:49.931+0000] {local_task_job_runner.py:266} INFO - Task exited with return code 0
[2025-02-08T20:40:49.939+0000] {local_task_job_runner.py:245} INFO - ::endgroup::
