[2025-02-08T19:02:29.923+0000] {local_task_job_runner.py:123} INFO - ::group::Pre task execution logs
[2025-02-08T19:02:29.944+0000] {taskinstance.py:2612} INFO - Dependencies all met for dep_context=non-requeueable deps ti=<TaskInstance: branch_dim_gen.generate_branch_dim_data scheduled__2024-10-22T00:00:00+00:00 [queued]>
[2025-02-08T19:02:29.958+0000] {taskinstance.py:2612} INFO - Dependencies all met for dep_context=requeueable deps ti=<TaskInstance: branch_dim_gen.generate_branch_dim_data scheduled__2024-10-22T00:00:00+00:00 [queued]>
[2025-02-08T19:02:29.959+0000] {taskinstance.py:2865} INFO - Starting attempt 1 of 1
[2025-02-08T19:02:29.976+0000] {taskinstance.py:2888} INFO - Executing <Task(PythonOperator): generate_branch_dim_data> on 2024-10-22 00:00:00+00:00
[2025-02-08T19:02:29.989+0000] {standard_task_runner.py:104} INFO - Running: ['***', 'tasks', 'run', 'branch_dim_gen', 'generate_branch_dim_data', 'scheduled__2024-10-22T00:00:00+00:00', '--job-id', '232', '--raw', '--subdir', 'DAGS_FOLDER/brnach_dim_gen.py', '--cfg-path', '/tmp/tmpyp707rk3']
[2025-02-08T19:02:29.992+0000] {standard_task_runner.py:105} INFO - Job 232: Subtask generate_branch_dim_data
[2025-02-08T19:02:29.993+0000] {logging_mixin.py:190} WARNING - /home/***/.local/lib/python3.12/site-packages/***/task/task_runner/standard_task_runner.py:70 DeprecationWarning: This process (pid=1472) is multi-threaded, use of fork() may lead to deadlocks in the child.
[2025-02-08T19:02:30.002+0000] {standard_task_runner.py:72} INFO - Started process 1497 to run task
[2025-02-08T19:02:30.071+0000] {task_command.py:467} INFO - Running <TaskInstance: branch_dim_gen.generate_branch_dim_data scheduled__2024-10-22T00:00:00+00:00 [running]> on host 2c1cd59afcc0
[2025-02-08T19:02:30.217+0000] {taskinstance.py:3131} INFO - Exporting env vars: AIRFLOW_CTX_DAG_OWNER='Saleh' AIRFLOW_CTX_DAG_ID='branch_dim_gen' AIRFLOW_CTX_TASK_ID='generate_branch_dim_data' AIRFLOW_CTX_EXECUTION_DATE='2024-10-22T00:00:00+00:00' AIRFLOW_CTX_TRY_NUMBER='1' AIRFLOW_CTX_DAG_RUN_ID='scheduled__2024-10-22T00:00:00+00:00'
[2025-02-08T19:02:30.219+0000] {taskinstance.py:731} INFO - ::endgroup::
[2025-02-08T19:02:30.244+0000] {logging_mixin.py:190} INFO - CSV file './branch_dim_large_data.csv' with 50 rows has been generated successfully.
[2025-02-08T19:02:30.245+0000] {python.py:240} INFO - Done. Returned value was: None
[2025-02-08T19:02:30.264+0000] {taskinstance.py:340} INFO - ::group::Post task execution logs
[2025-02-08T19:02:30.264+0000] {taskinstance.py:352} INFO - Marking task as SUCCESS. dag_id=branch_dim_gen, task_id=generate_branch_dim_data, run_id=scheduled__2024-10-22T00:00:00+00:00, execution_date=20241022T000000, start_date=20250208T190229, end_date=20250208T190230
[2025-02-08T19:02:30.304+0000] {local_task_job_runner.py:266} INFO - Task exited with return code 0
[2025-02-08T19:02:30.316+0000] {local_task_job_runner.py:245} INFO - ::endgroup::
[2025-02-08T20:40:09.183+0000] {local_task_job_runner.py:123} INFO - ::group::Pre task execution logs
[2025-02-08T20:40:09.204+0000] {taskinstance.py:2612} INFO - Dependencies all met for dep_context=non-requeueable deps ti=<TaskInstance: branch_dim_gen.generate_branch_dim_data scheduled__2024-10-22T00:00:00+00:00 [queued]>
[2025-02-08T20:40:09.215+0000] {taskinstance.py:2612} INFO - Dependencies all met for dep_context=requeueable deps ti=<TaskInstance: branch_dim_gen.generate_branch_dim_data scheduled__2024-10-22T00:00:00+00:00 [queued]>
[2025-02-08T20:40:09.215+0000] {taskinstance.py:2865} INFO - Starting attempt 1 of 1
[2025-02-08T20:40:09.228+0000] {taskinstance.py:2888} INFO - Executing <Task(PythonOperator): generate_branch_dim_data> on 2024-10-22 00:00:00+00:00
[2025-02-08T20:40:09.238+0000] {logging_mixin.py:190} WARNING - /home/***/.local/lib/python3.12/site-packages/***/task/task_runner/standard_task_runner.py:70 DeprecationWarning: This process (pid=1059) is multi-threaded, use of fork() may lead to deadlocks in the child.
[2025-02-08T20:40:09.239+0000] {standard_task_runner.py:72} INFO - Started process 1081 to run task
[2025-02-08T20:40:09.238+0000] {standard_task_runner.py:104} INFO - Running: ['***', 'tasks', 'run', 'branch_dim_gen', 'generate_branch_dim_data', 'scheduled__2024-10-22T00:00:00+00:00', '--job-id', '120', '--raw', '--subdir', 'DAGS_FOLDER/brnach_dim_gen.py', '--cfg-path', '/tmp/tmpavceue3g']
[2025-02-08T20:40:09.241+0000] {standard_task_runner.py:105} INFO - Job 120: Subtask generate_branch_dim_data
[2025-02-08T20:40:09.283+0000] {task_command.py:467} INFO - Running <TaskInstance: branch_dim_gen.generate_branch_dim_data scheduled__2024-10-22T00:00:00+00:00 [running]> on host 7e959c1a2a8b
[2025-02-08T20:40:09.358+0000] {taskinstance.py:3131} INFO - Exporting env vars: AIRFLOW_CTX_DAG_OWNER='Saleh' AIRFLOW_CTX_DAG_ID='branch_dim_gen' AIRFLOW_CTX_TASK_ID='generate_branch_dim_data' AIRFLOW_CTX_EXECUTION_DATE='2024-10-22T00:00:00+00:00' AIRFLOW_CTX_TRY_NUMBER='1' AIRFLOW_CTX_DAG_RUN_ID='scheduled__2024-10-22T00:00:00+00:00'
[2025-02-08T20:40:09.360+0000] {taskinstance.py:731} INFO - ::endgroup::
[2025-02-08T20:40:09.381+0000] {logging_mixin.py:190} INFO - CSV file './branch_dim_large_data.csv' with 50 rows has been generated successfully.
[2025-02-08T20:40:09.381+0000] {python.py:240} INFO - Done. Returned value was: None
[2025-02-08T20:40:09.390+0000] {taskinstance.py:340} INFO - ::group::Post task execution logs
[2025-02-08T20:40:09.391+0000] {taskinstance.py:352} INFO - Marking task as SUCCESS. dag_id=branch_dim_gen, task_id=generate_branch_dim_data, run_id=scheduled__2024-10-22T00:00:00+00:00, execution_date=20241022T000000, start_date=20250208T204009, end_date=20250208T204009
[2025-02-08T20:40:09.414+0000] {local_task_job_runner.py:266} INFO - Task exited with return code 0
[2025-02-08T20:40:09.431+0000] {taskinstance.py:3900} INFO - 0 downstream tasks scheduled from follow-on schedule check
[2025-02-08T20:40:09.433+0000] {local_task_job_runner.py:245} INFO - ::endgroup::
