[2025-02-08T10:58:39.210+0000] {local_task_job_runner.py:123} INFO - ::group::Pre task execution logs
[2025-02-08T10:58:39.223+0000] {taskinstance.py:2612} INFO - Dependencies all met for dep_context=non-requeueable deps ti=<TaskInstance: example_branch_operator.branching_venv scheduled__2025-02-07T00:00:00+00:00 [queued]>
[2025-02-08T10:58:39.230+0000] {taskinstance.py:2612} INFO - Dependencies all met for dep_context=requeueable deps ti=<TaskInstance: example_branch_operator.branching_venv scheduled__2025-02-07T00:00:00+00:00 [queued]>
[2025-02-08T10:58:39.231+0000] {taskinstance.py:2865} INFO - Starting attempt 1 of 1
[2025-02-08T10:58:39.242+0000] {taskinstance.py:2888} INFO - Executing <Task(BranchPythonVirtualenvOperator): branching_venv> on 2025-02-07 00:00:00+00:00
[2025-02-08T10:58:39.250+0000] {standard_task_runner.py:104} INFO - Running: ['***', 'tasks', 'run', 'example_branch_operator', 'branching_venv', 'scheduled__2025-02-07T00:00:00+00:00', '--job-id', '12', '--raw', '--subdir', '/home/***/.local/lib/python3.12/site-packages/***/example_dags/example_branch_operator.py', '--cfg-path', '/tmp/tmpifhfo1hf']
[2025-02-08T10:58:39.251+0000] {standard_task_runner.py:105} INFO - Job 12: Subtask branching_venv
[2025-02-08T10:58:39.252+0000] {logging_mixin.py:190} WARNING - /home/***/.local/lib/python3.12/site-packages/***/task/task_runner/standard_task_runner.py:70 DeprecationWarning: This process (pid=4544) is multi-threaded, use of fork() may lead to deadlocks in the child.
[2025-02-08T10:58:39.253+0000] {standard_task_runner.py:72} INFO - Started process 4547 to run task
[2025-02-08T10:58:39.288+0000] {task_command.py:467} INFO - Running <TaskInstance: example_branch_operator.branching_venv scheduled__2025-02-07T00:00:00+00:00 [running]> on host d1b449c2efe4
[2025-02-08T10:58:39.346+0000] {taskinstance.py:3131} INFO - Exporting env vars: AIRFLOW_CTX_DAG_OWNER='***' AIRFLOW_CTX_DAG_ID='example_branch_operator' AIRFLOW_CTX_TASK_ID='branching_venv' AIRFLOW_CTX_EXECUTION_DATE='2025-02-07T00:00:00+00:00' AIRFLOW_CTX_TRY_NUMBER='1' AIRFLOW_CTX_DAG_RUN_ID='scheduled__2025-02-07T00:00:00+00:00'
[2025-02-08T10:58:39.347+0000] {logging_mixin.py:190} INFO - Task instance is in running state
[2025-02-08T10:58:39.347+0000] {logging_mixin.py:190} INFO -  Previous state of the Task instance: queued
[2025-02-08T10:58:39.347+0000] {logging_mixin.py:190} INFO - Current task name:branching_venv state:running start_date:2025-02-08 10:58:39.224405+00:00
[2025-02-08T10:58:39.348+0000] {logging_mixin.py:190} INFO - Dag name:example_branch_operator and current dag run status:running
[2025-02-08T10:58:39.348+0000] {taskinstance.py:731} INFO - ::endgroup::
[2025-02-08T10:58:39.348+0000] {baseoperator.py:405} WARNING - BranchPythonVirtualenvOperator.execute cannot be called outside TaskInstance!
[2025-02-08T10:58:39.348+0000] {baseoperator.py:405} WARNING - BranchPythonVirtualenvOperator.execute cannot be called outside TaskInstance!
[2025-02-08T10:58:39.353+0000] {python.py:809} INFO - Python virtual environment will be cached in /tmp/venv-5ea997a7
[2025-02-08T10:58:42.317+0000] {python.py:823} INFO - Re-using cached Python virtual environment in /tmp/venv-5ea997a7
[2025-02-08T10:58:42.318+0000] {python.py:513} INFO - Use 'pickle' as serializer.
[2025-02-08T10:58:42.322+0000] {process_utils.py:186} INFO - Executing cmd: /tmp/venv-5ea997a7/bin/python /tmp/venv-callh0f9ksas/script.py /tmp/venv-callh0f9ksas/script.in /tmp/venv-callh0f9ksas/script.out /tmp/venv-callh0f9ksas/string_args.txt /tmp/venv-callh0f9ksas/termination.log
[2025-02-08T10:58:42.323+0000] {process_utils.py:190} INFO - Output:
[2025-02-08T10:58:44.504+0000] {process_utils.py:194} INFO - Some numpy stuff: [0 1 2 3 4 5]
[2025-02-08T10:58:44.819+0000] {python.py:240} INFO - Done. Returned value was: venv_d
[2025-02-08T10:58:44.820+0000] {branch.py:38} INFO - Branch into venv_d
[2025-02-08T10:58:44.821+0000] {skipmixin.py:230} INFO - Following branch ('venv_d',)
[2025-02-08T10:58:44.833+0000] {skipmixin.py:278} INFO - Skipping tasks [('venv_b', -1), ('venv_c', -1), ('venv_a', -1)]
[2025-02-08T10:58:44.856+0000] {taskinstance.py:340} INFO - ::group::Post task execution logs
[2025-02-08T10:58:44.857+0000] {taskinstance.py:352} INFO - Marking task as SUCCESS. dag_id=example_branch_operator, task_id=branching_venv, run_id=scheduled__2025-02-07T00:00:00+00:00, execution_date=20250207T000000, start_date=20250208T105839, end_date=20250208T105844
[2025-02-08T10:58:44.864+0000] {logging_mixin.py:190} INFO - Task instance in success state
[2025-02-08T10:58:44.865+0000] {logging_mixin.py:190} INFO -  Previous state of the Task instance: running
[2025-02-08T10:58:44.865+0000] {logging_mixin.py:190} INFO - Dag name:example_branch_operator queued_at:2025-02-08 10:58:24.660728+00:00
[2025-02-08T10:58:44.866+0000] {logging_mixin.py:190} INFO - Task hostname:d1b449c2efe4 operator:BranchPythonVirtualenvOperator
[2025-02-08T10:58:44.873+0000] {local_task_job_runner.py:266} INFO - Task exited with return code 0
[2025-02-08T10:58:44.898+0000] {taskinstance.py:3900} INFO - 1 downstream tasks scheduled from follow-on schedule check
[2025-02-08T10:58:44.900+0000] {local_task_job_runner.py:245} INFO - ::endgroup::
