[2025-02-08T19:00:39.409+0000] {local_task_job_runner.py:123} INFO - ::group::Pre task execution logs
[2025-02-08T19:00:39.420+0000] {taskinstance.py:2612} INFO - Dependencies all met for dep_context=non-requeueable deps ti=<TaskInstance: account_dim_gen.generate_account_dim_data scheduled__2024-11-28T00:00:00+00:00 [queued]>
[2025-02-08T19:00:39.429+0000] {taskinstance.py:2612} INFO - Dependencies all met for dep_context=requeueable deps ti=<TaskInstance: account_dim_gen.generate_account_dim_data scheduled__2024-11-28T00:00:00+00:00 [queued]>
[2025-02-08T19:00:39.430+0000] {taskinstance.py:2865} INFO - Starting attempt 1 of 1
[2025-02-08T19:00:39.441+0000] {taskinstance.py:2888} INFO - Executing <Task(PythonOperator): generate_account_dim_data> on 2024-11-28 00:00:00+00:00
[2025-02-08T19:00:39.450+0000] {logging_mixin.py:190} WARNING - /home/***/.local/lib/python3.12/site-packages/***/task/task_runner/standard_task_runner.py:70 DeprecationWarning: This process (pid=790) is multi-threaded, use of fork() may lead to deadlocks in the child.
[2025-02-08T19:00:39.451+0000] {standard_task_runner.py:72} INFO - Started process 809 to run task
[2025-02-08T19:00:39.450+0000] {standard_task_runner.py:104} INFO - Running: ['***', 'tasks', 'run', 'account_dim_gen', 'generate_account_dim_data', 'scheduled__2024-11-28T00:00:00+00:00', '--job-id', '83', '--raw', '--subdir', 'DAGS_FOLDER/account_dim_gen.py', '--cfg-path', '/tmp/tmp182zq0ec']
[2025-02-08T19:00:39.452+0000] {standard_task_runner.py:105} INFO - Job 83: Subtask generate_account_dim_data
[2025-02-08T19:00:39.492+0000] {task_command.py:467} INFO - Running <TaskInstance: account_dim_gen.generate_account_dim_data scheduled__2024-11-28T00:00:00+00:00 [running]> on host 2c1cd59afcc0
[2025-02-08T19:00:39.558+0000] {taskinstance.py:3131} INFO - Exporting env vars: AIRFLOW_CTX_DAG_OWNER='Saleh' AIRFLOW_CTX_DAG_ID='account_dim_gen' AIRFLOW_CTX_TASK_ID='generate_account_dim_data' AIRFLOW_CTX_EXECUTION_DATE='2024-11-28T00:00:00+00:00' AIRFLOW_CTX_TRY_NUMBER='1' AIRFLOW_CTX_DAG_RUN_ID='scheduled__2024-11-28T00:00:00+00:00'
[2025-02-08T19:00:39.559+0000] {taskinstance.py:731} INFO - ::endgroup::
[2025-02-08T19:00:39.575+0000] {logging_mixin.py:190} INFO - CSV file ./account_dim_large_data.csv with 50 row has been generated successfully!
[2025-02-08T19:00:39.576+0000] {python.py:240} INFO - Done. Returned value was: None
[2025-02-08T19:00:39.582+0000] {taskinstance.py:340} INFO - ::group::Post task execution logs
[2025-02-08T19:00:39.583+0000] {taskinstance.py:352} INFO - Marking task as SUCCESS. dag_id=account_dim_gen, task_id=generate_account_dim_data, run_id=scheduled__2024-11-28T00:00:00+00:00, execution_date=20241128T000000, start_date=20250208T190039, end_date=20250208T190039
[2025-02-08T19:00:39.625+0000] {local_task_job_runner.py:266} INFO - Task exited with return code 0
[2025-02-08T19:00:39.638+0000] {taskinstance.py:3900} INFO - 0 downstream tasks scheduled from follow-on schedule check
[2025-02-08T19:00:39.640+0000] {local_task_job_runner.py:245} INFO - ::endgroup::
[2025-02-08T20:40:42.107+0000] {local_task_job_runner.py:123} INFO - ::group::Pre task execution logs
[2025-02-08T20:40:42.137+0000] {taskinstance.py:2612} INFO - Dependencies all met for dep_context=non-requeueable deps ti=<TaskInstance: account_dim_gen.generate_account_dim_data scheduled__2024-11-28T00:00:00+00:00 [queued]>
[2025-02-08T20:40:42.153+0000] {taskinstance.py:2612} INFO - Dependencies all met for dep_context=requeueable deps ti=<TaskInstance: account_dim_gen.generate_account_dim_data scheduled__2024-11-28T00:00:00+00:00 [queued]>
[2025-02-08T20:40:42.154+0000] {taskinstance.py:2865} INFO - Starting attempt 1 of 1
[2025-02-08T20:40:42.169+0000] {taskinstance.py:2888} INFO - Executing <Task(PythonOperator): generate_account_dim_data> on 2024-11-28 00:00:00+00:00
[2025-02-08T20:40:42.185+0000] {logging_mixin.py:190} WARNING - /home/***/.local/lib/python3.12/site-packages/***/task/task_runner/standard_task_runner.py:70 DeprecationWarning: This process (pid=1530) is multi-threaded, use of fork() may lead to deadlocks in the child.
[2025-02-08T20:40:42.187+0000] {standard_task_runner.py:72} INFO - Started process 1560 to run task
[2025-02-08T20:40:42.184+0000] {standard_task_runner.py:104} INFO - Running: ['***', 'tasks', 'run', 'account_dim_gen', 'generate_account_dim_data', 'scheduled__2024-11-28T00:00:00+00:00', '--job-id', '227', '--raw', '--subdir', 'DAGS_FOLDER/account_dim_gen.py', '--cfg-path', '/tmp/tmpm68t9pgs']
[2025-02-08T20:40:42.188+0000] {standard_task_runner.py:105} INFO - Job 227: Subtask generate_account_dim_data
[2025-02-08T20:40:42.258+0000] {task_command.py:467} INFO - Running <TaskInstance: account_dim_gen.generate_account_dim_data scheduled__2024-11-28T00:00:00+00:00 [running]> on host 7e959c1a2a8b
[2025-02-08T20:40:42.404+0000] {taskinstance.py:3131} INFO - Exporting env vars: AIRFLOW_CTX_DAG_OWNER='Saleh' AIRFLOW_CTX_DAG_ID='account_dim_gen' AIRFLOW_CTX_TASK_ID='generate_account_dim_data' AIRFLOW_CTX_EXECUTION_DATE='2024-11-28T00:00:00+00:00' AIRFLOW_CTX_TRY_NUMBER='1' AIRFLOW_CTX_DAG_RUN_ID='scheduled__2024-11-28T00:00:00+00:00'
[2025-02-08T20:40:42.405+0000] {taskinstance.py:731} INFO - ::endgroup::
[2025-02-08T20:40:42.433+0000] {logging_mixin.py:190} INFO - CSV file ./account_dim_large_data.csv with 50 row has been generated successfully!
[2025-02-08T20:40:42.434+0000] {python.py:240} INFO - Done. Returned value was: None
[2025-02-08T20:40:42.468+0000] {taskinstance.py:340} INFO - ::group::Post task execution logs
[2025-02-08T20:40:42.468+0000] {taskinstance.py:352} INFO - Marking task as SUCCESS. dag_id=account_dim_gen, task_id=generate_account_dim_data, run_id=scheduled__2024-11-28T00:00:00+00:00, execution_date=20241128T000000, start_date=20250208T204042, end_date=20250208T204042
[2025-02-08T20:40:42.523+0000] {local_task_job_runner.py:266} INFO - Task exited with return code 0
[2025-02-08T20:40:42.538+0000] {local_task_job_runner.py:245} INFO - ::endgroup::
