[2025-02-08T19:02:44.126+0000] {local_task_job_runner.py:123} INFO - ::group::Pre task execution logs
[2025-02-08T19:02:44.157+0000] {taskinstance.py:2612} INFO - Dependencies all met for dep_context=non-requeueable deps ti=<TaskInstance: branch_dim_gen.generate_branch_dim_data scheduled__2024-11-11T00:00:00+00:00 [queued]>
[2025-02-08T19:02:44.174+0000] {taskinstance.py:2612} INFO - Dependencies all met for dep_context=requeueable deps ti=<TaskInstance: branch_dim_gen.generate_branch_dim_data scheduled__2024-11-11T00:00:00+00:00 [queued]>
[2025-02-08T19:02:44.175+0000] {taskinstance.py:2865} INFO - Starting attempt 1 of 1
[2025-02-08T19:02:44.203+0000] {taskinstance.py:2888} INFO - Executing <Task(PythonOperator): generate_branch_dim_data> on 2024-11-11 00:00:00+00:00
[2025-02-08T19:02:44.216+0000] {logging_mixin.py:190} WARNING - /home/***/.local/lib/python3.12/site-packages/***/task/task_runner/standard_task_runner.py:70 DeprecationWarning: This process (pid=1641) is multi-threaded, use of fork() may lead to deadlocks in the child.
[2025-02-08T19:02:44.217+0000] {standard_task_runner.py:72} INFO - Started process 1671 to run task
[2025-02-08T19:02:44.220+0000] {standard_task_runner.py:104} INFO - Running: ['***', 'tasks', 'run', 'branch_dim_gen', 'generate_branch_dim_data', 'scheduled__2024-11-11T00:00:00+00:00', '--job-id', '271', '--raw', '--subdir', 'DAGS_FOLDER/brnach_dim_gen.py', '--cfg-path', '/tmp/tmpbl1olo6g']
[2025-02-08T19:02:44.222+0000] {standard_task_runner.py:105} INFO - Job 271: Subtask generate_branch_dim_data
[2025-02-08T19:02:44.274+0000] {task_command.py:467} INFO - Running <TaskInstance: branch_dim_gen.generate_branch_dim_data scheduled__2024-11-11T00:00:00+00:00 [running]> on host 2c1cd59afcc0
[2025-02-08T19:02:44.368+0000] {taskinstance.py:3131} INFO - Exporting env vars: AIRFLOW_CTX_DAG_OWNER='Saleh' AIRFLOW_CTX_DAG_ID='branch_dim_gen' AIRFLOW_CTX_TASK_ID='generate_branch_dim_data' AIRFLOW_CTX_EXECUTION_DATE='2024-11-11T00:00:00+00:00' AIRFLOW_CTX_TRY_NUMBER='1' AIRFLOW_CTX_DAG_RUN_ID='scheduled__2024-11-11T00:00:00+00:00'
[2025-02-08T19:02:44.369+0000] {taskinstance.py:731} INFO - ::endgroup::
[2025-02-08T19:02:44.387+0000] {logging_mixin.py:190} INFO - CSV file './branch_dim_large_data.csv' with 50 rows has been generated successfully.
[2025-02-08T19:02:44.387+0000] {python.py:240} INFO - Done. Returned value was: None
[2025-02-08T19:02:44.405+0000] {taskinstance.py:340} INFO - ::group::Post task execution logs
[2025-02-08T19:02:44.406+0000] {taskinstance.py:352} INFO - Marking task as SUCCESS. dag_id=branch_dim_gen, task_id=generate_branch_dim_data, run_id=scheduled__2024-11-11T00:00:00+00:00, execution_date=20241111T000000, start_date=20250208T190244, end_date=20250208T190244
[2025-02-08T19:02:44.434+0000] {local_task_job_runner.py:266} INFO - Task exited with return code 0
[2025-02-08T19:02:44.453+0000] {taskinstance.py:3900} INFO - 0 downstream tasks scheduled from follow-on schedule check
[2025-02-08T19:02:44.459+0000] {local_task_job_runner.py:245} INFO - ::endgroup::
[2025-02-08T20:40:29.384+0000] {local_task_job_runner.py:123} INFO - ::group::Pre task execution logs
[2025-02-08T20:40:29.406+0000] {taskinstance.py:2612} INFO - Dependencies all met for dep_context=non-requeueable deps ti=<TaskInstance: branch_dim_gen.generate_branch_dim_data scheduled__2024-11-11T00:00:00+00:00 [queued]>
[2025-02-08T20:40:29.446+0000] {taskinstance.py:2612} INFO - Dependencies all met for dep_context=requeueable deps ti=<TaskInstance: branch_dim_gen.generate_branch_dim_data scheduled__2024-11-11T00:00:00+00:00 [queued]>
[2025-02-08T20:40:29.458+0000] {taskinstance.py:2865} INFO - Starting attempt 1 of 1
[2025-02-08T20:40:29.639+0000] {taskinstance.py:2888} INFO - Executing <Task(PythonOperator): generate_branch_dim_data> on 2024-11-11 00:00:00+00:00
[2025-02-08T20:40:29.655+0000] {standard_task_runner.py:104} INFO - Running: ['***', 'tasks', 'run', 'branch_dim_gen', 'generate_branch_dim_data', 'scheduled__2024-11-11T00:00:00+00:00', '--job-id', '181', '--raw', '--subdir', 'DAGS_FOLDER/brnach_dim_gen.py', '--cfg-path', '/tmp/tmpv38x5t2e']
[2025-02-08T20:40:29.665+0000] {logging_mixin.py:190} WARNING - /home/***/.local/lib/python3.12/site-packages/***/task/task_runner/standard_task_runner.py:70 DeprecationWarning: This process (pid=1322) is multi-threaded, use of fork() may lead to deadlocks in the child.
[2025-02-08T20:40:29.671+0000] {standard_task_runner.py:105} INFO - Job 181: Subtask generate_branch_dim_data
[2025-02-08T20:40:29.674+0000] {standard_task_runner.py:72} INFO - Started process 1358 to run task
[2025-02-08T20:40:29.821+0000] {task_command.py:467} INFO - Running <TaskInstance: branch_dim_gen.generate_branch_dim_data scheduled__2024-11-11T00:00:00+00:00 [running]> on host 7e959c1a2a8b
[2025-02-08T20:40:29.995+0000] {taskinstance.py:3131} INFO - Exporting env vars: AIRFLOW_CTX_DAG_OWNER='Saleh' AIRFLOW_CTX_DAG_ID='branch_dim_gen' AIRFLOW_CTX_TASK_ID='generate_branch_dim_data' AIRFLOW_CTX_EXECUTION_DATE='2024-11-11T00:00:00+00:00' AIRFLOW_CTX_TRY_NUMBER='1' AIRFLOW_CTX_DAG_RUN_ID='scheduled__2024-11-11T00:00:00+00:00'
[2025-02-08T20:40:29.997+0000] {taskinstance.py:731} INFO - ::endgroup::
[2025-02-08T20:40:30.025+0000] {logging_mixin.py:190} INFO - CSV file './branch_dim_large_data.csv' with 50 rows has been generated successfully.
[2025-02-08T20:40:30.026+0000] {python.py:240} INFO - Done. Returned value was: None
[2025-02-08T20:40:30.043+0000] {taskinstance.py:340} INFO - ::group::Post task execution logs
[2025-02-08T20:40:30.044+0000] {taskinstance.py:352} INFO - Marking task as SUCCESS. dag_id=branch_dim_gen, task_id=generate_branch_dim_data, run_id=scheduled__2024-11-11T00:00:00+00:00, execution_date=20241111T000000, start_date=20250208T204029, end_date=20250208T204030
[2025-02-08T20:40:30.100+0000] {local_task_job_runner.py:266} INFO - Task exited with return code 0
[2025-02-08T20:40:30.129+0000] {taskinstance.py:3900} INFO - 0 downstream tasks scheduled from follow-on schedule check
[2025-02-08T20:40:30.140+0000] {local_task_job_runner.py:245} INFO - ::endgroup::
