[2025-02-08T19:00:25.184+0000] {local_task_job_runner.py:123} INFO - ::group::Pre task execution logs
[2025-02-08T19:00:25.200+0000] {taskinstance.py:2612} INFO - Dependencies all met for dep_context=non-requeueable deps ti=<TaskInstance: account_dim_gen.generate_account_dim_data scheduled__2024-10-26T00:00:00+00:00 [queued]>
[2025-02-08T19:00:25.210+0000] {taskinstance.py:2612} INFO - Dependencies all met for dep_context=requeueable deps ti=<TaskInstance: account_dim_gen.generate_account_dim_data scheduled__2024-10-26T00:00:00+00:00 [queued]>
[2025-02-08T19:00:25.211+0000] {taskinstance.py:2865} INFO - Starting attempt 1 of 1
[2025-02-08T19:00:25.231+0000] {taskinstance.py:2888} INFO - Executing <Task(PythonOperator): generate_account_dim_data> on 2024-10-26 00:00:00+00:00
[2025-02-08T19:00:25.240+0000] {logging_mixin.py:190} WARNING - /home/***/.local/lib/python3.12/site-packages/***/task/task_runner/standard_task_runner.py:70 DeprecationWarning: This process (pid=657) is multi-threaded, use of fork() may lead to deadlocks in the child.
[2025-02-08T19:00:25.241+0000] {standard_task_runner.py:72} INFO - Started process 673 to run task
[2025-02-08T19:00:25.240+0000] {standard_task_runner.py:104} INFO - Running: ['***', 'tasks', 'run', 'account_dim_gen', 'generate_account_dim_data', 'scheduled__2024-10-26T00:00:00+00:00', '--job-id', '50', '--raw', '--subdir', 'DAGS_FOLDER/account_dim_gen.py', '--cfg-path', '/tmp/tmpdi7o4a1p']
[2025-02-08T19:00:25.242+0000] {standard_task_runner.py:105} INFO - Job 50: Subtask generate_account_dim_data
[2025-02-08T19:00:25.288+0000] {task_command.py:467} INFO - Running <TaskInstance: account_dim_gen.generate_account_dim_data scheduled__2024-10-26T00:00:00+00:00 [running]> on host 2c1cd59afcc0
[2025-02-08T19:00:25.365+0000] {taskinstance.py:3131} INFO - Exporting env vars: AIRFLOW_CTX_DAG_OWNER='Saleh' AIRFLOW_CTX_DAG_ID='account_dim_gen' AIRFLOW_CTX_TASK_ID='generate_account_dim_data' AIRFLOW_CTX_EXECUTION_DATE='2024-10-26T00:00:00+00:00' AIRFLOW_CTX_TRY_NUMBER='1' AIRFLOW_CTX_DAG_RUN_ID='scheduled__2024-10-26T00:00:00+00:00'
[2025-02-08T19:00:25.366+0000] {taskinstance.py:731} INFO - ::endgroup::
[2025-02-08T19:00:25.387+0000] {logging_mixin.py:190} INFO - CSV file ./account_dim_large_data.csv with 50 row has been generated successfully!
[2025-02-08T19:00:25.388+0000] {python.py:240} INFO - Done. Returned value was: None
[2025-02-08T19:00:25.396+0000] {taskinstance.py:340} INFO - ::group::Post task execution logs
[2025-02-08T19:00:25.397+0000] {taskinstance.py:352} INFO - Marking task as SUCCESS. dag_id=account_dim_gen, task_id=generate_account_dim_data, run_id=scheduled__2024-10-26T00:00:00+00:00, execution_date=20241026T000000, start_date=20250208T190025, end_date=20250208T190025
[2025-02-08T19:00:25.457+0000] {local_task_job_runner.py:266} INFO - Task exited with return code 0
[2025-02-08T19:00:25.465+0000] {local_task_job_runner.py:245} INFO - ::endgroup::
[2025-02-08T20:40:14.376+0000] {local_task_job_runner.py:123} INFO - ::group::Pre task execution logs
[2025-02-08T20:40:14.421+0000] {taskinstance.py:2612} INFO - Dependencies all met for dep_context=non-requeueable deps ti=<TaskInstance: account_dim_gen.generate_account_dim_data scheduled__2024-10-26T00:00:00+00:00 [queued]>
[2025-02-08T20:40:14.435+0000] {taskinstance.py:2612} INFO - Dependencies all met for dep_context=requeueable deps ti=<TaskInstance: account_dim_gen.generate_account_dim_data scheduled__2024-10-26T00:00:00+00:00 [queued]>
[2025-02-08T20:40:14.437+0000] {taskinstance.py:2865} INFO - Starting attempt 1 of 1
[2025-02-08T20:40:14.604+0000] {taskinstance.py:2888} INFO - Executing <Task(PythonOperator): generate_account_dim_data> on 2024-10-26 00:00:00+00:00
[2025-02-08T20:40:14.616+0000] {logging_mixin.py:190} WARNING - /home/***/.local/lib/python3.12/site-packages/***/task/task_runner/standard_task_runner.py:70 DeprecationWarning: This process (pid=1108) is multi-threaded, use of fork() may lead to deadlocks in the child.
[2025-02-08T20:40:14.621+0000] {standard_task_runner.py:72} INFO - Started process 1138 to run task
[2025-02-08T20:40:14.621+0000] {standard_task_runner.py:104} INFO - Running: ['***', 'tasks', 'run', 'account_dim_gen', 'generate_account_dim_data', 'scheduled__2024-10-26T00:00:00+00:00', '--job-id', '129', '--raw', '--subdir', 'DAGS_FOLDER/account_dim_gen.py', '--cfg-path', '/tmp/tmp68fzsc3h']
[2025-02-08T20:40:14.626+0000] {standard_task_runner.py:105} INFO - Job 129: Subtask generate_account_dim_data
[2025-02-08T20:40:14.682+0000] {task_command.py:467} INFO - Running <TaskInstance: account_dim_gen.generate_account_dim_data scheduled__2024-10-26T00:00:00+00:00 [running]> on host 7e959c1a2a8b
[2025-02-08T20:40:14.859+0000] {taskinstance.py:3131} INFO - Exporting env vars: AIRFLOW_CTX_DAG_OWNER='Saleh' AIRFLOW_CTX_DAG_ID='account_dim_gen' AIRFLOW_CTX_TASK_ID='generate_account_dim_data' AIRFLOW_CTX_EXECUTION_DATE='2024-10-26T00:00:00+00:00' AIRFLOW_CTX_TRY_NUMBER='1' AIRFLOW_CTX_DAG_RUN_ID='scheduled__2024-10-26T00:00:00+00:00'
[2025-02-08T20:40:14.861+0000] {taskinstance.py:731} INFO - ::endgroup::
[2025-02-08T20:40:14.889+0000] {logging_mixin.py:190} INFO - CSV file ./account_dim_large_data.csv with 50 row has been generated successfully!
[2025-02-08T20:40:14.894+0000] {python.py:240} INFO - Done. Returned value was: None
[2025-02-08T20:40:14.916+0000] {taskinstance.py:340} INFO - ::group::Post task execution logs
[2025-02-08T20:40:14.919+0000] {taskinstance.py:352} INFO - Marking task as SUCCESS. dag_id=account_dim_gen, task_id=generate_account_dim_data, run_id=scheduled__2024-10-26T00:00:00+00:00, execution_date=20241026T000000, start_date=20250208T204014, end_date=20250208T204014
[2025-02-08T20:40:14.965+0000] {local_task_job_runner.py:266} INFO - Task exited with return code 0
[2025-02-08T20:40:14.974+0000] {local_task_job_runner.py:245} INFO - ::endgroup::
