[2025-02-08T19:02:37.815+0000] {local_task_job_runner.py:123} INFO - ::group::Pre task execution logs
[2025-02-08T19:02:37.835+0000] {taskinstance.py:2612} INFO - Dependencies all met for dep_context=non-requeueable deps ti=<TaskInstance: branch_dim_gen.generate_branch_dim_data scheduled__2024-11-02T00:00:00+00:00 [queued]>
[2025-02-08T19:02:37.847+0000] {taskinstance.py:2612} INFO - Dependencies all met for dep_context=requeueable deps ti=<TaskInstance: branch_dim_gen.generate_branch_dim_data scheduled__2024-11-02T00:00:00+00:00 [queued]>
[2025-02-08T19:02:37.848+0000] {taskinstance.py:2865} INFO - Starting attempt 1 of 1
[2025-02-08T19:02:37.865+0000] {taskinstance.py:2888} INFO - Executing <Task(PythonOperator): generate_branch_dim_data> on 2024-11-02 00:00:00+00:00
[2025-02-08T19:02:37.875+0000] {logging_mixin.py:190} WARNING - /home/***/.local/lib/python3.12/site-packages/***/task/task_runner/standard_task_runner.py:70 DeprecationWarning: This process (pid=1563) is multi-threaded, use of fork() may lead to deadlocks in the child.
[2025-02-08T19:02:37.877+0000] {standard_task_runner.py:72} INFO - Started process 1588 to run task
[2025-02-08T19:02:37.876+0000] {standard_task_runner.py:104} INFO - Running: ['***', 'tasks', 'run', 'branch_dim_gen', 'generate_branch_dim_data', 'scheduled__2024-11-02T00:00:00+00:00', '--job-id', '254', '--raw', '--subdir', 'DAGS_FOLDER/brnach_dim_gen.py', '--cfg-path', '/tmp/tmpq5hnzh7u']
[2025-02-08T19:02:37.878+0000] {standard_task_runner.py:105} INFO - Job 254: Subtask generate_branch_dim_data
[2025-02-08T19:02:37.942+0000] {task_command.py:467} INFO - Running <TaskInstance: branch_dim_gen.generate_branch_dim_data scheduled__2024-11-02T00:00:00+00:00 [running]> on host 2c1cd59afcc0
[2025-02-08T19:02:38.029+0000] {taskinstance.py:3131} INFO - Exporting env vars: AIRFLOW_CTX_DAG_OWNER='Saleh' AIRFLOW_CTX_DAG_ID='branch_dim_gen' AIRFLOW_CTX_TASK_ID='generate_branch_dim_data' AIRFLOW_CTX_EXECUTION_DATE='2024-11-02T00:00:00+00:00' AIRFLOW_CTX_TRY_NUMBER='1' AIRFLOW_CTX_DAG_RUN_ID='scheduled__2024-11-02T00:00:00+00:00'
[2025-02-08T19:02:38.030+0000] {taskinstance.py:731} INFO - ::endgroup::
[2025-02-08T19:02:38.051+0000] {logging_mixin.py:190} INFO - CSV file './branch_dim_large_data.csv' with 50 rows has been generated successfully.
[2025-02-08T19:02:38.052+0000] {python.py:240} INFO - Done. Returned value was: None
[2025-02-08T19:02:38.061+0000] {taskinstance.py:340} INFO - ::group::Post task execution logs
[2025-02-08T19:02:38.062+0000] {taskinstance.py:352} INFO - Marking task as SUCCESS. dag_id=branch_dim_gen, task_id=generate_branch_dim_data, run_id=scheduled__2024-11-02T00:00:00+00:00, execution_date=20241102T000000, start_date=20250208T190237, end_date=20250208T190238
[2025-02-08T19:02:38.096+0000] {local_task_job_runner.py:266} INFO - Task exited with return code 0
[2025-02-08T19:02:38.112+0000] {taskinstance.py:3900} INFO - 0 downstream tasks scheduled from follow-on schedule check
[2025-02-08T19:02:38.114+0000] {local_task_job_runner.py:245} INFO - ::endgroup::
[2025-02-08T20:40:21.981+0000] {local_task_job_runner.py:123} INFO - ::group::Pre task execution logs
[2025-02-08T20:40:22.030+0000] {taskinstance.py:2612} INFO - Dependencies all met for dep_context=non-requeueable deps ti=<TaskInstance: branch_dim_gen.generate_branch_dim_data scheduled__2024-11-02T00:00:00+00:00 [queued]>
[2025-02-08T20:40:22.051+0000] {taskinstance.py:2612} INFO - Dependencies all met for dep_context=requeueable deps ti=<TaskInstance: branch_dim_gen.generate_branch_dim_data scheduled__2024-11-02T00:00:00+00:00 [queued]>
[2025-02-08T20:40:22.055+0000] {taskinstance.py:2865} INFO - Starting attempt 1 of 1
[2025-02-08T20:40:22.114+0000] {taskinstance.py:2888} INFO - Executing <Task(PythonOperator): generate_branch_dim_data> on 2024-11-02 00:00:00+00:00
[2025-02-08T20:40:22.129+0000] {logging_mixin.py:190} WARNING - /home/***/.local/lib/python3.12/site-packages/***/task/task_runner/standard_task_runner.py:70 DeprecationWarning: This process (pid=1210) is multi-threaded, use of fork() may lead to deadlocks in the child.
[2025-02-08T20:40:22.174+0000] {standard_task_runner.py:72} INFO - Started process 1247 to run task
[2025-02-08T20:40:22.148+0000] {standard_task_runner.py:104} INFO - Running: ['***', 'tasks', 'run', 'branch_dim_gen', 'generate_branch_dim_data', 'scheduled__2024-11-02T00:00:00+00:00', '--job-id', '154', '--raw', '--subdir', 'DAGS_FOLDER/brnach_dim_gen.py', '--cfg-path', '/tmp/tmp0akdbmhe']
[2025-02-08T20:40:22.176+0000] {standard_task_runner.py:105} INFO - Job 154: Subtask generate_branch_dim_data
[2025-02-08T20:40:22.279+0000] {task_command.py:467} INFO - Running <TaskInstance: branch_dim_gen.generate_branch_dim_data scheduled__2024-11-02T00:00:00+00:00 [running]> on host 7e959c1a2a8b
[2025-02-08T20:40:22.470+0000] {taskinstance.py:3131} INFO - Exporting env vars: AIRFLOW_CTX_DAG_OWNER='Saleh' AIRFLOW_CTX_DAG_ID='branch_dim_gen' AIRFLOW_CTX_TASK_ID='generate_branch_dim_data' AIRFLOW_CTX_EXECUTION_DATE='2024-11-02T00:00:00+00:00' AIRFLOW_CTX_TRY_NUMBER='1' AIRFLOW_CTX_DAG_RUN_ID='scheduled__2024-11-02T00:00:00+00:00'
[2025-02-08T20:40:22.471+0000] {taskinstance.py:731} INFO - ::endgroup::
[2025-02-08T20:40:22.509+0000] {logging_mixin.py:190} INFO - CSV file './branch_dim_large_data.csv' with 50 rows has been generated successfully.
[2025-02-08T20:40:22.518+0000] {python.py:240} INFO - Done. Returned value was: None
[2025-02-08T20:40:22.532+0000] {taskinstance.py:340} INFO - ::group::Post task execution logs
[2025-02-08T20:40:22.538+0000] {taskinstance.py:352} INFO - Marking task as SUCCESS. dag_id=branch_dim_gen, task_id=generate_branch_dim_data, run_id=scheduled__2024-11-02T00:00:00+00:00, execution_date=20241102T000000, start_date=20250208T204022, end_date=20250208T204022
[2025-02-08T20:40:22.606+0000] {local_task_job_runner.py:266} INFO - Task exited with return code 0
[2025-02-08T20:40:22.646+0000] {taskinstance.py:3900} INFO - 0 downstream tasks scheduled from follow-on schedule check
[2025-02-08T20:40:22.662+0000] {local_task_job_runner.py:245} INFO - ::endgroup::
