[2025-02-08T19:02:58.004+0000] {local_task_job_runner.py:123} INFO - ::group::Pre task execution logs
[2025-02-08T19:02:58.024+0000] {taskinstance.py:2612} INFO - Dependencies all met for dep_context=non-requeueable deps ti=<TaskInstance: branch_dim_gen.generate_branch_dim_data scheduled__2024-11-30T00:00:00+00:00 [queued]>
[2025-02-08T19:02:58.042+0000] {taskinstance.py:2612} INFO - Dependencies all met for dep_context=requeueable deps ti=<TaskInstance: branch_dim_gen.generate_branch_dim_data scheduled__2024-11-30T00:00:00+00:00 [queued]>
[2025-02-08T19:02:58.043+0000] {taskinstance.py:2865} INFO - Starting attempt 1 of 1
[2025-02-08T19:02:58.059+0000] {taskinstance.py:2888} INFO - Executing <Task(PythonOperator): generate_branch_dim_data> on 2024-11-30 00:00:00+00:00
[2025-02-08T19:02:58.068+0000] {logging_mixin.py:190} WARNING - /home/***/.local/lib/python3.12/site-packages/***/task/task_runner/standard_task_runner.py:70 DeprecationWarning: This process (pid=1809) is multi-threaded, use of fork() may lead to deadlocks in the child.
[2025-02-08T19:02:58.069+0000] {standard_task_runner.py:72} INFO - Started process 1832 to run task
[2025-02-08T19:02:58.068+0000] {standard_task_runner.py:104} INFO - Running: ['***', 'tasks', 'run', 'branch_dim_gen', 'generate_branch_dim_data', 'scheduled__2024-11-30T00:00:00+00:00', '--job-id', '310', '--raw', '--subdir', 'DAGS_FOLDER/brnach_dim_gen.py', '--cfg-path', '/tmp/tmp8sejmrdu']
[2025-02-08T19:02:58.070+0000] {standard_task_runner.py:105} INFO - Job 310: Subtask generate_branch_dim_data
[2025-02-08T19:02:58.109+0000] {task_command.py:467} INFO - Running <TaskInstance: branch_dim_gen.generate_branch_dim_data scheduled__2024-11-30T00:00:00+00:00 [running]> on host 2c1cd59afcc0
[2025-02-08T19:02:58.181+0000] {taskinstance.py:3131} INFO - Exporting env vars: AIRFLOW_CTX_DAG_OWNER='Saleh' AIRFLOW_CTX_DAG_ID='branch_dim_gen' AIRFLOW_CTX_TASK_ID='generate_branch_dim_data' AIRFLOW_CTX_EXECUTION_DATE='2024-11-30T00:00:00+00:00' AIRFLOW_CTX_TRY_NUMBER='1' AIRFLOW_CTX_DAG_RUN_ID='scheduled__2024-11-30T00:00:00+00:00'
[2025-02-08T19:02:58.182+0000] {taskinstance.py:731} INFO - ::endgroup::
[2025-02-08T19:02:58.202+0000] {logging_mixin.py:190} INFO - CSV file './branch_dim_large_data.csv' with 50 rows has been generated successfully.
[2025-02-08T19:02:58.203+0000] {python.py:240} INFO - Done. Returned value was: None
[2025-02-08T19:02:58.211+0000] {taskinstance.py:340} INFO - ::group::Post task execution logs
[2025-02-08T19:02:58.212+0000] {taskinstance.py:352} INFO - Marking task as SUCCESS. dag_id=branch_dim_gen, task_id=generate_branch_dim_data, run_id=scheduled__2024-11-30T00:00:00+00:00, execution_date=20241130T000000, start_date=20250208T190258, end_date=20250208T190258
[2025-02-08T19:02:58.243+0000] {local_task_job_runner.py:266} INFO - Task exited with return code 0
[2025-02-08T19:02:58.257+0000] {taskinstance.py:3900} INFO - 0 downstream tasks scheduled from follow-on schedule check
[2025-02-08T19:02:58.259+0000] {local_task_job_runner.py:245} INFO - ::endgroup::
[2025-02-08T20:40:43.294+0000] {local_task_job_runner.py:123} INFO - ::group::Pre task execution logs
[2025-02-08T20:40:43.317+0000] {taskinstance.py:2612} INFO - Dependencies all met for dep_context=non-requeueable deps ti=<TaskInstance: branch_dim_gen.generate_branch_dim_data scheduled__2024-11-30T00:00:00+00:00 [queued]>
[2025-02-08T20:40:43.327+0000] {taskinstance.py:2612} INFO - Dependencies all met for dep_context=requeueable deps ti=<TaskInstance: branch_dim_gen.generate_branch_dim_data scheduled__2024-11-30T00:00:00+00:00 [queued]>
[2025-02-08T20:40:43.328+0000] {taskinstance.py:2865} INFO - Starting attempt 1 of 1
[2025-02-08T20:40:43.344+0000] {taskinstance.py:2888} INFO - Executing <Task(PythonOperator): generate_branch_dim_data> on 2024-11-30 00:00:00+00:00
[2025-02-08T20:40:43.359+0000] {logging_mixin.py:190} WARNING - /home/***/.local/lib/python3.12/site-packages/***/task/task_runner/standard_task_runner.py:70 DeprecationWarning: This process (pid=1564) is multi-threaded, use of fork() may lead to deadlocks in the child.
[2025-02-08T20:40:43.361+0000] {standard_task_runner.py:72} INFO - Started process 1603 to run task
[2025-02-08T20:40:43.361+0000] {standard_task_runner.py:104} INFO - Running: ['***', 'tasks', 'run', 'branch_dim_gen', 'generate_branch_dim_data', 'scheduled__2024-11-30T00:00:00+00:00', '--job-id', '238', '--raw', '--subdir', 'DAGS_FOLDER/brnach_dim_gen.py', '--cfg-path', '/tmp/tmp8e1723z4']
[2025-02-08T20:40:43.364+0000] {standard_task_runner.py:105} INFO - Job 238: Subtask generate_branch_dim_data
[2025-02-08T20:40:43.433+0000] {task_command.py:467} INFO - Running <TaskInstance: branch_dim_gen.generate_branch_dim_data scheduled__2024-11-30T00:00:00+00:00 [running]> on host 7e959c1a2a8b
[2025-02-08T20:40:43.567+0000] {taskinstance.py:3131} INFO - Exporting env vars: AIRFLOW_CTX_DAG_OWNER='Saleh' AIRFLOW_CTX_DAG_ID='branch_dim_gen' AIRFLOW_CTX_TASK_ID='generate_branch_dim_data' AIRFLOW_CTX_EXECUTION_DATE='2024-11-30T00:00:00+00:00' AIRFLOW_CTX_TRY_NUMBER='1' AIRFLOW_CTX_DAG_RUN_ID='scheduled__2024-11-30T00:00:00+00:00'
[2025-02-08T20:40:43.568+0000] {taskinstance.py:731} INFO - ::endgroup::
[2025-02-08T20:40:43.594+0000] {logging_mixin.py:190} INFO - CSV file './branch_dim_large_data.csv' with 50 rows has been generated successfully.
[2025-02-08T20:40:43.595+0000] {python.py:240} INFO - Done. Returned value was: None
[2025-02-08T20:40:43.612+0000] {taskinstance.py:340} INFO - ::group::Post task execution logs
[2025-02-08T20:40:43.613+0000] {taskinstance.py:352} INFO - Marking task as SUCCESS. dag_id=branch_dim_gen, task_id=generate_branch_dim_data, run_id=scheduled__2024-11-30T00:00:00+00:00, execution_date=20241130T000000, start_date=20250208T204043, end_date=20250208T204043
[2025-02-08T20:40:43.662+0000] {local_task_job_runner.py:266} INFO - Task exited with return code 0
[2025-02-08T20:40:43.670+0000] {local_task_job_runner.py:245} INFO - ::endgroup::
