[2025-02-08T19:02:06.525+0000] {local_task_job_runner.py:123} INFO - ::group::Pre task execution logs
[2025-02-08T19:02:06.556+0000] {taskinstance.py:2612} INFO - Dependencies all met for dep_context=non-requeueable deps ti=<TaskInstance: customer_dim_generator.generate_customer_dim_data scheduled__2024-10-19T00:00:00+00:00 [queued]>
[2025-02-08T19:02:06.578+0000] {taskinstance.py:2612} INFO - Dependencies all met for dep_context=requeueable deps ti=<TaskInstance: customer_dim_generator.generate_customer_dim_data scheduled__2024-10-19T00:00:00+00:00 [queued]>
[2025-02-08T19:02:06.579+0000] {taskinstance.py:2865} INFO - Starting attempt 1 of 1
[2025-02-08T19:02:06.603+0000] {taskinstance.py:2888} INFO - Executing <Task(PythonOperator): generate_customer_dim_data> on 2024-10-19 00:00:00+00:00
[2025-02-08T19:02:06.620+0000] {logging_mixin.py:190} WARNING - /home/***/.local/lib/python3.12/site-packages/***/task/task_runner/standard_task_runner.py:70 DeprecationWarning: This process (pid=1201) is multi-threaded, use of fork() may lead to deadlocks in the child.
[2025-02-08T19:02:06.620+0000] {standard_task_runner.py:104} INFO - Running: ['***', 'tasks', 'run', 'customer_dim_generator', 'generate_customer_dim_data', 'scheduled__2024-10-19T00:00:00+00:00', '--job-id', '173', '--raw', '--subdir', 'DAGS_FOLDER/customer_dim_gen.py', '--cfg-path', '/tmp/tmppbmqprw7']
[2025-02-08T19:02:06.625+0000] {standard_task_runner.py:105} INFO - Job 173: Subtask generate_customer_dim_data
[2025-02-08T19:02:06.622+0000] {standard_task_runner.py:72} INFO - Started process 1249 to run task
[2025-02-08T19:02:06.705+0000] {task_command.py:467} INFO - Running <TaskInstance: customer_dim_generator.generate_customer_dim_data scheduled__2024-10-19T00:00:00+00:00 [running]> on host 2c1cd59afcc0
[2025-02-08T19:02:06.835+0000] {taskinstance.py:3131} INFO - Exporting env vars: AIRFLOW_CTX_DAG_OWNER='Saleh' AIRFLOW_CTX_DAG_ID='customer_dim_generator' AIRFLOW_CTX_TASK_ID='generate_customer_dim_data' AIRFLOW_CTX_EXECUTION_DATE='2024-10-19T00:00:00+00:00' AIRFLOW_CTX_TRY_NUMBER='1' AIRFLOW_CTX_DAG_RUN_ID='scheduled__2024-10-19T00:00:00+00:00'
[2025-02-08T19:02:06.838+0000] {taskinstance.py:731} INFO - ::endgroup::
[2025-02-08T19:02:06.867+0000] {logging_mixin.py:190} INFO - CSV file './customer_dim_large_data.csv' with 100 rows has been generated successfully.
[2025-02-08T19:02:06.868+0000] {python.py:240} INFO - Done. Returned value was: None
[2025-02-08T19:02:06.892+0000] {taskinstance.py:340} INFO - ::group::Post task execution logs
[2025-02-08T19:02:06.892+0000] {taskinstance.py:352} INFO - Marking task as SUCCESS. dag_id=customer_dim_generator, task_id=generate_customer_dim_data, run_id=scheduled__2024-10-19T00:00:00+00:00, execution_date=20241019T000000, start_date=20250208T190206, end_date=20250208T190206
[2025-02-08T19:02:06.926+0000] {local_task_job_runner.py:266} INFO - Task exited with return code 0
[2025-02-08T19:02:06.944+0000] {taskinstance.py:3900} INFO - 0 downstream tasks scheduled from follow-on schedule check
[2025-02-08T19:02:06.948+0000] {local_task_job_runner.py:245} INFO - ::endgroup::
[2025-02-08T20:39:45.091+0000] {local_task_job_runner.py:123} INFO - ::group::Pre task execution logs
[2025-02-08T20:39:45.124+0000] {taskinstance.py:2612} INFO - Dependencies all met for dep_context=non-requeueable deps ti=<TaskInstance: customer_dim_generator.generate_customer_dim_data scheduled__2024-10-19T00:00:00+00:00 [queued]>
[2025-02-08T20:39:45.141+0000] {taskinstance.py:2612} INFO - Dependencies all met for dep_context=requeueable deps ti=<TaskInstance: customer_dim_generator.generate_customer_dim_data scheduled__2024-10-19T00:00:00+00:00 [queued]>
[2025-02-08T20:39:45.142+0000] {taskinstance.py:2865} INFO - Starting attempt 1 of 1
[2025-02-08T20:39:45.177+0000] {taskinstance.py:2888} INFO - Executing <Task(PythonOperator): generate_customer_dim_data> on 2024-10-19 00:00:00+00:00
[2025-02-08T20:39:45.190+0000] {logging_mixin.py:190} WARNING - /home/***/.local/lib/python3.12/site-packages/***/task/task_runner/standard_task_runner.py:70 DeprecationWarning: This process (pid=729) is multi-threaded, use of fork() may lead to deadlocks in the child.
[2025-02-08T20:39:45.193+0000] {standard_task_runner.py:72} INFO - Started process 781 to run task
[2025-02-08T20:39:45.190+0000] {standard_task_runner.py:104} INFO - Running: ['***', 'tasks', 'run', 'customer_dim_generator', 'generate_customer_dim_data', 'scheduled__2024-10-19T00:00:00+00:00', '--job-id', '46', '--raw', '--subdir', 'DAGS_FOLDER/customer_dim_gen.py', '--cfg-path', '/tmp/tmpp_kgugvv']
[2025-02-08T20:39:45.194+0000] {standard_task_runner.py:105} INFO - Job 46: Subtask generate_customer_dim_data
[2025-02-08T20:39:45.267+0000] {task_command.py:467} INFO - Running <TaskInstance: customer_dim_generator.generate_customer_dim_data scheduled__2024-10-19T00:00:00+00:00 [running]> on host 7e959c1a2a8b
[2025-02-08T20:39:45.391+0000] {taskinstance.py:3131} INFO - Exporting env vars: AIRFLOW_CTX_DAG_OWNER='Saleh' AIRFLOW_CTX_DAG_ID='customer_dim_generator' AIRFLOW_CTX_TASK_ID='generate_customer_dim_data' AIRFLOW_CTX_EXECUTION_DATE='2024-10-19T00:00:00+00:00' AIRFLOW_CTX_TRY_NUMBER='1' AIRFLOW_CTX_DAG_RUN_ID='scheduled__2024-10-19T00:00:00+00:00'
[2025-02-08T20:39:45.393+0000] {taskinstance.py:731} INFO - ::endgroup::
[2025-02-08T20:39:45.415+0000] {logging_mixin.py:190} INFO - CSV file './customer_dim_large_data.csv' with 100 rows has been generated successfully.
[2025-02-08T20:39:45.416+0000] {python.py:240} INFO - Done. Returned value was: None
[2025-02-08T20:39:45.424+0000] {taskinstance.py:340} INFO - ::group::Post task execution logs
[2025-02-08T20:39:45.425+0000] {taskinstance.py:352} INFO - Marking task as SUCCESS. dag_id=customer_dim_generator, task_id=generate_customer_dim_data, run_id=scheduled__2024-10-19T00:00:00+00:00, execution_date=20241019T000000, start_date=20250208T203945, end_date=20250208T203945
[2025-02-08T20:39:45.473+0000] {local_task_job_runner.py:266} INFO - Task exited with return code 0
[2025-02-08T20:39:45.487+0000] {taskinstance.py:3900} INFO - 0 downstream tasks scheduled from follow-on schedule check
[2025-02-08T20:39:45.490+0000] {local_task_job_runner.py:245} INFO - ::endgroup::
[2025-02-08T20:42:51.616+0000] {local_task_job_runner.py:123} INFO - ::group::Pre task execution logs
[2025-02-08T20:42:51.638+0000] {taskinstance.py:2612} INFO - Dependencies all met for dep_context=non-requeueable deps ti=<TaskInstance: customer_dim_generator.generate_customer_dim_data scheduled__2024-10-19T00:00:00+00:00 [queued]>
[2025-02-08T20:42:51.649+0000] {taskinstance.py:2612} INFO - Dependencies all met for dep_context=requeueable deps ti=<TaskInstance: customer_dim_generator.generate_customer_dim_data scheduled__2024-10-19T00:00:00+00:00 [queued]>
[2025-02-08T20:42:51.650+0000] {taskinstance.py:2865} INFO - Starting attempt 1 of 1
[2025-02-08T20:42:51.669+0000] {taskinstance.py:2888} INFO - Executing <Task(PythonOperator): generate_customer_dim_data> on 2024-10-19 00:00:00+00:00
[2025-02-08T20:42:51.679+0000] {logging_mixin.py:190} WARNING - /home/***/.local/lib/python3.12/site-packages/***/task/task_runner/standard_task_runner.py:70 DeprecationWarning: This process (pid=427) is multi-threaded, use of fork() may lead to deadlocks in the child.
[2025-02-08T20:42:51.680+0000] {standard_task_runner.py:72} INFO - Started process 454 to run task
[2025-02-08T20:42:51.679+0000] {standard_task_runner.py:104} INFO - Running: ['***', 'tasks', 'run', 'customer_dim_generator', 'generate_customer_dim_data', 'scheduled__2024-10-19T00:00:00+00:00', '--job-id', '417', '--raw', '--subdir', 'DAGS_FOLDER/customer_dim_gen.py', '--cfg-path', '/tmp/tmpxi35l50x']
[2025-02-08T20:42:51.682+0000] {standard_task_runner.py:105} INFO - Job 417: Subtask generate_customer_dim_data
[2025-02-08T20:42:51.736+0000] {task_command.py:467} INFO - Running <TaskInstance: customer_dim_generator.generate_customer_dim_data scheduled__2024-10-19T00:00:00+00:00 [running]> on host 86932746817d
[2025-02-08T20:42:51.886+0000] {taskinstance.py:3131} INFO - Exporting env vars: AIRFLOW_CTX_DAG_OWNER='Saleh' AIRFLOW_CTX_DAG_ID='customer_dim_generator' AIRFLOW_CTX_TASK_ID='generate_customer_dim_data' AIRFLOW_CTX_EXECUTION_DATE='2024-10-19T00:00:00+00:00' AIRFLOW_CTX_TRY_NUMBER='1' AIRFLOW_CTX_DAG_RUN_ID='scheduled__2024-10-19T00:00:00+00:00'
[2025-02-08T20:42:51.889+0000] {taskinstance.py:731} INFO - ::endgroup::
[2025-02-08T20:42:51.915+0000] {logging_mixin.py:190} INFO - CSV file './customer_dim_large_data.csv' with 100 rows has been generated successfully.
[2025-02-08T20:42:51.916+0000] {python.py:240} INFO - Done. Returned value was: None
[2025-02-08T20:42:51.925+0000] {taskinstance.py:340} INFO - ::group::Post task execution logs
[2025-02-08T20:42:51.925+0000] {taskinstance.py:352} INFO - Marking task as SUCCESS. dag_id=customer_dim_generator, task_id=generate_customer_dim_data, run_id=scheduled__2024-10-19T00:00:00+00:00, execution_date=20241019T000000, start_date=20250208T204251, end_date=20250208T204251
[2025-02-08T20:42:51.982+0000] {local_task_job_runner.py:266} INFO - Task exited with return code 0
[2025-02-08T20:42:51.994+0000] {local_task_job_runner.py:245} INFO - ::endgroup::
