[2025-02-08T19:03:00.760+0000] {local_task_job_runner.py:123} INFO - ::group::Pre task execution logs
[2025-02-08T19:03:00.782+0000] {taskinstance.py:2612} INFO - Dependencies all met for dep_context=non-requeueable deps ti=<TaskInstance: branch_dim_gen.generate_branch_dim_data scheduled__2024-12-03T00:00:00+00:00 [queued]>
[2025-02-08T19:03:00.796+0000] {taskinstance.py:2612} INFO - Dependencies all met for dep_context=requeueable deps ti=<TaskInstance: branch_dim_gen.generate_branch_dim_data scheduled__2024-12-03T00:00:00+00:00 [queued]>
[2025-02-08T19:03:00.796+0000] {taskinstance.py:2865} INFO - Starting attempt 1 of 1
[2025-02-08T19:03:00.984+0000] {taskinstance.py:2888} INFO - Executing <Task(PythonOperator): generate_branch_dim_data> on 2024-12-03 00:00:00+00:00
[2025-02-08T19:03:00.996+0000] {logging_mixin.py:190} WARNING - /home/***/.local/lib/python3.12/site-packages/***/task/task_runner/standard_task_runner.py:70 DeprecationWarning: This process (pid=1843) is multi-threaded, use of fork() may lead to deadlocks in the child.
[2025-02-08T19:03:01.001+0000] {standard_task_runner.py:72} INFO - Started process 1867 to run task
[2025-02-08T19:03:01.001+0000] {standard_task_runner.py:104} INFO - Running: ['***', 'tasks', 'run', 'branch_dim_gen', 'generate_branch_dim_data', 'scheduled__2024-12-03T00:00:00+00:00', '--job-id', '317', '--raw', '--subdir', 'DAGS_FOLDER/brnach_dim_gen.py', '--cfg-path', '/tmp/tmpwhnp5xjl']
[2025-02-08T19:03:01.004+0000] {standard_task_runner.py:105} INFO - Job 317: Subtask generate_branch_dim_data
[2025-02-08T19:03:01.072+0000] {task_command.py:467} INFO - Running <TaskInstance: branch_dim_gen.generate_branch_dim_data scheduled__2024-12-03T00:00:00+00:00 [running]> on host 2c1cd59afcc0
[2025-02-08T19:03:01.272+0000] {taskinstance.py:3131} INFO - Exporting env vars: AIRFLOW_CTX_DAG_OWNER='Saleh' AIRFLOW_CTX_DAG_ID='branch_dim_gen' AIRFLOW_CTX_TASK_ID='generate_branch_dim_data' AIRFLOW_CTX_EXECUTION_DATE='2024-12-03T00:00:00+00:00' AIRFLOW_CTX_TRY_NUMBER='1' AIRFLOW_CTX_DAG_RUN_ID='scheduled__2024-12-03T00:00:00+00:00'
[2025-02-08T19:03:01.274+0000] {taskinstance.py:731} INFO - ::endgroup::
[2025-02-08T19:03:01.305+0000] {logging_mixin.py:190} INFO - CSV file './branch_dim_large_data.csv' with 50 rows has been generated successfully.
[2025-02-08T19:03:01.306+0000] {python.py:240} INFO - Done. Returned value was: None
[2025-02-08T19:03:01.318+0000] {taskinstance.py:340} INFO - ::group::Post task execution logs
[2025-02-08T19:03:01.320+0000] {taskinstance.py:352} INFO - Marking task as SUCCESS. dag_id=branch_dim_gen, task_id=generate_branch_dim_data, run_id=scheduled__2024-12-03T00:00:00+00:00, execution_date=20241203T000000, start_date=20250208T190300, end_date=20250208T190301
[2025-02-08T19:03:01.380+0000] {local_task_job_runner.py:266} INFO - Task exited with return code 0
[2025-02-08T19:03:01.406+0000] {taskinstance.py:3900} INFO - 0 downstream tasks scheduled from follow-on schedule check
[2025-02-08T19:03:01.413+0000] {local_task_job_runner.py:245} INFO - ::endgroup::
[2025-02-08T20:40:44.163+0000] {local_task_job_runner.py:123} INFO - ::group::Pre task execution logs
[2025-02-08T20:40:44.176+0000] {taskinstance.py:2612} INFO - Dependencies all met for dep_context=non-requeueable deps ti=<TaskInstance: branch_dim_gen.generate_branch_dim_data scheduled__2024-12-03T00:00:00+00:00 [queued]>
[2025-02-08T20:40:44.184+0000] {taskinstance.py:2612} INFO - Dependencies all met for dep_context=requeueable deps ti=<TaskInstance: branch_dim_gen.generate_branch_dim_data scheduled__2024-12-03T00:00:00+00:00 [queued]>
[2025-02-08T20:40:44.184+0000] {taskinstance.py:2865} INFO - Starting attempt 1 of 1
[2025-02-08T20:40:44.196+0000] {taskinstance.py:2888} INFO - Executing <Task(PythonOperator): generate_branch_dim_data> on 2024-12-03 00:00:00+00:00
[2025-02-08T20:40:44.207+0000] {logging_mixin.py:190} WARNING - /home/***/.local/lib/python3.12/site-packages/***/task/task_runner/standard_task_runner.py:70 DeprecationWarning: This process (pid=1605) is multi-threaded, use of fork() may lead to deadlocks in the child.
[2025-02-08T20:40:44.208+0000] {standard_task_runner.py:72} INFO - Started process 1621 to run task
[2025-02-08T20:40:44.205+0000] {standard_task_runner.py:104} INFO - Running: ['***', 'tasks', 'run', 'branch_dim_gen', 'generate_branch_dim_data', 'scheduled__2024-12-03T00:00:00+00:00', '--job-id', '245', '--raw', '--subdir', 'DAGS_FOLDER/brnach_dim_gen.py', '--cfg-path', '/tmp/tmphnkictmh']
[2025-02-08T20:40:44.209+0000] {standard_task_runner.py:105} INFO - Job 245: Subtask generate_branch_dim_data
[2025-02-08T20:40:44.246+0000] {task_command.py:467} INFO - Running <TaskInstance: branch_dim_gen.generate_branch_dim_data scheduled__2024-12-03T00:00:00+00:00 [running]> on host 7e959c1a2a8b
[2025-02-08T20:40:44.313+0000] {taskinstance.py:3131} INFO - Exporting env vars: AIRFLOW_CTX_DAG_OWNER='Saleh' AIRFLOW_CTX_DAG_ID='branch_dim_gen' AIRFLOW_CTX_TASK_ID='generate_branch_dim_data' AIRFLOW_CTX_EXECUTION_DATE='2024-12-03T00:00:00+00:00' AIRFLOW_CTX_TRY_NUMBER='1' AIRFLOW_CTX_DAG_RUN_ID='scheduled__2024-12-03T00:00:00+00:00'
[2025-02-08T20:40:44.315+0000] {taskinstance.py:731} INFO - ::endgroup::
[2025-02-08T20:40:44.331+0000] {logging_mixin.py:190} INFO - CSV file './branch_dim_large_data.csv' with 50 rows has been generated successfully.
[2025-02-08T20:40:44.332+0000] {python.py:240} INFO - Done. Returned value was: None
[2025-02-08T20:40:44.338+0000] {taskinstance.py:340} INFO - ::group::Post task execution logs
[2025-02-08T20:40:44.339+0000] {taskinstance.py:352} INFO - Marking task as SUCCESS. dag_id=branch_dim_gen, task_id=generate_branch_dim_data, run_id=scheduled__2024-12-03T00:00:00+00:00, execution_date=20241203T000000, start_date=20250208T204044, end_date=20250208T204044
[2025-02-08T20:40:44.382+0000] {local_task_job_runner.py:266} INFO - Task exited with return code 0
[2025-02-08T20:40:44.394+0000] {taskinstance.py:3900} INFO - 0 downstream tasks scheduled from follow-on schedule check
[2025-02-08T20:40:44.396+0000] {local_task_job_runner.py:245} INFO - ::endgroup::
