[2025-02-08T19:03:02.357+0000] {local_task_job_runner.py:123} INFO - ::group::Pre task execution logs
[2025-02-08T19:03:02.372+0000] {taskinstance.py:2612} INFO - Dependencies all met for dep_context=non-requeueable deps ti=<TaskInstance: branch_dim_gen.generate_branch_dim_data scheduled__2024-12-10T00:00:00+00:00 [queued]>
[2025-02-08T19:03:02.380+0000] {taskinstance.py:2612} INFO - Dependencies all met for dep_context=requeueable deps ti=<TaskInstance: branch_dim_gen.generate_branch_dim_data scheduled__2024-12-10T00:00:00+00:00 [queued]>
[2025-02-08T19:03:02.381+0000] {taskinstance.py:2865} INFO - Starting attempt 1 of 1
[2025-02-08T19:03:02.394+0000] {taskinstance.py:2888} INFO - Executing <Task(PythonOperator): generate_branch_dim_data> on 2024-12-10 00:00:00+00:00
[2025-02-08T19:03:02.404+0000] {logging_mixin.py:190} WARNING - /home/***/.local/lib/python3.12/site-packages/***/task/task_runner/standard_task_runner.py:70 DeprecationWarning: This process (pid=1891) is multi-threaded, use of fork() may lead to deadlocks in the child.
[2025-02-08T19:03:02.405+0000] {standard_task_runner.py:72} INFO - Started process 1913 to run task
[2025-02-08T19:03:02.404+0000] {standard_task_runner.py:104} INFO - Running: ['***', 'tasks', 'run', 'branch_dim_gen', 'generate_branch_dim_data', 'scheduled__2024-12-10T00:00:00+00:00', '--job-id', '331', '--raw', '--subdir', 'DAGS_FOLDER/brnach_dim_gen.py', '--cfg-path', '/tmp/tmpys80bo09']
[2025-02-08T19:03:02.406+0000] {standard_task_runner.py:105} INFO - Job 331: Subtask generate_branch_dim_data
[2025-02-08T19:03:02.446+0000] {task_command.py:467} INFO - Running <TaskInstance: branch_dim_gen.generate_branch_dim_data scheduled__2024-12-10T00:00:00+00:00 [running]> on host 2c1cd59afcc0
[2025-02-08T19:03:02.515+0000] {taskinstance.py:3131} INFO - Exporting env vars: AIRFLOW_CTX_DAG_OWNER='Saleh' AIRFLOW_CTX_DAG_ID='branch_dim_gen' AIRFLOW_CTX_TASK_ID='generate_branch_dim_data' AIRFLOW_CTX_EXECUTION_DATE='2024-12-10T00:00:00+00:00' AIRFLOW_CTX_TRY_NUMBER='1' AIRFLOW_CTX_DAG_RUN_ID='scheduled__2024-12-10T00:00:00+00:00'
[2025-02-08T19:03:02.517+0000] {taskinstance.py:731} INFO - ::endgroup::
[2025-02-08T19:03:02.537+0000] {logging_mixin.py:190} INFO - CSV file './branch_dim_large_data.csv' with 50 rows has been generated successfully.
[2025-02-08T19:03:02.538+0000] {python.py:240} INFO - Done. Returned value was: None
[2025-02-08T19:03:02.547+0000] {taskinstance.py:340} INFO - ::group::Post task execution logs
[2025-02-08T19:03:02.548+0000] {taskinstance.py:352} INFO - Marking task as SUCCESS. dag_id=branch_dim_gen, task_id=generate_branch_dim_data, run_id=scheduled__2024-12-10T00:00:00+00:00, execution_date=20241210T000000, start_date=20250208T190302, end_date=20250208T190302
[2025-02-08T19:03:02.580+0000] {local_task_job_runner.py:266} INFO - Task exited with return code 0
[2025-02-08T19:03:02.595+0000] {taskinstance.py:3900} INFO - 0 downstream tasks scheduled from follow-on schedule check
[2025-02-08T19:03:02.598+0000] {local_task_job_runner.py:245} INFO - ::endgroup::
[2025-02-08T20:40:50.712+0000] {local_task_job_runner.py:123} INFO - ::group::Pre task execution logs
[2025-02-08T20:40:50.724+0000] {taskinstance.py:2612} INFO - Dependencies all met for dep_context=non-requeueable deps ti=<TaskInstance: branch_dim_gen.generate_branch_dim_data scheduled__2024-12-10T00:00:00+00:00 [queued]>
[2025-02-08T20:40:50.731+0000] {taskinstance.py:2612} INFO - Dependencies all met for dep_context=requeueable deps ti=<TaskInstance: branch_dim_gen.generate_branch_dim_data scheduled__2024-12-10T00:00:00+00:00 [queued]>
[2025-02-08T20:40:50.731+0000] {taskinstance.py:2865} INFO - Starting attempt 1 of 1
[2025-02-08T20:40:50.742+0000] {taskinstance.py:2888} INFO - Executing <Task(PythonOperator): generate_branch_dim_data> on 2024-12-10 00:00:00+00:00
[2025-02-08T20:40:50.750+0000] {logging_mixin.py:190} WARNING - /home/***/.local/lib/python3.12/site-packages/***/task/task_runner/standard_task_runner.py:70 DeprecationWarning: This process (pid=1719) is multi-threaded, use of fork() may lead to deadlocks in the child.
[2025-02-08T20:40:50.751+0000] {standard_task_runner.py:72} INFO - Started process 1728 to run task
[2025-02-08T20:40:50.751+0000] {standard_task_runner.py:104} INFO - Running: ['***', 'tasks', 'run', 'branch_dim_gen', 'generate_branch_dim_data', 'scheduled__2024-12-10T00:00:00+00:00', '--job-id', '271', '--raw', '--subdir', 'DAGS_FOLDER/brnach_dim_gen.py', '--cfg-path', '/tmp/tmp3n09kjx7']
[2025-02-08T20:40:50.753+0000] {standard_task_runner.py:105} INFO - Job 271: Subtask generate_branch_dim_data
[2025-02-08T20:40:50.791+0000] {task_command.py:467} INFO - Running <TaskInstance: branch_dim_gen.generate_branch_dim_data scheduled__2024-12-10T00:00:00+00:00 [running]> on host 7e959c1a2a8b
[2025-02-08T20:40:50.858+0000] {taskinstance.py:3131} INFO - Exporting env vars: AIRFLOW_CTX_DAG_OWNER='Saleh' AIRFLOW_CTX_DAG_ID='branch_dim_gen' AIRFLOW_CTX_TASK_ID='generate_branch_dim_data' AIRFLOW_CTX_EXECUTION_DATE='2024-12-10T00:00:00+00:00' AIRFLOW_CTX_TRY_NUMBER='1' AIRFLOW_CTX_DAG_RUN_ID='scheduled__2024-12-10T00:00:00+00:00'
[2025-02-08T20:40:50.859+0000] {taskinstance.py:731} INFO - ::endgroup::
[2025-02-08T20:40:50.875+0000] {logging_mixin.py:190} INFO - CSV file './branch_dim_large_data.csv' with 50 rows has been generated successfully.
[2025-02-08T20:40:50.876+0000] {python.py:240} INFO - Done. Returned value was: None
[2025-02-08T20:40:50.883+0000] {taskinstance.py:340} INFO - ::group::Post task execution logs
[2025-02-08T20:40:50.883+0000] {taskinstance.py:352} INFO - Marking task as SUCCESS. dag_id=branch_dim_gen, task_id=generate_branch_dim_data, run_id=scheduled__2024-12-10T00:00:00+00:00, execution_date=20241210T000000, start_date=20250208T204050, end_date=20250208T204050
[2025-02-08T20:40:50.926+0000] {local_task_job_runner.py:266} INFO - Task exited with return code 0
[2025-02-08T20:40:50.940+0000] {taskinstance.py:3900} INFO - 0 downstream tasks scheduled from follow-on schedule check
[2025-02-08T20:40:50.942+0000] {local_task_job_runner.py:245} INFO - ::endgroup::
