[2025-02-08T19:02:21.232+0000] {local_task_job_runner.py:123} INFO - ::group::Pre task execution logs
[2025-02-08T19:02:21.254+0000] {taskinstance.py:2612} INFO - Dependencies all met for dep_context=non-requeueable deps ti=<TaskInstance: customer_dim_generator.generate_customer_dim_data scheduled__2024-11-04T00:00:00+00:00 [queued]>
[2025-02-08T19:02:21.265+0000] {taskinstance.py:2612} INFO - Dependencies all met for dep_context=requeueable deps ti=<TaskInstance: customer_dim_generator.generate_customer_dim_data scheduled__2024-11-04T00:00:00+00:00 [queued]>
[2025-02-08T19:02:21.265+0000] {taskinstance.py:2865} INFO - Starting attempt 1 of 1
[2025-02-08T19:02:21.362+0000] {taskinstance.py:2888} INFO - Executing <Task(PythonOperator): generate_customer_dim_data> on 2024-11-04 00:00:00+00:00
[2025-02-08T19:02:21.370+0000] {logging_mixin.py:190} WARNING - /home/***/.local/lib/python3.12/site-packages/***/task/task_runner/standard_task_runner.py:70 DeprecationWarning: This process (pid=1392) is multi-threaded, use of fork() may lead to deadlocks in the child.
[2025-02-08T19:02:21.372+0000] {standard_task_runner.py:72} INFO - Started process 1417 to run task
[2025-02-08T19:02:21.371+0000] {standard_task_runner.py:104} INFO - Running: ['***', 'tasks', 'run', 'customer_dim_generator', 'generate_customer_dim_data', 'scheduled__2024-11-04T00:00:00+00:00', '--job-id', '212', '--raw', '--subdir', 'DAGS_FOLDER/customer_dim_gen.py', '--cfg-path', '/tmp/tmp192ctmj1']
[2025-02-08T19:02:21.374+0000] {standard_task_runner.py:105} INFO - Job 212: Subtask generate_customer_dim_data
[2025-02-08T19:02:21.447+0000] {task_command.py:467} INFO - Running <TaskInstance: customer_dim_generator.generate_customer_dim_data scheduled__2024-11-04T00:00:00+00:00 [running]> on host 2c1cd59afcc0
[2025-02-08T19:02:21.573+0000] {taskinstance.py:3131} INFO - Exporting env vars: AIRFLOW_CTX_DAG_OWNER='Saleh' AIRFLOW_CTX_DAG_ID='customer_dim_generator' AIRFLOW_CTX_TASK_ID='generate_customer_dim_data' AIRFLOW_CTX_EXECUTION_DATE='2024-11-04T00:00:00+00:00' AIRFLOW_CTX_TRY_NUMBER='1' AIRFLOW_CTX_DAG_RUN_ID='scheduled__2024-11-04T00:00:00+00:00'
[2025-02-08T19:02:21.575+0000] {taskinstance.py:731} INFO - ::endgroup::
[2025-02-08T19:02:21.598+0000] {logging_mixin.py:190} INFO - CSV file './customer_dim_large_data.csv' with 100 rows has been generated successfully.
[2025-02-08T19:02:21.598+0000] {python.py:240} INFO - Done. Returned value was: None
[2025-02-08T19:02:21.610+0000] {taskinstance.py:340} INFO - ::group::Post task execution logs
[2025-02-08T19:02:21.610+0000] {taskinstance.py:352} INFO - Marking task as SUCCESS. dag_id=customer_dim_generator, task_id=generate_customer_dim_data, run_id=scheduled__2024-11-04T00:00:00+00:00, execution_date=20241104T000000, start_date=20250208T190221, end_date=20250208T190221
[2025-02-08T19:02:21.675+0000] {local_task_job_runner.py:266} INFO - Task exited with return code 0
[2025-02-08T19:02:21.693+0000] {taskinstance.py:3900} INFO - 0 downstream tasks scheduled from follow-on schedule check
[2025-02-08T19:02:21.695+0000] {local_task_job_runner.py:245} INFO - ::endgroup::
[2025-02-08T20:40:01.072+0000] {local_task_job_runner.py:123} INFO - ::group::Pre task execution logs
[2025-02-08T20:40:01.092+0000] {taskinstance.py:2612} INFO - Dependencies all met for dep_context=non-requeueable deps ti=<TaskInstance: customer_dim_generator.generate_customer_dim_data scheduled__2024-11-04T00:00:00+00:00 [queued]>
[2025-02-08T20:40:01.103+0000] {taskinstance.py:2612} INFO - Dependencies all met for dep_context=requeueable deps ti=<TaskInstance: customer_dim_generator.generate_customer_dim_data scheduled__2024-11-04T00:00:00+00:00 [queued]>
[2025-02-08T20:40:01.103+0000] {taskinstance.py:2865} INFO - Starting attempt 1 of 1
[2025-02-08T20:40:01.118+0000] {taskinstance.py:2888} INFO - Executing <Task(PythonOperator): generate_customer_dim_data> on 2024-11-04 00:00:00+00:00
[2025-02-08T20:40:01.131+0000] {logging_mixin.py:190} WARNING - /home/***/.local/lib/python3.12/site-packages/***/task/task_runner/standard_task_runner.py:70 DeprecationWarning: This process (pid=933) is multi-threaded, use of fork() may lead to deadlocks in the child.
[2025-02-08T20:40:01.133+0000] {standard_task_runner.py:72} INFO - Started process 961 to run task
[2025-02-08T20:40:01.134+0000] {standard_task_runner.py:104} INFO - Running: ['***', 'tasks', 'run', 'customer_dim_generator', 'generate_customer_dim_data', 'scheduled__2024-11-04T00:00:00+00:00', '--job-id', '89', '--raw', '--subdir', 'DAGS_FOLDER/customer_dim_gen.py', '--cfg-path', '/tmp/tmpw0xda080']
[2025-02-08T20:40:01.137+0000] {standard_task_runner.py:105} INFO - Job 89: Subtask generate_customer_dim_data
[2025-02-08T20:40:01.191+0000] {task_command.py:467} INFO - Running <TaskInstance: customer_dim_generator.generate_customer_dim_data scheduled__2024-11-04T00:00:00+00:00 [running]> on host 7e959c1a2a8b
[2025-02-08T20:40:01.315+0000] {taskinstance.py:3131} INFO - Exporting env vars: AIRFLOW_CTX_DAG_OWNER='Saleh' AIRFLOW_CTX_DAG_ID='customer_dim_generator' AIRFLOW_CTX_TASK_ID='generate_customer_dim_data' AIRFLOW_CTX_EXECUTION_DATE='2024-11-04T00:00:00+00:00' AIRFLOW_CTX_TRY_NUMBER='1' AIRFLOW_CTX_DAG_RUN_ID='scheduled__2024-11-04T00:00:00+00:00'
[2025-02-08T20:40:01.318+0000] {taskinstance.py:731} INFO - ::endgroup::
[2025-02-08T20:40:01.345+0000] {logging_mixin.py:190} INFO - CSV file './customer_dim_large_data.csv' with 100 rows has been generated successfully.
[2025-02-08T20:40:01.346+0000] {python.py:240} INFO - Done. Returned value was: None
[2025-02-08T20:40:01.354+0000] {taskinstance.py:340} INFO - ::group::Post task execution logs
[2025-02-08T20:40:01.355+0000] {taskinstance.py:352} INFO - Marking task as SUCCESS. dag_id=customer_dim_generator, task_id=generate_customer_dim_data, run_id=scheduled__2024-11-04T00:00:00+00:00, execution_date=20241104T000000, start_date=20250208T204001, end_date=20250208T204001
[2025-02-08T20:40:01.391+0000] {local_task_job_runner.py:266} INFO - Task exited with return code 0
[2025-02-08T20:40:01.412+0000] {taskinstance.py:3900} INFO - 0 downstream tasks scheduled from follow-on schedule check
[2025-02-08T20:40:01.416+0000] {local_task_job_runner.py:245} INFO - ::endgroup::
[2025-02-08T20:42:59.180+0000] {local_task_job_runner.py:123} INFO - ::group::Pre task execution logs
[2025-02-08T20:42:59.195+0000] {taskinstance.py:2612} INFO - Dependencies all met for dep_context=non-requeueable deps ti=<TaskInstance: customer_dim_generator.generate_customer_dim_data scheduled__2024-11-04T00:00:00+00:00 [queued]>
[2025-02-08T20:42:59.202+0000] {taskinstance.py:2612} INFO - Dependencies all met for dep_context=requeueable deps ti=<TaskInstance: customer_dim_generator.generate_customer_dim_data scheduled__2024-11-04T00:00:00+00:00 [queued]>
[2025-02-08T20:42:59.203+0000] {taskinstance.py:2865} INFO - Starting attempt 1 of 1
[2025-02-08T20:42:59.253+0000] {taskinstance.py:2888} INFO - Executing <Task(PythonOperator): generate_customer_dim_data> on 2024-11-04 00:00:00+00:00
[2025-02-08T20:42:59.263+0000] {logging_mixin.py:190} WARNING - /home/***/.local/lib/python3.12/site-packages/***/task/task_runner/standard_task_runner.py:70 DeprecationWarning: This process (pid=499) is multi-threaded, use of fork() may lead to deadlocks in the child.
[2025-02-08T20:42:59.264+0000] {standard_task_runner.py:72} INFO - Started process 519 to run task
[2025-02-08T20:42:59.263+0000] {standard_task_runner.py:104} INFO - Running: ['***', 'tasks', 'run', 'customer_dim_generator', 'generate_customer_dim_data', 'scheduled__2024-11-04T00:00:00+00:00', '--job-id', '433', '--raw', '--subdir', 'DAGS_FOLDER/customer_dim_gen.py', '--cfg-path', '/tmp/tmphnvy9sw_']
[2025-02-08T20:42:59.265+0000] {standard_task_runner.py:105} INFO - Job 433: Subtask generate_customer_dim_data
[2025-02-08T20:42:59.304+0000] {task_command.py:467} INFO - Running <TaskInstance: customer_dim_generator.generate_customer_dim_data scheduled__2024-11-04T00:00:00+00:00 [running]> on host 86932746817d
[2025-02-08T20:42:59.379+0000] {taskinstance.py:3131} INFO - Exporting env vars: AIRFLOW_CTX_DAG_OWNER='Saleh' AIRFLOW_CTX_DAG_ID='customer_dim_generator' AIRFLOW_CTX_TASK_ID='generate_customer_dim_data' AIRFLOW_CTX_EXECUTION_DATE='2024-11-04T00:00:00+00:00' AIRFLOW_CTX_TRY_NUMBER='1' AIRFLOW_CTX_DAG_RUN_ID='scheduled__2024-11-04T00:00:00+00:00'
[2025-02-08T20:42:59.380+0000] {taskinstance.py:731} INFO - ::endgroup::
[2025-02-08T20:42:59.397+0000] {logging_mixin.py:190} INFO - CSV file './customer_dim_large_data.csv' with 100 rows has been generated successfully.
[2025-02-08T20:42:59.397+0000] {python.py:240} INFO - Done. Returned value was: None
[2025-02-08T20:42:59.405+0000] {taskinstance.py:340} INFO - ::group::Post task execution logs
[2025-02-08T20:42:59.405+0000] {taskinstance.py:352} INFO - Marking task as SUCCESS. dag_id=customer_dim_generator, task_id=generate_customer_dim_data, run_id=scheduled__2024-11-04T00:00:00+00:00, execution_date=20241104T000000, start_date=20250208T204259, end_date=20250208T204259
[2025-02-08T20:42:59.439+0000] {local_task_job_runner.py:266} INFO - Task exited with return code 0
[2025-02-08T20:42:59.447+0000] {local_task_job_runner.py:245} INFO - ::endgroup::
