[2025-02-09T18:23:54.051+0000] {local_task_job_runner.py:123} INFO - ::group::Pre task execution logs
[2025-02-09T18:23:54.068+0000] {taskinstance.py:2612} INFO - Dependencies all met for dep_context=non-requeueable deps ti=<TaskInstance: table_dag.submit_table manual__2025-02-09T18:23:53.120175+00:00 [queued]>
[2025-02-09T18:23:54.081+0000] {taskinstance.py:2612} INFO - Dependencies all met for dep_context=requeueable deps ti=<TaskInstance: table_dag.submit_table manual__2025-02-09T18:23:53.120175+00:00 [queued]>
[2025-02-09T18:23:54.081+0000] {taskinstance.py:2865} INFO - Starting attempt 1 of 1
[2025-02-09T18:23:54.144+0000] {taskinstance.py:2888} INFO - Executing <Task(PinotTableSubmitOperator): submit_table> on 2025-02-09 18:23:53.120175+00:00
[2025-02-09T18:23:54.154+0000] {logging_mixin.py:190} WARNING - /home/***/.local/lib/python3.12/site-packages/***/task/task_runner/standard_task_runner.py:70 DeprecationWarning: This process (pid=4414) is multi-threaded, use of fork() may lead to deadlocks in the child.
[2025-02-09T18:23:54.155+0000] {standard_task_runner.py:72} INFO - Started process 4430 to run task
[2025-02-09T18:23:54.154+0000] {standard_task_runner.py:104} INFO - Running: ['***', 'tasks', 'run', 'table_dag', 'submit_table', 'manual__2025-02-09T18:23:53.120175+00:00', '--job-id', '797', '--raw', '--subdir', 'DAGS_FOLDER/table_dag.py', '--cfg-path', '/tmp/tmpi8e8xu97']
[2025-02-09T18:23:54.159+0000] {standard_task_runner.py:105} INFO - Job 797: Subtask submit_table
[2025-02-09T18:23:54.213+0000] {task_command.py:467} INFO - Running <TaskInstance: table_dag.submit_table manual__2025-02-09T18:23:53.120175+00:00 [running]> on host 3aeaa30cef4e
[2025-02-09T18:23:54.320+0000] {taskinstance.py:3131} INFO - Exporting env vars: AIRFLOW_CTX_DAG_OWNER='Saleh' AIRFLOW_CTX_DAG_ID='table_dag' AIRFLOW_CTX_TASK_ID='submit_table' AIRFLOW_CTX_EXECUTION_DATE='2025-02-09T18:23:53.120175+00:00' AIRFLOW_CTX_TRY_NUMBER='1' AIRFLOW_CTX_DAG_RUN_ID='manual__2025-02-09T18:23:53.120175+00:00'
[2025-02-09T18:23:54.323+0000] {taskinstance.py:731} INFO - ::endgroup::
[2025-02-09T18:23:54.447+0000] {pinot_table_operator.py:34} INFO - Table successfully submitted toApache Pinot! /opt/***/dags/tables/account_dim.json
[2025-02-09T18:23:54.516+0000] {pinot_table_operator.py:34} INFO - Table successfully submitted toApache Pinot! /opt/***/dags/tables/branch_dim.json
[2025-02-09T18:23:54.619+0000] {pinot_table_operator.py:34} INFO - Table successfully submitted toApache Pinot! /opt/***/dags/tables/customer_dim.json
[2025-02-09T18:23:55.651+0000] {pinot_table_operator.py:34} INFO - Table successfully submitted toApache Pinot! /opt/***/dags/tables/transaction_facts_dim.json
[2025-02-09T18:23:55.666+0000] {taskinstance.py:340} INFO - ::group::Post task execution logs
[2025-02-09T18:23:55.666+0000] {taskinstance.py:352} INFO - Marking task as SUCCESS. dag_id=table_dag, task_id=submit_table, run_id=manual__2025-02-09T18:23:53.120175+00:00, execution_date=20250209T182353, start_date=20250209T182354, end_date=20250209T182355
[2025-02-09T18:23:55.685+0000] {local_task_job_runner.py:266} INFO - Task exited with return code 0
[2025-02-09T18:23:55.707+0000] {taskinstance.py:3900} INFO - 0 downstream tasks scheduled from follow-on schedule check
[2025-02-09T18:23:55.711+0000] {local_task_job_runner.py:245} INFO - ::endgroup::
