[2025-02-08T19:00:51.784+0000] {local_task_job_runner.py:123} INFO - ::group::Pre task execution logs
[2025-02-08T19:00:51.801+0000] {taskinstance.py:2612} INFO - Dependencies all met for dep_context=non-requeueable deps ti=<TaskInstance: account_dim_gen.generate_account_dim_data scheduled__2024-12-16T00:00:00+00:00 [queued]>
[2025-02-08T19:00:51.812+0000] {taskinstance.py:2612} INFO - Dependencies all met for dep_context=requeueable deps ti=<TaskInstance: account_dim_gen.generate_account_dim_data scheduled__2024-12-16T00:00:00+00:00 [queued]>
[2025-02-08T19:00:51.813+0000] {taskinstance.py:2865} INFO - Starting attempt 1 of 1
[2025-02-08T19:00:51.831+0000] {taskinstance.py:2888} INFO - Executing <Task(PythonOperator): generate_account_dim_data> on 2024-12-16 00:00:00+00:00
[2025-02-08T19:00:51.840+0000] {logging_mixin.py:190} WARNING - /home/***/.local/lib/python3.12/site-packages/***/task/task_runner/standard_task_runner.py:70 DeprecationWarning: This process (pid=881) is multi-threaded, use of fork() may lead to deadlocks in the child.
[2025-02-08T19:00:51.842+0000] {standard_task_runner.py:72} INFO - Started process 900 to run task
[2025-02-08T19:00:51.840+0000] {standard_task_runner.py:104} INFO - Running: ['***', 'tasks', 'run', 'account_dim_gen', 'generate_account_dim_data', 'scheduled__2024-12-16T00:00:00+00:00', '--job-id', '101', '--raw', '--subdir', 'DAGS_FOLDER/account_dim_gen.py', '--cfg-path', '/tmp/tmpqmujinl6']
[2025-02-08T19:00:51.843+0000] {standard_task_runner.py:105} INFO - Job 101: Subtask generate_account_dim_data
[2025-02-08T19:00:51.895+0000] {task_command.py:467} INFO - Running <TaskInstance: account_dim_gen.generate_account_dim_data scheduled__2024-12-16T00:00:00+00:00 [running]> on host 2c1cd59afcc0
[2025-02-08T19:00:51.980+0000] {taskinstance.py:3131} INFO - Exporting env vars: AIRFLOW_CTX_DAG_OWNER='Saleh' AIRFLOW_CTX_DAG_ID='account_dim_gen' AIRFLOW_CTX_TASK_ID='generate_account_dim_data' AIRFLOW_CTX_EXECUTION_DATE='2024-12-16T00:00:00+00:00' AIRFLOW_CTX_TRY_NUMBER='1' AIRFLOW_CTX_DAG_RUN_ID='scheduled__2024-12-16T00:00:00+00:00'
[2025-02-08T19:00:51.982+0000] {taskinstance.py:731} INFO - ::endgroup::
[2025-02-08T19:00:52.004+0000] {logging_mixin.py:190} INFO - CSV file ./account_dim_large_data.csv with 50 row has been generated successfully!
[2025-02-08T19:00:52.005+0000] {python.py:240} INFO - Done. Returned value was: None
[2025-02-08T19:00:52.013+0000] {taskinstance.py:340} INFO - ::group::Post task execution logs
[2025-02-08T19:00:52.013+0000] {taskinstance.py:352} INFO - Marking task as SUCCESS. dag_id=account_dim_gen, task_id=generate_account_dim_data, run_id=scheduled__2024-12-16T00:00:00+00:00, execution_date=20241216T000000, start_date=20250208T190051, end_date=20250208T190052
[2025-02-08T19:00:52.057+0000] {local_task_job_runner.py:266} INFO - Task exited with return code 0
[2025-02-08T19:00:52.067+0000] {local_task_job_runner.py:245} INFO - ::endgroup::
[2025-02-08T20:40:56.454+0000] {local_task_job_runner.py:123} INFO - ::group::Pre task execution logs
[2025-02-08T20:40:56.472+0000] {taskinstance.py:2612} INFO - Dependencies all met for dep_context=non-requeueable deps ti=<TaskInstance: account_dim_gen.generate_account_dim_data scheduled__2024-12-16T00:00:00+00:00 [queued]>
[2025-02-08T20:40:56.489+0000] {taskinstance.py:2612} INFO - Dependencies all met for dep_context=requeueable deps ti=<TaskInstance: account_dim_gen.generate_account_dim_data scheduled__2024-12-16T00:00:00+00:00 [queued]>
[2025-02-08T20:40:56.490+0000] {taskinstance.py:2865} INFO - Starting attempt 1 of 1
[2025-02-08T20:40:56.505+0000] {taskinstance.py:2888} INFO - Executing <Task(PythonOperator): generate_account_dim_data> on 2024-12-16 00:00:00+00:00
[2025-02-08T20:40:56.517+0000] {standard_task_runner.py:104} INFO - Running: ['***', 'tasks', 'run', 'account_dim_gen', 'generate_account_dim_data', 'scheduled__2024-12-16T00:00:00+00:00', '--job-id', '283', '--raw', '--subdir', 'DAGS_FOLDER/account_dim_gen.py', '--cfg-path', '/tmp/tmpq1_cycoa']
[2025-02-08T20:40:56.519+0000] {standard_task_runner.py:105} INFO - Job 283: Subtask generate_account_dim_data
[2025-02-08T20:40:56.519+0000] {logging_mixin.py:190} WARNING - /home/***/.local/lib/python3.12/site-packages/***/task/task_runner/standard_task_runner.py:70 DeprecationWarning: This process (pid=1760) is multi-threaded, use of fork() may lead to deadlocks in the child.
[2025-02-08T20:40:56.520+0000] {standard_task_runner.py:72} INFO - Started process 1788 to run task
[2025-02-08T20:40:56.571+0000] {task_command.py:467} INFO - Running <TaskInstance: account_dim_gen.generate_account_dim_data scheduled__2024-12-16T00:00:00+00:00 [running]> on host 7e959c1a2a8b
[2025-02-08T20:40:56.672+0000] {taskinstance.py:3131} INFO - Exporting env vars: AIRFLOW_CTX_DAG_OWNER='Saleh' AIRFLOW_CTX_DAG_ID='account_dim_gen' AIRFLOW_CTX_TASK_ID='generate_account_dim_data' AIRFLOW_CTX_EXECUTION_DATE='2024-12-16T00:00:00+00:00' AIRFLOW_CTX_TRY_NUMBER='1' AIRFLOW_CTX_DAG_RUN_ID='scheduled__2024-12-16T00:00:00+00:00'
[2025-02-08T20:40:56.677+0000] {taskinstance.py:731} INFO - ::endgroup::
[2025-02-08T20:40:56.704+0000] {logging_mixin.py:190} INFO - CSV file ./account_dim_large_data.csv with 50 row has been generated successfully!
[2025-02-08T20:40:56.705+0000] {python.py:240} INFO - Done. Returned value was: None
[2025-02-08T20:40:56.719+0000] {taskinstance.py:340} INFO - ::group::Post task execution logs
[2025-02-08T20:40:56.719+0000] {taskinstance.py:352} INFO - Marking task as SUCCESS. dag_id=account_dim_gen, task_id=generate_account_dim_data, run_id=scheduled__2024-12-16T00:00:00+00:00, execution_date=20241216T000000, start_date=20250208T204056, end_date=20250208T204056
[2025-02-08T20:40:56.779+0000] {local_task_job_runner.py:266} INFO - Task exited with return code 0
[2025-02-08T20:40:56.787+0000] {local_task_job_runner.py:245} INFO - ::endgroup::
