[2025-02-08T18:59:59.684+0000] {local_task_job_runner.py:123} INFO - ::group::Pre task execution logs
[2025-02-08T18:59:59.753+0000] {taskinstance.py:2612} INFO - Dependencies all met for dep_context=non-requeueable deps ti=<TaskInstance: account_dim_gen.generate_account_dim_data scheduled__2024-09-15T00:00:00+00:00 [queued]>
[2025-02-08T18:59:59.782+0000] {taskinstance.py:2612} INFO - Dependencies all met for dep_context=requeueable deps ti=<TaskInstance: account_dim_gen.generate_account_dim_data scheduled__2024-09-15T00:00:00+00:00 [queued]>
[2025-02-08T18:59:59.784+0000] {taskinstance.py:2865} INFO - Starting attempt 1 of 1
[2025-02-08T18:59:59.860+0000] {taskinstance.py:2888} INFO - Executing <Task(PythonOperator): generate_account_dim_data> on 2024-09-15 00:00:00+00:00
[2025-02-08T18:59:59.981+0000] {logging_mixin.py:190} WARNING - /home/***/.local/lib/python3.12/site-packages/***/task/task_runner/standard_task_runner.py:70 DeprecationWarning: This process (pid=475) is multi-threaded, use of fork() may lead to deadlocks in the child.
[2025-02-08T18:59:59.926+0000] {standard_task_runner.py:104} INFO - Running: ['***', 'tasks', 'run', 'account_dim_gen', 'generate_account_dim_data', 'scheduled__2024-09-15T00:00:00+00:00', '--job-id', '8', '--raw', '--subdir', 'DAGS_FOLDER/account_dim_gen.py', '--cfg-path', '/tmp/tmpqx_lxmgg']
[2025-02-08T18:59:59.991+0000] {standard_task_runner.py:72} INFO - Started process 501 to run task
[2025-02-08T18:59:59.991+0000] {standard_task_runner.py:105} INFO - Job 8: Subtask generate_account_dim_data
[2025-02-08T19:00:00.365+0000] {task_command.py:467} INFO - Running <TaskInstance: account_dim_gen.generate_account_dim_data scheduled__2024-09-15T00:00:00+00:00 [running]> on host 2c1cd59afcc0
[2025-02-08T19:00:00.725+0000] {taskinstance.py:3131} INFO - Exporting env vars: AIRFLOW_CTX_DAG_OWNER='Saleh' AIRFLOW_CTX_DAG_ID='account_dim_gen' AIRFLOW_CTX_TASK_ID='generate_account_dim_data' AIRFLOW_CTX_EXECUTION_DATE='2024-09-15T00:00:00+00:00' AIRFLOW_CTX_TRY_NUMBER='1' AIRFLOW_CTX_DAG_RUN_ID='scheduled__2024-09-15T00:00:00+00:00'
[2025-02-08T19:00:00.728+0000] {taskinstance.py:731} INFO - ::endgroup::
[2025-02-08T19:00:00.922+0000] {logging_mixin.py:190} INFO - CSV file ./account_dim_large_data.csv with 50 row has been generated successfully!
[2025-02-08T19:00:00.927+0000] {python.py:240} INFO - Done. Returned value was: None
[2025-02-08T19:00:00.982+0000] {taskinstance.py:340} INFO - ::group::Post task execution logs
[2025-02-08T19:00:00.983+0000] {taskinstance.py:352} INFO - Marking task as SUCCESS. dag_id=account_dim_gen, task_id=generate_account_dim_data, run_id=scheduled__2024-09-15T00:00:00+00:00, execution_date=20240915T000000, start_date=20250208T185959, end_date=20250208T190000
[2025-02-08T19:00:01.066+0000] {local_task_job_runner.py:266} INFO - Task exited with return code 0
[2025-02-08T19:00:01.088+0000] {taskinstance.py:3900} INFO - 0 downstream tasks scheduled from follow-on schedule check
[2025-02-08T19:00:01.090+0000] {local_task_job_runner.py:245} INFO - ::endgroup::
[2025-02-08T20:39:38.071+0000] {local_task_job_runner.py:123} INFO - ::group::Pre task execution logs
[2025-02-08T20:39:38.104+0000] {taskinstance.py:2612} INFO - Dependencies all met for dep_context=non-requeueable deps ti=<TaskInstance: account_dim_gen.generate_account_dim_data scheduled__2024-09-15T00:00:00+00:00 [queued]>
[2025-02-08T20:39:38.115+0000] {taskinstance.py:2612} INFO - Dependencies all met for dep_context=requeueable deps ti=<TaskInstance: account_dim_gen.generate_account_dim_data scheduled__2024-09-15T00:00:00+00:00 [queued]>
[2025-02-08T20:39:38.118+0000] {taskinstance.py:2865} INFO - Starting attempt 1 of 1
[2025-02-08T20:39:38.156+0000] {taskinstance.py:2888} INFO - Executing <Task(PythonOperator): generate_account_dim_data> on 2024-09-15 00:00:00+00:00
[2025-02-08T20:39:38.196+0000] {logging_mixin.py:190} WARNING - /home/***/.local/lib/python3.12/site-packages/***/task/task_runner/standard_task_runner.py:70 DeprecationWarning: This process (pid=566) is multi-threaded, use of fork() may lead to deadlocks in the child.
[2025-02-08T20:39:38.207+0000] {standard_task_runner.py:72} INFO - Started process 648 to run task
[2025-02-08T20:39:38.193+0000] {standard_task_runner.py:104} INFO - Running: ['***', 'tasks', 'run', 'account_dim_gen', 'generate_account_dim_data', 'scheduled__2024-09-15T00:00:00+00:00', '--job-id', '31', '--raw', '--subdir', 'DAGS_FOLDER/account_dim_gen.py', '--cfg-path', '/tmp/tmpd7yggmlb']
[2025-02-08T20:39:38.228+0000] {standard_task_runner.py:105} INFO - Job 31: Subtask generate_account_dim_data
[2025-02-08T20:39:38.410+0000] {task_command.py:467} INFO - Running <TaskInstance: account_dim_gen.generate_account_dim_data scheduled__2024-09-15T00:00:00+00:00 [running]> on host 7e959c1a2a8b
[2025-02-08T20:39:39.139+0000] {taskinstance.py:3131} INFO - Exporting env vars: AIRFLOW_CTX_DAG_OWNER='Saleh' AIRFLOW_CTX_DAG_ID='account_dim_gen' AIRFLOW_CTX_TASK_ID='generate_account_dim_data' AIRFLOW_CTX_EXECUTION_DATE='2024-09-15T00:00:00+00:00' AIRFLOW_CTX_TRY_NUMBER='1' AIRFLOW_CTX_DAG_RUN_ID='scheduled__2024-09-15T00:00:00+00:00'
[2025-02-08T20:39:39.143+0000] {taskinstance.py:731} INFO - ::endgroup::
[2025-02-08T20:39:40.517+0000] {logging_mixin.py:190} INFO - CSV file ./account_dim_large_data.csv with 50 row has been generated successfully!
[2025-02-08T20:39:40.519+0000] {python.py:240} INFO - Done. Returned value was: None
[2025-02-08T20:39:40.529+0000] {taskinstance.py:340} INFO - ::group::Post task execution logs
[2025-02-08T20:39:40.532+0000] {taskinstance.py:352} INFO - Marking task as SUCCESS. dag_id=account_dim_gen, task_id=generate_account_dim_data, run_id=scheduled__2024-09-15T00:00:00+00:00, execution_date=20240915T000000, start_date=20250208T203938, end_date=20250208T203940
[2025-02-08T20:39:40.749+0000] {local_task_job_runner.py:266} INFO - Task exited with return code 0
[2025-02-08T20:39:40.806+0000] {taskinstance.py:3900} INFO - 0 downstream tasks scheduled from follow-on schedule check
[2025-02-08T20:39:40.825+0000] {local_task_job_runner.py:245} INFO - ::endgroup::
