[2025-02-08T19:03:08.964+0000] {local_task_job_runner.py:123} INFO - ::group::Pre task execution logs
[2025-02-08T19:03:08.989+0000] {taskinstance.py:2612} INFO - Dependencies all met for dep_context=non-requeueable deps ti=<TaskInstance: customer_dim_generator.generate_customer_dim_data scheduled__2025-01-10T00:00:00+00:00 [queued]>
[2025-02-08T19:03:08.998+0000] {taskinstance.py:2612} INFO - Dependencies all met for dep_context=requeueable deps ti=<TaskInstance: customer_dim_generator.generate_customer_dim_data scheduled__2025-01-10T00:00:00+00:00 [queued]>
[2025-02-08T19:03:09.002+0000] {taskinstance.py:2865} INFO - Starting attempt 1 of 1
[2025-02-08T19:03:09.027+0000] {taskinstance.py:2888} INFO - Executing <Task(PythonOperator): generate_customer_dim_data> on 2025-01-10 00:00:00+00:00
[2025-02-08T19:03:09.039+0000] {logging_mixin.py:190} WARNING - /home/***/.local/lib/python3.12/site-packages/***/task/task_runner/standard_task_runner.py:70 DeprecationWarning: This process (pid=1961) is multi-threaded, use of fork() may lead to deadlocks in the child.
[2025-02-08T19:03:09.041+0000] {standard_task_runner.py:72} INFO - Started process 1991 to run task
[2025-02-08T19:03:09.044+0000] {standard_task_runner.py:104} INFO - Running: ['***', 'tasks', 'run', 'customer_dim_generator', 'generate_customer_dim_data', 'scheduled__2025-01-10T00:00:00+00:00', '--job-id', '348', '--raw', '--subdir', 'DAGS_FOLDER/customer_dim_gen.py', '--cfg-path', '/tmp/tmpoon0bk0q']
[2025-02-08T19:03:09.046+0000] {standard_task_runner.py:105} INFO - Job 348: Subtask generate_customer_dim_data
[2025-02-08T19:03:09.096+0000] {task_command.py:467} INFO - Running <TaskInstance: customer_dim_generator.generate_customer_dim_data scheduled__2025-01-10T00:00:00+00:00 [running]> on host 2c1cd59afcc0
[2025-02-08T19:03:09.200+0000] {taskinstance.py:3131} INFO - Exporting env vars: AIRFLOW_CTX_DAG_OWNER='Saleh' AIRFLOW_CTX_DAG_ID='customer_dim_generator' AIRFLOW_CTX_TASK_ID='generate_customer_dim_data' AIRFLOW_CTX_EXECUTION_DATE='2025-01-10T00:00:00+00:00' AIRFLOW_CTX_TRY_NUMBER='1' AIRFLOW_CTX_DAG_RUN_ID='scheduled__2025-01-10T00:00:00+00:00'
[2025-02-08T19:03:09.201+0000] {taskinstance.py:731} INFO - ::endgroup::
[2025-02-08T19:03:09.226+0000] {logging_mixin.py:190} INFO - CSV file './customer_dim_large_data.csv' with 100 rows has been generated successfully.
[2025-02-08T19:03:09.227+0000] {python.py:240} INFO - Done. Returned value was: None
[2025-02-08T19:03:09.242+0000] {taskinstance.py:340} INFO - ::group::Post task execution logs
[2025-02-08T19:03:09.243+0000] {taskinstance.py:352} INFO - Marking task as SUCCESS. dag_id=customer_dim_generator, task_id=generate_customer_dim_data, run_id=scheduled__2025-01-10T00:00:00+00:00, execution_date=20250110T000000, start_date=20250208T190308, end_date=20250208T190309
[2025-02-08T19:03:09.298+0000] {local_task_job_runner.py:266} INFO - Task exited with return code 0
[2025-02-08T19:03:09.316+0000] {taskinstance.py:3900} INFO - 0 downstream tasks scheduled from follow-on schedule check
[2025-02-08T19:03:09.318+0000] {local_task_job_runner.py:245} INFO - ::endgroup::
[2025-02-08T20:40:57.326+0000] {local_task_job_runner.py:123} INFO - ::group::Pre task execution logs
[2025-02-08T20:40:57.346+0000] {taskinstance.py:2612} INFO - Dependencies all met for dep_context=non-requeueable deps ti=<TaskInstance: customer_dim_generator.generate_customer_dim_data scheduled__2025-01-10T00:00:00+00:00 [queued]>
[2025-02-08T20:40:57.356+0000] {taskinstance.py:2612} INFO - Dependencies all met for dep_context=requeueable deps ti=<TaskInstance: customer_dim_generator.generate_customer_dim_data scheduled__2025-01-10T00:00:00+00:00 [queued]>
[2025-02-08T20:40:57.357+0000] {taskinstance.py:2865} INFO - Starting attempt 1 of 1
[2025-02-08T20:40:57.374+0000] {taskinstance.py:2888} INFO - Executing <Task(PythonOperator): generate_customer_dim_data> on 2025-01-10 00:00:00+00:00
[2025-02-08T20:40:57.385+0000] {logging_mixin.py:190} WARNING - /home/***/.local/lib/python3.12/site-packages/***/task/task_runner/standard_task_runner.py:70 DeprecationWarning: This process (pid=1792) is multi-threaded, use of fork() may lead to deadlocks in the child.
[2025-02-08T20:40:57.387+0000] {standard_task_runner.py:72} INFO - Started process 1819 to run task
[2025-02-08T20:40:57.385+0000] {standard_task_runner.py:104} INFO - Running: ['***', 'tasks', 'run', 'customer_dim_generator', 'generate_customer_dim_data', 'scheduled__2025-01-10T00:00:00+00:00', '--job-id', '289', '--raw', '--subdir', 'DAGS_FOLDER/customer_dim_gen.py', '--cfg-path', '/tmp/tmpt_1szfu7']
[2025-02-08T20:40:57.388+0000] {standard_task_runner.py:105} INFO - Job 289: Subtask generate_customer_dim_data
[2025-02-08T20:40:57.437+0000] {task_command.py:467} INFO - Running <TaskInstance: customer_dim_generator.generate_customer_dim_data scheduled__2025-01-10T00:00:00+00:00 [running]> on host 7e959c1a2a8b
[2025-02-08T20:40:57.561+0000] {taskinstance.py:3131} INFO - Exporting env vars: AIRFLOW_CTX_DAG_OWNER='Saleh' AIRFLOW_CTX_DAG_ID='customer_dim_generator' AIRFLOW_CTX_TASK_ID='generate_customer_dim_data' AIRFLOW_CTX_EXECUTION_DATE='2025-01-10T00:00:00+00:00' AIRFLOW_CTX_TRY_NUMBER='1' AIRFLOW_CTX_DAG_RUN_ID='scheduled__2025-01-10T00:00:00+00:00'
[2025-02-08T20:40:57.563+0000] {taskinstance.py:731} INFO - ::endgroup::
[2025-02-08T20:40:57.587+0000] {logging_mixin.py:190} INFO - CSV file './customer_dim_large_data.csv' with 100 rows has been generated successfully.
[2025-02-08T20:40:57.588+0000] {python.py:240} INFO - Done. Returned value was: None
[2025-02-08T20:40:57.597+0000] {taskinstance.py:340} INFO - ::group::Post task execution logs
[2025-02-08T20:40:57.598+0000] {taskinstance.py:352} INFO - Marking task as SUCCESS. dag_id=customer_dim_generator, task_id=generate_customer_dim_data, run_id=scheduled__2025-01-10T00:00:00+00:00, execution_date=20250110T000000, start_date=20250208T204057, end_date=20250208T204057
[2025-02-08T20:40:57.656+0000] {local_task_job_runner.py:266} INFO - Task exited with return code 0
[2025-02-08T20:40:57.675+0000] {taskinstance.py:3900} INFO - 0 downstream tasks scheduled from follow-on schedule check
[2025-02-08T20:40:57.678+0000] {local_task_job_runner.py:245} INFO - ::endgroup::
[2025-02-08T20:43:39.090+0000] {local_task_job_runner.py:123} INFO - ::group::Pre task execution logs
[2025-02-08T20:43:39.109+0000] {taskinstance.py:2612} INFO - Dependencies all met for dep_context=non-requeueable deps ti=<TaskInstance: customer_dim_generator.generate_customer_dim_data scheduled__2025-01-10T00:00:00+00:00 [queued]>
[2025-02-08T20:43:39.118+0000] {taskinstance.py:2612} INFO - Dependencies all met for dep_context=requeueable deps ti=<TaskInstance: customer_dim_generator.generate_customer_dim_data scheduled__2025-01-10T00:00:00+00:00 [queued]>
[2025-02-08T20:43:39.119+0000] {taskinstance.py:2865} INFO - Starting attempt 1 of 1
[2025-02-08T20:43:39.216+0000] {taskinstance.py:2888} INFO - Executing <Task(PythonOperator): generate_customer_dim_data> on 2025-01-10 00:00:00+00:00
[2025-02-08T20:43:39.228+0000] {logging_mixin.py:190} WARNING - /home/***/.local/lib/python3.12/site-packages/***/task/task_runner/standard_task_runner.py:70 DeprecationWarning: This process (pid=808) is multi-threaded, use of fork() may lead to deadlocks in the child.
[2025-02-08T20:43:39.229+0000] {standard_task_runner.py:72} INFO - Started process 825 to run task
[2025-02-08T20:43:39.231+0000] {standard_task_runner.py:104} INFO - Running: ['***', 'tasks', 'run', 'customer_dim_generator', 'generate_customer_dim_data', 'scheduled__2025-01-10T00:00:00+00:00', '--job-id', '500', '--raw', '--subdir', 'DAGS_FOLDER/customer_dim_gen.py', '--cfg-path', '/tmp/tmph0mn4ggl']
[2025-02-08T20:43:39.234+0000] {standard_task_runner.py:105} INFO - Job 500: Subtask generate_customer_dim_data
[2025-02-08T20:43:39.289+0000] {task_command.py:467} INFO - Running <TaskInstance: customer_dim_generator.generate_customer_dim_data scheduled__2025-01-10T00:00:00+00:00 [running]> on host 86932746817d
[2025-02-08T20:43:39.374+0000] {taskinstance.py:3131} INFO - Exporting env vars: AIRFLOW_CTX_DAG_OWNER='Saleh' AIRFLOW_CTX_DAG_ID='customer_dim_generator' AIRFLOW_CTX_TASK_ID='generate_customer_dim_data' AIRFLOW_CTX_EXECUTION_DATE='2025-01-10T00:00:00+00:00' AIRFLOW_CTX_TRY_NUMBER='1' AIRFLOW_CTX_DAG_RUN_ID='scheduled__2025-01-10T00:00:00+00:00'
[2025-02-08T20:43:39.375+0000] {taskinstance.py:731} INFO - ::endgroup::
[2025-02-08T20:43:39.395+0000] {logging_mixin.py:190} INFO - CSV file './customer_dim_large_data.csv' with 100 rows has been generated successfully.
[2025-02-08T20:43:39.396+0000] {python.py:240} INFO - Done. Returned value was: None
[2025-02-08T20:43:39.406+0000] {taskinstance.py:340} INFO - ::group::Post task execution logs
[2025-02-08T20:43:39.407+0000] {taskinstance.py:352} INFO - Marking task as SUCCESS. dag_id=customer_dim_generator, task_id=generate_customer_dim_data, run_id=scheduled__2025-01-10T00:00:00+00:00, execution_date=20250110T000000, start_date=20250208T204339, end_date=20250208T204339
[2025-02-08T20:43:39.445+0000] {local_task_job_runner.py:266} INFO - Task exited with return code 0
[2025-02-08T20:43:39.466+0000] {taskinstance.py:3900} INFO - 0 downstream tasks scheduled from follow-on schedule check
[2025-02-08T20:43:39.471+0000] {local_task_job_runner.py:245} INFO - ::endgroup::
