[2025-02-08T19:02:58.444+0000] {local_task_job_runner.py:123} INFO - ::group::Pre task execution logs
[2025-02-08T19:02:58.456+0000] {taskinstance.py:2612} INFO - Dependencies all met for dep_context=non-requeueable deps ti=<TaskInstance: branch_dim_gen.generate_branch_dim_data scheduled__2024-12-02T00:00:00+00:00 [queued]>
[2025-02-08T19:02:58.465+0000] {taskinstance.py:2612} INFO - Dependencies all met for dep_context=requeueable deps ti=<TaskInstance: branch_dim_gen.generate_branch_dim_data scheduled__2024-12-02T00:00:00+00:00 [queued]>
[2025-02-08T19:02:58.468+0000] {taskinstance.py:2865} INFO - Starting attempt 1 of 1
[2025-02-08T19:02:58.479+0000] {taskinstance.py:2888} INFO - Executing <Task(PythonOperator): generate_branch_dim_data> on 2024-12-02 00:00:00+00:00
[2025-02-08T19:02:58.488+0000] {logging_mixin.py:190} WARNING - /home/***/.local/lib/python3.12/site-packages/***/task/task_runner/standard_task_runner.py:70 DeprecationWarning: This process (pid=1829) is multi-threaded, use of fork() may lead to deadlocks in the child.
[2025-02-08T19:02:58.489+0000] {standard_task_runner.py:72} INFO - Started process 1839 to run task
[2025-02-08T19:02:58.488+0000] {standard_task_runner.py:104} INFO - Running: ['***', 'tasks', 'run', 'branch_dim_gen', 'generate_branch_dim_data', 'scheduled__2024-12-02T00:00:00+00:00', '--job-id', '314', '--raw', '--subdir', 'DAGS_FOLDER/brnach_dim_gen.py', '--cfg-path', '/tmp/tmp_3e8kxkv']
[2025-02-08T19:02:58.490+0000] {standard_task_runner.py:105} INFO - Job 314: Subtask generate_branch_dim_data
[2025-02-08T19:02:58.523+0000] {task_command.py:467} INFO - Running <TaskInstance: branch_dim_gen.generate_branch_dim_data scheduled__2024-12-02T00:00:00+00:00 [running]> on host 2c1cd59afcc0
[2025-02-08T19:02:58.587+0000] {taskinstance.py:3131} INFO - Exporting env vars: AIRFLOW_CTX_DAG_OWNER='Saleh' AIRFLOW_CTX_DAG_ID='branch_dim_gen' AIRFLOW_CTX_TASK_ID='generate_branch_dim_data' AIRFLOW_CTX_EXECUTION_DATE='2024-12-02T00:00:00+00:00' AIRFLOW_CTX_TRY_NUMBER='1' AIRFLOW_CTX_DAG_RUN_ID='scheduled__2024-12-02T00:00:00+00:00'
[2025-02-08T19:02:58.588+0000] {taskinstance.py:731} INFO - ::endgroup::
[2025-02-08T19:02:58.606+0000] {logging_mixin.py:190} INFO - CSV file './branch_dim_large_data.csv' with 50 rows has been generated successfully.
[2025-02-08T19:02:58.606+0000] {python.py:240} INFO - Done. Returned value was: None
[2025-02-08T19:02:58.613+0000] {taskinstance.py:340} INFO - ::group::Post task execution logs
[2025-02-08T19:02:58.613+0000] {taskinstance.py:352} INFO - Marking task as SUCCESS. dag_id=branch_dim_gen, task_id=generate_branch_dim_data, run_id=scheduled__2024-12-02T00:00:00+00:00, execution_date=20241202T000000, start_date=20250208T190258, end_date=20250208T190258
[2025-02-08T19:02:58.663+0000] {local_task_job_runner.py:266} INFO - Task exited with return code 0
[2025-02-08T19:02:58.675+0000] {taskinstance.py:3900} INFO - 0 downstream tasks scheduled from follow-on schedule check
[2025-02-08T19:02:58.678+0000] {local_task_job_runner.py:245} INFO - ::endgroup::
[2025-02-08T20:40:43.885+0000] {local_task_job_runner.py:123} INFO - ::group::Pre task execution logs
[2025-02-08T20:40:43.905+0000] {taskinstance.py:2612} INFO - Dependencies all met for dep_context=non-requeueable deps ti=<TaskInstance: branch_dim_gen.generate_branch_dim_data scheduled__2024-12-02T00:00:00+00:00 [queued]>
[2025-02-08T20:40:43.915+0000] {taskinstance.py:2612} INFO - Dependencies all met for dep_context=requeueable deps ti=<TaskInstance: branch_dim_gen.generate_branch_dim_data scheduled__2024-12-02T00:00:00+00:00 [queued]>
[2025-02-08T20:40:43.916+0000] {taskinstance.py:2865} INFO - Starting attempt 1 of 1
[2025-02-08T20:40:43.935+0000] {taskinstance.py:2888} INFO - Executing <Task(PythonOperator): generate_branch_dim_data> on 2024-12-02 00:00:00+00:00
[2025-02-08T20:40:43.946+0000] {logging_mixin.py:190} WARNING - /home/***/.local/lib/python3.12/site-packages/***/task/task_runner/standard_task_runner.py:70 DeprecationWarning: This process (pid=1593) is multi-threaded, use of fork() may lead to deadlocks in the child.
[2025-02-08T20:40:43.947+0000] {standard_task_runner.py:72} INFO - Started process 1615 to run task
[2025-02-08T20:40:43.948+0000] {standard_task_runner.py:104} INFO - Running: ['***', 'tasks', 'run', 'branch_dim_gen', 'generate_branch_dim_data', 'scheduled__2024-12-02T00:00:00+00:00', '--job-id', '243', '--raw', '--subdir', 'DAGS_FOLDER/brnach_dim_gen.py', '--cfg-path', '/tmp/tmpoh12kchh']
[2025-02-08T20:40:43.950+0000] {standard_task_runner.py:105} INFO - Job 243: Subtask generate_branch_dim_data
[2025-02-08T20:40:44.004+0000] {task_command.py:467} INFO - Running <TaskInstance: branch_dim_gen.generate_branch_dim_data scheduled__2024-12-02T00:00:00+00:00 [running]> on host 7e959c1a2a8b
[2025-02-08T20:40:44.080+0000] {taskinstance.py:3131} INFO - Exporting env vars: AIRFLOW_CTX_DAG_OWNER='Saleh' AIRFLOW_CTX_DAG_ID='branch_dim_gen' AIRFLOW_CTX_TASK_ID='generate_branch_dim_data' AIRFLOW_CTX_EXECUTION_DATE='2024-12-02T00:00:00+00:00' AIRFLOW_CTX_TRY_NUMBER='1' AIRFLOW_CTX_DAG_RUN_ID='scheduled__2024-12-02T00:00:00+00:00'
[2025-02-08T20:40:44.081+0000] {taskinstance.py:731} INFO - ::endgroup::
[2025-02-08T20:40:44.099+0000] {logging_mixin.py:190} INFO - CSV file './branch_dim_large_data.csv' with 50 rows has been generated successfully.
[2025-02-08T20:40:44.100+0000] {python.py:240} INFO - Done. Returned value was: None
[2025-02-08T20:40:44.108+0000] {taskinstance.py:340} INFO - ::group::Post task execution logs
[2025-02-08T20:40:44.109+0000] {taskinstance.py:352} INFO - Marking task as SUCCESS. dag_id=branch_dim_gen, task_id=generate_branch_dim_data, run_id=scheduled__2024-12-02T00:00:00+00:00, execution_date=20241202T000000, start_date=20250208T204043, end_date=20250208T204044
[2025-02-08T20:40:44.162+0000] {local_task_job_runner.py:266} INFO - Task exited with return code 0
[2025-02-08T20:40:44.175+0000] {taskinstance.py:3900} INFO - 0 downstream tasks scheduled from follow-on schedule check
[2025-02-08T20:40:44.177+0000] {local_task_job_runner.py:245} INFO - ::endgroup::
