[2025-02-08T19:02:20.568+0000] {local_task_job_runner.py:123} INFO - ::group::Pre task execution logs
[2025-02-08T19:02:20.599+0000] {taskinstance.py:2612} INFO - Dependencies all met for dep_context=non-requeueable deps ti=<TaskInstance: customer_dim_generator.generate_customer_dim_data scheduled__2024-11-01T00:00:00+00:00 [queued]>
[2025-02-08T19:02:20.614+0000] {taskinstance.py:2612} INFO - Dependencies all met for dep_context=requeueable deps ti=<TaskInstance: customer_dim_generator.generate_customer_dim_data scheduled__2024-11-01T00:00:00+00:00 [queued]>
[2025-02-08T19:02:20.616+0000] {taskinstance.py:2865} INFO - Starting attempt 1 of 1
[2025-02-08T19:02:20.772+0000] {taskinstance.py:2888} INFO - Executing <Task(PythonOperator): generate_customer_dim_data> on 2024-11-01 00:00:00+00:00
[2025-02-08T19:02:20.785+0000] {logging_mixin.py:190} WARNING - /home/***/.local/lib/python3.12/site-packages/***/task/task_runner/standard_task_runner.py:70 DeprecationWarning: This process (pid=1374) is multi-threaded, use of fork() may lead to deadlocks in the child.
[2025-02-08T19:02:20.786+0000] {standard_task_runner.py:72} INFO - Started process 1401 to run task
[2025-02-08T19:02:20.786+0000] {standard_task_runner.py:104} INFO - Running: ['***', 'tasks', 'run', 'customer_dim_generator', 'generate_customer_dim_data', 'scheduled__2024-11-01T00:00:00+00:00', '--job-id', '206', '--raw', '--subdir', 'DAGS_FOLDER/customer_dim_gen.py', '--cfg-path', '/tmp/tmpkv9gybty']
[2025-02-08T19:02:20.789+0000] {standard_task_runner.py:105} INFO - Job 206: Subtask generate_customer_dim_data
[2025-02-08T19:02:20.865+0000] {task_command.py:467} INFO - Running <TaskInstance: customer_dim_generator.generate_customer_dim_data scheduled__2024-11-01T00:00:00+00:00 [running]> on host 2c1cd59afcc0
[2025-02-08T19:02:20.988+0000] {taskinstance.py:3131} INFO - Exporting env vars: AIRFLOW_CTX_DAG_OWNER='Saleh' AIRFLOW_CTX_DAG_ID='customer_dim_generator' AIRFLOW_CTX_TASK_ID='generate_customer_dim_data' AIRFLOW_CTX_EXECUTION_DATE='2024-11-01T00:00:00+00:00' AIRFLOW_CTX_TRY_NUMBER='1' AIRFLOW_CTX_DAG_RUN_ID='scheduled__2024-11-01T00:00:00+00:00'
[2025-02-08T19:02:20.989+0000] {taskinstance.py:731} INFO - ::endgroup::
[2025-02-08T19:02:21.016+0000] {logging_mixin.py:190} INFO - CSV file './customer_dim_large_data.csv' with 100 rows has been generated successfully.
[2025-02-08T19:02:21.018+0000] {python.py:240} INFO - Done. Returned value was: None
[2025-02-08T19:02:21.027+0000] {taskinstance.py:340} INFO - ::group::Post task execution logs
[2025-02-08T19:02:21.028+0000] {taskinstance.py:352} INFO - Marking task as SUCCESS. dag_id=customer_dim_generator, task_id=generate_customer_dim_data, run_id=scheduled__2024-11-01T00:00:00+00:00, execution_date=20241101T000000, start_date=20250208T190220, end_date=20250208T190221
[2025-02-08T19:02:21.085+0000] {local_task_job_runner.py:266} INFO - Task exited with return code 0
[2025-02-08T19:02:21.097+0000] {local_task_job_runner.py:245} INFO - ::endgroup::
[2025-02-08T20:39:59.330+0000] {local_task_job_runner.py:123} INFO - ::group::Pre task execution logs
[2025-02-08T20:39:59.347+0000] {taskinstance.py:2612} INFO - Dependencies all met for dep_context=non-requeueable deps ti=<TaskInstance: customer_dim_generator.generate_customer_dim_data scheduled__2024-11-01T00:00:00+00:00 [queued]>
[2025-02-08T20:39:59.359+0000] {taskinstance.py:2612} INFO - Dependencies all met for dep_context=requeueable deps ti=<TaskInstance: customer_dim_generator.generate_customer_dim_data scheduled__2024-11-01T00:00:00+00:00 [queued]>
[2025-02-08T20:39:59.359+0000] {taskinstance.py:2865} INFO - Starting attempt 1 of 1
[2025-02-08T20:39:59.376+0000] {taskinstance.py:2888} INFO - Executing <Task(PythonOperator): generate_customer_dim_data> on 2024-11-01 00:00:00+00:00
[2025-02-08T20:39:59.389+0000] {logging_mixin.py:190} WARNING - /home/***/.local/lib/python3.12/site-packages/***/task/task_runner/standard_task_runner.py:70 DeprecationWarning: This process (pid=900) is multi-threaded, use of fork() may lead to deadlocks in the child.
[2025-02-08T20:39:59.391+0000] {standard_task_runner.py:72} INFO - Started process 921 to run task
[2025-02-08T20:39:59.388+0000] {standard_task_runner.py:104} INFO - Running: ['***', 'tasks', 'run', 'customer_dim_generator', 'generate_customer_dim_data', 'scheduled__2024-11-01T00:00:00+00:00', '--job-id', '81', '--raw', '--subdir', 'DAGS_FOLDER/customer_dim_gen.py', '--cfg-path', '/tmp/tmp4x0ek9vz']
[2025-02-08T20:39:59.393+0000] {standard_task_runner.py:105} INFO - Job 81: Subtask generate_customer_dim_data
[2025-02-08T20:39:59.455+0000] {task_command.py:467} INFO - Running <TaskInstance: customer_dim_generator.generate_customer_dim_data scheduled__2024-11-01T00:00:00+00:00 [running]> on host 7e959c1a2a8b
[2025-02-08T20:39:59.722+0000] {taskinstance.py:3131} INFO - Exporting env vars: AIRFLOW_CTX_DAG_OWNER='Saleh' AIRFLOW_CTX_DAG_ID='customer_dim_generator' AIRFLOW_CTX_TASK_ID='generate_customer_dim_data' AIRFLOW_CTX_EXECUTION_DATE='2024-11-01T00:00:00+00:00' AIRFLOW_CTX_TRY_NUMBER='1' AIRFLOW_CTX_DAG_RUN_ID='scheduled__2024-11-01T00:00:00+00:00'
[2025-02-08T20:39:59.724+0000] {taskinstance.py:731} INFO - ::endgroup::
[2025-02-08T20:39:59.758+0000] {logging_mixin.py:190} INFO - CSV file './customer_dim_large_data.csv' with 100 rows has been generated successfully.
[2025-02-08T20:39:59.759+0000] {python.py:240} INFO - Done. Returned value was: None
[2025-02-08T20:39:59.767+0000] {taskinstance.py:340} INFO - ::group::Post task execution logs
[2025-02-08T20:39:59.768+0000] {taskinstance.py:352} INFO - Marking task as SUCCESS. dag_id=customer_dim_generator, task_id=generate_customer_dim_data, run_id=scheduled__2024-11-01T00:00:00+00:00, execution_date=20241101T000000, start_date=20250208T203959, end_date=20250208T203959
[2025-02-08T20:39:59.818+0000] {local_task_job_runner.py:266} INFO - Task exited with return code 0
[2025-02-08T20:39:59.834+0000] {local_task_job_runner.py:245} INFO - ::endgroup::
[2025-02-08T20:42:58.828+0000] {local_task_job_runner.py:123} INFO - ::group::Pre task execution logs
[2025-02-08T20:42:58.843+0000] {taskinstance.py:2612} INFO - Dependencies all met for dep_context=non-requeueable deps ti=<TaskInstance: customer_dim_generator.generate_customer_dim_data scheduled__2024-11-01T00:00:00+00:00 [queued]>
[2025-02-08T20:42:58.851+0000] {taskinstance.py:2612} INFO - Dependencies all met for dep_context=requeueable deps ti=<TaskInstance: customer_dim_generator.generate_customer_dim_data scheduled__2024-11-01T00:00:00+00:00 [queued]>
[2025-02-08T20:42:58.852+0000] {taskinstance.py:2865} INFO - Starting attempt 1 of 1
[2025-02-08T20:42:58.866+0000] {taskinstance.py:2888} INFO - Executing <Task(PythonOperator): generate_customer_dim_data> on 2024-11-01 00:00:00+00:00
[2025-02-08T20:42:58.873+0000] {logging_mixin.py:190} WARNING - /home/***/.local/lib/python3.12/site-packages/***/task/task_runner/standard_task_runner.py:70 DeprecationWarning: This process (pid=489) is multi-threaded, use of fork() may lead to deadlocks in the child.
[2025-02-08T20:42:58.874+0000] {standard_task_runner.py:72} INFO - Started process 507 to run task
[2025-02-08T20:42:58.873+0000] {standard_task_runner.py:104} INFO - Running: ['***', 'tasks', 'run', 'customer_dim_generator', 'generate_customer_dim_data', 'scheduled__2024-11-01T00:00:00+00:00', '--job-id', '430', '--raw', '--subdir', 'DAGS_FOLDER/customer_dim_gen.py', '--cfg-path', '/tmp/tmpd3tab_o4']
[2025-02-08T20:42:58.876+0000] {standard_task_runner.py:105} INFO - Job 430: Subtask generate_customer_dim_data
[2025-02-08T20:42:58.919+0000] {task_command.py:467} INFO - Running <TaskInstance: customer_dim_generator.generate_customer_dim_data scheduled__2024-11-01T00:00:00+00:00 [running]> on host 86932746817d
[2025-02-08T20:42:58.995+0000] {taskinstance.py:3131} INFO - Exporting env vars: AIRFLOW_CTX_DAG_OWNER='Saleh' AIRFLOW_CTX_DAG_ID='customer_dim_generator' AIRFLOW_CTX_TASK_ID='generate_customer_dim_data' AIRFLOW_CTX_EXECUTION_DATE='2024-11-01T00:00:00+00:00' AIRFLOW_CTX_TRY_NUMBER='1' AIRFLOW_CTX_DAG_RUN_ID='scheduled__2024-11-01T00:00:00+00:00'
[2025-02-08T20:42:58.997+0000] {taskinstance.py:731} INFO - ::endgroup::
[2025-02-08T20:42:59.015+0000] {logging_mixin.py:190} INFO - CSV file './customer_dim_large_data.csv' with 100 rows has been generated successfully.
[2025-02-08T20:42:59.015+0000] {python.py:240} INFO - Done. Returned value was: None
[2025-02-08T20:42:59.026+0000] {taskinstance.py:340} INFO - ::group::Post task execution logs
[2025-02-08T20:42:59.027+0000] {taskinstance.py:352} INFO - Marking task as SUCCESS. dag_id=customer_dim_generator, task_id=generate_customer_dim_data, run_id=scheduled__2024-11-01T00:00:00+00:00, execution_date=20241101T000000, start_date=20250208T204258, end_date=20250208T204259
[2025-02-08T20:42:59.050+0000] {local_task_job_runner.py:266} INFO - Task exited with return code 0
[2025-02-08T20:42:59.069+0000] {taskinstance.py:3900} INFO - 0 downstream tasks scheduled from follow-on schedule check
[2025-02-08T20:42:59.072+0000] {local_task_job_runner.py:245} INFO - ::endgroup::
