[2025-02-08T19:01:19.499+0000] {local_task_job_runner.py:123} INFO - ::group::Pre task execution logs
[2025-02-08T19:01:19.510+0000] {taskinstance.py:2612} INFO - Dependencies all met for dep_context=non-requeueable deps ti=<TaskInstance: account_dim_gen.generate_account_dim_data scheduled__2025-02-06T00:00:00+00:00 [queued]>
[2025-02-08T19:01:19.519+0000] {taskinstance.py:2612} INFO - Dependencies all met for dep_context=requeueable deps ti=<TaskInstance: account_dim_gen.generate_account_dim_data scheduled__2025-02-06T00:00:00+00:00 [queued]>
[2025-02-08T19:01:19.519+0000] {taskinstance.py:2865} INFO - Starting attempt 1 of 1
[2025-02-08T19:01:19.532+0000] {taskinstance.py:2888} INFO - Executing <Task(PythonOperator): generate_account_dim_data> on 2025-02-06 00:00:00+00:00
[2025-02-08T19:01:19.539+0000] {logging_mixin.py:190} WARNING - /home/***/.local/lib/python3.12/site-packages/***/task/task_runner/standard_task_runner.py:70 DeprecationWarning: This process (pid=1111) is multi-threaded, use of fork() may lead to deadlocks in the child.
[2025-02-08T19:01:19.540+0000] {standard_task_runner.py:72} INFO - Started process 1125 to run task
[2025-02-08T19:01:19.539+0000] {standard_task_runner.py:104} INFO - Running: ['***', 'tasks', 'run', 'account_dim_gen', 'generate_account_dim_data', 'scheduled__2025-02-06T00:00:00+00:00', '--job-id', '153', '--raw', '--subdir', 'DAGS_FOLDER/account_dim_gen.py', '--cfg-path', '/tmp/tmp_ou3b7ff']
[2025-02-08T19:01:19.541+0000] {standard_task_runner.py:105} INFO - Job 153: Subtask generate_account_dim_data
[2025-02-08T19:01:19.575+0000] {task_command.py:467} INFO - Running <TaskInstance: account_dim_gen.generate_account_dim_data scheduled__2025-02-06T00:00:00+00:00 [running]> on host 2c1cd59afcc0
[2025-02-08T19:01:19.644+0000] {taskinstance.py:3131} INFO - Exporting env vars: AIRFLOW_CTX_DAG_OWNER='Saleh' AIRFLOW_CTX_DAG_ID='account_dim_gen' AIRFLOW_CTX_TASK_ID='generate_account_dim_data' AIRFLOW_CTX_EXECUTION_DATE='2025-02-06T00:00:00+00:00' AIRFLOW_CTX_TRY_NUMBER='1' AIRFLOW_CTX_DAG_RUN_ID='scheduled__2025-02-06T00:00:00+00:00'
[2025-02-08T19:01:19.645+0000] {taskinstance.py:731} INFO - ::endgroup::
[2025-02-08T19:01:19.661+0000] {logging_mixin.py:190} INFO - CSV file ./account_dim_large_data.csv with 50 row has been generated successfully!
[2025-02-08T19:01:19.662+0000] {python.py:240} INFO - Done. Returned value was: None
[2025-02-08T19:01:19.668+0000] {taskinstance.py:340} INFO - ::group::Post task execution logs
[2025-02-08T19:01:19.669+0000] {taskinstance.py:352} INFO - Marking task as SUCCESS. dag_id=account_dim_gen, task_id=generate_account_dim_data, run_id=scheduled__2025-02-06T00:00:00+00:00, execution_date=20250206T000000, start_date=20250208T190119, end_date=20250208T190119
[2025-02-08T19:01:19.714+0000] {local_task_job_runner.py:266} INFO - Task exited with return code 0
[2025-02-08T19:01:19.727+0000] {taskinstance.py:3900} INFO - 0 downstream tasks scheduled from follow-on schedule check
[2025-02-08T19:01:19.729+0000] {local_task_job_runner.py:245} INFO - ::endgroup::
[2025-02-08T20:42:45.883+0000] {local_task_job_runner.py:123} INFO - ::group::Pre task execution logs
[2025-02-08T20:42:45.902+0000] {taskinstance.py:2612} INFO - Dependencies all met for dep_context=non-requeueable deps ti=<TaskInstance: account_dim_gen.generate_account_dim_data scheduled__2025-02-06T00:00:00+00:00 [queued]>
[2025-02-08T20:42:45.919+0000] {taskinstance.py:2612} INFO - Dependencies all met for dep_context=requeueable deps ti=<TaskInstance: account_dim_gen.generate_account_dim_data scheduled__2025-02-06T00:00:00+00:00 [queued]>
[2025-02-08T20:42:45.919+0000] {taskinstance.py:2865} INFO - Starting attempt 1 of 1
[2025-02-08T20:42:46.036+0000] {taskinstance.py:2888} INFO - Executing <Task(PythonOperator): generate_account_dim_data> on 2025-02-06 00:00:00+00:00
[2025-02-08T20:42:46.046+0000] {standard_task_runner.py:104} INFO - Running: ['***', 'tasks', 'run', 'account_dim_gen', 'generate_account_dim_data', 'scheduled__2025-02-06T00:00:00+00:00', '--job-id', '408', '--raw', '--subdir', 'DAGS_FOLDER/account_dim_gen.py', '--cfg-path', '/tmp/tmpqfaqb98p']
[2025-02-08T20:42:46.048+0000] {logging_mixin.py:190} WARNING - /home/***/.local/lib/python3.12/site-packages/***/task/task_runner/standard_task_runner.py:70 DeprecationWarning: This process (pid=372) is multi-threaded, use of fork() may lead to deadlocks in the child.
[2025-02-08T20:42:46.049+0000] {standard_task_runner.py:105} INFO - Job 408: Subtask generate_account_dim_data
[2025-02-08T20:42:46.050+0000] {standard_task_runner.py:72} INFO - Started process 398 to run task
[2025-02-08T20:42:46.097+0000] {task_command.py:467} INFO - Running <TaskInstance: account_dim_gen.generate_account_dim_data scheduled__2025-02-06T00:00:00+00:00 [running]> on host 86932746817d
[2025-02-08T20:42:46.181+0000] {taskinstance.py:3131} INFO - Exporting env vars: AIRFLOW_CTX_DAG_OWNER='Saleh' AIRFLOW_CTX_DAG_ID='account_dim_gen' AIRFLOW_CTX_TASK_ID='generate_account_dim_data' AIRFLOW_CTX_EXECUTION_DATE='2025-02-06T00:00:00+00:00' AIRFLOW_CTX_TRY_NUMBER='1' AIRFLOW_CTX_DAG_RUN_ID='scheduled__2025-02-06T00:00:00+00:00'
[2025-02-08T20:42:46.182+0000] {taskinstance.py:731} INFO - ::endgroup::
[2025-02-08T20:42:46.201+0000] {logging_mixin.py:190} INFO - CSV file ./account_dim_large_data.csv with 50 row has been generated successfully!
[2025-02-08T20:42:46.201+0000] {python.py:240} INFO - Done. Returned value was: None
[2025-02-08T20:42:46.210+0000] {taskinstance.py:340} INFO - ::group::Post task execution logs
[2025-02-08T20:42:46.211+0000] {taskinstance.py:352} INFO - Marking task as SUCCESS. dag_id=account_dim_gen, task_id=generate_account_dim_data, run_id=scheduled__2025-02-06T00:00:00+00:00, execution_date=20250206T000000, start_date=20250208T204245, end_date=20250208T204246
[2025-02-08T20:42:46.265+0000] {local_task_job_runner.py:266} INFO - Task exited with return code 0
[2025-02-08T20:42:46.280+0000] {taskinstance.py:3900} INFO - 0 downstream tasks scheduled from follow-on schedule check
[2025-02-08T20:42:46.283+0000] {local_task_job_runner.py:245} INFO - ::endgroup::
