[2025-02-08T19:00:31.579+0000] {local_task_job_runner.py:123} INFO - ::group::Pre task execution logs
[2025-02-08T19:00:31.595+0000] {taskinstance.py:2612} INFO - Dependencies all met for dep_context=non-requeueable deps ti=<TaskInstance: account_dim_gen.generate_account_dim_data scheduled__2024-11-11T00:00:00+00:00 [queued]>
[2025-02-08T19:00:31.602+0000] {taskinstance.py:2612} INFO - Dependencies all met for dep_context=requeueable deps ti=<TaskInstance: account_dim_gen.generate_account_dim_data scheduled__2024-11-11T00:00:00+00:00 [queued]>
[2025-02-08T19:00:31.603+0000] {taskinstance.py:2865} INFO - Starting attempt 1 of 1
[2025-02-08T19:00:31.644+0000] {taskinstance.py:2888} INFO - Executing <Task(PythonOperator): generate_account_dim_data> on 2024-11-11 00:00:00+00:00
[2025-02-08T19:00:31.651+0000] {logging_mixin.py:190} WARNING - /home/***/.local/lib/python3.12/site-packages/***/task/task_runner/standard_task_runner.py:70 DeprecationWarning: This process (pid=719) is multi-threaded, use of fork() may lead to deadlocks in the child.
[2025-02-08T19:00:31.652+0000] {standard_task_runner.py:72} INFO - Started process 741 to run task
[2025-02-08T19:00:31.652+0000] {standard_task_runner.py:104} INFO - Running: ['***', 'tasks', 'run', 'account_dim_gen', 'generate_account_dim_data', 'scheduled__2024-11-11T00:00:00+00:00', '--job-id', '66', '--raw', '--subdir', 'DAGS_FOLDER/account_dim_gen.py', '--cfg-path', '/tmp/tmpux1s9n31']
[2025-02-08T19:00:31.654+0000] {standard_task_runner.py:105} INFO - Job 66: Subtask generate_account_dim_data
[2025-02-08T19:00:31.695+0000] {task_command.py:467} INFO - Running <TaskInstance: account_dim_gen.generate_account_dim_data scheduled__2024-11-11T00:00:00+00:00 [running]> on host 2c1cd59afcc0
[2025-02-08T19:00:31.771+0000] {taskinstance.py:3131} INFO - Exporting env vars: AIRFLOW_CTX_DAG_OWNER='Saleh' AIRFLOW_CTX_DAG_ID='account_dim_gen' AIRFLOW_CTX_TASK_ID='generate_account_dim_data' AIRFLOW_CTX_EXECUTION_DATE='2024-11-11T00:00:00+00:00' AIRFLOW_CTX_TRY_NUMBER='1' AIRFLOW_CTX_DAG_RUN_ID='scheduled__2024-11-11T00:00:00+00:00'
[2025-02-08T19:00:31.772+0000] {taskinstance.py:731} INFO - ::endgroup::
[2025-02-08T19:00:31.789+0000] {logging_mixin.py:190} INFO - CSV file ./account_dim_large_data.csv with 50 row has been generated successfully!
[2025-02-08T19:00:31.789+0000] {python.py:240} INFO - Done. Returned value was: None
[2025-02-08T19:00:31.796+0000] {taskinstance.py:340} INFO - ::group::Post task execution logs
[2025-02-08T19:00:31.797+0000] {taskinstance.py:352} INFO - Marking task as SUCCESS. dag_id=account_dim_gen, task_id=generate_account_dim_data, run_id=scheduled__2024-11-11T00:00:00+00:00, execution_date=20241111T000000, start_date=20250208T190031, end_date=20250208T190031
[2025-02-08T19:00:31.827+0000] {local_task_job_runner.py:266} INFO - Task exited with return code 0
[2025-02-08T19:00:31.843+0000] {taskinstance.py:3900} INFO - 0 downstream tasks scheduled from follow-on schedule check
[2025-02-08T19:00:31.847+0000] {local_task_job_runner.py:245} INFO - ::endgroup::
[2025-02-08T20:40:29.053+0000] {local_task_job_runner.py:123} INFO - ::group::Pre task execution logs
[2025-02-08T20:40:29.079+0000] {taskinstance.py:2612} INFO - Dependencies all met for dep_context=non-requeueable deps ti=<TaskInstance: account_dim_gen.generate_account_dim_data scheduled__2024-11-11T00:00:00+00:00 [queued]>
[2025-02-08T20:40:29.097+0000] {taskinstance.py:2612} INFO - Dependencies all met for dep_context=requeueable deps ti=<TaskInstance: account_dim_gen.generate_account_dim_data scheduled__2024-11-11T00:00:00+00:00 [queued]>
[2025-02-08T20:40:29.101+0000] {taskinstance.py:2865} INFO - Starting attempt 1 of 1
[2025-02-08T20:40:29.137+0000] {taskinstance.py:2888} INFO - Executing <Task(PythonOperator): generate_account_dim_data> on 2024-11-11 00:00:00+00:00
[2025-02-08T20:40:29.163+0000] {logging_mixin.py:190} WARNING - /home/***/.local/lib/python3.12/site-packages/***/task/task_runner/standard_task_runner.py:70 DeprecationWarning: This process (pid=1318) is multi-threaded, use of fork() may lead to deadlocks in the child.
[2025-02-08T20:40:29.165+0000] {standard_task_runner.py:72} INFO - Started process 1343 to run task
[2025-02-08T20:40:29.169+0000] {standard_task_runner.py:104} INFO - Running: ['***', 'tasks', 'run', 'account_dim_gen', 'generate_account_dim_data', 'scheduled__2024-11-11T00:00:00+00:00', '--job-id', '176', '--raw', '--subdir', 'DAGS_FOLDER/account_dim_gen.py', '--cfg-path', '/tmp/tmpjiofxi0w']
[2025-02-08T20:40:29.172+0000] {standard_task_runner.py:105} INFO - Job 176: Subtask generate_account_dim_data
[2025-02-08T20:40:29.269+0000] {task_command.py:467} INFO - Running <TaskInstance: account_dim_gen.generate_account_dim_data scheduled__2024-11-11T00:00:00+00:00 [running]> on host 7e959c1a2a8b
[2025-02-08T20:40:29.389+0000] {taskinstance.py:3131} INFO - Exporting env vars: AIRFLOW_CTX_DAG_OWNER='Saleh' AIRFLOW_CTX_DAG_ID='account_dim_gen' AIRFLOW_CTX_TASK_ID='generate_account_dim_data' AIRFLOW_CTX_EXECUTION_DATE='2024-11-11T00:00:00+00:00' AIRFLOW_CTX_TRY_NUMBER='1' AIRFLOW_CTX_DAG_RUN_ID='scheduled__2024-11-11T00:00:00+00:00'
[2025-02-08T20:40:29.395+0000] {taskinstance.py:731} INFO - ::endgroup::
[2025-02-08T20:40:29.451+0000] {logging_mixin.py:190} INFO - CSV file ./account_dim_large_data.csv with 50 row has been generated successfully!
[2025-02-08T20:40:29.468+0000] {python.py:240} INFO - Done. Returned value was: None
[2025-02-08T20:40:29.512+0000] {taskinstance.py:340} INFO - ::group::Post task execution logs
[2025-02-08T20:40:29.679+0000] {taskinstance.py:352} INFO - Marking task as SUCCESS. dag_id=account_dim_gen, task_id=generate_account_dim_data, run_id=scheduled__2024-11-11T00:00:00+00:00, execution_date=20241111T000000, start_date=20250208T204029, end_date=20250208T204029
[2025-02-08T20:40:29.768+0000] {local_task_job_runner.py:266} INFO - Task exited with return code 0
[2025-02-08T20:40:29.809+0000] {taskinstance.py:3900} INFO - 0 downstream tasks scheduled from follow-on schedule check
[2025-02-08T20:40:29.836+0000] {local_task_job_runner.py:245} INFO - ::endgroup::
