[2025-02-08T19:03:21.716+0000] {local_task_job_runner.py:123} INFO - ::group::Pre task execution logs
[2025-02-08T19:03:21.733+0000] {taskinstance.py:2612} INFO - Dependencies all met for dep_context=non-requeueable deps ti=<TaskInstance: branch_dim_gen.generate_branch_dim_data scheduled__2025-01-06T00:00:00+00:00 [queued]>
[2025-02-08T19:03:21.742+0000] {taskinstance.py:2612} INFO - Dependencies all met for dep_context=requeueable deps ti=<TaskInstance: branch_dim_gen.generate_branch_dim_data scheduled__2025-01-06T00:00:00+00:00 [queued]>
[2025-02-08T19:03:21.743+0000] {taskinstance.py:2865} INFO - Starting attempt 1 of 1
[2025-02-08T19:03:21.758+0000] {taskinstance.py:2888} INFO - Executing <Task(PythonOperator): generate_branch_dim_data> on 2025-01-06 00:00:00+00:00
[2025-02-08T19:03:21.768+0000] {logging_mixin.py:190} WARNING - /home/***/.local/lib/python3.12/site-packages/***/task/task_runner/standard_task_runner.py:70 DeprecationWarning: This process (pid=2125) is multi-threaded, use of fork() may lead to deadlocks in the child.
[2025-02-08T19:03:21.769+0000] {standard_task_runner.py:104} INFO - Running: ['***', 'tasks', 'run', 'branch_dim_gen', 'generate_branch_dim_data', 'scheduled__2025-01-06T00:00:00+00:00', '--job-id', '384', '--raw', '--subdir', 'DAGS_FOLDER/brnach_dim_gen.py', '--cfg-path', '/tmp/tmpfybu_cb0']
[2025-02-08T19:03:21.771+0000] {standard_task_runner.py:72} INFO - Started process 2155 to run task
[2025-02-08T19:03:21.772+0000] {standard_task_runner.py:105} INFO - Job 384: Subtask generate_branch_dim_data
[2025-02-08T19:03:21.833+0000] {task_command.py:467} INFO - Running <TaskInstance: branch_dim_gen.generate_branch_dim_data scheduled__2025-01-06T00:00:00+00:00 [running]> on host 2c1cd59afcc0
[2025-02-08T19:03:21.965+0000] {taskinstance.py:3131} INFO - Exporting env vars: AIRFLOW_CTX_DAG_OWNER='Saleh' AIRFLOW_CTX_DAG_ID='branch_dim_gen' AIRFLOW_CTX_TASK_ID='generate_branch_dim_data' AIRFLOW_CTX_EXECUTION_DATE='2025-01-06T00:00:00+00:00' AIRFLOW_CTX_TRY_NUMBER='1' AIRFLOW_CTX_DAG_RUN_ID='scheduled__2025-01-06T00:00:00+00:00'
[2025-02-08T19:03:21.969+0000] {taskinstance.py:731} INFO - ::endgroup::
[2025-02-08T19:03:21.993+0000] {logging_mixin.py:190} INFO - CSV file './branch_dim_large_data.csv' with 50 rows has been generated successfully.
[2025-02-08T19:03:21.994+0000] {python.py:240} INFO - Done. Returned value was: None
[2025-02-08T19:03:22.006+0000] {taskinstance.py:340} INFO - ::group::Post task execution logs
[2025-02-08T19:03:22.007+0000] {taskinstance.py:352} INFO - Marking task as SUCCESS. dag_id=branch_dim_gen, task_id=generate_branch_dim_data, run_id=scheduled__2025-01-06T00:00:00+00:00, execution_date=20250106T000000, start_date=20250208T190321, end_date=20250208T190322
[2025-02-08T19:03:22.068+0000] {local_task_job_runner.py:266} INFO - Task exited with return code 0
[2025-02-08T19:03:22.080+0000] {local_task_job_runner.py:245} INFO - ::endgroup::
[2025-02-08T20:41:09.440+0000] {local_task_job_runner.py:123} INFO - ::group::Pre task execution logs
[2025-02-08T20:41:09.464+0000] {taskinstance.py:2612} INFO - Dependencies all met for dep_context=non-requeueable deps ti=<TaskInstance: branch_dim_gen.generate_branch_dim_data scheduled__2025-01-06T00:00:00+00:00 [queued]>
[2025-02-08T20:41:09.476+0000] {taskinstance.py:2612} INFO - Dependencies all met for dep_context=requeueable deps ti=<TaskInstance: branch_dim_gen.generate_branch_dim_data scheduled__2025-01-06T00:00:00+00:00 [queued]>
[2025-02-08T20:41:09.477+0000] {taskinstance.py:2865} INFO - Starting attempt 1 of 1
[2025-02-08T20:41:09.496+0000] {taskinstance.py:2888} INFO - Executing <Task(PythonOperator): generate_branch_dim_data> on 2025-01-06 00:00:00+00:00
[2025-02-08T20:41:09.509+0000] {logging_mixin.py:190} WARNING - /home/***/.local/lib/python3.12/site-packages/***/task/task_runner/standard_task_runner.py:70 DeprecationWarning: This process (pid=1990) is multi-threaded, use of fork() may lead to deadlocks in the child.
[2025-02-08T20:41:09.511+0000] {standard_task_runner.py:72} INFO - Started process 2010 to run task
[2025-02-08T20:41:09.510+0000] {standard_task_runner.py:104} INFO - Running: ['***', 'tasks', 'run', 'branch_dim_gen', 'generate_branch_dim_data', 'scheduled__2025-01-06T00:00:00+00:00', '--job-id', '336', '--raw', '--subdir', 'DAGS_FOLDER/brnach_dim_gen.py', '--cfg-path', '/tmp/tmpy5u0gsg2']
[2025-02-08T20:41:09.513+0000] {standard_task_runner.py:105} INFO - Job 336: Subtask generate_branch_dim_data
[2025-02-08T20:41:09.563+0000] {task_command.py:467} INFO - Running <TaskInstance: branch_dim_gen.generate_branch_dim_data scheduled__2025-01-06T00:00:00+00:00 [running]> on host 7e959c1a2a8b
[2025-02-08T20:41:09.658+0000] {taskinstance.py:3131} INFO - Exporting env vars: AIRFLOW_CTX_DAG_OWNER='Saleh' AIRFLOW_CTX_DAG_ID='branch_dim_gen' AIRFLOW_CTX_TASK_ID='generate_branch_dim_data' AIRFLOW_CTX_EXECUTION_DATE='2025-01-06T00:00:00+00:00' AIRFLOW_CTX_TRY_NUMBER='1' AIRFLOW_CTX_DAG_RUN_ID='scheduled__2025-01-06T00:00:00+00:00'
[2025-02-08T20:41:09.660+0000] {taskinstance.py:731} INFO - ::endgroup::
[2025-02-08T20:41:09.686+0000] {logging_mixin.py:190} INFO - CSV file './branch_dim_large_data.csv' with 50 rows has been generated successfully.
[2025-02-08T20:41:09.687+0000] {python.py:240} INFO - Done. Returned value was: None
[2025-02-08T20:41:09.702+0000] {taskinstance.py:340} INFO - ::group::Post task execution logs
[2025-02-08T20:41:09.703+0000] {taskinstance.py:352} INFO - Marking task as SUCCESS. dag_id=branch_dim_gen, task_id=generate_branch_dim_data, run_id=scheduled__2025-01-06T00:00:00+00:00, execution_date=20250106T000000, start_date=20250208T204109, end_date=20250208T204109
[2025-02-08T20:41:09.767+0000] {local_task_job_runner.py:266} INFO - Task exited with return code 0
[2025-02-08T20:41:09.785+0000] {taskinstance.py:3900} INFO - 0 downstream tasks scheduled from follow-on schedule check
[2025-02-08T20:41:09.787+0000] {local_task_job_runner.py:245} INFO - ::endgroup::
