[2025-02-08T19:02:29.524+0000] {local_task_job_runner.py:123} INFO - ::group::Pre task execution logs
[2025-02-08T19:02:29.635+0000] {taskinstance.py:2612} INFO - Dependencies all met for dep_context=non-requeueable deps ti=<TaskInstance: customer_dim_generator.generate_customer_dim_data scheduled__2024-11-13T00:00:00+00:00 [queued]>
[2025-02-08T19:02:29.683+0000] {taskinstance.py:2612} INFO - Dependencies all met for dep_context=requeueable deps ti=<TaskInstance: customer_dim_generator.generate_customer_dim_data scheduled__2024-11-13T00:00:00+00:00 [queued]>
[2025-02-08T19:02:29.687+0000] {taskinstance.py:2865} INFO - Starting attempt 1 of 1
[2025-02-08T19:02:29.710+0000] {taskinstance.py:2888} INFO - Executing <Task(PythonOperator): generate_customer_dim_data> on 2024-11-13 00:00:00+00:00
[2025-02-08T19:02:29.731+0000] {logging_mixin.py:190} WARNING - /home/***/.local/lib/python3.12/site-packages/***/task/task_runner/standard_task_runner.py:70 DeprecationWarning: This process (pid=1462) is multi-threaded, use of fork() may lead to deadlocks in the child.
[2025-02-08T19:02:29.729+0000] {standard_task_runner.py:104} INFO - Running: ['***', 'tasks', 'run', 'customer_dim_generator', 'generate_customer_dim_data', 'scheduled__2024-11-13T00:00:00+00:00', '--job-id', '230', '--raw', '--subdir', 'DAGS_FOLDER/customer_dim_gen.py', '--cfg-path', '/tmp/tmpvld47x5p']
[2025-02-08T19:02:29.732+0000] {standard_task_runner.py:72} INFO - Started process 1489 to run task
[2025-02-08T19:02:29.732+0000] {standard_task_runner.py:105} INFO - Job 230: Subtask generate_customer_dim_data
[2025-02-08T19:02:29.813+0000] {task_command.py:467} INFO - Running <TaskInstance: customer_dim_generator.generate_customer_dim_data scheduled__2024-11-13T00:00:00+00:00 [running]> on host 2c1cd59afcc0
[2025-02-08T19:02:29.940+0000] {taskinstance.py:3131} INFO - Exporting env vars: AIRFLOW_CTX_DAG_OWNER='Saleh' AIRFLOW_CTX_DAG_ID='customer_dim_generator' AIRFLOW_CTX_TASK_ID='generate_customer_dim_data' AIRFLOW_CTX_EXECUTION_DATE='2024-11-13T00:00:00+00:00' AIRFLOW_CTX_TRY_NUMBER='1' AIRFLOW_CTX_DAG_RUN_ID='scheduled__2024-11-13T00:00:00+00:00'
[2025-02-08T19:02:29.942+0000] {taskinstance.py:731} INFO - ::endgroup::
[2025-02-08T19:02:29.964+0000] {logging_mixin.py:190} INFO - CSV file './customer_dim_large_data.csv' with 100 rows has been generated successfully.
[2025-02-08T19:02:29.965+0000] {python.py:240} INFO - Done. Returned value was: None
[2025-02-08T19:02:29.980+0000] {taskinstance.py:340} INFO - ::group::Post task execution logs
[2025-02-08T19:02:29.983+0000] {taskinstance.py:352} INFO - Marking task as SUCCESS. dag_id=customer_dim_generator, task_id=generate_customer_dim_data, run_id=scheduled__2024-11-13T00:00:00+00:00, execution_date=20241113T000000, start_date=20250208T190229, end_date=20250208T190229
[2025-02-08T19:02:30.070+0000] {local_task_job_runner.py:266} INFO - Task exited with return code 0
[2025-02-08T19:02:30.094+0000] {taskinstance.py:3900} INFO - 0 downstream tasks scheduled from follow-on schedule check
[2025-02-08T19:02:30.097+0000] {local_task_job_runner.py:245} INFO - ::endgroup::
[2025-02-08T20:40:08.306+0000] {local_task_job_runner.py:123} INFO - ::group::Pre task execution logs
[2025-02-08T20:40:08.337+0000] {taskinstance.py:2612} INFO - Dependencies all met for dep_context=non-requeueable deps ti=<TaskInstance: customer_dim_generator.generate_customer_dim_data scheduled__2024-11-13T00:00:00+00:00 [queued]>
[2025-02-08T20:40:08.347+0000] {taskinstance.py:2612} INFO - Dependencies all met for dep_context=requeueable deps ti=<TaskInstance: customer_dim_generator.generate_customer_dim_data scheduled__2024-11-13T00:00:00+00:00 [queued]>
[2025-02-08T20:40:08.351+0000] {taskinstance.py:2865} INFO - Starting attempt 1 of 1
[2025-02-08T20:40:08.473+0000] {taskinstance.py:2888} INFO - Executing <Task(PythonOperator): generate_customer_dim_data> on 2024-11-13 00:00:00+00:00
[2025-02-08T20:40:08.484+0000] {logging_mixin.py:190} WARNING - /home/***/.local/lib/python3.12/site-packages/***/task/task_runner/standard_task_runner.py:70 DeprecationWarning: This process (pid=1036) is multi-threaded, use of fork() may lead to deadlocks in the child.
[2025-02-08T20:40:08.485+0000] {standard_task_runner.py:72} INFO - Started process 1068 to run task
[2025-02-08T20:40:08.484+0000] {standard_task_runner.py:104} INFO - Running: ['***', 'tasks', 'run', 'customer_dim_generator', 'generate_customer_dim_data', 'scheduled__2024-11-13T00:00:00+00:00', '--job-id', '115', '--raw', '--subdir', 'DAGS_FOLDER/customer_dim_gen.py', '--cfg-path', '/tmp/tmpy16f4twp']
[2025-02-08T20:40:08.492+0000] {standard_task_runner.py:105} INFO - Job 115: Subtask generate_customer_dim_data
[2025-02-08T20:40:08.584+0000] {task_command.py:467} INFO - Running <TaskInstance: customer_dim_generator.generate_customer_dim_data scheduled__2024-11-13T00:00:00+00:00 [running]> on host 7e959c1a2a8b
[2025-02-08T20:40:08.769+0000] {taskinstance.py:3131} INFO - Exporting env vars: AIRFLOW_CTX_DAG_OWNER='Saleh' AIRFLOW_CTX_DAG_ID='customer_dim_generator' AIRFLOW_CTX_TASK_ID='generate_customer_dim_data' AIRFLOW_CTX_EXECUTION_DATE='2024-11-13T00:00:00+00:00' AIRFLOW_CTX_TRY_NUMBER='1' AIRFLOW_CTX_DAG_RUN_ID='scheduled__2024-11-13T00:00:00+00:00'
[2025-02-08T20:40:08.770+0000] {taskinstance.py:731} INFO - ::endgroup::
[2025-02-08T20:40:08.797+0000] {logging_mixin.py:190} INFO - CSV file './customer_dim_large_data.csv' with 100 rows has been generated successfully.
[2025-02-08T20:40:08.798+0000] {python.py:240} INFO - Done. Returned value was: None
[2025-02-08T20:40:08.810+0000] {taskinstance.py:340} INFO - ::group::Post task execution logs
[2025-02-08T20:40:08.811+0000] {taskinstance.py:352} INFO - Marking task as SUCCESS. dag_id=customer_dim_generator, task_id=generate_customer_dim_data, run_id=scheduled__2024-11-13T00:00:00+00:00, execution_date=20241113T000000, start_date=20250208T204008, end_date=20250208T204008
[2025-02-08T20:40:08.872+0000] {local_task_job_runner.py:266} INFO - Task exited with return code 0
[2025-02-08T20:40:08.884+0000] {local_task_job_runner.py:245} INFO - ::endgroup::
[2025-02-08T20:43:04.986+0000] {local_task_job_runner.py:123} INFO - ::group::Pre task execution logs
[2025-02-08T20:43:05.019+0000] {taskinstance.py:2612} INFO - Dependencies all met for dep_context=non-requeueable deps ti=<TaskInstance: customer_dim_generator.generate_customer_dim_data scheduled__2024-11-13T00:00:00+00:00 [queued]>
[2025-02-08T20:43:05.034+0000] {taskinstance.py:2612} INFO - Dependencies all met for dep_context=requeueable deps ti=<TaskInstance: customer_dim_generator.generate_customer_dim_data scheduled__2024-11-13T00:00:00+00:00 [queued]>
[2025-02-08T20:43:05.035+0000] {taskinstance.py:2865} INFO - Starting attempt 1 of 1
[2025-02-08T20:43:05.094+0000] {taskinstance.py:2888} INFO - Executing <Task(PythonOperator): generate_customer_dim_data> on 2024-11-13 00:00:00+00:00
[2025-02-08T20:43:05.102+0000] {logging_mixin.py:190} WARNING - /home/***/.local/lib/python3.12/site-packages/***/task/task_runner/standard_task_runner.py:70 DeprecationWarning: This process (pid=537) is multi-threaded, use of fork() may lead to deadlocks in the child.
[2025-02-08T20:43:05.104+0000] {standard_task_runner.py:72} INFO - Started process 555 to run task
[2025-02-08T20:43:05.102+0000] {standard_task_runner.py:104} INFO - Running: ['***', 'tasks', 'run', 'customer_dim_generator', 'generate_customer_dim_data', 'scheduled__2024-11-13T00:00:00+00:00', '--job-id', '442', '--raw', '--subdir', 'DAGS_FOLDER/customer_dim_gen.py', '--cfg-path', '/tmp/tmpy38o3kyg']
[2025-02-08T20:43:05.105+0000] {standard_task_runner.py:105} INFO - Job 442: Subtask generate_customer_dim_data
[2025-02-08T20:43:05.151+0000] {task_command.py:467} INFO - Running <TaskInstance: customer_dim_generator.generate_customer_dim_data scheduled__2024-11-13T00:00:00+00:00 [running]> on host 86932746817d
[2025-02-08T20:43:05.245+0000] {taskinstance.py:3131} INFO - Exporting env vars: AIRFLOW_CTX_DAG_OWNER='Saleh' AIRFLOW_CTX_DAG_ID='customer_dim_generator' AIRFLOW_CTX_TASK_ID='generate_customer_dim_data' AIRFLOW_CTX_EXECUTION_DATE='2024-11-13T00:00:00+00:00' AIRFLOW_CTX_TRY_NUMBER='1' AIRFLOW_CTX_DAG_RUN_ID='scheduled__2024-11-13T00:00:00+00:00'
[2025-02-08T20:43:05.246+0000] {taskinstance.py:731} INFO - ::endgroup::
[2025-02-08T20:43:05.264+0000] {logging_mixin.py:190} INFO - CSV file './customer_dim_large_data.csv' with 100 rows has been generated successfully.
[2025-02-08T20:43:05.265+0000] {python.py:240} INFO - Done. Returned value was: None
[2025-02-08T20:43:05.274+0000] {taskinstance.py:340} INFO - ::group::Post task execution logs
[2025-02-08T20:43:05.275+0000] {taskinstance.py:352} INFO - Marking task as SUCCESS. dag_id=customer_dim_generator, task_id=generate_customer_dim_data, run_id=scheduled__2024-11-13T00:00:00+00:00, execution_date=20241113T000000, start_date=20250208T204305, end_date=20250208T204305
[2025-02-08T20:43:05.319+0000] {local_task_job_runner.py:266} INFO - Task exited with return code 0
[2025-02-08T20:43:05.328+0000] {local_task_job_runner.py:245} INFO - ::endgroup::
