[2025-02-08T19:00:18.009+0000] {local_task_job_runner.py:123} INFO - ::group::Pre task execution logs
[2025-02-08T19:00:18.021+0000] {taskinstance.py:2612} INFO - Dependencies all met for dep_context=non-requeueable deps ti=<TaskInstance: account_dim_gen.generate_account_dim_data scheduled__2024-10-15T00:00:00+00:00 [queued]>
[2025-02-08T19:00:18.030+0000] {taskinstance.py:2612} INFO - Dependencies all met for dep_context=requeueable deps ti=<TaskInstance: account_dim_gen.generate_account_dim_data scheduled__2024-10-15T00:00:00+00:00 [queued]>
[2025-02-08T19:00:18.034+0000] {taskinstance.py:2865} INFO - Starting attempt 1 of 1
[2025-02-08T19:00:18.058+0000] {taskinstance.py:2888} INFO - Executing <Task(PythonOperator): generate_account_dim_data> on 2024-10-15 00:00:00+00:00
[2025-02-08T19:00:18.067+0000] {standard_task_runner.py:104} INFO - Running: ['***', 'tasks', 'run', 'account_dim_gen', 'generate_account_dim_data', 'scheduled__2024-10-15T00:00:00+00:00', '--job-id', '39', '--raw', '--subdir', 'DAGS_FOLDER/account_dim_gen.py', '--cfg-path', '/tmp/tmp5mtfp06k']
[2025-02-08T19:00:18.070+0000] {standard_task_runner.py:105} INFO - Job 39: Subtask generate_account_dim_data
[2025-02-08T19:00:18.071+0000] {logging_mixin.py:190} WARNING - /home/***/.local/lib/python3.12/site-packages/***/task/task_runner/standard_task_runner.py:70 DeprecationWarning: This process (pid=615) is multi-threaded, use of fork() may lead to deadlocks in the child.
[2025-02-08T19:00:18.072+0000] {standard_task_runner.py:72} INFO - Started process 625 to run task
[2025-02-08T19:00:18.125+0000] {task_command.py:467} INFO - Running <TaskInstance: account_dim_gen.generate_account_dim_data scheduled__2024-10-15T00:00:00+00:00 [running]> on host 2c1cd59afcc0
[2025-02-08T19:00:18.295+0000] {taskinstance.py:3131} INFO - Exporting env vars: AIRFLOW_CTX_DAG_OWNER='Saleh' AIRFLOW_CTX_DAG_ID='account_dim_gen' AIRFLOW_CTX_TASK_ID='generate_account_dim_data' AIRFLOW_CTX_EXECUTION_DATE='2024-10-15T00:00:00+00:00' AIRFLOW_CTX_TRY_NUMBER='1' AIRFLOW_CTX_DAG_RUN_ID='scheduled__2024-10-15T00:00:00+00:00'
[2025-02-08T19:00:18.297+0000] {taskinstance.py:731} INFO - ::endgroup::
[2025-02-08T19:00:18.316+0000] {logging_mixin.py:190} INFO - CSV file ./account_dim_large_data.csv with 50 row has been generated successfully!
[2025-02-08T19:00:18.316+0000] {python.py:240} INFO - Done. Returned value was: None
[2025-02-08T19:00:18.323+0000] {taskinstance.py:340} INFO - ::group::Post task execution logs
[2025-02-08T19:00:18.324+0000] {taskinstance.py:352} INFO - Marking task as SUCCESS. dag_id=account_dim_gen, task_id=generate_account_dim_data, run_id=scheduled__2024-10-15T00:00:00+00:00, execution_date=20241015T000000, start_date=20250208T190018, end_date=20250208T190018
[2025-02-08T19:00:18.446+0000] {local_task_job_runner.py:266} INFO - Task exited with return code 0
[2025-02-08T19:00:18.461+0000] {taskinstance.py:3900} INFO - 0 downstream tasks scheduled from follow-on schedule check
[2025-02-08T19:00:18.480+0000] {local_task_job_runner.py:245} INFO - ::endgroup::
[2025-02-08T20:40:01.622+0000] {local_task_job_runner.py:123} INFO - ::group::Pre task execution logs
[2025-02-08T20:40:01.638+0000] {taskinstance.py:2612} INFO - Dependencies all met for dep_context=non-requeueable deps ti=<TaskInstance: account_dim_gen.generate_account_dim_data scheduled__2024-10-15T00:00:00+00:00 [queued]>
[2025-02-08T20:40:01.647+0000] {taskinstance.py:2612} INFO - Dependencies all met for dep_context=requeueable deps ti=<TaskInstance: account_dim_gen.generate_account_dim_data scheduled__2024-10-15T00:00:00+00:00 [queued]>
[2025-02-08T20:40:01.648+0000] {taskinstance.py:2865} INFO - Starting attempt 1 of 1
[2025-02-08T20:40:01.659+0000] {taskinstance.py:2888} INFO - Executing <Task(PythonOperator): generate_account_dim_data> on 2024-10-15 00:00:00+00:00
[2025-02-08T20:40:01.667+0000] {logging_mixin.py:190} WARNING - /home/***/.local/lib/python3.12/site-packages/***/task/task_runner/standard_task_runner.py:70 DeprecationWarning: This process (pid=956) is multi-threaded, use of fork() may lead to deadlocks in the child.
[2025-02-08T20:40:01.668+0000] {standard_task_runner.py:72} INFO - Started process 973 to run task
[2025-02-08T20:40:01.667+0000] {standard_task_runner.py:104} INFO - Running: ['***', 'tasks', 'run', 'account_dim_gen', 'generate_account_dim_data', 'scheduled__2024-10-15T00:00:00+00:00', '--job-id', '95', '--raw', '--subdir', 'DAGS_FOLDER/account_dim_gen.py', '--cfg-path', '/tmp/tmpp4p_bf7s']
[2025-02-08T20:40:01.669+0000] {standard_task_runner.py:105} INFO - Job 95: Subtask generate_account_dim_data
[2025-02-08T20:40:01.719+0000] {task_command.py:467} INFO - Running <TaskInstance: account_dim_gen.generate_account_dim_data scheduled__2024-10-15T00:00:00+00:00 [running]> on host 7e959c1a2a8b
[2025-02-08T20:40:01.801+0000] {taskinstance.py:3131} INFO - Exporting env vars: AIRFLOW_CTX_DAG_OWNER='Saleh' AIRFLOW_CTX_DAG_ID='account_dim_gen' AIRFLOW_CTX_TASK_ID='generate_account_dim_data' AIRFLOW_CTX_EXECUTION_DATE='2024-10-15T00:00:00+00:00' AIRFLOW_CTX_TRY_NUMBER='1' AIRFLOW_CTX_DAG_RUN_ID='scheduled__2024-10-15T00:00:00+00:00'
[2025-02-08T20:40:01.803+0000] {taskinstance.py:731} INFO - ::endgroup::
[2025-02-08T20:40:01.820+0000] {logging_mixin.py:190} INFO - CSV file ./account_dim_large_data.csv with 50 row has been generated successfully!
[2025-02-08T20:40:01.821+0000] {python.py:240} INFO - Done. Returned value was: None
[2025-02-08T20:40:01.828+0000] {taskinstance.py:340} INFO - ::group::Post task execution logs
[2025-02-08T20:40:01.829+0000] {taskinstance.py:352} INFO - Marking task as SUCCESS. dag_id=account_dim_gen, task_id=generate_account_dim_data, run_id=scheduled__2024-10-15T00:00:00+00:00, execution_date=20241015T000000, start_date=20250208T204001, end_date=20250208T204001
[2025-02-08T20:40:01.883+0000] {local_task_job_runner.py:266} INFO - Task exited with return code 0
[2025-02-08T20:40:01.896+0000] {taskinstance.py:3900} INFO - 0 downstream tasks scheduled from follow-on schedule check
[2025-02-08T20:40:01.920+0000] {local_task_job_runner.py:245} INFO - ::endgroup::
