[2025-02-08T19:03:15.706+0000] {local_task_job_runner.py:123} INFO - ::group::Pre task execution logs
[2025-02-08T19:03:15.725+0000] {taskinstance.py:2612} INFO - Dependencies all met for dep_context=non-requeueable deps ti=<TaskInstance: branch_dim_gen.generate_branch_dim_data scheduled__2024-12-28T00:00:00+00:00 [queued]>
[2025-02-08T19:03:15.749+0000] {taskinstance.py:2612} INFO - Dependencies all met for dep_context=requeueable deps ti=<TaskInstance: branch_dim_gen.generate_branch_dim_data scheduled__2024-12-28T00:00:00+00:00 [queued]>
[2025-02-08T19:03:15.752+0000] {taskinstance.py:2865} INFO - Starting attempt 1 of 1
[2025-02-08T19:03:15.775+0000] {taskinstance.py:2888} INFO - Executing <Task(PythonOperator): generate_branch_dim_data> on 2024-12-28 00:00:00+00:00
[2025-02-08T19:03:15.784+0000] {logging_mixin.py:190} WARNING - /home/***/.local/lib/python3.12/site-packages/***/task/task_runner/standard_task_runner.py:70 DeprecationWarning: This process (pid=2049) is multi-threaded, use of fork() may lead to deadlocks in the child.
[2025-02-08T19:03:15.786+0000] {standard_task_runner.py:72} INFO - Started process 2075 to run task
[2025-02-08T19:03:15.785+0000] {standard_task_runner.py:104} INFO - Running: ['***', 'tasks', 'run', 'branch_dim_gen', 'generate_branch_dim_data', 'scheduled__2024-12-28T00:00:00+00:00', '--job-id', '366', '--raw', '--subdir', 'DAGS_FOLDER/brnach_dim_gen.py', '--cfg-path', '/tmp/tmpmi3ikog6']
[2025-02-08T19:03:15.787+0000] {standard_task_runner.py:105} INFO - Job 366: Subtask generate_branch_dim_data
[2025-02-08T19:03:15.870+0000] {task_command.py:467} INFO - Running <TaskInstance: branch_dim_gen.generate_branch_dim_data scheduled__2024-12-28T00:00:00+00:00 [running]> on host 2c1cd59afcc0
[2025-02-08T19:03:16.016+0000] {taskinstance.py:3131} INFO - Exporting env vars: AIRFLOW_CTX_DAG_OWNER='Saleh' AIRFLOW_CTX_DAG_ID='branch_dim_gen' AIRFLOW_CTX_TASK_ID='generate_branch_dim_data' AIRFLOW_CTX_EXECUTION_DATE='2024-12-28T00:00:00+00:00' AIRFLOW_CTX_TRY_NUMBER='1' AIRFLOW_CTX_DAG_RUN_ID='scheduled__2024-12-28T00:00:00+00:00'
[2025-02-08T19:03:16.018+0000] {taskinstance.py:731} INFO - ::endgroup::
[2025-02-08T19:03:16.051+0000] {logging_mixin.py:190} INFO - CSV file './branch_dim_large_data.csv' with 50 rows has been generated successfully.
[2025-02-08T19:03:16.052+0000] {python.py:240} INFO - Done. Returned value was: None
[2025-02-08T19:03:16.060+0000] {taskinstance.py:340} INFO - ::group::Post task execution logs
[2025-02-08T19:03:16.061+0000] {taskinstance.py:352} INFO - Marking task as SUCCESS. dag_id=branch_dim_gen, task_id=generate_branch_dim_data, run_id=scheduled__2024-12-28T00:00:00+00:00, execution_date=20241228T000000, start_date=20250208T190315, end_date=20250208T190316
[2025-02-08T19:03:16.095+0000] {local_task_job_runner.py:266} INFO - Task exited with return code 0
[2025-02-08T19:03:16.114+0000] {taskinstance.py:3900} INFO - 0 downstream tasks scheduled from follow-on schedule check
[2025-02-08T19:03:16.120+0000] {local_task_job_runner.py:245} INFO - ::endgroup::
[2025-02-08T20:41:03.292+0000] {local_task_job_runner.py:123} INFO - ::group::Pre task execution logs
[2025-02-08T20:41:03.310+0000] {taskinstance.py:2612} INFO - Dependencies all met for dep_context=non-requeueable deps ti=<TaskInstance: branch_dim_gen.generate_branch_dim_data scheduled__2024-12-28T00:00:00+00:00 [queued]>
[2025-02-08T20:41:03.323+0000] {taskinstance.py:2612} INFO - Dependencies all met for dep_context=requeueable deps ti=<TaskInstance: branch_dim_gen.generate_branch_dim_data scheduled__2024-12-28T00:00:00+00:00 [queued]>
[2025-02-08T20:41:03.324+0000] {taskinstance.py:2865} INFO - Starting attempt 1 of 1
[2025-02-08T20:41:03.339+0000] {taskinstance.py:2888} INFO - Executing <Task(PythonOperator): generate_branch_dim_data> on 2024-12-28 00:00:00+00:00
[2025-02-08T20:41:03.351+0000] {logging_mixin.py:190} WARNING - /home/***/.local/lib/python3.12/site-packages/***/task/task_runner/standard_task_runner.py:70 DeprecationWarning: This process (pid=1912) is multi-threaded, use of fork() may lead to deadlocks in the child.
[2025-02-08T20:41:03.351+0000] {standard_task_runner.py:104} INFO - Running: ['***', 'tasks', 'run', 'branch_dim_gen', 'generate_branch_dim_data', 'scheduled__2024-12-28T00:00:00+00:00', '--job-id', '317', '--raw', '--subdir', 'DAGS_FOLDER/brnach_dim_gen.py', '--cfg-path', '/tmp/tmps002cs2_']
[2025-02-08T20:41:03.354+0000] {standard_task_runner.py:105} INFO - Job 317: Subtask generate_branch_dim_data
[2025-02-08T20:41:03.355+0000] {standard_task_runner.py:72} INFO - Started process 1932 to run task
[2025-02-08T20:41:03.409+0000] {task_command.py:467} INFO - Running <TaskInstance: branch_dim_gen.generate_branch_dim_data scheduled__2024-12-28T00:00:00+00:00 [running]> on host 7e959c1a2a8b
[2025-02-08T20:41:03.518+0000] {taskinstance.py:3131} INFO - Exporting env vars: AIRFLOW_CTX_DAG_OWNER='Saleh' AIRFLOW_CTX_DAG_ID='branch_dim_gen' AIRFLOW_CTX_TASK_ID='generate_branch_dim_data' AIRFLOW_CTX_EXECUTION_DATE='2024-12-28T00:00:00+00:00' AIRFLOW_CTX_TRY_NUMBER='1' AIRFLOW_CTX_DAG_RUN_ID='scheduled__2024-12-28T00:00:00+00:00'
[2025-02-08T20:41:03.520+0000] {taskinstance.py:731} INFO - ::endgroup::
[2025-02-08T20:41:03.540+0000] {logging_mixin.py:190} INFO - CSV file './branch_dim_large_data.csv' with 50 rows has been generated successfully.
[2025-02-08T20:41:03.541+0000] {python.py:240} INFO - Done. Returned value was: None
[2025-02-08T20:41:03.549+0000] {taskinstance.py:340} INFO - ::group::Post task execution logs
[2025-02-08T20:41:03.550+0000] {taskinstance.py:352} INFO - Marking task as SUCCESS. dag_id=branch_dim_gen, task_id=generate_branch_dim_data, run_id=scheduled__2024-12-28T00:00:00+00:00, execution_date=20241228T000000, start_date=20250208T204103, end_date=20250208T204103
[2025-02-08T20:41:03.613+0000] {local_task_job_runner.py:266} INFO - Task exited with return code 0
[2025-02-08T20:41:03.631+0000] {taskinstance.py:3900} INFO - 0 downstream tasks scheduled from follow-on schedule check
[2025-02-08T20:41:03.634+0000] {local_task_job_runner.py:245} INFO - ::endgroup::
