[2025-02-08T19:01:05.633+0000] {local_task_job_runner.py:123} INFO - ::group::Pre task execution logs
[2025-02-08T19:01:05.649+0000] {taskinstance.py:2612} INFO - Dependencies all met for dep_context=non-requeueable deps ti=<TaskInstance: account_dim_gen.generate_account_dim_data scheduled__2025-01-05T00:00:00+00:00 [queued]>
[2025-02-08T19:01:05.660+0000] {taskinstance.py:2612} INFO - Dependencies all met for dep_context=requeueable deps ti=<TaskInstance: account_dim_gen.generate_account_dim_data scheduled__2025-01-05T00:00:00+00:00 [queued]>
[2025-02-08T19:01:05.661+0000] {taskinstance.py:2865} INFO - Starting attempt 1 of 1
[2025-02-08T19:01:05.757+0000] {taskinstance.py:2888} INFO - Executing <Task(PythonOperator): generate_account_dim_data> on 2025-01-05 00:00:00+00:00
[2025-02-08T19:01:05.767+0000] {logging_mixin.py:190} WARNING - /home/***/.local/lib/python3.12/site-packages/***/task/task_runner/standard_task_runner.py:70 DeprecationWarning: This process (pid=973) is multi-threaded, use of fork() may lead to deadlocks in the child.
[2025-02-08T19:01:05.767+0000] {standard_task_runner.py:104} INFO - Running: ['***', 'tasks', 'run', 'account_dim_gen', 'generate_account_dim_data', 'scheduled__2025-01-05T00:00:00+00:00', '--job-id', '121', '--raw', '--subdir', 'DAGS_FOLDER/account_dim_gen.py', '--cfg-path', '/tmp/tmp40tfum75']
[2025-02-08T19:01:05.769+0000] {standard_task_runner.py:105} INFO - Job 121: Subtask generate_account_dim_data
[2025-02-08T19:01:05.769+0000] {standard_task_runner.py:72} INFO - Started process 989 to run task
[2025-02-08T19:01:05.838+0000] {task_command.py:467} INFO - Running <TaskInstance: account_dim_gen.generate_account_dim_data scheduled__2025-01-05T00:00:00+00:00 [running]> on host 2c1cd59afcc0
[2025-02-08T19:01:05.919+0000] {taskinstance.py:3131} INFO - Exporting env vars: AIRFLOW_CTX_DAG_OWNER='Saleh' AIRFLOW_CTX_DAG_ID='account_dim_gen' AIRFLOW_CTX_TASK_ID='generate_account_dim_data' AIRFLOW_CTX_EXECUTION_DATE='2025-01-05T00:00:00+00:00' AIRFLOW_CTX_TRY_NUMBER='1' AIRFLOW_CTX_DAG_RUN_ID='scheduled__2025-01-05T00:00:00+00:00'
[2025-02-08T19:01:05.920+0000] {taskinstance.py:731} INFO - ::endgroup::
[2025-02-08T19:01:05.942+0000] {logging_mixin.py:190} INFO - CSV file ./account_dim_large_data.csv with 50 row has been generated successfully!
[2025-02-08T19:01:05.942+0000] {python.py:240} INFO - Done. Returned value was: None
[2025-02-08T19:01:05.951+0000] {taskinstance.py:340} INFO - ::group::Post task execution logs
[2025-02-08T19:01:05.952+0000] {taskinstance.py:352} INFO - Marking task as SUCCESS. dag_id=account_dim_gen, task_id=generate_account_dim_data, run_id=scheduled__2025-01-05T00:00:00+00:00, execution_date=20250105T000000, start_date=20250208T190105, end_date=20250208T190105
[2025-02-08T19:01:05.991+0000] {local_task_job_runner.py:266} INFO - Task exited with return code 0
[2025-02-08T19:01:05.999+0000] {local_task_job_runner.py:245} INFO - ::endgroup::
[2025-02-08T20:41:09.820+0000] {local_task_job_runner.py:123} INFO - ::group::Pre task execution logs
[2025-02-08T20:41:09.837+0000] {taskinstance.py:2612} INFO - Dependencies all met for dep_context=non-requeueable deps ti=<TaskInstance: account_dim_gen.generate_account_dim_data scheduled__2025-01-05T00:00:00+00:00 [queued]>
[2025-02-08T20:41:09.845+0000] {taskinstance.py:2612} INFO - Dependencies all met for dep_context=requeueable deps ti=<TaskInstance: account_dim_gen.generate_account_dim_data scheduled__2025-01-05T00:00:00+00:00 [queued]>
[2025-02-08T20:41:09.846+0000] {taskinstance.py:2865} INFO - Starting attempt 1 of 1
[2025-02-08T20:41:09.866+0000] {taskinstance.py:2888} INFO - Executing <Task(PythonOperator): generate_account_dim_data> on 2025-01-05 00:00:00+00:00
[2025-02-08T20:41:09.881+0000] {logging_mixin.py:190} WARNING - /home/***/.local/lib/python3.12/site-packages/***/task/task_runner/standard_task_runner.py:70 DeprecationWarning: This process (pid=1997) is multi-threaded, use of fork() may lead to deadlocks in the child.
[2025-02-08T20:41:09.880+0000] {standard_task_runner.py:104} INFO - Running: ['***', 'tasks', 'run', 'account_dim_gen', 'generate_account_dim_data', 'scheduled__2025-01-05T00:00:00+00:00', '--job-id', '339', '--raw', '--subdir', 'DAGS_FOLDER/account_dim_gen.py', '--cfg-path', '/tmp/tmpayzz4eoz']
[2025-02-08T20:41:09.882+0000] {standard_task_runner.py:72} INFO - Started process 2015 to run task
[2025-02-08T20:41:09.882+0000] {standard_task_runner.py:105} INFO - Job 339: Subtask generate_account_dim_data
[2025-02-08T20:41:09.937+0000] {task_command.py:467} INFO - Running <TaskInstance: account_dim_gen.generate_account_dim_data scheduled__2025-01-05T00:00:00+00:00 [running]> on host 7e959c1a2a8b
[2025-02-08T20:41:10.045+0000] {taskinstance.py:3131} INFO - Exporting env vars: AIRFLOW_CTX_DAG_OWNER='Saleh' AIRFLOW_CTX_DAG_ID='account_dim_gen' AIRFLOW_CTX_TASK_ID='generate_account_dim_data' AIRFLOW_CTX_EXECUTION_DATE='2025-01-05T00:00:00+00:00' AIRFLOW_CTX_TRY_NUMBER='1' AIRFLOW_CTX_DAG_RUN_ID='scheduled__2025-01-05T00:00:00+00:00'
[2025-02-08T20:41:10.046+0000] {taskinstance.py:731} INFO - ::endgroup::
[2025-02-08T20:41:10.072+0000] {logging_mixin.py:190} INFO - CSV file ./account_dim_large_data.csv with 50 row has been generated successfully!
[2025-02-08T20:41:10.073+0000] {python.py:240} INFO - Done. Returned value was: None
[2025-02-08T20:41:10.082+0000] {taskinstance.py:340} INFO - ::group::Post task execution logs
[2025-02-08T20:41:10.082+0000] {taskinstance.py:352} INFO - Marking task as SUCCESS. dag_id=account_dim_gen, task_id=generate_account_dim_data, run_id=scheduled__2025-01-05T00:00:00+00:00, execution_date=20250105T000000, start_date=20250208T204109, end_date=20250208T204110
[2025-02-08T20:41:10.138+0000] {local_task_job_runner.py:266} INFO - Task exited with return code 0
[2025-02-08T20:41:10.163+0000] {taskinstance.py:3900} INFO - 0 downstream tasks scheduled from follow-on schedule check
[2025-02-08T20:41:10.166+0000] {local_task_job_runner.py:245} INFO - ::endgroup::
