[2025-02-08T19:00:51.590+0000] {local_task_job_runner.py:123} INFO - ::group::Pre task execution logs
[2025-02-08T19:00:51.605+0000] {taskinstance.py:2612} INFO - Dependencies all met for dep_context=non-requeueable deps ti=<TaskInstance: account_dim_gen.generate_account_dim_data scheduled__2024-12-14T00:00:00+00:00 [queued]>
[2025-02-08T19:00:51.612+0000] {taskinstance.py:2612} INFO - Dependencies all met for dep_context=requeueable deps ti=<TaskInstance: account_dim_gen.generate_account_dim_data scheduled__2024-12-14T00:00:00+00:00 [queued]>
[2025-02-08T19:00:51.613+0000] {taskinstance.py:2865} INFO - Starting attempt 1 of 1
[2025-02-08T19:00:51.631+0000] {taskinstance.py:2888} INFO - Executing <Task(PythonOperator): generate_account_dim_data> on 2024-12-14 00:00:00+00:00
[2025-02-08T19:00:51.640+0000] {logging_mixin.py:190} WARNING - /home/***/.local/lib/python3.12/site-packages/***/task/task_runner/standard_task_runner.py:70 DeprecationWarning: This process (pid=877) is multi-threaded, use of fork() may lead to deadlocks in the child.
[2025-02-08T19:00:51.641+0000] {standard_task_runner.py:72} INFO - Started process 891 to run task
[2025-02-08T19:00:51.642+0000] {standard_task_runner.py:104} INFO - Running: ['***', 'tasks', 'run', 'account_dim_gen', 'generate_account_dim_data', 'scheduled__2024-12-14T00:00:00+00:00', '--job-id', '99', '--raw', '--subdir', 'DAGS_FOLDER/account_dim_gen.py', '--cfg-path', '/tmp/tmpllsn8cum']
[2025-02-08T19:00:51.644+0000] {standard_task_runner.py:105} INFO - Job 99: Subtask generate_account_dim_data
[2025-02-08T19:00:51.689+0000] {task_command.py:467} INFO - Running <TaskInstance: account_dim_gen.generate_account_dim_data scheduled__2024-12-14T00:00:00+00:00 [running]> on host 2c1cd59afcc0
[2025-02-08T19:00:51.780+0000] {taskinstance.py:3131} INFO - Exporting env vars: AIRFLOW_CTX_DAG_OWNER='Saleh' AIRFLOW_CTX_DAG_ID='account_dim_gen' AIRFLOW_CTX_TASK_ID='generate_account_dim_data' AIRFLOW_CTX_EXECUTION_DATE='2024-12-14T00:00:00+00:00' AIRFLOW_CTX_TRY_NUMBER='1' AIRFLOW_CTX_DAG_RUN_ID='scheduled__2024-12-14T00:00:00+00:00'
[2025-02-08T19:00:51.782+0000] {taskinstance.py:731} INFO - ::endgroup::
[2025-02-08T19:00:51.803+0000] {logging_mixin.py:190} INFO - CSV file ./account_dim_large_data.csv with 50 row has been generated successfully!
[2025-02-08T19:00:51.803+0000] {python.py:240} INFO - Done. Returned value was: None
[2025-02-08T19:00:51.813+0000] {taskinstance.py:340} INFO - ::group::Post task execution logs
[2025-02-08T19:00:51.813+0000] {taskinstance.py:352} INFO - Marking task as SUCCESS. dag_id=account_dim_gen, task_id=generate_account_dim_data, run_id=scheduled__2024-12-14T00:00:00+00:00, execution_date=20241214T000000, start_date=20250208T190051, end_date=20250208T190051
[2025-02-08T19:00:51.856+0000] {local_task_job_runner.py:266} INFO - Task exited with return code 0
[2025-02-08T19:00:51.865+0000] {local_task_job_runner.py:245} INFO - ::endgroup::
[2025-02-08T20:40:55.852+0000] {local_task_job_runner.py:123} INFO - ::group::Pre task execution logs
[2025-02-08T20:40:55.874+0000] {taskinstance.py:2612} INFO - Dependencies all met for dep_context=non-requeueable deps ti=<TaskInstance: account_dim_gen.generate_account_dim_data scheduled__2024-12-14T00:00:00+00:00 [queued]>
[2025-02-08T20:40:55.887+0000] {taskinstance.py:2612} INFO - Dependencies all met for dep_context=requeueable deps ti=<TaskInstance: account_dim_gen.generate_account_dim_data scheduled__2024-12-14T00:00:00+00:00 [queued]>
[2025-02-08T20:40:55.888+0000] {taskinstance.py:2865} INFO - Starting attempt 1 of 1
[2025-02-08T20:40:55.908+0000] {taskinstance.py:2888} INFO - Executing <Task(PythonOperator): generate_account_dim_data> on 2024-12-14 00:00:00+00:00
[2025-02-08T20:40:55.921+0000] {logging_mixin.py:190} WARNING - /home/***/.local/lib/python3.12/site-packages/***/task/task_runner/standard_task_runner.py:70 DeprecationWarning: This process (pid=1749) is multi-threaded, use of fork() may lead to deadlocks in the child.
[2025-02-08T20:40:55.924+0000] {standard_task_runner.py:72} INFO - Started process 1769 to run task
[2025-02-08T20:40:55.931+0000] {standard_task_runner.py:104} INFO - Running: ['***', 'tasks', 'run', 'account_dim_gen', 'generate_account_dim_data', 'scheduled__2024-12-14T00:00:00+00:00', '--job-id', '277', '--raw', '--subdir', 'DAGS_FOLDER/account_dim_gen.py', '--cfg-path', '/tmp/tmpl00ezo3j']
[2025-02-08T20:40:55.937+0000] {standard_task_runner.py:105} INFO - Job 277: Subtask generate_account_dim_data
[2025-02-08T20:40:56.001+0000] {task_command.py:467} INFO - Running <TaskInstance: account_dim_gen.generate_account_dim_data scheduled__2024-12-14T00:00:00+00:00 [running]> on host 7e959c1a2a8b
[2025-02-08T20:40:56.159+0000] {taskinstance.py:3131} INFO - Exporting env vars: AIRFLOW_CTX_DAG_OWNER='Saleh' AIRFLOW_CTX_DAG_ID='account_dim_gen' AIRFLOW_CTX_TASK_ID='generate_account_dim_data' AIRFLOW_CTX_EXECUTION_DATE='2024-12-14T00:00:00+00:00' AIRFLOW_CTX_TRY_NUMBER='1' AIRFLOW_CTX_DAG_RUN_ID='scheduled__2024-12-14T00:00:00+00:00'
[2025-02-08T20:40:56.173+0000] {taskinstance.py:731} INFO - ::endgroup::
[2025-02-08T20:40:56.205+0000] {logging_mixin.py:190} INFO - CSV file ./account_dim_large_data.csv with 50 row has been generated successfully!
[2025-02-08T20:40:56.206+0000] {python.py:240} INFO - Done. Returned value was: None
[2025-02-08T20:40:56.224+0000] {taskinstance.py:340} INFO - ::group::Post task execution logs
[2025-02-08T20:40:56.233+0000] {taskinstance.py:352} INFO - Marking task as SUCCESS. dag_id=account_dim_gen, task_id=generate_account_dim_data, run_id=scheduled__2024-12-14T00:00:00+00:00, execution_date=20241214T000000, start_date=20250208T204055, end_date=20250208T204056
[2025-02-08T20:40:56.304+0000] {local_task_job_runner.py:266} INFO - Task exited with return code 0
[2025-02-08T20:40:56.325+0000] {taskinstance.py:3900} INFO - 0 downstream tasks scheduled from follow-on schedule check
[2025-02-08T20:40:56.330+0000] {local_task_job_runner.py:245} INFO - ::endgroup::
