[2025-02-08T19:02:58.011+0000] {local_task_job_runner.py:123} INFO - ::group::Pre task execution logs
[2025-02-08T19:02:58.032+0000] {taskinstance.py:2612} INFO - Dependencies all met for dep_context=non-requeueable deps ti=<TaskInstance: customer_dim_generator.generate_customer_dim_data scheduled__2024-12-23T00:00:00+00:00 [queued]>
[2025-02-08T19:02:58.043+0000] {taskinstance.py:2612} INFO - Dependencies all met for dep_context=requeueable deps ti=<TaskInstance: customer_dim_generator.generate_customer_dim_data scheduled__2024-12-23T00:00:00+00:00 [queued]>
[2025-02-08T19:02:58.044+0000] {taskinstance.py:2865} INFO - Starting attempt 1 of 1
[2025-02-08T19:02:58.058+0000] {taskinstance.py:2888} INFO - Executing <Task(PythonOperator): generate_customer_dim_data> on 2024-12-23 00:00:00+00:00
[2025-02-08T19:02:58.067+0000] {logging_mixin.py:190} WARNING - /home/***/.local/lib/python3.12/site-packages/***/task/task_runner/standard_task_runner.py:70 DeprecationWarning: This process (pid=1810) is multi-threaded, use of fork() may lead to deadlocks in the child.
[2025-02-08T19:02:58.068+0000] {standard_task_runner.py:72} INFO - Started process 1831 to run task
[2025-02-08T19:02:58.067+0000] {standard_task_runner.py:104} INFO - Running: ['***', 'tasks', 'run', 'customer_dim_generator', 'generate_customer_dim_data', 'scheduled__2024-12-23T00:00:00+00:00', '--job-id', '311', '--raw', '--subdir', 'DAGS_FOLDER/customer_dim_gen.py', '--cfg-path', '/tmp/tmpyk9p10tf']
[2025-02-08T19:02:58.069+0000] {standard_task_runner.py:105} INFO - Job 311: Subtask generate_customer_dim_data
[2025-02-08T19:02:58.109+0000] {task_command.py:467} INFO - Running <TaskInstance: customer_dim_generator.generate_customer_dim_data scheduled__2024-12-23T00:00:00+00:00 [running]> on host 2c1cd59afcc0
[2025-02-08T19:02:58.182+0000] {taskinstance.py:3131} INFO - Exporting env vars: AIRFLOW_CTX_DAG_OWNER='Saleh' AIRFLOW_CTX_DAG_ID='customer_dim_generator' AIRFLOW_CTX_TASK_ID='generate_customer_dim_data' AIRFLOW_CTX_EXECUTION_DATE='2024-12-23T00:00:00+00:00' AIRFLOW_CTX_TRY_NUMBER='1' AIRFLOW_CTX_DAG_RUN_ID='scheduled__2024-12-23T00:00:00+00:00'
[2025-02-08T19:02:58.183+0000] {taskinstance.py:731} INFO - ::endgroup::
[2025-02-08T19:02:58.205+0000] {logging_mixin.py:190} INFO - CSV file './customer_dim_large_data.csv' with 100 rows has been generated successfully.
[2025-02-08T19:02:58.206+0000] {python.py:240} INFO - Done. Returned value was: None
[2025-02-08T19:02:58.213+0000] {taskinstance.py:340} INFO - ::group::Post task execution logs
[2025-02-08T19:02:58.214+0000] {taskinstance.py:352} INFO - Marking task as SUCCESS. dag_id=customer_dim_generator, task_id=generate_customer_dim_data, run_id=scheduled__2024-12-23T00:00:00+00:00, execution_date=20241223T000000, start_date=20250208T190258, end_date=20250208T190258
[2025-02-08T19:02:58.243+0000] {local_task_job_runner.py:266} INFO - Task exited with return code 0
[2025-02-08T19:02:58.258+0000] {taskinstance.py:3900} INFO - 0 downstream tasks scheduled from follow-on schedule check
[2025-02-08T19:02:58.261+0000] {local_task_job_runner.py:245} INFO - ::endgroup::
[2025-02-08T20:40:42.803+0000] {local_task_job_runner.py:123} INFO - ::group::Pre task execution logs
[2025-02-08T20:40:42.830+0000] {taskinstance.py:2612} INFO - Dependencies all met for dep_context=non-requeueable deps ti=<TaskInstance: customer_dim_generator.generate_customer_dim_data scheduled__2024-12-23T00:00:00+00:00 [queued]>
[2025-02-08T20:40:42.848+0000] {taskinstance.py:2612} INFO - Dependencies all met for dep_context=requeueable deps ti=<TaskInstance: customer_dim_generator.generate_customer_dim_data scheduled__2024-12-23T00:00:00+00:00 [queued]>
[2025-02-08T20:40:42.849+0000] {taskinstance.py:2865} INFO - Starting attempt 1 of 1
[2025-02-08T20:40:42.870+0000] {taskinstance.py:2888} INFO - Executing <Task(PythonOperator): generate_customer_dim_data> on 2024-12-23 00:00:00+00:00
[2025-02-08T20:40:42.881+0000] {logging_mixin.py:190} WARNING - /home/***/.local/lib/python3.12/site-packages/***/task/task_runner/standard_task_runner.py:70 DeprecationWarning: This process (pid=1548) is multi-threaded, use of fork() may lead to deadlocks in the child.
[2025-02-08T20:40:42.881+0000] {standard_task_runner.py:104} INFO - Running: ['***', 'tasks', 'run', 'customer_dim_generator', 'generate_customer_dim_data', 'scheduled__2024-12-23T00:00:00+00:00', '--job-id', '234', '--raw', '--subdir', 'DAGS_FOLDER/customer_dim_gen.py', '--cfg-path', '/tmp/tmpfqkh343j']
[2025-02-08T20:40:42.888+0000] {standard_task_runner.py:105} INFO - Job 234: Subtask generate_customer_dim_data
[2025-02-08T20:40:42.887+0000] {standard_task_runner.py:72} INFO - Started process 1587 to run task
[2025-02-08T20:40:42.972+0000] {task_command.py:467} INFO - Running <TaskInstance: customer_dim_generator.generate_customer_dim_data scheduled__2024-12-23T00:00:00+00:00 [running]> on host 7e959c1a2a8b
[2025-02-08T20:40:43.117+0000] {taskinstance.py:3131} INFO - Exporting env vars: AIRFLOW_CTX_DAG_OWNER='Saleh' AIRFLOW_CTX_DAG_ID='customer_dim_generator' AIRFLOW_CTX_TASK_ID='generate_customer_dim_data' AIRFLOW_CTX_EXECUTION_DATE='2024-12-23T00:00:00+00:00' AIRFLOW_CTX_TRY_NUMBER='1' AIRFLOW_CTX_DAG_RUN_ID='scheduled__2024-12-23T00:00:00+00:00'
[2025-02-08T20:40:43.121+0000] {taskinstance.py:731} INFO - ::endgroup::
[2025-02-08T20:40:43.147+0000] {logging_mixin.py:190} INFO - CSV file './customer_dim_large_data.csv' with 100 rows has been generated successfully.
[2025-02-08T20:40:43.148+0000] {python.py:240} INFO - Done. Returned value was: None
[2025-02-08T20:40:43.162+0000] {taskinstance.py:340} INFO - ::group::Post task execution logs
[2025-02-08T20:40:43.162+0000] {taskinstance.py:352} INFO - Marking task as SUCCESS. dag_id=customer_dim_generator, task_id=generate_customer_dim_data, run_id=scheduled__2024-12-23T00:00:00+00:00, execution_date=20241223T000000, start_date=20250208T204042, end_date=20250208T204043
[2025-02-08T20:40:43.191+0000] {local_task_job_runner.py:266} INFO - Task exited with return code 0
[2025-02-08T20:40:43.202+0000] {local_task_job_runner.py:245} INFO - ::endgroup::
[2025-02-08T20:43:25.707+0000] {local_task_job_runner.py:123} INFO - ::group::Pre task execution logs
[2025-02-08T20:43:25.722+0000] {taskinstance.py:2612} INFO - Dependencies all met for dep_context=non-requeueable deps ti=<TaskInstance: customer_dim_generator.generate_customer_dim_data scheduled__2024-12-23T00:00:00+00:00 [queued]>
[2025-02-08T20:43:25.730+0000] {taskinstance.py:2612} INFO - Dependencies all met for dep_context=requeueable deps ti=<TaskInstance: customer_dim_generator.generate_customer_dim_data scheduled__2024-12-23T00:00:00+00:00 [queued]>
[2025-02-08T20:43:25.730+0000] {taskinstance.py:2865} INFO - Starting attempt 1 of 1
[2025-02-08T20:43:25.742+0000] {taskinstance.py:2888} INFO - Executing <Task(PythonOperator): generate_customer_dim_data> on 2024-12-23 00:00:00+00:00
[2025-02-08T20:43:25.751+0000] {logging_mixin.py:190} WARNING - /home/***/.local/lib/python3.12/site-packages/***/task/task_runner/standard_task_runner.py:70 DeprecationWarning: This process (pid=724) is multi-threaded, use of fork() may lead to deadlocks in the child.
[2025-02-08T20:43:25.752+0000] {standard_task_runner.py:72} INFO - Started process 742 to run task
[2025-02-08T20:43:25.751+0000] {standard_task_runner.py:104} INFO - Running: ['***', 'tasks', 'run', 'customer_dim_generator', 'generate_customer_dim_data', 'scheduled__2024-12-23T00:00:00+00:00', '--job-id', '482', '--raw', '--subdir', 'DAGS_FOLDER/customer_dim_gen.py', '--cfg-path', '/tmp/tmpy1h50wd8']
[2025-02-08T20:43:25.753+0000] {standard_task_runner.py:105} INFO - Job 482: Subtask generate_customer_dim_data
[2025-02-08T20:43:25.789+0000] {task_command.py:467} INFO - Running <TaskInstance: customer_dim_generator.generate_customer_dim_data scheduled__2024-12-23T00:00:00+00:00 [running]> on host 86932746817d
[2025-02-08T20:43:25.859+0000] {taskinstance.py:3131} INFO - Exporting env vars: AIRFLOW_CTX_DAG_OWNER='Saleh' AIRFLOW_CTX_DAG_ID='customer_dim_generator' AIRFLOW_CTX_TASK_ID='generate_customer_dim_data' AIRFLOW_CTX_EXECUTION_DATE='2024-12-23T00:00:00+00:00' AIRFLOW_CTX_TRY_NUMBER='1' AIRFLOW_CTX_DAG_RUN_ID='scheduled__2024-12-23T00:00:00+00:00'
[2025-02-08T20:43:25.860+0000] {taskinstance.py:731} INFO - ::endgroup::
[2025-02-08T20:43:25.880+0000] {logging_mixin.py:190} INFO - CSV file './customer_dim_large_data.csv' with 100 rows has been generated successfully.
[2025-02-08T20:43:25.880+0000] {python.py:240} INFO - Done. Returned value was: None
[2025-02-08T20:43:25.887+0000] {taskinstance.py:340} INFO - ::group::Post task execution logs
[2025-02-08T20:43:25.888+0000] {taskinstance.py:352} INFO - Marking task as SUCCESS. dag_id=customer_dim_generator, task_id=generate_customer_dim_data, run_id=scheduled__2024-12-23T00:00:00+00:00, execution_date=20241223T000000, start_date=20250208T204325, end_date=20250208T204325
[2025-02-08T20:43:25.927+0000] {local_task_job_runner.py:266} INFO - Task exited with return code 0
[2025-02-08T20:43:25.939+0000] {taskinstance.py:3900} INFO - 0 downstream tasks scheduled from follow-on schedule check
[2025-02-08T20:43:25.941+0000] {local_task_job_runner.py:245} INFO - ::endgroup::
