[2025-02-08T19:00:59.026+0000] {local_task_job_runner.py:123} INFO - ::group::Pre task execution logs
[2025-02-08T19:00:59.043+0000] {taskinstance.py:2612} INFO - Dependencies all met for dep_context=non-requeueable deps ti=<TaskInstance: account_dim_gen.generate_account_dim_data scheduled__2024-12-30T00:00:00+00:00 [queued]>
[2025-02-08T19:00:59.054+0000] {taskinstance.py:2612} INFO - Dependencies all met for dep_context=requeueable deps ti=<TaskInstance: account_dim_gen.generate_account_dim_data scheduled__2024-12-30T00:00:00+00:00 [queued]>
[2025-02-08T19:00:59.055+0000] {taskinstance.py:2865} INFO - Starting attempt 1 of 1
[2025-02-08T19:00:59.129+0000] {taskinstance.py:2888} INFO - Executing <Task(PythonOperator): generate_account_dim_data> on 2024-12-30 00:00:00+00:00
[2025-02-08T19:00:59.139+0000] {logging_mixin.py:190} WARNING - /home/***/.local/lib/python3.12/site-packages/***/task/task_runner/standard_task_runner.py:70 DeprecationWarning: This process (pid=939) is multi-threaded, use of fork() may lead to deadlocks in the child.
[2025-02-08T19:00:59.140+0000] {standard_task_runner.py:72} INFO - Started process 961 to run task
[2025-02-08T19:00:59.138+0000] {standard_task_runner.py:104} INFO - Running: ['***', 'tasks', 'run', 'account_dim_gen', 'generate_account_dim_data', 'scheduled__2024-12-30T00:00:00+00:00', '--job-id', '115', '--raw', '--subdir', 'DAGS_FOLDER/account_dim_gen.py', '--cfg-path', '/tmp/tmptdpi_8o4']
[2025-02-08T19:00:59.140+0000] {standard_task_runner.py:105} INFO - Job 115: Subtask generate_account_dim_data
[2025-02-08T19:00:59.186+0000] {task_command.py:467} INFO - Running <TaskInstance: account_dim_gen.generate_account_dim_data scheduled__2024-12-30T00:00:00+00:00 [running]> on host 2c1cd59afcc0
[2025-02-08T19:00:59.258+0000] {taskinstance.py:3131} INFO - Exporting env vars: AIRFLOW_CTX_DAG_OWNER='Saleh' AIRFLOW_CTX_DAG_ID='account_dim_gen' AIRFLOW_CTX_TASK_ID='generate_account_dim_data' AIRFLOW_CTX_EXECUTION_DATE='2024-12-30T00:00:00+00:00' AIRFLOW_CTX_TRY_NUMBER='1' AIRFLOW_CTX_DAG_RUN_ID='scheduled__2024-12-30T00:00:00+00:00'
[2025-02-08T19:00:59.259+0000] {taskinstance.py:731} INFO - ::endgroup::
[2025-02-08T19:00:59.278+0000] {logging_mixin.py:190} INFO - CSV file ./account_dim_large_data.csv with 50 row has been generated successfully!
[2025-02-08T19:00:59.279+0000] {python.py:240} INFO - Done. Returned value was: None
[2025-02-08T19:00:59.286+0000] {taskinstance.py:340} INFO - ::group::Post task execution logs
[2025-02-08T19:00:59.286+0000] {taskinstance.py:352} INFO - Marking task as SUCCESS. dag_id=account_dim_gen, task_id=generate_account_dim_data, run_id=scheduled__2024-12-30T00:00:00+00:00, execution_date=20241230T000000, start_date=20250208T190059, end_date=20250208T190059
[2025-02-08T19:00:59.314+0000] {local_task_job_runner.py:266} INFO - Task exited with return code 0
[2025-02-08T19:00:59.329+0000] {taskinstance.py:3900} INFO - 0 downstream tasks scheduled from follow-on schedule check
[2025-02-08T19:00:59.331+0000] {local_task_job_runner.py:245} INFO - ::endgroup::
[2025-02-08T20:41:07.763+0000] {local_task_job_runner.py:123} INFO - ::group::Pre task execution logs
[2025-02-08T20:41:07.812+0000] {taskinstance.py:2612} INFO - Dependencies all met for dep_context=non-requeueable deps ti=<TaskInstance: account_dim_gen.generate_account_dim_data scheduled__2024-12-30T00:00:00+00:00 [queued]>
[2025-02-08T20:41:07.838+0000] {taskinstance.py:2612} INFO - Dependencies all met for dep_context=requeueable deps ti=<TaskInstance: account_dim_gen.generate_account_dim_data scheduled__2024-12-30T00:00:00+00:00 [queued]>
[2025-02-08T20:41:07.840+0000] {taskinstance.py:2865} INFO - Starting attempt 1 of 1
[2025-02-08T20:41:07.882+0000] {taskinstance.py:2888} INFO - Executing <Task(PythonOperator): generate_account_dim_data> on 2024-12-30 00:00:00+00:00
[2025-02-08T20:41:07.894+0000] {logging_mixin.py:190} WARNING - /home/***/.local/lib/python3.12/site-packages/***/task/task_runner/standard_task_runner.py:70 DeprecationWarning: This process (pid=1950) is multi-threaded, use of fork() may lead to deadlocks in the child.
[2025-02-08T20:41:07.896+0000] {standard_task_runner.py:72} INFO - Started process 1974 to run task
[2025-02-08T20:41:07.894+0000] {standard_task_runner.py:104} INFO - Running: ['***', 'tasks', 'run', 'account_dim_gen', 'generate_account_dim_data', 'scheduled__2024-12-30T00:00:00+00:00', '--job-id', '326', '--raw', '--subdir', 'DAGS_FOLDER/account_dim_gen.py', '--cfg-path', '/tmp/tmpszz7fnit']
[2025-02-08T20:41:07.897+0000] {standard_task_runner.py:105} INFO - Job 326: Subtask generate_account_dim_data
[2025-02-08T20:41:07.970+0000] {task_command.py:467} INFO - Running <TaskInstance: account_dim_gen.generate_account_dim_data scheduled__2024-12-30T00:00:00+00:00 [running]> on host 7e959c1a2a8b
[2025-02-08T20:41:08.106+0000] {taskinstance.py:3131} INFO - Exporting env vars: AIRFLOW_CTX_DAG_OWNER='Saleh' AIRFLOW_CTX_DAG_ID='account_dim_gen' AIRFLOW_CTX_TASK_ID='generate_account_dim_data' AIRFLOW_CTX_EXECUTION_DATE='2024-12-30T00:00:00+00:00' AIRFLOW_CTX_TRY_NUMBER='1' AIRFLOW_CTX_DAG_RUN_ID='scheduled__2024-12-30T00:00:00+00:00'
[2025-02-08T20:41:08.108+0000] {taskinstance.py:731} INFO - ::endgroup::
[2025-02-08T20:41:08.139+0000] {logging_mixin.py:190} INFO - CSV file ./account_dim_large_data.csv with 50 row has been generated successfully!
[2025-02-08T20:41:08.139+0000] {python.py:240} INFO - Done. Returned value was: None
[2025-02-08T20:41:08.148+0000] {taskinstance.py:340} INFO - ::group::Post task execution logs
[2025-02-08T20:41:08.149+0000] {taskinstance.py:352} INFO - Marking task as SUCCESS. dag_id=account_dim_gen, task_id=generate_account_dim_data, run_id=scheduled__2024-12-30T00:00:00+00:00, execution_date=20241230T000000, start_date=20250208T204107, end_date=20250208T204108
[2025-02-08T20:41:08.202+0000] {local_task_job_runner.py:266} INFO - Task exited with return code 0
[2025-02-08T20:41:08.210+0000] {local_task_job_runner.py:245} INFO - ::endgroup::
