[2025-02-08T19:02:56.687+0000] {local_task_job_runner.py:123} INFO - ::group::Pre task execution logs
[2025-02-08T19:02:56.705+0000] {taskinstance.py:2612} INFO - Dependencies all met for dep_context=non-requeueable deps ti=<TaskInstance: customer_dim_generator.generate_customer_dim_data scheduled__2024-12-16T00:00:00+00:00 [queued]>
[2025-02-08T19:02:56.715+0000] {taskinstance.py:2612} INFO - Dependencies all met for dep_context=requeueable deps ti=<TaskInstance: customer_dim_generator.generate_customer_dim_data scheduled__2024-12-16T00:00:00+00:00 [queued]>
[2025-02-08T19:02:56.716+0000] {taskinstance.py:2865} INFO - Starting attempt 1 of 1
[2025-02-08T19:02:56.731+0000] {taskinstance.py:2888} INFO - Executing <Task(PythonOperator): generate_customer_dim_data> on 2024-12-16 00:00:00+00:00
[2025-02-08T19:02:56.741+0000] {logging_mixin.py:190} WARNING - /home/***/.local/lib/python3.12/site-packages/***/task/task_runner/standard_task_runner.py:70 DeprecationWarning: This process (pid=1769) is multi-threaded, use of fork() may lead to deadlocks in the child.
[2025-02-08T19:02:56.742+0000] {standard_task_runner.py:72} INFO - Started process 1787 to run task
[2025-02-08T19:02:56.741+0000] {standard_task_runner.py:104} INFO - Running: ['***', 'tasks', 'run', 'customer_dim_generator', 'generate_customer_dim_data', 'scheduled__2024-12-16T00:00:00+00:00', '--job-id', '297', '--raw', '--subdir', 'DAGS_FOLDER/customer_dim_gen.py', '--cfg-path', '/tmp/tmpr95y519o']
[2025-02-08T19:02:56.745+0000] {standard_task_runner.py:105} INFO - Job 297: Subtask generate_customer_dim_data
[2025-02-08T19:02:56.801+0000] {task_command.py:467} INFO - Running <TaskInstance: customer_dim_generator.generate_customer_dim_data scheduled__2024-12-16T00:00:00+00:00 [running]> on host 2c1cd59afcc0
[2025-02-08T19:02:56.902+0000] {taskinstance.py:3131} INFO - Exporting env vars: AIRFLOW_CTX_DAG_OWNER='Saleh' AIRFLOW_CTX_DAG_ID='customer_dim_generator' AIRFLOW_CTX_TASK_ID='generate_customer_dim_data' AIRFLOW_CTX_EXECUTION_DATE='2024-12-16T00:00:00+00:00' AIRFLOW_CTX_TRY_NUMBER='1' AIRFLOW_CTX_DAG_RUN_ID='scheduled__2024-12-16T00:00:00+00:00'
[2025-02-08T19:02:56.904+0000] {taskinstance.py:731} INFO - ::endgroup::
[2025-02-08T19:02:56.931+0000] {logging_mixin.py:190} INFO - CSV file './customer_dim_large_data.csv' with 100 rows has been generated successfully.
[2025-02-08T19:02:56.931+0000] {python.py:240} INFO - Done. Returned value was: None
[2025-02-08T19:02:56.941+0000] {taskinstance.py:340} INFO - ::group::Post task execution logs
[2025-02-08T19:02:56.942+0000] {taskinstance.py:352} INFO - Marking task as SUCCESS. dag_id=customer_dim_generator, task_id=generate_customer_dim_data, run_id=scheduled__2024-12-16T00:00:00+00:00, execution_date=20241216T000000, start_date=20250208T190256, end_date=20250208T190256
[2025-02-08T19:02:56.998+0000] {local_task_job_runner.py:266} INFO - Task exited with return code 0
[2025-02-08T19:02:57.022+0000] {taskinstance.py:3900} INFO - 0 downstream tasks scheduled from follow-on schedule check
[2025-02-08T19:02:57.029+0000] {local_task_job_runner.py:245} INFO - ::endgroup::
[2025-02-08T20:40:37.086+0000] {local_task_job_runner.py:123} INFO - ::group::Pre task execution logs
[2025-02-08T20:40:37.104+0000] {taskinstance.py:2612} INFO - Dependencies all met for dep_context=non-requeueable deps ti=<TaskInstance: customer_dim_generator.generate_customer_dim_data scheduled__2024-12-16T00:00:00+00:00 [queued]>
[2025-02-08T20:40:37.124+0000] {taskinstance.py:2612} INFO - Dependencies all met for dep_context=requeueable deps ti=<TaskInstance: customer_dim_generator.generate_customer_dim_data scheduled__2024-12-16T00:00:00+00:00 [queued]>
[2025-02-08T20:40:37.124+0000] {taskinstance.py:2865} INFO - Starting attempt 1 of 1
[2025-02-08T20:40:37.141+0000] {taskinstance.py:2888} INFO - Executing <Task(PythonOperator): generate_customer_dim_data> on 2024-12-16 00:00:00+00:00
[2025-02-08T20:40:37.164+0000] {logging_mixin.py:190} WARNING - /home/***/.local/lib/python3.12/site-packages/***/task/task_runner/standard_task_runner.py:70 DeprecationWarning: This process (pid=1457) is multi-threaded, use of fork() may lead to deadlocks in the child.
[2025-02-08T20:40:37.166+0000] {standard_task_runner.py:72} INFO - Started process 1487 to run task
[2025-02-08T20:40:37.166+0000] {standard_task_runner.py:104} INFO - Running: ['***', 'tasks', 'run', 'customer_dim_generator', 'generate_customer_dim_data', 'scheduled__2024-12-16T00:00:00+00:00', '--job-id', '213', '--raw', '--subdir', 'DAGS_FOLDER/customer_dim_gen.py', '--cfg-path', '/tmp/tmpvet9zhpy']
[2025-02-08T20:40:37.168+0000] {standard_task_runner.py:105} INFO - Job 213: Subtask generate_customer_dim_data
[2025-02-08T20:40:37.237+0000] {task_command.py:467} INFO - Running <TaskInstance: customer_dim_generator.generate_customer_dim_data scheduled__2024-12-16T00:00:00+00:00 [running]> on host 7e959c1a2a8b
[2025-02-08T20:40:37.370+0000] {taskinstance.py:3131} INFO - Exporting env vars: AIRFLOW_CTX_DAG_OWNER='Saleh' AIRFLOW_CTX_DAG_ID='customer_dim_generator' AIRFLOW_CTX_TASK_ID='generate_customer_dim_data' AIRFLOW_CTX_EXECUTION_DATE='2024-12-16T00:00:00+00:00' AIRFLOW_CTX_TRY_NUMBER='1' AIRFLOW_CTX_DAG_RUN_ID='scheduled__2024-12-16T00:00:00+00:00'
[2025-02-08T20:40:37.372+0000] {taskinstance.py:731} INFO - ::endgroup::
[2025-02-08T20:40:37.396+0000] {logging_mixin.py:190} INFO - CSV file './customer_dim_large_data.csv' with 100 rows has been generated successfully.
[2025-02-08T20:40:37.397+0000] {python.py:240} INFO - Done. Returned value was: None
[2025-02-08T20:40:37.413+0000] {taskinstance.py:340} INFO - ::group::Post task execution logs
[2025-02-08T20:40:37.416+0000] {taskinstance.py:352} INFO - Marking task as SUCCESS. dag_id=customer_dim_generator, task_id=generate_customer_dim_data, run_id=scheduled__2024-12-16T00:00:00+00:00, execution_date=20241216T000000, start_date=20250208T204037, end_date=20250208T204037
[2025-02-08T20:40:37.461+0000] {local_task_job_runner.py:266} INFO - Task exited with return code 0
[2025-02-08T20:40:37.482+0000] {taskinstance.py:3900} INFO - 0 downstream tasks scheduled from follow-on schedule check
[2025-02-08T20:40:37.485+0000] {local_task_job_runner.py:245} INFO - ::endgroup::
[2025-02-08T20:43:24.906+0000] {local_task_job_runner.py:123} INFO - ::group::Pre task execution logs
[2025-02-08T20:43:24.927+0000] {taskinstance.py:2612} INFO - Dependencies all met for dep_context=non-requeueable deps ti=<TaskInstance: customer_dim_generator.generate_customer_dim_data scheduled__2024-12-16T00:00:00+00:00 [queued]>
[2025-02-08T20:43:24.946+0000] {taskinstance.py:2612} INFO - Dependencies all met for dep_context=requeueable deps ti=<TaskInstance: customer_dim_generator.generate_customer_dim_data scheduled__2024-12-16T00:00:00+00:00 [queued]>
[2025-02-08T20:43:24.947+0000] {taskinstance.py:2865} INFO - Starting attempt 1 of 1
[2025-02-08T20:43:24.971+0000] {taskinstance.py:2888} INFO - Executing <Task(PythonOperator): generate_customer_dim_data> on 2024-12-16 00:00:00+00:00
[2025-02-08T20:43:24.980+0000] {logging_mixin.py:190} WARNING - /home/***/.local/lib/python3.12/site-packages/***/task/task_runner/standard_task_runner.py:70 DeprecationWarning: This process (pid=704) is multi-threaded, use of fork() may lead to deadlocks in the child.
[2025-02-08T20:43:24.981+0000] {standard_task_runner.py:72} INFO - Started process 718 to run task
[2025-02-08T20:43:24.980+0000] {standard_task_runner.py:104} INFO - Running: ['***', 'tasks', 'run', 'customer_dim_generator', 'generate_customer_dim_data', 'scheduled__2024-12-16T00:00:00+00:00', '--job-id', '475', '--raw', '--subdir', 'DAGS_FOLDER/customer_dim_gen.py', '--cfg-path', '/tmp/tmpbmtg55i3']
[2025-02-08T20:43:24.982+0000] {standard_task_runner.py:105} INFO - Job 475: Subtask generate_customer_dim_data
[2025-02-08T20:43:25.033+0000] {task_command.py:467} INFO - Running <TaskInstance: customer_dim_generator.generate_customer_dim_data scheduled__2024-12-16T00:00:00+00:00 [running]> on host 86932746817d
[2025-02-08T20:43:25.109+0000] {taskinstance.py:3131} INFO - Exporting env vars: AIRFLOW_CTX_DAG_OWNER='Saleh' AIRFLOW_CTX_DAG_ID='customer_dim_generator' AIRFLOW_CTX_TASK_ID='generate_customer_dim_data' AIRFLOW_CTX_EXECUTION_DATE='2024-12-16T00:00:00+00:00' AIRFLOW_CTX_TRY_NUMBER='1' AIRFLOW_CTX_DAG_RUN_ID='scheduled__2024-12-16T00:00:00+00:00'
[2025-02-08T20:43:25.110+0000] {taskinstance.py:731} INFO - ::endgroup::
[2025-02-08T20:43:25.131+0000] {logging_mixin.py:190} INFO - CSV file './customer_dim_large_data.csv' with 100 rows has been generated successfully.
[2025-02-08T20:43:25.131+0000] {python.py:240} INFO - Done. Returned value was: None
[2025-02-08T20:43:25.141+0000] {taskinstance.py:340} INFO - ::group::Post task execution logs
[2025-02-08T20:43:25.142+0000] {taskinstance.py:352} INFO - Marking task as SUCCESS. dag_id=customer_dim_generator, task_id=generate_customer_dim_data, run_id=scheduled__2024-12-16T00:00:00+00:00, execution_date=20241216T000000, start_date=20250208T204324, end_date=20250208T204325
[2025-02-08T20:43:25.197+0000] {local_task_job_runner.py:266} INFO - Task exited with return code 0
[2025-02-08T20:43:25.206+0000] {local_task_job_runner.py:245} INFO - ::endgroup::
