[2025-02-08T19:03:22.479+0000] {local_task_job_runner.py:123} INFO - ::group::Pre task execution logs
[2025-02-08T19:03:22.497+0000] {taskinstance.py:2612} INFO - Dependencies all met for dep_context=non-requeueable deps ti=<TaskInstance: customer_dim_generator.generate_customer_dim_data scheduled__2025-02-01T00:00:00+00:00 [queued]>
[2025-02-08T19:03:22.506+0000] {taskinstance.py:2612} INFO - Dependencies all met for dep_context=requeueable deps ti=<TaskInstance: customer_dim_generator.generate_customer_dim_data scheduled__2025-02-01T00:00:00+00:00 [queued]>
[2025-02-08T19:03:22.507+0000] {taskinstance.py:2865} INFO - Starting attempt 1 of 1
[2025-02-08T19:03:22.520+0000] {taskinstance.py:2888} INFO - Executing <Task(PythonOperator): generate_customer_dim_data> on 2025-02-01 00:00:00+00:00
[2025-02-08T19:03:22.530+0000] {logging_mixin.py:190} WARNING - /home/***/.local/lib/python3.12/site-packages/***/task/task_runner/standard_task_runner.py:70 DeprecationWarning: This process (pid=2153) is multi-threaded, use of fork() may lead to deadlocks in the child.
[2025-02-08T19:03:22.531+0000] {standard_task_runner.py:72} INFO - Started process 2173 to run task
[2025-02-08T19:03:22.530+0000] {standard_task_runner.py:104} INFO - Running: ['***', 'tasks', 'run', 'customer_dim_generator', 'generate_customer_dim_data', 'scheduled__2025-02-01T00:00:00+00:00', '--job-id', '390', '--raw', '--subdir', 'DAGS_FOLDER/customer_dim_gen.py', '--cfg-path', '/tmp/tmpx3876613']
[2025-02-08T19:03:22.533+0000] {standard_task_runner.py:105} INFO - Job 390: Subtask generate_customer_dim_data
[2025-02-08T19:03:22.576+0000] {task_command.py:467} INFO - Running <TaskInstance: customer_dim_generator.generate_customer_dim_data scheduled__2025-02-01T00:00:00+00:00 [running]> on host 2c1cd59afcc0
[2025-02-08T19:03:22.653+0000] {taskinstance.py:3131} INFO - Exporting env vars: AIRFLOW_CTX_DAG_OWNER='Saleh' AIRFLOW_CTX_DAG_ID='customer_dim_generator' AIRFLOW_CTX_TASK_ID='generate_customer_dim_data' AIRFLOW_CTX_EXECUTION_DATE='2025-02-01T00:00:00+00:00' AIRFLOW_CTX_TRY_NUMBER='1' AIRFLOW_CTX_DAG_RUN_ID='scheduled__2025-02-01T00:00:00+00:00'
[2025-02-08T19:03:22.654+0000] {taskinstance.py:731} INFO - ::endgroup::
[2025-02-08T19:03:22.670+0000] {logging_mixin.py:190} INFO - CSV file './customer_dim_large_data.csv' with 100 rows has been generated successfully.
[2025-02-08T19:03:22.671+0000] {python.py:240} INFO - Done. Returned value was: None
[2025-02-08T19:03:22.679+0000] {taskinstance.py:340} INFO - ::group::Post task execution logs
[2025-02-08T19:03:22.680+0000] {taskinstance.py:352} INFO - Marking task as SUCCESS. dag_id=customer_dim_generator, task_id=generate_customer_dim_data, run_id=scheduled__2025-02-01T00:00:00+00:00, execution_date=20250201T000000, start_date=20250208T190322, end_date=20250208T190322
[2025-02-08T19:03:22.706+0000] {local_task_job_runner.py:266} INFO - Task exited with return code 0
[2025-02-08T19:03:22.722+0000] {taskinstance.py:3900} INFO - 0 downstream tasks scheduled from follow-on schedule check
[2025-02-08T19:03:22.724+0000] {local_task_job_runner.py:245} INFO - ::endgroup::
[2025-02-08T20:43:54.359+0000] {local_task_job_runner.py:123} INFO - ::group::Pre task execution logs
[2025-02-08T20:43:54.376+0000] {taskinstance.py:2612} INFO - Dependencies all met for dep_context=non-requeueable deps ti=<TaskInstance: customer_dim_generator.generate_customer_dim_data scheduled__2025-02-01T00:00:00+00:00 [queued]>
[2025-02-08T20:43:54.385+0000] {taskinstance.py:2612} INFO - Dependencies all met for dep_context=requeueable deps ti=<TaskInstance: customer_dim_generator.generate_customer_dim_data scheduled__2025-02-01T00:00:00+00:00 [queued]>
[2025-02-08T20:43:54.385+0000] {taskinstance.py:2865} INFO - Starting attempt 1 of 1
[2025-02-08T20:43:54.401+0000] {taskinstance.py:2888} INFO - Executing <Task(PythonOperator): generate_customer_dim_data> on 2025-02-01 00:00:00+00:00
[2025-02-08T20:43:54.410+0000] {logging_mixin.py:190} WARNING - /home/***/.local/lib/python3.12/site-packages/***/task/task_runner/standard_task_runner.py:70 DeprecationWarning: This process (pid=913) is multi-threaded, use of fork() may lead to deadlocks in the child.
[2025-02-08T20:43:54.411+0000] {standard_task_runner.py:72} INFO - Started process 934 to run task
[2025-02-08T20:43:54.410+0000] {standard_task_runner.py:104} INFO - Running: ['***', 'tasks', 'run', 'customer_dim_generator', 'generate_customer_dim_data', 'scheduled__2025-02-01T00:00:00+00:00', '--job-id', '522', '--raw', '--subdir', 'DAGS_FOLDER/customer_dim_gen.py', '--cfg-path', '/tmp/tmp90hvef1j']
[2025-02-08T20:43:54.412+0000] {standard_task_runner.py:105} INFO - Job 522: Subtask generate_customer_dim_data
[2025-02-08T20:43:54.459+0000] {task_command.py:467} INFO - Running <TaskInstance: customer_dim_generator.generate_customer_dim_data scheduled__2025-02-01T00:00:00+00:00 [running]> on host 86932746817d
[2025-02-08T20:43:54.548+0000] {taskinstance.py:3131} INFO - Exporting env vars: AIRFLOW_CTX_DAG_OWNER='Saleh' AIRFLOW_CTX_DAG_ID='customer_dim_generator' AIRFLOW_CTX_TASK_ID='generate_customer_dim_data' AIRFLOW_CTX_EXECUTION_DATE='2025-02-01T00:00:00+00:00' AIRFLOW_CTX_TRY_NUMBER='1' AIRFLOW_CTX_DAG_RUN_ID='scheduled__2025-02-01T00:00:00+00:00'
[2025-02-08T20:43:54.551+0000] {taskinstance.py:731} INFO - ::endgroup::
[2025-02-08T20:43:54.571+0000] {logging_mixin.py:190} INFO - CSV file './customer_dim_large_data.csv' with 100 rows has been generated successfully.
[2025-02-08T20:43:54.572+0000] {python.py:240} INFO - Done. Returned value was: None
[2025-02-08T20:43:54.580+0000] {taskinstance.py:340} INFO - ::group::Post task execution logs
[2025-02-08T20:43:54.582+0000] {taskinstance.py:352} INFO - Marking task as SUCCESS. dag_id=customer_dim_generator, task_id=generate_customer_dim_data, run_id=scheduled__2025-02-01T00:00:00+00:00, execution_date=20250201T000000, start_date=20250208T204354, end_date=20250208T204354
[2025-02-08T20:43:54.627+0000] {local_task_job_runner.py:266} INFO - Task exited with return code 0
[2025-02-08T20:43:54.643+0000] {taskinstance.py:3900} INFO - 0 downstream tasks scheduled from follow-on schedule check
[2025-02-08T20:43:54.645+0000] {local_task_job_runner.py:245} INFO - ::endgroup::
