[2025-02-08T19:00:02.208+0000] {local_task_job_runner.py:123} INFO - ::group::Pre task execution logs
[2025-02-08T19:00:02.239+0000] {taskinstance.py:2612} INFO - Dependencies all met for dep_context=non-requeueable deps ti=<TaskInstance: account_dim_gen.generate_account_dim_data scheduled__2024-09-23T00:00:00+00:00 [queued]>
[2025-02-08T19:00:02.254+0000] {taskinstance.py:2612} INFO - Dependencies all met for dep_context=requeueable deps ti=<TaskInstance: account_dim_gen.generate_account_dim_data scheduled__2024-09-23T00:00:00+00:00 [queued]>
[2025-02-08T19:00:02.255+0000] {taskinstance.py:2865} INFO - Starting attempt 1 of 1
[2025-02-08T19:00:02.286+0000] {taskinstance.py:2888} INFO - Executing <Task(PythonOperator): generate_account_dim_data> on 2024-09-23 00:00:00+00:00
[2025-02-08T19:00:02.302+0000] {standard_task_runner.py:104} INFO - Running: ['***', 'tasks', 'run', 'account_dim_gen', 'generate_account_dim_data', 'scheduled__2024-09-23T00:00:00+00:00', '--job-id', '18', '--raw', '--subdir', 'DAGS_FOLDER/account_dim_gen.py', '--cfg-path', '/tmp/tmpnwiadng9']
[2025-02-08T19:00:02.306+0000] {standard_task_runner.py:105} INFO - Job 18: Subtask generate_account_dim_data
[2025-02-08T19:00:02.311+0000] {logging_mixin.py:190} WARNING - /home/***/.local/lib/python3.12/site-packages/***/task/task_runner/standard_task_runner.py:70 DeprecationWarning: This process (pid=490) is multi-threaded, use of fork() may lead to deadlocks in the child.
[2025-02-08T19:00:02.319+0000] {standard_task_runner.py:72} INFO - Started process 523 to run task
[2025-02-08T19:00:02.547+0000] {task_command.py:467} INFO - Running <TaskInstance: account_dim_gen.generate_account_dim_data scheduled__2024-09-23T00:00:00+00:00 [running]> on host 2c1cd59afcc0
[2025-02-08T19:00:02.808+0000] {taskinstance.py:3131} INFO - Exporting env vars: AIRFLOW_CTX_DAG_OWNER='Saleh' AIRFLOW_CTX_DAG_ID='account_dim_gen' AIRFLOW_CTX_TASK_ID='generate_account_dim_data' AIRFLOW_CTX_EXECUTION_DATE='2024-09-23T00:00:00+00:00' AIRFLOW_CTX_TRY_NUMBER='1' AIRFLOW_CTX_DAG_RUN_ID='scheduled__2024-09-23T00:00:00+00:00'
[2025-02-08T19:00:02.809+0000] {taskinstance.py:731} INFO - ::endgroup::
[2025-02-08T19:00:02.878+0000] {logging_mixin.py:190} INFO - CSV file ./account_dim_large_data.csv with 50 row has been generated successfully!
[2025-02-08T19:00:02.884+0000] {python.py:240} INFO - Done. Returned value was: None
[2025-02-08T19:00:02.906+0000] {taskinstance.py:340} INFO - ::group::Post task execution logs
[2025-02-08T19:00:02.909+0000] {taskinstance.py:352} INFO - Marking task as SUCCESS. dag_id=account_dim_gen, task_id=generate_account_dim_data, run_id=scheduled__2024-09-23T00:00:00+00:00, execution_date=20240923T000000, start_date=20250208T190002, end_date=20250208T190002
[2025-02-08T19:00:02.965+0000] {local_task_job_runner.py:266} INFO - Task exited with return code 0
[2025-02-08T19:00:02.984+0000] {taskinstance.py:3900} INFO - 0 downstream tasks scheduled from follow-on schedule check
[2025-02-08T19:00:02.989+0000] {local_task_job_runner.py:245} INFO - ::endgroup::
[2025-02-08T20:39:38.090+0000] {local_task_job_runner.py:123} INFO - ::group::Pre task execution logs
[2025-02-08T20:39:38.185+0000] {taskinstance.py:2612} INFO - Dependencies all met for dep_context=non-requeueable deps ti=<TaskInstance: account_dim_gen.generate_account_dim_data scheduled__2024-09-23T00:00:00+00:00 [queued]>
[2025-02-08T20:39:38.237+0000] {taskinstance.py:2612} INFO - Dependencies all met for dep_context=requeueable deps ti=<TaskInstance: account_dim_gen.generate_account_dim_data scheduled__2024-09-23T00:00:00+00:00 [queued]>
[2025-02-08T20:39:38.271+0000] {taskinstance.py:2865} INFO - Starting attempt 1 of 1
[2025-02-08T20:39:38.345+0000] {taskinstance.py:2888} INFO - Executing <Task(PythonOperator): generate_account_dim_data> on 2024-09-23 00:00:00+00:00
[2025-02-08T20:39:38.372+0000] {logging_mixin.py:190} WARNING - /home/***/.local/lib/python3.12/site-packages/***/task/task_runner/standard_task_runner.py:70 DeprecationWarning: This process (pid=629) is multi-threaded, use of fork() may lead to deadlocks in the child.
[2025-02-08T20:39:38.375+0000] {standard_task_runner.py:72} INFO - Started process 699 to run task
[2025-02-08T20:39:38.391+0000] {standard_task_runner.py:104} INFO - Running: ['***', 'tasks', 'run', 'account_dim_gen', 'generate_account_dim_data', 'scheduled__2024-09-23T00:00:00+00:00', '--job-id', '8', '--raw', '--subdir', 'DAGS_FOLDER/account_dim_gen.py', '--cfg-path', '/tmp/tmpwwr2du_n']
[2025-02-08T20:39:38.408+0000] {standard_task_runner.py:105} INFO - Job 8: Subtask generate_account_dim_data
[2025-02-08T20:39:38.593+0000] {task_command.py:467} INFO - Running <TaskInstance: account_dim_gen.generate_account_dim_data scheduled__2024-09-23T00:00:00+00:00 [running]> on host 7e959c1a2a8b
[2025-02-08T20:39:39.185+0000] {taskinstance.py:3131} INFO - Exporting env vars: AIRFLOW_CTX_DAG_OWNER='Saleh' AIRFLOW_CTX_DAG_ID='account_dim_gen' AIRFLOW_CTX_TASK_ID='generate_account_dim_data' AIRFLOW_CTX_EXECUTION_DATE='2024-09-23T00:00:00+00:00' AIRFLOW_CTX_TRY_NUMBER='1' AIRFLOW_CTX_DAG_RUN_ID='scheduled__2024-09-23T00:00:00+00:00'
[2025-02-08T20:39:39.191+0000] {taskinstance.py:731} INFO - ::endgroup::
[2025-02-08T20:39:40.555+0000] {logging_mixin.py:190} INFO - CSV file ./account_dim_large_data.csv with 50 row has been generated successfully!
[2025-02-08T20:39:40.556+0000] {python.py:240} INFO - Done. Returned value was: None
[2025-02-08T20:39:40.574+0000] {taskinstance.py:340} INFO - ::group::Post task execution logs
[2025-02-08T20:39:40.580+0000] {taskinstance.py:352} INFO - Marking task as SUCCESS. dag_id=account_dim_gen, task_id=generate_account_dim_data, run_id=scheduled__2024-09-23T00:00:00+00:00, execution_date=20240923T000000, start_date=20250208T203938, end_date=20250208T203940
[2025-02-08T20:39:40.822+0000] {local_task_job_runner.py:266} INFO - Task exited with return code 0
[2025-02-08T20:39:40.854+0000] {taskinstance.py:3900} INFO - 0 downstream tasks scheduled from follow-on schedule check
[2025-02-08T20:39:40.891+0000] {local_task_job_runner.py:245} INFO - ::endgroup::
