[2025-02-08T19:00:11.314+0000] {local_task_job_runner.py:123} INFO - ::group::Pre task execution logs
[2025-02-08T19:00:11.326+0000] {taskinstance.py:2612} INFO - Dependencies all met for dep_context=non-requeueable deps ti=<TaskInstance: account_dim_gen.generate_account_dim_data scheduled__2024-10-05T00:00:00+00:00 [queued]>
[2025-02-08T19:00:11.334+0000] {taskinstance.py:2612} INFO - Dependencies all met for dep_context=requeueable deps ti=<TaskInstance: account_dim_gen.generate_account_dim_data scheduled__2024-10-05T00:00:00+00:00 [queued]>
[2025-02-08T19:00:11.353+0000] {taskinstance.py:2865} INFO - Starting attempt 1 of 1
[2025-02-08T19:00:11.368+0000] {taskinstance.py:2888} INFO - Executing <Task(PythonOperator): generate_account_dim_data> on 2024-10-05 00:00:00+00:00
[2025-02-08T19:00:11.379+0000] {standard_task_runner.py:104} INFO - Running: ['***', 'tasks', 'run', 'account_dim_gen', 'generate_account_dim_data', 'scheduled__2024-10-05T00:00:00+00:00', '--job-id', '29', '--raw', '--subdir', 'DAGS_FOLDER/account_dim_gen.py', '--cfg-path', '/tmp/tmprw5plnv1']
[2025-02-08T19:00:11.381+0000] {logging_mixin.py:190} WARNING - /home/***/.local/lib/python3.12/site-packages/***/task/task_runner/standard_task_runner.py:70 DeprecationWarning: This process (pid=561) is multi-threaded, use of fork() may lead to deadlocks in the child.
[2025-02-08T19:00:11.381+0000] {standard_task_runner.py:105} INFO - Job 29: Subtask generate_account_dim_data
[2025-02-08T19:00:11.382+0000] {standard_task_runner.py:72} INFO - Started process 580 to run task
[2025-02-08T19:00:11.453+0000] {task_command.py:467} INFO - Running <TaskInstance: account_dim_gen.generate_account_dim_data scheduled__2024-10-05T00:00:00+00:00 [running]> on host 2c1cd59afcc0
[2025-02-08T19:00:11.660+0000] {taskinstance.py:3131} INFO - Exporting env vars: AIRFLOW_CTX_DAG_OWNER='Saleh' AIRFLOW_CTX_DAG_ID='account_dim_gen' AIRFLOW_CTX_TASK_ID='generate_account_dim_data' AIRFLOW_CTX_EXECUTION_DATE='2024-10-05T00:00:00+00:00' AIRFLOW_CTX_TRY_NUMBER='1' AIRFLOW_CTX_DAG_RUN_ID='scheduled__2024-10-05T00:00:00+00:00'
[2025-02-08T19:00:11.665+0000] {taskinstance.py:731} INFO - ::endgroup::
[2025-02-08T19:00:11.696+0000] {logging_mixin.py:190} INFO - CSV file ./account_dim_large_data.csv with 50 row has been generated successfully!
[2025-02-08T19:00:11.697+0000] {python.py:240} INFO - Done. Returned value was: None
[2025-02-08T19:00:11.713+0000] {taskinstance.py:340} INFO - ::group::Post task execution logs
[2025-02-08T19:00:11.715+0000] {taskinstance.py:352} INFO - Marking task as SUCCESS. dag_id=account_dim_gen, task_id=generate_account_dim_data, run_id=scheduled__2024-10-05T00:00:00+00:00, execution_date=20241005T000000, start_date=20250208T190011, end_date=20250208T190011
[2025-02-08T19:00:11.879+0000] {local_task_job_runner.py:266} INFO - Task exited with return code 0
[2025-02-08T19:00:11.893+0000] {taskinstance.py:3900} INFO - 0 downstream tasks scheduled from follow-on schedule check
[2025-02-08T19:00:11.908+0000] {local_task_job_runner.py:245} INFO - ::endgroup::
[2025-02-08T20:39:52.882+0000] {local_task_job_runner.py:123} INFO - ::group::Pre task execution logs
[2025-02-08T20:39:52.908+0000] {taskinstance.py:2612} INFO - Dependencies all met for dep_context=non-requeueable deps ti=<TaskInstance: account_dim_gen.generate_account_dim_data scheduled__2024-10-05T00:00:00+00:00 [queued]>
[2025-02-08T20:39:52.921+0000] {taskinstance.py:2612} INFO - Dependencies all met for dep_context=requeueable deps ti=<TaskInstance: account_dim_gen.generate_account_dim_data scheduled__2024-10-05T00:00:00+00:00 [queued]>
[2025-02-08T20:39:52.925+0000] {taskinstance.py:2865} INFO - Starting attempt 1 of 1
[2025-02-08T20:39:52.966+0000] {taskinstance.py:2888} INFO - Executing <Task(PythonOperator): generate_account_dim_data> on 2024-10-05 00:00:00+00:00
[2025-02-08T20:39:52.995+0000] {logging_mixin.py:190} WARNING - /home/***/.local/lib/python3.12/site-packages/***/task/task_runner/standard_task_runner.py:70 DeprecationWarning: This process (pid=833) is multi-threaded, use of fork() may lead to deadlocks in the child.
[2025-02-08T20:39:52.997+0000] {standard_task_runner.py:104} INFO - Running: ['***', 'tasks', 'run', 'account_dim_gen', 'generate_account_dim_data', 'scheduled__2024-10-05T00:00:00+00:00', '--job-id', '65', '--raw', '--subdir', 'DAGS_FOLDER/account_dim_gen.py', '--cfg-path', '/tmp/tmpfrquodov']
[2025-02-08T20:39:53.000+0000] {standard_task_runner.py:105} INFO - Job 65: Subtask generate_account_dim_data
[2025-02-08T20:39:53.003+0000] {standard_task_runner.py:72} INFO - Started process 859 to run task
[2025-02-08T20:39:53.059+0000] {task_command.py:467} INFO - Running <TaskInstance: account_dim_gen.generate_account_dim_data scheduled__2024-10-05T00:00:00+00:00 [running]> on host 7e959c1a2a8b
[2025-02-08T20:39:53.169+0000] {taskinstance.py:3131} INFO - Exporting env vars: AIRFLOW_CTX_DAG_OWNER='Saleh' AIRFLOW_CTX_DAG_ID='account_dim_gen' AIRFLOW_CTX_TASK_ID='generate_account_dim_data' AIRFLOW_CTX_EXECUTION_DATE='2024-10-05T00:00:00+00:00' AIRFLOW_CTX_TRY_NUMBER='1' AIRFLOW_CTX_DAG_RUN_ID='scheduled__2024-10-05T00:00:00+00:00'
[2025-02-08T20:39:53.172+0000] {taskinstance.py:731} INFO - ::endgroup::
[2025-02-08T20:39:53.199+0000] {logging_mixin.py:190} INFO - CSV file ./account_dim_large_data.csv with 50 row has been generated successfully!
[2025-02-08T20:39:53.200+0000] {python.py:240} INFO - Done. Returned value was: None
[2025-02-08T20:39:53.209+0000] {taskinstance.py:340} INFO - ::group::Post task execution logs
[2025-02-08T20:39:53.210+0000] {taskinstance.py:352} INFO - Marking task as SUCCESS. dag_id=account_dim_gen, task_id=generate_account_dim_data, run_id=scheduled__2024-10-05T00:00:00+00:00, execution_date=20241005T000000, start_date=20250208T203952, end_date=20250208T203953
[2025-02-08T20:39:53.264+0000] {local_task_job_runner.py:266} INFO - Task exited with return code 0
[2025-02-08T20:39:53.283+0000] {taskinstance.py:3900} INFO - 0 downstream tasks scheduled from follow-on schedule check
[2025-02-08T20:39:53.286+0000] {local_task_job_runner.py:245} INFO - ::endgroup::
