[2025-02-08T19:00:51.631+0000] {local_task_job_runner.py:123} INFO - ::group::Pre task execution logs
[2025-02-08T19:00:51.648+0000] {taskinstance.py:2612} INFO - Dependencies all met for dep_context=non-requeueable deps ti=<TaskInstance: account_dim_gen.generate_account_dim_data scheduled__2024-12-15T00:00:00+00:00 [queued]>
[2025-02-08T19:00:51.657+0000] {taskinstance.py:2612} INFO - Dependencies all met for dep_context=requeueable deps ti=<TaskInstance: account_dim_gen.generate_account_dim_data scheduled__2024-12-15T00:00:00+00:00 [queued]>
[2025-02-08T19:00:51.658+0000] {taskinstance.py:2865} INFO - Starting attempt 1 of 1
[2025-02-08T19:00:51.672+0000] {taskinstance.py:2888} INFO - Executing <Task(PythonOperator): generate_account_dim_data> on 2024-12-15 00:00:00+00:00
[2025-02-08T19:00:51.682+0000] {logging_mixin.py:190} WARNING - /home/***/.local/lib/python3.12/site-packages/***/task/task_runner/standard_task_runner.py:70 DeprecationWarning: This process (pid=879) is multi-threaded, use of fork() may lead to deadlocks in the child.
[2025-02-08T19:00:51.683+0000] {standard_task_runner.py:72} INFO - Started process 896 to run task
[2025-02-08T19:00:51.681+0000] {standard_task_runner.py:104} INFO - Running: ['***', 'tasks', 'run', 'account_dim_gen', 'generate_account_dim_data', 'scheduled__2024-12-15T00:00:00+00:00', '--job-id', '100', '--raw', '--subdir', 'DAGS_FOLDER/account_dim_gen.py', '--cfg-path', '/tmp/tmpt0tf2yrp']
[2025-02-08T19:00:51.684+0000] {standard_task_runner.py:105} INFO - Job 100: Subtask generate_account_dim_data
[2025-02-08T19:00:51.732+0000] {task_command.py:467} INFO - Running <TaskInstance: account_dim_gen.generate_account_dim_data scheduled__2024-12-15T00:00:00+00:00 [running]> on host 2c1cd59afcc0
[2025-02-08T19:00:51.818+0000] {taskinstance.py:3131} INFO - Exporting env vars: AIRFLOW_CTX_DAG_OWNER='Saleh' AIRFLOW_CTX_DAG_ID='account_dim_gen' AIRFLOW_CTX_TASK_ID='generate_account_dim_data' AIRFLOW_CTX_EXECUTION_DATE='2024-12-15T00:00:00+00:00' AIRFLOW_CTX_TRY_NUMBER='1' AIRFLOW_CTX_DAG_RUN_ID='scheduled__2024-12-15T00:00:00+00:00'
[2025-02-08T19:00:51.819+0000] {taskinstance.py:731} INFO - ::endgroup::
[2025-02-08T19:00:51.843+0000] {logging_mixin.py:190} INFO - CSV file ./account_dim_large_data.csv with 50 row has been generated successfully!
[2025-02-08T19:00:51.843+0000] {python.py:240} INFO - Done. Returned value was: None
[2025-02-08T19:00:51.852+0000] {taskinstance.py:340} INFO - ::group::Post task execution logs
[2025-02-08T19:00:51.853+0000] {taskinstance.py:352} INFO - Marking task as SUCCESS. dag_id=account_dim_gen, task_id=generate_account_dim_data, run_id=scheduled__2024-12-15T00:00:00+00:00, execution_date=20241215T000000, start_date=20250208T190051, end_date=20250208T190051
[2025-02-08T19:00:52.022+0000] {local_task_job_runner.py:266} INFO - Task exited with return code 0
[2025-02-08T19:00:52.033+0000] {local_task_job_runner.py:245} INFO - ::endgroup::
[2025-02-08T20:40:56.027+0000] {local_task_job_runner.py:123} INFO - ::group::Pre task execution logs
[2025-02-08T20:40:56.054+0000] {taskinstance.py:2612} INFO - Dependencies all met for dep_context=non-requeueable deps ti=<TaskInstance: account_dim_gen.generate_account_dim_data scheduled__2024-12-15T00:00:00+00:00 [queued]>
[2025-02-08T20:40:56.078+0000] {taskinstance.py:2612} INFO - Dependencies all met for dep_context=requeueable deps ti=<TaskInstance: account_dim_gen.generate_account_dim_data scheduled__2024-12-15T00:00:00+00:00 [queued]>
[2025-02-08T20:40:56.078+0000] {taskinstance.py:2865} INFO - Starting attempt 1 of 1
[2025-02-08T20:40:56.099+0000] {taskinstance.py:2888} INFO - Executing <Task(PythonOperator): generate_account_dim_data> on 2024-12-15 00:00:00+00:00
[2025-02-08T20:40:56.109+0000] {logging_mixin.py:190} WARNING - /home/***/.local/lib/python3.12/site-packages/***/task/task_runner/standard_task_runner.py:70 DeprecationWarning: This process (pid=1755) is multi-threaded, use of fork() may lead to deadlocks in the child.
[2025-02-08T20:40:56.112+0000] {standard_task_runner.py:72} INFO - Started process 1776 to run task
[2025-02-08T20:40:56.110+0000] {standard_task_runner.py:104} INFO - Running: ['***', 'tasks', 'run', 'account_dim_gen', 'generate_account_dim_data', 'scheduled__2024-12-15T00:00:00+00:00', '--job-id', '278', '--raw', '--subdir', 'DAGS_FOLDER/account_dim_gen.py', '--cfg-path', '/tmp/tmph81pdgqg']
[2025-02-08T20:40:56.120+0000] {standard_task_runner.py:105} INFO - Job 278: Subtask generate_account_dim_data
[2025-02-08T20:40:56.207+0000] {task_command.py:467} INFO - Running <TaskInstance: account_dim_gen.generate_account_dim_data scheduled__2024-12-15T00:00:00+00:00 [running]> on host 7e959c1a2a8b
[2025-02-08T20:40:56.351+0000] {taskinstance.py:3131} INFO - Exporting env vars: AIRFLOW_CTX_DAG_OWNER='Saleh' AIRFLOW_CTX_DAG_ID='account_dim_gen' AIRFLOW_CTX_TASK_ID='generate_account_dim_data' AIRFLOW_CTX_EXECUTION_DATE='2024-12-15T00:00:00+00:00' AIRFLOW_CTX_TRY_NUMBER='1' AIRFLOW_CTX_DAG_RUN_ID='scheduled__2024-12-15T00:00:00+00:00'
[2025-02-08T20:40:56.353+0000] {taskinstance.py:731} INFO - ::endgroup::
[2025-02-08T20:40:56.393+0000] {logging_mixin.py:190} INFO - CSV file ./account_dim_large_data.csv with 50 row has been generated successfully!
[2025-02-08T20:40:56.394+0000] {python.py:240} INFO - Done. Returned value was: None
[2025-02-08T20:40:56.409+0000] {taskinstance.py:340} INFO - ::group::Post task execution logs
[2025-02-08T20:40:56.410+0000] {taskinstance.py:352} INFO - Marking task as SUCCESS. dag_id=account_dim_gen, task_id=generate_account_dim_data, run_id=scheduled__2024-12-15T00:00:00+00:00, execution_date=20241215T000000, start_date=20250208T204056, end_date=20250208T204056
[2025-02-08T20:40:56.471+0000] {local_task_job_runner.py:266} INFO - Task exited with return code 0
[2025-02-08T20:40:56.481+0000] {local_task_job_runner.py:245} INFO - ::endgroup::
