[2025-02-09T18:48:42.313+0000] {local_task_job_runner.py:123} INFO - ::group::Pre task execution logs
[2025-02-09T18:48:42.328+0000] {taskinstance.py:2612} INFO - Dependencies all met for dep_context=non-requeueable deps ti=<TaskInstance: dimension_batch_ingestion.ingest_customer_dim manual__2025-02-09T18:48:41.646045+00:00 [queued]>
[2025-02-09T18:48:42.463+0000] {taskinstance.py:2612} INFO - Dependencies all met for dep_context=requeueable deps ti=<TaskInstance: dimension_batch_ingestion.ingest_customer_dim manual__2025-02-09T18:48:41.646045+00:00 [queued]>
[2025-02-09T18:48:42.464+0000] {taskinstance.py:2865} INFO - Starting attempt 1 of 1
[2025-02-09T18:48:42.475+0000] {taskinstance.py:2888} INFO - Executing <Task(BashOperator): ingest_customer_dim> on 2025-02-09 18:48:41.646045+00:00
[2025-02-09T18:48:42.482+0000] {logging_mixin.py:190} WARNING - /home/***/.local/lib/python3.12/site-packages/***/task/task_runner/standard_task_runner.py:70 DeprecationWarning: This process (pid=7044) is multi-threaded, use of fork() may lead to deadlocks in the child.
[2025-02-09T18:48:42.483+0000] {standard_task_runner.py:72} INFO - Started process 7047 to run task
[2025-02-09T18:48:42.482+0000] {standard_task_runner.py:104} INFO - Running: ['***', 'tasks', 'run', 'dimension_batch_ingestion', 'ingest_customer_dim', 'manual__2025-02-09T18:48:41.646045+00:00', '--job-id', '932', '--raw', '--subdir', 'DAGS_FOLDER/loader_dag.py', '--cfg-path', '/tmp/tmpv7b3x_ti']
[2025-02-09T18:48:42.484+0000] {standard_task_runner.py:105} INFO - Job 932: Subtask ingest_customer_dim
[2025-02-09T18:48:42.519+0000] {task_command.py:467} INFO - Running <TaskInstance: dimension_batch_ingestion.ingest_customer_dim manual__2025-02-09T18:48:41.646045+00:00 [running]> on host 3aeaa30cef4e
[2025-02-09T18:48:42.582+0000] {taskinstance.py:3131} INFO - Exporting env vars: AIRFLOW_CTX_DAG_OWNER='Saleh' AIRFLOW_CTX_DAG_ID='dimension_batch_ingestion' AIRFLOW_CTX_TASK_ID='ingest_customer_dim' AIRFLOW_CTX_EXECUTION_DATE='2025-02-09T18:48:41.646045+00:00' AIRFLOW_CTX_TRY_NUMBER='1' AIRFLOW_CTX_DAG_RUN_ID='manual__2025-02-09T18:48:41.646045+00:00'
[2025-02-09T18:48:42.583+0000] {taskinstance.py:731} INFO - ::endgroup::
[2025-02-09T18:48:42.600+0000] {subprocess.py:63} INFO - Tmp dir root location: /tmp
[2025-02-09T18:48:42.601+0000] {subprocess.py:75} INFO - Running command: ['/usr/bin/bash', '-c', 'curl -X POST -F file=@/opt/***/customer_dim_large_data.csv -H "Content-Type: multipart/form-data" "http://pinot-controller:9000/ingestFromFile?tableNameWithType=customer_dim_OFFLINE&batchConfigMapStr=%7B%22inputFormat%22%3A%22csv%22%2C%22recordReader.prop.delimiter%22%3A%22%2C%22%7D"']
[2025-02-09T18:48:42.609+0000] {subprocess.py:86} INFO - Output:
[2025-02-09T18:48:42.617+0000] {subprocess.py:93} INFO -   % Total    % Received % Xferd  Average Speed   Time    Time     Time  Current
[2025-02-09T18:48:42.618+0000] {subprocess.py:93} INFO -                                  Dload  Upload   Total   Spent    Left  Speed
[2025-02-09T18:48:42.750+0000] {subprocess.py:93} INFO -   0     0    0     0    0     0      0      0 --:--:-- --:--:-- --:--:--     0100  8576  100   111  100  8465    836  63795 --:--:-- --:--:-- --:--:-- 64969
[2025-02-09T18:48:42.750+0000] {subprocess.py:93} INFO - {"status":"Successfully ingested file into table: customer_dim_OFFLINE as segment: customer_dim_1739126922624"}
[2025-02-09T18:48:42.751+0000] {subprocess.py:97} INFO - Command exited with return code 0
[2025-02-09T18:48:42.774+0000] {taskinstance.py:340} INFO - ::group::Post task execution logs
[2025-02-09T18:48:42.775+0000] {taskinstance.py:352} INFO - Marking task as SUCCESS. dag_id=dimension_batch_ingestion, task_id=ingest_customer_dim, run_id=manual__2025-02-09T18:48:41.646045+00:00, execution_date=20250209T184841, start_date=20250209T184842, end_date=20250209T184842
[2025-02-09T18:48:42.818+0000] {local_task_job_runner.py:266} INFO - Task exited with return code 0
[2025-02-09T18:48:42.839+0000] {local_task_job_runner.py:245} INFO - ::endgroup::
