[2025-02-08T19:02:14.832+0000] {local_task_job_runner.py:123} INFO - ::group::Pre task execution logs
[2025-02-08T19:02:14.851+0000] {taskinstance.py:2612} INFO - Dependencies all met for dep_context=non-requeueable deps ti=<TaskInstance: branch_dim_gen.generate_branch_dim_data scheduled__2024-10-03T00:00:00+00:00 [queued]>
[2025-02-08T19:02:14.861+0000] {taskinstance.py:2612} INFO - Dependencies all met for dep_context=requeueable deps ti=<TaskInstance: branch_dim_gen.generate_branch_dim_data scheduled__2024-10-03T00:00:00+00:00 [queued]>
[2025-02-08T19:02:14.864+0000] {taskinstance.py:2865} INFO - Starting attempt 1 of 1
[2025-02-08T19:02:14.884+0000] {taskinstance.py:2888} INFO - Executing <Task(PythonOperator): generate_branch_dim_data> on 2024-10-03 00:00:00+00:00
[2025-02-08T19:02:14.893+0000] {logging_mixin.py:190} WARNING - /home/***/.local/lib/python3.12/site-packages/***/task/task_runner/standard_task_runner.py:70 DeprecationWarning: This process (pid=1313) is multi-threaded, use of fork() may lead to deadlocks in the child.
[2025-02-08T19:02:14.894+0000] {standard_task_runner.py:72} INFO - Started process 1340 to run task
[2025-02-08T19:02:14.894+0000] {standard_task_runner.py:104} INFO - Running: ['***', 'tasks', 'run', 'branch_dim_gen', 'generate_branch_dim_data', 'scheduled__2024-10-03T00:00:00+00:00', '--job-id', '194', '--raw', '--subdir', 'DAGS_FOLDER/brnach_dim_gen.py', '--cfg-path', '/tmp/tmpf7eorejh']
[2025-02-08T19:02:14.896+0000] {standard_task_runner.py:105} INFO - Job 194: Subtask generate_branch_dim_data
[2025-02-08T19:02:14.956+0000] {task_command.py:467} INFO - Running <TaskInstance: branch_dim_gen.generate_branch_dim_data scheduled__2024-10-03T00:00:00+00:00 [running]> on host 2c1cd59afcc0
[2025-02-08T19:02:15.067+0000] {taskinstance.py:3131} INFO - Exporting env vars: AIRFLOW_CTX_DAG_OWNER='Saleh' AIRFLOW_CTX_DAG_ID='branch_dim_gen' AIRFLOW_CTX_TASK_ID='generate_branch_dim_data' AIRFLOW_CTX_EXECUTION_DATE='2024-10-03T00:00:00+00:00' AIRFLOW_CTX_TRY_NUMBER='1' AIRFLOW_CTX_DAG_RUN_ID='scheduled__2024-10-03T00:00:00+00:00'
[2025-02-08T19:02:15.070+0000] {taskinstance.py:731} INFO - ::endgroup::
[2025-02-08T19:02:15.094+0000] {logging_mixin.py:190} INFO - CSV file './branch_dim_large_data.csv' with 50 rows has been generated successfully.
[2025-02-08T19:02:15.095+0000] {python.py:240} INFO - Done. Returned value was: None
[2025-02-08T19:02:15.109+0000] {taskinstance.py:340} INFO - ::group::Post task execution logs
[2025-02-08T19:02:15.110+0000] {taskinstance.py:352} INFO - Marking task as SUCCESS. dag_id=branch_dim_gen, task_id=generate_branch_dim_data, run_id=scheduled__2024-10-03T00:00:00+00:00, execution_date=20241003T000000, start_date=20250208T190214, end_date=20250208T190215
[2025-02-08T19:02:15.163+0000] {local_task_job_runner.py:266} INFO - Task exited with return code 0
[2025-02-08T19:02:15.182+0000] {taskinstance.py:3900} INFO - 0 downstream tasks scheduled from follow-on schedule check
[2025-02-08T19:02:15.190+0000] {local_task_job_runner.py:245} INFO - ::endgroup::
[2025-02-08T20:39:52.413+0000] {local_task_job_runner.py:123} INFO - ::group::Pre task execution logs
[2025-02-08T20:39:52.431+0000] {taskinstance.py:2612} INFO - Dependencies all met for dep_context=non-requeueable deps ti=<TaskInstance: branch_dim_gen.generate_branch_dim_data scheduled__2024-10-03T00:00:00+00:00 [queued]>
[2025-02-08T20:39:52.445+0000] {taskinstance.py:2612} INFO - Dependencies all met for dep_context=requeueable deps ti=<TaskInstance: branch_dim_gen.generate_branch_dim_data scheduled__2024-10-03T00:00:00+00:00 [queued]>
[2025-02-08T20:39:52.448+0000] {taskinstance.py:2865} INFO - Starting attempt 1 of 1
[2025-02-08T20:39:52.480+0000] {taskinstance.py:2888} INFO - Executing <Task(PythonOperator): generate_branch_dim_data> on 2024-10-03 00:00:00+00:00
[2025-02-08T20:39:52.495+0000] {standard_task_runner.py:104} INFO - Running: ['***', 'tasks', 'run', 'branch_dim_gen', 'generate_branch_dim_data', 'scheduled__2024-10-03T00:00:00+00:00', '--job-id', '62', '--raw', '--subdir', 'DAGS_FOLDER/brnach_dim_gen.py', '--cfg-path', '/tmp/tmp1yyi0aog']
[2025-02-08T20:39:52.498+0000] {standard_task_runner.py:105} INFO - Job 62: Subtask generate_branch_dim_data
[2025-02-08T20:39:52.500+0000] {logging_mixin.py:190} WARNING - /home/***/.local/lib/python3.12/site-packages/***/task/task_runner/standard_task_runner.py:70 DeprecationWarning: This process (pid=818) is multi-threaded, use of fork() may lead to deadlocks in the child.
[2025-02-08T20:39:52.512+0000] {standard_task_runner.py:72} INFO - Started process 848 to run task
[2025-02-08T20:39:52.587+0000] {task_command.py:467} INFO - Running <TaskInstance: branch_dim_gen.generate_branch_dim_data scheduled__2024-10-03T00:00:00+00:00 [running]> on host 7e959c1a2a8b
[2025-02-08T20:39:52.698+0000] {taskinstance.py:3131} INFO - Exporting env vars: AIRFLOW_CTX_DAG_OWNER='Saleh' AIRFLOW_CTX_DAG_ID='branch_dim_gen' AIRFLOW_CTX_TASK_ID='generate_branch_dim_data' AIRFLOW_CTX_EXECUTION_DATE='2024-10-03T00:00:00+00:00' AIRFLOW_CTX_TRY_NUMBER='1' AIRFLOW_CTX_DAG_RUN_ID='scheduled__2024-10-03T00:00:00+00:00'
[2025-02-08T20:39:52.700+0000] {taskinstance.py:731} INFO - ::endgroup::
[2025-02-08T20:39:52.721+0000] {logging_mixin.py:190} INFO - CSV file './branch_dim_large_data.csv' with 50 rows has been generated successfully.
[2025-02-08T20:39:52.723+0000] {python.py:240} INFO - Done. Returned value was: None
[2025-02-08T20:39:52.744+0000] {taskinstance.py:340} INFO - ::group::Post task execution logs
[2025-02-08T20:39:52.745+0000] {taskinstance.py:352} INFO - Marking task as SUCCESS. dag_id=branch_dim_gen, task_id=generate_branch_dim_data, run_id=scheduled__2024-10-03T00:00:00+00:00, execution_date=20241003T000000, start_date=20250208T203952, end_date=20250208T203952
[2025-02-08T20:39:52.815+0000] {local_task_job_runner.py:266} INFO - Task exited with return code 0
[2025-02-08T20:39:52.830+0000] {local_task_job_runner.py:245} INFO - ::endgroup::
