[2025-02-08T19:00:45.075+0000] {local_task_job_runner.py:123} INFO - ::group::Pre task execution logs
[2025-02-08T19:00:45.092+0000] {taskinstance.py:2612} INFO - Dependencies all met for dep_context=non-requeueable deps ti=<TaskInstance: account_dim_gen.generate_account_dim_data scheduled__2024-12-04T00:00:00+00:00 [queued]>
[2025-02-08T19:00:45.099+0000] {taskinstance.py:2612} INFO - Dependencies all met for dep_context=requeueable deps ti=<TaskInstance: account_dim_gen.generate_account_dim_data scheduled__2024-12-04T00:00:00+00:00 [queued]>
[2025-02-08T19:00:45.102+0000] {taskinstance.py:2865} INFO - Starting attempt 1 of 1
[2025-02-08T19:00:45.120+0000] {taskinstance.py:2888} INFO - Executing <Task(PythonOperator): generate_account_dim_data> on 2024-12-04 00:00:00+00:00
[2025-02-08T19:00:45.128+0000] {logging_mixin.py:190} WARNING - /home/***/.local/lib/python3.12/site-packages/***/task/task_runner/standard_task_runner.py:70 DeprecationWarning: This process (pid=827) is multi-threaded, use of fork() may lead to deadlocks in the child.
[2025-02-08T19:00:45.130+0000] {standard_task_runner.py:72} INFO - Started process 843 to run task
[2025-02-08T19:00:45.128+0000] {standard_task_runner.py:104} INFO - Running: ['***', 'tasks', 'run', 'account_dim_gen', 'generate_account_dim_data', 'scheduled__2024-12-04T00:00:00+00:00', '--job-id', '89', '--raw', '--subdir', 'DAGS_FOLDER/account_dim_gen.py', '--cfg-path', '/tmp/tmp99sb45u6']
[2025-02-08T19:00:45.131+0000] {standard_task_runner.py:105} INFO - Job 89: Subtask generate_account_dim_data
[2025-02-08T19:00:45.178+0000] {task_command.py:467} INFO - Running <TaskInstance: account_dim_gen.generate_account_dim_data scheduled__2024-12-04T00:00:00+00:00 [running]> on host 2c1cd59afcc0
[2025-02-08T19:00:45.261+0000] {taskinstance.py:3131} INFO - Exporting env vars: AIRFLOW_CTX_DAG_OWNER='Saleh' AIRFLOW_CTX_DAG_ID='account_dim_gen' AIRFLOW_CTX_TASK_ID='generate_account_dim_data' AIRFLOW_CTX_EXECUTION_DATE='2024-12-04T00:00:00+00:00' AIRFLOW_CTX_TRY_NUMBER='1' AIRFLOW_CTX_DAG_RUN_ID='scheduled__2024-12-04T00:00:00+00:00'
[2025-02-08T19:00:45.262+0000] {taskinstance.py:731} INFO - ::endgroup::
[2025-02-08T19:00:45.282+0000] {logging_mixin.py:190} INFO - CSV file ./account_dim_large_data.csv with 50 row has been generated successfully!
[2025-02-08T19:00:45.282+0000] {python.py:240} INFO - Done. Returned value was: None
[2025-02-08T19:00:45.291+0000] {taskinstance.py:340} INFO - ::group::Post task execution logs
[2025-02-08T19:00:45.292+0000] {taskinstance.py:352} INFO - Marking task as SUCCESS. dag_id=account_dim_gen, task_id=generate_account_dim_data, run_id=scheduled__2024-12-04T00:00:00+00:00, execution_date=20241204T000000, start_date=20250208T190045, end_date=20250208T190045
[2025-02-08T19:00:45.346+0000] {local_task_job_runner.py:266} INFO - Task exited with return code 0
[2025-02-08T19:00:45.354+0000] {local_task_job_runner.py:245} INFO - ::endgroup::
[2025-02-08T20:40:47.864+0000] {local_task_job_runner.py:123} INFO - ::group::Pre task execution logs
[2025-02-08T20:40:47.883+0000] {taskinstance.py:2612} INFO - Dependencies all met for dep_context=non-requeueable deps ti=<TaskInstance: account_dim_gen.generate_account_dim_data scheduled__2024-12-04T00:00:00+00:00 [queued]>
[2025-02-08T20:40:47.893+0000] {taskinstance.py:2612} INFO - Dependencies all met for dep_context=requeueable deps ti=<TaskInstance: account_dim_gen.generate_account_dim_data scheduled__2024-12-04T00:00:00+00:00 [queued]>
[2025-02-08T20:40:47.894+0000] {taskinstance.py:2865} INFO - Starting attempt 1 of 1
[2025-02-08T20:40:47.908+0000] {taskinstance.py:2888} INFO - Executing <Task(PythonOperator): generate_account_dim_data> on 2024-12-04 00:00:00+00:00
[2025-02-08T20:40:47.921+0000] {logging_mixin.py:190} WARNING - /home/***/.local/lib/python3.12/site-packages/***/task/task_runner/standard_task_runner.py:70 DeprecationWarning: This process (pid=1631) is multi-threaded, use of fork() may lead to deadlocks in the child.
[2025-02-08T20:40:47.922+0000] {standard_task_runner.py:72} INFO - Started process 1653 to run task
[2025-02-08T20:40:47.927+0000] {standard_task_runner.py:104} INFO - Running: ['***', 'tasks', 'run', 'account_dim_gen', 'generate_account_dim_data', 'scheduled__2024-12-04T00:00:00+00:00', '--job-id', '248', '--raw', '--subdir', 'DAGS_FOLDER/account_dim_gen.py', '--cfg-path', '/tmp/tmp1m30lhfd']
[2025-02-08T20:40:47.930+0000] {standard_task_runner.py:105} INFO - Job 248: Subtask generate_account_dim_data
[2025-02-08T20:40:47.984+0000] {task_command.py:467} INFO - Running <TaskInstance: account_dim_gen.generate_account_dim_data scheduled__2024-12-04T00:00:00+00:00 [running]> on host 7e959c1a2a8b
[2025-02-08T20:40:48.126+0000] {taskinstance.py:3131} INFO - Exporting env vars: AIRFLOW_CTX_DAG_OWNER='Saleh' AIRFLOW_CTX_DAG_ID='account_dim_gen' AIRFLOW_CTX_TASK_ID='generate_account_dim_data' AIRFLOW_CTX_EXECUTION_DATE='2024-12-04T00:00:00+00:00' AIRFLOW_CTX_TRY_NUMBER='1' AIRFLOW_CTX_DAG_RUN_ID='scheduled__2024-12-04T00:00:00+00:00'
[2025-02-08T20:40:48.129+0000] {taskinstance.py:731} INFO - ::endgroup::
[2025-02-08T20:40:48.155+0000] {logging_mixin.py:190} INFO - CSV file ./account_dim_large_data.csv with 50 row has been generated successfully!
[2025-02-08T20:40:48.155+0000] {python.py:240} INFO - Done. Returned value was: None
[2025-02-08T20:40:48.171+0000] {taskinstance.py:340} INFO - ::group::Post task execution logs
[2025-02-08T20:40:48.172+0000] {taskinstance.py:352} INFO - Marking task as SUCCESS. dag_id=account_dim_gen, task_id=generate_account_dim_data, run_id=scheduled__2024-12-04T00:00:00+00:00, execution_date=20241204T000000, start_date=20250208T204047, end_date=20250208T204048
[2025-02-08T20:40:48.220+0000] {local_task_job_runner.py:266} INFO - Task exited with return code 0
[2025-02-08T20:40:48.229+0000] {local_task_job_runner.py:245} INFO - ::endgroup::
