[2025-02-08T19:02:20.962+0000] {local_task_job_runner.py:123} INFO - ::group::Pre task execution logs
[2025-02-08T19:02:20.992+0000] {taskinstance.py:2612} INFO - Dependencies all met for dep_context=non-requeueable deps ti=<TaskInstance: customer_dim_generator.generate_customer_dim_data scheduled__2024-11-03T00:00:00+00:00 [queued]>
[2025-02-08T19:02:21.002+0000] {taskinstance.py:2612} INFO - Dependencies all met for dep_context=requeueable deps ti=<TaskInstance: customer_dim_generator.generate_customer_dim_data scheduled__2024-11-03T00:00:00+00:00 [queued]>
[2025-02-08T19:02:21.003+0000] {taskinstance.py:2865} INFO - Starting attempt 1 of 1
[2025-02-08T19:02:21.024+0000] {taskinstance.py:2888} INFO - Executing <Task(PythonOperator): generate_customer_dim_data> on 2024-11-03 00:00:00+00:00
[2025-02-08T19:02:21.033+0000] {logging_mixin.py:190} WARNING - /home/***/.local/lib/python3.12/site-packages/***/task/task_runner/standard_task_runner.py:70 DeprecationWarning: This process (pid=1382) is multi-threaded, use of fork() may lead to deadlocks in the child.
[2025-02-08T19:02:21.034+0000] {standard_task_runner.py:72} INFO - Started process 1411 to run task
[2025-02-08T19:02:21.033+0000] {standard_task_runner.py:104} INFO - Running: ['***', 'tasks', 'run', 'customer_dim_generator', 'generate_customer_dim_data', 'scheduled__2024-11-03T00:00:00+00:00', '--job-id', '211', '--raw', '--subdir', 'DAGS_FOLDER/customer_dim_gen.py', '--cfg-path', '/tmp/tmppt5tz8wf']
[2025-02-08T19:02:21.038+0000] {standard_task_runner.py:105} INFO - Job 211: Subtask generate_customer_dim_data
[2025-02-08T19:02:21.095+0000] {task_command.py:467} INFO - Running <TaskInstance: customer_dim_generator.generate_customer_dim_data scheduled__2024-11-03T00:00:00+00:00 [running]> on host 2c1cd59afcc0
[2025-02-08T19:02:21.198+0000] {taskinstance.py:3131} INFO - Exporting env vars: AIRFLOW_CTX_DAG_OWNER='Saleh' AIRFLOW_CTX_DAG_ID='customer_dim_generator' AIRFLOW_CTX_TASK_ID='generate_customer_dim_data' AIRFLOW_CTX_EXECUTION_DATE='2024-11-03T00:00:00+00:00' AIRFLOW_CTX_TRY_NUMBER='1' AIRFLOW_CTX_DAG_RUN_ID='scheduled__2024-11-03T00:00:00+00:00'
[2025-02-08T19:02:21.199+0000] {taskinstance.py:731} INFO - ::endgroup::
[2025-02-08T19:02:21.221+0000] {logging_mixin.py:190} INFO - CSV file './customer_dim_large_data.csv' with 100 rows has been generated successfully.
[2025-02-08T19:02:21.222+0000] {python.py:240} INFO - Done. Returned value was: None
[2025-02-08T19:02:21.235+0000] {taskinstance.py:340} INFO - ::group::Post task execution logs
[2025-02-08T19:02:21.235+0000] {taskinstance.py:352} INFO - Marking task as SUCCESS. dag_id=customer_dim_generator, task_id=generate_customer_dim_data, run_id=scheduled__2024-11-03T00:00:00+00:00, execution_date=20241103T000000, start_date=20250208T190220, end_date=20250208T190221
[2025-02-08T19:02:21.293+0000] {local_task_job_runner.py:266} INFO - Task exited with return code 0
[2025-02-08T19:02:21.302+0000] {local_task_job_runner.py:245} INFO - ::endgroup::
[2025-02-08T20:40:00.424+0000] {local_task_job_runner.py:123} INFO - ::group::Pre task execution logs
[2025-02-08T20:40:00.457+0000] {taskinstance.py:2612} INFO - Dependencies all met for dep_context=non-requeueable deps ti=<TaskInstance: customer_dim_generator.generate_customer_dim_data scheduled__2024-11-03T00:00:00+00:00 [queued]>
[2025-02-08T20:40:00.470+0000] {taskinstance.py:2612} INFO - Dependencies all met for dep_context=requeueable deps ti=<TaskInstance: customer_dim_generator.generate_customer_dim_data scheduled__2024-11-03T00:00:00+00:00 [queued]>
[2025-02-08T20:40:00.472+0000] {taskinstance.py:2865} INFO - Starting attempt 1 of 1
[2025-02-08T20:40:00.495+0000] {taskinstance.py:2888} INFO - Executing <Task(PythonOperator): generate_customer_dim_data> on 2024-11-03 00:00:00+00:00
[2025-02-08T20:40:00.507+0000] {standard_task_runner.py:104} INFO - Running: ['***', 'tasks', 'run', 'customer_dim_generator', 'generate_customer_dim_data', 'scheduled__2024-11-03T00:00:00+00:00', '--job-id', '86', '--raw', '--subdir', 'DAGS_FOLDER/customer_dim_gen.py', '--cfg-path', '/tmp/tmppkifz5qj']
[2025-02-08T20:40:00.508+0000] {logging_mixin.py:190} WARNING - /home/***/.local/lib/python3.12/site-packages/***/task/task_runner/standard_task_runner.py:70 DeprecationWarning: This process (pid=927) is multi-threaded, use of fork() may lead to deadlocks in the child.
[2025-02-08T20:40:00.523+0000] {standard_task_runner.py:105} INFO - Job 86: Subtask generate_customer_dim_data
[2025-02-08T20:40:00.535+0000] {standard_task_runner.py:72} INFO - Started process 946 to run task
[2025-02-08T20:40:00.660+0000] {task_command.py:467} INFO - Running <TaskInstance: customer_dim_generator.generate_customer_dim_data scheduled__2024-11-03T00:00:00+00:00 [running]> on host 7e959c1a2a8b
[2025-02-08T20:40:00.783+0000] {taskinstance.py:3131} INFO - Exporting env vars: AIRFLOW_CTX_DAG_OWNER='Saleh' AIRFLOW_CTX_DAG_ID='customer_dim_generator' AIRFLOW_CTX_TASK_ID='generate_customer_dim_data' AIRFLOW_CTX_EXECUTION_DATE='2024-11-03T00:00:00+00:00' AIRFLOW_CTX_TRY_NUMBER='1' AIRFLOW_CTX_DAG_RUN_ID='scheduled__2024-11-03T00:00:00+00:00'
[2025-02-08T20:40:00.789+0000] {taskinstance.py:731} INFO - ::endgroup::
[2025-02-08T20:40:00.820+0000] {logging_mixin.py:190} INFO - CSV file './customer_dim_large_data.csv' with 100 rows has been generated successfully.
[2025-02-08T20:40:00.822+0000] {python.py:240} INFO - Done. Returned value was: None
[2025-02-08T20:40:00.834+0000] {taskinstance.py:340} INFO - ::group::Post task execution logs
[2025-02-08T20:40:00.837+0000] {taskinstance.py:352} INFO - Marking task as SUCCESS. dag_id=customer_dim_generator, task_id=generate_customer_dim_data, run_id=scheduled__2024-11-03T00:00:00+00:00, execution_date=20241103T000000, start_date=20250208T204000, end_date=20250208T204000
[2025-02-08T20:40:00.886+0000] {local_task_job_runner.py:266} INFO - Task exited with return code 0
[2025-02-08T20:40:00.922+0000] {local_task_job_runner.py:245} INFO - ::endgroup::
[2025-02-08T20:42:59.032+0000] {local_task_job_runner.py:123} INFO - ::group::Pre task execution logs
[2025-02-08T20:42:59.053+0000] {taskinstance.py:2612} INFO - Dependencies all met for dep_context=non-requeueable deps ti=<TaskInstance: customer_dim_generator.generate_customer_dim_data scheduled__2024-11-03T00:00:00+00:00 [queued]>
[2025-02-08T20:42:59.064+0000] {taskinstance.py:2612} INFO - Dependencies all met for dep_context=requeueable deps ti=<TaskInstance: customer_dim_generator.generate_customer_dim_data scheduled__2024-11-03T00:00:00+00:00 [queued]>
[2025-02-08T20:42:59.064+0000] {taskinstance.py:2865} INFO - Starting attempt 1 of 1
[2025-02-08T20:42:59.133+0000] {taskinstance.py:2888} INFO - Executing <Task(PythonOperator): generate_customer_dim_data> on 2024-11-03 00:00:00+00:00
[2025-02-08T20:42:59.141+0000] {logging_mixin.py:190} WARNING - /home/***/.local/lib/python3.12/site-packages/***/task/task_runner/standard_task_runner.py:70 DeprecationWarning: This process (pid=493) is multi-threaded, use of fork() may lead to deadlocks in the child.
[2025-02-08T20:42:59.142+0000] {standard_task_runner.py:72} INFO - Started process 515 to run task
[2025-02-08T20:42:59.141+0000] {standard_task_runner.py:104} INFO - Running: ['***', 'tasks', 'run', 'customer_dim_generator', 'generate_customer_dim_data', 'scheduled__2024-11-03T00:00:00+00:00', '--job-id', '432', '--raw', '--subdir', 'DAGS_FOLDER/customer_dim_gen.py', '--cfg-path', '/tmp/tmpowwzkr2i']
[2025-02-08T20:42:59.143+0000] {standard_task_runner.py:105} INFO - Job 432: Subtask generate_customer_dim_data
[2025-02-08T20:42:59.186+0000] {task_command.py:467} INFO - Running <TaskInstance: customer_dim_generator.generate_customer_dim_data scheduled__2024-11-03T00:00:00+00:00 [running]> on host 86932746817d
[2025-02-08T20:42:59.262+0000] {taskinstance.py:3131} INFO - Exporting env vars: AIRFLOW_CTX_DAG_OWNER='Saleh' AIRFLOW_CTX_DAG_ID='customer_dim_generator' AIRFLOW_CTX_TASK_ID='generate_customer_dim_data' AIRFLOW_CTX_EXECUTION_DATE='2024-11-03T00:00:00+00:00' AIRFLOW_CTX_TRY_NUMBER='1' AIRFLOW_CTX_DAG_RUN_ID='scheduled__2024-11-03T00:00:00+00:00'
[2025-02-08T20:42:59.263+0000] {taskinstance.py:731} INFO - ::endgroup::
[2025-02-08T20:42:59.281+0000] {logging_mixin.py:190} INFO - CSV file './customer_dim_large_data.csv' with 100 rows has been generated successfully.
[2025-02-08T20:42:59.282+0000] {python.py:240} INFO - Done. Returned value was: None
[2025-02-08T20:42:59.291+0000] {taskinstance.py:340} INFO - ::group::Post task execution logs
[2025-02-08T20:42:59.291+0000] {taskinstance.py:352} INFO - Marking task as SUCCESS. dag_id=customer_dim_generator, task_id=generate_customer_dim_data, run_id=scheduled__2024-11-03T00:00:00+00:00, execution_date=20241103T000000, start_date=20250208T204259, end_date=20250208T204259
[2025-02-08T20:42:59.317+0000] {local_task_job_runner.py:266} INFO - Task exited with return code 0
[2025-02-08T20:42:59.331+0000] {taskinstance.py:3900} INFO - 0 downstream tasks scheduled from follow-on schedule check
[2025-02-08T20:42:59.333+0000] {local_task_job_runner.py:245} INFO - ::endgroup::
