[2025-02-08T19:00:39.197+0000] {local_task_job_runner.py:123} INFO - ::group::Pre task execution logs
[2025-02-08T19:00:39.215+0000] {taskinstance.py:2612} INFO - Dependencies all met for dep_context=non-requeueable deps ti=<TaskInstance: account_dim_gen.generate_account_dim_data scheduled__2024-11-26T00:00:00+00:00 [queued]>
[2025-02-08T19:00:39.223+0000] {taskinstance.py:2612} INFO - Dependencies all met for dep_context=requeueable deps ti=<TaskInstance: account_dim_gen.generate_account_dim_data scheduled__2024-11-26T00:00:00+00:00 [queued]>
[2025-02-08T19:00:39.224+0000] {taskinstance.py:2865} INFO - Starting attempt 1 of 1
[2025-02-08T19:00:39.237+0000] {taskinstance.py:2888} INFO - Executing <Task(PythonOperator): generate_account_dim_data> on 2024-11-26 00:00:00+00:00
[2025-02-08T19:00:39.246+0000] {logging_mixin.py:190} WARNING - /home/***/.local/lib/python3.12/site-packages/***/task/task_runner/standard_task_runner.py:70 DeprecationWarning: This process (pid=781) is multi-threaded, use of fork() may lead to deadlocks in the child.
[2025-02-08T19:00:39.247+0000] {standard_task_runner.py:72} INFO - Started process 805 to run task
[2025-02-08T19:00:39.246+0000] {standard_task_runner.py:104} INFO - Running: ['***', 'tasks', 'run', 'account_dim_gen', 'generate_account_dim_data', 'scheduled__2024-11-26T00:00:00+00:00', '--job-id', '81', '--raw', '--subdir', 'DAGS_FOLDER/account_dim_gen.py', '--cfg-path', '/tmp/tmpp7bgv54s']
[2025-02-08T19:00:39.248+0000] {standard_task_runner.py:105} INFO - Job 81: Subtask generate_account_dim_data
[2025-02-08T19:00:39.289+0000] {task_command.py:467} INFO - Running <TaskInstance: account_dim_gen.generate_account_dim_data scheduled__2024-11-26T00:00:00+00:00 [running]> on host 2c1cd59afcc0
[2025-02-08T19:00:39.359+0000] {taskinstance.py:3131} INFO - Exporting env vars: AIRFLOW_CTX_DAG_OWNER='Saleh' AIRFLOW_CTX_DAG_ID='account_dim_gen' AIRFLOW_CTX_TASK_ID='generate_account_dim_data' AIRFLOW_CTX_EXECUTION_DATE='2024-11-26T00:00:00+00:00' AIRFLOW_CTX_TRY_NUMBER='1' AIRFLOW_CTX_DAG_RUN_ID='scheduled__2024-11-26T00:00:00+00:00'
[2025-02-08T19:00:39.361+0000] {taskinstance.py:731} INFO - ::endgroup::
[2025-02-08T19:00:39.379+0000] {logging_mixin.py:190} INFO - CSV file ./account_dim_large_data.csv with 50 row has been generated successfully!
[2025-02-08T19:00:39.380+0000] {python.py:240} INFO - Done. Returned value was: None
[2025-02-08T19:00:39.387+0000] {taskinstance.py:340} INFO - ::group::Post task execution logs
[2025-02-08T19:00:39.388+0000] {taskinstance.py:352} INFO - Marking task as SUCCESS. dag_id=account_dim_gen, task_id=generate_account_dim_data, run_id=scheduled__2024-11-26T00:00:00+00:00, execution_date=20241126T000000, start_date=20250208T190039, end_date=20250208T190039
[2025-02-08T19:00:39.421+0000] {local_task_job_runner.py:266} INFO - Task exited with return code 0
[2025-02-08T19:00:39.435+0000] {taskinstance.py:3900} INFO - 0 downstream tasks scheduled from follow-on schedule check
[2025-02-08T19:00:39.437+0000] {local_task_job_runner.py:245} INFO - ::endgroup::
[2025-02-08T20:40:41.747+0000] {local_task_job_runner.py:123} INFO - ::group::Pre task execution logs
[2025-02-08T20:40:41.766+0000] {taskinstance.py:2612} INFO - Dependencies all met for dep_context=non-requeueable deps ti=<TaskInstance: account_dim_gen.generate_account_dim_data scheduled__2024-11-26T00:00:00+00:00 [queued]>
[2025-02-08T20:40:41.777+0000] {taskinstance.py:2612} INFO - Dependencies all met for dep_context=requeueable deps ti=<TaskInstance: account_dim_gen.generate_account_dim_data scheduled__2024-11-26T00:00:00+00:00 [queued]>
[2025-02-08T20:40:41.778+0000] {taskinstance.py:2865} INFO - Starting attempt 1 of 1
[2025-02-08T20:40:41.795+0000] {taskinstance.py:2888} INFO - Executing <Task(PythonOperator): generate_account_dim_data> on 2024-11-26 00:00:00+00:00
[2025-02-08T20:40:41.806+0000] {logging_mixin.py:190} WARNING - /home/***/.local/lib/python3.12/site-packages/***/task/task_runner/standard_task_runner.py:70 DeprecationWarning: This process (pid=1521) is multi-threaded, use of fork() may lead to deadlocks in the child.
[2025-02-08T20:40:41.808+0000] {standard_task_runner.py:72} INFO - Started process 1542 to run task
[2025-02-08T20:40:41.807+0000] {standard_task_runner.py:104} INFO - Running: ['***', 'tasks', 'run', 'account_dim_gen', 'generate_account_dim_data', 'scheduled__2024-11-26T00:00:00+00:00', '--job-id', '222', '--raw', '--subdir', 'DAGS_FOLDER/account_dim_gen.py', '--cfg-path', '/tmp/tmpj3td49fh']
[2025-02-08T20:40:41.813+0000] {standard_task_runner.py:105} INFO - Job 222: Subtask generate_account_dim_data
[2025-02-08T20:40:41.869+0000] {task_command.py:467} INFO - Running <TaskInstance: account_dim_gen.generate_account_dim_data scheduled__2024-11-26T00:00:00+00:00 [running]> on host 7e959c1a2a8b
[2025-02-08T20:40:41.990+0000] {taskinstance.py:3131} INFO - Exporting env vars: AIRFLOW_CTX_DAG_OWNER='Saleh' AIRFLOW_CTX_DAG_ID='account_dim_gen' AIRFLOW_CTX_TASK_ID='generate_account_dim_data' AIRFLOW_CTX_EXECUTION_DATE='2024-11-26T00:00:00+00:00' AIRFLOW_CTX_TRY_NUMBER='1' AIRFLOW_CTX_DAG_RUN_ID='scheduled__2024-11-26T00:00:00+00:00'
[2025-02-08T20:40:41.992+0000] {taskinstance.py:731} INFO - ::endgroup::
[2025-02-08T20:40:42.015+0000] {logging_mixin.py:190} INFO - CSV file ./account_dim_large_data.csv with 50 row has been generated successfully!
[2025-02-08T20:40:42.016+0000] {python.py:240} INFO - Done. Returned value was: None
[2025-02-08T20:40:42.026+0000] {taskinstance.py:340} INFO - ::group::Post task execution logs
[2025-02-08T20:40:42.028+0000] {taskinstance.py:352} INFO - Marking task as SUCCESS. dag_id=account_dim_gen, task_id=generate_account_dim_data, run_id=scheduled__2024-11-26T00:00:00+00:00, execution_date=20241126T000000, start_date=20250208T204041, end_date=20250208T204042
[2025-02-08T20:40:42.064+0000] {local_task_job_runner.py:266} INFO - Task exited with return code 0
[2025-02-08T20:40:42.083+0000] {taskinstance.py:3900} INFO - 0 downstream tasks scheduled from follow-on schedule check
[2025-02-08T20:40:42.086+0000] {local_task_job_runner.py:245} INFO - ::endgroup::
