[2025-02-08T19:03:16.235+0000] {local_task_job_runner.py:123} INFO - ::group::Pre task execution logs
[2025-02-08T19:03:16.251+0000] {taskinstance.py:2612} INFO - Dependencies all met for dep_context=non-requeueable deps ti=<TaskInstance: customer_dim_generator.generate_customer_dim_data scheduled__2025-01-22T00:00:00+00:00 [queued]>
[2025-02-08T19:03:16.260+0000] {taskinstance.py:2612} INFO - Dependencies all met for dep_context=requeueable deps ti=<TaskInstance: customer_dim_generator.generate_customer_dim_data scheduled__2025-01-22T00:00:00+00:00 [queued]>
[2025-02-08T19:03:16.261+0000] {taskinstance.py:2865} INFO - Starting attempt 1 of 1
[2025-02-08T19:03:16.277+0000] {taskinstance.py:2888} INFO - Executing <Task(PythonOperator): generate_customer_dim_data> on 2025-01-22 00:00:00+00:00
[2025-02-08T19:03:16.286+0000] {logging_mixin.py:190} WARNING - /home/***/.local/lib/python3.12/site-packages/***/task/task_runner/standard_task_runner.py:70 DeprecationWarning: This process (pid=2069) is multi-threaded, use of fork() may lead to deadlocks in the child.
[2025-02-08T19:03:16.287+0000] {standard_task_runner.py:72} INFO - Started process 2089 to run task
[2025-02-08T19:03:16.286+0000] {standard_task_runner.py:104} INFO - Running: ['***', 'tasks', 'run', 'customer_dim_generator', 'generate_customer_dim_data', 'scheduled__2025-01-22T00:00:00+00:00', '--job-id', '370', '--raw', '--subdir', 'DAGS_FOLDER/customer_dim_gen.py', '--cfg-path', '/tmp/tmpk8kwm37n']
[2025-02-08T19:03:16.288+0000] {standard_task_runner.py:105} INFO - Job 370: Subtask generate_customer_dim_data
[2025-02-08T19:03:16.330+0000] {task_command.py:467} INFO - Running <TaskInstance: customer_dim_generator.generate_customer_dim_data scheduled__2025-01-22T00:00:00+00:00 [running]> on host 2c1cd59afcc0
[2025-02-08T19:03:16.408+0000] {taskinstance.py:3131} INFO - Exporting env vars: AIRFLOW_CTX_DAG_OWNER='Saleh' AIRFLOW_CTX_DAG_ID='customer_dim_generator' AIRFLOW_CTX_TASK_ID='generate_customer_dim_data' AIRFLOW_CTX_EXECUTION_DATE='2025-01-22T00:00:00+00:00' AIRFLOW_CTX_TRY_NUMBER='1' AIRFLOW_CTX_DAG_RUN_ID='scheduled__2025-01-22T00:00:00+00:00'
[2025-02-08T19:03:16.410+0000] {taskinstance.py:731} INFO - ::endgroup::
[2025-02-08T19:03:16.426+0000] {logging_mixin.py:190} INFO - CSV file './customer_dim_large_data.csv' with 100 rows has been generated successfully.
[2025-02-08T19:03:16.427+0000] {python.py:240} INFO - Done. Returned value was: None
[2025-02-08T19:03:16.435+0000] {taskinstance.py:340} INFO - ::group::Post task execution logs
[2025-02-08T19:03:16.436+0000] {taskinstance.py:352} INFO - Marking task as SUCCESS. dag_id=customer_dim_generator, task_id=generate_customer_dim_data, run_id=scheduled__2025-01-22T00:00:00+00:00, execution_date=20250122T000000, start_date=20250208T190316, end_date=20250208T190316
[2025-02-08T19:03:16.461+0000] {local_task_job_runner.py:266} INFO - Task exited with return code 0
[2025-02-08T19:03:16.476+0000] {taskinstance.py:3900} INFO - 0 downstream tasks scheduled from follow-on schedule check
[2025-02-08T19:03:16.482+0000] {local_task_job_runner.py:245} INFO - ::endgroup::
[2025-02-08T20:43:48.193+0000] {local_task_job_runner.py:123} INFO - ::group::Pre task execution logs
[2025-02-08T20:43:48.215+0000] {taskinstance.py:2612} INFO - Dependencies all met for dep_context=non-requeueable deps ti=<TaskInstance: customer_dim_generator.generate_customer_dim_data scheduled__2025-01-22T00:00:00+00:00 [queued]>
[2025-02-08T20:43:48.228+0000] {taskinstance.py:2612} INFO - Dependencies all met for dep_context=requeueable deps ti=<TaskInstance: customer_dim_generator.generate_customer_dim_data scheduled__2025-01-22T00:00:00+00:00 [queued]>
[2025-02-08T20:43:48.229+0000] {taskinstance.py:2865} INFO - Starting attempt 1 of 1
[2025-02-08T20:43:48.359+0000] {taskinstance.py:2888} INFO - Executing <Task(PythonOperator): generate_customer_dim_data> on 2025-01-22 00:00:00+00:00
[2025-02-08T20:43:48.371+0000] {logging_mixin.py:190} WARNING - /home/***/.local/lib/python3.12/site-packages/***/task/task_runner/standard_task_runner.py:70 DeprecationWarning: This process (pid=855) is multi-threaded, use of fork() may lead to deadlocks in the child.
[2025-02-08T20:43:48.372+0000] {standard_task_runner.py:72} INFO - Started process 872 to run task
[2025-02-08T20:43:48.371+0000] {standard_task_runner.py:104} INFO - Running: ['***', 'tasks', 'run', 'customer_dim_generator', 'generate_customer_dim_data', 'scheduled__2025-01-22T00:00:00+00:00', '--job-id', '512', '--raw', '--subdir', 'DAGS_FOLDER/customer_dim_gen.py', '--cfg-path', '/tmp/tmp8m4dxql2']
[2025-02-08T20:43:48.374+0000] {standard_task_runner.py:105} INFO - Job 512: Subtask generate_customer_dim_data
[2025-02-08T20:43:48.431+0000] {task_command.py:467} INFO - Running <TaskInstance: customer_dim_generator.generate_customer_dim_data scheduled__2025-01-22T00:00:00+00:00 [running]> on host 86932746817d
[2025-02-08T20:43:48.553+0000] {taskinstance.py:3131} INFO - Exporting env vars: AIRFLOW_CTX_DAG_OWNER='Saleh' AIRFLOW_CTX_DAG_ID='customer_dim_generator' AIRFLOW_CTX_TASK_ID='generate_customer_dim_data' AIRFLOW_CTX_EXECUTION_DATE='2025-01-22T00:00:00+00:00' AIRFLOW_CTX_TRY_NUMBER='1' AIRFLOW_CTX_DAG_RUN_ID='scheduled__2025-01-22T00:00:00+00:00'
[2025-02-08T20:43:48.556+0000] {taskinstance.py:731} INFO - ::endgroup::
[2025-02-08T20:43:48.584+0000] {logging_mixin.py:190} INFO - CSV file './customer_dim_large_data.csv' with 100 rows has been generated successfully.
[2025-02-08T20:43:48.584+0000] {python.py:240} INFO - Done. Returned value was: None
[2025-02-08T20:43:48.593+0000] {taskinstance.py:340} INFO - ::group::Post task execution logs
[2025-02-08T20:43:48.594+0000] {taskinstance.py:352} INFO - Marking task as SUCCESS. dag_id=customer_dim_generator, task_id=generate_customer_dim_data, run_id=scheduled__2025-01-22T00:00:00+00:00, execution_date=20250122T000000, start_date=20250208T204348, end_date=20250208T204348
[2025-02-08T20:43:48.631+0000] {local_task_job_runner.py:266} INFO - Task exited with return code 0
[2025-02-08T20:43:48.639+0000] {local_task_job_runner.py:245} INFO - ::endgroup::
