[2025-02-08T19:00:58.554+0000] {local_task_job_runner.py:123} INFO - ::group::Pre task execution logs
[2025-02-08T19:00:58.572+0000] {taskinstance.py:2612} INFO - Dependencies all met for dep_context=non-requeueable deps ti=<TaskInstance: account_dim_gen.generate_account_dim_data scheduled__2024-12-27T00:00:00+00:00 [queued]>
[2025-02-08T19:00:58.583+0000] {taskinstance.py:2612} INFO - Dependencies all met for dep_context=requeueable deps ti=<TaskInstance: account_dim_gen.generate_account_dim_data scheduled__2024-12-27T00:00:00+00:00 [queued]>
[2025-02-08T19:00:58.584+0000] {taskinstance.py:2865} INFO - Starting attempt 1 of 1
[2025-02-08T19:00:58.664+0000] {taskinstance.py:2888} INFO - Executing <Task(PythonOperator): generate_account_dim_data> on 2024-12-27 00:00:00+00:00
[2025-02-08T19:00:58.672+0000] {logging_mixin.py:190} WARNING - /home/***/.local/lib/python3.12/site-packages/***/task/task_runner/standard_task_runner.py:70 DeprecationWarning: This process (pid=933) is multi-threaded, use of fork() may lead to deadlocks in the child.
[2025-02-08T19:00:58.674+0000] {standard_task_runner.py:72} INFO - Started process 950 to run task
[2025-02-08T19:00:58.673+0000] {standard_task_runner.py:104} INFO - Running: ['***', 'tasks', 'run', 'account_dim_gen', 'generate_account_dim_data', 'scheduled__2024-12-27T00:00:00+00:00', '--job-id', '112', '--raw', '--subdir', 'DAGS_FOLDER/account_dim_gen.py', '--cfg-path', '/tmp/tmpcsd_ujua']
[2025-02-08T19:00:58.679+0000] {standard_task_runner.py:105} INFO - Job 112: Subtask generate_account_dim_data
[2025-02-08T19:00:58.740+0000] {task_command.py:467} INFO - Running <TaskInstance: account_dim_gen.generate_account_dim_data scheduled__2024-12-27T00:00:00+00:00 [running]> on host 2c1cd59afcc0
[2025-02-08T19:00:58.839+0000] {taskinstance.py:3131} INFO - Exporting env vars: AIRFLOW_CTX_DAG_OWNER='Saleh' AIRFLOW_CTX_DAG_ID='account_dim_gen' AIRFLOW_CTX_TASK_ID='generate_account_dim_data' AIRFLOW_CTX_EXECUTION_DATE='2024-12-27T00:00:00+00:00' AIRFLOW_CTX_TRY_NUMBER='1' AIRFLOW_CTX_DAG_RUN_ID='scheduled__2024-12-27T00:00:00+00:00'
[2025-02-08T19:00:58.840+0000] {taskinstance.py:731} INFO - ::endgroup::
[2025-02-08T19:00:58.860+0000] {logging_mixin.py:190} INFO - CSV file ./account_dim_large_data.csv with 50 row has been generated successfully!
[2025-02-08T19:00:58.861+0000] {python.py:240} INFO - Done. Returned value was: None
[2025-02-08T19:00:58.870+0000] {taskinstance.py:340} INFO - ::group::Post task execution logs
[2025-02-08T19:00:58.871+0000] {taskinstance.py:352} INFO - Marking task as SUCCESS. dag_id=account_dim_gen, task_id=generate_account_dim_data, run_id=scheduled__2024-12-27T00:00:00+00:00, execution_date=20241227T000000, start_date=20250208T190058, end_date=20250208T190058
[2025-02-08T19:00:58.932+0000] {local_task_job_runner.py:266} INFO - Task exited with return code 0
[2025-02-08T19:00:58.941+0000] {local_task_job_runner.py:245} INFO - ::endgroup::
[2025-02-08T20:41:03.293+0000] {local_task_job_runner.py:123} INFO - ::group::Pre task execution logs
[2025-02-08T20:41:03.311+0000] {taskinstance.py:2612} INFO - Dependencies all met for dep_context=non-requeueable deps ti=<TaskInstance: account_dim_gen.generate_account_dim_data scheduled__2024-12-27T00:00:00+00:00 [queued]>
[2025-02-08T20:41:03.322+0000] {taskinstance.py:2612} INFO - Dependencies all met for dep_context=requeueable deps ti=<TaskInstance: account_dim_gen.generate_account_dim_data scheduled__2024-12-27T00:00:00+00:00 [queued]>
[2025-02-08T20:41:03.322+0000] {taskinstance.py:2865} INFO - Starting attempt 1 of 1
[2025-02-08T20:41:03.344+0000] {taskinstance.py:2888} INFO - Executing <Task(PythonOperator): generate_account_dim_data> on 2024-12-27 00:00:00+00:00
[2025-02-08T20:41:03.360+0000] {logging_mixin.py:190} WARNING - /home/***/.local/lib/python3.12/site-packages/***/task/task_runner/standard_task_runner.py:70 DeprecationWarning: This process (pid=1911) is multi-threaded, use of fork() may lead to deadlocks in the child.
[2025-02-08T20:41:03.362+0000] {standard_task_runner.py:72} INFO - Started process 1933 to run task
[2025-02-08T20:41:03.361+0000] {standard_task_runner.py:104} INFO - Running: ['***', 'tasks', 'run', 'account_dim_gen', 'generate_account_dim_data', 'scheduled__2024-12-27T00:00:00+00:00', '--job-id', '318', '--raw', '--subdir', 'DAGS_FOLDER/account_dim_gen.py', '--cfg-path', '/tmp/tmpcs04_eca']
[2025-02-08T20:41:03.364+0000] {standard_task_runner.py:105} INFO - Job 318: Subtask generate_account_dim_data
[2025-02-08T20:41:03.418+0000] {task_command.py:467} INFO - Running <TaskInstance: account_dim_gen.generate_account_dim_data scheduled__2024-12-27T00:00:00+00:00 [running]> on host 7e959c1a2a8b
[2025-02-08T20:41:03.529+0000] {taskinstance.py:3131} INFO - Exporting env vars: AIRFLOW_CTX_DAG_OWNER='Saleh' AIRFLOW_CTX_DAG_ID='account_dim_gen' AIRFLOW_CTX_TASK_ID='generate_account_dim_data' AIRFLOW_CTX_EXECUTION_DATE='2024-12-27T00:00:00+00:00' AIRFLOW_CTX_TRY_NUMBER='1' AIRFLOW_CTX_DAG_RUN_ID='scheduled__2024-12-27T00:00:00+00:00'
[2025-02-08T20:41:03.530+0000] {taskinstance.py:731} INFO - ::endgroup::
[2025-02-08T20:41:03.554+0000] {logging_mixin.py:190} INFO - CSV file ./account_dim_large_data.csv with 50 row has been generated successfully!
[2025-02-08T20:41:03.555+0000] {python.py:240} INFO - Done. Returned value was: None
[2025-02-08T20:41:03.564+0000] {taskinstance.py:340} INFO - ::group::Post task execution logs
[2025-02-08T20:41:03.565+0000] {taskinstance.py:352} INFO - Marking task as SUCCESS. dag_id=account_dim_gen, task_id=generate_account_dim_data, run_id=scheduled__2024-12-27T00:00:00+00:00, execution_date=20241227T000000, start_date=20250208T204103, end_date=20250208T204103
[2025-02-08T20:41:03.589+0000] {local_task_job_runner.py:266} INFO - Task exited with return code 0
[2025-02-08T20:41:03.605+0000] {taskinstance.py:3900} INFO - 0 downstream tasks scheduled from follow-on schedule check
[2025-02-08T20:41:03.607+0000] {local_task_job_runner.py:245} INFO - ::endgroup::
