[2025-02-08T19:02:42.586+0000] {local_task_job_runner.py:123} INFO - ::group::Pre task execution logs
[2025-02-08T19:02:42.602+0000] {taskinstance.py:2612} INFO - Dependencies all met for dep_context=non-requeueable deps ti=<TaskInstance: branch_dim_gen.generate_branch_dim_data scheduled__2024-11-06T00:00:00+00:00 [queued]>
[2025-02-08T19:02:42.612+0000] {taskinstance.py:2612} INFO - Dependencies all met for dep_context=requeueable deps ti=<TaskInstance: branch_dim_gen.generate_branch_dim_data scheduled__2024-11-06T00:00:00+00:00 [queued]>
[2025-02-08T19:02:42.613+0000] {taskinstance.py:2865} INFO - Starting attempt 1 of 1
[2025-02-08T19:02:42.626+0000] {taskinstance.py:2888} INFO - Executing <Task(PythonOperator): generate_branch_dim_data> on 2024-11-06 00:00:00+00:00
[2025-02-08T19:02:42.636+0000] {logging_mixin.py:190} WARNING - /home/***/.local/lib/python3.12/site-packages/***/task/task_runner/standard_task_runner.py:70 DeprecationWarning: This process (pid=1606) is multi-threaded, use of fork() may lead to deadlocks in the child.
[2025-02-08T19:02:42.637+0000] {standard_task_runner.py:72} INFO - Started process 1617 to run task
[2025-02-08T19:02:42.636+0000] {standard_task_runner.py:104} INFO - Running: ['***', 'tasks', 'run', 'branch_dim_gen', 'generate_branch_dim_data', 'scheduled__2024-11-06T00:00:00+00:00', '--job-id', '261', '--raw', '--subdir', 'DAGS_FOLDER/brnach_dim_gen.py', '--cfg-path', '/tmp/tmp9e8ympv9']
[2025-02-08T19:02:42.639+0000] {standard_task_runner.py:105} INFO - Job 261: Subtask generate_branch_dim_data
[2025-02-08T19:02:42.686+0000] {task_command.py:467} INFO - Running <TaskInstance: branch_dim_gen.generate_branch_dim_data scheduled__2024-11-06T00:00:00+00:00 [running]> on host 2c1cd59afcc0
[2025-02-08T19:02:42.785+0000] {taskinstance.py:3131} INFO - Exporting env vars: AIRFLOW_CTX_DAG_OWNER='Saleh' AIRFLOW_CTX_DAG_ID='branch_dim_gen' AIRFLOW_CTX_TASK_ID='generate_branch_dim_data' AIRFLOW_CTX_EXECUTION_DATE='2024-11-06T00:00:00+00:00' AIRFLOW_CTX_TRY_NUMBER='1' AIRFLOW_CTX_DAG_RUN_ID='scheduled__2024-11-06T00:00:00+00:00'
[2025-02-08T19:02:42.789+0000] {taskinstance.py:731} INFO - ::endgroup::
[2025-02-08T19:02:42.811+0000] {logging_mixin.py:190} INFO - CSV file './branch_dim_large_data.csv' with 50 rows has been generated successfully.
[2025-02-08T19:02:42.812+0000] {python.py:240} INFO - Done. Returned value was: None
[2025-02-08T19:02:42.839+0000] {taskinstance.py:340} INFO - ::group::Post task execution logs
[2025-02-08T19:02:42.839+0000] {taskinstance.py:352} INFO - Marking task as SUCCESS. dag_id=branch_dim_gen, task_id=generate_branch_dim_data, run_id=scheduled__2024-11-06T00:00:00+00:00, execution_date=20241106T000000, start_date=20250208T190242, end_date=20250208T190242
[2025-02-08T19:02:43.015+0000] {local_task_job_runner.py:266} INFO - Task exited with return code 0
[2025-02-08T19:02:43.077+0000] {taskinstance.py:3900} INFO - 0 downstream tasks scheduled from follow-on schedule check
[2025-02-08T19:02:43.082+0000] {local_task_job_runner.py:245} INFO - ::endgroup::
[2025-02-08T20:40:23.690+0000] {local_task_job_runner.py:123} INFO - ::group::Pre task execution logs
[2025-02-08T20:40:23.714+0000] {taskinstance.py:2612} INFO - Dependencies all met for dep_context=non-requeueable deps ti=<TaskInstance: branch_dim_gen.generate_branch_dim_data scheduled__2024-11-06T00:00:00+00:00 [queued]>
[2025-02-08T20:40:23.729+0000] {taskinstance.py:2612} INFO - Dependencies all met for dep_context=requeueable deps ti=<TaskInstance: branch_dim_gen.generate_branch_dim_data scheduled__2024-11-06T00:00:00+00:00 [queued]>
[2025-02-08T20:40:23.730+0000] {taskinstance.py:2865} INFO - Starting attempt 1 of 1
[2025-02-08T20:40:23.746+0000] {taskinstance.py:2888} INFO - Executing <Task(PythonOperator): generate_branch_dim_data> on 2024-11-06 00:00:00+00:00
[2025-02-08T20:40:23.762+0000] {logging_mixin.py:190} WARNING - /home/***/.local/lib/python3.12/site-packages/***/task/task_runner/standard_task_runner.py:70 DeprecationWarning: This process (pid=1258) is multi-threaded, use of fork() may lead to deadlocks in the child.
[2025-02-08T20:40:23.764+0000] {standard_task_runner.py:104} INFO - Running: ['***', 'tasks', 'run', 'branch_dim_gen', 'generate_branch_dim_data', 'scheduled__2024-11-06T00:00:00+00:00', '--job-id', '165', '--raw', '--subdir', 'DAGS_FOLDER/brnach_dim_gen.py', '--cfg-path', '/tmp/tmpquqh6256']
[2025-02-08T20:40:23.767+0000] {standard_task_runner.py:72} INFO - Started process 1287 to run task
[2025-02-08T20:40:23.767+0000] {standard_task_runner.py:105} INFO - Job 165: Subtask generate_branch_dim_data
[2025-02-08T20:40:23.819+0000] {task_command.py:467} INFO - Running <TaskInstance: branch_dim_gen.generate_branch_dim_data scheduled__2024-11-06T00:00:00+00:00 [running]> on host 7e959c1a2a8b
[2025-02-08T20:40:23.917+0000] {taskinstance.py:3131} INFO - Exporting env vars: AIRFLOW_CTX_DAG_OWNER='Saleh' AIRFLOW_CTX_DAG_ID='branch_dim_gen' AIRFLOW_CTX_TASK_ID='generate_branch_dim_data' AIRFLOW_CTX_EXECUTION_DATE='2024-11-06T00:00:00+00:00' AIRFLOW_CTX_TRY_NUMBER='1' AIRFLOW_CTX_DAG_RUN_ID='scheduled__2024-11-06T00:00:00+00:00'
[2025-02-08T20:40:23.919+0000] {taskinstance.py:731} INFO - ::endgroup::
[2025-02-08T20:40:23.939+0000] {logging_mixin.py:190} INFO - CSV file './branch_dim_large_data.csv' with 50 rows has been generated successfully.
[2025-02-08T20:40:23.939+0000] {python.py:240} INFO - Done. Returned value was: None
[2025-02-08T20:40:23.949+0000] {taskinstance.py:340} INFO - ::group::Post task execution logs
[2025-02-08T20:40:23.949+0000] {taskinstance.py:352} INFO - Marking task as SUCCESS. dag_id=branch_dim_gen, task_id=generate_branch_dim_data, run_id=scheduled__2024-11-06T00:00:00+00:00, execution_date=20241106T000000, start_date=20250208T204023, end_date=20250208T204023
[2025-02-08T20:40:23.985+0000] {local_task_job_runner.py:266} INFO - Task exited with return code 0
[2025-02-08T20:40:24.000+0000] {taskinstance.py:3900} INFO - 0 downstream tasks scheduled from follow-on schedule check
[2025-02-08T20:40:24.002+0000] {local_task_job_runner.py:245} INFO - ::endgroup::
