[2025-02-08T19:02:06.567+0000] {local_task_job_runner.py:123} INFO - ::group::Pre task execution logs
[2025-02-08T19:02:06.596+0000] {taskinstance.py:2612} INFO - Dependencies all met for dep_context=non-requeueable deps ti=<TaskInstance: branch_dim_gen.generate_branch_dim_data scheduled__2024-09-23T00:00:00+00:00 [queued]>
[2025-02-08T19:02:06.612+0000] {taskinstance.py:2612} INFO - Dependencies all met for dep_context=requeueable deps ti=<TaskInstance: branch_dim_gen.generate_branch_dim_data scheduled__2024-09-23T00:00:00+00:00 [queued]>
[2025-02-08T19:02:06.613+0000] {taskinstance.py:2865} INFO - Starting attempt 1 of 1
[2025-02-08T19:02:06.633+0000] {taskinstance.py:2888} INFO - Executing <Task(PythonOperator): generate_branch_dim_data> on 2024-09-23 00:00:00+00:00
[2025-02-08T19:02:06.653+0000] {standard_task_runner.py:104} INFO - Running: ['***', 'tasks', 'run', 'branch_dim_gen', 'generate_branch_dim_data', 'scheduled__2024-09-23T00:00:00+00:00', '--job-id', '174', '--raw', '--subdir', 'DAGS_FOLDER/brnach_dim_gen.py', '--cfg-path', '/tmp/tmp93ti2_5l']
[2025-02-08T19:02:06.657+0000] {standard_task_runner.py:105} INFO - Job 174: Subtask generate_branch_dim_data
[2025-02-08T19:02:06.657+0000] {logging_mixin.py:190} WARNING - /home/***/.local/lib/python3.12/site-packages/***/task/task_runner/standard_task_runner.py:70 DeprecationWarning: This process (pid=1191) is multi-threaded, use of fork() may lead to deadlocks in the child.
[2025-02-08T19:02:06.661+0000] {standard_task_runner.py:72} INFO - Started process 1253 to run task
[2025-02-08T19:02:06.748+0000] {task_command.py:467} INFO - Running <TaskInstance: branch_dim_gen.generate_branch_dim_data scheduled__2024-09-23T00:00:00+00:00 [running]> on host 2c1cd59afcc0
[2025-02-08T19:02:06.868+0000] {taskinstance.py:3131} INFO - Exporting env vars: AIRFLOW_CTX_DAG_OWNER='Saleh' AIRFLOW_CTX_DAG_ID='branch_dim_gen' AIRFLOW_CTX_TASK_ID='generate_branch_dim_data' AIRFLOW_CTX_EXECUTION_DATE='2024-09-23T00:00:00+00:00' AIRFLOW_CTX_TRY_NUMBER='1' AIRFLOW_CTX_DAG_RUN_ID='scheduled__2024-09-23T00:00:00+00:00'
[2025-02-08T19:02:06.871+0000] {taskinstance.py:731} INFO - ::endgroup::
[2025-02-08T19:02:06.910+0000] {logging_mixin.py:190} INFO - CSV file './branch_dim_large_data.csv' with 50 rows has been generated successfully.
[2025-02-08T19:02:06.915+0000] {python.py:240} INFO - Done. Returned value was: None
[2025-02-08T19:02:06.935+0000] {taskinstance.py:340} INFO - ::group::Post task execution logs
[2025-02-08T19:02:06.936+0000] {taskinstance.py:352} INFO - Marking task as SUCCESS. dag_id=branch_dim_gen, task_id=generate_branch_dim_data, run_id=scheduled__2024-09-23T00:00:00+00:00, execution_date=20240923T000000, start_date=20250208T190206, end_date=20250208T190206
[2025-02-08T19:02:06.972+0000] {local_task_job_runner.py:266} INFO - Task exited with return code 0
[2025-02-08T19:02:06.994+0000] {taskinstance.py:3900} INFO - 0 downstream tasks scheduled from follow-on schedule check
[2025-02-08T19:02:06.998+0000] {local_task_job_runner.py:245} INFO - ::endgroup::
[2025-02-08T20:39:38.070+0000] {local_task_job_runner.py:123} INFO - ::group::Pre task execution logs
[2025-02-08T20:39:38.129+0000] {taskinstance.py:2612} INFO - Dependencies all met for dep_context=non-requeueable deps ti=<TaskInstance: branch_dim_gen.generate_branch_dim_data scheduled__2024-09-23T00:00:00+00:00 [queued]>
[2025-02-08T20:39:38.170+0000] {taskinstance.py:2612} INFO - Dependencies all met for dep_context=requeueable deps ti=<TaskInstance: branch_dim_gen.generate_branch_dim_data scheduled__2024-09-23T00:00:00+00:00 [queued]>
[2025-02-08T20:39:38.194+0000] {taskinstance.py:2865} INFO - Starting attempt 1 of 1
[2025-02-08T20:39:38.250+0000] {taskinstance.py:2888} INFO - Executing <Task(PythonOperator): generate_branch_dim_data> on 2024-09-23 00:00:00+00:00
[2025-02-08T20:39:38.266+0000] {standard_task_runner.py:104} INFO - Running: ['***', 'tasks', 'run', 'branch_dim_gen', 'generate_branch_dim_data', 'scheduled__2024-09-23T00:00:00+00:00', '--job-id', '5', '--raw', '--subdir', 'DAGS_FOLDER/brnach_dim_gen.py', '--cfg-path', '/tmp/tmp3puuyiro']
[2025-02-08T20:39:38.273+0000] {standard_task_runner.py:105} INFO - Job 5: Subtask generate_branch_dim_data
[2025-02-08T20:39:38.298+0000] {logging_mixin.py:190} WARNING - /home/***/.local/lib/python3.12/site-packages/***/task/task_runner/standard_task_runner.py:70 DeprecationWarning: This process (pid=627) is multi-threaded, use of fork() may lead to deadlocks in the child.
[2025-02-08T20:39:38.299+0000] {standard_task_runner.py:72} INFO - Started process 668 to run task
[2025-02-08T20:39:38.438+0000] {task_command.py:467} INFO - Running <TaskInstance: branch_dim_gen.generate_branch_dim_data scheduled__2024-09-23T00:00:00+00:00 [running]> on host 7e959c1a2a8b
[2025-02-08T20:39:39.143+0000] {taskinstance.py:3131} INFO - Exporting env vars: AIRFLOW_CTX_DAG_OWNER='Saleh' AIRFLOW_CTX_DAG_ID='branch_dim_gen' AIRFLOW_CTX_TASK_ID='generate_branch_dim_data' AIRFLOW_CTX_EXECUTION_DATE='2024-09-23T00:00:00+00:00' AIRFLOW_CTX_TRY_NUMBER='1' AIRFLOW_CTX_DAG_RUN_ID='scheduled__2024-09-23T00:00:00+00:00'
[2025-02-08T20:39:39.145+0000] {taskinstance.py:731} INFO - ::endgroup::
[2025-02-08T20:39:40.554+0000] {logging_mixin.py:190} INFO - CSV file './branch_dim_large_data.csv' with 50 rows has been generated successfully.
[2025-02-08T20:39:40.555+0000] {python.py:240} INFO - Done. Returned value was: None
[2025-02-08T20:39:40.568+0000] {taskinstance.py:340} INFO - ::group::Post task execution logs
[2025-02-08T20:39:40.571+0000] {taskinstance.py:352} INFO - Marking task as SUCCESS. dag_id=branch_dim_gen, task_id=generate_branch_dim_data, run_id=scheduled__2024-09-23T00:00:00+00:00, execution_date=20240923T000000, start_date=20250208T203938, end_date=20250208T203940
[2025-02-08T20:39:40.818+0000] {local_task_job_runner.py:266} INFO - Task exited with return code 0
[2025-02-08T20:39:40.848+0000] {taskinstance.py:3900} INFO - 0 downstream tasks scheduled from follow-on schedule check
[2025-02-08T20:39:40.865+0000] {local_task_job_runner.py:245} INFO - ::endgroup::
