[2025-02-08T19:02:06.343+0000] {local_task_job_runner.py:123} INFO - ::group::Pre task execution logs
[2025-02-08T19:02:06.374+0000] {taskinstance.py:2612} INFO - Dependencies all met for dep_context=non-requeueable deps ti=<TaskInstance: customer_dim_generator.generate_customer_dim_data scheduled__2024-10-12T00:00:00+00:00 [queued]>
[2025-02-08T19:02:06.391+0000] {taskinstance.py:2612} INFO - Dependencies all met for dep_context=requeueable deps ti=<TaskInstance: customer_dim_generator.generate_customer_dim_data scheduled__2024-10-12T00:00:00+00:00 [queued]>
[2025-02-08T19:02:06.392+0000] {taskinstance.py:2865} INFO - Starting attempt 1 of 1
[2025-02-08T19:02:06.416+0000] {taskinstance.py:2888} INFO - Executing <Task(PythonOperator): generate_customer_dim_data> on 2024-10-12 00:00:00+00:00
[2025-02-08T19:02:06.431+0000] {logging_mixin.py:190} WARNING - /home/***/.local/lib/python3.12/site-packages/***/task/task_runner/standard_task_runner.py:70 DeprecationWarning: This process (pid=1188) is multi-threaded, use of fork() may lead to deadlocks in the child.
[2025-02-08T19:02:06.432+0000] {standard_task_runner.py:72} INFO - Started process 1244 to run task
[2025-02-08T19:02:06.434+0000] {standard_task_runner.py:104} INFO - Running: ['***', 'tasks', 'run', 'customer_dim_generator', 'generate_customer_dim_data', 'scheduled__2024-10-12T00:00:00+00:00', '--job-id', '170', '--raw', '--subdir', 'DAGS_FOLDER/customer_dim_gen.py', '--cfg-path', '/tmp/tmpumcn2q73']
[2025-02-08T19:02:06.445+0000] {standard_task_runner.py:105} INFO - Job 170: Subtask generate_customer_dim_data
[2025-02-08T19:02:06.513+0000] {task_command.py:467} INFO - Running <TaskInstance: customer_dim_generator.generate_customer_dim_data scheduled__2024-10-12T00:00:00+00:00 [running]> on host 2c1cd59afcc0
[2025-02-08T19:02:06.634+0000] {taskinstance.py:3131} INFO - Exporting env vars: AIRFLOW_CTX_DAG_OWNER='Saleh' AIRFLOW_CTX_DAG_ID='customer_dim_generator' AIRFLOW_CTX_TASK_ID='generate_customer_dim_data' AIRFLOW_CTX_EXECUTION_DATE='2024-10-12T00:00:00+00:00' AIRFLOW_CTX_TRY_NUMBER='1' AIRFLOW_CTX_DAG_RUN_ID='scheduled__2024-10-12T00:00:00+00:00'
[2025-02-08T19:02:06.636+0000] {taskinstance.py:731} INFO - ::endgroup::
[2025-02-08T19:02:06.677+0000] {logging_mixin.py:190} INFO - CSV file './customer_dim_large_data.csv' with 100 rows has been generated successfully.
[2025-02-08T19:02:06.679+0000] {python.py:240} INFO - Done. Returned value was: None
[2025-02-08T19:02:06.691+0000] {taskinstance.py:340} INFO - ::group::Post task execution logs
[2025-02-08T19:02:06.694+0000] {taskinstance.py:352} INFO - Marking task as SUCCESS. dag_id=customer_dim_generator, task_id=generate_customer_dim_data, run_id=scheduled__2024-10-12T00:00:00+00:00, execution_date=20241012T000000, start_date=20250208T190206, end_date=20250208T190206
[2025-02-08T19:02:06.733+0000] {local_task_job_runner.py:266} INFO - Task exited with return code 0
[2025-02-08T19:02:06.750+0000] {local_task_job_runner.py:245} INFO - ::endgroup::
[2025-02-08T20:39:38.077+0000] {local_task_job_runner.py:123} INFO - ::group::Pre task execution logs
[2025-02-08T20:39:38.154+0000] {taskinstance.py:2612} INFO - Dependencies all met for dep_context=non-requeueable deps ti=<TaskInstance: customer_dim_generator.generate_customer_dim_data scheduled__2024-10-12T00:00:00+00:00 [queued]>
[2025-02-08T20:39:38.178+0000] {taskinstance.py:2612} INFO - Dependencies all met for dep_context=requeueable deps ti=<TaskInstance: customer_dim_generator.generate_customer_dim_data scheduled__2024-10-12T00:00:00+00:00 [queued]>
[2025-02-08T20:39:38.179+0000] {taskinstance.py:2865} INFO - Starting attempt 1 of 1
[2025-02-08T20:39:38.225+0000] {taskinstance.py:2888} INFO - Executing <Task(PythonOperator): generate_customer_dim_data> on 2024-10-12 00:00:00+00:00
[2025-02-08T20:39:38.263+0000] {logging_mixin.py:190} WARNING - /home/***/.local/lib/python3.12/site-packages/***/task/task_runner/standard_task_runner.py:70 DeprecationWarning: This process (pid=597) is multi-threaded, use of fork() may lead to deadlocks in the child.
[2025-02-08T20:39:38.272+0000] {standard_task_runner.py:104} INFO - Running: ['***', 'tasks', 'run', 'customer_dim_generator', 'generate_customer_dim_data', 'scheduled__2024-10-12T00:00:00+00:00', '--job-id', '17', '--raw', '--subdir', 'DAGS_FOLDER/customer_dim_gen.py', '--cfg-path', '/tmp/tmpfa7b02o5']
[2025-02-08T20:39:38.276+0000] {standard_task_runner.py:72} INFO - Started process 657 to run task
[2025-02-08T20:39:38.290+0000] {standard_task_runner.py:105} INFO - Job 17: Subtask generate_customer_dim_data
[2025-02-08T20:39:38.478+0000] {task_command.py:467} INFO - Running <TaskInstance: customer_dim_generator.generate_customer_dim_data scheduled__2024-10-12T00:00:00+00:00 [running]> on host 7e959c1a2a8b
[2025-02-08T20:39:39.148+0000] {taskinstance.py:3131} INFO - Exporting env vars: AIRFLOW_CTX_DAG_OWNER='Saleh' AIRFLOW_CTX_DAG_ID='customer_dim_generator' AIRFLOW_CTX_TASK_ID='generate_customer_dim_data' AIRFLOW_CTX_EXECUTION_DATE='2024-10-12T00:00:00+00:00' AIRFLOW_CTX_TRY_NUMBER='1' AIRFLOW_CTX_DAG_RUN_ID='scheduled__2024-10-12T00:00:00+00:00'
[2025-02-08T20:39:39.159+0000] {taskinstance.py:731} INFO - ::endgroup::
[2025-02-08T20:39:40.517+0000] {logging_mixin.py:190} INFO - CSV file './customer_dim_large_data.csv' with 100 rows has been generated successfully.
[2025-02-08T20:39:40.518+0000] {python.py:240} INFO - Done. Returned value was: None
[2025-02-08T20:39:40.530+0000] {taskinstance.py:340} INFO - ::group::Post task execution logs
[2025-02-08T20:39:40.531+0000] {taskinstance.py:352} INFO - Marking task as SUCCESS. dag_id=customer_dim_generator, task_id=generate_customer_dim_data, run_id=scheduled__2024-10-12T00:00:00+00:00, execution_date=20241012T000000, start_date=20250208T203938, end_date=20250208T203940
[2025-02-08T20:39:40.788+0000] {local_task_job_runner.py:266} INFO - Task exited with return code 0
[2025-02-08T20:39:40.818+0000] {taskinstance.py:3900} INFO - 0 downstream tasks scheduled from follow-on schedule check
[2025-02-08T20:39:40.833+0000] {local_task_job_runner.py:245} INFO - ::endgroup::
[2025-02-08T20:42:45.889+0000] {local_task_job_runner.py:123} INFO - ::group::Pre task execution logs
[2025-02-08T20:42:45.907+0000] {taskinstance.py:2612} INFO - Dependencies all met for dep_context=non-requeueable deps ti=<TaskInstance: customer_dim_generator.generate_customer_dim_data scheduled__2024-10-12T00:00:00+00:00 [queued]>
[2025-02-08T20:42:45.918+0000] {taskinstance.py:2612} INFO - Dependencies all met for dep_context=requeueable deps ti=<TaskInstance: customer_dim_generator.generate_customer_dim_data scheduled__2024-10-12T00:00:00+00:00 [queued]>
[2025-02-08T20:42:45.918+0000] {taskinstance.py:2865} INFO - Starting attempt 1 of 1
[2025-02-08T20:42:46.037+0000] {taskinstance.py:2888} INFO - Executing <Task(PythonOperator): generate_customer_dim_data> on 2024-10-12 00:00:00+00:00
[2025-02-08T20:42:46.048+0000] {logging_mixin.py:190} WARNING - /home/***/.local/lib/python3.12/site-packages/***/task/task_runner/standard_task_runner.py:70 DeprecationWarning: This process (pid=373) is multi-threaded, use of fork() may lead to deadlocks in the child.
[2025-02-08T20:42:46.048+0000] {standard_task_runner.py:104} INFO - Running: ['***', 'tasks', 'run', 'customer_dim_generator', 'generate_customer_dim_data', 'scheduled__2024-10-12T00:00:00+00:00', '--job-id', '409', '--raw', '--subdir', 'DAGS_FOLDER/customer_dim_gen.py', '--cfg-path', '/tmp/tmplix9h764']
[2025-02-08T20:42:46.050+0000] {standard_task_runner.py:72} INFO - Started process 399 to run task
[2025-02-08T20:42:46.050+0000] {standard_task_runner.py:105} INFO - Job 409: Subtask generate_customer_dim_data
[2025-02-08T20:42:46.099+0000] {task_command.py:467} INFO - Running <TaskInstance: customer_dim_generator.generate_customer_dim_data scheduled__2024-10-12T00:00:00+00:00 [running]> on host 86932746817d
[2025-02-08T20:42:46.184+0000] {taskinstance.py:3131} INFO - Exporting env vars: AIRFLOW_CTX_DAG_OWNER='Saleh' AIRFLOW_CTX_DAG_ID='customer_dim_generator' AIRFLOW_CTX_TASK_ID='generate_customer_dim_data' AIRFLOW_CTX_EXECUTION_DATE='2024-10-12T00:00:00+00:00' AIRFLOW_CTX_TRY_NUMBER='1' AIRFLOW_CTX_DAG_RUN_ID='scheduled__2024-10-12T00:00:00+00:00'
[2025-02-08T20:42:46.185+0000] {taskinstance.py:731} INFO - ::endgroup::
[2025-02-08T20:42:46.204+0000] {logging_mixin.py:190} INFO - CSV file './customer_dim_large_data.csv' with 100 rows has been generated successfully.
[2025-02-08T20:42:46.205+0000] {python.py:240} INFO - Done. Returned value was: None
[2025-02-08T20:42:46.212+0000] {taskinstance.py:340} INFO - ::group::Post task execution logs
[2025-02-08T20:42:46.213+0000] {taskinstance.py:352} INFO - Marking task as SUCCESS. dag_id=customer_dim_generator, task_id=generate_customer_dim_data, run_id=scheduled__2024-10-12T00:00:00+00:00, execution_date=20241012T000000, start_date=20250208T204245, end_date=20250208T204246
[2025-02-08T20:42:46.266+0000] {local_task_job_runner.py:266} INFO - Task exited with return code 0
[2025-02-08T20:42:46.282+0000] {taskinstance.py:3900} INFO - 0 downstream tasks scheduled from follow-on schedule check
[2025-02-08T20:42:46.284+0000] {local_task_job_runner.py:245} INFO - ::endgroup::
