[2025-02-08T19:02:37.103+0000] {local_task_job_runner.py:123} INFO - ::group::Pre task execution logs
[2025-02-08T19:02:37.126+0000] {taskinstance.py:2612} INFO - Dependencies all met for dep_context=non-requeueable deps ti=<TaskInstance: customer_dim_generator.generate_customer_dim_data scheduled__2024-11-21T00:00:00+00:00 [queued]>
[2025-02-08T19:02:37.137+0000] {taskinstance.py:2612} INFO - Dependencies all met for dep_context=requeueable deps ti=<TaskInstance: customer_dim_generator.generate_customer_dim_data scheduled__2024-11-21T00:00:00+00:00 [queued]>
[2025-02-08T19:02:37.138+0000] {taskinstance.py:2865} INFO - Starting attempt 1 of 1
[2025-02-08T19:02:37.327+0000] {taskinstance.py:2888} INFO - Executing <Task(PythonOperator): generate_customer_dim_data> on 2024-11-21 00:00:00+00:00
[2025-02-08T19:02:37.336+0000] {logging_mixin.py:190} WARNING - /home/***/.local/lib/python3.12/site-packages/***/task/task_runner/standard_task_runner.py:70 DeprecationWarning: This process (pid=1538) is multi-threaded, use of fork() may lead to deadlocks in the child.
[2025-02-08T19:02:37.337+0000] {standard_task_runner.py:72} INFO - Started process 1569 to run task
[2025-02-08T19:02:37.337+0000] {standard_task_runner.py:104} INFO - Running: ['***', 'tasks', 'run', 'customer_dim_generator', 'generate_customer_dim_data', 'scheduled__2024-11-21T00:00:00+00:00', '--job-id', '248', '--raw', '--subdir', 'DAGS_FOLDER/customer_dim_gen.py', '--cfg-path', '/tmp/tmpjve3l1dq']
[2025-02-08T19:02:37.339+0000] {standard_task_runner.py:105} INFO - Job 248: Subtask generate_customer_dim_data
[2025-02-08T19:02:37.403+0000] {task_command.py:467} INFO - Running <TaskInstance: customer_dim_generator.generate_customer_dim_data scheduled__2024-11-21T00:00:00+00:00 [running]> on host 2c1cd59afcc0
[2025-02-08T19:02:37.497+0000] {taskinstance.py:3131} INFO - Exporting env vars: AIRFLOW_CTX_DAG_OWNER='Saleh' AIRFLOW_CTX_DAG_ID='customer_dim_generator' AIRFLOW_CTX_TASK_ID='generate_customer_dim_data' AIRFLOW_CTX_EXECUTION_DATE='2024-11-21T00:00:00+00:00' AIRFLOW_CTX_TRY_NUMBER='1' AIRFLOW_CTX_DAG_RUN_ID='scheduled__2024-11-21T00:00:00+00:00'
[2025-02-08T19:02:37.501+0000] {taskinstance.py:731} INFO - ::endgroup::
[2025-02-08T19:02:37.520+0000] {logging_mixin.py:190} INFO - CSV file './customer_dim_large_data.csv' with 100 rows has been generated successfully.
[2025-02-08T19:02:37.521+0000] {python.py:240} INFO - Done. Returned value was: None
[2025-02-08T19:02:37.532+0000] {taskinstance.py:340} INFO - ::group::Post task execution logs
[2025-02-08T19:02:37.532+0000] {taskinstance.py:352} INFO - Marking task as SUCCESS. dag_id=customer_dim_generator, task_id=generate_customer_dim_data, run_id=scheduled__2024-11-21T00:00:00+00:00, execution_date=20241121T000000, start_date=20250208T190237, end_date=20250208T190237
[2025-02-08T19:02:37.594+0000] {local_task_job_runner.py:266} INFO - Task exited with return code 0
[2025-02-08T19:02:37.614+0000] {taskinstance.py:3900} INFO - 0 downstream tasks scheduled from follow-on schedule check
[2025-02-08T19:02:37.618+0000] {local_task_job_runner.py:245} INFO - ::endgroup::
[2025-02-08T20:40:15.809+0000] {local_task_job_runner.py:123} INFO - ::group::Pre task execution logs
[2025-02-08T20:40:15.834+0000] {taskinstance.py:2612} INFO - Dependencies all met for dep_context=non-requeueable deps ti=<TaskInstance: customer_dim_generator.generate_customer_dim_data scheduled__2024-11-21T00:00:00+00:00 [queued]>
[2025-02-08T20:40:15.846+0000] {taskinstance.py:2612} INFO - Dependencies all met for dep_context=requeueable deps ti=<TaskInstance: customer_dim_generator.generate_customer_dim_data scheduled__2024-11-21T00:00:00+00:00 [queued]>
[2025-02-08T20:40:15.847+0000] {taskinstance.py:2865} INFO - Starting attempt 1 of 1
[2025-02-08T20:40:15.868+0000] {taskinstance.py:2888} INFO - Executing <Task(PythonOperator): generate_customer_dim_data> on 2024-11-21 00:00:00+00:00
[2025-02-08T20:40:15.881+0000] {logging_mixin.py:190} WARNING - /home/***/.local/lib/python3.12/site-packages/***/task/task_runner/standard_task_runner.py:70 DeprecationWarning: This process (pid=1146) is multi-threaded, use of fork() may lead to deadlocks in the child.
[2025-02-08T20:40:15.882+0000] {standard_task_runner.py:72} INFO - Started process 1176 to run task
[2025-02-08T20:40:15.883+0000] {standard_task_runner.py:104} INFO - Running: ['***', 'tasks', 'run', 'customer_dim_generator', 'generate_customer_dim_data', 'scheduled__2024-11-21T00:00:00+00:00', '--job-id', '137', '--raw', '--subdir', 'DAGS_FOLDER/customer_dim_gen.py', '--cfg-path', '/tmp/tmp8n7wc61e']
[2025-02-08T20:40:15.886+0000] {standard_task_runner.py:105} INFO - Job 137: Subtask generate_customer_dim_data
[2025-02-08T20:40:15.965+0000] {task_command.py:467} INFO - Running <TaskInstance: customer_dim_generator.generate_customer_dim_data scheduled__2024-11-21T00:00:00+00:00 [running]> on host 7e959c1a2a8b
[2025-02-08T20:40:16.098+0000] {taskinstance.py:3131} INFO - Exporting env vars: AIRFLOW_CTX_DAG_OWNER='Saleh' AIRFLOW_CTX_DAG_ID='customer_dim_generator' AIRFLOW_CTX_TASK_ID='generate_customer_dim_data' AIRFLOW_CTX_EXECUTION_DATE='2024-11-21T00:00:00+00:00' AIRFLOW_CTX_TRY_NUMBER='1' AIRFLOW_CTX_DAG_RUN_ID='scheduled__2024-11-21T00:00:00+00:00'
[2025-02-08T20:40:16.100+0000] {taskinstance.py:731} INFO - ::endgroup::
[2025-02-08T20:40:16.135+0000] {logging_mixin.py:190} INFO - CSV file './customer_dim_large_data.csv' with 100 rows has been generated successfully.
[2025-02-08T20:40:16.136+0000] {python.py:240} INFO - Done. Returned value was: None
[2025-02-08T20:40:16.145+0000] {taskinstance.py:340} INFO - ::group::Post task execution logs
[2025-02-08T20:40:16.149+0000] {taskinstance.py:352} INFO - Marking task as SUCCESS. dag_id=customer_dim_generator, task_id=generate_customer_dim_data, run_id=scheduled__2024-11-21T00:00:00+00:00, execution_date=20241121T000000, start_date=20250208T204015, end_date=20250208T204016
[2025-02-08T20:40:16.188+0000] {local_task_job_runner.py:266} INFO - Task exited with return code 0
[2025-02-08T20:40:16.208+0000] {taskinstance.py:3900} INFO - 0 downstream tasks scheduled from follow-on schedule check
[2025-02-08T20:40:16.213+0000] {local_task_job_runner.py:245} INFO - ::endgroup::
[2025-02-08T20:43:11.567+0000] {local_task_job_runner.py:123} INFO - ::group::Pre task execution logs
[2025-02-08T20:43:11.582+0000] {taskinstance.py:2612} INFO - Dependencies all met for dep_context=non-requeueable deps ti=<TaskInstance: customer_dim_generator.generate_customer_dim_data scheduled__2024-11-21T00:00:00+00:00 [queued]>
[2025-02-08T20:43:11.590+0000] {taskinstance.py:2612} INFO - Dependencies all met for dep_context=requeueable deps ti=<TaskInstance: customer_dim_generator.generate_customer_dim_data scheduled__2024-11-21T00:00:00+00:00 [queued]>
[2025-02-08T20:43:11.591+0000] {taskinstance.py:2865} INFO - Starting attempt 1 of 1
[2025-02-08T20:43:11.604+0000] {taskinstance.py:2888} INFO - Executing <Task(PythonOperator): generate_customer_dim_data> on 2024-11-21 00:00:00+00:00
[2025-02-08T20:43:11.613+0000] {logging_mixin.py:190} WARNING - /home/***/.local/lib/python3.12/site-packages/***/task/task_runner/standard_task_runner.py:70 DeprecationWarning: This process (pid=583) is multi-threaded, use of fork() may lead to deadlocks in the child.
[2025-02-08T20:43:11.614+0000] {standard_task_runner.py:72} INFO - Started process 596 to run task
[2025-02-08T20:43:11.613+0000] {standard_task_runner.py:104} INFO - Running: ['***', 'tasks', 'run', 'customer_dim_generator', 'generate_customer_dim_data', 'scheduled__2024-11-21T00:00:00+00:00', '--job-id', '450', '--raw', '--subdir', 'DAGS_FOLDER/customer_dim_gen.py', '--cfg-path', '/tmp/tmpfs0rxdv4']
[2025-02-08T20:43:11.615+0000] {standard_task_runner.py:105} INFO - Job 450: Subtask generate_customer_dim_data
[2025-02-08T20:43:11.658+0000] {task_command.py:467} INFO - Running <TaskInstance: customer_dim_generator.generate_customer_dim_data scheduled__2024-11-21T00:00:00+00:00 [running]> on host 86932746817d
[2025-02-08T20:43:11.743+0000] {taskinstance.py:3131} INFO - Exporting env vars: AIRFLOW_CTX_DAG_OWNER='Saleh' AIRFLOW_CTX_DAG_ID='customer_dim_generator' AIRFLOW_CTX_TASK_ID='generate_customer_dim_data' AIRFLOW_CTX_EXECUTION_DATE='2024-11-21T00:00:00+00:00' AIRFLOW_CTX_TRY_NUMBER='1' AIRFLOW_CTX_DAG_RUN_ID='scheduled__2024-11-21T00:00:00+00:00'
[2025-02-08T20:43:11.745+0000] {taskinstance.py:731} INFO - ::endgroup::
[2025-02-08T20:43:11.765+0000] {logging_mixin.py:190} INFO - CSV file './customer_dim_large_data.csv' with 100 rows has been generated successfully.
[2025-02-08T20:43:11.766+0000] {python.py:240} INFO - Done. Returned value was: None
[2025-02-08T20:43:11.775+0000] {taskinstance.py:340} INFO - ::group::Post task execution logs
[2025-02-08T20:43:11.776+0000] {taskinstance.py:352} INFO - Marking task as SUCCESS. dag_id=customer_dim_generator, task_id=generate_customer_dim_data, run_id=scheduled__2024-11-21T00:00:00+00:00, execution_date=20241121T000000, start_date=20250208T204311, end_date=20250208T204311
[2025-02-08T20:43:11.869+0000] {local_task_job_runner.py:266} INFO - Task exited with return code 0
[2025-02-08T20:43:11.886+0000] {taskinstance.py:3900} INFO - 0 downstream tasks scheduled from follow-on schedule check
[2025-02-08T20:43:11.891+0000] {local_task_job_runner.py:245} INFO - ::endgroup::
