[2025-02-08T19:02:06.578+0000] {local_task_job_runner.py:123} INFO - ::group::Pre task execution logs
[2025-02-08T19:02:06.601+0000] {taskinstance.py:2612} INFO - Dependencies all met for dep_context=non-requeueable deps ti=<TaskInstance: customer_dim_generator.generate_customer_dim_data scheduled__2024-10-21T00:00:00+00:00 [queued]>
[2025-02-08T19:02:06.617+0000] {taskinstance.py:2612} INFO - Dependencies all met for dep_context=requeueable deps ti=<TaskInstance: customer_dim_generator.generate_customer_dim_data scheduled__2024-10-21T00:00:00+00:00 [queued]>
[2025-02-08T19:02:06.618+0000] {taskinstance.py:2865} INFO - Starting attempt 1 of 1
[2025-02-08T19:02:06.636+0000] {taskinstance.py:2888} INFO - Executing <Task(PythonOperator): generate_customer_dim_data> on 2024-10-21 00:00:00+00:00
[2025-02-08T19:02:06.652+0000] {logging_mixin.py:190} WARNING - /home/***/.local/lib/python3.12/site-packages/***/task/task_runner/standard_task_runner.py:70 DeprecationWarning: This process (pid=1211) is multi-threaded, use of fork() may lead to deadlocks in the child.
[2025-02-08T19:02:06.658+0000] {standard_task_runner.py:72} INFO - Started process 1255 to run task
[2025-02-08T19:02:06.652+0000] {standard_task_runner.py:104} INFO - Running: ['***', 'tasks', 'run', 'customer_dim_generator', 'generate_customer_dim_data', 'scheduled__2024-10-21T00:00:00+00:00', '--job-id', '175', '--raw', '--subdir', 'DAGS_FOLDER/customer_dim_gen.py', '--cfg-path', '/tmp/tmp7h4ydbcd']
[2025-02-08T19:02:06.661+0000] {standard_task_runner.py:105} INFO - Job 175: Subtask generate_customer_dim_data
[2025-02-08T19:02:06.734+0000] {task_command.py:467} INFO - Running <TaskInstance: customer_dim_generator.generate_customer_dim_data scheduled__2024-10-21T00:00:00+00:00 [running]> on host 2c1cd59afcc0
[2025-02-08T19:02:06.869+0000] {taskinstance.py:3131} INFO - Exporting env vars: AIRFLOW_CTX_DAG_OWNER='Saleh' AIRFLOW_CTX_DAG_ID='customer_dim_generator' AIRFLOW_CTX_TASK_ID='generate_customer_dim_data' AIRFLOW_CTX_EXECUTION_DATE='2024-10-21T00:00:00+00:00' AIRFLOW_CTX_TRY_NUMBER='1' AIRFLOW_CTX_DAG_RUN_ID='scheduled__2024-10-21T00:00:00+00:00'
[2025-02-08T19:02:06.872+0000] {taskinstance.py:731} INFO - ::endgroup::
[2025-02-08T19:02:06.901+0000] {logging_mixin.py:190} INFO - CSV file './customer_dim_large_data.csv' with 100 rows has been generated successfully.
[2025-02-08T19:02:06.904+0000] {python.py:240} INFO - Done. Returned value was: None
[2025-02-08T19:02:06.921+0000] {taskinstance.py:340} INFO - ::group::Post task execution logs
[2025-02-08T19:02:06.922+0000] {taskinstance.py:352} INFO - Marking task as SUCCESS. dag_id=customer_dim_generator, task_id=generate_customer_dim_data, run_id=scheduled__2024-10-21T00:00:00+00:00, execution_date=20241021T000000, start_date=20250208T190206, end_date=20250208T190206
[2025-02-08T19:02:06.957+0000] {local_task_job_runner.py:266} INFO - Task exited with return code 0
[2025-02-08T19:02:06.977+0000] {taskinstance.py:3900} INFO - 0 downstream tasks scheduled from follow-on schedule check
[2025-02-08T19:02:06.981+0000] {local_task_job_runner.py:245} INFO - ::endgroup::
[2025-02-08T20:39:44.876+0000] {local_task_job_runner.py:123} INFO - ::group::Pre task execution logs
[2025-02-08T20:39:44.906+0000] {taskinstance.py:2612} INFO - Dependencies all met for dep_context=non-requeueable deps ti=<TaskInstance: customer_dim_generator.generate_customer_dim_data scheduled__2024-10-21T00:00:00+00:00 [queued]>
[2025-02-08T20:39:44.937+0000] {taskinstance.py:2612} INFO - Dependencies all met for dep_context=requeueable deps ti=<TaskInstance: customer_dim_generator.generate_customer_dim_data scheduled__2024-10-21T00:00:00+00:00 [queued]>
[2025-02-08T20:39:44.937+0000] {taskinstance.py:2865} INFO - Starting attempt 1 of 1
[2025-02-08T20:39:44.964+0000] {taskinstance.py:2888} INFO - Executing <Task(PythonOperator): generate_customer_dim_data> on 2024-10-21 00:00:00+00:00
[2025-02-08T20:39:44.980+0000] {logging_mixin.py:190} WARNING - /home/***/.local/lib/python3.12/site-packages/***/task/task_runner/standard_task_runner.py:70 DeprecationWarning: This process (pid=734) is multi-threaded, use of fork() may lead to deadlocks in the child.
[2025-02-08T20:39:44.985+0000] {standard_task_runner.py:72} INFO - Started process 767 to run task
[2025-02-08T20:39:44.982+0000] {standard_task_runner.py:104} INFO - Running: ['***', 'tasks', 'run', 'customer_dim_generator', 'generate_customer_dim_data', 'scheduled__2024-10-21T00:00:00+00:00', '--job-id', '42', '--raw', '--subdir', 'DAGS_FOLDER/customer_dim_gen.py', '--cfg-path', '/tmp/tmp9i30i4el']
[2025-02-08T20:39:44.990+0000] {standard_task_runner.py:105} INFO - Job 42: Subtask generate_customer_dim_data
[2025-02-08T20:39:45.092+0000] {task_command.py:467} INFO - Running <TaskInstance: customer_dim_generator.generate_customer_dim_data scheduled__2024-10-21T00:00:00+00:00 [running]> on host 7e959c1a2a8b
[2025-02-08T20:39:45.260+0000] {taskinstance.py:3131} INFO - Exporting env vars: AIRFLOW_CTX_DAG_OWNER='Saleh' AIRFLOW_CTX_DAG_ID='customer_dim_generator' AIRFLOW_CTX_TASK_ID='generate_customer_dim_data' AIRFLOW_CTX_EXECUTION_DATE='2024-10-21T00:00:00+00:00' AIRFLOW_CTX_TRY_NUMBER='1' AIRFLOW_CTX_DAG_RUN_ID='scheduled__2024-10-21T00:00:00+00:00'
[2025-02-08T20:39:45.264+0000] {taskinstance.py:731} INFO - ::endgroup::
[2025-02-08T20:39:45.292+0000] {logging_mixin.py:190} INFO - CSV file './customer_dim_large_data.csv' with 100 rows has been generated successfully.
[2025-02-08T20:39:45.295+0000] {python.py:240} INFO - Done. Returned value was: None
[2025-02-08T20:39:45.316+0000] {taskinstance.py:340} INFO - ::group::Post task execution logs
[2025-02-08T20:39:45.317+0000] {taskinstance.py:352} INFO - Marking task as SUCCESS. dag_id=customer_dim_generator, task_id=generate_customer_dim_data, run_id=scheduled__2024-10-21T00:00:00+00:00, execution_date=20241021T000000, start_date=20250208T203944, end_date=20250208T203945
[2025-02-08T20:39:45.377+0000] {local_task_job_runner.py:266} INFO - Task exited with return code 0
[2025-02-08T20:39:45.397+0000] {taskinstance.py:3900} INFO - 0 downstream tasks scheduled from follow-on schedule check
[2025-02-08T20:39:45.401+0000] {local_task_job_runner.py:245} INFO - ::endgroup::
[2025-02-08T20:42:51.908+0000] {local_task_job_runner.py:123} INFO - ::group::Pre task execution logs
[2025-02-08T20:42:51.924+0000] {taskinstance.py:2612} INFO - Dependencies all met for dep_context=non-requeueable deps ti=<TaskInstance: customer_dim_generator.generate_customer_dim_data scheduled__2024-10-21T00:00:00+00:00 [queued]>
[2025-02-08T20:42:51.935+0000] {taskinstance.py:2612} INFO - Dependencies all met for dep_context=requeueable deps ti=<TaskInstance: customer_dim_generator.generate_customer_dim_data scheduled__2024-10-21T00:00:00+00:00 [queued]>
[2025-02-08T20:42:51.936+0000] {taskinstance.py:2865} INFO - Starting attempt 1 of 1
[2025-02-08T20:42:51.973+0000] {taskinstance.py:2888} INFO - Executing <Task(PythonOperator): generate_customer_dim_data> on 2024-10-21 00:00:00+00:00
[2025-02-08T20:42:51.983+0000] {logging_mixin.py:190} WARNING - /home/***/.local/lib/python3.12/site-packages/***/task/task_runner/standard_task_runner.py:70 DeprecationWarning: This process (pid=433) is multi-threaded, use of fork() may lead to deadlocks in the child.
[2025-02-08T20:42:51.986+0000] {standard_task_runner.py:72} INFO - Started process 461 to run task
[2025-02-08T20:42:51.984+0000] {standard_task_runner.py:104} INFO - Running: ['***', 'tasks', 'run', 'customer_dim_generator', 'generate_customer_dim_data', 'scheduled__2024-10-21T00:00:00+00:00', '--job-id', '419', '--raw', '--subdir', 'DAGS_FOLDER/customer_dim_gen.py', '--cfg-path', '/tmp/tmp63ymp857']
[2025-02-08T20:42:51.988+0000] {standard_task_runner.py:105} INFO - Job 419: Subtask generate_customer_dim_data
[2025-02-08T20:42:52.089+0000] {task_command.py:467} INFO - Running <TaskInstance: customer_dim_generator.generate_customer_dim_data scheduled__2024-10-21T00:00:00+00:00 [running]> on host 86932746817d
[2025-02-08T20:42:52.417+0000] {taskinstance.py:3131} INFO - Exporting env vars: AIRFLOW_CTX_DAG_OWNER='Saleh' AIRFLOW_CTX_DAG_ID='customer_dim_generator' AIRFLOW_CTX_TASK_ID='generate_customer_dim_data' AIRFLOW_CTX_EXECUTION_DATE='2024-10-21T00:00:00+00:00' AIRFLOW_CTX_TRY_NUMBER='1' AIRFLOW_CTX_DAG_RUN_ID='scheduled__2024-10-21T00:00:00+00:00'
[2025-02-08T20:42:52.418+0000] {taskinstance.py:731} INFO - ::endgroup::
[2025-02-08T20:42:52.441+0000] {logging_mixin.py:190} INFO - CSV file './customer_dim_large_data.csv' with 100 rows has been generated successfully.
[2025-02-08T20:42:52.441+0000] {python.py:240} INFO - Done. Returned value was: None
[2025-02-08T20:42:52.449+0000] {taskinstance.py:340} INFO - ::group::Post task execution logs
[2025-02-08T20:42:52.450+0000] {taskinstance.py:352} INFO - Marking task as SUCCESS. dag_id=customer_dim_generator, task_id=generate_customer_dim_data, run_id=scheduled__2024-10-21T00:00:00+00:00, execution_date=20241021T000000, start_date=20250208T204251, end_date=20250208T204252
[2025-02-08T20:42:52.482+0000] {local_task_job_runner.py:266} INFO - Task exited with return code 0
[2025-02-08T20:42:52.498+0000] {taskinstance.py:3900} INFO - 0 downstream tasks scheduled from follow-on schedule check
[2025-02-08T20:42:52.507+0000] {local_task_job_runner.py:245} INFO - ::endgroup::
