[2025-02-08T19:02:57.723+0000] {local_task_job_runner.py:123} INFO - ::group::Pre task execution logs
[2025-02-08T19:02:57.750+0000] {taskinstance.py:2612} INFO - Dependencies all met for dep_context=non-requeueable deps ti=<TaskInstance: customer_dim_generator.generate_customer_dim_data scheduled__2024-12-22T00:00:00+00:00 [queued]>
[2025-02-08T19:02:57.761+0000] {taskinstance.py:2612} INFO - Dependencies all met for dep_context=requeueable deps ti=<TaskInstance: customer_dim_generator.generate_customer_dim_data scheduled__2024-12-22T00:00:00+00:00 [queued]>
[2025-02-08T19:02:57.762+0000] {taskinstance.py:2865} INFO - Starting attempt 1 of 1
[2025-02-08T19:02:57.776+0000] {taskinstance.py:2888} INFO - Executing <Task(PythonOperator): generate_customer_dim_data> on 2024-12-22 00:00:00+00:00
[2025-02-08T19:02:57.790+0000] {logging_mixin.py:190} WARNING - /home/***/.local/lib/python3.12/site-packages/***/task/task_runner/standard_task_runner.py:70 DeprecationWarning: This process (pid=1800) is multi-threaded, use of fork() may lead to deadlocks in the child.
[2025-02-08T19:02:57.791+0000] {standard_task_runner.py:72} INFO - Started process 1825 to run task
[2025-02-08T19:02:57.790+0000] {standard_task_runner.py:104} INFO - Running: ['***', 'tasks', 'run', 'customer_dim_generator', 'generate_customer_dim_data', 'scheduled__2024-12-22T00:00:00+00:00', '--job-id', '308', '--raw', '--subdir', 'DAGS_FOLDER/customer_dim_gen.py', '--cfg-path', '/tmp/tmp3yi8y1k_']
[2025-02-08T19:02:57.793+0000] {standard_task_runner.py:105} INFO - Job 308: Subtask generate_customer_dim_data
[2025-02-08T19:02:57.856+0000] {task_command.py:467} INFO - Running <TaskInstance: customer_dim_generator.generate_customer_dim_data scheduled__2024-12-22T00:00:00+00:00 [running]> on host 2c1cd59afcc0
[2025-02-08T19:02:57.943+0000] {taskinstance.py:3131} INFO - Exporting env vars: AIRFLOW_CTX_DAG_OWNER='Saleh' AIRFLOW_CTX_DAG_ID='customer_dim_generator' AIRFLOW_CTX_TASK_ID='generate_customer_dim_data' AIRFLOW_CTX_EXECUTION_DATE='2024-12-22T00:00:00+00:00' AIRFLOW_CTX_TRY_NUMBER='1' AIRFLOW_CTX_DAG_RUN_ID='scheduled__2024-12-22T00:00:00+00:00'
[2025-02-08T19:02:57.946+0000] {taskinstance.py:731} INFO - ::endgroup::
[2025-02-08T19:02:57.967+0000] {logging_mixin.py:190} INFO - CSV file './customer_dim_large_data.csv' with 100 rows has been generated successfully.
[2025-02-08T19:02:57.968+0000] {python.py:240} INFO - Done. Returned value was: None
[2025-02-08T19:02:57.978+0000] {taskinstance.py:340} INFO - ::group::Post task execution logs
[2025-02-08T19:02:57.978+0000] {taskinstance.py:352} INFO - Marking task as SUCCESS. dag_id=customer_dim_generator, task_id=generate_customer_dim_data, run_id=scheduled__2024-12-22T00:00:00+00:00, execution_date=20241222T000000, start_date=20250208T190257, end_date=20250208T190257
[2025-02-08T19:02:58.010+0000] {local_task_job_runner.py:266} INFO - Task exited with return code 0
[2025-02-08T19:02:58.029+0000] {taskinstance.py:3900} INFO - 0 downstream tasks scheduled from follow-on schedule check
[2025-02-08T19:02:58.032+0000] {local_task_job_runner.py:245} INFO - ::endgroup::
[2025-02-08T20:40:42.482+0000] {local_task_job_runner.py:123} INFO - ::group::Pre task execution logs
[2025-02-08T20:40:42.510+0000] {taskinstance.py:2612} INFO - Dependencies all met for dep_context=non-requeueable deps ti=<TaskInstance: customer_dim_generator.generate_customer_dim_data scheduled__2024-12-22T00:00:00+00:00 [queued]>
[2025-02-08T20:40:42.527+0000] {taskinstance.py:2612} INFO - Dependencies all met for dep_context=requeueable deps ti=<TaskInstance: customer_dim_generator.generate_customer_dim_data scheduled__2024-12-22T00:00:00+00:00 [queued]>
[2025-02-08T20:40:42.527+0000] {taskinstance.py:2865} INFO - Starting attempt 1 of 1
[2025-02-08T20:40:42.550+0000] {taskinstance.py:2888} INFO - Executing <Task(PythonOperator): generate_customer_dim_data> on 2024-12-22 00:00:00+00:00
[2025-02-08T20:40:42.566+0000] {logging_mixin.py:190} WARNING - /home/***/.local/lib/python3.12/site-packages/***/task/task_runner/standard_task_runner.py:70 DeprecationWarning: This process (pid=1538) is multi-threaded, use of fork() may lead to deadlocks in the child.
[2025-02-08T20:40:42.563+0000] {standard_task_runner.py:104} INFO - Running: ['***', 'tasks', 'run', 'customer_dim_generator', 'generate_customer_dim_data', 'scheduled__2024-12-22T00:00:00+00:00', '--job-id', '231', '--raw', '--subdir', 'DAGS_FOLDER/customer_dim_gen.py', '--cfg-path', '/tmp/tmpmzgt0ni3']
[2025-02-08T20:40:42.571+0000] {standard_task_runner.py:72} INFO - Started process 1573 to run task
[2025-02-08T20:40:42.572+0000] {standard_task_runner.py:105} INFO - Job 231: Subtask generate_customer_dim_data
[2025-02-08T20:40:42.633+0000] {task_command.py:467} INFO - Running <TaskInstance: customer_dim_generator.generate_customer_dim_data scheduled__2024-12-22T00:00:00+00:00 [running]> on host 7e959c1a2a8b
[2025-02-08T20:40:42.721+0000] {taskinstance.py:3131} INFO - Exporting env vars: AIRFLOW_CTX_DAG_OWNER='Saleh' AIRFLOW_CTX_DAG_ID='customer_dim_generator' AIRFLOW_CTX_TASK_ID='generate_customer_dim_data' AIRFLOW_CTX_EXECUTION_DATE='2024-12-22T00:00:00+00:00' AIRFLOW_CTX_TRY_NUMBER='1' AIRFLOW_CTX_DAG_RUN_ID='scheduled__2024-12-22T00:00:00+00:00'
[2025-02-08T20:40:42.734+0000] {taskinstance.py:731} INFO - ::endgroup::
[2025-02-08T20:40:42.779+0000] {logging_mixin.py:190} INFO - CSV file './customer_dim_large_data.csv' with 100 rows has been generated successfully.
[2025-02-08T20:40:42.789+0000] {python.py:240} INFO - Done. Returned value was: None
[2025-02-08T20:40:42.807+0000] {taskinstance.py:340} INFO - ::group::Post task execution logs
[2025-02-08T20:40:42.808+0000] {taskinstance.py:352} INFO - Marking task as SUCCESS. dag_id=customer_dim_generator, task_id=generate_customer_dim_data, run_id=scheduled__2024-12-22T00:00:00+00:00, execution_date=20241222T000000, start_date=20250208T204042, end_date=20250208T204042
[2025-02-08T20:40:42.882+0000] {local_task_job_runner.py:266} INFO - Task exited with return code 0
[2025-02-08T20:40:42.914+0000] {local_task_job_runner.py:245} INFO - ::endgroup::
[2025-02-08T20:43:25.576+0000] {local_task_job_runner.py:123} INFO - ::group::Pre task execution logs
[2025-02-08T20:43:25.591+0000] {taskinstance.py:2612} INFO - Dependencies all met for dep_context=non-requeueable deps ti=<TaskInstance: customer_dim_generator.generate_customer_dim_data scheduled__2024-12-22T00:00:00+00:00 [queued]>
[2025-02-08T20:43:25.598+0000] {taskinstance.py:2612} INFO - Dependencies all met for dep_context=requeueable deps ti=<TaskInstance: customer_dim_generator.generate_customer_dim_data scheduled__2024-12-22T00:00:00+00:00 [queued]>
[2025-02-08T20:43:25.599+0000] {taskinstance.py:2865} INFO - Starting attempt 1 of 1
[2025-02-08T20:43:25.650+0000] {taskinstance.py:2888} INFO - Executing <Task(PythonOperator): generate_customer_dim_data> on 2024-12-22 00:00:00+00:00
[2025-02-08T20:43:25.658+0000] {logging_mixin.py:190} WARNING - /home/***/.local/lib/python3.12/site-packages/***/task/task_runner/standard_task_runner.py:70 DeprecationWarning: This process (pid=720) is multi-threaded, use of fork() may lead to deadlocks in the child.
[2025-02-08T20:43:25.659+0000] {standard_task_runner.py:72} INFO - Started process 740 to run task
[2025-02-08T20:43:25.658+0000] {standard_task_runner.py:104} INFO - Running: ['***', 'tasks', 'run', 'customer_dim_generator', 'generate_customer_dim_data', 'scheduled__2024-12-22T00:00:00+00:00', '--job-id', '481', '--raw', '--subdir', 'DAGS_FOLDER/customer_dim_gen.py', '--cfg-path', '/tmp/tmp9exe17gr']
[2025-02-08T20:43:25.660+0000] {standard_task_runner.py:105} INFO - Job 481: Subtask generate_customer_dim_data
[2025-02-08T20:43:25.698+0000] {task_command.py:467} INFO - Running <TaskInstance: customer_dim_generator.generate_customer_dim_data scheduled__2024-12-22T00:00:00+00:00 [running]> on host 86932746817d
[2025-02-08T20:43:25.775+0000] {taskinstance.py:3131} INFO - Exporting env vars: AIRFLOW_CTX_DAG_OWNER='Saleh' AIRFLOW_CTX_DAG_ID='customer_dim_generator' AIRFLOW_CTX_TASK_ID='generate_customer_dim_data' AIRFLOW_CTX_EXECUTION_DATE='2024-12-22T00:00:00+00:00' AIRFLOW_CTX_TRY_NUMBER='1' AIRFLOW_CTX_DAG_RUN_ID='scheduled__2024-12-22T00:00:00+00:00'
[2025-02-08T20:43:25.776+0000] {taskinstance.py:731} INFO - ::endgroup::
[2025-02-08T20:43:25.791+0000] {logging_mixin.py:190} INFO - CSV file './customer_dim_large_data.csv' with 100 rows has been generated successfully.
[2025-02-08T20:43:25.792+0000] {python.py:240} INFO - Done. Returned value was: None
[2025-02-08T20:43:25.799+0000] {taskinstance.py:340} INFO - ::group::Post task execution logs
[2025-02-08T20:43:25.800+0000] {taskinstance.py:352} INFO - Marking task as SUCCESS. dag_id=customer_dim_generator, task_id=generate_customer_dim_data, run_id=scheduled__2024-12-22T00:00:00+00:00, execution_date=20241222T000000, start_date=20250208T204325, end_date=20250208T204325
[2025-02-08T20:43:25.835+0000] {local_task_job_runner.py:266} INFO - Task exited with return code 0
[2025-02-08T20:43:25.849+0000] {taskinstance.py:3900} INFO - 0 downstream tasks scheduled from follow-on schedule check
[2025-02-08T20:43:25.851+0000] {local_task_job_runner.py:245} INFO - ::endgroup::
