[2025-02-08T19:00:25.354+0000] {local_task_job_runner.py:123} INFO - ::group::Pre task execution logs
[2025-02-08T19:00:25.369+0000] {taskinstance.py:2612} INFO - Dependencies all met for dep_context=non-requeueable deps ti=<TaskInstance: account_dim_gen.generate_account_dim_data scheduled__2024-10-28T00:00:00+00:00 [queued]>
[2025-02-08T19:00:25.380+0000] {taskinstance.py:2612} INFO - Dependencies all met for dep_context=requeueable deps ti=<TaskInstance: account_dim_gen.generate_account_dim_data scheduled__2024-10-28T00:00:00+00:00 [queued]>
[2025-02-08T19:00:25.380+0000] {taskinstance.py:2865} INFO - Starting attempt 1 of 1
[2025-02-08T19:00:25.395+0000] {taskinstance.py:2888} INFO - Executing <Task(PythonOperator): generate_account_dim_data> on 2024-10-28 00:00:00+00:00
[2025-02-08T19:00:25.403+0000] {logging_mixin.py:190} WARNING - /home/***/.local/lib/python3.12/site-packages/***/task/task_runner/standard_task_runner.py:70 DeprecationWarning: This process (pid=661) is multi-threaded, use of fork() may lead to deadlocks in the child.
[2025-02-08T19:00:25.404+0000] {standard_task_runner.py:72} INFO - Started process 680 to run task
[2025-02-08T19:00:25.403+0000] {standard_task_runner.py:104} INFO - Running: ['***', 'tasks', 'run', 'account_dim_gen', 'generate_account_dim_data', 'scheduled__2024-10-28T00:00:00+00:00', '--job-id', '52', '--raw', '--subdir', 'DAGS_FOLDER/account_dim_gen.py', '--cfg-path', '/tmp/tmp2u1qxqo5']
[2025-02-08T19:00:25.406+0000] {standard_task_runner.py:105} INFO - Job 52: Subtask generate_account_dim_data
[2025-02-08T19:00:25.456+0000] {task_command.py:467} INFO - Running <TaskInstance: account_dim_gen.generate_account_dim_data scheduled__2024-10-28T00:00:00+00:00 [running]> on host 2c1cd59afcc0
[2025-02-08T19:00:25.537+0000] {taskinstance.py:3131} INFO - Exporting env vars: AIRFLOW_CTX_DAG_OWNER='Saleh' AIRFLOW_CTX_DAG_ID='account_dim_gen' AIRFLOW_CTX_TASK_ID='generate_account_dim_data' AIRFLOW_CTX_EXECUTION_DATE='2024-10-28T00:00:00+00:00' AIRFLOW_CTX_TRY_NUMBER='1' AIRFLOW_CTX_DAG_RUN_ID='scheduled__2024-10-28T00:00:00+00:00'
[2025-02-08T19:00:25.538+0000] {taskinstance.py:731} INFO - ::endgroup::
[2025-02-08T19:00:25.556+0000] {logging_mixin.py:190} INFO - CSV file ./account_dim_large_data.csv with 50 row has been generated successfully!
[2025-02-08T19:00:25.556+0000] {python.py:240} INFO - Done. Returned value was: None
[2025-02-08T19:00:25.565+0000] {taskinstance.py:340} INFO - ::group::Post task execution logs
[2025-02-08T19:00:25.565+0000] {taskinstance.py:352} INFO - Marking task as SUCCESS. dag_id=account_dim_gen, task_id=generate_account_dim_data, run_id=scheduled__2024-10-28T00:00:00+00:00, execution_date=20241028T000000, start_date=20250208T190025, end_date=20250208T190025
[2025-02-08T19:00:25.619+0000] {local_task_job_runner.py:266} INFO - Task exited with return code 0
[2025-02-08T19:00:25.629+0000] {local_task_job_runner.py:245} INFO - ::endgroup::
[2025-02-08T20:40:15.789+0000] {local_task_job_runner.py:123} INFO - ::group::Pre task execution logs
[2025-02-08T20:40:15.814+0000] {taskinstance.py:2612} INFO - Dependencies all met for dep_context=non-requeueable deps ti=<TaskInstance: account_dim_gen.generate_account_dim_data scheduled__2024-10-28T00:00:00+00:00 [queued]>
[2025-02-08T20:40:15.827+0000] {taskinstance.py:2612} INFO - Dependencies all met for dep_context=requeueable deps ti=<TaskInstance: account_dim_gen.generate_account_dim_data scheduled__2024-10-28T00:00:00+00:00 [queued]>
[2025-02-08T20:40:15.828+0000] {taskinstance.py:2865} INFO - Starting attempt 1 of 1
[2025-02-08T20:40:15.847+0000] {taskinstance.py:2888} INFO - Executing <Task(PythonOperator): generate_account_dim_data> on 2024-10-28 00:00:00+00:00
[2025-02-08T20:40:15.861+0000] {logging_mixin.py:190} WARNING - /home/***/.local/lib/python3.12/site-packages/***/task/task_runner/standard_task_runner.py:70 DeprecationWarning: This process (pid=1145) is multi-threaded, use of fork() may lead to deadlocks in the child.
[2025-02-08T20:40:15.863+0000] {standard_task_runner.py:72} INFO - Started process 1172 to run task
[2025-02-08T20:40:15.863+0000] {standard_task_runner.py:104} INFO - Running: ['***', 'tasks', 'run', 'account_dim_gen', 'generate_account_dim_data', 'scheduled__2024-10-28T00:00:00+00:00', '--job-id', '136', '--raw', '--subdir', 'DAGS_FOLDER/account_dim_gen.py', '--cfg-path', '/tmp/tmpeqizi9gc']
[2025-02-08T20:40:15.865+0000] {standard_task_runner.py:105} INFO - Job 136: Subtask generate_account_dim_data
[2025-02-08T20:40:15.931+0000] {task_command.py:467} INFO - Running <TaskInstance: account_dim_gen.generate_account_dim_data scheduled__2024-10-28T00:00:00+00:00 [running]> on host 7e959c1a2a8b
[2025-02-08T20:40:16.065+0000] {taskinstance.py:3131} INFO - Exporting env vars: AIRFLOW_CTX_DAG_OWNER='Saleh' AIRFLOW_CTX_DAG_ID='account_dim_gen' AIRFLOW_CTX_TASK_ID='generate_account_dim_data' AIRFLOW_CTX_EXECUTION_DATE='2024-10-28T00:00:00+00:00' AIRFLOW_CTX_TRY_NUMBER='1' AIRFLOW_CTX_DAG_RUN_ID='scheduled__2024-10-28T00:00:00+00:00'
[2025-02-08T20:40:16.076+0000] {taskinstance.py:731} INFO - ::endgroup::
[2025-02-08T20:40:16.102+0000] {logging_mixin.py:190} INFO - CSV file ./account_dim_large_data.csv with 50 row has been generated successfully!
[2025-02-08T20:40:16.102+0000] {python.py:240} INFO - Done. Returned value was: None
[2025-02-08T20:40:16.116+0000] {taskinstance.py:340} INFO - ::group::Post task execution logs
[2025-02-08T20:40:16.118+0000] {taskinstance.py:352} INFO - Marking task as SUCCESS. dag_id=account_dim_gen, task_id=generate_account_dim_data, run_id=scheduled__2024-10-28T00:00:00+00:00, execution_date=20241028T000000, start_date=20250208T204015, end_date=20250208T204016
[2025-02-08T20:40:16.165+0000] {local_task_job_runner.py:266} INFO - Task exited with return code 0
[2025-02-08T20:40:16.186+0000] {taskinstance.py:3900} INFO - 0 downstream tasks scheduled from follow-on schedule check
[2025-02-08T20:40:16.204+0000] {local_task_job_runner.py:245} INFO - ::endgroup::
