[2025-02-08T19:00:18.995+0000] {local_task_job_runner.py:123} INFO - ::group::Pre task execution logs
[2025-02-08T19:00:19.008+0000] {taskinstance.py:2612} INFO - Dependencies all met for dep_context=non-requeueable deps ti=<TaskInstance: account_dim_gen.generate_account_dim_data scheduled__2024-10-21T00:00:00+00:00 [queued]>
[2025-02-08T19:00:19.016+0000] {taskinstance.py:2612} INFO - Dependencies all met for dep_context=requeueable deps ti=<TaskInstance: account_dim_gen.generate_account_dim_data scheduled__2024-10-21T00:00:00+00:00 [queued]>
[2025-02-08T19:00:19.017+0000] {taskinstance.py:2865} INFO - Starting attempt 1 of 1
[2025-02-08T19:00:19.041+0000] {taskinstance.py:2888} INFO - Executing <Task(PythonOperator): generate_account_dim_data> on 2024-10-21 00:00:00+00:00
[2025-02-08T19:00:19.049+0000] {logging_mixin.py:190} WARNING - /home/***/.local/lib/python3.12/site-packages/***/task/task_runner/standard_task_runner.py:70 DeprecationWarning: This process (pid=634) is multi-threaded, use of fork() may lead to deadlocks in the child.
[2025-02-08T19:00:19.050+0000] {standard_task_runner.py:72} INFO - Started process 647 to run task
[2025-02-08T19:00:19.050+0000] {standard_task_runner.py:104} INFO - Running: ['***', 'tasks', 'run', 'account_dim_gen', 'generate_account_dim_data', 'scheduled__2024-10-21T00:00:00+00:00', '--job-id', '45', '--raw', '--subdir', 'DAGS_FOLDER/account_dim_gen.py', '--cfg-path', '/tmp/tmpbr3xenls']
[2025-02-08T19:00:19.052+0000] {standard_task_runner.py:105} INFO - Job 45: Subtask generate_account_dim_data
[2025-02-08T19:00:19.092+0000] {task_command.py:467} INFO - Running <TaskInstance: account_dim_gen.generate_account_dim_data scheduled__2024-10-21T00:00:00+00:00 [running]> on host 2c1cd59afcc0
[2025-02-08T19:00:19.162+0000] {taskinstance.py:3131} INFO - Exporting env vars: AIRFLOW_CTX_DAG_OWNER='Saleh' AIRFLOW_CTX_DAG_ID='account_dim_gen' AIRFLOW_CTX_TASK_ID='generate_account_dim_data' AIRFLOW_CTX_EXECUTION_DATE='2024-10-21T00:00:00+00:00' AIRFLOW_CTX_TRY_NUMBER='1' AIRFLOW_CTX_DAG_RUN_ID='scheduled__2024-10-21T00:00:00+00:00'
[2025-02-08T19:00:19.163+0000] {taskinstance.py:731} INFO - ::endgroup::
[2025-02-08T19:00:19.180+0000] {logging_mixin.py:190} INFO - CSV file ./account_dim_large_data.csv with 50 row has been generated successfully!
[2025-02-08T19:00:19.180+0000] {python.py:240} INFO - Done. Returned value was: None
[2025-02-08T19:00:19.187+0000] {taskinstance.py:340} INFO - ::group::Post task execution logs
[2025-02-08T19:00:19.188+0000] {taskinstance.py:352} INFO - Marking task as SUCCESS. dag_id=account_dim_gen, task_id=generate_account_dim_data, run_id=scheduled__2024-10-21T00:00:00+00:00, execution_date=20241021T000000, start_date=20250208T190019, end_date=20250208T190019
[2025-02-08T19:00:19.225+0000] {local_task_job_runner.py:266} INFO - Task exited with return code 0
[2025-02-08T19:00:19.240+0000] {taskinstance.py:3900} INFO - 0 downstream tasks scheduled from follow-on schedule check
[2025-02-08T19:00:19.242+0000] {local_task_job_runner.py:245} INFO - ::endgroup::
[2025-02-08T20:40:07.749+0000] {local_task_job_runner.py:123} INFO - ::group::Pre task execution logs
[2025-02-08T20:40:07.793+0000] {taskinstance.py:2612} INFO - Dependencies all met for dep_context=non-requeueable deps ti=<TaskInstance: account_dim_gen.generate_account_dim_data scheduled__2024-10-21T00:00:00+00:00 [queued]>
[2025-02-08T20:40:07.810+0000] {taskinstance.py:2612} INFO - Dependencies all met for dep_context=requeueable deps ti=<TaskInstance: account_dim_gen.generate_account_dim_data scheduled__2024-10-21T00:00:00+00:00 [queued]>
[2025-02-08T20:40:07.811+0000] {taskinstance.py:2865} INFO - Starting attempt 1 of 1
[2025-02-08T20:40:07.833+0000] {taskinstance.py:2888} INFO - Executing <Task(PythonOperator): generate_account_dim_data> on 2024-10-21 00:00:00+00:00
[2025-02-08T20:40:07.845+0000] {logging_mixin.py:190} WARNING - /home/***/.local/lib/python3.12/site-packages/***/task/task_runner/standard_task_runner.py:70 DeprecationWarning: This process (pid=1024) is multi-threaded, use of fork() may lead to deadlocks in the child.
[2025-02-08T20:40:07.845+0000] {standard_task_runner.py:104} INFO - Running: ['***', 'tasks', 'run', 'account_dim_gen', 'generate_account_dim_data', 'scheduled__2024-10-21T00:00:00+00:00', '--job-id', '112', '--raw', '--subdir', 'DAGS_FOLDER/account_dim_gen.py', '--cfg-path', '/tmp/tmpg0cy990y']
[2025-02-08T20:40:07.850+0000] {standard_task_runner.py:105} INFO - Job 112: Subtask generate_account_dim_data
[2025-02-08T20:40:07.849+0000] {standard_task_runner.py:72} INFO - Started process 1054 to run task
[2025-02-08T20:40:08.002+0000] {task_command.py:467} INFO - Running <TaskInstance: account_dim_gen.generate_account_dim_data scheduled__2024-10-21T00:00:00+00:00 [running]> on host 7e959c1a2a8b
[2025-02-08T20:40:08.192+0000] {taskinstance.py:3131} INFO - Exporting env vars: AIRFLOW_CTX_DAG_OWNER='Saleh' AIRFLOW_CTX_DAG_ID='account_dim_gen' AIRFLOW_CTX_TASK_ID='generate_account_dim_data' AIRFLOW_CTX_EXECUTION_DATE='2024-10-21T00:00:00+00:00' AIRFLOW_CTX_TRY_NUMBER='1' AIRFLOW_CTX_DAG_RUN_ID='scheduled__2024-10-21T00:00:00+00:00'
[2025-02-08T20:40:08.195+0000] {taskinstance.py:731} INFO - ::endgroup::
[2025-02-08T20:40:08.225+0000] {logging_mixin.py:190} INFO - CSV file ./account_dim_large_data.csv with 50 row has been generated successfully!
[2025-02-08T20:40:08.226+0000] {python.py:240} INFO - Done. Returned value was: None
[2025-02-08T20:40:08.240+0000] {taskinstance.py:340} INFO - ::group::Post task execution logs
[2025-02-08T20:40:08.240+0000] {taskinstance.py:352} INFO - Marking task as SUCCESS. dag_id=account_dim_gen, task_id=generate_account_dim_data, run_id=scheduled__2024-10-21T00:00:00+00:00, execution_date=20241021T000000, start_date=20250208T204007, end_date=20250208T204008
[2025-02-08T20:40:08.272+0000] {local_task_job_runner.py:266} INFO - Task exited with return code 0
[2025-02-08T20:40:08.305+0000] {taskinstance.py:3900} INFO - 0 downstream tasks scheduled from follow-on schedule check
[2025-02-08T20:40:08.315+0000] {local_task_job_runner.py:245} INFO - ::endgroup::
