[2025-02-08T19:00:38.287+0000] {local_task_job_runner.py:123} INFO - ::group::Pre task execution logs
[2025-02-08T19:00:38.302+0000] {taskinstance.py:2612} INFO - Dependencies all met for dep_context=non-requeueable deps ti=<TaskInstance: account_dim_gen.generate_account_dim_data scheduled__2024-11-19T00:00:00+00:00 [queued]>
[2025-02-08T19:00:38.313+0000] {taskinstance.py:2612} INFO - Dependencies all met for dep_context=requeueable deps ti=<TaskInstance: account_dim_gen.generate_account_dim_data scheduled__2024-11-19T00:00:00+00:00 [queued]>
[2025-02-08T19:00:38.314+0000] {taskinstance.py:2865} INFO - Starting attempt 1 of 1
[2025-02-08T19:00:38.347+0000] {taskinstance.py:2888} INFO - Executing <Task(PythonOperator): generate_account_dim_data> on 2024-11-19 00:00:00+00:00
[2025-02-08T19:00:38.356+0000] {logging_mixin.py:190} WARNING - /home/***/.local/lib/python3.12/site-packages/***/task/task_runner/standard_task_runner.py:70 DeprecationWarning: This process (pid=759) is multi-threaded, use of fork() may lead to deadlocks in the child.
[2025-02-08T19:00:38.357+0000] {standard_task_runner.py:72} INFO - Started process 775 to run task
[2025-02-08T19:00:38.356+0000] {standard_task_runner.py:104} INFO - Running: ['***', 'tasks', 'run', 'account_dim_gen', 'generate_account_dim_data', 'scheduled__2024-11-19T00:00:00+00:00', '--job-id', '74', '--raw', '--subdir', 'DAGS_FOLDER/account_dim_gen.py', '--cfg-path', '/tmp/tmpe7d72wou']
[2025-02-08T19:00:38.358+0000] {standard_task_runner.py:105} INFO - Job 74: Subtask generate_account_dim_data
[2025-02-08T19:00:38.402+0000] {task_command.py:467} INFO - Running <TaskInstance: account_dim_gen.generate_account_dim_data scheduled__2024-11-19T00:00:00+00:00 [running]> on host 2c1cd59afcc0
[2025-02-08T19:00:38.479+0000] {taskinstance.py:3131} INFO - Exporting env vars: AIRFLOW_CTX_DAG_OWNER='Saleh' AIRFLOW_CTX_DAG_ID='account_dim_gen' AIRFLOW_CTX_TASK_ID='generate_account_dim_data' AIRFLOW_CTX_EXECUTION_DATE='2024-11-19T00:00:00+00:00' AIRFLOW_CTX_TRY_NUMBER='1' AIRFLOW_CTX_DAG_RUN_ID='scheduled__2024-11-19T00:00:00+00:00'
[2025-02-08T19:00:38.480+0000] {taskinstance.py:731} INFO - ::endgroup::
[2025-02-08T19:00:38.504+0000] {logging_mixin.py:190} INFO - CSV file ./account_dim_large_data.csv with 50 row has been generated successfully!
[2025-02-08T19:00:38.505+0000] {python.py:240} INFO - Done. Returned value was: None
[2025-02-08T19:00:38.514+0000] {taskinstance.py:340} INFO - ::group::Post task execution logs
[2025-02-08T19:00:38.515+0000] {taskinstance.py:352} INFO - Marking task as SUCCESS. dag_id=account_dim_gen, task_id=generate_account_dim_data, run_id=scheduled__2024-11-19T00:00:00+00:00, execution_date=20241119T000000, start_date=20250208T190038, end_date=20250208T190038
[2025-02-08T19:00:38.574+0000] {local_task_job_runner.py:266} INFO - Task exited with return code 0
[2025-02-08T19:00:38.585+0000] {local_task_job_runner.py:245} INFO - ::endgroup::
[2025-02-08T20:40:35.746+0000] {local_task_job_runner.py:123} INFO - ::group::Pre task execution logs
[2025-02-08T20:40:35.764+0000] {taskinstance.py:2612} INFO - Dependencies all met for dep_context=non-requeueable deps ti=<TaskInstance: account_dim_gen.generate_account_dim_data scheduled__2024-11-19T00:00:00+00:00 [queued]>
[2025-02-08T20:40:35.773+0000] {taskinstance.py:2612} INFO - Dependencies all met for dep_context=requeueable deps ti=<TaskInstance: account_dim_gen.generate_account_dim_data scheduled__2024-11-19T00:00:00+00:00 [queued]>
[2025-02-08T20:40:35.774+0000] {taskinstance.py:2865} INFO - Starting attempt 1 of 1
[2025-02-08T20:40:35.802+0000] {taskinstance.py:2888} INFO - Executing <Task(PythonOperator): generate_account_dim_data> on 2024-11-19 00:00:00+00:00
[2025-02-08T20:40:35.828+0000] {logging_mixin.py:190} WARNING - /home/***/.local/lib/python3.12/site-packages/***/task/task_runner/standard_task_runner.py:70 DeprecationWarning: This process (pid=1417) is multi-threaded, use of fork() may lead to deadlocks in the child.
[2025-02-08T20:40:35.829+0000] {standard_task_runner.py:72} INFO - Started process 1441 to run task
[2025-02-08T20:40:35.840+0000] {standard_task_runner.py:104} INFO - Running: ['***', 'tasks', 'run', 'account_dim_gen', 'generate_account_dim_data', 'scheduled__2024-11-19T00:00:00+00:00', '--job-id', '200', '--raw', '--subdir', 'DAGS_FOLDER/account_dim_gen.py', '--cfg-path', '/tmp/tmpasq3ssfp']
[2025-02-08T20:40:35.857+0000] {standard_task_runner.py:105} INFO - Job 200: Subtask generate_account_dim_data
[2025-02-08T20:40:35.924+0000] {task_command.py:467} INFO - Running <TaskInstance: account_dim_gen.generate_account_dim_data scheduled__2024-11-19T00:00:00+00:00 [running]> on host 7e959c1a2a8b
[2025-02-08T20:40:36.027+0000] {taskinstance.py:3131} INFO - Exporting env vars: AIRFLOW_CTX_DAG_OWNER='Saleh' AIRFLOW_CTX_DAG_ID='account_dim_gen' AIRFLOW_CTX_TASK_ID='generate_account_dim_data' AIRFLOW_CTX_EXECUTION_DATE='2024-11-19T00:00:00+00:00' AIRFLOW_CTX_TRY_NUMBER='1' AIRFLOW_CTX_DAG_RUN_ID='scheduled__2024-11-19T00:00:00+00:00'
[2025-02-08T20:40:36.029+0000] {taskinstance.py:731} INFO - ::endgroup::
[2025-02-08T20:40:36.053+0000] {logging_mixin.py:190} INFO - CSV file ./account_dim_large_data.csv with 50 row has been generated successfully!
[2025-02-08T20:40:36.054+0000] {python.py:240} INFO - Done. Returned value was: None
[2025-02-08T20:40:36.066+0000] {taskinstance.py:340} INFO - ::group::Post task execution logs
[2025-02-08T20:40:36.067+0000] {taskinstance.py:352} INFO - Marking task as SUCCESS. dag_id=account_dim_gen, task_id=generate_account_dim_data, run_id=scheduled__2024-11-19T00:00:00+00:00, execution_date=20241119T000000, start_date=20250208T204035, end_date=20250208T204036
[2025-02-08T20:40:36.092+0000] {local_task_job_runner.py:266} INFO - Task exited with return code 0
[2025-02-08T20:40:36.102+0000] {local_task_job_runner.py:245} INFO - ::endgroup::
