[2025-02-08T19:03:15.413+0000] {local_task_job_runner.py:123} INFO - ::group::Pre task execution logs
[2025-02-08T19:03:15.427+0000] {taskinstance.py:2612} INFO - Dependencies all met for dep_context=non-requeueable deps ti=<TaskInstance: branch_dim_gen.generate_branch_dim_data scheduled__2024-12-27T00:00:00+00:00 [queued]>
[2025-02-08T19:03:15.437+0000] {taskinstance.py:2612} INFO - Dependencies all met for dep_context=requeueable deps ti=<TaskInstance: branch_dim_gen.generate_branch_dim_data scheduled__2024-12-27T00:00:00+00:00 [queued]>
[2025-02-08T19:03:15.438+0000] {taskinstance.py:2865} INFO - Starting attempt 1 of 1
[2025-02-08T19:03:15.460+0000] {taskinstance.py:2888} INFO - Executing <Task(PythonOperator): generate_branch_dim_data> on 2024-12-27 00:00:00+00:00
[2025-02-08T19:03:15.469+0000] {logging_mixin.py:190} WARNING - /home/***/.local/lib/python3.12/site-packages/***/task/task_runner/standard_task_runner.py:70 DeprecationWarning: This process (pid=2039) is multi-threaded, use of fork() may lead to deadlocks in the child.
[2025-02-08T19:03:15.471+0000] {standard_task_runner.py:72} INFO - Started process 2068 to run task
[2025-02-08T19:03:15.473+0000] {standard_task_runner.py:104} INFO - Running: ['***', 'tasks', 'run', 'branch_dim_gen', 'generate_branch_dim_data', 'scheduled__2024-12-27T00:00:00+00:00', '--job-id', '364', '--raw', '--subdir', 'DAGS_FOLDER/brnach_dim_gen.py', '--cfg-path', '/tmp/tmpnh8bbmop']
[2025-02-08T19:03:15.476+0000] {standard_task_runner.py:105} INFO - Job 364: Subtask generate_branch_dim_data
[2025-02-08T19:03:15.562+0000] {task_command.py:467} INFO - Running <TaskInstance: branch_dim_gen.generate_branch_dim_data scheduled__2024-12-27T00:00:00+00:00 [running]> on host 2c1cd59afcc0
[2025-02-08T19:03:15.674+0000] {taskinstance.py:3131} INFO - Exporting env vars: AIRFLOW_CTX_DAG_OWNER='Saleh' AIRFLOW_CTX_DAG_ID='branch_dim_gen' AIRFLOW_CTX_TASK_ID='generate_branch_dim_data' AIRFLOW_CTX_EXECUTION_DATE='2024-12-27T00:00:00+00:00' AIRFLOW_CTX_TRY_NUMBER='1' AIRFLOW_CTX_DAG_RUN_ID='scheduled__2024-12-27T00:00:00+00:00'
[2025-02-08T19:03:15.677+0000] {taskinstance.py:731} INFO - ::endgroup::
[2025-02-08T19:03:15.698+0000] {logging_mixin.py:190} INFO - CSV file './branch_dim_large_data.csv' with 50 rows has been generated successfully.
[2025-02-08T19:03:15.698+0000] {python.py:240} INFO - Done. Returned value was: None
[2025-02-08T19:03:15.708+0000] {taskinstance.py:340} INFO - ::group::Post task execution logs
[2025-02-08T19:03:15.709+0000] {taskinstance.py:352} INFO - Marking task as SUCCESS. dag_id=branch_dim_gen, task_id=generate_branch_dim_data, run_id=scheduled__2024-12-27T00:00:00+00:00, execution_date=20241227T000000, start_date=20250208T190315, end_date=20250208T190315
[2025-02-08T19:03:15.744+0000] {local_task_job_runner.py:266} INFO - Task exited with return code 0
[2025-02-08T19:03:15.767+0000] {local_task_job_runner.py:245} INFO - ::endgroup::
[2025-02-08T20:41:02.837+0000] {local_task_job_runner.py:123} INFO - ::group::Pre task execution logs
[2025-02-08T20:41:02.864+0000] {taskinstance.py:2612} INFO - Dependencies all met for dep_context=non-requeueable deps ti=<TaskInstance: branch_dim_gen.generate_branch_dim_data scheduled__2024-12-27T00:00:00+00:00 [queued]>
[2025-02-08T20:41:02.879+0000] {taskinstance.py:2612} INFO - Dependencies all met for dep_context=requeueable deps ti=<TaskInstance: branch_dim_gen.generate_branch_dim_data scheduled__2024-12-27T00:00:00+00:00 [queued]>
[2025-02-08T20:41:02.880+0000] {taskinstance.py:2865} INFO - Starting attempt 1 of 1
[2025-02-08T20:41:03.004+0000] {taskinstance.py:2888} INFO - Executing <Task(PythonOperator): generate_branch_dim_data> on 2024-12-27 00:00:00+00:00
[2025-02-08T20:41:03.018+0000] {logging_mixin.py:190} WARNING - /home/***/.local/lib/python3.12/site-packages/***/task/task_runner/standard_task_runner.py:70 DeprecationWarning: This process (pid=1896) is multi-threaded, use of fork() may lead to deadlocks in the child.
[2025-02-08T20:41:03.019+0000] {standard_task_runner.py:72} INFO - Started process 1928 to run task
[2025-02-08T20:41:03.018+0000] {standard_task_runner.py:104} INFO - Running: ['***', 'tasks', 'run', 'branch_dim_gen', 'generate_branch_dim_data', 'scheduled__2024-12-27T00:00:00+00:00', '--job-id', '314', '--raw', '--subdir', 'DAGS_FOLDER/brnach_dim_gen.py', '--cfg-path', '/tmp/tmps5hwmsdf']
[2025-02-08T20:41:03.020+0000] {standard_task_runner.py:105} INFO - Job 314: Subtask generate_branch_dim_data
[2025-02-08T20:41:03.078+0000] {task_command.py:467} INFO - Running <TaskInstance: branch_dim_gen.generate_branch_dim_data scheduled__2024-12-27T00:00:00+00:00 [running]> on host 7e959c1a2a8b
[2025-02-08T20:41:03.206+0000] {taskinstance.py:3131} INFO - Exporting env vars: AIRFLOW_CTX_DAG_OWNER='Saleh' AIRFLOW_CTX_DAG_ID='branch_dim_gen' AIRFLOW_CTX_TASK_ID='generate_branch_dim_data' AIRFLOW_CTX_EXECUTION_DATE='2024-12-27T00:00:00+00:00' AIRFLOW_CTX_TRY_NUMBER='1' AIRFLOW_CTX_DAG_RUN_ID='scheduled__2024-12-27T00:00:00+00:00'
[2025-02-08T20:41:03.208+0000] {taskinstance.py:731} INFO - ::endgroup::
[2025-02-08T20:41:03.235+0000] {logging_mixin.py:190} INFO - CSV file './branch_dim_large_data.csv' with 50 rows has been generated successfully.
[2025-02-08T20:41:03.238+0000] {python.py:240} INFO - Done. Returned value was: None
[2025-02-08T20:41:03.255+0000] {taskinstance.py:340} INFO - ::group::Post task execution logs
[2025-02-08T20:41:03.255+0000] {taskinstance.py:352} INFO - Marking task as SUCCESS. dag_id=branch_dim_gen, task_id=generate_branch_dim_data, run_id=scheduled__2024-12-27T00:00:00+00:00, execution_date=20241227T000000, start_date=20250208T204102, end_date=20250208T204103
[2025-02-08T20:41:03.316+0000] {local_task_job_runner.py:266} INFO - Task exited with return code 0
[2025-02-08T20:41:03.340+0000] {taskinstance.py:3900} INFO - 0 downstream tasks scheduled from follow-on schedule check
[2025-02-08T20:41:03.346+0000] {local_task_job_runner.py:245} INFO - ::endgroup::
