[2025-02-08T19:00:52.572+0000] {local_task_job_runner.py:123} INFO - ::group::Pre task execution logs
[2025-02-08T19:00:52.586+0000] {taskinstance.py:2612} INFO - Dependencies all met for dep_context=non-requeueable deps ti=<TaskInstance: account_dim_gen.generate_account_dim_data scheduled__2024-12-22T00:00:00+00:00 [queued]>
[2025-02-08T19:00:52.600+0000] {taskinstance.py:2612} INFO - Dependencies all met for dep_context=requeueable deps ti=<TaskInstance: account_dim_gen.generate_account_dim_data scheduled__2024-12-22T00:00:00+00:00 [queued]>
[2025-02-08T19:00:52.600+0000] {taskinstance.py:2865} INFO - Starting attempt 1 of 1
[2025-02-08T19:00:52.611+0000] {taskinstance.py:2888} INFO - Executing <Task(PythonOperator): generate_account_dim_data> on 2024-12-22 00:00:00+00:00
[2025-02-08T19:00:52.619+0000] {logging_mixin.py:190} WARNING - /home/***/.local/lib/python3.12/site-packages/***/task/task_runner/standard_task_runner.py:70 DeprecationWarning: This process (pid=905) is multi-threaded, use of fork() may lead to deadlocks in the child.
[2025-02-08T19:00:52.620+0000] {standard_task_runner.py:72} INFO - Started process 917 to run task
[2025-02-08T19:00:52.619+0000] {standard_task_runner.py:104} INFO - Running: ['***', 'tasks', 'run', 'account_dim_gen', 'generate_account_dim_data', 'scheduled__2024-12-22T00:00:00+00:00', '--job-id', '107', '--raw', '--subdir', 'DAGS_FOLDER/account_dim_gen.py', '--cfg-path', '/tmp/tmpb1bj9pjs']
[2025-02-08T19:00:52.621+0000] {standard_task_runner.py:105} INFO - Job 107: Subtask generate_account_dim_data
[2025-02-08T19:00:52.657+0000] {task_command.py:467} INFO - Running <TaskInstance: account_dim_gen.generate_account_dim_data scheduled__2024-12-22T00:00:00+00:00 [running]> on host 2c1cd59afcc0
[2025-02-08T19:00:52.723+0000] {taskinstance.py:3131} INFO - Exporting env vars: AIRFLOW_CTX_DAG_OWNER='Saleh' AIRFLOW_CTX_DAG_ID='account_dim_gen' AIRFLOW_CTX_TASK_ID='generate_account_dim_data' AIRFLOW_CTX_EXECUTION_DATE='2024-12-22T00:00:00+00:00' AIRFLOW_CTX_TRY_NUMBER='1' AIRFLOW_CTX_DAG_RUN_ID='scheduled__2024-12-22T00:00:00+00:00'
[2025-02-08T19:00:52.724+0000] {taskinstance.py:731} INFO - ::endgroup::
[2025-02-08T19:00:52.739+0000] {logging_mixin.py:190} INFO - CSV file ./account_dim_large_data.csv with 50 row has been generated successfully!
[2025-02-08T19:00:52.740+0000] {python.py:240} INFO - Done. Returned value was: None
[2025-02-08T19:00:52.746+0000] {taskinstance.py:340} INFO - ::group::Post task execution logs
[2025-02-08T19:00:52.746+0000] {taskinstance.py:352} INFO - Marking task as SUCCESS. dag_id=account_dim_gen, task_id=generate_account_dim_data, run_id=scheduled__2024-12-22T00:00:00+00:00, execution_date=20241222T000000, start_date=20250208T190052, end_date=20250208T190052
[2025-02-08T19:00:52.794+0000] {local_task_job_runner.py:266} INFO - Task exited with return code 0
[2025-02-08T19:00:52.806+0000] {taskinstance.py:3900} INFO - 0 downstream tasks scheduled from follow-on schedule check
[2025-02-08T19:00:52.808+0000] {local_task_job_runner.py:245} INFO - ::endgroup::
[2025-02-08T20:41:01.272+0000] {local_task_job_runner.py:123} INFO - ::group::Pre task execution logs
[2025-02-08T20:41:01.296+0000] {taskinstance.py:2612} INFO - Dependencies all met for dep_context=non-requeueable deps ti=<TaskInstance: account_dim_gen.generate_account_dim_data scheduled__2024-12-22T00:00:00+00:00 [queued]>
[2025-02-08T20:41:01.312+0000] {taskinstance.py:2612} INFO - Dependencies all met for dep_context=requeueable deps ti=<TaskInstance: account_dim_gen.generate_account_dim_data scheduled__2024-12-22T00:00:00+00:00 [queued]>
[2025-02-08T20:41:01.315+0000] {taskinstance.py:2865} INFO - Starting attempt 1 of 1
[2025-02-08T20:41:01.333+0000] {taskinstance.py:2888} INFO - Executing <Task(PythonOperator): generate_account_dim_data> on 2024-12-22 00:00:00+00:00
[2025-02-08T20:41:01.347+0000] {logging_mixin.py:190} WARNING - /home/***/.local/lib/python3.12/site-packages/***/task/task_runner/standard_task_runner.py:70 DeprecationWarning: This process (pid=1854) is multi-threaded, use of fork() may lead to deadlocks in the child.
[2025-02-08T20:41:01.348+0000] {standard_task_runner.py:72} INFO - Started process 1885 to run task
[2025-02-08T20:41:01.366+0000] {standard_task_runner.py:104} INFO - Running: ['***', 'tasks', 'run', 'account_dim_gen', 'generate_account_dim_data', 'scheduled__2024-12-22T00:00:00+00:00', '--job-id', '303', '--raw', '--subdir', 'DAGS_FOLDER/account_dim_gen.py', '--cfg-path', '/tmp/tmpk12ait54']
[2025-02-08T20:41:01.371+0000] {standard_task_runner.py:105} INFO - Job 303: Subtask generate_account_dim_data
[2025-02-08T20:41:01.464+0000] {task_command.py:467} INFO - Running <TaskInstance: account_dim_gen.generate_account_dim_data scheduled__2024-12-22T00:00:00+00:00 [running]> on host 7e959c1a2a8b
[2025-02-08T20:41:01.663+0000] {taskinstance.py:3131} INFO - Exporting env vars: AIRFLOW_CTX_DAG_OWNER='Saleh' AIRFLOW_CTX_DAG_ID='account_dim_gen' AIRFLOW_CTX_TASK_ID='generate_account_dim_data' AIRFLOW_CTX_EXECUTION_DATE='2024-12-22T00:00:00+00:00' AIRFLOW_CTX_TRY_NUMBER='1' AIRFLOW_CTX_DAG_RUN_ID='scheduled__2024-12-22T00:00:00+00:00'
[2025-02-08T20:41:01.666+0000] {taskinstance.py:731} INFO - ::endgroup::
[2025-02-08T20:41:01.713+0000] {logging_mixin.py:190} INFO - CSV file ./account_dim_large_data.csv with 50 row has been generated successfully!
[2025-02-08T20:41:01.716+0000] {python.py:240} INFO - Done. Returned value was: None
[2025-02-08T20:41:01.736+0000] {taskinstance.py:340} INFO - ::group::Post task execution logs
[2025-02-08T20:41:01.738+0000] {taskinstance.py:352} INFO - Marking task as SUCCESS. dag_id=account_dim_gen, task_id=generate_account_dim_data, run_id=scheduled__2024-12-22T00:00:00+00:00, execution_date=20241222T000000, start_date=20250208T204101, end_date=20250208T204101
[2025-02-08T20:41:01.816+0000] {local_task_job_runner.py:266} INFO - Task exited with return code 0
[2025-02-08T20:41:01.850+0000] {taskinstance.py:3900} INFO - 0 downstream tasks scheduled from follow-on schedule check
[2025-02-08T20:41:01.865+0000] {local_task_job_runner.py:245} INFO - ::endgroup::
