[2025-02-08T19:02:43.235+0000] {local_task_job_runner.py:123} INFO - ::group::Pre task execution logs
[2025-02-08T19:02:43.254+0000] {taskinstance.py:2612} INFO - Dependencies all met for dep_context=non-requeueable deps ti=<TaskInstance: branch_dim_gen.generate_branch_dim_data scheduled__2024-11-07T00:00:00+00:00 [queued]>
[2025-02-08T19:02:43.267+0000] {taskinstance.py:2612} INFO - Dependencies all met for dep_context=requeueable deps ti=<TaskInstance: branch_dim_gen.generate_branch_dim_data scheduled__2024-11-07T00:00:00+00:00 [queued]>
[2025-02-08T19:02:43.269+0000] {taskinstance.py:2865} INFO - Starting attempt 1 of 1
[2025-02-08T19:02:43.284+0000] {taskinstance.py:2888} INFO - Executing <Task(PythonOperator): generate_branch_dim_data> on 2024-11-07 00:00:00+00:00
[2025-02-08T19:02:43.294+0000] {logging_mixin.py:190} WARNING - /home/***/.local/lib/python3.12/site-packages/***/task/task_runner/standard_task_runner.py:70 DeprecationWarning: This process (pid=1610) is multi-threaded, use of fork() may lead to deadlocks in the child.
[2025-02-08T19:02:43.296+0000] {standard_task_runner.py:72} INFO - Started process 1642 to run task
[2025-02-08T19:02:43.300+0000] {standard_task_runner.py:104} INFO - Running: ['***', 'tasks', 'run', 'branch_dim_gen', 'generate_branch_dim_data', 'scheduled__2024-11-07T00:00:00+00:00', '--job-id', '264', '--raw', '--subdir', 'DAGS_FOLDER/brnach_dim_gen.py', '--cfg-path', '/tmp/tmpjw7z9zmq']
[2025-02-08T19:02:43.303+0000] {standard_task_runner.py:105} INFO - Job 264: Subtask generate_branch_dim_data
[2025-02-08T19:02:43.365+0000] {task_command.py:467} INFO - Running <TaskInstance: branch_dim_gen.generate_branch_dim_data scheduled__2024-11-07T00:00:00+00:00 [running]> on host 2c1cd59afcc0
[2025-02-08T19:02:43.458+0000] {taskinstance.py:3131} INFO - Exporting env vars: AIRFLOW_CTX_DAG_OWNER='Saleh' AIRFLOW_CTX_DAG_ID='branch_dim_gen' AIRFLOW_CTX_TASK_ID='generate_branch_dim_data' AIRFLOW_CTX_EXECUTION_DATE='2024-11-07T00:00:00+00:00' AIRFLOW_CTX_TRY_NUMBER='1' AIRFLOW_CTX_DAG_RUN_ID='scheduled__2024-11-07T00:00:00+00:00'
[2025-02-08T19:02:43.459+0000] {taskinstance.py:731} INFO - ::endgroup::
[2025-02-08T19:02:43.490+0000] {logging_mixin.py:190} INFO - CSV file './branch_dim_large_data.csv' with 50 rows has been generated successfully.
[2025-02-08T19:02:43.490+0000] {python.py:240} INFO - Done. Returned value was: None
[2025-02-08T19:02:43.502+0000] {taskinstance.py:340} INFO - ::group::Post task execution logs
[2025-02-08T19:02:43.503+0000] {taskinstance.py:352} INFO - Marking task as SUCCESS. dag_id=branch_dim_gen, task_id=generate_branch_dim_data, run_id=scheduled__2024-11-07T00:00:00+00:00, execution_date=20241107T000000, start_date=20250208T190243, end_date=20250208T190243
[2025-02-08T19:02:43.558+0000] {local_task_job_runner.py:266} INFO - Task exited with return code 0
[2025-02-08T19:02:43.586+0000] {taskinstance.py:3900} INFO - 0 downstream tasks scheduled from follow-on schedule check
[2025-02-08T19:02:43.591+0000] {local_task_job_runner.py:245} INFO - ::endgroup::
[2025-02-08T20:40:24.046+0000] {local_task_job_runner.py:123} INFO - ::group::Pre task execution logs
[2025-02-08T20:40:24.062+0000] {taskinstance.py:2612} INFO - Dependencies all met for dep_context=non-requeueable deps ti=<TaskInstance: branch_dim_gen.generate_branch_dim_data scheduled__2024-11-07T00:00:00+00:00 [queued]>
[2025-02-08T20:40:24.070+0000] {taskinstance.py:2612} INFO - Dependencies all met for dep_context=requeueable deps ti=<TaskInstance: branch_dim_gen.generate_branch_dim_data scheduled__2024-11-07T00:00:00+00:00 [queued]>
[2025-02-08T20:40:24.070+0000] {taskinstance.py:2865} INFO - Starting attempt 1 of 1
[2025-02-08T20:40:24.081+0000] {taskinstance.py:2888} INFO - Executing <Task(PythonOperator): generate_branch_dim_data> on 2024-11-07 00:00:00+00:00
[2025-02-08T20:40:24.090+0000] {logging_mixin.py:190} WARNING - /home/***/.local/lib/python3.12/site-packages/***/task/task_runner/standard_task_runner.py:70 DeprecationWarning: This process (pid=1264) is multi-threaded, use of fork() may lead to deadlocks in the child.
[2025-02-08T20:40:24.091+0000] {standard_task_runner.py:72} INFO - Started process 1294 to run task
[2025-02-08T20:40:24.091+0000] {standard_task_runner.py:104} INFO - Running: ['***', 'tasks', 'run', 'branch_dim_gen', 'generate_branch_dim_data', 'scheduled__2024-11-07T00:00:00+00:00', '--job-id', '168', '--raw', '--subdir', 'DAGS_FOLDER/brnach_dim_gen.py', '--cfg-path', '/tmp/tmpasmh8nr9']
[2025-02-08T20:40:24.093+0000] {standard_task_runner.py:105} INFO - Job 168: Subtask generate_branch_dim_data
[2025-02-08T20:40:24.134+0000] {task_command.py:467} INFO - Running <TaskInstance: branch_dim_gen.generate_branch_dim_data scheduled__2024-11-07T00:00:00+00:00 [running]> on host 7e959c1a2a8b
[2025-02-08T20:40:24.279+0000] {taskinstance.py:3131} INFO - Exporting env vars: AIRFLOW_CTX_DAG_OWNER='Saleh' AIRFLOW_CTX_DAG_ID='branch_dim_gen' AIRFLOW_CTX_TASK_ID='generate_branch_dim_data' AIRFLOW_CTX_EXECUTION_DATE='2024-11-07T00:00:00+00:00' AIRFLOW_CTX_TRY_NUMBER='1' AIRFLOW_CTX_DAG_RUN_ID='scheduled__2024-11-07T00:00:00+00:00'
[2025-02-08T20:40:24.285+0000] {taskinstance.py:731} INFO - ::endgroup::
[2025-02-08T20:40:24.331+0000] {logging_mixin.py:190} INFO - CSV file './branch_dim_large_data.csv' with 50 rows has been generated successfully.
[2025-02-08T20:40:24.337+0000] {python.py:240} INFO - Done. Returned value was: None
[2025-02-08T20:40:24.365+0000] {taskinstance.py:340} INFO - ::group::Post task execution logs
[2025-02-08T20:40:24.407+0000] {taskinstance.py:352} INFO - Marking task as SUCCESS. dag_id=branch_dim_gen, task_id=generate_branch_dim_data, run_id=scheduled__2024-11-07T00:00:00+00:00, execution_date=20241107T000000, start_date=20250208T204024, end_date=20250208T204024
[2025-02-08T20:40:24.507+0000] {local_task_job_runner.py:266} INFO - Task exited with return code 0
[2025-02-08T20:40:24.525+0000] {local_task_job_runner.py:245} INFO - ::endgroup::
