[2025-02-08T19:02:30.591+0000] {local_task_job_runner.py:123} INFO - ::group::Pre task execution logs
[2025-02-08T19:02:30.607+0000] {taskinstance.py:2612} INFO - Dependencies all met for dep_context=non-requeueable deps ti=<TaskInstance: branch_dim_gen.generate_branch_dim_data scheduled__2024-10-24T00:00:00+00:00 [queued]>
[2025-02-08T19:02:30.617+0000] {taskinstance.py:2612} INFO - Dependencies all met for dep_context=requeueable deps ti=<TaskInstance: branch_dim_gen.generate_branch_dim_data scheduled__2024-10-24T00:00:00+00:00 [queued]>
[2025-02-08T19:02:30.618+0000] {taskinstance.py:2865} INFO - Starting attempt 1 of 1
[2025-02-08T19:02:30.632+0000] {taskinstance.py:2888} INFO - Executing <Task(PythonOperator): generate_branch_dim_data> on 2024-10-24 00:00:00+00:00
[2025-02-08T19:02:30.642+0000] {logging_mixin.py:190} WARNING - /home/***/.local/lib/python3.12/site-packages/***/task/task_runner/standard_task_runner.py:70 DeprecationWarning: This process (pid=1490) is multi-threaded, use of fork() may lead to deadlocks in the child.
[2025-02-08T19:02:30.642+0000] {standard_task_runner.py:104} INFO - Running: ['***', 'tasks', 'run', 'branch_dim_gen', 'generate_branch_dim_data', 'scheduled__2024-10-24T00:00:00+00:00', '--job-id', '237', '--raw', '--subdir', 'DAGS_FOLDER/brnach_dim_gen.py', '--cfg-path', '/tmp/tmphghggina']
[2025-02-08T19:02:30.645+0000] {standard_task_runner.py:105} INFO - Job 237: Subtask generate_branch_dim_data
[2025-02-08T19:02:30.645+0000] {standard_task_runner.py:72} INFO - Started process 1511 to run task
[2025-02-08T19:02:30.703+0000] {task_command.py:467} INFO - Running <TaskInstance: branch_dim_gen.generate_branch_dim_data scheduled__2024-10-24T00:00:00+00:00 [running]> on host 2c1cd59afcc0
[2025-02-08T19:02:30.788+0000] {taskinstance.py:3131} INFO - Exporting env vars: AIRFLOW_CTX_DAG_OWNER='Saleh' AIRFLOW_CTX_DAG_ID='branch_dim_gen' AIRFLOW_CTX_TASK_ID='generate_branch_dim_data' AIRFLOW_CTX_EXECUTION_DATE='2024-10-24T00:00:00+00:00' AIRFLOW_CTX_TRY_NUMBER='1' AIRFLOW_CTX_DAG_RUN_ID='scheduled__2024-10-24T00:00:00+00:00'
[2025-02-08T19:02:30.789+0000] {taskinstance.py:731} INFO - ::endgroup::
[2025-02-08T19:02:30.810+0000] {logging_mixin.py:190} INFO - CSV file './branch_dim_large_data.csv' with 50 rows has been generated successfully.
[2025-02-08T19:02:30.811+0000] {python.py:240} INFO - Done. Returned value was: None
[2025-02-08T19:02:30.819+0000] {taskinstance.py:340} INFO - ::group::Post task execution logs
[2025-02-08T19:02:30.820+0000] {taskinstance.py:352} INFO - Marking task as SUCCESS. dag_id=branch_dim_gen, task_id=generate_branch_dim_data, run_id=scheduled__2024-10-24T00:00:00+00:00, execution_date=20241024T000000, start_date=20250208T190230, end_date=20250208T190230
[2025-02-08T19:02:30.861+0000] {local_task_job_runner.py:266} INFO - Task exited with return code 0
[2025-02-08T19:02:30.876+0000] {taskinstance.py:3900} INFO - 0 downstream tasks scheduled from follow-on schedule check
[2025-02-08T19:02:30.878+0000] {local_task_job_runner.py:245} INFO - ::endgroup::
[2025-02-08T20:40:14.159+0000] {local_task_job_runner.py:123} INFO - ::group::Pre task execution logs
[2025-02-08T20:40:14.180+0000] {taskinstance.py:2612} INFO - Dependencies all met for dep_context=non-requeueable deps ti=<TaskInstance: branch_dim_gen.generate_branch_dim_data scheduled__2024-10-24T00:00:00+00:00 [queued]>
[2025-02-08T20:40:14.190+0000] {taskinstance.py:2612} INFO - Dependencies all met for dep_context=requeueable deps ti=<TaskInstance: branch_dim_gen.generate_branch_dim_data scheduled__2024-10-24T00:00:00+00:00 [queued]>
[2025-02-08T20:40:14.191+0000] {taskinstance.py:2865} INFO - Starting attempt 1 of 1
[2025-02-08T20:40:14.268+0000] {taskinstance.py:2888} INFO - Executing <Task(PythonOperator): generate_branch_dim_data> on 2024-10-24 00:00:00+00:00
[2025-02-08T20:40:14.280+0000] {logging_mixin.py:190} WARNING - /home/***/.local/lib/python3.12/site-packages/***/task/task_runner/standard_task_runner.py:70 DeprecationWarning: This process (pid=1102) is multi-threaded, use of fork() may lead to deadlocks in the child.
[2025-02-08T20:40:14.282+0000] {standard_task_runner.py:72} INFO - Started process 1125 to run task
[2025-02-08T20:40:14.285+0000] {standard_task_runner.py:104} INFO - Running: ['***', 'tasks', 'run', 'branch_dim_gen', 'generate_branch_dim_data', 'scheduled__2024-10-24T00:00:00+00:00', '--job-id', '126', '--raw', '--subdir', 'DAGS_FOLDER/brnach_dim_gen.py', '--cfg-path', '/tmp/tmpehnuq1xr']
[2025-02-08T20:40:14.287+0000] {standard_task_runner.py:105} INFO - Job 126: Subtask generate_branch_dim_data
[2025-02-08T20:40:14.357+0000] {task_command.py:467} INFO - Running <TaskInstance: branch_dim_gen.generate_branch_dim_data scheduled__2024-10-24T00:00:00+00:00 [running]> on host 7e959c1a2a8b
[2025-02-08T20:40:14.487+0000] {taskinstance.py:3131} INFO - Exporting env vars: AIRFLOW_CTX_DAG_OWNER='Saleh' AIRFLOW_CTX_DAG_ID='branch_dim_gen' AIRFLOW_CTX_TASK_ID='generate_branch_dim_data' AIRFLOW_CTX_EXECUTION_DATE='2024-10-24T00:00:00+00:00' AIRFLOW_CTX_TRY_NUMBER='1' AIRFLOW_CTX_DAG_RUN_ID='scheduled__2024-10-24T00:00:00+00:00'
[2025-02-08T20:40:14.488+0000] {taskinstance.py:731} INFO - ::endgroup::
[2025-02-08T20:40:14.512+0000] {logging_mixin.py:190} INFO - CSV file './branch_dim_large_data.csv' with 50 rows has been generated successfully.
[2025-02-08T20:40:14.513+0000] {python.py:240} INFO - Done. Returned value was: None
[2025-02-08T20:40:14.527+0000] {taskinstance.py:340} INFO - ::group::Post task execution logs
[2025-02-08T20:40:14.528+0000] {taskinstance.py:352} INFO - Marking task as SUCCESS. dag_id=branch_dim_gen, task_id=generate_branch_dim_data, run_id=scheduled__2024-10-24T00:00:00+00:00, execution_date=20241024T000000, start_date=20250208T204014, end_date=20250208T204014
[2025-02-08T20:40:14.583+0000] {local_task_job_runner.py:266} INFO - Task exited with return code 0
[2025-02-08T20:40:14.601+0000] {local_task_job_runner.py:245} INFO - ::endgroup::
