[2025-02-08T19:01:11.802+0000] {local_task_job_runner.py:123} INFO - ::group::Pre task execution logs
[2025-02-08T19:01:11.820+0000] {taskinstance.py:2612} INFO - Dependencies all met for dep_context=non-requeueable deps ti=<TaskInstance: account_dim_gen.generate_account_dim_data scheduled__2025-01-18T00:00:00+00:00 [queued]>
[2025-02-08T19:01:11.830+0000] {taskinstance.py:2612} INFO - Dependencies all met for dep_context=requeueable deps ti=<TaskInstance: account_dim_gen.generate_account_dim_data scheduled__2025-01-18T00:00:00+00:00 [queued]>
[2025-02-08T19:01:11.831+0000] {taskinstance.py:2865} INFO - Starting attempt 1 of 1
[2025-02-08T19:01:11.847+0000] {taskinstance.py:2888} INFO - Executing <Task(PythonOperator): generate_account_dim_data> on 2025-01-18 00:00:00+00:00
[2025-02-08T19:01:11.858+0000] {logging_mixin.py:190} WARNING - /home/***/.local/lib/python3.12/site-packages/***/task/task_runner/standard_task_runner.py:70 DeprecationWarning: This process (pid=1035) is multi-threaded, use of fork() may lead to deadlocks in the child.
[2025-02-08T19:01:11.861+0000] {standard_task_runner.py:72} INFO - Started process 1052 to run task
[2025-02-08T19:01:11.859+0000] {standard_task_runner.py:104} INFO - Running: ['***', 'tasks', 'run', 'account_dim_gen', 'generate_account_dim_data', 'scheduled__2025-01-18T00:00:00+00:00', '--job-id', '134', '--raw', '--subdir', 'DAGS_FOLDER/account_dim_gen.py', '--cfg-path', '/tmp/tmp12qx9sw0']
[2025-02-08T19:01:11.862+0000] {standard_task_runner.py:105} INFO - Job 134: Subtask generate_account_dim_data
[2025-02-08T19:01:11.913+0000] {task_command.py:467} INFO - Running <TaskInstance: account_dim_gen.generate_account_dim_data scheduled__2025-01-18T00:00:00+00:00 [running]> on host 2c1cd59afcc0
[2025-02-08T19:01:12.012+0000] {taskinstance.py:3131} INFO - Exporting env vars: AIRFLOW_CTX_DAG_OWNER='Saleh' AIRFLOW_CTX_DAG_ID='account_dim_gen' AIRFLOW_CTX_TASK_ID='generate_account_dim_data' AIRFLOW_CTX_EXECUTION_DATE='2025-01-18T00:00:00+00:00' AIRFLOW_CTX_TRY_NUMBER='1' AIRFLOW_CTX_DAG_RUN_ID='scheduled__2025-01-18T00:00:00+00:00'
[2025-02-08T19:01:12.013+0000] {taskinstance.py:731} INFO - ::endgroup::
[2025-02-08T19:01:12.039+0000] {logging_mixin.py:190} INFO - CSV file ./account_dim_large_data.csv with 50 row has been generated successfully!
[2025-02-08T19:01:12.039+0000] {python.py:240} INFO - Done. Returned value was: None
[2025-02-08T19:01:12.052+0000] {taskinstance.py:340} INFO - ::group::Post task execution logs
[2025-02-08T19:01:12.053+0000] {taskinstance.py:352} INFO - Marking task as SUCCESS. dag_id=account_dim_gen, task_id=generate_account_dim_data, run_id=scheduled__2025-01-18T00:00:00+00:00, execution_date=20250118T000000, start_date=20250208T190111, end_date=20250208T190112
[2025-02-08T19:01:12.160+0000] {local_task_job_runner.py:266} INFO - Task exited with return code 0
[2025-02-08T19:01:12.178+0000] {taskinstance.py:3900} INFO - 0 downstream tasks scheduled from follow-on schedule check
[2025-02-08T19:01:12.181+0000] {local_task_job_runner.py:245} INFO - ::endgroup::
[2025-02-08T20:42:23.352+0000] {local_task_job_runner.py:123} INFO - ::group::Pre task execution logs
[2025-02-08T20:42:23.369+0000] {taskinstance.py:2612} INFO - Dependencies all met for dep_context=non-requeueable deps ti=<TaskInstance: account_dim_gen.generate_account_dim_data scheduled__2025-01-18T00:00:00+00:00 [queued]>
[2025-02-08T20:42:23.380+0000] {taskinstance.py:2612} INFO - Dependencies all met for dep_context=requeueable deps ti=<TaskInstance: account_dim_gen.generate_account_dim_data scheduled__2025-01-18T00:00:00+00:00 [queued]>
[2025-02-08T20:42:23.381+0000] {taskinstance.py:2865} INFO - Starting attempt 1 of 1
[2025-02-08T20:42:23.395+0000] {taskinstance.py:2888} INFO - Executing <Task(PythonOperator): generate_account_dim_data> on 2025-01-18 00:00:00+00:00
[2025-02-08T20:42:23.404+0000] {standard_task_runner.py:104} INFO - Running: ['***', 'tasks', 'run', 'account_dim_gen', 'generate_account_dim_data', 'scheduled__2025-01-18T00:00:00+00:00', '--job-id', '366', '--raw', '--subdir', 'DAGS_FOLDER/account_dim_gen.py', '--cfg-path', '/tmp/tmp_j8kift1']
[2025-02-08T20:42:23.407+0000] {standard_task_runner.py:105} INFO - Job 366: Subtask generate_account_dim_data
[2025-02-08T20:42:23.408+0000] {logging_mixin.py:190} WARNING - /home/***/.local/lib/python3.12/site-packages/***/task/task_runner/standard_task_runner.py:70 DeprecationWarning: This process (pid=205) is multi-threaded, use of fork() may lead to deadlocks in the child.
[2025-02-08T20:42:23.409+0000] {standard_task_runner.py:72} INFO - Started process 213 to run task
[2025-02-08T20:42:23.448+0000] {task_command.py:467} INFO - Running <TaskInstance: account_dim_gen.generate_account_dim_data scheduled__2025-01-18T00:00:00+00:00 [running]> on host 86932746817d
[2025-02-08T20:42:23.517+0000] {taskinstance.py:3131} INFO - Exporting env vars: AIRFLOW_CTX_DAG_OWNER='Saleh' AIRFLOW_CTX_DAG_ID='account_dim_gen' AIRFLOW_CTX_TASK_ID='generate_account_dim_data' AIRFLOW_CTX_EXECUTION_DATE='2025-01-18T00:00:00+00:00' AIRFLOW_CTX_TRY_NUMBER='1' AIRFLOW_CTX_DAG_RUN_ID='scheduled__2025-01-18T00:00:00+00:00'
[2025-02-08T20:42:23.519+0000] {taskinstance.py:731} INFO - ::endgroup::
[2025-02-08T20:42:23.541+0000] {logging_mixin.py:190} INFO - CSV file ./account_dim_large_data.csv with 50 row has been generated successfully!
[2025-02-08T20:42:23.541+0000] {python.py:240} INFO - Done. Returned value was: None
[2025-02-08T20:42:23.549+0000] {taskinstance.py:340} INFO - ::group::Post task execution logs
[2025-02-08T20:42:23.550+0000] {taskinstance.py:352} INFO - Marking task as SUCCESS. dag_id=account_dim_gen, task_id=generate_account_dim_data, run_id=scheduled__2025-01-18T00:00:00+00:00, execution_date=20250118T000000, start_date=20250208T204223, end_date=20250208T204223
[2025-02-08T20:42:23.584+0000] {local_task_job_runner.py:266} INFO - Task exited with return code 0
[2025-02-08T20:42:23.599+0000] {taskinstance.py:3900} INFO - 0 downstream tasks scheduled from follow-on schedule check
[2025-02-08T20:42:23.601+0000] {local_task_job_runner.py:245} INFO - ::endgroup::
