[2025-02-08T10:58:34.202+0000] {local_task_job_runner.py:123} INFO - ::group::Pre task execution logs
[2025-02-08T10:58:34.221+0000] {taskinstance.py:2612} INFO - Dependencies all met for dep_context=non-requeueable deps ti=<TaskInstance: example_branch_operator.ext_py_a scheduled__2025-02-07T00:00:00+00:00 [queued]>
[2025-02-08T10:58:34.232+0000] {taskinstance.py:2612} INFO - Dependencies all met for dep_context=requeueable deps ti=<TaskInstance: example_branch_operator.ext_py_a scheduled__2025-02-07T00:00:00+00:00 [queued]>
[2025-02-08T10:58:34.232+0000] {taskinstance.py:2865} INFO - Starting attempt 1 of 1
[2025-02-08T10:58:34.244+0000] {taskinstance.py:2888} INFO - Executing <Task(ExternalPythonOperator): ext_py_a> on 2025-02-07 00:00:00+00:00
[2025-02-08T10:58:34.252+0000] {standard_task_runner.py:104} INFO - Running: ['***', 'tasks', 'run', 'example_branch_operator', 'ext_py_a', 'scheduled__2025-02-07T00:00:00+00:00', '--job-id', '9', '--raw', '--subdir', '/home/***/.local/lib/python3.12/site-packages/***/example_dags/example_branch_operator.py', '--cfg-path', '/tmp/tmp48kpnrq6']
[2025-02-08T10:58:34.253+0000] {standard_task_runner.py:105} INFO - Job 9: Subtask ext_py_a
[2025-02-08T10:58:34.255+0000] {logging_mixin.py:190} WARNING - /home/***/.local/lib/python3.12/site-packages/***/task/task_runner/standard_task_runner.py:70 DeprecationWarning: This process (pid=4502) is multi-threaded, use of fork() may lead to deadlocks in the child.
[2025-02-08T10:58:34.256+0000] {standard_task_runner.py:72} INFO - Started process 4504 to run task
[2025-02-08T10:58:34.294+0000] {task_command.py:467} INFO - Running <TaskInstance: example_branch_operator.ext_py_a scheduled__2025-02-07T00:00:00+00:00 [running]> on host d1b449c2efe4
[2025-02-08T10:58:34.363+0000] {taskinstance.py:3131} INFO - Exporting env vars: AIRFLOW_CTX_DAG_OWNER='***' AIRFLOW_CTX_DAG_ID='example_branch_operator' AIRFLOW_CTX_TASK_ID='ext_py_a' AIRFLOW_CTX_EXECUTION_DATE='2025-02-07T00:00:00+00:00' AIRFLOW_CTX_TRY_NUMBER='1' AIRFLOW_CTX_DAG_RUN_ID='scheduled__2025-02-07T00:00:00+00:00'
[2025-02-08T10:58:34.364+0000] {logging_mixin.py:190} INFO - Task instance is in running state
[2025-02-08T10:58:34.365+0000] {logging_mixin.py:190} INFO -  Previous state of the Task instance: queued
[2025-02-08T10:58:34.365+0000] {logging_mixin.py:190} INFO - Current task name:ext_py_a state:running start_date:2025-02-08 10:58:34.221543+00:00
[2025-02-08T10:58:34.365+0000] {logging_mixin.py:190} INFO - Dag name:example_branch_operator and current dag run status:running
[2025-02-08T10:58:34.366+0000] {taskinstance.py:731} INFO - ::endgroup::
[2025-02-08T10:58:34.719+0000] {baseoperator.py:405} WARNING - ExternalPythonOperator.execute cannot be called outside TaskInstance!
[2025-02-08T10:58:34.755+0000] {process_utils.py:186} INFO - Executing cmd: /home/***/.local/bin/python /tmp/venv-callipmevwpf/script.py /tmp/venv-callipmevwpf/script.in /tmp/venv-callipmevwpf/script.out /tmp/venv-callipmevwpf/string_args.txt /tmp/venv-callipmevwpf/termination.log
[2025-02-08T10:58:34.756+0000] {process_utils.py:190} INFO - Output:
[2025-02-08T10:58:37.175+0000] {process_utils.py:194} INFO - Hello World from external Python
[2025-02-08T10:58:37.482+0000] {python.py:240} INFO - Done. Returned value was: None
[2025-02-08T10:58:37.489+0000] {taskinstance.py:340} INFO - ::group::Post task execution logs
[2025-02-08T10:58:37.489+0000] {taskinstance.py:352} INFO - Marking task as SUCCESS. dag_id=example_branch_operator, task_id=ext_py_a, run_id=scheduled__2025-02-07T00:00:00+00:00, execution_date=20250207T000000, start_date=20250208T105834, end_date=20250208T105837
[2025-02-08T10:58:37.497+0000] {logging_mixin.py:190} INFO - Task instance in success state
[2025-02-08T10:58:37.498+0000] {logging_mixin.py:190} INFO -  Previous state of the Task instance: running
[2025-02-08T10:58:37.498+0000] {logging_mixin.py:190} INFO - Dag name:example_branch_operator queued_at:2025-02-08 10:58:24.660728+00:00
[2025-02-08T10:58:37.498+0000] {logging_mixin.py:190} INFO - Task hostname:d1b449c2efe4 operator:ExternalPythonOperator
[2025-02-08T10:58:37.521+0000] {local_task_job_runner.py:266} INFO - Task exited with return code 0
[2025-02-08T10:58:37.539+0000] {taskinstance.py:3900} INFO - 0 downstream tasks scheduled from follow-on schedule check
[2025-02-08T10:58:37.541+0000] {local_task_job_runner.py:245} INFO - ::endgroup::
