[2025-02-08T19:00:18.691+0000] {local_task_job_runner.py:123} INFO - ::group::Pre task execution logs
[2025-02-08T19:00:18.703+0000] {taskinstance.py:2612} INFO - Dependencies all met for dep_context=non-requeueable deps ti=<TaskInstance: account_dim_gen.generate_account_dim_data scheduled__2024-10-19T00:00:00+00:00 [queued]>
[2025-02-08T19:00:18.711+0000] {taskinstance.py:2612} INFO - Dependencies all met for dep_context=requeueable deps ti=<TaskInstance: account_dim_gen.generate_account_dim_data scheduled__2024-10-19T00:00:00+00:00 [queued]>
[2025-02-08T19:00:18.740+0000] {taskinstance.py:2865} INFO - Starting attempt 1 of 1
[2025-02-08T19:00:18.781+0000] {taskinstance.py:2888} INFO - Executing <Task(PythonOperator): generate_account_dim_data> on 2024-10-19 00:00:00+00:00
[2025-02-08T19:00:18.792+0000] {logging_mixin.py:190} WARNING - /home/***/.local/lib/python3.12/site-packages/***/task/task_runner/standard_task_runner.py:70 DeprecationWarning: This process (pid=627) is multi-threaded, use of fork() may lead to deadlocks in the child.
[2025-02-08T19:00:18.793+0000] {standard_task_runner.py:72} INFO - Started process 639 to run task
[2025-02-08T19:00:18.792+0000] {standard_task_runner.py:104} INFO - Running: ['***', 'tasks', 'run', 'account_dim_gen', 'generate_account_dim_data', 'scheduled__2024-10-19T00:00:00+00:00', '--job-id', '43', '--raw', '--subdir', 'DAGS_FOLDER/account_dim_gen.py', '--cfg-path', '/tmp/tmpnrsk4m3g']
[2025-02-08T19:00:18.794+0000] {standard_task_runner.py:105} INFO - Job 43: Subtask generate_account_dim_data
[2025-02-08T19:00:18.854+0000] {task_command.py:467} INFO - Running <TaskInstance: account_dim_gen.generate_account_dim_data scheduled__2024-10-19T00:00:00+00:00 [running]> on host 2c1cd59afcc0
[2025-02-08T19:00:18.936+0000] {taskinstance.py:3131} INFO - Exporting env vars: AIRFLOW_CTX_DAG_OWNER='Saleh' AIRFLOW_CTX_DAG_ID='account_dim_gen' AIRFLOW_CTX_TASK_ID='generate_account_dim_data' AIRFLOW_CTX_EXECUTION_DATE='2024-10-19T00:00:00+00:00' AIRFLOW_CTX_TRY_NUMBER='1' AIRFLOW_CTX_DAG_RUN_ID='scheduled__2024-10-19T00:00:00+00:00'
[2025-02-08T19:00:18.937+0000] {taskinstance.py:731} INFO - ::endgroup::
[2025-02-08T19:00:18.953+0000] {logging_mixin.py:190} INFO - CSV file ./account_dim_large_data.csv with 50 row has been generated successfully!
[2025-02-08T19:00:18.954+0000] {python.py:240} INFO - Done. Returned value was: None
[2025-02-08T19:00:18.962+0000] {taskinstance.py:340} INFO - ::group::Post task execution logs
[2025-02-08T19:00:18.963+0000] {taskinstance.py:352} INFO - Marking task as SUCCESS. dag_id=account_dim_gen, task_id=generate_account_dim_data, run_id=scheduled__2024-10-19T00:00:00+00:00, execution_date=20241019T000000, start_date=20250208T190018, end_date=20250208T190018
[2025-02-08T19:00:19.048+0000] {local_task_job_runner.py:266} INFO - Task exited with return code 0
[2025-02-08T19:00:19.063+0000] {taskinstance.py:3900} INFO - 0 downstream tasks scheduled from follow-on schedule check
[2025-02-08T19:00:19.065+0000] {local_task_job_runner.py:245} INFO - ::endgroup::
[2025-02-08T20:40:06.743+0000] {local_task_job_runner.py:123} INFO - ::group::Pre task execution logs
[2025-02-08T20:40:06.804+0000] {taskinstance.py:2612} INFO - Dependencies all met for dep_context=non-requeueable deps ti=<TaskInstance: account_dim_gen.generate_account_dim_data scheduled__2024-10-19T00:00:00+00:00 [queued]>
[2025-02-08T20:40:06.837+0000] {taskinstance.py:2612} INFO - Dependencies all met for dep_context=requeueable deps ti=<TaskInstance: account_dim_gen.generate_account_dim_data scheduled__2024-10-19T00:00:00+00:00 [queued]>
[2025-02-08T20:40:06.846+0000] {taskinstance.py:2865} INFO - Starting attempt 1 of 1
[2025-02-08T20:40:06.869+0000] {taskinstance.py:2888} INFO - Executing <Task(PythonOperator): generate_account_dim_data> on 2024-10-19 00:00:00+00:00
[2025-02-08T20:40:06.890+0000] {logging_mixin.py:190} WARNING - /home/***/.local/lib/python3.12/site-packages/***/task/task_runner/standard_task_runner.py:70 DeprecationWarning: This process (pid=996) is multi-threaded, use of fork() may lead to deadlocks in the child.
[2025-02-08T20:40:06.891+0000] {standard_task_runner.py:72} INFO - Started process 1031 to run task
[2025-02-08T20:40:06.903+0000] {standard_task_runner.py:104} INFO - Running: ['***', 'tasks', 'run', 'account_dim_gen', 'generate_account_dim_data', 'scheduled__2024-10-19T00:00:00+00:00', '--job-id', '105', '--raw', '--subdir', 'DAGS_FOLDER/account_dim_gen.py', '--cfg-path', '/tmp/tmp88zbxmxo']
[2025-02-08T20:40:06.906+0000] {standard_task_runner.py:105} INFO - Job 105: Subtask generate_account_dim_data
[2025-02-08T20:40:07.000+0000] {task_command.py:467} INFO - Running <TaskInstance: account_dim_gen.generate_account_dim_data scheduled__2024-10-19T00:00:00+00:00 [running]> on host 7e959c1a2a8b
[2025-02-08T20:40:07.182+0000] {taskinstance.py:3131} INFO - Exporting env vars: AIRFLOW_CTX_DAG_OWNER='Saleh' AIRFLOW_CTX_DAG_ID='account_dim_gen' AIRFLOW_CTX_TASK_ID='generate_account_dim_data' AIRFLOW_CTX_EXECUTION_DATE='2024-10-19T00:00:00+00:00' AIRFLOW_CTX_TRY_NUMBER='1' AIRFLOW_CTX_DAG_RUN_ID='scheduled__2024-10-19T00:00:00+00:00'
[2025-02-08T20:40:07.191+0000] {taskinstance.py:731} INFO - ::endgroup::
[2025-02-08T20:40:07.233+0000] {logging_mixin.py:190} INFO - CSV file ./account_dim_large_data.csv with 50 row has been generated successfully!
[2025-02-08T20:40:07.242+0000] {python.py:240} INFO - Done. Returned value was: None
[2025-02-08T20:40:07.255+0000] {taskinstance.py:340} INFO - ::group::Post task execution logs
[2025-02-08T20:40:07.262+0000] {taskinstance.py:352} INFO - Marking task as SUCCESS. dag_id=account_dim_gen, task_id=generate_account_dim_data, run_id=scheduled__2024-10-19T00:00:00+00:00, execution_date=20241019T000000, start_date=20250208T204006, end_date=20250208T204007
[2025-02-08T20:40:07.301+0000] {local_task_job_runner.py:266} INFO - Task exited with return code 0
[2025-02-08T20:40:07.337+0000] {local_task_job_runner.py:245} INFO - ::endgroup::
