[2025-02-08T19:03:09.452+0000] {local_task_job_runner.py:123} INFO - ::group::Pre task execution logs
[2025-02-08T19:03:09.474+0000] {taskinstance.py:2612} INFO - Dependencies all met for dep_context=non-requeueable deps ti=<TaskInstance: customer_dim_generator.generate_customer_dim_data scheduled__2025-01-12T00:00:00+00:00 [queued]>
[2025-02-08T19:03:09.482+0000] {taskinstance.py:2612} INFO - Dependencies all met for dep_context=requeueable deps ti=<TaskInstance: customer_dim_generator.generate_customer_dim_data scheduled__2025-01-12T00:00:00+00:00 [queued]>
[2025-02-08T19:03:09.483+0000] {taskinstance.py:2865} INFO - Starting attempt 1 of 1
[2025-02-08T19:03:09.497+0000] {taskinstance.py:2888} INFO - Executing <Task(PythonOperator): generate_customer_dim_data> on 2025-01-12 00:00:00+00:00
[2025-02-08T19:03:09.506+0000] {logging_mixin.py:190} WARNING - /home/***/.local/lib/python3.12/site-packages/***/task/task_runner/standard_task_runner.py:70 DeprecationWarning: This process (pid=1982) is multi-threaded, use of fork() may lead to deadlocks in the child.
[2025-02-08T19:03:09.507+0000] {standard_task_runner.py:72} INFO - Started process 2001 to run task
[2025-02-08T19:03:09.506+0000] {standard_task_runner.py:104} INFO - Running: ['***', 'tasks', 'run', 'customer_dim_generator', 'generate_customer_dim_data', 'scheduled__2025-01-12T00:00:00+00:00', '--job-id', '352', '--raw', '--subdir', 'DAGS_FOLDER/customer_dim_gen.py', '--cfg-path', '/tmp/tmpae3rr3vo']
[2025-02-08T19:03:09.508+0000] {standard_task_runner.py:105} INFO - Job 352: Subtask generate_customer_dim_data
[2025-02-08T19:03:09.548+0000] {task_command.py:467} INFO - Running <TaskInstance: customer_dim_generator.generate_customer_dim_data scheduled__2025-01-12T00:00:00+00:00 [running]> on host 2c1cd59afcc0
[2025-02-08T19:03:09.627+0000] {taskinstance.py:3131} INFO - Exporting env vars: AIRFLOW_CTX_DAG_OWNER='Saleh' AIRFLOW_CTX_DAG_ID='customer_dim_generator' AIRFLOW_CTX_TASK_ID='generate_customer_dim_data' AIRFLOW_CTX_EXECUTION_DATE='2025-01-12T00:00:00+00:00' AIRFLOW_CTX_TRY_NUMBER='1' AIRFLOW_CTX_DAG_RUN_ID='scheduled__2025-01-12T00:00:00+00:00'
[2025-02-08T19:03:09.628+0000] {taskinstance.py:731} INFO - ::endgroup::
[2025-02-08T19:03:09.645+0000] {logging_mixin.py:190} INFO - CSV file './customer_dim_large_data.csv' with 100 rows has been generated successfully.
[2025-02-08T19:03:09.645+0000] {python.py:240} INFO - Done. Returned value was: None
[2025-02-08T19:03:09.652+0000] {taskinstance.py:340} INFO - ::group::Post task execution logs
[2025-02-08T19:03:09.653+0000] {taskinstance.py:352} INFO - Marking task as SUCCESS. dag_id=customer_dim_generator, task_id=generate_customer_dim_data, run_id=scheduled__2025-01-12T00:00:00+00:00, execution_date=20250112T000000, start_date=20250208T190309, end_date=20250208T190309
[2025-02-08T19:03:09.682+0000] {local_task_job_runner.py:266} INFO - Task exited with return code 0
[2025-02-08T19:03:09.694+0000] {taskinstance.py:3900} INFO - 0 downstream tasks scheduled from follow-on schedule check
[2025-02-08T19:03:09.696+0000] {local_task_job_runner.py:245} INFO - ::endgroup::
[2025-02-08T20:40:57.854+0000] {local_task_job_runner.py:123} INFO - ::group::Pre task execution logs
[2025-02-08T20:40:57.867+0000] {taskinstance.py:2612} INFO - Dependencies all met for dep_context=non-requeueable deps ti=<TaskInstance: customer_dim_generator.generate_customer_dim_data scheduled__2025-01-12T00:00:00+00:00 [queued]>
[2025-02-08T20:40:57.875+0000] {taskinstance.py:2612} INFO - Dependencies all met for dep_context=requeueable deps ti=<TaskInstance: customer_dim_generator.generate_customer_dim_data scheduled__2025-01-12T00:00:00+00:00 [queued]>
[2025-02-08T20:40:57.876+0000] {taskinstance.py:2865} INFO - Starting attempt 1 of 1
[2025-02-08T20:40:57.888+0000] {taskinstance.py:2888} INFO - Executing <Task(PythonOperator): generate_customer_dim_data> on 2025-01-12 00:00:00+00:00
[2025-02-08T20:40:57.896+0000] {logging_mixin.py:190} WARNING - /home/***/.local/lib/python3.12/site-packages/***/task/task_runner/standard_task_runner.py:70 DeprecationWarning: This process (pid=1808) is multi-threaded, use of fork() may lead to deadlocks in the child.
[2025-02-08T20:40:57.897+0000] {standard_task_runner.py:72} INFO - Started process 1832 to run task
[2025-02-08T20:40:57.896+0000] {standard_task_runner.py:104} INFO - Running: ['***', 'tasks', 'run', 'customer_dim_generator', 'generate_customer_dim_data', 'scheduled__2025-01-12T00:00:00+00:00', '--job-id', '295', '--raw', '--subdir', 'DAGS_FOLDER/customer_dim_gen.py', '--cfg-path', '/tmp/tmp3l6hs7pr']
[2025-02-08T20:40:57.898+0000] {standard_task_runner.py:105} INFO - Job 295: Subtask generate_customer_dim_data
[2025-02-08T20:40:57.934+0000] {task_command.py:467} INFO - Running <TaskInstance: customer_dim_generator.generate_customer_dim_data scheduled__2025-01-12T00:00:00+00:00 [running]> on host 7e959c1a2a8b
[2025-02-08T20:40:58.006+0000] {taskinstance.py:3131} INFO - Exporting env vars: AIRFLOW_CTX_DAG_OWNER='Saleh' AIRFLOW_CTX_DAG_ID='customer_dim_generator' AIRFLOW_CTX_TASK_ID='generate_customer_dim_data' AIRFLOW_CTX_EXECUTION_DATE='2025-01-12T00:00:00+00:00' AIRFLOW_CTX_TRY_NUMBER='1' AIRFLOW_CTX_DAG_RUN_ID='scheduled__2025-01-12T00:00:00+00:00'
[2025-02-08T20:40:58.008+0000] {taskinstance.py:731} INFO - ::endgroup::
[2025-02-08T20:40:58.026+0000] {logging_mixin.py:190} INFO - CSV file './customer_dim_large_data.csv' with 100 rows has been generated successfully.
[2025-02-08T20:40:58.026+0000] {python.py:240} INFO - Done. Returned value was: None
[2025-02-08T20:40:58.032+0000] {taskinstance.py:340} INFO - ::group::Post task execution logs
[2025-02-08T20:40:58.033+0000] {taskinstance.py:352} INFO - Marking task as SUCCESS. dag_id=customer_dim_generator, task_id=generate_customer_dim_data, run_id=scheduled__2025-01-12T00:00:00+00:00, execution_date=20250112T000000, start_date=20250208T204057, end_date=20250208T204058
[2025-02-08T20:40:58.071+0000] {local_task_job_runner.py:266} INFO - Task exited with return code 0
[2025-02-08T20:40:58.086+0000] {taskinstance.py:3900} INFO - 0 downstream tasks scheduled from follow-on schedule check
[2025-02-08T20:40:58.088+0000] {local_task_job_runner.py:245} INFO - ::endgroup::
[2025-02-08T20:43:39.311+0000] {local_task_job_runner.py:123} INFO - ::group::Pre task execution logs
[2025-02-08T20:43:39.330+0000] {taskinstance.py:2612} INFO - Dependencies all met for dep_context=non-requeueable deps ti=<TaskInstance: customer_dim_generator.generate_customer_dim_data scheduled__2025-01-12T00:00:00+00:00 [queued]>
[2025-02-08T20:43:39.339+0000] {taskinstance.py:2612} INFO - Dependencies all met for dep_context=requeueable deps ti=<TaskInstance: customer_dim_generator.generate_customer_dim_data scheduled__2025-01-12T00:00:00+00:00 [queued]>
[2025-02-08T20:43:39.339+0000] {taskinstance.py:2865} INFO - Starting attempt 1 of 1
[2025-02-08T20:43:39.394+0000] {taskinstance.py:2888} INFO - Executing <Task(PythonOperator): generate_customer_dim_data> on 2025-01-12 00:00:00+00:00
[2025-02-08T20:43:39.401+0000] {logging_mixin.py:190} WARNING - /home/***/.local/lib/python3.12/site-packages/***/task/task_runner/standard_task_runner.py:70 DeprecationWarning: This process (pid=812) is multi-threaded, use of fork() may lead to deadlocks in the child.
[2025-02-08T20:43:39.402+0000] {standard_task_runner.py:72} INFO - Started process 830 to run task
[2025-02-08T20:43:39.402+0000] {standard_task_runner.py:104} INFO - Running: ['***', 'tasks', 'run', 'customer_dim_generator', 'generate_customer_dim_data', 'scheduled__2025-01-12T00:00:00+00:00', '--job-id', '502', '--raw', '--subdir', 'DAGS_FOLDER/customer_dim_gen.py', '--cfg-path', '/tmp/tmplcyvbzt_']
[2025-02-08T20:43:39.405+0000] {standard_task_runner.py:105} INFO - Job 502: Subtask generate_customer_dim_data
[2025-02-08T20:43:39.450+0000] {task_command.py:467} INFO - Running <TaskInstance: customer_dim_generator.generate_customer_dim_data scheduled__2025-01-12T00:00:00+00:00 [running]> on host 86932746817d
[2025-02-08T20:43:39.559+0000] {taskinstance.py:3131} INFO - Exporting env vars: AIRFLOW_CTX_DAG_OWNER='Saleh' AIRFLOW_CTX_DAG_ID='customer_dim_generator' AIRFLOW_CTX_TASK_ID='generate_customer_dim_data' AIRFLOW_CTX_EXECUTION_DATE='2025-01-12T00:00:00+00:00' AIRFLOW_CTX_TRY_NUMBER='1' AIRFLOW_CTX_DAG_RUN_ID='scheduled__2025-01-12T00:00:00+00:00'
[2025-02-08T20:43:39.561+0000] {taskinstance.py:731} INFO - ::endgroup::
[2025-02-08T20:43:39.582+0000] {logging_mixin.py:190} INFO - CSV file './customer_dim_large_data.csv' with 100 rows has been generated successfully.
[2025-02-08T20:43:39.583+0000] {python.py:240} INFO - Done. Returned value was: None
[2025-02-08T20:43:39.592+0000] {taskinstance.py:340} INFO - ::group::Post task execution logs
[2025-02-08T20:43:39.593+0000] {taskinstance.py:352} INFO - Marking task as SUCCESS. dag_id=customer_dim_generator, task_id=generate_customer_dim_data, run_id=scheduled__2025-01-12T00:00:00+00:00, execution_date=20250112T000000, start_date=20250208T204339, end_date=20250208T204339
[2025-02-08T20:43:39.620+0000] {local_task_job_runner.py:266} INFO - Task exited with return code 0
[2025-02-08T20:43:39.641+0000] {taskinstance.py:3900} INFO - 0 downstream tasks scheduled from follow-on schedule check
[2025-02-08T20:43:39.644+0000] {local_task_job_runner.py:245} INFO - ::endgroup::
