[2025-02-08T19:03:33.343+0000] {local_task_job_runner.py:123} INFO - ::group::Pre task execution logs
[2025-02-08T19:03:33.361+0000] {taskinstance.py:2612} INFO - Dependencies all met for dep_context=non-requeueable deps ti=<TaskInstance: branch_dim_gen.generate_branch_dim_data scheduled__2025-01-22T00:00:00+00:00 [queued]>
[2025-02-08T19:03:33.369+0000] {taskinstance.py:2612} INFO - Dependencies all met for dep_context=requeueable deps ti=<TaskInstance: branch_dim_gen.generate_branch_dim_data scheduled__2025-01-22T00:00:00+00:00 [queued]>
[2025-02-08T19:03:33.370+0000] {taskinstance.py:2865} INFO - Starting attempt 1 of 1
[2025-02-08T19:03:33.384+0000] {taskinstance.py:2888} INFO - Executing <Task(PythonOperator): generate_branch_dim_data> on 2025-01-22 00:00:00+00:00
[2025-02-08T19:03:33.394+0000] {logging_mixin.py:190} WARNING - /home/***/.local/lib/python3.12/site-packages/***/task/task_runner/standard_task_runner.py:70 DeprecationWarning: This process (pid=2243) is multi-threaded, use of fork() may lead to deadlocks in the child.
[2025-02-08T19:03:33.396+0000] {standard_task_runner.py:72} INFO - Started process 2258 to run task
[2025-02-08T19:03:33.395+0000] {standard_task_runner.py:104} INFO - Running: ['***', 'tasks', 'run', 'branch_dim_gen', 'generate_branch_dim_data', 'scheduled__2025-01-22T00:00:00+00:00', '--job-id', '410', '--raw', '--subdir', 'DAGS_FOLDER/brnach_dim_gen.py', '--cfg-path', '/tmp/tmpftpq9g4g']
[2025-02-08T19:03:33.398+0000] {standard_task_runner.py:105} INFO - Job 410: Subtask generate_branch_dim_data
[2025-02-08T19:03:33.453+0000] {task_command.py:467} INFO - Running <TaskInstance: branch_dim_gen.generate_branch_dim_data scheduled__2025-01-22T00:00:00+00:00 [running]> on host 2c1cd59afcc0
[2025-02-08T19:03:33.544+0000] {taskinstance.py:3131} INFO - Exporting env vars: AIRFLOW_CTX_DAG_OWNER='Saleh' AIRFLOW_CTX_DAG_ID='branch_dim_gen' AIRFLOW_CTX_TASK_ID='generate_branch_dim_data' AIRFLOW_CTX_EXECUTION_DATE='2025-01-22T00:00:00+00:00' AIRFLOW_CTX_TRY_NUMBER='1' AIRFLOW_CTX_DAG_RUN_ID='scheduled__2025-01-22T00:00:00+00:00'
[2025-02-08T19:03:33.546+0000] {taskinstance.py:731} INFO - ::endgroup::
[2025-02-08T19:03:33.566+0000] {logging_mixin.py:190} INFO - CSV file './branch_dim_large_data.csv' with 50 rows has been generated successfully.
[2025-02-08T19:03:33.567+0000] {python.py:240} INFO - Done. Returned value was: None
[2025-02-08T19:03:33.577+0000] {taskinstance.py:340} INFO - ::group::Post task execution logs
[2025-02-08T19:03:33.577+0000] {taskinstance.py:352} INFO - Marking task as SUCCESS. dag_id=branch_dim_gen, task_id=generate_branch_dim_data, run_id=scheduled__2025-01-22T00:00:00+00:00, execution_date=20250122T000000, start_date=20250208T190333, end_date=20250208T190333
[2025-02-08T19:03:33.611+0000] {local_task_job_runner.py:266} INFO - Task exited with return code 0
[2025-02-08T19:03:33.621+0000] {local_task_job_runner.py:245} INFO - ::endgroup::
[2025-02-08T20:42:25.044+0000] {local_task_job_runner.py:123} INFO - ::group::Pre task execution logs
[2025-02-08T20:42:25.060+0000] {taskinstance.py:2612} INFO - Dependencies all met for dep_context=non-requeueable deps ti=<TaskInstance: branch_dim_gen.generate_branch_dim_data scheduled__2025-01-22T00:00:00+00:00 [queued]>
[2025-02-08T20:42:25.072+0000] {taskinstance.py:2612} INFO - Dependencies all met for dep_context=requeueable deps ti=<TaskInstance: branch_dim_gen.generate_branch_dim_data scheduled__2025-01-22T00:00:00+00:00 [queued]>
[2025-02-08T20:42:25.072+0000] {taskinstance.py:2865} INFO - Starting attempt 1 of 1
[2025-02-08T20:42:25.088+0000] {taskinstance.py:2888} INFO - Executing <Task(PythonOperator): generate_branch_dim_data> on 2025-01-22 00:00:00+00:00
[2025-02-08T20:42:25.098+0000] {standard_task_runner.py:104} INFO - Running: ['***', 'tasks', 'run', 'branch_dim_gen', 'generate_branch_dim_data', 'scheduled__2025-01-22T00:00:00+00:00', '--job-id', '369', '--raw', '--subdir', 'DAGS_FOLDER/brnach_dim_gen.py', '--cfg-path', '/tmp/tmpmnx5skgz']
[2025-02-08T20:42:25.100+0000] {standard_task_runner.py:105} INFO - Job 369: Subtask generate_branch_dim_data
[2025-02-08T20:42:25.101+0000] {logging_mixin.py:190} WARNING - /home/***/.local/lib/python3.12/site-packages/***/task/task_runner/standard_task_runner.py:70 DeprecationWarning: This process (pid=221) is multi-threaded, use of fork() may lead to deadlocks in the child.
[2025-02-08T20:42:25.102+0000] {standard_task_runner.py:72} INFO - Started process 229 to run task
[2025-02-08T20:42:25.135+0000] {task_command.py:467} INFO - Running <TaskInstance: branch_dim_gen.generate_branch_dim_data scheduled__2025-01-22T00:00:00+00:00 [running]> on host 86932746817d
[2025-02-08T20:42:25.218+0000] {taskinstance.py:3131} INFO - Exporting env vars: AIRFLOW_CTX_DAG_OWNER='Saleh' AIRFLOW_CTX_DAG_ID='branch_dim_gen' AIRFLOW_CTX_TASK_ID='generate_branch_dim_data' AIRFLOW_CTX_EXECUTION_DATE='2025-01-22T00:00:00+00:00' AIRFLOW_CTX_TRY_NUMBER='1' AIRFLOW_CTX_DAG_RUN_ID='scheduled__2025-01-22T00:00:00+00:00'
[2025-02-08T20:42:25.219+0000] {taskinstance.py:731} INFO - ::endgroup::
[2025-02-08T20:42:25.239+0000] {logging_mixin.py:190} INFO - CSV file './branch_dim_large_data.csv' with 50 rows has been generated successfully.
[2025-02-08T20:42:25.240+0000] {python.py:240} INFO - Done. Returned value was: None
[2025-02-08T20:42:25.247+0000] {taskinstance.py:340} INFO - ::group::Post task execution logs
[2025-02-08T20:42:25.248+0000] {taskinstance.py:352} INFO - Marking task as SUCCESS. dag_id=branch_dim_gen, task_id=generate_branch_dim_data, run_id=scheduled__2025-01-22T00:00:00+00:00, execution_date=20250122T000000, start_date=20250208T204225, end_date=20250208T204225
[2025-02-08T20:42:25.276+0000] {local_task_job_runner.py:266} INFO - Task exited with return code 0
[2025-02-08T20:42:25.290+0000] {taskinstance.py:3900} INFO - 0 downstream tasks scheduled from follow-on schedule check
[2025-02-08T20:42:25.292+0000] {local_task_job_runner.py:245} INFO - ::endgroup::
