[2025-02-08T19:02:50.723+0000] {local_task_job_runner.py:123} INFO - ::group::Pre task execution logs
[2025-02-08T19:02:50.746+0000] {taskinstance.py:2612} INFO - Dependencies all met for dep_context=non-requeueable deps ti=<TaskInstance: customer_dim_generator.generate_customer_dim_data scheduled__2024-12-11T00:00:00+00:00 [queued]>
[2025-02-08T19:02:50.756+0000] {taskinstance.py:2612} INFO - Dependencies all met for dep_context=requeueable deps ti=<TaskInstance: customer_dim_generator.generate_customer_dim_data scheduled__2024-12-11T00:00:00+00:00 [queued]>
[2025-02-08T19:02:50.757+0000] {taskinstance.py:2865} INFO - Starting attempt 1 of 1
[2025-02-08T19:02:50.788+0000] {taskinstance.py:2888} INFO - Executing <Task(PythonOperator): generate_customer_dim_data> on 2024-12-11 00:00:00+00:00
[2025-02-08T19:02:50.810+0000] {standard_task_runner.py:104} INFO - Running: ['***', 'tasks', 'run', 'customer_dim_generator', 'generate_customer_dim_data', 'scheduled__2024-12-11T00:00:00+00:00', '--job-id', '287', '--raw', '--subdir', 'DAGS_FOLDER/customer_dim_gen.py', '--cfg-path', '/tmp/tmpbqab5ul_']
[2025-02-08T19:02:50.812+0000] {standard_task_runner.py:105} INFO - Job 287: Subtask generate_customer_dim_data
[2025-02-08T19:02:50.813+0000] {logging_mixin.py:190} WARNING - /home/***/.local/lib/python3.12/site-packages/***/task/task_runner/standard_task_runner.py:70 DeprecationWarning: This process (pid=1712) is multi-threaded, use of fork() may lead to deadlocks in the child.
[2025-02-08T19:02:50.818+0000] {standard_task_runner.py:72} INFO - Started process 1741 to run task
[2025-02-08T19:02:50.913+0000] {task_command.py:467} INFO - Running <TaskInstance: customer_dim_generator.generate_customer_dim_data scheduled__2024-12-11T00:00:00+00:00 [running]> on host 2c1cd59afcc0
[2025-02-08T19:02:51.041+0000] {taskinstance.py:3131} INFO - Exporting env vars: AIRFLOW_CTX_DAG_OWNER='Saleh' AIRFLOW_CTX_DAG_ID='customer_dim_generator' AIRFLOW_CTX_TASK_ID='generate_customer_dim_data' AIRFLOW_CTX_EXECUTION_DATE='2024-12-11T00:00:00+00:00' AIRFLOW_CTX_TRY_NUMBER='1' AIRFLOW_CTX_DAG_RUN_ID='scheduled__2024-12-11T00:00:00+00:00'
[2025-02-08T19:02:51.050+0000] {taskinstance.py:731} INFO - ::endgroup::
[2025-02-08T19:02:51.071+0000] {logging_mixin.py:190} INFO - CSV file './customer_dim_large_data.csv' with 100 rows has been generated successfully.
[2025-02-08T19:02:51.071+0000] {python.py:240} INFO - Done. Returned value was: None
[2025-02-08T19:02:51.081+0000] {taskinstance.py:340} INFO - ::group::Post task execution logs
[2025-02-08T19:02:51.081+0000] {taskinstance.py:352} INFO - Marking task as SUCCESS. dag_id=customer_dim_generator, task_id=generate_customer_dim_data, run_id=scheduled__2024-12-11T00:00:00+00:00, execution_date=20241211T000000, start_date=20250208T190250, end_date=20250208T190251
[2025-02-08T19:02:51.118+0000] {local_task_job_runner.py:266} INFO - Task exited with return code 0
[2025-02-08T19:02:51.137+0000] {taskinstance.py:3900} INFO - 0 downstream tasks scheduled from follow-on schedule check
[2025-02-08T19:02:51.140+0000] {local_task_job_runner.py:245} INFO - ::endgroup::
[2025-02-08T20:40:31.682+0000] {local_task_job_runner.py:123} INFO - ::group::Pre task execution logs
[2025-02-08T20:40:31.696+0000] {taskinstance.py:2612} INFO - Dependencies all met for dep_context=non-requeueable deps ti=<TaskInstance: customer_dim_generator.generate_customer_dim_data scheduled__2024-12-11T00:00:00+00:00 [queued]>
[2025-02-08T20:40:31.705+0000] {taskinstance.py:2612} INFO - Dependencies all met for dep_context=requeueable deps ti=<TaskInstance: customer_dim_generator.generate_customer_dim_data scheduled__2024-12-11T00:00:00+00:00 [queued]>
[2025-02-08T20:40:31.705+0000] {taskinstance.py:2865} INFO - Starting attempt 1 of 1
[2025-02-08T20:40:31.716+0000] {taskinstance.py:2888} INFO - Executing <Task(PythonOperator): generate_customer_dim_data> on 2024-12-11 00:00:00+00:00
[2025-02-08T20:40:31.724+0000] {logging_mixin.py:190} WARNING - /home/***/.local/lib/python3.12/site-packages/***/task/task_runner/standard_task_runner.py:70 DeprecationWarning: This process (pid=1390) is multi-threaded, use of fork() may lead to deadlocks in the child.
[2025-02-08T20:40:31.725+0000] {standard_task_runner.py:72} INFO - Started process 1410 to run task
[2025-02-08T20:40:31.724+0000] {standard_task_runner.py:104} INFO - Running: ['***', 'tasks', 'run', 'customer_dim_generator', 'generate_customer_dim_data', 'scheduled__2024-12-11T00:00:00+00:00', '--job-id', '197', '--raw', '--subdir', 'DAGS_FOLDER/customer_dim_gen.py', '--cfg-path', '/tmp/tmp4tajhvtx']
[2025-02-08T20:40:31.726+0000] {standard_task_runner.py:105} INFO - Job 197: Subtask generate_customer_dim_data
[2025-02-08T20:40:31.762+0000] {task_command.py:467} INFO - Running <TaskInstance: customer_dim_generator.generate_customer_dim_data scheduled__2024-12-11T00:00:00+00:00 [running]> on host 7e959c1a2a8b
[2025-02-08T20:40:31.929+0000] {taskinstance.py:3131} INFO - Exporting env vars: AIRFLOW_CTX_DAG_OWNER='Saleh' AIRFLOW_CTX_DAG_ID='customer_dim_generator' AIRFLOW_CTX_TASK_ID='generate_customer_dim_data' AIRFLOW_CTX_EXECUTION_DATE='2024-12-11T00:00:00+00:00' AIRFLOW_CTX_TRY_NUMBER='1' AIRFLOW_CTX_DAG_RUN_ID='scheduled__2024-12-11T00:00:00+00:00'
[2025-02-08T20:40:31.930+0000] {taskinstance.py:731} INFO - ::endgroup::
[2025-02-08T20:40:31.947+0000] {logging_mixin.py:190} INFO - CSV file './customer_dim_large_data.csv' with 100 rows has been generated successfully.
[2025-02-08T20:40:31.947+0000] {python.py:240} INFO - Done. Returned value was: None
[2025-02-08T20:40:31.955+0000] {taskinstance.py:340} INFO - ::group::Post task execution logs
[2025-02-08T20:40:31.955+0000] {taskinstance.py:352} INFO - Marking task as SUCCESS. dag_id=customer_dim_generator, task_id=generate_customer_dim_data, run_id=scheduled__2024-12-11T00:00:00+00:00, execution_date=20241211T000000, start_date=20250208T204031, end_date=20250208T204031
[2025-02-08T20:40:31.980+0000] {local_task_job_runner.py:266} INFO - Task exited with return code 0
[2025-02-08T20:40:31.992+0000] {taskinstance.py:3900} INFO - 0 downstream tasks scheduled from follow-on schedule check
[2025-02-08T20:40:31.994+0000] {local_task_job_runner.py:245} INFO - ::endgroup::
[2025-02-08T20:43:19.505+0000] {local_task_job_runner.py:123} INFO - ::group::Pre task execution logs
[2025-02-08T20:43:19.520+0000] {taskinstance.py:2612} INFO - Dependencies all met for dep_context=non-requeueable deps ti=<TaskInstance: customer_dim_generator.generate_customer_dim_data scheduled__2024-12-11T00:00:00+00:00 [queued]>
[2025-02-08T20:43:19.528+0000] {taskinstance.py:2612} INFO - Dependencies all met for dep_context=requeueable deps ti=<TaskInstance: customer_dim_generator.generate_customer_dim_data scheduled__2024-12-11T00:00:00+00:00 [queued]>
[2025-02-08T20:43:19.529+0000] {taskinstance.py:2865} INFO - Starting attempt 1 of 1
[2025-02-08T20:43:19.540+0000] {taskinstance.py:2888} INFO - Executing <Task(PythonOperator): generate_customer_dim_data> on 2024-12-11 00:00:00+00:00
[2025-02-08T20:43:19.549+0000] {logging_mixin.py:190} WARNING - /home/***/.local/lib/python3.12/site-packages/***/task/task_runner/standard_task_runner.py:70 DeprecationWarning: This process (pid=653) is multi-threaded, use of fork() may lead to deadlocks in the child.
[2025-02-08T20:43:19.550+0000] {standard_task_runner.py:72} INFO - Started process 671 to run task
[2025-02-08T20:43:19.549+0000] {standard_task_runner.py:104} INFO - Running: ['***', 'tasks', 'run', 'customer_dim_generator', 'generate_customer_dim_data', 'scheduled__2024-12-11T00:00:00+00:00', '--job-id', '470', '--raw', '--subdir', 'DAGS_FOLDER/customer_dim_gen.py', '--cfg-path', '/tmp/tmpu95fpgnq']
[2025-02-08T20:43:19.552+0000] {standard_task_runner.py:105} INFO - Job 470: Subtask generate_customer_dim_data
[2025-02-08T20:43:19.589+0000] {task_command.py:467} INFO - Running <TaskInstance: customer_dim_generator.generate_customer_dim_data scheduled__2024-12-11T00:00:00+00:00 [running]> on host 86932746817d
[2025-02-08T20:43:19.671+0000] {taskinstance.py:3131} INFO - Exporting env vars: AIRFLOW_CTX_DAG_OWNER='Saleh' AIRFLOW_CTX_DAG_ID='customer_dim_generator' AIRFLOW_CTX_TASK_ID='generate_customer_dim_data' AIRFLOW_CTX_EXECUTION_DATE='2024-12-11T00:00:00+00:00' AIRFLOW_CTX_TRY_NUMBER='1' AIRFLOW_CTX_DAG_RUN_ID='scheduled__2024-12-11T00:00:00+00:00'
[2025-02-08T20:43:19.672+0000] {taskinstance.py:731} INFO - ::endgroup::
[2025-02-08T20:43:19.690+0000] {logging_mixin.py:190} INFO - CSV file './customer_dim_large_data.csv' with 100 rows has been generated successfully.
[2025-02-08T20:43:19.690+0000] {python.py:240} INFO - Done. Returned value was: None
[2025-02-08T20:43:19.698+0000] {taskinstance.py:340} INFO - ::group::Post task execution logs
[2025-02-08T20:43:19.699+0000] {taskinstance.py:352} INFO - Marking task as SUCCESS. dag_id=customer_dim_generator, task_id=generate_customer_dim_data, run_id=scheduled__2024-12-11T00:00:00+00:00, execution_date=20241211T000000, start_date=20250208T204319, end_date=20250208T204319
[2025-02-08T20:43:19.725+0000] {local_task_job_runner.py:266} INFO - Task exited with return code 0
[2025-02-08T20:43:19.739+0000] {taskinstance.py:3900} INFO - 0 downstream tasks scheduled from follow-on schedule check
[2025-02-08T20:43:19.741+0000] {local_task_job_runner.py:245} INFO - ::endgroup::
