[2025-02-08T19:03:07.829+0000] {local_task_job_runner.py:123} INFO - ::group::Pre task execution logs
[2025-02-08T19:03:07.847+0000] {taskinstance.py:2612} INFO - Dependencies all met for dep_context=non-requeueable deps ti=<TaskInstance: customer_dim_generator.generate_customer_dim_data scheduled__2025-01-04T00:00:00+00:00 [queued]>
[2025-02-08T19:03:07.859+0000] {taskinstance.py:2612} INFO - Dependencies all met for dep_context=requeueable deps ti=<TaskInstance: customer_dim_generator.generate_customer_dim_data scheduled__2025-01-04T00:00:00+00:00 [queued]>
[2025-02-08T19:03:07.859+0000] {taskinstance.py:2865} INFO - Starting attempt 1 of 1
[2025-02-08T19:03:07.946+0000] {taskinstance.py:2888} INFO - Executing <Task(PythonOperator): generate_customer_dim_data> on 2025-01-04 00:00:00+00:00
[2025-02-08T19:03:07.956+0000] {logging_mixin.py:190} WARNING - /home/***/.local/lib/python3.12/site-packages/***/task/task_runner/standard_task_runner.py:70 DeprecationWarning: This process (pid=1928) is multi-threaded, use of fork() may lead to deadlocks in the child.
[2025-02-08T19:03:07.956+0000] {standard_task_runner.py:104} INFO - Running: ['***', 'tasks', 'run', 'customer_dim_generator', 'generate_customer_dim_data', 'scheduled__2025-01-04T00:00:00+00:00', '--job-id', '336', '--raw', '--subdir', 'DAGS_FOLDER/customer_dim_gen.py', '--cfg-path', '/tmp/tmphf837_gn']
[2025-02-08T19:03:07.958+0000] {standard_task_runner.py:72} INFO - Started process 1947 to run task
[2025-02-08T19:03:07.958+0000] {standard_task_runner.py:105} INFO - Job 336: Subtask generate_customer_dim_data
[2025-02-08T19:03:08.012+0000] {task_command.py:467} INFO - Running <TaskInstance: customer_dim_generator.generate_customer_dim_data scheduled__2025-01-04T00:00:00+00:00 [running]> on host 2c1cd59afcc0
[2025-02-08T19:03:08.116+0000] {taskinstance.py:3131} INFO - Exporting env vars: AIRFLOW_CTX_DAG_OWNER='Saleh' AIRFLOW_CTX_DAG_ID='customer_dim_generator' AIRFLOW_CTX_TASK_ID='generate_customer_dim_data' AIRFLOW_CTX_EXECUTION_DATE='2025-01-04T00:00:00+00:00' AIRFLOW_CTX_TRY_NUMBER='1' AIRFLOW_CTX_DAG_RUN_ID='scheduled__2025-01-04T00:00:00+00:00'
[2025-02-08T19:03:08.117+0000] {taskinstance.py:731} INFO - ::endgroup::
[2025-02-08T19:03:08.149+0000] {logging_mixin.py:190} INFO - CSV file './customer_dim_large_data.csv' with 100 rows has been generated successfully.
[2025-02-08T19:03:08.152+0000] {python.py:240} INFO - Done. Returned value was: None
[2025-02-08T19:03:08.163+0000] {taskinstance.py:340} INFO - ::group::Post task execution logs
[2025-02-08T19:03:08.164+0000] {taskinstance.py:352} INFO - Marking task as SUCCESS. dag_id=customer_dim_generator, task_id=generate_customer_dim_data, run_id=scheduled__2025-01-04T00:00:00+00:00, execution_date=20250104T000000, start_date=20250208T190307, end_date=20250208T190308
[2025-02-08T19:03:08.216+0000] {local_task_job_runner.py:266} INFO - Task exited with return code 0
[2025-02-08T19:03:08.239+0000] {taskinstance.py:3900} INFO - 0 downstream tasks scheduled from follow-on schedule check
[2025-02-08T19:03:08.250+0000] {local_task_job_runner.py:245} INFO - ::endgroup::
[2025-02-08T20:40:49.938+0000] {local_task_job_runner.py:123} INFO - ::group::Pre task execution logs
[2025-02-08T20:40:49.953+0000] {taskinstance.py:2612} INFO - Dependencies all met for dep_context=non-requeueable deps ti=<TaskInstance: customer_dim_generator.generate_customer_dim_data scheduled__2025-01-04T00:00:00+00:00 [queued]>
[2025-02-08T20:40:49.961+0000] {taskinstance.py:2612} INFO - Dependencies all met for dep_context=requeueable deps ti=<TaskInstance: customer_dim_generator.generate_customer_dim_data scheduled__2025-01-04T00:00:00+00:00 [queued]>
[2025-02-08T20:40:49.962+0000] {taskinstance.py:2865} INFO - Starting attempt 1 of 1
[2025-02-08T20:40:49.977+0000] {taskinstance.py:2888} INFO - Executing <Task(PythonOperator): generate_customer_dim_data> on 2025-01-04 00:00:00+00:00
[2025-02-08T20:40:49.986+0000] {logging_mixin.py:190} WARNING - /home/***/.local/lib/python3.12/site-packages/***/task/task_runner/standard_task_runner.py:70 DeprecationWarning: This process (pid=1697) is multi-threaded, use of fork() may lead to deadlocks in the child.
[2025-02-08T20:40:49.987+0000] {standard_task_runner.py:72} INFO - Started process 1717 to run task
[2025-02-08T20:40:49.986+0000] {standard_task_runner.py:104} INFO - Running: ['***', 'tasks', 'run', 'customer_dim_generator', 'generate_customer_dim_data', 'scheduled__2025-01-04T00:00:00+00:00', '--job-id', '268', '--raw', '--subdir', 'DAGS_FOLDER/customer_dim_gen.py', '--cfg-path', '/tmp/tmpzj1_e0rb']
[2025-02-08T20:40:49.988+0000] {standard_task_runner.py:105} INFO - Job 268: Subtask generate_customer_dim_data
[2025-02-08T20:40:50.028+0000] {task_command.py:467} INFO - Running <TaskInstance: customer_dim_generator.generate_customer_dim_data scheduled__2025-01-04T00:00:00+00:00 [running]> on host 7e959c1a2a8b
[2025-02-08T20:40:50.100+0000] {taskinstance.py:3131} INFO - Exporting env vars: AIRFLOW_CTX_DAG_OWNER='Saleh' AIRFLOW_CTX_DAG_ID='customer_dim_generator' AIRFLOW_CTX_TASK_ID='generate_customer_dim_data' AIRFLOW_CTX_EXECUTION_DATE='2025-01-04T00:00:00+00:00' AIRFLOW_CTX_TRY_NUMBER='1' AIRFLOW_CTX_DAG_RUN_ID='scheduled__2025-01-04T00:00:00+00:00'
[2025-02-08T20:40:50.101+0000] {taskinstance.py:731} INFO - ::endgroup::
[2025-02-08T20:40:50.119+0000] {logging_mixin.py:190} INFO - CSV file './customer_dim_large_data.csv' with 100 rows has been generated successfully.
[2025-02-08T20:40:50.119+0000] {python.py:240} INFO - Done. Returned value was: None
[2025-02-08T20:40:50.127+0000] {taskinstance.py:340} INFO - ::group::Post task execution logs
[2025-02-08T20:40:50.128+0000] {taskinstance.py:352} INFO - Marking task as SUCCESS. dag_id=customer_dim_generator, task_id=generate_customer_dim_data, run_id=scheduled__2025-01-04T00:00:00+00:00, execution_date=20250104T000000, start_date=20250208T204049, end_date=20250208T204050
[2025-02-08T20:40:50.165+0000] {local_task_job_runner.py:266} INFO - Task exited with return code 0
[2025-02-08T20:40:50.182+0000] {taskinstance.py:3900} INFO - 0 downstream tasks scheduled from follow-on schedule check
[2025-02-08T20:40:50.185+0000] {local_task_job_runner.py:245} INFO - ::endgroup::
[2025-02-08T20:43:32.688+0000] {local_task_job_runner.py:123} INFO - ::group::Pre task execution logs
[2025-02-08T20:43:32.703+0000] {taskinstance.py:2612} INFO - Dependencies all met for dep_context=non-requeueable deps ti=<TaskInstance: customer_dim_generator.generate_customer_dim_data scheduled__2025-01-04T00:00:00+00:00 [queued]>
[2025-02-08T20:43:32.710+0000] {taskinstance.py:2612} INFO - Dependencies all met for dep_context=requeueable deps ti=<TaskInstance: customer_dim_generator.generate_customer_dim_data scheduled__2025-01-04T00:00:00+00:00 [queued]>
[2025-02-08T20:43:32.711+0000] {taskinstance.py:2865} INFO - Starting attempt 1 of 1
[2025-02-08T20:43:32.723+0000] {taskinstance.py:2888} INFO - Executing <Task(PythonOperator): generate_customer_dim_data> on 2025-01-04 00:00:00+00:00
[2025-02-08T20:43:32.732+0000] {logging_mixin.py:190} WARNING - /home/***/.local/lib/python3.12/site-packages/***/task/task_runner/standard_task_runner.py:70 DeprecationWarning: This process (pid=772) is multi-threaded, use of fork() may lead to deadlocks in the child.
[2025-02-08T20:43:32.733+0000] {standard_task_runner.py:72} INFO - Started process 790 to run task
[2025-02-08T20:43:32.732+0000] {standard_task_runner.py:104} INFO - Running: ['***', 'tasks', 'run', 'customer_dim_generator', 'generate_customer_dim_data', 'scheduled__2025-01-04T00:00:00+00:00', '--job-id', '494', '--raw', '--subdir', 'DAGS_FOLDER/customer_dim_gen.py', '--cfg-path', '/tmp/tmpqrqlarhd']
[2025-02-08T20:43:32.734+0000] {standard_task_runner.py:105} INFO - Job 494: Subtask generate_customer_dim_data
[2025-02-08T20:43:32.774+0000] {task_command.py:467} INFO - Running <TaskInstance: customer_dim_generator.generate_customer_dim_data scheduled__2025-01-04T00:00:00+00:00 [running]> on host 86932746817d
[2025-02-08T20:43:32.849+0000] {taskinstance.py:3131} INFO - Exporting env vars: AIRFLOW_CTX_DAG_OWNER='Saleh' AIRFLOW_CTX_DAG_ID='customer_dim_generator' AIRFLOW_CTX_TASK_ID='generate_customer_dim_data' AIRFLOW_CTX_EXECUTION_DATE='2025-01-04T00:00:00+00:00' AIRFLOW_CTX_TRY_NUMBER='1' AIRFLOW_CTX_DAG_RUN_ID='scheduled__2025-01-04T00:00:00+00:00'
[2025-02-08T20:43:32.850+0000] {taskinstance.py:731} INFO - ::endgroup::
[2025-02-08T20:43:32.870+0000] {logging_mixin.py:190} INFO - CSV file './customer_dim_large_data.csv' with 100 rows has been generated successfully.
[2025-02-08T20:43:32.870+0000] {python.py:240} INFO - Done. Returned value was: None
[2025-02-08T20:43:32.878+0000] {taskinstance.py:340} INFO - ::group::Post task execution logs
[2025-02-08T20:43:32.878+0000] {taskinstance.py:352} INFO - Marking task as SUCCESS. dag_id=customer_dim_generator, task_id=generate_customer_dim_data, run_id=scheduled__2025-01-04T00:00:00+00:00, execution_date=20250104T000000, start_date=20250208T204332, end_date=20250208T204332
[2025-02-08T20:43:32.907+0000] {local_task_job_runner.py:266} INFO - Task exited with return code 0
[2025-02-08T20:43:32.919+0000] {taskinstance.py:3900} INFO - 0 downstream tasks scheduled from follow-on schedule check
[2025-02-08T20:43:32.921+0000] {local_task_job_runner.py:245} INFO - ::endgroup::
