[2025-02-08T19:02:58.211+0000] {local_task_job_runner.py:123} INFO - ::group::Pre task execution logs
[2025-02-08T19:02:58.228+0000] {taskinstance.py:2612} INFO - Dependencies all met for dep_context=non-requeueable deps ti=<TaskInstance: branch_dim_gen.generate_branch_dim_data scheduled__2024-12-01T00:00:00+00:00 [queued]>
[2025-02-08T19:02:58.242+0000] {taskinstance.py:2612} INFO - Dependencies all met for dep_context=requeueable deps ti=<TaskInstance: branch_dim_gen.generate_branch_dim_data scheduled__2024-12-01T00:00:00+00:00 [queued]>
[2025-02-08T19:02:58.242+0000] {taskinstance.py:2865} INFO - Starting attempt 1 of 1
[2025-02-08T19:02:58.255+0000] {taskinstance.py:2888} INFO - Executing <Task(PythonOperator): generate_branch_dim_data> on 2024-12-01 00:00:00+00:00
[2025-02-08T19:02:58.264+0000] {logging_mixin.py:190} WARNING - /home/***/.local/lib/python3.12/site-packages/***/task/task_runner/standard_task_runner.py:70 DeprecationWarning: This process (pid=1817) is multi-threaded, use of fork() may lead to deadlocks in the child.
[2025-02-08T19:02:58.265+0000] {standard_task_runner.py:72} INFO - Started process 1835 to run task
[2025-02-08T19:02:58.264+0000] {standard_task_runner.py:104} INFO - Running: ['***', 'tasks', 'run', 'branch_dim_gen', 'generate_branch_dim_data', 'scheduled__2024-12-01T00:00:00+00:00', '--job-id', '312', '--raw', '--subdir', 'DAGS_FOLDER/brnach_dim_gen.py', '--cfg-path', '/tmp/tmp0z2cwul3']
[2025-02-08T19:02:58.266+0000] {standard_task_runner.py:105} INFO - Job 312: Subtask generate_branch_dim_data
[2025-02-08T19:02:58.306+0000] {task_command.py:467} INFO - Running <TaskInstance: branch_dim_gen.generate_branch_dim_data scheduled__2024-12-01T00:00:00+00:00 [running]> on host 2c1cd59afcc0
[2025-02-08T19:02:58.379+0000] {taskinstance.py:3131} INFO - Exporting env vars: AIRFLOW_CTX_DAG_OWNER='Saleh' AIRFLOW_CTX_DAG_ID='branch_dim_gen' AIRFLOW_CTX_TASK_ID='generate_branch_dim_data' AIRFLOW_CTX_EXECUTION_DATE='2024-12-01T00:00:00+00:00' AIRFLOW_CTX_TRY_NUMBER='1' AIRFLOW_CTX_DAG_RUN_ID='scheduled__2024-12-01T00:00:00+00:00'
[2025-02-08T19:02:58.380+0000] {taskinstance.py:731} INFO - ::endgroup::
[2025-02-08T19:02:58.398+0000] {logging_mixin.py:190} INFO - CSV file './branch_dim_large_data.csv' with 50 rows has been generated successfully.
[2025-02-08T19:02:58.398+0000] {python.py:240} INFO - Done. Returned value was: None
[2025-02-08T19:02:58.405+0000] {taskinstance.py:340} INFO - ::group::Post task execution logs
[2025-02-08T19:02:58.406+0000] {taskinstance.py:352} INFO - Marking task as SUCCESS. dag_id=branch_dim_gen, task_id=generate_branch_dim_data, run_id=scheduled__2024-12-01T00:00:00+00:00, execution_date=20241201T000000, start_date=20250208T190258, end_date=20250208T190258
[2025-02-08T19:02:58.439+0000] {local_task_job_runner.py:266} INFO - Task exited with return code 0
[2025-02-08T19:02:58.446+0000] {local_task_job_runner.py:245} INFO - ::endgroup::
[2025-02-08T20:40:43.610+0000] {local_task_job_runner.py:123} INFO - ::group::Pre task execution logs
[2025-02-08T20:40:43.635+0000] {taskinstance.py:2612} INFO - Dependencies all met for dep_context=non-requeueable deps ti=<TaskInstance: branch_dim_gen.generate_branch_dim_data scheduled__2024-12-01T00:00:00+00:00 [queued]>
[2025-02-08T20:40:43.650+0000] {taskinstance.py:2612} INFO - Dependencies all met for dep_context=requeueable deps ti=<TaskInstance: branch_dim_gen.generate_branch_dim_data scheduled__2024-12-01T00:00:00+00:00 [queued]>
[2025-02-08T20:40:43.650+0000] {taskinstance.py:2865} INFO - Starting attempt 1 of 1
[2025-02-08T20:40:43.667+0000] {taskinstance.py:2888} INFO - Executing <Task(PythonOperator): generate_branch_dim_data> on 2024-12-01 00:00:00+00:00
[2025-02-08T20:40:43.679+0000] {logging_mixin.py:190} WARNING - /home/***/.local/lib/python3.12/site-packages/***/task/task_runner/standard_task_runner.py:70 DeprecationWarning: This process (pid=1581) is multi-threaded, use of fork() may lead to deadlocks in the child.
[2025-02-08T20:40:43.680+0000] {standard_task_runner.py:72} INFO - Started process 1611 to run task
[2025-02-08T20:40:43.679+0000] {standard_task_runner.py:104} INFO - Running: ['***', 'tasks', 'run', 'branch_dim_gen', 'generate_branch_dim_data', 'scheduled__2024-12-01T00:00:00+00:00', '--job-id', '240', '--raw', '--subdir', 'DAGS_FOLDER/brnach_dim_gen.py', '--cfg-path', '/tmp/tmpe62vwvvw']
[2025-02-08T20:40:43.682+0000] {standard_task_runner.py:105} INFO - Job 240: Subtask generate_branch_dim_data
[2025-02-08T20:40:43.753+0000] {task_command.py:467} INFO - Running <TaskInstance: branch_dim_gen.generate_branch_dim_data scheduled__2024-12-01T00:00:00+00:00 [running]> on host 7e959c1a2a8b
[2025-02-08T20:40:43.875+0000] {taskinstance.py:3131} INFO - Exporting env vars: AIRFLOW_CTX_DAG_OWNER='Saleh' AIRFLOW_CTX_DAG_ID='branch_dim_gen' AIRFLOW_CTX_TASK_ID='generate_branch_dim_data' AIRFLOW_CTX_EXECUTION_DATE='2024-12-01T00:00:00+00:00' AIRFLOW_CTX_TRY_NUMBER='1' AIRFLOW_CTX_DAG_RUN_ID='scheduled__2024-12-01T00:00:00+00:00'
[2025-02-08T20:40:43.877+0000] {taskinstance.py:731} INFO - ::endgroup::
[2025-02-08T20:40:43.901+0000] {logging_mixin.py:190} INFO - CSV file './branch_dim_large_data.csv' with 50 rows has been generated successfully.
[2025-02-08T20:40:43.903+0000] {python.py:240} INFO - Done. Returned value was: None
[2025-02-08T20:40:43.912+0000] {taskinstance.py:340} INFO - ::group::Post task execution logs
[2025-02-08T20:40:43.913+0000] {taskinstance.py:352} INFO - Marking task as SUCCESS. dag_id=branch_dim_gen, task_id=generate_branch_dim_data, run_id=scheduled__2024-12-01T00:00:00+00:00, execution_date=20241201T000000, start_date=20250208T204043, end_date=20250208T204043
[2025-02-08T20:40:43.939+0000] {local_task_job_runner.py:266} INFO - Task exited with return code 0
[2025-02-08T20:40:43.956+0000] {taskinstance.py:3900} INFO - 0 downstream tasks scheduled from follow-on schedule check
[2025-02-08T20:40:43.960+0000] {local_task_job_runner.py:245} INFO - ::endgroup::
