[2025-02-08T19:03:02.614+0000] {local_task_job_runner.py:123} INFO - ::group::Pre task execution logs
[2025-02-08T19:03:02.629+0000] {taskinstance.py:2612} INFO - Dependencies all met for dep_context=non-requeueable deps ti=<TaskInstance: branch_dim_gen.generate_branch_dim_data scheduled__2024-12-11T00:00:00+00:00 [queued]>
[2025-02-08T19:03:02.637+0000] {taskinstance.py:2612} INFO - Dependencies all met for dep_context=requeueable deps ti=<TaskInstance: branch_dim_gen.generate_branch_dim_data scheduled__2024-12-11T00:00:00+00:00 [queued]>
[2025-02-08T19:03:02.638+0000] {taskinstance.py:2865} INFO - Starting attempt 1 of 1
[2025-02-08T19:03:02.649+0000] {taskinstance.py:2888} INFO - Executing <Task(PythonOperator): generate_branch_dim_data> on 2024-12-11 00:00:00+00:00
[2025-02-08T19:03:02.657+0000] {logging_mixin.py:190} WARNING - /home/***/.local/lib/python3.12/site-packages/***/task/task_runner/standard_task_runner.py:70 DeprecationWarning: This process (pid=1901) is multi-threaded, use of fork() may lead to deadlocks in the child.
[2025-02-08T19:03:02.658+0000] {standard_task_runner.py:72} INFO - Started process 1915 to run task
[2025-02-08T19:03:02.657+0000] {standard_task_runner.py:104} INFO - Running: ['***', 'tasks', 'run', 'branch_dim_gen', 'generate_branch_dim_data', 'scheduled__2024-12-11T00:00:00+00:00', '--job-id', '332', '--raw', '--subdir', 'DAGS_FOLDER/brnach_dim_gen.py', '--cfg-path', '/tmp/tmp0j1iy7je']
[2025-02-08T19:03:02.659+0000] {standard_task_runner.py:105} INFO - Job 332: Subtask generate_branch_dim_data
[2025-02-08T19:03:02.696+0000] {task_command.py:467} INFO - Running <TaskInstance: branch_dim_gen.generate_branch_dim_data scheduled__2024-12-11T00:00:00+00:00 [running]> on host 2c1cd59afcc0
[2025-02-08T19:03:02.762+0000] {taskinstance.py:3131} INFO - Exporting env vars: AIRFLOW_CTX_DAG_OWNER='Saleh' AIRFLOW_CTX_DAG_ID='branch_dim_gen' AIRFLOW_CTX_TASK_ID='generate_branch_dim_data' AIRFLOW_CTX_EXECUTION_DATE='2024-12-11T00:00:00+00:00' AIRFLOW_CTX_TRY_NUMBER='1' AIRFLOW_CTX_DAG_RUN_ID='scheduled__2024-12-11T00:00:00+00:00'
[2025-02-08T19:03:02.763+0000] {taskinstance.py:731} INFO - ::endgroup::
[2025-02-08T19:03:02.780+0000] {logging_mixin.py:190} INFO - CSV file './branch_dim_large_data.csv' with 50 rows has been generated successfully.
[2025-02-08T19:03:02.780+0000] {python.py:240} INFO - Done. Returned value was: None
[2025-02-08T19:03:02.787+0000] {taskinstance.py:340} INFO - ::group::Post task execution logs
[2025-02-08T19:03:02.788+0000] {taskinstance.py:352} INFO - Marking task as SUCCESS. dag_id=branch_dim_gen, task_id=generate_branch_dim_data, run_id=scheduled__2024-12-11T00:00:00+00:00, execution_date=20241211T000000, start_date=20250208T190302, end_date=20250208T190302
[2025-02-08T19:03:02.832+0000] {local_task_job_runner.py:266} INFO - Task exited with return code 0
[2025-02-08T19:03:02.846+0000] {taskinstance.py:3900} INFO - 0 downstream tasks scheduled from follow-on schedule check
[2025-02-08T19:03:02.849+0000] {local_task_job_runner.py:245} INFO - ::endgroup::
[2025-02-08T20:40:50.877+0000] {local_task_job_runner.py:123} INFO - ::group::Pre task execution logs
[2025-02-08T20:40:50.890+0000] {taskinstance.py:2612} INFO - Dependencies all met for dep_context=non-requeueable deps ti=<TaskInstance: branch_dim_gen.generate_branch_dim_data scheduled__2024-12-11T00:00:00+00:00 [queued]>
[2025-02-08T20:40:50.898+0000] {taskinstance.py:2612} INFO - Dependencies all met for dep_context=requeueable deps ti=<TaskInstance: branch_dim_gen.generate_branch_dim_data scheduled__2024-12-11T00:00:00+00:00 [queued]>
[2025-02-08T20:40:50.898+0000] {taskinstance.py:2865} INFO - Starting attempt 1 of 1
[2025-02-08T20:40:50.909+0000] {taskinstance.py:2888} INFO - Executing <Task(PythonOperator): generate_branch_dim_data> on 2024-12-11 00:00:00+00:00
[2025-02-08T20:40:50.918+0000] {logging_mixin.py:190} WARNING - /home/***/.local/lib/python3.12/site-packages/***/task/task_runner/standard_task_runner.py:70 DeprecationWarning: This process (pid=1725) is multi-threaded, use of fork() may lead to deadlocks in the child.
[2025-02-08T20:40:50.919+0000] {standard_task_runner.py:72} INFO - Started process 1733 to run task
[2025-02-08T20:40:50.918+0000] {standard_task_runner.py:104} INFO - Running: ['***', 'tasks', 'run', 'branch_dim_gen', 'generate_branch_dim_data', 'scheduled__2024-12-11T00:00:00+00:00', '--job-id', '272', '--raw', '--subdir', 'DAGS_FOLDER/brnach_dim_gen.py', '--cfg-path', '/tmp/tmpuzn_s1p_']
[2025-02-08T20:40:50.920+0000] {standard_task_runner.py:105} INFO - Job 272: Subtask generate_branch_dim_data
[2025-02-08T20:40:50.957+0000] {task_command.py:467} INFO - Running <TaskInstance: branch_dim_gen.generate_branch_dim_data scheduled__2024-12-11T00:00:00+00:00 [running]> on host 7e959c1a2a8b
[2025-02-08T20:40:51.020+0000] {taskinstance.py:3131} INFO - Exporting env vars: AIRFLOW_CTX_DAG_OWNER='Saleh' AIRFLOW_CTX_DAG_ID='branch_dim_gen' AIRFLOW_CTX_TASK_ID='generate_branch_dim_data' AIRFLOW_CTX_EXECUTION_DATE='2024-12-11T00:00:00+00:00' AIRFLOW_CTX_TRY_NUMBER='1' AIRFLOW_CTX_DAG_RUN_ID='scheduled__2024-12-11T00:00:00+00:00'
[2025-02-08T20:40:51.021+0000] {taskinstance.py:731} INFO - ::endgroup::
[2025-02-08T20:40:51.035+0000] {logging_mixin.py:190} INFO - CSV file './branch_dim_large_data.csv' with 50 rows has been generated successfully.
[2025-02-08T20:40:51.035+0000] {python.py:240} INFO - Done. Returned value was: None
[2025-02-08T20:40:51.041+0000] {taskinstance.py:340} INFO - ::group::Post task execution logs
[2025-02-08T20:40:51.042+0000] {taskinstance.py:352} INFO - Marking task as SUCCESS. dag_id=branch_dim_gen, task_id=generate_branch_dim_data, run_id=scheduled__2024-12-11T00:00:00+00:00, execution_date=20241211T000000, start_date=20250208T204050, end_date=20250208T204051
[2025-02-08T20:40:51.093+0000] {local_task_job_runner.py:266} INFO - Task exited with return code 0
[2025-02-08T20:40:51.105+0000] {taskinstance.py:3900} INFO - 0 downstream tasks scheduled from follow-on schedule check
[2025-02-08T20:40:51.107+0000] {local_task_job_runner.py:245} INFO - ::endgroup::
